[2024-10-14T21:19:50.669+0000] {processor.py:161} INFO - Started process (PID=80) to work on /opt/airflow/dags/dag_get_weather.py
[2024-10-14T21:19:50.672+0000] {processor.py:830} INFO - Processing file /opt/airflow/dags/dag_get_weather.py for tasks to queue
[2024-10-14T21:19:50.674+0000] {logging_mixin.py:188} INFO - [2024-10-14T21:19:50.674+0000] {dagbag.py:538} INFO - Filling up the DagBag from /opt/airflow/dags/dag_get_weather.py
[2024-10-14T21:19:52.491+0000] {processor.py:840} INFO - DAG(s) 'dag_get_weather_data' retrieved from /opt/airflow/dags/dag_get_weather.py
[2024-10-14T21:19:52.576+0000] {logging_mixin.py:188} INFO - [2024-10-14T21:19:52.575+0000] {dag.py:3036} INFO - Sync 1 DAGs
[2024-10-14T21:19:52.593+0000] {logging_mixin.py:188} INFO - [2024-10-14T21:19:52.592+0000] {dag.py:3823} INFO - Setting next_dagrun for dag_get_weather_data to 2024-10-14 20:00:00+00:00, run_after=2024-10-14 21:00:00+00:00
[2024-10-14T21:19:52.608+0000] {processor.py:183} INFO - Processing /opt/airflow/dags/dag_get_weather.py took 1.945 seconds
[2024-10-14T21:20:22.686+0000] {processor.py:161} INFO - Started process (PID=170) to work on /opt/airflow/dags/dag_get_weather.py
[2024-10-14T21:20:22.686+0000] {processor.py:830} INFO - Processing file /opt/airflow/dags/dag_get_weather.py for tasks to queue
[2024-10-14T21:20:22.688+0000] {logging_mixin.py:188} INFO - [2024-10-14T21:20:22.687+0000] {dagbag.py:538} INFO - Filling up the DagBag from /opt/airflow/dags/dag_get_weather.py
[2024-10-14T21:20:23.334+0000] {processor.py:840} INFO - DAG(s) 'dag_get_weather_data' retrieved from /opt/airflow/dags/dag_get_weather.py
[2024-10-14T21:20:23.355+0000] {logging_mixin.py:188} INFO - [2024-10-14T21:20:23.355+0000] {dag.py:3036} INFO - Sync 1 DAGs
[2024-10-14T21:20:23.376+0000] {logging_mixin.py:188} INFO - [2024-10-14T21:20:23.376+0000] {dag.py:3823} INFO - Setting next_dagrun for dag_get_weather_data to 2024-10-14 20:00:00+00:00, run_after=2024-10-14 21:00:00+00:00
[2024-10-14T21:20:23.389+0000] {processor.py:183} INFO - Processing /opt/airflow/dags/dag_get_weather.py took 0.706 seconds
[2024-10-14T21:20:53.814+0000] {processor.py:161} INFO - Started process (PID=250) to work on /opt/airflow/dags/dag_get_weather.py
[2024-10-14T21:20:53.817+0000] {processor.py:830} INFO - Processing file /opt/airflow/dags/dag_get_weather.py for tasks to queue
[2024-10-14T21:20:53.819+0000] {logging_mixin.py:188} INFO - [2024-10-14T21:20:53.819+0000] {dagbag.py:538} INFO - Filling up the DagBag from /opt/airflow/dags/dag_get_weather.py
[2024-10-14T21:20:54.750+0000] {processor.py:840} INFO - DAG(s) 'dag_get_weather_data' retrieved from /opt/airflow/dags/dag_get_weather.py
[2024-10-14T21:20:54.775+0000] {logging_mixin.py:188} INFO - [2024-10-14T21:20:54.774+0000] {dag.py:3036} INFO - Sync 1 DAGs
[2024-10-14T21:20:54.794+0000] {logging_mixin.py:188} INFO - [2024-10-14T21:20:54.793+0000] {dag.py:3823} INFO - Setting next_dagrun for dag_get_weather_data to 2024-10-14 20:00:00+00:00, run_after=2024-10-14 21:00:00+00:00
[2024-10-14T21:20:54.807+0000] {processor.py:183} INFO - Processing /opt/airflow/dags/dag_get_weather.py took 0.996 seconds
[2024-10-14T21:21:25.151+0000] {processor.py:161} INFO - Started process (PID=327) to work on /opt/airflow/dags/dag_get_weather.py
[2024-10-14T21:21:25.154+0000] {processor.py:830} INFO - Processing file /opt/airflow/dags/dag_get_weather.py for tasks to queue
[2024-10-14T21:21:25.156+0000] {logging_mixin.py:188} INFO - [2024-10-14T21:21:25.155+0000] {dagbag.py:538} INFO - Filling up the DagBag from /opt/airflow/dags/dag_get_weather.py
[2024-10-14T21:21:25.798+0000] {processor.py:840} INFO - DAG(s) 'dag_get_weather_data' retrieved from /opt/airflow/dags/dag_get_weather.py
[2024-10-14T21:21:25.811+0000] {logging_mixin.py:188} INFO - [2024-10-14T21:21:25.811+0000] {dag.py:3036} INFO - Sync 1 DAGs
[2024-10-14T21:21:25.827+0000] {logging_mixin.py:188} INFO - [2024-10-14T21:21:25.827+0000] {dag.py:3823} INFO - Setting next_dagrun for dag_get_weather_data to 2024-10-14 20:00:00+00:00, run_after=2024-10-14 21:00:00+00:00
[2024-10-14T21:21:25.840+0000] {processor.py:183} INFO - Processing /opt/airflow/dags/dag_get_weather.py took 0.692 seconds
[2024-10-14T21:21:55.927+0000] {processor.py:161} INFO - Started process (PID=414) to work on /opt/airflow/dags/dag_get_weather.py
[2024-10-14T21:21:55.928+0000] {processor.py:830} INFO - Processing file /opt/airflow/dags/dag_get_weather.py for tasks to queue
[2024-10-14T21:21:55.932+0000] {logging_mixin.py:188} INFO - [2024-10-14T21:21:55.932+0000] {dagbag.py:538} INFO - Filling up the DagBag from /opt/airflow/dags/dag_get_weather.py
[2024-10-14T21:21:56.945+0000] {processor.py:840} INFO - DAG(s) 'dag_get_weather_data' retrieved from /opt/airflow/dags/dag_get_weather.py
[2024-10-14T21:21:56.968+0000] {logging_mixin.py:188} INFO - [2024-10-14T21:21:56.967+0000] {dag.py:3036} INFO - Sync 1 DAGs
[2024-10-14T21:21:56.999+0000] {logging_mixin.py:188} INFO - [2024-10-14T21:21:56.999+0000] {dag.py:3823} INFO - Setting next_dagrun for dag_get_weather_data to 2024-10-14 20:00:00+00:00, run_after=2024-10-14 21:00:00+00:00
[2024-10-14T21:21:57.026+0000] {processor.py:183} INFO - Processing /opt/airflow/dags/dag_get_weather.py took 1.106 seconds
[2024-10-14T21:22:27.078+0000] {processor.py:161} INFO - Started process (PID=488) to work on /opt/airflow/dags/dag_get_weather.py
[2024-10-14T21:22:27.080+0000] {processor.py:830} INFO - Processing file /opt/airflow/dags/dag_get_weather.py for tasks to queue
[2024-10-14T21:22:27.081+0000] {logging_mixin.py:188} INFO - [2024-10-14T21:22:27.081+0000] {dagbag.py:538} INFO - Filling up the DagBag from /opt/airflow/dags/dag_get_weather.py
[2024-10-14T21:22:27.926+0000] {processor.py:840} INFO - DAG(s) 'dag_get_weather_data' retrieved from /opt/airflow/dags/dag_get_weather.py
[2024-10-14T21:22:27.940+0000] {logging_mixin.py:188} INFO - [2024-10-14T21:22:27.939+0000] {dag.py:3036} INFO - Sync 1 DAGs
[2024-10-14T21:22:27.955+0000] {logging_mixin.py:188} INFO - [2024-10-14T21:22:27.955+0000] {dag.py:3823} INFO - Setting next_dagrun for dag_get_weather_data to 2024-10-14 21:00:00+00:00, run_after=2024-10-14 22:00:00+00:00
[2024-10-14T21:22:27.969+0000] {processor.py:183} INFO - Processing /opt/airflow/dags/dag_get_weather.py took 0.897 seconds
[2024-10-14T21:22:58.399+0000] {processor.py:161} INFO - Started process (PID=578) to work on /opt/airflow/dags/dag_get_weather.py
[2024-10-14T21:22:58.400+0000] {processor.py:830} INFO - Processing file /opt/airflow/dags/dag_get_weather.py for tasks to queue
[2024-10-14T21:22:58.401+0000] {logging_mixin.py:188} INFO - [2024-10-14T21:22:58.401+0000] {dagbag.py:538} INFO - Filling up the DagBag from /opt/airflow/dags/dag_get_weather.py
[2024-10-14T21:22:59.548+0000] {processor.py:840} INFO - DAG(s) 'dag_get_weather_data' retrieved from /opt/airflow/dags/dag_get_weather.py
[2024-10-14T21:22:59.584+0000] {logging_mixin.py:188} INFO - [2024-10-14T21:22:59.583+0000] {dag.py:3036} INFO - Sync 1 DAGs
[2024-10-14T21:22:59.632+0000] {logging_mixin.py:188} INFO - [2024-10-14T21:22:59.632+0000] {dag.py:3823} INFO - Setting next_dagrun for dag_get_weather_data to 2024-10-14 21:00:00+00:00, run_after=2024-10-14 22:00:00+00:00
[2024-10-14T21:22:59.665+0000] {processor.py:183} INFO - Processing /opt/airflow/dags/dag_get_weather.py took 1.270 seconds
[2024-10-14T21:23:29.717+0000] {processor.py:161} INFO - Started process (PID=654) to work on /opt/airflow/dags/dag_get_weather.py
[2024-10-14T21:23:29.720+0000] {processor.py:830} INFO - Processing file /opt/airflow/dags/dag_get_weather.py for tasks to queue
[2024-10-14T21:23:29.721+0000] {logging_mixin.py:188} INFO - [2024-10-14T21:23:29.721+0000] {dagbag.py:538} INFO - Filling up the DagBag from /opt/airflow/dags/dag_get_weather.py
[2024-10-14T21:23:30.618+0000] {processor.py:840} INFO - DAG(s) 'dag_get_weather_data' retrieved from /opt/airflow/dags/dag_get_weather.py
[2024-10-14T21:23:30.640+0000] {logging_mixin.py:188} INFO - [2024-10-14T21:23:30.639+0000] {dag.py:3036} INFO - Sync 1 DAGs
[2024-10-14T21:23:30.665+0000] {logging_mixin.py:188} INFO - [2024-10-14T21:23:30.664+0000] {dag.py:3823} INFO - Setting next_dagrun for dag_get_weather_data to 2024-10-14 21:00:00+00:00, run_after=2024-10-14 22:00:00+00:00
[2024-10-14T21:23:30.684+0000] {processor.py:183} INFO - Processing /opt/airflow/dags/dag_get_weather.py took 0.970 seconds
[2024-10-14T21:24:01.111+0000] {processor.py:161} INFO - Started process (PID=744) to work on /opt/airflow/dags/dag_get_weather.py
[2024-10-14T21:24:01.112+0000] {processor.py:830} INFO - Processing file /opt/airflow/dags/dag_get_weather.py for tasks to queue
[2024-10-14T21:24:01.113+0000] {logging_mixin.py:188} INFO - [2024-10-14T21:24:01.113+0000] {dagbag.py:538} INFO - Filling up the DagBag from /opt/airflow/dags/dag_get_weather.py
[2024-10-14T21:24:01.945+0000] {processor.py:840} INFO - DAG(s) 'dag_get_weather_data' retrieved from /opt/airflow/dags/dag_get_weather.py
[2024-10-14T21:24:01.959+0000] {logging_mixin.py:188} INFO - [2024-10-14T21:24:01.959+0000] {dag.py:3036} INFO - Sync 1 DAGs
[2024-10-14T21:24:01.976+0000] {logging_mixin.py:188} INFO - [2024-10-14T21:24:01.976+0000] {dag.py:3823} INFO - Setting next_dagrun for dag_get_weather_data to 2024-10-14 21:00:00+00:00, run_after=2024-10-14 22:00:00+00:00
[2024-10-14T21:24:01.992+0000] {processor.py:183} INFO - Processing /opt/airflow/dags/dag_get_weather.py took 0.884 seconds
[2024-10-14T21:24:32.801+0000] {processor.py:161} INFO - Started process (PID=822) to work on /opt/airflow/dags/dag_get_weather.py
[2024-10-14T21:24:32.802+0000] {processor.py:830} INFO - Processing file /opt/airflow/dags/dag_get_weather.py for tasks to queue
[2024-10-14T21:24:32.804+0000] {logging_mixin.py:188} INFO - [2024-10-14T21:24:32.803+0000] {dagbag.py:538} INFO - Filling up the DagBag from /opt/airflow/dags/dag_get_weather.py
[2024-10-14T21:24:33.818+0000] {processor.py:840} INFO - DAG(s) 'dag_get_weather_data' retrieved from /opt/airflow/dags/dag_get_weather.py
[2024-10-14T21:24:33.847+0000] {logging_mixin.py:188} INFO - [2024-10-14T21:24:33.845+0000] {dag.py:3036} INFO - Sync 1 DAGs
[2024-10-14T21:24:33.882+0000] {logging_mixin.py:188} INFO - [2024-10-14T21:24:33.881+0000] {dag.py:3823} INFO - Setting next_dagrun for dag_get_weather_data to 2024-10-14 21:00:00+00:00, run_after=2024-10-14 22:00:00+00:00
[2024-10-14T21:24:33.905+0000] {processor.py:183} INFO - Processing /opt/airflow/dags/dag_get_weather.py took 1.107 seconds
[2024-10-14T21:25:04.918+0000] {processor.py:161} INFO - Started process (PID=912) to work on /opt/airflow/dags/dag_get_weather.py
[2024-10-14T21:25:04.921+0000] {processor.py:830} INFO - Processing file /opt/airflow/dags/dag_get_weather.py for tasks to queue
[2024-10-14T21:25:04.923+0000] {logging_mixin.py:188} INFO - [2024-10-14T21:25:04.923+0000] {dagbag.py:538} INFO - Filling up the DagBag from /opt/airflow/dags/dag_get_weather.py
[2024-10-14T21:25:05.784+0000] {processor.py:840} INFO - DAG(s) 'dag_get_weather_data' retrieved from /opt/airflow/dags/dag_get_weather.py
[2024-10-14T21:25:05.801+0000] {logging_mixin.py:188} INFO - [2024-10-14T21:25:05.800+0000] {dag.py:3036} INFO - Sync 1 DAGs
[2024-10-14T21:25:05.818+0000] {logging_mixin.py:188} INFO - [2024-10-14T21:25:05.818+0000] {dag.py:3823} INFO - Setting next_dagrun for dag_get_weather_data to 2024-10-14 21:00:00+00:00, run_after=2024-10-14 22:00:00+00:00
[2024-10-14T21:25:05.834+0000] {processor.py:183} INFO - Processing /opt/airflow/dags/dag_get_weather.py took 0.919 seconds
[2024-10-14T21:25:36.238+0000] {processor.py:161} INFO - Started process (PID=988) to work on /opt/airflow/dags/dag_get_weather.py
[2024-10-14T21:25:36.238+0000] {processor.py:830} INFO - Processing file /opt/airflow/dags/dag_get_weather.py for tasks to queue
[2024-10-14T21:25:36.241+0000] {logging_mixin.py:188} INFO - [2024-10-14T21:25:36.240+0000] {dagbag.py:538} INFO - Filling up the DagBag from /opt/airflow/dags/dag_get_weather.py
[2024-10-14T21:25:37.113+0000] {processor.py:840} INFO - DAG(s) 'dag_get_weather_data' retrieved from /opt/airflow/dags/dag_get_weather.py
[2024-10-14T21:25:37.130+0000] {logging_mixin.py:188} INFO - [2024-10-14T21:25:37.129+0000] {dag.py:3036} INFO - Sync 1 DAGs
[2024-10-14T21:25:37.149+0000] {logging_mixin.py:188} INFO - [2024-10-14T21:25:37.149+0000] {dag.py:3823} INFO - Setting next_dagrun for dag_get_weather_data to 2024-10-14 21:00:00+00:00, run_after=2024-10-14 22:00:00+00:00
[2024-10-14T21:25:37.166+0000] {processor.py:183} INFO - Processing /opt/airflow/dags/dag_get_weather.py took 0.930 seconds
[2024-10-14T21:26:07.244+0000] {processor.py:161} INFO - Started process (PID=1070) to work on /opt/airflow/dags/dag_get_weather.py
[2024-10-14T21:26:07.245+0000] {processor.py:830} INFO - Processing file /opt/airflow/dags/dag_get_weather.py for tasks to queue
[2024-10-14T21:26:07.247+0000] {logging_mixin.py:188} INFO - [2024-10-14T21:26:07.246+0000] {dagbag.py:538} INFO - Filling up the DagBag from /opt/airflow/dags/dag_get_weather.py
[2024-10-14T21:26:08.034+0000] {processor.py:840} INFO - DAG(s) 'dag_get_weather_data' retrieved from /opt/airflow/dags/dag_get_weather.py
[2024-10-14T21:26:08.052+0000] {logging_mixin.py:188} INFO - [2024-10-14T21:26:08.051+0000] {dag.py:3036} INFO - Sync 1 DAGs
[2024-10-14T21:26:08.070+0000] {logging_mixin.py:188} INFO - [2024-10-14T21:26:08.070+0000] {dag.py:3823} INFO - Setting next_dagrun for dag_get_weather_data to 2024-10-14 21:00:00+00:00, run_after=2024-10-14 22:00:00+00:00
[2024-10-14T21:26:08.086+0000] {processor.py:183} INFO - Processing /opt/airflow/dags/dag_get_weather.py took 0.844 seconds
[2024-10-14T21:26:38.268+0000] {processor.py:161} INFO - Started process (PID=1152) to work on /opt/airflow/dags/dag_get_weather.py
[2024-10-14T21:26:38.272+0000] {processor.py:830} INFO - Processing file /opt/airflow/dags/dag_get_weather.py for tasks to queue
[2024-10-14T21:26:38.273+0000] {logging_mixin.py:188} INFO - [2024-10-14T21:26:38.273+0000] {dagbag.py:538} INFO - Filling up the DagBag from /opt/airflow/dags/dag_get_weather.py
[2024-10-14T21:26:38.986+0000] {processor.py:840} INFO - DAG(s) 'dag_get_weather_data' retrieved from /opt/airflow/dags/dag_get_weather.py
[2024-10-14T21:26:38.999+0000] {logging_mixin.py:188} INFO - [2024-10-14T21:26:38.999+0000] {dag.py:3036} INFO - Sync 1 DAGs
[2024-10-14T21:26:39.015+0000] {logging_mixin.py:188} INFO - [2024-10-14T21:26:39.015+0000] {dag.py:3823} INFO - Setting next_dagrun for dag_get_weather_data to 2024-10-14 21:00:00+00:00, run_after=2024-10-14 22:00:00+00:00
[2024-10-14T21:26:39.028+0000] {processor.py:183} INFO - Processing /opt/airflow/dags/dag_get_weather.py took 0.761 seconds
[2024-10-14T21:27:09.201+0000] {processor.py:161} INFO - Started process (PID=1226) to work on /opt/airflow/dags/dag_get_weather.py
[2024-10-14T21:27:09.202+0000] {processor.py:830} INFO - Processing file /opt/airflow/dags/dag_get_weather.py for tasks to queue
[2024-10-14T21:27:09.203+0000] {logging_mixin.py:188} INFO - [2024-10-14T21:27:09.203+0000] {dagbag.py:538} INFO - Filling up the DagBag from /opt/airflow/dags/dag_get_weather.py
[2024-10-14T21:27:10.030+0000] {processor.py:840} INFO - DAG(s) 'dag_get_weather_data' retrieved from /opt/airflow/dags/dag_get_weather.py
[2024-10-14T21:27:10.049+0000] {logging_mixin.py:188} INFO - [2024-10-14T21:27:10.048+0000] {dag.py:3036} INFO - Sync 1 DAGs
[2024-10-14T21:27:10.070+0000] {logging_mixin.py:188} INFO - [2024-10-14T21:27:10.070+0000] {dag.py:3823} INFO - Setting next_dagrun for dag_get_weather_data to 2024-10-14 21:00:00+00:00, run_after=2024-10-14 22:00:00+00:00
[2024-10-14T21:27:10.090+0000] {processor.py:183} INFO - Processing /opt/airflow/dags/dag_get_weather.py took 0.891 seconds
[2024-10-14T21:27:40.251+0000] {processor.py:161} INFO - Started process (PID=1308) to work on /opt/airflow/dags/dag_get_weather.py
[2024-10-14T21:27:40.252+0000] {processor.py:830} INFO - Processing file /opt/airflow/dags/dag_get_weather.py for tasks to queue
[2024-10-14T21:27:40.253+0000] {logging_mixin.py:188} INFO - [2024-10-14T21:27:40.253+0000] {dagbag.py:538} INFO - Filling up the DagBag from /opt/airflow/dags/dag_get_weather.py
[2024-10-14T21:27:40.982+0000] {processor.py:840} INFO - DAG(s) 'dag_get_weather_data' retrieved from /opt/airflow/dags/dag_get_weather.py
[2024-10-14T21:27:40.994+0000] {logging_mixin.py:188} INFO - [2024-10-14T21:27:40.994+0000] {dag.py:3036} INFO - Sync 1 DAGs
[2024-10-14T21:27:41.007+0000] {logging_mixin.py:188} INFO - [2024-10-14T21:27:41.007+0000] {dag.py:3823} INFO - Setting next_dagrun for dag_get_weather_data to 2024-10-14 21:00:00+00:00, run_after=2024-10-14 22:00:00+00:00
[2024-10-14T21:27:41.019+0000] {processor.py:183} INFO - Processing /opt/airflow/dags/dag_get_weather.py took 0.771 seconds
[2024-10-14T21:28:11.463+0000] {processor.py:161} INFO - Started process (PID=1382) to work on /opt/airflow/dags/dag_get_weather.py
[2024-10-14T21:28:11.464+0000] {processor.py:830} INFO - Processing file /opt/airflow/dags/dag_get_weather.py for tasks to queue
[2024-10-14T21:28:11.465+0000] {logging_mixin.py:188} INFO - [2024-10-14T21:28:11.465+0000] {dagbag.py:538} INFO - Filling up the DagBag from /opt/airflow/dags/dag_get_weather.py
[2024-10-14T21:28:12.104+0000] {processor.py:840} INFO - DAG(s) 'dag_get_weather_data' retrieved from /opt/airflow/dags/dag_get_weather.py
[2024-10-14T21:28:12.117+0000] {logging_mixin.py:188} INFO - [2024-10-14T21:28:12.116+0000] {dag.py:3036} INFO - Sync 1 DAGs
[2024-10-14T21:28:12.130+0000] {logging_mixin.py:188} INFO - [2024-10-14T21:28:12.130+0000] {dag.py:3823} INFO - Setting next_dagrun for dag_get_weather_data to 2024-10-14 21:00:00+00:00, run_after=2024-10-14 22:00:00+00:00
[2024-10-14T21:28:12.143+0000] {processor.py:183} INFO - Processing /opt/airflow/dags/dag_get_weather.py took 0.682 seconds
[2024-10-14T21:28:42.465+0000] {processor.py:161} INFO - Started process (PID=1464) to work on /opt/airflow/dags/dag_get_weather.py
[2024-10-14T21:28:42.468+0000] {processor.py:830} INFO - Processing file /opt/airflow/dags/dag_get_weather.py for tasks to queue
[2024-10-14T21:28:42.470+0000] {logging_mixin.py:188} INFO - [2024-10-14T21:28:42.470+0000] {dagbag.py:538} INFO - Filling up the DagBag from /opt/airflow/dags/dag_get_weather.py
[2024-10-14T21:28:43.150+0000] {processor.py:840} INFO - DAG(s) 'dag_get_weather_data' retrieved from /opt/airflow/dags/dag_get_weather.py
[2024-10-14T21:28:43.162+0000] {logging_mixin.py:188} INFO - [2024-10-14T21:28:43.162+0000] {dag.py:3036} INFO - Sync 1 DAGs
[2024-10-14T21:28:43.177+0000] {logging_mixin.py:188} INFO - [2024-10-14T21:28:43.177+0000] {dag.py:3823} INFO - Setting next_dagrun for dag_get_weather_data to 2024-10-14 21:00:00+00:00, run_after=2024-10-14 22:00:00+00:00
[2024-10-14T21:28:43.189+0000] {processor.py:183} INFO - Processing /opt/airflow/dags/dag_get_weather.py took 0.730 seconds
[2024-10-14T21:29:13.294+0000] {processor.py:161} INFO - Started process (PID=1538) to work on /opt/airflow/dags/dag_get_weather.py
[2024-10-14T21:29:13.294+0000] {processor.py:830} INFO - Processing file /opt/airflow/dags/dag_get_weather.py for tasks to queue
[2024-10-14T21:29:13.296+0000] {logging_mixin.py:188} INFO - [2024-10-14T21:29:13.295+0000] {dagbag.py:538} INFO - Filling up the DagBag from /opt/airflow/dags/dag_get_weather.py
[2024-10-14T21:29:13.878+0000] {processor.py:840} INFO - DAG(s) 'dag_get_weather_data' retrieved from /opt/airflow/dags/dag_get_weather.py
[2024-10-14T21:29:13.891+0000] {logging_mixin.py:188} INFO - [2024-10-14T21:29:13.891+0000] {dag.py:3036} INFO - Sync 1 DAGs
[2024-10-14T21:29:13.904+0000] {logging_mixin.py:188} INFO - [2024-10-14T21:29:13.904+0000] {dag.py:3823} INFO - Setting next_dagrun for dag_get_weather_data to 2024-10-14 21:00:00+00:00, run_after=2024-10-14 22:00:00+00:00
[2024-10-14T21:29:13.916+0000] {processor.py:183} INFO - Processing /opt/airflow/dags/dag_get_weather.py took 0.625 seconds
[2024-10-14T21:29:44.418+0000] {processor.py:161} INFO - Started process (PID=1620) to work on /opt/airflow/dags/dag_get_weather.py
[2024-10-14T21:29:44.420+0000] {processor.py:830} INFO - Processing file /opt/airflow/dags/dag_get_weather.py for tasks to queue
[2024-10-14T21:29:44.423+0000] {logging_mixin.py:188} INFO - [2024-10-14T21:29:44.422+0000] {dagbag.py:538} INFO - Filling up the DagBag from /opt/airflow/dags/dag_get_weather.py
[2024-10-14T21:29:44.996+0000] {processor.py:840} INFO - DAG(s) 'dag_get_weather_data' retrieved from /opt/airflow/dags/dag_get_weather.py
[2024-10-14T21:29:45.008+0000] {logging_mixin.py:188} INFO - [2024-10-14T21:29:45.007+0000] {dag.py:3036} INFO - Sync 1 DAGs
[2024-10-14T21:29:45.021+0000] {logging_mixin.py:188} INFO - [2024-10-14T21:29:45.021+0000] {dag.py:3823} INFO - Setting next_dagrun for dag_get_weather_data to 2024-10-14 21:00:00+00:00, run_after=2024-10-14 22:00:00+00:00
[2024-10-14T21:29:45.034+0000] {processor.py:183} INFO - Processing /opt/airflow/dags/dag_get_weather.py took 0.619 seconds
[2024-10-14T21:30:15.711+0000] {processor.py:161} INFO - Started process (PID=1701) to work on /opt/airflow/dags/dag_get_weather.py
[2024-10-14T21:30:15.715+0000] {processor.py:830} INFO - Processing file /opt/airflow/dags/dag_get_weather.py for tasks to queue
[2024-10-14T21:30:15.717+0000] {logging_mixin.py:188} INFO - [2024-10-14T21:30:15.717+0000] {dagbag.py:538} INFO - Filling up the DagBag from /opt/airflow/dags/dag_get_weather.py
[2024-10-14T21:30:16.261+0000] {processor.py:840} INFO - DAG(s) 'dag_get_weather_data' retrieved from /opt/airflow/dags/dag_get_weather.py
[2024-10-14T21:30:16.273+0000] {logging_mixin.py:188} INFO - [2024-10-14T21:30:16.273+0000] {dag.py:3036} INFO - Sync 1 DAGs
[2024-10-14T21:30:16.286+0000] {logging_mixin.py:188} INFO - [2024-10-14T21:30:16.286+0000] {dag.py:3823} INFO - Setting next_dagrun for dag_get_weather_data to 2024-10-14 21:00:00+00:00, run_after=2024-10-14 22:00:00+00:00
[2024-10-14T21:30:16.302+0000] {processor.py:183} INFO - Processing /opt/airflow/dags/dag_get_weather.py took 0.592 seconds
[2024-10-14T21:30:46.470+0000] {processor.py:161} INFO - Started process (PID=1775) to work on /opt/airflow/dags/dag_get_weather.py
[2024-10-14T21:30:46.473+0000] {processor.py:830} INFO - Processing file /opt/airflow/dags/dag_get_weather.py for tasks to queue
[2024-10-14T21:30:46.476+0000] {logging_mixin.py:188} INFO - [2024-10-14T21:30:46.476+0000] {dagbag.py:538} INFO - Filling up the DagBag from /opt/airflow/dags/dag_get_weather.py
[2024-10-14T21:30:47.026+0000] {processor.py:840} INFO - DAG(s) 'dag_get_weather_data' retrieved from /opt/airflow/dags/dag_get_weather.py
[2024-10-14T21:30:47.039+0000] {logging_mixin.py:188} INFO - [2024-10-14T21:30:47.039+0000] {dag.py:3036} INFO - Sync 1 DAGs
[2024-10-14T21:30:47.053+0000] {logging_mixin.py:188} INFO - [2024-10-14T21:30:47.053+0000] {dag.py:3823} INFO - Setting next_dagrun for dag_get_weather_data to 2024-10-14 21:00:00+00:00, run_after=2024-10-14 22:00:00+00:00
[2024-10-14T21:30:47.067+0000] {processor.py:183} INFO - Processing /opt/airflow/dags/dag_get_weather.py took 0.600 seconds
[2024-10-14T21:31:17.510+0000] {processor.py:161} INFO - Started process (PID=1857) to work on /opt/airflow/dags/dag_get_weather.py
[2024-10-14T21:31:17.513+0000] {processor.py:830} INFO - Processing file /opt/airflow/dags/dag_get_weather.py for tasks to queue
[2024-10-14T21:31:17.516+0000] {logging_mixin.py:188} INFO - [2024-10-14T21:31:17.515+0000] {dagbag.py:538} INFO - Filling up the DagBag from /opt/airflow/dags/dag_get_weather.py
[2024-10-14T21:31:18.133+0000] {processor.py:840} INFO - DAG(s) 'dag_get_weather_data' retrieved from /opt/airflow/dags/dag_get_weather.py
[2024-10-14T21:31:18.146+0000] {logging_mixin.py:188} INFO - [2024-10-14T21:31:18.145+0000] {dag.py:3036} INFO - Sync 1 DAGs
[2024-10-14T21:31:18.159+0000] {logging_mixin.py:188} INFO - [2024-10-14T21:31:18.159+0000] {dag.py:3823} INFO - Setting next_dagrun for dag_get_weather_data to 2024-10-14 21:00:00+00:00, run_after=2024-10-14 22:00:00+00:00
[2024-10-14T21:31:18.171+0000] {processor.py:183} INFO - Processing /opt/airflow/dags/dag_get_weather.py took 0.664 seconds
[2024-10-14T21:31:48.737+0000] {processor.py:161} INFO - Started process (PID=1938) to work on /opt/airflow/dags/dag_get_weather.py
[2024-10-14T21:31:48.740+0000] {processor.py:830} INFO - Processing file /opt/airflow/dags/dag_get_weather.py for tasks to queue
[2024-10-14T21:31:48.742+0000] {logging_mixin.py:188} INFO - [2024-10-14T21:31:48.741+0000] {dagbag.py:538} INFO - Filling up the DagBag from /opt/airflow/dags/dag_get_weather.py
[2024-10-14T21:31:49.302+0000] {processor.py:840} INFO - DAG(s) 'dag_get_weather_data' retrieved from /opt/airflow/dags/dag_get_weather.py
[2024-10-14T21:31:49.314+0000] {logging_mixin.py:188} INFO - [2024-10-14T21:31:49.314+0000] {dag.py:3036} INFO - Sync 1 DAGs
[2024-10-14T21:31:49.327+0000] {logging_mixin.py:188} INFO - [2024-10-14T21:31:49.327+0000] {dag.py:3823} INFO - Setting next_dagrun for dag_get_weather_data to 2024-10-14 21:00:00+00:00, run_after=2024-10-14 22:00:00+00:00
[2024-10-14T21:31:49.340+0000] {processor.py:183} INFO - Processing /opt/airflow/dags/dag_get_weather.py took 0.606 seconds
[2024-10-14T21:32:19.408+0000] {processor.py:161} INFO - Started process (PID=2012) to work on /opt/airflow/dags/dag_get_weather.py
[2024-10-14T21:32:19.410+0000] {processor.py:830} INFO - Processing file /opt/airflow/dags/dag_get_weather.py for tasks to queue
[2024-10-14T21:32:19.412+0000] {logging_mixin.py:188} INFO - [2024-10-14T21:32:19.412+0000] {dagbag.py:538} INFO - Filling up the DagBag from /opt/airflow/dags/dag_get_weather.py
[2024-10-14T21:32:19.980+0000] {processor.py:840} INFO - DAG(s) 'dag_get_weather_data' retrieved from /opt/airflow/dags/dag_get_weather.py
[2024-10-14T21:32:19.993+0000] {logging_mixin.py:188} INFO - [2024-10-14T21:32:19.992+0000] {dag.py:3036} INFO - Sync 1 DAGs
[2024-10-14T21:32:20.006+0000] {logging_mixin.py:188} INFO - [2024-10-14T21:32:20.006+0000] {dag.py:3823} INFO - Setting next_dagrun for dag_get_weather_data to 2024-10-14 21:00:00+00:00, run_after=2024-10-14 22:00:00+00:00
[2024-10-14T21:32:20.017+0000] {processor.py:183} INFO - Processing /opt/airflow/dags/dag_get_weather.py took 0.612 seconds
[2024-10-14T21:32:50.603+0000] {processor.py:161} INFO - Started process (PID=2093) to work on /opt/airflow/dags/dag_get_weather.py
[2024-10-14T21:32:50.605+0000] {processor.py:830} INFO - Processing file /opt/airflow/dags/dag_get_weather.py for tasks to queue
[2024-10-14T21:32:50.608+0000] {logging_mixin.py:188} INFO - [2024-10-14T21:32:50.607+0000] {dagbag.py:538} INFO - Filling up the DagBag from /opt/airflow/dags/dag_get_weather.py
[2024-10-14T21:32:51.275+0000] {processor.py:840} INFO - DAG(s) 'dag_get_weather_data' retrieved from /opt/airflow/dags/dag_get_weather.py
[2024-10-14T21:32:51.289+0000] {logging_mixin.py:188} INFO - [2024-10-14T21:32:51.288+0000] {dag.py:3036} INFO - Sync 1 DAGs
[2024-10-14T21:32:51.302+0000] {logging_mixin.py:188} INFO - [2024-10-14T21:32:51.302+0000] {dag.py:3823} INFO - Setting next_dagrun for dag_get_weather_data to 2024-10-14 21:00:00+00:00, run_after=2024-10-14 22:00:00+00:00
[2024-10-14T21:32:51.313+0000] {processor.py:183} INFO - Processing /opt/airflow/dags/dag_get_weather.py took 0.716 seconds
[2024-10-14T21:33:21.424+0000] {processor.py:161} INFO - Started process (PID=2167) to work on /opt/airflow/dags/dag_get_weather.py
[2024-10-14T21:33:21.427+0000] {processor.py:830} INFO - Processing file /opt/airflow/dags/dag_get_weather.py for tasks to queue
[2024-10-14T21:33:21.429+0000] {logging_mixin.py:188} INFO - [2024-10-14T21:33:21.429+0000] {dagbag.py:538} INFO - Filling up the DagBag from /opt/airflow/dags/dag_get_weather.py
[2024-10-14T21:33:22.130+0000] {processor.py:840} INFO - DAG(s) 'dag_get_weather_data' retrieved from /opt/airflow/dags/dag_get_weather.py
[2024-10-14T21:33:22.144+0000] {logging_mixin.py:188} INFO - [2024-10-14T21:33:22.143+0000] {dag.py:3036} INFO - Sync 1 DAGs
[2024-10-14T21:33:22.158+0000] {logging_mixin.py:188} INFO - [2024-10-14T21:33:22.158+0000] {dag.py:3823} INFO - Setting next_dagrun for dag_get_weather_data to 2024-10-14 21:00:00+00:00, run_after=2024-10-14 22:00:00+00:00
[2024-10-14T21:33:22.170+0000] {processor.py:183} INFO - Processing /opt/airflow/dags/dag_get_weather.py took 0.751 seconds
[2024-10-14T21:33:52.422+0000] {processor.py:161} INFO - Started process (PID=2248) to work on /opt/airflow/dags/dag_get_weather.py
[2024-10-14T21:33:52.424+0000] {processor.py:830} INFO - Processing file /opt/airflow/dags/dag_get_weather.py for tasks to queue
[2024-10-14T21:33:52.427+0000] {logging_mixin.py:188} INFO - [2024-10-14T21:33:52.427+0000] {dagbag.py:538} INFO - Filling up the DagBag from /opt/airflow/dags/dag_get_weather.py
[2024-10-14T21:33:53.167+0000] {processor.py:840} INFO - DAG(s) 'dag_get_weather_data' retrieved from /opt/airflow/dags/dag_get_weather.py
[2024-10-14T21:33:53.182+0000] {logging_mixin.py:188} INFO - [2024-10-14T21:33:53.181+0000] {dag.py:3036} INFO - Sync 1 DAGs
[2024-10-14T21:33:53.203+0000] {logging_mixin.py:188} INFO - [2024-10-14T21:33:53.203+0000] {dag.py:3823} INFO - Setting next_dagrun for dag_get_weather_data to 2024-10-14 21:00:00+00:00, run_after=2024-10-14 22:00:00+00:00
[2024-10-14T21:33:53.219+0000] {processor.py:183} INFO - Processing /opt/airflow/dags/dag_get_weather.py took 0.802 seconds
[2024-10-14T21:34:23.734+0000] {processor.py:161} INFO - Started process (PID=2330) to work on /opt/airflow/dags/dag_get_weather.py
[2024-10-14T21:34:23.736+0000] {processor.py:830} INFO - Processing file /opt/airflow/dags/dag_get_weather.py for tasks to queue
[2024-10-14T21:34:23.738+0000] {logging_mixin.py:188} INFO - [2024-10-14T21:34:23.738+0000] {dagbag.py:538} INFO - Filling up the DagBag from /opt/airflow/dags/dag_get_weather.py
[2024-10-14T21:34:24.492+0000] {processor.py:840} INFO - DAG(s) 'dag_get_weather_data' retrieved from /opt/airflow/dags/dag_get_weather.py
[2024-10-14T21:34:24.504+0000] {logging_mixin.py:188} INFO - [2024-10-14T21:34:24.504+0000] {dag.py:3036} INFO - Sync 1 DAGs
[2024-10-14T21:34:24.518+0000] {logging_mixin.py:188} INFO - [2024-10-14T21:34:24.518+0000] {dag.py:3823} INFO - Setting next_dagrun for dag_get_weather_data to 2024-10-14 21:00:00+00:00, run_after=2024-10-14 22:00:00+00:00
[2024-10-14T21:34:24.530+0000] {processor.py:183} INFO - Processing /opt/airflow/dags/dag_get_weather.py took 0.799 seconds
[2024-10-14T21:34:54.917+0000] {processor.py:161} INFO - Started process (PID=2403) to work on /opt/airflow/dags/dag_get_weather.py
[2024-10-14T21:34:54.920+0000] {processor.py:830} INFO - Processing file /opt/airflow/dags/dag_get_weather.py for tasks to queue
[2024-10-14T21:34:54.922+0000] {logging_mixin.py:188} INFO - [2024-10-14T21:34:54.921+0000] {dagbag.py:538} INFO - Filling up the DagBag from /opt/airflow/dags/dag_get_weather.py
[2024-10-14T21:34:55.529+0000] {processor.py:840} INFO - DAG(s) 'dag_get_weather_data' retrieved from /opt/airflow/dags/dag_get_weather.py
[2024-10-14T21:34:55.541+0000] {logging_mixin.py:188} INFO - [2024-10-14T21:34:55.541+0000] {dag.py:3036} INFO - Sync 1 DAGs
[2024-10-14T21:34:55.556+0000] {logging_mixin.py:188} INFO - [2024-10-14T21:34:55.556+0000] {dag.py:3823} INFO - Setting next_dagrun for dag_get_weather_data to 2024-10-14 21:00:00+00:00, run_after=2024-10-14 22:00:00+00:00
[2024-10-14T21:34:55.567+0000] {processor.py:183} INFO - Processing /opt/airflow/dags/dag_get_weather.py took 0.652 seconds
[2024-10-14T21:35:26.061+0000] {processor.py:161} INFO - Started process (PID=2485) to work on /opt/airflow/dags/dag_get_weather.py
[2024-10-14T21:35:26.062+0000] {processor.py:830} INFO - Processing file /opt/airflow/dags/dag_get_weather.py for tasks to queue
[2024-10-14T21:35:26.065+0000] {logging_mixin.py:188} INFO - [2024-10-14T21:35:26.065+0000] {dagbag.py:538} INFO - Filling up the DagBag from /opt/airflow/dags/dag_get_weather.py
[2024-10-14T21:35:26.607+0000] {processor.py:840} INFO - DAG(s) 'dag_get_weather_data' retrieved from /opt/airflow/dags/dag_get_weather.py
[2024-10-14T21:35:26.619+0000] {logging_mixin.py:188} INFO - [2024-10-14T21:35:26.619+0000] {dag.py:3036} INFO - Sync 1 DAGs
[2024-10-14T21:35:26.633+0000] {logging_mixin.py:188} INFO - [2024-10-14T21:35:26.633+0000] {dag.py:3823} INFO - Setting next_dagrun for dag_get_weather_data to 2024-10-14 21:00:00+00:00, run_after=2024-10-14 22:00:00+00:00
[2024-10-14T21:35:26.644+0000] {processor.py:183} INFO - Processing /opt/airflow/dags/dag_get_weather.py took 0.589 seconds
[2024-10-14T21:35:56.818+0000] {processor.py:161} INFO - Started process (PID=2559) to work on /opt/airflow/dags/dag_get_weather.py
[2024-10-14T21:35:56.819+0000] {processor.py:830} INFO - Processing file /opt/airflow/dags/dag_get_weather.py for tasks to queue
[2024-10-14T21:35:56.820+0000] {logging_mixin.py:188} INFO - [2024-10-14T21:35:56.820+0000] {dagbag.py:538} INFO - Filling up the DagBag from /opt/airflow/dags/dag_get_weather.py
[2024-10-14T21:35:57.494+0000] {processor.py:840} INFO - DAG(s) 'dag_get_weather_data' retrieved from /opt/airflow/dags/dag_get_weather.py
[2024-10-14T21:35:57.523+0000] {logging_mixin.py:188} INFO - [2024-10-14T21:35:57.522+0000] {dag.py:3036} INFO - Sync 1 DAGs
[2024-10-14T21:35:57.546+0000] {logging_mixin.py:188} INFO - [2024-10-14T21:35:57.546+0000] {dag.py:3823} INFO - Setting next_dagrun for dag_get_weather_data to 2024-10-14 21:00:00+00:00, run_after=2024-10-14 22:00:00+00:00
[2024-10-14T21:35:57.562+0000] {processor.py:183} INFO - Processing /opt/airflow/dags/dag_get_weather.py took 0.747 seconds
[2024-10-14T21:36:27.705+0000] {processor.py:161} INFO - Started process (PID=2641) to work on /opt/airflow/dags/dag_get_weather.py
[2024-10-14T21:36:27.706+0000] {processor.py:830} INFO - Processing file /opt/airflow/dags/dag_get_weather.py for tasks to queue
[2024-10-14T21:36:27.711+0000] {logging_mixin.py:188} INFO - [2024-10-14T21:36:27.709+0000] {dagbag.py:538} INFO - Filling up the DagBag from /opt/airflow/dags/dag_get_weather.py
[2024-10-14T21:36:28.391+0000] {processor.py:840} INFO - DAG(s) 'dag_get_weather_data' retrieved from /opt/airflow/dags/dag_get_weather.py
[2024-10-14T21:36:28.404+0000] {logging_mixin.py:188} INFO - [2024-10-14T21:36:28.403+0000] {dag.py:3036} INFO - Sync 1 DAGs
[2024-10-14T21:36:28.419+0000] {logging_mixin.py:188} INFO - [2024-10-14T21:36:28.419+0000] {dag.py:3823} INFO - Setting next_dagrun for dag_get_weather_data to 2024-10-14 21:00:00+00:00, run_after=2024-10-14 22:00:00+00:00
[2024-10-14T21:36:28.432+0000] {processor.py:183} INFO - Processing /opt/airflow/dags/dag_get_weather.py took 0.730 seconds
[2024-10-14T21:36:58.940+0000] {processor.py:161} INFO - Started process (PID=2723) to work on /opt/airflow/dags/dag_get_weather.py
[2024-10-14T21:36:58.941+0000] {processor.py:830} INFO - Processing file /opt/airflow/dags/dag_get_weather.py for tasks to queue
[2024-10-14T21:36:58.942+0000] {logging_mixin.py:188} INFO - [2024-10-14T21:36:58.942+0000] {dagbag.py:538} INFO - Filling up the DagBag from /opt/airflow/dags/dag_get_weather.py
[2024-10-14T21:36:59.559+0000] {processor.py:840} INFO - DAG(s) 'dag_get_weather_data' retrieved from /opt/airflow/dags/dag_get_weather.py
[2024-10-14T21:36:59.571+0000] {logging_mixin.py:188} INFO - [2024-10-14T21:36:59.571+0000] {dag.py:3036} INFO - Sync 1 DAGs
[2024-10-14T21:36:59.585+0000] {logging_mixin.py:188} INFO - [2024-10-14T21:36:59.585+0000] {dag.py:3823} INFO - Setting next_dagrun for dag_get_weather_data to 2024-10-14 21:00:00+00:00, run_after=2024-10-14 22:00:00+00:00
[2024-10-14T21:36:59.597+0000] {processor.py:183} INFO - Processing /opt/airflow/dags/dag_get_weather.py took 0.659 seconds
[2024-10-14T21:37:29.630+0000] {processor.py:161} INFO - Started process (PID=2796) to work on /opt/airflow/dags/dag_get_weather.py
[2024-10-14T21:37:29.631+0000] {processor.py:830} INFO - Processing file /opt/airflow/dags/dag_get_weather.py for tasks to queue
[2024-10-14T21:37:29.632+0000] {logging_mixin.py:188} INFO - [2024-10-14T21:37:29.632+0000] {dagbag.py:538} INFO - Filling up the DagBag from /opt/airflow/dags/dag_get_weather.py
[2024-10-14T21:37:30.311+0000] {processor.py:840} INFO - DAG(s) 'dag_get_weather_data' retrieved from /opt/airflow/dags/dag_get_weather.py
[2024-10-14T21:37:30.324+0000] {logging_mixin.py:188} INFO - [2024-10-14T21:37:30.324+0000] {dag.py:3036} INFO - Sync 1 DAGs
[2024-10-14T21:37:30.339+0000] {logging_mixin.py:188} INFO - [2024-10-14T21:37:30.338+0000] {dag.py:3823} INFO - Setting next_dagrun for dag_get_weather_data to 2024-10-14 21:00:00+00:00, run_after=2024-10-14 22:00:00+00:00
[2024-10-14T21:37:30.353+0000] {processor.py:183} INFO - Processing /opt/airflow/dags/dag_get_weather.py took 0.725 seconds
[2024-10-14T21:38:01.107+0000] {processor.py:161} INFO - Started process (PID=2877) to work on /opt/airflow/dags/dag_get_weather.py
[2024-10-14T21:38:01.110+0000] {processor.py:830} INFO - Processing file /opt/airflow/dags/dag_get_weather.py for tasks to queue
[2024-10-14T21:38:01.111+0000] {logging_mixin.py:188} INFO - [2024-10-14T21:38:01.111+0000] {dagbag.py:538} INFO - Filling up the DagBag from /opt/airflow/dags/dag_get_weather.py
[2024-10-14T21:38:01.676+0000] {processor.py:840} INFO - DAG(s) 'dag_get_weather_data' retrieved from /opt/airflow/dags/dag_get_weather.py
[2024-10-14T21:38:01.688+0000] {logging_mixin.py:188} INFO - [2024-10-14T21:38:01.688+0000] {dag.py:3036} INFO - Sync 1 DAGs
[2024-10-14T21:38:01.702+0000] {logging_mixin.py:188} INFO - [2024-10-14T21:38:01.701+0000] {dag.py:3823} INFO - Setting next_dagrun for dag_get_weather_data to 2024-10-14 21:00:00+00:00, run_after=2024-10-14 22:00:00+00:00
[2024-10-14T21:38:01.713+0000] {processor.py:183} INFO - Processing /opt/airflow/dags/dag_get_weather.py took 0.608 seconds
[2024-10-14T21:38:31.806+0000] {processor.py:161} INFO - Started process (PID=2959) to work on /opt/airflow/dags/dag_get_weather.py
[2024-10-14T21:38:31.809+0000] {processor.py:830} INFO - Processing file /opt/airflow/dags/dag_get_weather.py for tasks to queue
[2024-10-14T21:38:31.810+0000] {logging_mixin.py:188} INFO - [2024-10-14T21:38:31.810+0000] {dagbag.py:538} INFO - Filling up the DagBag from /opt/airflow/dags/dag_get_weather.py
[2024-10-14T21:38:32.430+0000] {processor.py:840} INFO - DAG(s) 'dag_get_weather_data' retrieved from /opt/airflow/dags/dag_get_weather.py
[2024-10-14T21:38:32.447+0000] {logging_mixin.py:188} INFO - [2024-10-14T21:38:32.447+0000] {dag.py:3036} INFO - Sync 1 DAGs
[2024-10-14T21:38:32.464+0000] {logging_mixin.py:188} INFO - [2024-10-14T21:38:32.464+0000] {dag.py:3823} INFO - Setting next_dagrun for dag_get_weather_data to 2024-10-14 21:00:00+00:00, run_after=2024-10-14 22:00:00+00:00
[2024-10-14T21:38:32.480+0000] {processor.py:183} INFO - Processing /opt/airflow/dags/dag_get_weather.py took 0.676 seconds
[2024-10-14T21:38:58.120+0000] {processor.py:161} INFO - Started process (PID=3033) to work on /opt/airflow/dags/dag_get_weather.py
[2024-10-14T21:38:58.121+0000] {processor.py:830} INFO - Processing file /opt/airflow/dags/dag_get_weather.py for tasks to queue
[2024-10-14T21:38:58.123+0000] {logging_mixin.py:188} INFO - [2024-10-14T21:38:58.123+0000] {dagbag.py:538} INFO - Filling up the DagBag from /opt/airflow/dags/dag_get_weather.py
[2024-10-14T21:38:58.128+0000] {logging_mixin.py:188} INFO - [2024-10-14T21:38:58.127+0000] {dagbag.py:348} ERROR - Failed to import: /opt/airflow/dags/dag_get_weather.py
Traceback (most recent call last):
  File "/home/airflow/.local/lib/python3.8/site-packages/airflow/models/dagbag.py", line 344, in parse
    loader.exec_module(new_module)
  File "<frozen importlib._bootstrap_external>", line 839, in exec_module
  File "<frozen importlib._bootstrap_external>", line 976, in get_code
  File "<frozen importlib._bootstrap_external>", line 906, in source_to_code
  File "<frozen importlib._bootstrap>", line 219, in _call_with_frames_removed
  File "/opt/airflow/dags/dag_get_weather.py", line 27
    schedule_interval=timedelta(minutes=1),
    ^
SyntaxError: keyword argument repeated
[2024-10-14T21:38:58.129+0000] {processor.py:842} WARNING - No viable dags retrieved from /opt/airflow/dags/dag_get_weather.py
[2024-10-14T21:38:58.155+0000] {processor.py:183} INFO - Processing /opt/airflow/dags/dag_get_weather.py took 0.037 seconds
[2024-10-14T21:39:28.822+0000] {processor.py:161} INFO - Started process (PID=3098) to work on /opt/airflow/dags/dag_get_weather.py
[2024-10-14T21:39:28.826+0000] {processor.py:830} INFO - Processing file /opt/airflow/dags/dag_get_weather.py for tasks to queue
[2024-10-14T21:39:28.829+0000] {logging_mixin.py:188} INFO - [2024-10-14T21:39:28.828+0000] {dagbag.py:538} INFO - Filling up the DagBag from /opt/airflow/dags/dag_get_weather.py
[2024-10-14T21:39:28.836+0000] {logging_mixin.py:188} INFO - [2024-10-14T21:39:28.834+0000] {dagbag.py:348} ERROR - Failed to import: /opt/airflow/dags/dag_get_weather.py
Traceback (most recent call last):
  File "/home/airflow/.local/lib/python3.8/site-packages/airflow/models/dagbag.py", line 344, in parse
    loader.exec_module(new_module)
  File "<frozen importlib._bootstrap_external>", line 839, in exec_module
  File "<frozen importlib._bootstrap_external>", line 976, in get_code
  File "<frozen importlib._bootstrap_external>", line 906, in source_to_code
  File "<frozen importlib._bootstrap>", line 219, in _call_with_frames_removed
  File "/opt/airflow/dags/dag_get_weather.py", line 27
    schedule_interval=timedelta(minutes=1),
    ^
SyntaxError: keyword argument repeated
[2024-10-14T21:39:28.836+0000] {processor.py:842} WARNING - No viable dags retrieved from /opt/airflow/dags/dag_get_weather.py
[2024-10-14T21:39:28.850+0000] {processor.py:183} INFO - Processing /opt/airflow/dags/dag_get_weather.py took 0.034 seconds
[2024-10-14T21:44:03.607+0000] {processor.py:161} INFO - Started process (PID=80) to work on /opt/airflow/dags/dag_get_weather.py
[2024-10-14T21:44:03.609+0000] {processor.py:830} INFO - Processing file /opt/airflow/dags/dag_get_weather.py for tasks to queue
[2024-10-14T21:44:03.610+0000] {logging_mixin.py:188} INFO - [2024-10-14T21:44:03.610+0000] {dagbag.py:538} INFO - Filling up the DagBag from /opt/airflow/dags/dag_get_weather.py
[2024-10-14T21:44:03.614+0000] {logging_mixin.py:188} INFO - [2024-10-14T21:44:03.612+0000] {dagbag.py:348} ERROR - Failed to import: /opt/airflow/dags/dag_get_weather.py
Traceback (most recent call last):
  File "/home/airflow/.local/lib/python3.8/site-packages/airflow/models/dagbag.py", line 344, in parse
    loader.exec_module(new_module)
  File "<frozen importlib._bootstrap_external>", line 839, in exec_module
  File "<frozen importlib._bootstrap_external>", line 976, in get_code
  File "<frozen importlib._bootstrap_external>", line 906, in source_to_code
  File "<frozen importlib._bootstrap>", line 219, in _call_with_frames_removed
  File "/opt/airflow/dags/dag_get_weather.py", line 27
    schedule_interval=timedelta(minutes=1),
    ^
SyntaxError: keyword argument repeated
[2024-10-14T21:44:03.614+0000] {processor.py:842} WARNING - No viable dags retrieved from /opt/airflow/dags/dag_get_weather.py
[2024-10-14T21:44:03.630+0000] {processor.py:183} INFO - Processing /opt/airflow/dags/dag_get_weather.py took 0.025 seconds
[2024-10-14T21:44:33.687+0000] {processor.py:161} INFO - Started process (PID=146) to work on /opt/airflow/dags/dag_get_weather.py
[2024-10-14T21:44:33.688+0000] {processor.py:830} INFO - Processing file /opt/airflow/dags/dag_get_weather.py for tasks to queue
[2024-10-14T21:44:33.690+0000] {logging_mixin.py:188} INFO - [2024-10-14T21:44:33.690+0000] {dagbag.py:538} INFO - Filling up the DagBag from /opt/airflow/dags/dag_get_weather.py
[2024-10-14T21:44:33.694+0000] {logging_mixin.py:188} INFO - [2024-10-14T21:44:33.693+0000] {dagbag.py:348} ERROR - Failed to import: /opt/airflow/dags/dag_get_weather.py
Traceback (most recent call last):
  File "/home/airflow/.local/lib/python3.8/site-packages/airflow/models/dagbag.py", line 344, in parse
    loader.exec_module(new_module)
  File "<frozen importlib._bootstrap_external>", line 839, in exec_module
  File "<frozen importlib._bootstrap_external>", line 976, in get_code
  File "<frozen importlib._bootstrap_external>", line 906, in source_to_code
  File "<frozen importlib._bootstrap>", line 219, in _call_with_frames_removed
  File "/opt/airflow/dags/dag_get_weather.py", line 27
    schedule_interval=timedelta(minutes=1),
    ^
SyntaxError: keyword argument repeated
[2024-10-14T21:44:33.695+0000] {processor.py:842} WARNING - No viable dags retrieved from /opt/airflow/dags/dag_get_weather.py
[2024-10-14T21:44:33.707+0000] {processor.py:183} INFO - Processing /opt/airflow/dags/dag_get_weather.py took 0.022 seconds
[2024-10-14T21:45:04.294+0000] {processor.py:161} INFO - Started process (PID=220) to work on /opt/airflow/dags/dag_get_weather.py
[2024-10-14T21:45:04.298+0000] {processor.py:830} INFO - Processing file /opt/airflow/dags/dag_get_weather.py for tasks to queue
[2024-10-14T21:45:04.302+0000] {logging_mixin.py:188} INFO - [2024-10-14T21:45:04.302+0000] {dagbag.py:538} INFO - Filling up the DagBag from /opt/airflow/dags/dag_get_weather.py
[2024-10-14T21:45:04.305+0000] {logging_mixin.py:188} INFO - [2024-10-14T21:45:04.305+0000] {dagbag.py:348} ERROR - Failed to import: /opt/airflow/dags/dag_get_weather.py
Traceback (most recent call last):
  File "/home/airflow/.local/lib/python3.8/site-packages/airflow/models/dagbag.py", line 344, in parse
    loader.exec_module(new_module)
  File "<frozen importlib._bootstrap_external>", line 839, in exec_module
  File "<frozen importlib._bootstrap_external>", line 976, in get_code
  File "<frozen importlib._bootstrap_external>", line 906, in source_to_code
  File "<frozen importlib._bootstrap>", line 219, in _call_with_frames_removed
  File "/opt/airflow/dags/dag_get_weather.py", line 27
    schedule_interval=timedelta(minutes=1),
    ^
SyntaxError: keyword argument repeated
[2024-10-14T21:45:04.305+0000] {processor.py:842} WARNING - No viable dags retrieved from /opt/airflow/dags/dag_get_weather.py
[2024-10-14T21:45:04.323+0000] {processor.py:183} INFO - Processing /opt/airflow/dags/dag_get_weather.py took 0.032 seconds
[2024-10-14T21:45:34.689+0000] {processor.py:161} INFO - Started process (PID=287) to work on /opt/airflow/dags/dag_get_weather.py
[2024-10-14T21:45:34.692+0000] {processor.py:830} INFO - Processing file /opt/airflow/dags/dag_get_weather.py for tasks to queue
[2024-10-14T21:45:34.694+0000] {logging_mixin.py:188} INFO - [2024-10-14T21:45:34.693+0000] {dagbag.py:538} INFO - Filling up the DagBag from /opt/airflow/dags/dag_get_weather.py
[2024-10-14T21:45:34.697+0000] {logging_mixin.py:188} INFO - [2024-10-14T21:45:34.696+0000] {dagbag.py:348} ERROR - Failed to import: /opt/airflow/dags/dag_get_weather.py
Traceback (most recent call last):
  File "/home/airflow/.local/lib/python3.8/site-packages/airflow/models/dagbag.py", line 344, in parse
    loader.exec_module(new_module)
  File "<frozen importlib._bootstrap_external>", line 839, in exec_module
  File "<frozen importlib._bootstrap_external>", line 976, in get_code
  File "<frozen importlib._bootstrap_external>", line 906, in source_to_code
  File "<frozen importlib._bootstrap>", line 219, in _call_with_frames_removed
  File "/opt/airflow/dags/dag_get_weather.py", line 27
    schedule_interval=timedelta(minutes=1),
    ^
SyntaxError: keyword argument repeated
[2024-10-14T21:45:34.697+0000] {processor.py:842} WARNING - No viable dags retrieved from /opt/airflow/dags/dag_get_weather.py
[2024-10-14T21:45:34.712+0000] {processor.py:183} INFO - Processing /opt/airflow/dags/dag_get_weather.py took 0.026 seconds
[2024-10-14T21:46:05.072+0000] {processor.py:161} INFO - Started process (PID=360) to work on /opt/airflow/dags/dag_get_weather.py
[2024-10-14T21:46:05.075+0000] {processor.py:830} INFO - Processing file /opt/airflow/dags/dag_get_weather.py for tasks to queue
[2024-10-14T21:46:05.076+0000] {logging_mixin.py:188} INFO - [2024-10-14T21:46:05.076+0000] {dagbag.py:538} INFO - Filling up the DagBag from /opt/airflow/dags/dag_get_weather.py
[2024-10-14T21:46:05.079+0000] {logging_mixin.py:188} INFO - [2024-10-14T21:46:05.078+0000] {dagbag.py:348} ERROR - Failed to import: /opt/airflow/dags/dag_get_weather.py
Traceback (most recent call last):
  File "/home/airflow/.local/lib/python3.8/site-packages/airflow/models/dagbag.py", line 344, in parse
    loader.exec_module(new_module)
  File "<frozen importlib._bootstrap_external>", line 839, in exec_module
  File "<frozen importlib._bootstrap_external>", line 976, in get_code
  File "<frozen importlib._bootstrap_external>", line 906, in source_to_code
  File "<frozen importlib._bootstrap>", line 219, in _call_with_frames_removed
  File "/opt/airflow/dags/dag_get_weather.py", line 27
    schedule_interval=timedelta(minutes=1),
    ^
SyntaxError: keyword argument repeated
[2024-10-14T21:46:05.080+0000] {processor.py:842} WARNING - No viable dags retrieved from /opt/airflow/dags/dag_get_weather.py
[2024-10-14T21:46:05.094+0000] {processor.py:183} INFO - Processing /opt/airflow/dags/dag_get_weather.py took 0.025 seconds
[2024-10-14T21:46:35.171+0000] {processor.py:161} INFO - Started process (PID=426) to work on /opt/airflow/dags/dag_get_weather.py
[2024-10-14T21:46:35.172+0000] {processor.py:830} INFO - Processing file /opt/airflow/dags/dag_get_weather.py for tasks to queue
[2024-10-14T21:46:35.174+0000] {logging_mixin.py:188} INFO - [2024-10-14T21:46:35.173+0000] {dagbag.py:538} INFO - Filling up the DagBag from /opt/airflow/dags/dag_get_weather.py
[2024-10-14T21:46:35.177+0000] {logging_mixin.py:188} INFO - [2024-10-14T21:46:35.176+0000] {dagbag.py:348} ERROR - Failed to import: /opt/airflow/dags/dag_get_weather.py
Traceback (most recent call last):
  File "/home/airflow/.local/lib/python3.8/site-packages/airflow/models/dagbag.py", line 344, in parse
    loader.exec_module(new_module)
  File "<frozen importlib._bootstrap_external>", line 839, in exec_module
  File "<frozen importlib._bootstrap_external>", line 976, in get_code
  File "<frozen importlib._bootstrap_external>", line 906, in source_to_code
  File "<frozen importlib._bootstrap>", line 219, in _call_with_frames_removed
  File "/opt/airflow/dags/dag_get_weather.py", line 27
    schedule_interval=timedelta(minutes=1),
    ^
SyntaxError: keyword argument repeated
[2024-10-14T21:46:35.177+0000] {processor.py:842} WARNING - No viable dags retrieved from /opt/airflow/dags/dag_get_weather.py
[2024-10-14T21:46:35.194+0000] {processor.py:183} INFO - Processing /opt/airflow/dags/dag_get_weather.py took 0.026 seconds
[2024-10-14T21:46:38.814+0000] {processor.py:161} INFO - Started process (PID=465) to work on /opt/airflow/dags/dag_get_weather.py
[2024-10-14T21:46:38.815+0000] {processor.py:830} INFO - Processing file /opt/airflow/dags/dag_get_weather.py for tasks to queue
[2024-10-14T21:46:38.817+0000] {logging_mixin.py:188} INFO - [2024-10-14T21:46:38.817+0000] {dagbag.py:538} INFO - Filling up the DagBag from /opt/airflow/dags/dag_get_weather.py
[2024-10-14T21:46:40.276+0000] {processor.py:840} INFO - DAG(s) 'dag_get_weather_data' retrieved from /opt/airflow/dags/dag_get_weather.py
[2024-10-14T21:46:40.378+0000] {logging_mixin.py:188} INFO - [2024-10-14T21:46:40.378+0000] {override.py:1769} INFO - Created Permission View: can edit on DAG:dag_get_weather_data
[2024-10-14T21:46:40.389+0000] {logging_mixin.py:188} INFO - [2024-10-14T21:46:40.389+0000] {override.py:1769} INFO - Created Permission View: can delete on DAG:dag_get_weather_data
[2024-10-14T21:46:40.395+0000] {logging_mixin.py:188} INFO - [2024-10-14T21:46:40.395+0000] {override.py:1769} INFO - Created Permission View: can read on DAG:dag_get_weather_data
[2024-10-14T21:46:40.395+0000] {logging_mixin.py:188} INFO - [2024-10-14T21:46:40.395+0000] {dag.py:3036} INFO - Sync 1 DAGs
[2024-10-14T21:46:40.406+0000] {logging_mixin.py:188} INFO - [2024-10-14T21:46:40.406+0000] {dag.py:3058} INFO - Creating ORM DAG for dag_get_weather_data
[2024-10-14T21:46:40.415+0000] {logging_mixin.py:188} INFO - [2024-10-14T21:46:40.414+0000] {dag.py:3823} INFO - Setting next_dagrun for dag_get_weather_data to 2024-10-14 21:45:00+00:00, run_after=2024-10-14 21:46:00+00:00
[2024-10-14T21:46:40.441+0000] {processor.py:183} INFO - Processing /opt/airflow/dags/dag_get_weather.py took 1.629 seconds
[2024-10-14T21:46:52.094+0000] {processor.py:161} INFO - Started process (PID=501) to work on /opt/airflow/dags/dag_get_weather.py
[2024-10-14T21:46:52.095+0000] {processor.py:830} INFO - Processing file /opt/airflow/dags/dag_get_weather.py for tasks to queue
[2024-10-14T21:46:52.098+0000] {logging_mixin.py:188} INFO - [2024-10-14T21:46:52.097+0000] {dagbag.py:538} INFO - Filling up the DagBag from /opt/airflow/dags/dag_get_weather.py
[2024-10-14T21:46:53.115+0000] {processor.py:840} INFO - DAG(s) 'dag_get_weather_data' retrieved from /opt/airflow/dags/dag_get_weather.py
[2024-10-14T21:46:53.144+0000] {logging_mixin.py:188} INFO - [2024-10-14T21:46:53.144+0000] {dag.py:3036} INFO - Sync 1 DAGs
[2024-10-14T21:46:53.201+0000] {logging_mixin.py:188} INFO - [2024-10-14T21:46:53.201+0000] {dag.py:3823} INFO - Setting next_dagrun for dag_get_weather_data to 2024-10-14 20:00:00+00:00, run_after=2024-10-14 21:00:00+00:00
[2024-10-14T21:46:53.256+0000] {processor.py:183} INFO - Processing /opt/airflow/dags/dag_get_weather.py took 1.166 seconds
[2024-10-14T21:50:39.905+0000] {processor.py:161} INFO - Started process (PID=73) to work on /opt/airflow/dags/dag_get_weather.py
[2024-10-14T21:50:39.910+0000] {processor.py:830} INFO - Processing file /opt/airflow/dags/dag_get_weather.py for tasks to queue
[2024-10-14T21:50:39.916+0000] {logging_mixin.py:188} INFO - [2024-10-14T21:50:39.915+0000] {dagbag.py:538} INFO - Filling up the DagBag from /opt/airflow/dags/dag_get_weather.py
[2024-10-14T21:50:42.594+0000] {processor.py:840} INFO - DAG(s) 'dag_get_weather_data' retrieved from /opt/airflow/dags/dag_get_weather.py
[2024-10-14T21:50:42.619+0000] {logging_mixin.py:188} INFO - [2024-10-14T21:50:42.618+0000] {dag.py:3036} INFO - Sync 1 DAGs
[2024-10-14T21:50:42.640+0000] {logging_mixin.py:188} INFO - [2024-10-14T21:50:42.640+0000] {dag.py:3823} INFO - Setting next_dagrun for dag_get_weather_data to 2024-10-14 20:00:00+00:00, run_after=2024-10-14 21:00:00+00:00
[2024-10-14T21:50:42.682+0000] {processor.py:183} INFO - Processing /opt/airflow/dags/dag_get_weather.py took 2.793 seconds
[2024-10-14T21:51:13.055+0000] {processor.py:161} INFO - Started process (PID=172) to work on /opt/airflow/dags/dag_get_weather.py
[2024-10-14T21:51:13.057+0000] {processor.py:830} INFO - Processing file /opt/airflow/dags/dag_get_weather.py for tasks to queue
[2024-10-14T21:51:13.059+0000] {logging_mixin.py:188} INFO - [2024-10-14T21:51:13.059+0000] {dagbag.py:538} INFO - Filling up the DagBag from /opt/airflow/dags/dag_get_weather.py
[2024-10-14T21:51:14.000+0000] {processor.py:840} INFO - DAG(s) 'dag_get_weather_data' retrieved from /opt/airflow/dags/dag_get_weather.py
[2024-10-14T21:51:14.082+0000] {logging_mixin.py:188} INFO - [2024-10-14T21:51:14.082+0000] {dag.py:3036} INFO - Sync 1 DAGs
[2024-10-14T21:51:14.095+0000] {logging_mixin.py:188} INFO - [2024-10-14T21:51:14.095+0000] {dag.py:3823} INFO - Setting next_dagrun for dag_get_weather_data to 2024-10-14 20:00:00+00:00, run_after=2024-10-14 21:00:00+00:00
[2024-10-14T21:51:14.110+0000] {processor.py:183} INFO - Processing /opt/airflow/dags/dag_get_weather.py took 1.060 seconds
[2024-10-14T21:51:44.165+0000] {processor.py:161} INFO - Started process (PID=257) to work on /opt/airflow/dags/dag_get_weather.py
[2024-10-14T21:51:44.166+0000] {processor.py:830} INFO - Processing file /opt/airflow/dags/dag_get_weather.py for tasks to queue
[2024-10-14T21:51:44.168+0000] {logging_mixin.py:188} INFO - [2024-10-14T21:51:44.167+0000] {dagbag.py:538} INFO - Filling up the DagBag from /opt/airflow/dags/dag_get_weather.py
[2024-10-14T21:51:44.858+0000] {processor.py:840} INFO - DAG(s) 'dag_get_weather_data' retrieved from /opt/airflow/dags/dag_get_weather.py
[2024-10-14T21:51:44.871+0000] {logging_mixin.py:188} INFO - [2024-10-14T21:51:44.871+0000] {dag.py:3036} INFO - Sync 1 DAGs
[2024-10-14T21:51:44.886+0000] {logging_mixin.py:188} INFO - [2024-10-14T21:51:44.886+0000] {dag.py:3823} INFO - Setting next_dagrun for dag_get_weather_data to 2024-10-14 21:00:00+00:00, run_after=2024-10-14 22:00:00+00:00
[2024-10-14T21:51:44.897+0000] {processor.py:183} INFO - Processing /opt/airflow/dags/dag_get_weather.py took 0.734 seconds
[2024-10-14T21:52:15.672+0000] {processor.py:161} INFO - Started process (PID=335) to work on /opt/airflow/dags/dag_get_weather.py
[2024-10-14T21:52:15.676+0000] {processor.py:830} INFO - Processing file /opt/airflow/dags/dag_get_weather.py for tasks to queue
[2024-10-14T21:52:15.677+0000] {logging_mixin.py:188} INFO - [2024-10-14T21:52:15.677+0000] {dagbag.py:538} INFO - Filling up the DagBag from /opt/airflow/dags/dag_get_weather.py
[2024-10-14T21:52:16.324+0000] {processor.py:840} INFO - DAG(s) 'dag_get_weather_data' retrieved from /opt/airflow/dags/dag_get_weather.py
[2024-10-14T21:52:16.340+0000] {logging_mixin.py:188} INFO - [2024-10-14T21:52:16.339+0000] {dag.py:3036} INFO - Sync 1 DAGs
[2024-10-14T21:52:16.365+0000] {logging_mixin.py:188} INFO - [2024-10-14T21:52:16.365+0000] {dag.py:3823} INFO - Setting next_dagrun for dag_get_weather_data to 2024-10-14 21:00:00+00:00, run_after=2024-10-14 22:00:00+00:00
[2024-10-14T21:52:16.385+0000] {processor.py:183} INFO - Processing /opt/airflow/dags/dag_get_weather.py took 0.715 seconds
[2024-10-14T21:52:46.692+0000] {processor.py:161} INFO - Started process (PID=416) to work on /opt/airflow/dags/dag_get_weather.py
[2024-10-14T21:52:46.693+0000] {processor.py:830} INFO - Processing file /opt/airflow/dags/dag_get_weather.py for tasks to queue
[2024-10-14T21:52:46.695+0000] {logging_mixin.py:188} INFO - [2024-10-14T21:52:46.695+0000] {dagbag.py:538} INFO - Filling up the DagBag from /opt/airflow/dags/dag_get_weather.py
[2024-10-14T21:52:47.672+0000] {processor.py:840} INFO - DAG(s) 'dag_get_weather_data' retrieved from /opt/airflow/dags/dag_get_weather.py
[2024-10-14T21:52:47.691+0000] {logging_mixin.py:188} INFO - [2024-10-14T21:52:47.691+0000] {dag.py:3036} INFO - Sync 1 DAGs
[2024-10-14T21:52:47.714+0000] {logging_mixin.py:188} INFO - [2024-10-14T21:52:47.713+0000] {dag.py:3823} INFO - Setting next_dagrun for dag_get_weather_data to 2024-10-14 21:00:00+00:00, run_after=2024-10-14 22:00:00+00:00
[2024-10-14T21:52:47.741+0000] {processor.py:183} INFO - Processing /opt/airflow/dags/dag_get_weather.py took 1.051 seconds
[2024-10-14T21:53:18.079+0000] {processor.py:161} INFO - Started process (PID=492) to work on /opt/airflow/dags/dag_get_weather.py
[2024-10-14T21:53:18.082+0000] {processor.py:830} INFO - Processing file /opt/airflow/dags/dag_get_weather.py for tasks to queue
[2024-10-14T21:53:18.087+0000] {logging_mixin.py:188} INFO - [2024-10-14T21:53:18.086+0000] {dagbag.py:538} INFO - Filling up the DagBag from /opt/airflow/dags/dag_get_weather.py
[2024-10-14T21:53:19.019+0000] {processor.py:840} INFO - DAG(s) 'dag_get_weather_data' retrieved from /opt/airflow/dags/dag_get_weather.py
[2024-10-14T21:53:19.038+0000] {logging_mixin.py:188} INFO - [2024-10-14T21:53:19.038+0000] {dag.py:3036} INFO - Sync 1 DAGs
[2024-10-14T21:53:19.060+0000] {logging_mixin.py:188} INFO - [2024-10-14T21:53:19.059+0000] {dag.py:3823} INFO - Setting next_dagrun for dag_get_weather_data to 2024-10-14 21:00:00+00:00, run_after=2024-10-14 22:00:00+00:00
[2024-10-14T21:53:19.077+0000] {processor.py:183} INFO - Processing /opt/airflow/dags/dag_get_weather.py took 1.001 seconds
[2024-10-14T21:53:49.124+0000] {processor.py:161} INFO - Started process (PID=581) to work on /opt/airflow/dags/dag_get_weather.py
[2024-10-14T21:53:49.125+0000] {processor.py:830} INFO - Processing file /opt/airflow/dags/dag_get_weather.py for tasks to queue
[2024-10-14T21:53:49.126+0000] {logging_mixin.py:188} INFO - [2024-10-14T21:53:49.126+0000] {dagbag.py:538} INFO - Filling up the DagBag from /opt/airflow/dags/dag_get_weather.py
[2024-10-14T21:53:50.084+0000] {processor.py:840} INFO - DAG(s) 'dag_get_weather_data' retrieved from /opt/airflow/dags/dag_get_weather.py
[2024-10-14T21:53:50.108+0000] {logging_mixin.py:188} INFO - [2024-10-14T21:53:50.108+0000] {dag.py:3036} INFO - Sync 1 DAGs
[2024-10-14T21:53:50.130+0000] {logging_mixin.py:188} INFO - [2024-10-14T21:53:50.130+0000] {dag.py:3823} INFO - Setting next_dagrun for dag_get_weather_data to 2024-10-14 21:00:00+00:00, run_after=2024-10-14 22:00:00+00:00
[2024-10-14T21:53:50.148+0000] {processor.py:183} INFO - Processing /opt/airflow/dags/dag_get_weather.py took 1.026 seconds
[2024-10-14T21:54:10.305+0000] {processor.py:161} INFO - Started process (PID=611) to work on /opt/airflow/dags/dag_get_weather.py
[2024-10-14T21:54:10.306+0000] {processor.py:830} INFO - Processing file /opt/airflow/dags/dag_get_weather.py for tasks to queue
[2024-10-14T21:54:10.308+0000] {logging_mixin.py:188} INFO - [2024-10-14T21:54:10.307+0000] {dagbag.py:538} INFO - Filling up the DagBag from /opt/airflow/dags/dag_get_weather.py
[2024-10-14T21:54:11.479+0000] {processor.py:840} INFO - DAG(s) 'dag_get_weather_data' retrieved from /opt/airflow/dags/dag_get_weather.py
[2024-10-14T21:54:11.508+0000] {logging_mixin.py:188} INFO - [2024-10-14T21:54:11.507+0000] {dag.py:3036} INFO - Sync 1 DAGs
[2024-10-14T21:54:11.539+0000] {logging_mixin.py:188} INFO - [2024-10-14T21:54:11.539+0000] {dag.py:3823} INFO - Setting next_dagrun for dag_get_weather_data to 2024-10-14 21:00:00+00:00, run_after=2024-10-14 22:00:00+00:00
[2024-10-14T21:54:11.561+0000] {processor.py:183} INFO - Processing /opt/airflow/dags/dag_get_weather.py took 1.262 seconds
[2024-10-14T21:54:21.954+0000] {processor.py:161} INFO - Started process (PID=675) to work on /opt/airflow/dags/dag_get_weather.py
[2024-10-14T21:54:21.957+0000] {processor.py:830} INFO - Processing file /opt/airflow/dags/dag_get_weather.py for tasks to queue
[2024-10-14T21:54:21.965+0000] {logging_mixin.py:188} INFO - [2024-10-14T21:54:21.963+0000] {dagbag.py:538} INFO - Filling up the DagBag from /opt/airflow/dags/dag_get_weather.py
[2024-10-14T21:54:23.404+0000] {processor.py:840} INFO - DAG(s) 'dag_get_weather_data' retrieved from /opt/airflow/dags/dag_get_weather.py
[2024-10-14T21:54:23.421+0000] {logging_mixin.py:188} INFO - [2024-10-14T21:54:23.421+0000] {dag.py:3036} INFO - Sync 1 DAGs
[2024-10-14T21:54:23.440+0000] {logging_mixin.py:188} INFO - [2024-10-14T21:54:23.439+0000] {dag.py:3823} INFO - Setting next_dagrun for dag_get_weather_data to 2024-10-14 21:00:00+00:00, run_after=2024-10-14 22:00:00+00:00
[2024-10-14T21:54:23.456+0000] {processor.py:183} INFO - Processing /opt/airflow/dags/dag_get_weather.py took 1.519 seconds
[2024-10-14T21:58:40.305+0000] {processor.py:161} INFO - Started process (PID=72) to work on /opt/airflow/dags/dag_get_weather.py
[2024-10-14T21:58:40.306+0000] {processor.py:830} INFO - Processing file /opt/airflow/dags/dag_get_weather.py for tasks to queue
[2024-10-14T21:58:40.309+0000] {logging_mixin.py:188} INFO - [2024-10-14T21:58:40.308+0000] {dagbag.py:538} INFO - Filling up the DagBag from /opt/airflow/dags/dag_get_weather.py
[2024-10-14T21:58:42.578+0000] {processor.py:840} INFO - DAG(s) 'dag_get_weather_data' retrieved from /opt/airflow/dags/dag_get_weather.py
[2024-10-14T21:58:42.600+0000] {logging_mixin.py:188} INFO - [2024-10-14T21:58:42.599+0000] {dag.py:3036} INFO - Sync 1 DAGs
[2024-10-14T21:58:42.633+0000] {logging_mixin.py:188} INFO - [2024-10-14T21:58:42.632+0000] {dag.py:3823} INFO - Setting next_dagrun for dag_get_weather_data to 2024-10-14 20:00:00+00:00, run_after=2024-10-14 21:00:00+00:00
[2024-10-14T21:58:42.680+0000] {processor.py:183} INFO - Processing /opt/airflow/dags/dag_get_weather.py took 2.378 seconds
[2024-10-14T21:59:13.391+0000] {processor.py:161} INFO - Started process (PID=172) to work on /opt/airflow/dags/dag_get_weather.py
[2024-10-14T21:59:13.391+0000] {processor.py:830} INFO - Processing file /opt/airflow/dags/dag_get_weather.py for tasks to queue
[2024-10-14T21:59:13.393+0000] {logging_mixin.py:188} INFO - [2024-10-14T21:59:13.393+0000] {dagbag.py:538} INFO - Filling up the DagBag from /opt/airflow/dags/dag_get_weather.py
[2024-10-14T21:59:14.796+0000] {processor.py:840} INFO - DAG(s) 'dag_get_weather_data' retrieved from /opt/airflow/dags/dag_get_weather.py
[2024-10-14T21:59:14.900+0000] {logging_mixin.py:188} INFO - [2024-10-14T21:59:14.899+0000] {dag.py:3036} INFO - Sync 1 DAGs
[2024-10-14T21:59:14.925+0000] {logging_mixin.py:188} INFO - [2024-10-14T21:59:14.925+0000] {dag.py:3823} INFO - Setting next_dagrun for dag_get_weather_data to 2024-10-14 20:00:00+00:00, run_after=2024-10-14 21:00:00+00:00
[2024-10-14T21:59:14.946+0000] {processor.py:183} INFO - Processing /opt/airflow/dags/dag_get_weather.py took 1.561 seconds
[2024-10-14T21:59:45.260+0000] {processor.py:161} INFO - Started process (PID=249) to work on /opt/airflow/dags/dag_get_weather.py
[2024-10-14T21:59:45.264+0000] {processor.py:830} INFO - Processing file /opt/airflow/dags/dag_get_weather.py for tasks to queue
[2024-10-14T21:59:45.265+0000] {logging_mixin.py:188} INFO - [2024-10-14T21:59:45.265+0000] {dagbag.py:538} INFO - Filling up the DagBag from /opt/airflow/dags/dag_get_weather.py
[2024-10-14T21:59:46.644+0000] {processor.py:840} INFO - DAG(s) 'dag_get_weather_data' retrieved from /opt/airflow/dags/dag_get_weather.py
[2024-10-14T21:59:46.677+0000] {logging_mixin.py:188} INFO - [2024-10-14T21:59:46.677+0000] {dag.py:3036} INFO - Sync 1 DAGs
[2024-10-14T21:59:46.711+0000] {logging_mixin.py:188} INFO - [2024-10-14T21:59:46.711+0000] {dag.py:3823} INFO - Setting next_dagrun for dag_get_weather_data to 2024-10-14 21:00:00+00:00, run_after=2024-10-14 22:00:00+00:00
[2024-10-14T21:59:46.728+0000] {processor.py:183} INFO - Processing /opt/airflow/dags/dag_get_weather.py took 1.471 seconds
[2024-10-14T22:00:16.984+0000] {processor.py:161} INFO - Started process (PID=336) to work on /opt/airflow/dags/dag_get_weather.py
[2024-10-14T22:00:16.987+0000] {processor.py:830} INFO - Processing file /opt/airflow/dags/dag_get_weather.py for tasks to queue
[2024-10-14T22:00:16.989+0000] {logging_mixin.py:188} INFO - [2024-10-14T22:00:16.989+0000] {dagbag.py:538} INFO - Filling up the DagBag from /opt/airflow/dags/dag_get_weather.py
[2024-10-14T22:00:18.043+0000] {processor.py:840} INFO - DAG(s) 'dag_get_weather_data' retrieved from /opt/airflow/dags/dag_get_weather.py
[2024-10-14T22:00:18.056+0000] {logging_mixin.py:188} INFO - [2024-10-14T22:00:18.056+0000] {dag.py:3036} INFO - Sync 1 DAGs
[2024-10-14T22:00:18.072+0000] {logging_mixin.py:188} INFO - [2024-10-14T22:00:18.072+0000] {dag.py:3823} INFO - Setting next_dagrun for dag_get_weather_data to 2024-10-14 22:00:00+00:00, run_after=2024-10-14 23:00:00+00:00
[2024-10-14T22:00:18.088+0000] {processor.py:183} INFO - Processing /opt/airflow/dags/dag_get_weather.py took 1.107 seconds
[2024-10-14T22:00:48.137+0000] {processor.py:161} INFO - Started process (PID=419) to work on /opt/airflow/dags/dag_get_weather.py
[2024-10-14T22:00:48.141+0000] {processor.py:830} INFO - Processing file /opt/airflow/dags/dag_get_weather.py for tasks to queue
[2024-10-14T22:00:48.143+0000] {logging_mixin.py:188} INFO - [2024-10-14T22:00:48.143+0000] {dagbag.py:538} INFO - Filling up the DagBag from /opt/airflow/dags/dag_get_weather.py
[2024-10-14T22:00:49.389+0000] {processor.py:840} INFO - DAG(s) 'dag_get_weather_data' retrieved from /opt/airflow/dags/dag_get_weather.py
[2024-10-14T22:00:49.410+0000] {logging_mixin.py:188} INFO - [2024-10-14T22:00:49.409+0000] {dag.py:3036} INFO - Sync 1 DAGs
[2024-10-14T22:00:49.434+0000] {logging_mixin.py:188} INFO - [2024-10-14T22:00:49.434+0000] {dag.py:3823} INFO - Setting next_dagrun for dag_get_weather_data to 2024-10-14 22:00:00+00:00, run_after=2024-10-14 23:00:00+00:00
[2024-10-14T22:00:49.460+0000] {processor.py:183} INFO - Processing /opt/airflow/dags/dag_get_weather.py took 1.328 seconds
[2024-10-14T22:01:19.911+0000] {processor.py:161} INFO - Started process (PID=508) to work on /opt/airflow/dags/dag_get_weather.py
[2024-10-14T22:01:19.912+0000] {processor.py:830} INFO - Processing file /opt/airflow/dags/dag_get_weather.py for tasks to queue
[2024-10-14T22:01:19.914+0000] {logging_mixin.py:188} INFO - [2024-10-14T22:01:19.914+0000] {dagbag.py:538} INFO - Filling up the DagBag from /opt/airflow/dags/dag_get_weather.py
[2024-10-14T22:01:20.748+0000] {processor.py:840} INFO - DAG(s) 'dag_get_weather_data' retrieved from /opt/airflow/dags/dag_get_weather.py
[2024-10-14T22:01:20.766+0000] {logging_mixin.py:188} INFO - [2024-10-14T22:01:20.766+0000] {dag.py:3036} INFO - Sync 1 DAGs
[2024-10-14T22:01:20.783+0000] {logging_mixin.py:188} INFO - [2024-10-14T22:01:20.783+0000] {dag.py:3823} INFO - Setting next_dagrun for dag_get_weather_data to 2024-10-14 22:00:00+00:00, run_after=2024-10-14 23:00:00+00:00
[2024-10-14T22:01:20.808+0000] {processor.py:183} INFO - Processing /opt/airflow/dags/dag_get_weather.py took 0.900 seconds
[2024-10-14T22:01:51.399+0000] {processor.py:161} INFO - Started process (PID=587) to work on /opt/airflow/dags/dag_get_weather.py
[2024-10-14T22:01:51.400+0000] {processor.py:830} INFO - Processing file /opt/airflow/dags/dag_get_weather.py for tasks to queue
[2024-10-14T22:01:51.402+0000] {logging_mixin.py:188} INFO - [2024-10-14T22:01:51.401+0000] {dagbag.py:538} INFO - Filling up the DagBag from /opt/airflow/dags/dag_get_weather.py
[2024-10-14T22:01:52.545+0000] {processor.py:840} INFO - DAG(s) 'dag_get_weather_data' retrieved from /opt/airflow/dags/dag_get_weather.py
[2024-10-14T22:01:52.578+0000] {logging_mixin.py:188} INFO - [2024-10-14T22:01:52.577+0000] {dag.py:3036} INFO - Sync 1 DAGs
[2024-10-14T22:01:52.613+0000] {logging_mixin.py:188} INFO - [2024-10-14T22:01:52.613+0000] {dag.py:3823} INFO - Setting next_dagrun for dag_get_weather_data to 2024-10-14 22:00:00+00:00, run_after=2024-10-14 23:00:00+00:00
[2024-10-14T22:01:52.650+0000] {processor.py:183} INFO - Processing /opt/airflow/dags/dag_get_weather.py took 1.253 seconds
[2024-10-14T22:02:22.719+0000] {processor.py:161} INFO - Started process (PID=669) to work on /opt/airflow/dags/dag_get_weather.py
[2024-10-14T22:02:22.721+0000] {processor.py:830} INFO - Processing file /opt/airflow/dags/dag_get_weather.py for tasks to queue
[2024-10-14T22:02:22.724+0000] {logging_mixin.py:188} INFO - [2024-10-14T22:02:22.724+0000] {dagbag.py:538} INFO - Filling up the DagBag from /opt/airflow/dags/dag_get_weather.py
[2024-10-14T22:02:23.598+0000] {processor.py:840} INFO - DAG(s) 'dag_get_weather_data' retrieved from /opt/airflow/dags/dag_get_weather.py
[2024-10-14T22:02:23.614+0000] {logging_mixin.py:188} INFO - [2024-10-14T22:02:23.614+0000] {dag.py:3036} INFO - Sync 1 DAGs
[2024-10-14T22:02:23.633+0000] {logging_mixin.py:188} INFO - [2024-10-14T22:02:23.633+0000] {dag.py:3823} INFO - Setting next_dagrun for dag_get_weather_data to 2024-10-14 22:00:00+00:00, run_after=2024-10-14 23:00:00+00:00
[2024-10-14T22:02:23.647+0000] {processor.py:183} INFO - Processing /opt/airflow/dags/dag_get_weather.py took 0.931 seconds
[2024-10-14T22:02:54.427+0000] {processor.py:161} INFO - Started process (PID=751) to work on /opt/airflow/dags/dag_get_weather.py
[2024-10-14T22:02:54.430+0000] {processor.py:830} INFO - Processing file /opt/airflow/dags/dag_get_weather.py for tasks to queue
[2024-10-14T22:02:54.432+0000] {logging_mixin.py:188} INFO - [2024-10-14T22:02:54.432+0000] {dagbag.py:538} INFO - Filling up the DagBag from /opt/airflow/dags/dag_get_weather.py
[2024-10-14T22:02:55.278+0000] {processor.py:840} INFO - DAG(s) 'dag_get_weather_data' retrieved from /opt/airflow/dags/dag_get_weather.py
[2024-10-14T22:02:55.294+0000] {logging_mixin.py:188} INFO - [2024-10-14T22:02:55.293+0000] {dag.py:3036} INFO - Sync 1 DAGs
[2024-10-14T22:02:55.313+0000] {logging_mixin.py:188} INFO - [2024-10-14T22:02:55.313+0000] {dag.py:3823} INFO - Setting next_dagrun for dag_get_weather_data to 2024-10-14 22:00:00+00:00, run_after=2024-10-14 23:00:00+00:00
[2024-10-14T22:02:55.329+0000] {processor.py:183} INFO - Processing /opt/airflow/dags/dag_get_weather.py took 0.906 seconds
[2024-10-14T22:03:25.501+0000] {processor.py:161} INFO - Started process (PID=825) to work on /opt/airflow/dags/dag_get_weather.py
[2024-10-14T22:03:25.507+0000] {processor.py:830} INFO - Processing file /opt/airflow/dags/dag_get_weather.py for tasks to queue
[2024-10-14T22:03:25.509+0000] {logging_mixin.py:188} INFO - [2024-10-14T22:03:25.509+0000] {dagbag.py:538} INFO - Filling up the DagBag from /opt/airflow/dags/dag_get_weather.py
[2024-10-14T22:03:26.392+0000] {processor.py:840} INFO - DAG(s) 'dag_get_weather_data' retrieved from /opt/airflow/dags/dag_get_weather.py
[2024-10-14T22:03:26.409+0000] {logging_mixin.py:188} INFO - [2024-10-14T22:03:26.409+0000] {dag.py:3036} INFO - Sync 1 DAGs
[2024-10-14T22:03:26.433+0000] {logging_mixin.py:188} INFO - [2024-10-14T22:03:26.433+0000] {dag.py:3823} INFO - Setting next_dagrun for dag_get_weather_data to 2024-10-14 22:00:00+00:00, run_after=2024-10-14 23:00:00+00:00
[2024-10-14T22:03:26.448+0000] {processor.py:183} INFO - Processing /opt/airflow/dags/dag_get_weather.py took 0.950 seconds
[2024-10-14T22:03:56.661+0000] {processor.py:161} INFO - Started process (PID=898) to work on /opt/airflow/dags/dag_get_weather.py
[2024-10-14T22:03:56.662+0000] {processor.py:830} INFO - Processing file /opt/airflow/dags/dag_get_weather.py for tasks to queue
[2024-10-14T22:03:56.664+0000] {logging_mixin.py:188} INFO - [2024-10-14T22:03:56.664+0000] {dagbag.py:538} INFO - Filling up the DagBag from /opt/airflow/dags/dag_get_weather.py
[2024-10-14T22:03:57.796+0000] {processor.py:840} INFO - DAG(s) 'dag_get_weather_data' retrieved from /opt/airflow/dags/dag_get_weather.py
[2024-10-14T22:03:57.814+0000] {logging_mixin.py:188} INFO - [2024-10-14T22:03:57.814+0000] {dag.py:3036} INFO - Sync 1 DAGs
[2024-10-14T22:03:57.836+0000] {logging_mixin.py:188} INFO - [2024-10-14T22:03:57.836+0000] {dag.py:3823} INFO - Setting next_dagrun for dag_get_weather_data to 2024-10-14 22:00:00+00:00, run_after=2024-10-14 23:00:00+00:00
[2024-10-14T22:03:57.856+0000] {processor.py:183} INFO - Processing /opt/airflow/dags/dag_get_weather.py took 1.197 seconds
[2024-10-14T22:04:27.938+0000] {processor.py:161} INFO - Started process (PID=979) to work on /opt/airflow/dags/dag_get_weather.py
[2024-10-14T22:04:27.939+0000] {processor.py:830} INFO - Processing file /opt/airflow/dags/dag_get_weather.py for tasks to queue
[2024-10-14T22:04:27.941+0000] {logging_mixin.py:188} INFO - [2024-10-14T22:04:27.940+0000] {dagbag.py:538} INFO - Filling up the DagBag from /opt/airflow/dags/dag_get_weather.py
[2024-10-14T22:04:28.651+0000] {processor.py:840} INFO - DAG(s) 'dag_get_weather_data' retrieved from /opt/airflow/dags/dag_get_weather.py
[2024-10-14T22:04:28.664+0000] {logging_mixin.py:188} INFO - [2024-10-14T22:04:28.664+0000] {dag.py:3036} INFO - Sync 1 DAGs
[2024-10-14T22:04:28.680+0000] {logging_mixin.py:188} INFO - [2024-10-14T22:04:28.680+0000] {dag.py:3823} INFO - Setting next_dagrun for dag_get_weather_data to 2024-10-14 22:00:00+00:00, run_after=2024-10-14 23:00:00+00:00
[2024-10-14T22:04:28.693+0000] {processor.py:183} INFO - Processing /opt/airflow/dags/dag_get_weather.py took 0.757 seconds
[2024-10-14T22:04:58.901+0000] {processor.py:161} INFO - Started process (PID=1062) to work on /opt/airflow/dags/dag_get_weather.py
[2024-10-14T22:04:58.902+0000] {processor.py:830} INFO - Processing file /opt/airflow/dags/dag_get_weather.py for tasks to queue
[2024-10-14T22:04:58.904+0000] {logging_mixin.py:188} INFO - [2024-10-14T22:04:58.903+0000] {dagbag.py:538} INFO - Filling up the DagBag from /opt/airflow/dags/dag_get_weather.py
[2024-10-14T22:04:59.618+0000] {processor.py:840} INFO - DAG(s) 'dag_get_weather_data' retrieved from /opt/airflow/dags/dag_get_weather.py
[2024-10-14T22:04:59.630+0000] {logging_mixin.py:188} INFO - [2024-10-14T22:04:59.630+0000] {dag.py:3036} INFO - Sync 1 DAGs
[2024-10-14T22:04:59.646+0000] {logging_mixin.py:188} INFO - [2024-10-14T22:04:59.645+0000] {dag.py:3823} INFO - Setting next_dagrun for dag_get_weather_data to 2024-10-14 22:00:00+00:00, run_after=2024-10-14 23:00:00+00:00
[2024-10-14T22:04:59.657+0000] {processor.py:183} INFO - Processing /opt/airflow/dags/dag_get_weather.py took 0.759 seconds
[2024-10-14T22:05:29.917+0000] {processor.py:161} INFO - Started process (PID=1136) to work on /opt/airflow/dags/dag_get_weather.py
[2024-10-14T22:05:29.918+0000] {processor.py:830} INFO - Processing file /opt/airflow/dags/dag_get_weather.py for tasks to queue
[2024-10-14T22:05:29.919+0000] {logging_mixin.py:188} INFO - [2024-10-14T22:05:29.919+0000] {dagbag.py:538} INFO - Filling up the DagBag from /opt/airflow/dags/dag_get_weather.py
[2024-10-14T22:05:30.582+0000] {processor.py:840} INFO - DAG(s) 'dag_get_weather_data' retrieved from /opt/airflow/dags/dag_get_weather.py
[2024-10-14T22:05:30.595+0000] {logging_mixin.py:188} INFO - [2024-10-14T22:05:30.594+0000] {dag.py:3036} INFO - Sync 1 DAGs
[2024-10-14T22:05:30.610+0000] {logging_mixin.py:188} INFO - [2024-10-14T22:05:30.609+0000] {dag.py:3823} INFO - Setting next_dagrun for dag_get_weather_data to 2024-10-14 22:00:00+00:00, run_after=2024-10-14 23:00:00+00:00
[2024-10-14T22:05:30.621+0000] {processor.py:183} INFO - Processing /opt/airflow/dags/dag_get_weather.py took 0.705 seconds
[2024-10-14T22:06:00.970+0000] {processor.py:161} INFO - Started process (PID=1218) to work on /opt/airflow/dags/dag_get_weather.py
[2024-10-14T22:06:00.971+0000] {processor.py:830} INFO - Processing file /opt/airflow/dags/dag_get_weather.py for tasks to queue
[2024-10-14T22:06:00.972+0000] {logging_mixin.py:188} INFO - [2024-10-14T22:06:00.972+0000] {dagbag.py:538} INFO - Filling up the DagBag from /opt/airflow/dags/dag_get_weather.py
[2024-10-14T22:06:01.689+0000] {processor.py:840} INFO - DAG(s) 'dag_get_weather_data' retrieved from /opt/airflow/dags/dag_get_weather.py
[2024-10-14T22:06:01.702+0000] {logging_mixin.py:188} INFO - [2024-10-14T22:06:01.702+0000] {dag.py:3036} INFO - Sync 1 DAGs
[2024-10-14T22:06:01.717+0000] {logging_mixin.py:188} INFO - [2024-10-14T22:06:01.717+0000] {dag.py:3823} INFO - Setting next_dagrun for dag_get_weather_data to 2024-10-14 22:00:00+00:00, run_after=2024-10-14 23:00:00+00:00
[2024-10-14T22:06:01.731+0000] {processor.py:183} INFO - Processing /opt/airflow/dags/dag_get_weather.py took 0.763 seconds
[2024-10-14T22:06:31.773+0000] {processor.py:161} INFO - Started process (PID=1289) to work on /opt/airflow/dags/dag_get_weather.py
[2024-10-14T22:06:31.774+0000] {processor.py:830} INFO - Processing file /opt/airflow/dags/dag_get_weather.py for tasks to queue
[2024-10-14T22:06:31.775+0000] {logging_mixin.py:188} INFO - [2024-10-14T22:06:31.775+0000] {dagbag.py:538} INFO - Filling up the DagBag from /opt/airflow/dags/dag_get_weather.py
[2024-10-14T22:06:32.424+0000] {processor.py:840} INFO - DAG(s) 'dag_get_weather_data' retrieved from /opt/airflow/dags/dag_get_weather.py
[2024-10-14T22:06:32.437+0000] {logging_mixin.py:188} INFO - [2024-10-14T22:06:32.436+0000] {dag.py:3036} INFO - Sync 1 DAGs
[2024-10-14T22:06:32.455+0000] {logging_mixin.py:188} INFO - [2024-10-14T22:06:32.455+0000] {dag.py:3823} INFO - Setting next_dagrun for dag_get_weather_data to 2024-10-14 22:00:00+00:00, run_after=2024-10-14 23:00:00+00:00
[2024-10-14T22:06:32.470+0000] {processor.py:183} INFO - Processing /opt/airflow/dags/dag_get_weather.py took 0.700 seconds
[2024-10-14T22:07:03.133+0000] {processor.py:161} INFO - Started process (PID=1372) to work on /opt/airflow/dags/dag_get_weather.py
[2024-10-14T22:07:03.134+0000] {processor.py:830} INFO - Processing file /opt/airflow/dags/dag_get_weather.py for tasks to queue
[2024-10-14T22:07:03.135+0000] {logging_mixin.py:188} INFO - [2024-10-14T22:07:03.135+0000] {dagbag.py:538} INFO - Filling up the DagBag from /opt/airflow/dags/dag_get_weather.py
[2024-10-14T22:07:03.779+0000] {processor.py:840} INFO - DAG(s) 'dag_get_weather_data' retrieved from /opt/airflow/dags/dag_get_weather.py
[2024-10-14T22:07:03.792+0000] {logging_mixin.py:188} INFO - [2024-10-14T22:07:03.792+0000] {dag.py:3036} INFO - Sync 1 DAGs
[2024-10-14T22:07:03.806+0000] {logging_mixin.py:188} INFO - [2024-10-14T22:07:03.806+0000] {dag.py:3823} INFO - Setting next_dagrun for dag_get_weather_data to 2024-10-14 22:00:00+00:00, run_after=2024-10-14 23:00:00+00:00
[2024-10-14T22:07:03.818+0000] {processor.py:183} INFO - Processing /opt/airflow/dags/dag_get_weather.py took 0.689 seconds
[2024-10-14T22:07:33.882+0000] {processor.py:161} INFO - Started process (PID=1455) to work on /opt/airflow/dags/dag_get_weather.py
[2024-10-14T22:07:33.884+0000] {processor.py:830} INFO - Processing file /opt/airflow/dags/dag_get_weather.py for tasks to queue
[2024-10-14T22:07:33.886+0000] {logging_mixin.py:188} INFO - [2024-10-14T22:07:33.885+0000] {dagbag.py:538} INFO - Filling up the DagBag from /opt/airflow/dags/dag_get_weather.py
[2024-10-14T22:07:34.759+0000] {processor.py:840} INFO - DAG(s) 'dag_get_weather_data' retrieved from /opt/airflow/dags/dag_get_weather.py
[2024-10-14T22:07:34.771+0000] {logging_mixin.py:188} INFO - [2024-10-14T22:07:34.771+0000] {dag.py:3036} INFO - Sync 1 DAGs
[2024-10-14T22:07:34.785+0000] {logging_mixin.py:188} INFO - [2024-10-14T22:07:34.785+0000] {dag.py:3823} INFO - Setting next_dagrun for dag_get_weather_data to 2024-10-14 22:00:00+00:00, run_after=2024-10-14 23:00:00+00:00
[2024-10-14T22:07:34.798+0000] {processor.py:183} INFO - Processing /opt/airflow/dags/dag_get_weather.py took 0.921 seconds
[2024-10-14T22:08:05.013+0000] {processor.py:161} INFO - Started process (PID=1529) to work on /opt/airflow/dags/dag_get_weather.py
[2024-10-14T22:08:05.014+0000] {processor.py:830} INFO - Processing file /opt/airflow/dags/dag_get_weather.py for tasks to queue
[2024-10-14T22:08:05.016+0000] {logging_mixin.py:188} INFO - [2024-10-14T22:08:05.015+0000] {dagbag.py:538} INFO - Filling up the DagBag from /opt/airflow/dags/dag_get_weather.py
[2024-10-14T22:08:05.785+0000] {processor.py:840} INFO - DAG(s) 'dag_get_weather_data' retrieved from /opt/airflow/dags/dag_get_weather.py
[2024-10-14T22:08:05.797+0000] {logging_mixin.py:188} INFO - [2024-10-14T22:08:05.797+0000] {dag.py:3036} INFO - Sync 1 DAGs
[2024-10-14T22:08:05.810+0000] {logging_mixin.py:188} INFO - [2024-10-14T22:08:05.810+0000] {dag.py:3823} INFO - Setting next_dagrun for dag_get_weather_data to 2024-10-14 22:00:00+00:00, run_after=2024-10-14 23:00:00+00:00
[2024-10-14T22:08:05.823+0000] {processor.py:183} INFO - Processing /opt/airflow/dags/dag_get_weather.py took 0.815 seconds
[2024-10-14T22:08:35.853+0000] {processor.py:161} INFO - Started process (PID=1613) to work on /opt/airflow/dags/dag_get_weather.py
[2024-10-14T22:08:35.854+0000] {processor.py:830} INFO - Processing file /opt/airflow/dags/dag_get_weather.py for tasks to queue
[2024-10-14T22:08:35.855+0000] {logging_mixin.py:188} INFO - [2024-10-14T22:08:35.855+0000] {dagbag.py:538} INFO - Filling up the DagBag from /opt/airflow/dags/dag_get_weather.py
[2024-10-14T22:08:36.430+0000] {processor.py:840} INFO - DAG(s) 'dag_get_weather_data' retrieved from /opt/airflow/dags/dag_get_weather.py
[2024-10-14T22:08:36.443+0000] {logging_mixin.py:188} INFO - [2024-10-14T22:08:36.442+0000] {dag.py:3036} INFO - Sync 1 DAGs
[2024-10-14T22:08:36.456+0000] {logging_mixin.py:188} INFO - [2024-10-14T22:08:36.456+0000] {dag.py:3823} INFO - Setting next_dagrun for dag_get_weather_data to 2024-10-14 22:00:00+00:00, run_after=2024-10-14 23:00:00+00:00
[2024-10-14T22:08:36.467+0000] {processor.py:183} INFO - Processing /opt/airflow/dags/dag_get_weather.py took 0.617 seconds
[2024-10-14T22:09:07.083+0000] {processor.py:161} INFO - Started process (PID=1694) to work on /opt/airflow/dags/dag_get_weather.py
[2024-10-14T22:09:07.084+0000] {processor.py:830} INFO - Processing file /opt/airflow/dags/dag_get_weather.py for tasks to queue
[2024-10-14T22:09:07.085+0000] {logging_mixin.py:188} INFO - [2024-10-14T22:09:07.085+0000] {dagbag.py:538} INFO - Filling up the DagBag from /opt/airflow/dags/dag_get_weather.py
[2024-10-14T22:09:07.962+0000] {processor.py:840} INFO - DAG(s) 'dag_get_weather_data' retrieved from /opt/airflow/dags/dag_get_weather.py
[2024-10-14T22:09:07.978+0000] {logging_mixin.py:188} INFO - [2024-10-14T22:09:07.978+0000] {dag.py:3036} INFO - Sync 1 DAGs
[2024-10-14T22:09:07.998+0000] {logging_mixin.py:188} INFO - [2024-10-14T22:09:07.997+0000] {dag.py:3823} INFO - Setting next_dagrun for dag_get_weather_data to 2024-10-14 22:00:00+00:00, run_after=2024-10-14 23:00:00+00:00
[2024-10-14T22:09:08.015+0000] {processor.py:183} INFO - Processing /opt/airflow/dags/dag_get_weather.py took 0.935 seconds
