[2024-10-14T21:19:53.440+0000] {processor.py:161} INFO - Started process (PID=115) to work on /home/airflow/.local/lib/python3.8/site-packages/airflow/example_dags/example_params_trigger_ui.py
[2024-10-14T21:19:53.440+0000] {processor.py:830} INFO - Processing file /home/airflow/.local/lib/python3.8/site-packages/airflow/example_dags/example_params_trigger_ui.py for tasks to queue
[2024-10-14T21:19:53.442+0000] {logging_mixin.py:188} INFO - [2024-10-14T21:19:53.442+0000] {dagbag.py:538} INFO - Filling up the DagBag from /home/airflow/.local/lib/python3.8/site-packages/airflow/example_dags/example_params_trigger_ui.py
[2024-10-14T21:19:53.454+0000] {processor.py:840} INFO - DAG(s) 'example_params_trigger_ui' retrieved from /home/airflow/.local/lib/python3.8/site-packages/airflow/example_dags/example_params_trigger_ui.py
[2024-10-14T21:19:53.569+0000] {logging_mixin.py:188} INFO - [2024-10-14T21:19:53.569+0000] {dag.py:3036} INFO - Sync 1 DAGs
[2024-10-14T21:19:53.578+0000] {logging_mixin.py:188} INFO - [2024-10-14T21:19:53.578+0000] {dag.py:3823} INFO - Setting next_dagrun for example_params_trigger_ui to None, run_after=None
[2024-10-14T21:19:53.598+0000] {processor.py:183} INFO - Processing /home/airflow/.local/lib/python3.8/site-packages/airflow/example_dags/example_params_trigger_ui.py took 0.161 seconds
[2024-10-14T21:20:24.015+0000] {processor.py:161} INFO - Started process (PID=190) to work on /home/airflow/.local/lib/python3.8/site-packages/airflow/example_dags/example_params_trigger_ui.py
[2024-10-14T21:20:24.016+0000] {processor.py:830} INFO - Processing file /home/airflow/.local/lib/python3.8/site-packages/airflow/example_dags/example_params_trigger_ui.py for tasks to queue
[2024-10-14T21:20:24.017+0000] {logging_mixin.py:188} INFO - [2024-10-14T21:20:24.017+0000] {dagbag.py:538} INFO - Filling up the DagBag from /home/airflow/.local/lib/python3.8/site-packages/airflow/example_dags/example_params_trigger_ui.py
[2024-10-14T21:20:24.027+0000] {processor.py:840} INFO - DAG(s) 'example_params_trigger_ui' retrieved from /home/airflow/.local/lib/python3.8/site-packages/airflow/example_dags/example_params_trigger_ui.py
[2024-10-14T21:20:24.076+0000] {logging_mixin.py:188} INFO - [2024-10-14T21:20:24.075+0000] {dag.py:3036} INFO - Sync 1 DAGs
[2024-10-14T21:20:24.085+0000] {logging_mixin.py:188} INFO - [2024-10-14T21:20:24.085+0000] {dag.py:3823} INFO - Setting next_dagrun for example_params_trigger_ui to None, run_after=None
[2024-10-14T21:20:24.100+0000] {processor.py:183} INFO - Processing /home/airflow/.local/lib/python3.8/site-packages/airflow/example_dags/example_params_trigger_ui.py took 0.086 seconds
[2024-10-14T21:20:54.935+0000] {processor.py:161} INFO - Started process (PID=271) to work on /home/airflow/.local/lib/python3.8/site-packages/airflow/example_dags/example_params_trigger_ui.py
[2024-10-14T21:20:54.936+0000] {processor.py:830} INFO - Processing file /home/airflow/.local/lib/python3.8/site-packages/airflow/example_dags/example_params_trigger_ui.py for tasks to queue
[2024-10-14T21:20:54.940+0000] {logging_mixin.py:188} INFO - [2024-10-14T21:20:54.939+0000] {dagbag.py:538} INFO - Filling up the DagBag from /home/airflow/.local/lib/python3.8/site-packages/airflow/example_dags/example_params_trigger_ui.py
[2024-10-14T21:20:54.956+0000] {processor.py:840} INFO - DAG(s) 'example_params_trigger_ui' retrieved from /home/airflow/.local/lib/python3.8/site-packages/airflow/example_dags/example_params_trigger_ui.py
[2024-10-14T21:20:55.014+0000] {logging_mixin.py:188} INFO - [2024-10-14T21:20:55.013+0000] {dag.py:3036} INFO - Sync 1 DAGs
[2024-10-14T21:20:55.030+0000] {logging_mixin.py:188} INFO - [2024-10-14T21:20:55.030+0000] {dag.py:3823} INFO - Setting next_dagrun for example_params_trigger_ui to None, run_after=None
[2024-10-14T21:20:55.058+0000] {processor.py:183} INFO - Processing /home/airflow/.local/lib/python3.8/site-packages/airflow/example_dags/example_params_trigger_ui.py took 0.129 seconds
[2024-10-14T21:21:25.869+0000] {processor.py:161} INFO - Started process (PID=345) to work on /home/airflow/.local/lib/python3.8/site-packages/airflow/example_dags/example_params_trigger_ui.py
[2024-10-14T21:21:25.870+0000] {processor.py:830} INFO - Processing file /home/airflow/.local/lib/python3.8/site-packages/airflow/example_dags/example_params_trigger_ui.py for tasks to queue
[2024-10-14T21:21:25.871+0000] {logging_mixin.py:188} INFO - [2024-10-14T21:21:25.870+0000] {dagbag.py:538} INFO - Filling up the DagBag from /home/airflow/.local/lib/python3.8/site-packages/airflow/example_dags/example_params_trigger_ui.py
[2024-10-14T21:21:25.880+0000] {processor.py:840} INFO - DAG(s) 'example_params_trigger_ui' retrieved from /home/airflow/.local/lib/python3.8/site-packages/airflow/example_dags/example_params_trigger_ui.py
[2024-10-14T21:21:25.914+0000] {logging_mixin.py:188} INFO - [2024-10-14T21:21:25.914+0000] {dag.py:3036} INFO - Sync 1 DAGs
[2024-10-14T21:21:25.924+0000] {logging_mixin.py:188} INFO - [2024-10-14T21:21:25.924+0000] {dag.py:3823} INFO - Setting next_dagrun for example_params_trigger_ui to None, run_after=None
[2024-10-14T21:21:25.945+0000] {processor.py:183} INFO - Processing /home/airflow/.local/lib/python3.8/site-packages/airflow/example_dags/example_params_trigger_ui.py took 0.079 seconds
[2024-10-14T21:21:57.087+0000] {processor.py:161} INFO - Started process (PID=426) to work on /home/airflow/.local/lib/python3.8/site-packages/airflow/example_dags/example_params_trigger_ui.py
[2024-10-14T21:21:57.092+0000] {processor.py:830} INFO - Processing file /home/airflow/.local/lib/python3.8/site-packages/airflow/example_dags/example_params_trigger_ui.py for tasks to queue
[2024-10-14T21:21:57.096+0000] {logging_mixin.py:188} INFO - [2024-10-14T21:21:57.095+0000] {dagbag.py:538} INFO - Filling up the DagBag from /home/airflow/.local/lib/python3.8/site-packages/airflow/example_dags/example_params_trigger_ui.py
[2024-10-14T21:21:57.121+0000] {processor.py:840} INFO - DAG(s) 'example_params_trigger_ui' retrieved from /home/airflow/.local/lib/python3.8/site-packages/airflow/example_dags/example_params_trigger_ui.py
[2024-10-14T21:21:57.179+0000] {logging_mixin.py:188} INFO - [2024-10-14T21:21:57.177+0000] {dag.py:3036} INFO - Sync 1 DAGs
[2024-10-14T21:21:57.192+0000] {logging_mixin.py:188} INFO - [2024-10-14T21:21:57.192+0000] {dag.py:3823} INFO - Setting next_dagrun for example_params_trigger_ui to None, run_after=None
[2024-10-14T21:21:57.220+0000] {processor.py:183} INFO - Processing /home/airflow/.local/lib/python3.8/site-packages/airflow/example_dags/example_params_trigger_ui.py took 0.140 seconds
[2024-10-14T21:22:27.366+0000] {processor.py:161} INFO - Started process (PID=493) to work on /home/airflow/.local/lib/python3.8/site-packages/airflow/example_dags/example_params_trigger_ui.py
[2024-10-14T21:22:27.367+0000] {processor.py:830} INFO - Processing file /home/airflow/.local/lib/python3.8/site-packages/airflow/example_dags/example_params_trigger_ui.py for tasks to queue
[2024-10-14T21:22:27.368+0000] {logging_mixin.py:188} INFO - [2024-10-14T21:22:27.368+0000] {dagbag.py:538} INFO - Filling up the DagBag from /home/airflow/.local/lib/python3.8/site-packages/airflow/example_dags/example_params_trigger_ui.py
[2024-10-14T21:22:27.379+0000] {processor.py:840} INFO - DAG(s) 'example_params_trigger_ui' retrieved from /home/airflow/.local/lib/python3.8/site-packages/airflow/example_dags/example_params_trigger_ui.py
[2024-10-14T21:22:27.422+0000] {logging_mixin.py:188} INFO - [2024-10-14T21:22:27.422+0000] {dag.py:3036} INFO - Sync 1 DAGs
[2024-10-14T21:22:27.433+0000] {logging_mixin.py:188} INFO - [2024-10-14T21:22:27.433+0000] {dag.py:3823} INFO - Setting next_dagrun for example_params_trigger_ui to None, run_after=None
[2024-10-14T21:22:27.452+0000] {processor.py:183} INFO - Processing /home/airflow/.local/lib/python3.8/site-packages/airflow/example_dags/example_params_trigger_ui.py took 0.089 seconds
[2024-10-14T21:22:58.048+0000] {processor.py:161} INFO - Started process (PID=573) to work on /home/airflow/.local/lib/python3.8/site-packages/airflow/example_dags/example_params_trigger_ui.py
[2024-10-14T21:22:58.049+0000] {processor.py:830} INFO - Processing file /home/airflow/.local/lib/python3.8/site-packages/airflow/example_dags/example_params_trigger_ui.py for tasks to queue
[2024-10-14T21:22:58.050+0000] {logging_mixin.py:188} INFO - [2024-10-14T21:22:58.050+0000] {dagbag.py:538} INFO - Filling up the DagBag from /home/airflow/.local/lib/python3.8/site-packages/airflow/example_dags/example_params_trigger_ui.py
[2024-10-14T21:22:58.065+0000] {processor.py:840} INFO - DAG(s) 'example_params_trigger_ui' retrieved from /home/airflow/.local/lib/python3.8/site-packages/airflow/example_dags/example_params_trigger_ui.py
[2024-10-14T21:22:58.120+0000] {logging_mixin.py:188} INFO - [2024-10-14T21:22:58.120+0000] {dag.py:3036} INFO - Sync 1 DAGs
[2024-10-14T21:22:58.135+0000] {logging_mixin.py:188} INFO - [2024-10-14T21:22:58.135+0000] {dag.py:3823} INFO - Setting next_dagrun for example_params_trigger_ui to None, run_after=None
[2024-10-14T21:22:58.165+0000] {processor.py:183} INFO - Processing /home/airflow/.local/lib/python3.8/site-packages/airflow/example_dags/example_params_trigger_ui.py took 0.123 seconds
[2024-10-14T21:23:28.252+0000] {processor.py:161} INFO - Started process (PID=647) to work on /home/airflow/.local/lib/python3.8/site-packages/airflow/example_dags/example_params_trigger_ui.py
[2024-10-14T21:23:28.253+0000] {processor.py:830} INFO - Processing file /home/airflow/.local/lib/python3.8/site-packages/airflow/example_dags/example_params_trigger_ui.py for tasks to queue
[2024-10-14T21:23:28.255+0000] {logging_mixin.py:188} INFO - [2024-10-14T21:23:28.255+0000] {dagbag.py:538} INFO - Filling up the DagBag from /home/airflow/.local/lib/python3.8/site-packages/airflow/example_dags/example_params_trigger_ui.py
[2024-10-14T21:23:28.270+0000] {processor.py:840} INFO - DAG(s) 'example_params_trigger_ui' retrieved from /home/airflow/.local/lib/python3.8/site-packages/airflow/example_dags/example_params_trigger_ui.py
[2024-10-14T21:23:28.317+0000] {logging_mixin.py:188} INFO - [2024-10-14T21:23:28.317+0000] {dag.py:3036} INFO - Sync 1 DAGs
[2024-10-14T21:23:28.330+0000] {logging_mixin.py:188} INFO - [2024-10-14T21:23:28.330+0000] {dag.py:3823} INFO - Setting next_dagrun for example_params_trigger_ui to None, run_after=None
[2024-10-14T21:23:28.354+0000] {processor.py:183} INFO - Processing /home/airflow/.local/lib/python3.8/site-packages/airflow/example_dags/example_params_trigger_ui.py took 0.104 seconds
[2024-10-14T21:23:59.296+0000] {processor.py:161} INFO - Started process (PID=721) to work on /home/airflow/.local/lib/python3.8/site-packages/airflow/example_dags/example_params_trigger_ui.py
[2024-10-14T21:23:59.298+0000] {processor.py:830} INFO - Processing file /home/airflow/.local/lib/python3.8/site-packages/airflow/example_dags/example_params_trigger_ui.py for tasks to queue
[2024-10-14T21:23:59.299+0000] {logging_mixin.py:188} INFO - [2024-10-14T21:23:59.299+0000] {dagbag.py:538} INFO - Filling up the DagBag from /home/airflow/.local/lib/python3.8/site-packages/airflow/example_dags/example_params_trigger_ui.py
[2024-10-14T21:23:59.315+0000] {processor.py:840} INFO - DAG(s) 'example_params_trigger_ui' retrieved from /home/airflow/.local/lib/python3.8/site-packages/airflow/example_dags/example_params_trigger_ui.py
[2024-10-14T21:23:59.363+0000] {logging_mixin.py:188} INFO - [2024-10-14T21:23:59.363+0000] {dag.py:3036} INFO - Sync 1 DAGs
[2024-10-14T21:23:59.373+0000] {logging_mixin.py:188} INFO - [2024-10-14T21:23:59.372+0000] {dag.py:3823} INFO - Setting next_dagrun for example_params_trigger_ui to None, run_after=None
[2024-10-14T21:23:59.401+0000] {processor.py:183} INFO - Processing /home/airflow/.local/lib/python3.8/site-packages/airflow/example_dags/example_params_trigger_ui.py took 0.109 seconds
[2024-10-14T21:24:30.250+0000] {processor.py:161} INFO - Started process (PID=803) to work on /home/airflow/.local/lib/python3.8/site-packages/airflow/example_dags/example_params_trigger_ui.py
[2024-10-14T21:24:30.253+0000] {processor.py:830} INFO - Processing file /home/airflow/.local/lib/python3.8/site-packages/airflow/example_dags/example_params_trigger_ui.py for tasks to queue
[2024-10-14T21:24:30.255+0000] {logging_mixin.py:188} INFO - [2024-10-14T21:24:30.255+0000] {dagbag.py:538} INFO - Filling up the DagBag from /home/airflow/.local/lib/python3.8/site-packages/airflow/example_dags/example_params_trigger_ui.py
[2024-10-14T21:24:30.270+0000] {processor.py:840} INFO - DAG(s) 'example_params_trigger_ui' retrieved from /home/airflow/.local/lib/python3.8/site-packages/airflow/example_dags/example_params_trigger_ui.py
[2024-10-14T21:24:30.321+0000] {logging_mixin.py:188} INFO - [2024-10-14T21:24:30.321+0000] {dag.py:3036} INFO - Sync 1 DAGs
[2024-10-14T21:24:30.336+0000] {logging_mixin.py:188} INFO - [2024-10-14T21:24:30.336+0000] {dag.py:3823} INFO - Setting next_dagrun for example_params_trigger_ui to None, run_after=None
[2024-10-14T21:24:30.363+0000] {processor.py:183} INFO - Processing /home/airflow/.local/lib/python3.8/site-packages/airflow/example_dags/example_params_trigger_ui.py took 0.116 seconds
[2024-10-14T21:25:00.507+0000] {processor.py:161} INFO - Started process (PID=883) to work on /home/airflow/.local/lib/python3.8/site-packages/airflow/example_dags/example_params_trigger_ui.py
[2024-10-14T21:25:00.509+0000] {processor.py:830} INFO - Processing file /home/airflow/.local/lib/python3.8/site-packages/airflow/example_dags/example_params_trigger_ui.py for tasks to queue
[2024-10-14T21:25:00.514+0000] {logging_mixin.py:188} INFO - [2024-10-14T21:25:00.513+0000] {dagbag.py:538} INFO - Filling up the DagBag from /home/airflow/.local/lib/python3.8/site-packages/airflow/example_dags/example_params_trigger_ui.py
[2024-10-14T21:25:00.530+0000] {processor.py:840} INFO - DAG(s) 'example_params_trigger_ui' retrieved from /home/airflow/.local/lib/python3.8/site-packages/airflow/example_dags/example_params_trigger_ui.py
[2024-10-14T21:25:00.582+0000] {logging_mixin.py:188} INFO - [2024-10-14T21:25:00.581+0000] {dag.py:3036} INFO - Sync 1 DAGs
[2024-10-14T21:25:00.592+0000] {logging_mixin.py:188} INFO - [2024-10-14T21:25:00.591+0000] {dag.py:3823} INFO - Setting next_dagrun for example_params_trigger_ui to None, run_after=None
[2024-10-14T21:25:00.615+0000] {processor.py:183} INFO - Processing /home/airflow/.local/lib/python3.8/site-packages/airflow/example_dags/example_params_trigger_ui.py took 0.113 seconds
[2024-10-14T21:25:31.136+0000] {processor.py:161} INFO - Started process (PID=958) to work on /home/airflow/.local/lib/python3.8/site-packages/airflow/example_dags/example_params_trigger_ui.py
[2024-10-14T21:25:31.137+0000] {processor.py:830} INFO - Processing file /home/airflow/.local/lib/python3.8/site-packages/airflow/example_dags/example_params_trigger_ui.py for tasks to queue
[2024-10-14T21:25:31.138+0000] {logging_mixin.py:188} INFO - [2024-10-14T21:25:31.138+0000] {dagbag.py:538} INFO - Filling up the DagBag from /home/airflow/.local/lib/python3.8/site-packages/airflow/example_dags/example_params_trigger_ui.py
[2024-10-14T21:25:31.153+0000] {processor.py:840} INFO - DAG(s) 'example_params_trigger_ui' retrieved from /home/airflow/.local/lib/python3.8/site-packages/airflow/example_dags/example_params_trigger_ui.py
[2024-10-14T21:25:31.201+0000] {logging_mixin.py:188} INFO - [2024-10-14T21:25:31.200+0000] {dag.py:3036} INFO - Sync 1 DAGs
[2024-10-14T21:25:31.214+0000] {logging_mixin.py:188} INFO - [2024-10-14T21:25:31.214+0000] {dag.py:3823} INFO - Setting next_dagrun for example_params_trigger_ui to None, run_after=None
[2024-10-14T21:25:31.235+0000] {processor.py:183} INFO - Processing /home/airflow/.local/lib/python3.8/site-packages/airflow/example_dags/example_params_trigger_ui.py took 0.101 seconds
[2024-10-14T21:26:01.446+0000] {processor.py:161} INFO - Started process (PID=1032) to work on /home/airflow/.local/lib/python3.8/site-packages/airflow/example_dags/example_params_trigger_ui.py
[2024-10-14T21:26:01.449+0000] {processor.py:830} INFO - Processing file /home/airflow/.local/lib/python3.8/site-packages/airflow/example_dags/example_params_trigger_ui.py for tasks to queue
[2024-10-14T21:26:01.451+0000] {logging_mixin.py:188} INFO - [2024-10-14T21:26:01.450+0000] {dagbag.py:538} INFO - Filling up the DagBag from /home/airflow/.local/lib/python3.8/site-packages/airflow/example_dags/example_params_trigger_ui.py
[2024-10-14T21:26:01.464+0000] {processor.py:840} INFO - DAG(s) 'example_params_trigger_ui' retrieved from /home/airflow/.local/lib/python3.8/site-packages/airflow/example_dags/example_params_trigger_ui.py
[2024-10-14T21:26:01.513+0000] {logging_mixin.py:188} INFO - [2024-10-14T21:26:01.512+0000] {dag.py:3036} INFO - Sync 1 DAGs
[2024-10-14T21:26:01.524+0000] {logging_mixin.py:188} INFO - [2024-10-14T21:26:01.523+0000] {dag.py:3823} INFO - Setting next_dagrun for example_params_trigger_ui to None, run_after=None
[2024-10-14T21:26:01.549+0000] {processor.py:183} INFO - Processing /home/airflow/.local/lib/python3.8/site-packages/airflow/example_dags/example_params_trigger_ui.py took 0.110 seconds
[2024-10-14T21:26:31.787+0000] {processor.py:161} INFO - Started process (PID=1114) to work on /home/airflow/.local/lib/python3.8/site-packages/airflow/example_dags/example_params_trigger_ui.py
[2024-10-14T21:26:31.788+0000] {processor.py:830} INFO - Processing file /home/airflow/.local/lib/python3.8/site-packages/airflow/example_dags/example_params_trigger_ui.py for tasks to queue
[2024-10-14T21:26:31.789+0000] {logging_mixin.py:188} INFO - [2024-10-14T21:26:31.789+0000] {dagbag.py:538} INFO - Filling up the DagBag from /home/airflow/.local/lib/python3.8/site-packages/airflow/example_dags/example_params_trigger_ui.py
[2024-10-14T21:26:31.799+0000] {processor.py:840} INFO - DAG(s) 'example_params_trigger_ui' retrieved from /home/airflow/.local/lib/python3.8/site-packages/airflow/example_dags/example_params_trigger_ui.py
[2024-10-14T21:26:31.834+0000] {logging_mixin.py:188} INFO - [2024-10-14T21:26:31.834+0000] {dag.py:3036} INFO - Sync 1 DAGs
[2024-10-14T21:26:31.843+0000] {logging_mixin.py:188} INFO - [2024-10-14T21:26:31.843+0000] {dag.py:3823} INFO - Setting next_dagrun for example_params_trigger_ui to None, run_after=None
[2024-10-14T21:26:31.859+0000] {processor.py:183} INFO - Processing /home/airflow/.local/lib/python3.8/site-packages/airflow/example_dags/example_params_trigger_ui.py took 0.075 seconds
[2024-10-14T21:27:02.017+0000] {processor.py:161} INFO - Started process (PID=1188) to work on /home/airflow/.local/lib/python3.8/site-packages/airflow/example_dags/example_params_trigger_ui.py
[2024-10-14T21:27:02.018+0000] {processor.py:830} INFO - Processing file /home/airflow/.local/lib/python3.8/site-packages/airflow/example_dags/example_params_trigger_ui.py for tasks to queue
[2024-10-14T21:27:02.021+0000] {logging_mixin.py:188} INFO - [2024-10-14T21:27:02.020+0000] {dagbag.py:538} INFO - Filling up the DagBag from /home/airflow/.local/lib/python3.8/site-packages/airflow/example_dags/example_params_trigger_ui.py
[2024-10-14T21:27:02.030+0000] {processor.py:840} INFO - DAG(s) 'example_params_trigger_ui' retrieved from /home/airflow/.local/lib/python3.8/site-packages/airflow/example_dags/example_params_trigger_ui.py
[2024-10-14T21:27:02.065+0000] {logging_mixin.py:188} INFO - [2024-10-14T21:27:02.065+0000] {dag.py:3036} INFO - Sync 1 DAGs
[2024-10-14T21:27:02.074+0000] {logging_mixin.py:188} INFO - [2024-10-14T21:27:02.074+0000] {dag.py:3823} INFO - Setting next_dagrun for example_params_trigger_ui to None, run_after=None
[2024-10-14T21:27:02.090+0000] {processor.py:183} INFO - Processing /home/airflow/.local/lib/python3.8/site-packages/airflow/example_dags/example_params_trigger_ui.py took 0.078 seconds
[2024-10-14T21:27:32.833+0000] {processor.py:161} INFO - Started process (PID=1270) to work on /home/airflow/.local/lib/python3.8/site-packages/airflow/example_dags/example_params_trigger_ui.py
[2024-10-14T21:27:32.834+0000] {processor.py:830} INFO - Processing file /home/airflow/.local/lib/python3.8/site-packages/airflow/example_dags/example_params_trigger_ui.py for tasks to queue
[2024-10-14T21:27:32.835+0000] {logging_mixin.py:188} INFO - [2024-10-14T21:27:32.835+0000] {dagbag.py:538} INFO - Filling up the DagBag from /home/airflow/.local/lib/python3.8/site-packages/airflow/example_dags/example_params_trigger_ui.py
[2024-10-14T21:27:32.846+0000] {processor.py:840} INFO - DAG(s) 'example_params_trigger_ui' retrieved from /home/airflow/.local/lib/python3.8/site-packages/airflow/example_dags/example_params_trigger_ui.py
[2024-10-14T21:27:32.897+0000] {logging_mixin.py:188} INFO - [2024-10-14T21:27:32.896+0000] {dag.py:3036} INFO - Sync 1 DAGs
[2024-10-14T21:27:32.910+0000] {logging_mixin.py:188} INFO - [2024-10-14T21:27:32.910+0000] {dag.py:3823} INFO - Setting next_dagrun for example_params_trigger_ui to None, run_after=None
[2024-10-14T21:27:32.929+0000] {processor.py:183} INFO - Processing /home/airflow/.local/lib/python3.8/site-packages/airflow/example_dags/example_params_trigger_ui.py took 0.098 seconds
[2024-10-14T21:28:02.996+0000] {processor.py:161} INFO - Started process (PID=1352) to work on /home/airflow/.local/lib/python3.8/site-packages/airflow/example_dags/example_params_trigger_ui.py
[2024-10-14T21:28:02.997+0000] {processor.py:830} INFO - Processing file /home/airflow/.local/lib/python3.8/site-packages/airflow/example_dags/example_params_trigger_ui.py for tasks to queue
[2024-10-14T21:28:02.999+0000] {logging_mixin.py:188} INFO - [2024-10-14T21:28:02.999+0000] {dagbag.py:538} INFO - Filling up the DagBag from /home/airflow/.local/lib/python3.8/site-packages/airflow/example_dags/example_params_trigger_ui.py
[2024-10-14T21:28:03.013+0000] {processor.py:840} INFO - DAG(s) 'example_params_trigger_ui' retrieved from /home/airflow/.local/lib/python3.8/site-packages/airflow/example_dags/example_params_trigger_ui.py
[2024-10-14T21:28:03.049+0000] {logging_mixin.py:188} INFO - [2024-10-14T21:28:03.048+0000] {dag.py:3036} INFO - Sync 1 DAGs
[2024-10-14T21:28:03.057+0000] {logging_mixin.py:188} INFO - [2024-10-14T21:28:03.057+0000] {dag.py:3823} INFO - Setting next_dagrun for example_params_trigger_ui to None, run_after=None
[2024-10-14T21:28:03.070+0000] {processor.py:183} INFO - Processing /home/airflow/.local/lib/python3.8/site-packages/airflow/example_dags/example_params_trigger_ui.py took 0.077 seconds
[2024-10-14T21:28:33.098+0000] {processor.py:161} INFO - Started process (PID=1426) to work on /home/airflow/.local/lib/python3.8/site-packages/airflow/example_dags/example_params_trigger_ui.py
[2024-10-14T21:28:33.101+0000] {processor.py:830} INFO - Processing file /home/airflow/.local/lib/python3.8/site-packages/airflow/example_dags/example_params_trigger_ui.py for tasks to queue
[2024-10-14T21:28:33.102+0000] {logging_mixin.py:188} INFO - [2024-10-14T21:28:33.102+0000] {dagbag.py:538} INFO - Filling up the DagBag from /home/airflow/.local/lib/python3.8/site-packages/airflow/example_dags/example_params_trigger_ui.py
[2024-10-14T21:28:33.115+0000] {processor.py:840} INFO - DAG(s) 'example_params_trigger_ui' retrieved from /home/airflow/.local/lib/python3.8/site-packages/airflow/example_dags/example_params_trigger_ui.py
[2024-10-14T21:28:33.154+0000] {logging_mixin.py:188} INFO - [2024-10-14T21:28:33.154+0000] {dag.py:3036} INFO - Sync 1 DAGs
[2024-10-14T21:28:33.164+0000] {logging_mixin.py:188} INFO - [2024-10-14T21:28:33.164+0000] {dag.py:3823} INFO - Setting next_dagrun for example_params_trigger_ui to None, run_after=None
[2024-10-14T21:28:33.182+0000] {processor.py:183} INFO - Processing /home/airflow/.local/lib/python3.8/site-packages/airflow/example_dags/example_params_trigger_ui.py took 0.087 seconds
[2024-10-14T21:29:03.723+0000] {processor.py:161} INFO - Started process (PID=1508) to work on /home/airflow/.local/lib/python3.8/site-packages/airflow/example_dags/example_params_trigger_ui.py
[2024-10-14T21:29:03.727+0000] {processor.py:830} INFO - Processing file /home/airflow/.local/lib/python3.8/site-packages/airflow/example_dags/example_params_trigger_ui.py for tasks to queue
[2024-10-14T21:29:03.728+0000] {logging_mixin.py:188} INFO - [2024-10-14T21:29:03.728+0000] {dagbag.py:538} INFO - Filling up the DagBag from /home/airflow/.local/lib/python3.8/site-packages/airflow/example_dags/example_params_trigger_ui.py
[2024-10-14T21:29:03.738+0000] {processor.py:840} INFO - DAG(s) 'example_params_trigger_ui' retrieved from /home/airflow/.local/lib/python3.8/site-packages/airflow/example_dags/example_params_trigger_ui.py
[2024-10-14T21:29:03.781+0000] {logging_mixin.py:188} INFO - [2024-10-14T21:29:03.781+0000] {dag.py:3036} INFO - Sync 1 DAGs
[2024-10-14T21:29:03.790+0000] {logging_mixin.py:188} INFO - [2024-10-14T21:29:03.790+0000] {dag.py:3823} INFO - Setting next_dagrun for example_params_trigger_ui to None, run_after=None
[2024-10-14T21:29:03.808+0000] {processor.py:183} INFO - Processing /home/airflow/.local/lib/python3.8/site-packages/airflow/example_dags/example_params_trigger_ui.py took 0.087 seconds
[2024-10-14T21:29:34.145+0000] {processor.py:161} INFO - Started process (PID=1582) to work on /home/airflow/.local/lib/python3.8/site-packages/airflow/example_dags/example_params_trigger_ui.py
[2024-10-14T21:29:34.148+0000] {processor.py:830} INFO - Processing file /home/airflow/.local/lib/python3.8/site-packages/airflow/example_dags/example_params_trigger_ui.py for tasks to queue
[2024-10-14T21:29:34.150+0000] {logging_mixin.py:188} INFO - [2024-10-14T21:29:34.150+0000] {dagbag.py:538} INFO - Filling up the DagBag from /home/airflow/.local/lib/python3.8/site-packages/airflow/example_dags/example_params_trigger_ui.py
[2024-10-14T21:29:34.160+0000] {processor.py:840} INFO - DAG(s) 'example_params_trigger_ui' retrieved from /home/airflow/.local/lib/python3.8/site-packages/airflow/example_dags/example_params_trigger_ui.py
[2024-10-14T21:29:34.196+0000] {logging_mixin.py:188} INFO - [2024-10-14T21:29:34.196+0000] {dag.py:3036} INFO - Sync 1 DAGs
[2024-10-14T21:29:34.205+0000] {logging_mixin.py:188} INFO - [2024-10-14T21:29:34.205+0000] {dag.py:3823} INFO - Setting next_dagrun for example_params_trigger_ui to None, run_after=None
[2024-10-14T21:29:34.224+0000] {processor.py:183} INFO - Processing /home/airflow/.local/lib/python3.8/site-packages/airflow/example_dags/example_params_trigger_ui.py took 0.081 seconds
[2024-10-14T21:30:04.461+0000] {processor.py:161} INFO - Started process (PID=1663) to work on /home/airflow/.local/lib/python3.8/site-packages/airflow/example_dags/example_params_trigger_ui.py
[2024-10-14T21:30:04.464+0000] {processor.py:830} INFO - Processing file /home/airflow/.local/lib/python3.8/site-packages/airflow/example_dags/example_params_trigger_ui.py for tasks to queue
[2024-10-14T21:30:04.466+0000] {logging_mixin.py:188} INFO - [2024-10-14T21:30:04.465+0000] {dagbag.py:538} INFO - Filling up the DagBag from /home/airflow/.local/lib/python3.8/site-packages/airflow/example_dags/example_params_trigger_ui.py
[2024-10-14T21:30:04.475+0000] {processor.py:840} INFO - DAG(s) 'example_params_trigger_ui' retrieved from /home/airflow/.local/lib/python3.8/site-packages/airflow/example_dags/example_params_trigger_ui.py
[2024-10-14T21:30:04.512+0000] {logging_mixin.py:188} INFO - [2024-10-14T21:30:04.511+0000] {dag.py:3036} INFO - Sync 1 DAGs
[2024-10-14T21:30:04.520+0000] {logging_mixin.py:188} INFO - [2024-10-14T21:30:04.520+0000] {dag.py:3823} INFO - Setting next_dagrun for example_params_trigger_ui to None, run_after=None
[2024-10-14T21:30:04.539+0000] {processor.py:183} INFO - Processing /home/airflow/.local/lib/python3.8/site-packages/airflow/example_dags/example_params_trigger_ui.py took 0.080 seconds
[2024-10-14T21:30:34.782+0000] {processor.py:161} INFO - Started process (PID=1737) to work on /home/airflow/.local/lib/python3.8/site-packages/airflow/example_dags/example_params_trigger_ui.py
[2024-10-14T21:30:34.785+0000] {processor.py:830} INFO - Processing file /home/airflow/.local/lib/python3.8/site-packages/airflow/example_dags/example_params_trigger_ui.py for tasks to queue
[2024-10-14T21:30:34.787+0000] {logging_mixin.py:188} INFO - [2024-10-14T21:30:34.786+0000] {dagbag.py:538} INFO - Filling up the DagBag from /home/airflow/.local/lib/python3.8/site-packages/airflow/example_dags/example_params_trigger_ui.py
[2024-10-14T21:30:34.796+0000] {processor.py:840} INFO - DAG(s) 'example_params_trigger_ui' retrieved from /home/airflow/.local/lib/python3.8/site-packages/airflow/example_dags/example_params_trigger_ui.py
[2024-10-14T21:30:34.833+0000] {logging_mixin.py:188} INFO - [2024-10-14T21:30:34.833+0000] {dag.py:3036} INFO - Sync 1 DAGs
[2024-10-14T21:30:34.842+0000] {logging_mixin.py:188} INFO - [2024-10-14T21:30:34.842+0000] {dag.py:3823} INFO - Setting next_dagrun for example_params_trigger_ui to None, run_after=None
[2024-10-14T21:30:34.858+0000] {processor.py:183} INFO - Processing /home/airflow/.local/lib/python3.8/site-packages/airflow/example_dags/example_params_trigger_ui.py took 0.078 seconds
[2024-10-14T21:31:05.201+0000] {processor.py:161} INFO - Started process (PID=1819) to work on /home/airflow/.local/lib/python3.8/site-packages/airflow/example_dags/example_params_trigger_ui.py
[2024-10-14T21:31:05.204+0000] {processor.py:830} INFO - Processing file /home/airflow/.local/lib/python3.8/site-packages/airflow/example_dags/example_params_trigger_ui.py for tasks to queue
[2024-10-14T21:31:05.205+0000] {logging_mixin.py:188} INFO - [2024-10-14T21:31:05.205+0000] {dagbag.py:538} INFO - Filling up the DagBag from /home/airflow/.local/lib/python3.8/site-packages/airflow/example_dags/example_params_trigger_ui.py
[2024-10-14T21:31:05.215+0000] {processor.py:840} INFO - DAG(s) 'example_params_trigger_ui' retrieved from /home/airflow/.local/lib/python3.8/site-packages/airflow/example_dags/example_params_trigger_ui.py
[2024-10-14T21:31:05.250+0000] {logging_mixin.py:188} INFO - [2024-10-14T21:31:05.250+0000] {dag.py:3036} INFO - Sync 1 DAGs
[2024-10-14T21:31:05.259+0000] {logging_mixin.py:188} INFO - [2024-10-14T21:31:05.259+0000] {dag.py:3823} INFO - Setting next_dagrun for example_params_trigger_ui to None, run_after=None
[2024-10-14T21:31:05.276+0000] {processor.py:183} INFO - Processing /home/airflow/.local/lib/python3.8/site-packages/airflow/example_dags/example_params_trigger_ui.py took 0.077 seconds
[2024-10-14T21:31:35.535+0000] {processor.py:161} INFO - Started process (PID=1900) to work on /home/airflow/.local/lib/python3.8/site-packages/airflow/example_dags/example_params_trigger_ui.py
[2024-10-14T21:31:35.539+0000] {processor.py:830} INFO - Processing file /home/airflow/.local/lib/python3.8/site-packages/airflow/example_dags/example_params_trigger_ui.py for tasks to queue
[2024-10-14T21:31:35.540+0000] {logging_mixin.py:188} INFO - [2024-10-14T21:31:35.540+0000] {dagbag.py:538} INFO - Filling up the DagBag from /home/airflow/.local/lib/python3.8/site-packages/airflow/example_dags/example_params_trigger_ui.py
[2024-10-14T21:31:35.550+0000] {processor.py:840} INFO - DAG(s) 'example_params_trigger_ui' retrieved from /home/airflow/.local/lib/python3.8/site-packages/airflow/example_dags/example_params_trigger_ui.py
[2024-10-14T21:31:35.599+0000] {logging_mixin.py:188} INFO - [2024-10-14T21:31:35.599+0000] {dag.py:3036} INFO - Sync 1 DAGs
[2024-10-14T21:31:35.610+0000] {logging_mixin.py:188} INFO - [2024-10-14T21:31:35.610+0000] {dag.py:3823} INFO - Setting next_dagrun for example_params_trigger_ui to None, run_after=None
[2024-10-14T21:31:35.625+0000] {processor.py:183} INFO - Processing /home/airflow/.local/lib/python3.8/site-packages/airflow/example_dags/example_params_trigger_ui.py took 0.092 seconds
[2024-10-14T21:32:05.758+0000] {processor.py:161} INFO - Started process (PID=1974) to work on /home/airflow/.local/lib/python3.8/site-packages/airflow/example_dags/example_params_trigger_ui.py
[2024-10-14T21:32:05.762+0000] {processor.py:830} INFO - Processing file /home/airflow/.local/lib/python3.8/site-packages/airflow/example_dags/example_params_trigger_ui.py for tasks to queue
[2024-10-14T21:32:05.764+0000] {logging_mixin.py:188} INFO - [2024-10-14T21:32:05.764+0000] {dagbag.py:538} INFO - Filling up the DagBag from /home/airflow/.local/lib/python3.8/site-packages/airflow/example_dags/example_params_trigger_ui.py
[2024-10-14T21:32:05.773+0000] {processor.py:840} INFO - DAG(s) 'example_params_trigger_ui' retrieved from /home/airflow/.local/lib/python3.8/site-packages/airflow/example_dags/example_params_trigger_ui.py
[2024-10-14T21:32:05.817+0000] {logging_mixin.py:188} INFO - [2024-10-14T21:32:05.817+0000] {dag.py:3036} INFO - Sync 1 DAGs
[2024-10-14T21:32:05.826+0000] {logging_mixin.py:188} INFO - [2024-10-14T21:32:05.825+0000] {dag.py:3823} INFO - Setting next_dagrun for example_params_trigger_ui to None, run_after=None
[2024-10-14T21:32:05.841+0000] {processor.py:183} INFO - Processing /home/airflow/.local/lib/python3.8/site-packages/airflow/example_dags/example_params_trigger_ui.py took 0.086 seconds
[2024-10-14T21:32:36.143+0000] {processor.py:161} INFO - Started process (PID=2056) to work on /home/airflow/.local/lib/python3.8/site-packages/airflow/example_dags/example_params_trigger_ui.py
[2024-10-14T21:32:36.146+0000] {processor.py:830} INFO - Processing file /home/airflow/.local/lib/python3.8/site-packages/airflow/example_dags/example_params_trigger_ui.py for tasks to queue
[2024-10-14T21:32:36.148+0000] {logging_mixin.py:188} INFO - [2024-10-14T21:32:36.147+0000] {dagbag.py:538} INFO - Filling up the DagBag from /home/airflow/.local/lib/python3.8/site-packages/airflow/example_dags/example_params_trigger_ui.py
[2024-10-14T21:32:36.158+0000] {processor.py:840} INFO - DAG(s) 'example_params_trigger_ui' retrieved from /home/airflow/.local/lib/python3.8/site-packages/airflow/example_dags/example_params_trigger_ui.py
[2024-10-14T21:32:36.194+0000] {logging_mixin.py:188} INFO - [2024-10-14T21:32:36.194+0000] {dag.py:3036} INFO - Sync 1 DAGs
[2024-10-14T21:32:36.203+0000] {logging_mixin.py:188} INFO - [2024-10-14T21:32:36.203+0000] {dag.py:3823} INFO - Setting next_dagrun for example_params_trigger_ui to None, run_after=None
[2024-10-14T21:32:36.222+0000] {processor.py:183} INFO - Processing /home/airflow/.local/lib/python3.8/site-packages/airflow/example_dags/example_params_trigger_ui.py took 0.081 seconds
[2024-10-14T21:33:06.800+0000] {processor.py:161} INFO - Started process (PID=2129) to work on /home/airflow/.local/lib/python3.8/site-packages/airflow/example_dags/example_params_trigger_ui.py
[2024-10-14T21:33:06.801+0000] {processor.py:830} INFO - Processing file /home/airflow/.local/lib/python3.8/site-packages/airflow/example_dags/example_params_trigger_ui.py for tasks to queue
[2024-10-14T21:33:06.802+0000] {logging_mixin.py:188} INFO - [2024-10-14T21:33:06.802+0000] {dagbag.py:538} INFO - Filling up the DagBag from /home/airflow/.local/lib/python3.8/site-packages/airflow/example_dags/example_params_trigger_ui.py
[2024-10-14T21:33:06.813+0000] {processor.py:840} INFO - DAG(s) 'example_params_trigger_ui' retrieved from /home/airflow/.local/lib/python3.8/site-packages/airflow/example_dags/example_params_trigger_ui.py
[2024-10-14T21:33:06.859+0000] {logging_mixin.py:188} INFO - [2024-10-14T21:33:06.859+0000] {dag.py:3036} INFO - Sync 1 DAGs
[2024-10-14T21:33:06.868+0000] {logging_mixin.py:188} INFO - [2024-10-14T21:33:06.868+0000] {dag.py:3823} INFO - Setting next_dagrun for example_params_trigger_ui to None, run_after=None
[2024-10-14T21:33:06.890+0000] {processor.py:183} INFO - Processing /home/airflow/.local/lib/python3.8/site-packages/airflow/example_dags/example_params_trigger_ui.py took 0.093 seconds
[2024-10-14T21:33:36.954+0000] {processor.py:161} INFO - Started process (PID=2210) to work on /home/airflow/.local/lib/python3.8/site-packages/airflow/example_dags/example_params_trigger_ui.py
[2024-10-14T21:33:36.958+0000] {processor.py:830} INFO - Processing file /home/airflow/.local/lib/python3.8/site-packages/airflow/example_dags/example_params_trigger_ui.py for tasks to queue
[2024-10-14T21:33:36.961+0000] {logging_mixin.py:188} INFO - [2024-10-14T21:33:36.960+0000] {dagbag.py:538} INFO - Filling up the DagBag from /home/airflow/.local/lib/python3.8/site-packages/airflow/example_dags/example_params_trigger_ui.py
[2024-10-14T21:33:36.987+0000] {processor.py:840} INFO - DAG(s) 'example_params_trigger_ui' retrieved from /home/airflow/.local/lib/python3.8/site-packages/airflow/example_dags/example_params_trigger_ui.py
[2024-10-14T21:33:37.043+0000] {logging_mixin.py:188} INFO - [2024-10-14T21:33:37.043+0000] {dag.py:3036} INFO - Sync 1 DAGs
[2024-10-14T21:33:37.052+0000] {logging_mixin.py:188} INFO - [2024-10-14T21:33:37.052+0000] {dag.py:3823} INFO - Setting next_dagrun for example_params_trigger_ui to None, run_after=None
[2024-10-14T21:33:37.069+0000] {processor.py:183} INFO - Processing /home/airflow/.local/lib/python3.8/site-packages/airflow/example_dags/example_params_trigger_ui.py took 0.118 seconds
[2024-10-14T21:34:07.138+0000] {processor.py:161} INFO - Started process (PID=2284) to work on /home/airflow/.local/lib/python3.8/site-packages/airflow/example_dags/example_params_trigger_ui.py
[2024-10-14T21:34:07.142+0000] {processor.py:830} INFO - Processing file /home/airflow/.local/lib/python3.8/site-packages/airflow/example_dags/example_params_trigger_ui.py for tasks to queue
[2024-10-14T21:34:07.144+0000] {logging_mixin.py:188} INFO - [2024-10-14T21:34:07.144+0000] {dagbag.py:538} INFO - Filling up the DagBag from /home/airflow/.local/lib/python3.8/site-packages/airflow/example_dags/example_params_trigger_ui.py
[2024-10-14T21:34:07.156+0000] {processor.py:840} INFO - DAG(s) 'example_params_trigger_ui' retrieved from /home/airflow/.local/lib/python3.8/site-packages/airflow/example_dags/example_params_trigger_ui.py
[2024-10-14T21:34:07.192+0000] {logging_mixin.py:188} INFO - [2024-10-14T21:34:07.191+0000] {dag.py:3036} INFO - Sync 1 DAGs
[2024-10-14T21:34:07.200+0000] {logging_mixin.py:188} INFO - [2024-10-14T21:34:07.200+0000] {dag.py:3823} INFO - Setting next_dagrun for example_params_trigger_ui to None, run_after=None
[2024-10-14T21:34:07.216+0000] {processor.py:183} INFO - Processing /home/airflow/.local/lib/python3.8/site-packages/airflow/example_dags/example_params_trigger_ui.py took 0.082 seconds
[2024-10-14T21:34:37.321+0000] {processor.py:161} INFO - Started process (PID=2366) to work on /home/airflow/.local/lib/python3.8/site-packages/airflow/example_dags/example_params_trigger_ui.py
[2024-10-14T21:34:37.324+0000] {processor.py:830} INFO - Processing file /home/airflow/.local/lib/python3.8/site-packages/airflow/example_dags/example_params_trigger_ui.py for tasks to queue
[2024-10-14T21:34:37.325+0000] {logging_mixin.py:188} INFO - [2024-10-14T21:34:37.325+0000] {dagbag.py:538} INFO - Filling up the DagBag from /home/airflow/.local/lib/python3.8/site-packages/airflow/example_dags/example_params_trigger_ui.py
[2024-10-14T21:34:37.335+0000] {processor.py:840} INFO - DAG(s) 'example_params_trigger_ui' retrieved from /home/airflow/.local/lib/python3.8/site-packages/airflow/example_dags/example_params_trigger_ui.py
[2024-10-14T21:34:37.370+0000] {logging_mixin.py:188} INFO - [2024-10-14T21:34:37.370+0000] {dag.py:3036} INFO - Sync 1 DAGs
[2024-10-14T21:34:37.378+0000] {logging_mixin.py:188} INFO - [2024-10-14T21:34:37.378+0000] {dag.py:3823} INFO - Setting next_dagrun for example_params_trigger_ui to None, run_after=None
[2024-10-14T21:34:37.394+0000] {processor.py:183} INFO - Processing /home/airflow/.local/lib/python3.8/site-packages/airflow/example_dags/example_params_trigger_ui.py took 0.076 seconds
[2024-10-14T21:35:07.637+0000] {processor.py:161} INFO - Started process (PID=2439) to work on /home/airflow/.local/lib/python3.8/site-packages/airflow/example_dags/example_params_trigger_ui.py
[2024-10-14T21:35:07.640+0000] {processor.py:830} INFO - Processing file /home/airflow/.local/lib/python3.8/site-packages/airflow/example_dags/example_params_trigger_ui.py for tasks to queue
[2024-10-14T21:35:07.642+0000] {logging_mixin.py:188} INFO - [2024-10-14T21:35:07.641+0000] {dagbag.py:538} INFO - Filling up the DagBag from /home/airflow/.local/lib/python3.8/site-packages/airflow/example_dags/example_params_trigger_ui.py
[2024-10-14T21:35:07.654+0000] {processor.py:840} INFO - DAG(s) 'example_params_trigger_ui' retrieved from /home/airflow/.local/lib/python3.8/site-packages/airflow/example_dags/example_params_trigger_ui.py
[2024-10-14T21:35:07.700+0000] {logging_mixin.py:188} INFO - [2024-10-14T21:35:07.699+0000] {dag.py:3036} INFO - Sync 1 DAGs
[2024-10-14T21:35:07.709+0000] {logging_mixin.py:188} INFO - [2024-10-14T21:35:07.708+0000] {dag.py:3823} INFO - Setting next_dagrun for example_params_trigger_ui to None, run_after=None
[2024-10-14T21:35:07.723+0000] {processor.py:183} INFO - Processing /home/airflow/.local/lib/python3.8/site-packages/airflow/example_dags/example_params_trigger_ui.py took 0.090 seconds
[2024-10-14T21:35:38.140+0000] {processor.py:161} INFO - Started process (PID=2521) to work on /home/airflow/.local/lib/python3.8/site-packages/airflow/example_dags/example_params_trigger_ui.py
[2024-10-14T21:35:38.140+0000] {processor.py:830} INFO - Processing file /home/airflow/.local/lib/python3.8/site-packages/airflow/example_dags/example_params_trigger_ui.py for tasks to queue
[2024-10-14T21:35:38.142+0000] {logging_mixin.py:188} INFO - [2024-10-14T21:35:38.142+0000] {dagbag.py:538} INFO - Filling up the DagBag from /home/airflow/.local/lib/python3.8/site-packages/airflow/example_dags/example_params_trigger_ui.py
[2024-10-14T21:35:38.152+0000] {processor.py:840} INFO - DAG(s) 'example_params_trigger_ui' retrieved from /home/airflow/.local/lib/python3.8/site-packages/airflow/example_dags/example_params_trigger_ui.py
[2024-10-14T21:35:38.191+0000] {logging_mixin.py:188} INFO - [2024-10-14T21:35:38.190+0000] {dag.py:3036} INFO - Sync 1 DAGs
[2024-10-14T21:35:38.200+0000] {logging_mixin.py:188} INFO - [2024-10-14T21:35:38.199+0000] {dag.py:3823} INFO - Setting next_dagrun for example_params_trigger_ui to None, run_after=None
[2024-10-14T21:35:38.216+0000] {processor.py:183} INFO - Processing /home/airflow/.local/lib/python3.8/site-packages/airflow/example_dags/example_params_trigger_ui.py took 0.079 seconds
[2024-10-14T21:36:08.256+0000] {processor.py:161} INFO - Started process (PID=2595) to work on /home/airflow/.local/lib/python3.8/site-packages/airflow/example_dags/example_params_trigger_ui.py
[2024-10-14T21:36:08.256+0000] {processor.py:830} INFO - Processing file /home/airflow/.local/lib/python3.8/site-packages/airflow/example_dags/example_params_trigger_ui.py for tasks to queue
[2024-10-14T21:36:08.258+0000] {logging_mixin.py:188} INFO - [2024-10-14T21:36:08.257+0000] {dagbag.py:538} INFO - Filling up the DagBag from /home/airflow/.local/lib/python3.8/site-packages/airflow/example_dags/example_params_trigger_ui.py
[2024-10-14T21:36:08.268+0000] {processor.py:840} INFO - DAG(s) 'example_params_trigger_ui' retrieved from /home/airflow/.local/lib/python3.8/site-packages/airflow/example_dags/example_params_trigger_ui.py
[2024-10-14T21:36:08.304+0000] {logging_mixin.py:188} INFO - [2024-10-14T21:36:08.304+0000] {dag.py:3036} INFO - Sync 1 DAGs
[2024-10-14T21:36:08.314+0000] {logging_mixin.py:188} INFO - [2024-10-14T21:36:08.313+0000] {dag.py:3823} INFO - Setting next_dagrun for example_params_trigger_ui to None, run_after=None
[2024-10-14T21:36:08.330+0000] {processor.py:183} INFO - Processing /home/airflow/.local/lib/python3.8/site-packages/airflow/example_dags/example_params_trigger_ui.py took 0.076 seconds
[2024-10-14T21:36:38.507+0000] {processor.py:161} INFO - Started process (PID=2677) to work on /home/airflow/.local/lib/python3.8/site-packages/airflow/example_dags/example_params_trigger_ui.py
[2024-10-14T21:36:38.509+0000] {processor.py:830} INFO - Processing file /home/airflow/.local/lib/python3.8/site-packages/airflow/example_dags/example_params_trigger_ui.py for tasks to queue
[2024-10-14T21:36:38.513+0000] {logging_mixin.py:188} INFO - [2024-10-14T21:36:38.511+0000] {dagbag.py:538} INFO - Filling up the DagBag from /home/airflow/.local/lib/python3.8/site-packages/airflow/example_dags/example_params_trigger_ui.py
[2024-10-14T21:36:38.527+0000] {processor.py:840} INFO - DAG(s) 'example_params_trigger_ui' retrieved from /home/airflow/.local/lib/python3.8/site-packages/airflow/example_dags/example_params_trigger_ui.py
[2024-10-14T21:36:38.564+0000] {logging_mixin.py:188} INFO - [2024-10-14T21:36:38.564+0000] {dag.py:3036} INFO - Sync 1 DAGs
[2024-10-14T21:36:38.573+0000] {logging_mixin.py:188} INFO - [2024-10-14T21:36:38.572+0000] {dag.py:3823} INFO - Setting next_dagrun for example_params_trigger_ui to None, run_after=None
[2024-10-14T21:36:38.588+0000] {processor.py:183} INFO - Processing /home/airflow/.local/lib/python3.8/site-packages/airflow/example_dags/example_params_trigger_ui.py took 0.088 seconds
[2024-10-14T21:37:09.009+0000] {processor.py:161} INFO - Started process (PID=2759) to work on /home/airflow/.local/lib/python3.8/site-packages/airflow/example_dags/example_params_trigger_ui.py
[2024-10-14T21:37:09.010+0000] {processor.py:830} INFO - Processing file /home/airflow/.local/lib/python3.8/site-packages/airflow/example_dags/example_params_trigger_ui.py for tasks to queue
[2024-10-14T21:37:09.016+0000] {logging_mixin.py:188} INFO - [2024-10-14T21:37:09.015+0000] {dagbag.py:538} INFO - Filling up the DagBag from /home/airflow/.local/lib/python3.8/site-packages/airflow/example_dags/example_params_trigger_ui.py
[2024-10-14T21:37:09.039+0000] {processor.py:840} INFO - DAG(s) 'example_params_trigger_ui' retrieved from /home/airflow/.local/lib/python3.8/site-packages/airflow/example_dags/example_params_trigger_ui.py
[2024-10-14T21:37:09.103+0000] {logging_mixin.py:188} INFO - [2024-10-14T21:37:09.102+0000] {dag.py:3036} INFO - Sync 1 DAGs
[2024-10-14T21:37:09.117+0000] {logging_mixin.py:188} INFO - [2024-10-14T21:37:09.116+0000] {dag.py:3823} INFO - Setting next_dagrun for example_params_trigger_ui to None, run_after=None
[2024-10-14T21:37:09.141+0000] {processor.py:183} INFO - Processing /home/airflow/.local/lib/python3.8/site-packages/airflow/example_dags/example_params_trigger_ui.py took 0.138 seconds
[2024-10-14T21:37:39.446+0000] {processor.py:161} INFO - Started process (PID=2831) to work on /home/airflow/.local/lib/python3.8/site-packages/airflow/example_dags/example_params_trigger_ui.py
[2024-10-14T21:37:39.449+0000] {processor.py:830} INFO - Processing file /home/airflow/.local/lib/python3.8/site-packages/airflow/example_dags/example_params_trigger_ui.py for tasks to queue
[2024-10-14T21:37:39.451+0000] {logging_mixin.py:188} INFO - [2024-10-14T21:37:39.450+0000] {dagbag.py:538} INFO - Filling up the DagBag from /home/airflow/.local/lib/python3.8/site-packages/airflow/example_dags/example_params_trigger_ui.py
[2024-10-14T21:37:39.460+0000] {processor.py:840} INFO - DAG(s) 'example_params_trigger_ui' retrieved from /home/airflow/.local/lib/python3.8/site-packages/airflow/example_dags/example_params_trigger_ui.py
[2024-10-14T21:37:39.495+0000] {logging_mixin.py:188} INFO - [2024-10-14T21:37:39.495+0000] {dag.py:3036} INFO - Sync 1 DAGs
[2024-10-14T21:37:39.503+0000] {logging_mixin.py:188} INFO - [2024-10-14T21:37:39.503+0000] {dag.py:3823} INFO - Setting next_dagrun for example_params_trigger_ui to None, run_after=None
[2024-10-14T21:37:39.518+0000] {processor.py:183} INFO - Processing /home/airflow/.local/lib/python3.8/site-packages/airflow/example_dags/example_params_trigger_ui.py took 0.075 seconds
[2024-10-14T21:38:10.084+0000] {processor.py:161} INFO - Started process (PID=2913) to work on /home/airflow/.local/lib/python3.8/site-packages/airflow/example_dags/example_params_trigger_ui.py
[2024-10-14T21:38:10.088+0000] {processor.py:830} INFO - Processing file /home/airflow/.local/lib/python3.8/site-packages/airflow/example_dags/example_params_trigger_ui.py for tasks to queue
[2024-10-14T21:38:10.089+0000] {logging_mixin.py:188} INFO - [2024-10-14T21:38:10.089+0000] {dagbag.py:538} INFO - Filling up the DagBag from /home/airflow/.local/lib/python3.8/site-packages/airflow/example_dags/example_params_trigger_ui.py
[2024-10-14T21:38:10.108+0000] {processor.py:840} INFO - DAG(s) 'example_params_trigger_ui' retrieved from /home/airflow/.local/lib/python3.8/site-packages/airflow/example_dags/example_params_trigger_ui.py
[2024-10-14T21:38:10.166+0000] {logging_mixin.py:188} INFO - [2024-10-14T21:38:10.166+0000] {dag.py:3036} INFO - Sync 1 DAGs
[2024-10-14T21:38:10.180+0000] {logging_mixin.py:188} INFO - [2024-10-14T21:38:10.179+0000] {dag.py:3823} INFO - Setting next_dagrun for example_params_trigger_ui to None, run_after=None
[2024-10-14T21:38:10.205+0000] {processor.py:183} INFO - Processing /home/airflow/.local/lib/python3.8/site-packages/airflow/example_dags/example_params_trigger_ui.py took 0.126 seconds
[2024-10-14T21:38:40.280+0000] {processor.py:161} INFO - Started process (PID=2987) to work on /home/airflow/.local/lib/python3.8/site-packages/airflow/example_dags/example_params_trigger_ui.py
[2024-10-14T21:38:40.281+0000] {processor.py:830} INFO - Processing file /home/airflow/.local/lib/python3.8/site-packages/airflow/example_dags/example_params_trigger_ui.py for tasks to queue
[2024-10-14T21:38:40.283+0000] {logging_mixin.py:188} INFO - [2024-10-14T21:38:40.282+0000] {dagbag.py:538} INFO - Filling up the DagBag from /home/airflow/.local/lib/python3.8/site-packages/airflow/example_dags/example_params_trigger_ui.py
[2024-10-14T21:38:40.293+0000] {processor.py:840} INFO - DAG(s) 'example_params_trigger_ui' retrieved from /home/airflow/.local/lib/python3.8/site-packages/airflow/example_dags/example_params_trigger_ui.py
[2024-10-14T21:38:40.331+0000] {logging_mixin.py:188} INFO - [2024-10-14T21:38:40.331+0000] {dag.py:3036} INFO - Sync 1 DAGs
[2024-10-14T21:38:40.341+0000] {logging_mixin.py:188} INFO - [2024-10-14T21:38:40.341+0000] {dag.py:3823} INFO - Setting next_dagrun for example_params_trigger_ui to None, run_after=None
[2024-10-14T21:38:40.360+0000] {processor.py:183} INFO - Processing /home/airflow/.local/lib/python3.8/site-packages/airflow/example_dags/example_params_trigger_ui.py took 0.082 seconds
[2024-10-14T21:39:11.135+0000] {processor.py:161} INFO - Started process (PID=3061) to work on /home/airflow/.local/lib/python3.8/site-packages/airflow/example_dags/example_params_trigger_ui.py
[2024-10-14T21:39:11.136+0000] {processor.py:830} INFO - Processing file /home/airflow/.local/lib/python3.8/site-packages/airflow/example_dags/example_params_trigger_ui.py for tasks to queue
[2024-10-14T21:39:11.138+0000] {logging_mixin.py:188} INFO - [2024-10-14T21:39:11.137+0000] {dagbag.py:538} INFO - Filling up the DagBag from /home/airflow/.local/lib/python3.8/site-packages/airflow/example_dags/example_params_trigger_ui.py
[2024-10-14T21:39:11.148+0000] {processor.py:840} INFO - DAG(s) 'example_params_trigger_ui' retrieved from /home/airflow/.local/lib/python3.8/site-packages/airflow/example_dags/example_params_trigger_ui.py
[2024-10-14T21:39:11.188+0000] {logging_mixin.py:188} INFO - [2024-10-14T21:39:11.188+0000] {dag.py:3036} INFO - Sync 1 DAGs
[2024-10-14T21:39:11.203+0000] {logging_mixin.py:188} INFO - [2024-10-14T21:39:11.202+0000] {dag.py:3823} INFO - Setting next_dagrun for example_params_trigger_ui to None, run_after=None
[2024-10-14T21:39:11.233+0000] {processor.py:183} INFO - Processing /home/airflow/.local/lib/python3.8/site-packages/airflow/example_dags/example_params_trigger_ui.py took 0.102 seconds
[2024-10-14T21:44:05.298+0000] {processor.py:161} INFO - Started process (PID=100) to work on /home/airflow/.local/lib/python3.8/site-packages/airflow/example_dags/example_params_trigger_ui.py
[2024-10-14T21:44:05.299+0000] {processor.py:830} INFO - Processing file /home/airflow/.local/lib/python3.8/site-packages/airflow/example_dags/example_params_trigger_ui.py for tasks to queue
[2024-10-14T21:44:05.300+0000] {logging_mixin.py:188} INFO - [2024-10-14T21:44:05.300+0000] {dagbag.py:538} INFO - Filling up the DagBag from /home/airflow/.local/lib/python3.8/site-packages/airflow/example_dags/example_params_trigger_ui.py
[2024-10-14T21:44:05.312+0000] {processor.py:840} INFO - DAG(s) 'example_params_trigger_ui' retrieved from /home/airflow/.local/lib/python3.8/site-packages/airflow/example_dags/example_params_trigger_ui.py
[2024-10-14T21:44:05.411+0000] {logging_mixin.py:188} INFO - [2024-10-14T21:44:05.411+0000] {dag.py:3036} INFO - Sync 1 DAGs
[2024-10-14T21:44:05.419+0000] {logging_mixin.py:188} INFO - [2024-10-14T21:44:05.418+0000] {dag.py:3823} INFO - Setting next_dagrun for example_params_trigger_ui to None, run_after=None
[2024-10-14T21:44:05.434+0000] {processor.py:183} INFO - Processing /home/airflow/.local/lib/python3.8/site-packages/airflow/example_dags/example_params_trigger_ui.py took 0.138 seconds
[2024-10-14T21:44:35.615+0000] {processor.py:161} INFO - Started process (PID=166) to work on /home/airflow/.local/lib/python3.8/site-packages/airflow/example_dags/example_params_trigger_ui.py
[2024-10-14T21:44:35.616+0000] {processor.py:830} INFO - Processing file /home/airflow/.local/lib/python3.8/site-packages/airflow/example_dags/example_params_trigger_ui.py for tasks to queue
[2024-10-14T21:44:35.617+0000] {logging_mixin.py:188} INFO - [2024-10-14T21:44:35.617+0000] {dagbag.py:538} INFO - Filling up the DagBag from /home/airflow/.local/lib/python3.8/site-packages/airflow/example_dags/example_params_trigger_ui.py
[2024-10-14T21:44:35.626+0000] {processor.py:840} INFO - DAG(s) 'example_params_trigger_ui' retrieved from /home/airflow/.local/lib/python3.8/site-packages/airflow/example_dags/example_params_trigger_ui.py
[2024-10-14T21:44:35.661+0000] {logging_mixin.py:188} INFO - [2024-10-14T21:44:35.661+0000] {dag.py:3036} INFO - Sync 1 DAGs
[2024-10-14T21:44:35.669+0000] {logging_mixin.py:188} INFO - [2024-10-14T21:44:35.669+0000] {dag.py:3823} INFO - Setting next_dagrun for example_params_trigger_ui to None, run_after=None
[2024-10-14T21:44:35.689+0000] {processor.py:183} INFO - Processing /home/airflow/.local/lib/python3.8/site-packages/airflow/example_dags/example_params_trigger_ui.py took 0.076 seconds
[2024-10-14T21:45:06.221+0000] {processor.py:161} INFO - Started process (PID=240) to work on /home/airflow/.local/lib/python3.8/site-packages/airflow/example_dags/example_params_trigger_ui.py
[2024-10-14T21:45:06.222+0000] {processor.py:830} INFO - Processing file /home/airflow/.local/lib/python3.8/site-packages/airflow/example_dags/example_params_trigger_ui.py for tasks to queue
[2024-10-14T21:45:06.224+0000] {logging_mixin.py:188} INFO - [2024-10-14T21:45:06.223+0000] {dagbag.py:538} INFO - Filling up the DagBag from /home/airflow/.local/lib/python3.8/site-packages/airflow/example_dags/example_params_trigger_ui.py
[2024-10-14T21:45:06.234+0000] {processor.py:840} INFO - DAG(s) 'example_params_trigger_ui' retrieved from /home/airflow/.local/lib/python3.8/site-packages/airflow/example_dags/example_params_trigger_ui.py
[2024-10-14T21:45:06.271+0000] {logging_mixin.py:188} INFO - [2024-10-14T21:45:06.271+0000] {dag.py:3036} INFO - Sync 1 DAGs
[2024-10-14T21:45:06.280+0000] {logging_mixin.py:188} INFO - [2024-10-14T21:45:06.280+0000] {dag.py:3823} INFO - Setting next_dagrun for example_params_trigger_ui to None, run_after=None
[2024-10-14T21:45:06.294+0000] {processor.py:183} INFO - Processing /home/airflow/.local/lib/python3.8/site-packages/airflow/example_dags/example_params_trigger_ui.py took 0.075 seconds
[2024-10-14T21:45:36.461+0000] {processor.py:161} INFO - Started process (PID=314) to work on /home/airflow/.local/lib/python3.8/site-packages/airflow/example_dags/example_params_trigger_ui.py
[2024-10-14T21:45:36.462+0000] {processor.py:830} INFO - Processing file /home/airflow/.local/lib/python3.8/site-packages/airflow/example_dags/example_params_trigger_ui.py for tasks to queue
[2024-10-14T21:45:36.464+0000] {logging_mixin.py:188} INFO - [2024-10-14T21:45:36.463+0000] {dagbag.py:538} INFO - Filling up the DagBag from /home/airflow/.local/lib/python3.8/site-packages/airflow/example_dags/example_params_trigger_ui.py
[2024-10-14T21:45:36.474+0000] {processor.py:840} INFO - DAG(s) 'example_params_trigger_ui' retrieved from /home/airflow/.local/lib/python3.8/site-packages/airflow/example_dags/example_params_trigger_ui.py
[2024-10-14T21:45:36.513+0000] {logging_mixin.py:188} INFO - [2024-10-14T21:45:36.512+0000] {dag.py:3036} INFO - Sync 1 DAGs
[2024-10-14T21:45:36.524+0000] {logging_mixin.py:188} INFO - [2024-10-14T21:45:36.524+0000] {dag.py:3823} INFO - Setting next_dagrun for example_params_trigger_ui to None, run_after=None
[2024-10-14T21:45:36.541+0000] {processor.py:183} INFO - Processing /home/airflow/.local/lib/python3.8/site-packages/airflow/example_dags/example_params_trigger_ui.py took 0.082 seconds
[2024-10-14T21:46:06.941+0000] {processor.py:161} INFO - Started process (PID=380) to work on /home/airflow/.local/lib/python3.8/site-packages/airflow/example_dags/example_params_trigger_ui.py
[2024-10-14T21:46:06.942+0000] {processor.py:830} INFO - Processing file /home/airflow/.local/lib/python3.8/site-packages/airflow/example_dags/example_params_trigger_ui.py for tasks to queue
[2024-10-14T21:46:06.943+0000] {logging_mixin.py:188} INFO - [2024-10-14T21:46:06.943+0000] {dagbag.py:538} INFO - Filling up the DagBag from /home/airflow/.local/lib/python3.8/site-packages/airflow/example_dags/example_params_trigger_ui.py
[2024-10-14T21:46:06.953+0000] {processor.py:840} INFO - DAG(s) 'example_params_trigger_ui' retrieved from /home/airflow/.local/lib/python3.8/site-packages/airflow/example_dags/example_params_trigger_ui.py
[2024-10-14T21:46:06.988+0000] {logging_mixin.py:188} INFO - [2024-10-14T21:46:06.988+0000] {dag.py:3036} INFO - Sync 1 DAGs
[2024-10-14T21:46:06.997+0000] {logging_mixin.py:188} INFO - [2024-10-14T21:46:06.996+0000] {dag.py:3823} INFO - Setting next_dagrun for example_params_trigger_ui to None, run_after=None
[2024-10-14T21:46:07.017+0000] {processor.py:183} INFO - Processing /home/airflow/.local/lib/python3.8/site-packages/airflow/example_dags/example_params_trigger_ui.py took 0.079 seconds
[2024-10-14T21:46:37.225+0000] {processor.py:161} INFO - Started process (PID=454) to work on /home/airflow/.local/lib/python3.8/site-packages/airflow/example_dags/example_params_trigger_ui.py
[2024-10-14T21:46:37.226+0000] {processor.py:830} INFO - Processing file /home/airflow/.local/lib/python3.8/site-packages/airflow/example_dags/example_params_trigger_ui.py for tasks to queue
[2024-10-14T21:46:37.229+0000] {logging_mixin.py:188} INFO - [2024-10-14T21:46:37.228+0000] {dagbag.py:538} INFO - Filling up the DagBag from /home/airflow/.local/lib/python3.8/site-packages/airflow/example_dags/example_params_trigger_ui.py
[2024-10-14T21:46:37.245+0000] {processor.py:840} INFO - DAG(s) 'example_params_trigger_ui' retrieved from /home/airflow/.local/lib/python3.8/site-packages/airflow/example_dags/example_params_trigger_ui.py
[2024-10-14T21:46:37.300+0000] {logging_mixin.py:188} INFO - [2024-10-14T21:46:37.300+0000] {dag.py:3036} INFO - Sync 1 DAGs
[2024-10-14T21:46:37.312+0000] {logging_mixin.py:188} INFO - [2024-10-14T21:46:37.311+0000] {dag.py:3823} INFO - Setting next_dagrun for example_params_trigger_ui to None, run_after=None
[2024-10-14T21:46:37.332+0000] {processor.py:183} INFO - Processing /home/airflow/.local/lib/python3.8/site-packages/airflow/example_dags/example_params_trigger_ui.py took 0.111 seconds
[2024-10-14T21:50:42.796+0000] {processor.py:161} INFO - Started process (PID=109) to work on /home/airflow/.local/lib/python3.8/site-packages/airflow/example_dags/example_params_trigger_ui.py
[2024-10-14T21:50:42.798+0000] {processor.py:830} INFO - Processing file /home/airflow/.local/lib/python3.8/site-packages/airflow/example_dags/example_params_trigger_ui.py for tasks to queue
[2024-10-14T21:50:42.803+0000] {logging_mixin.py:188} INFO - [2024-10-14T21:50:42.802+0000] {dagbag.py:538} INFO - Filling up the DagBag from /home/airflow/.local/lib/python3.8/site-packages/airflow/example_dags/example_params_trigger_ui.py
[2024-10-14T21:50:42.832+0000] {processor.py:840} INFO - DAG(s) 'example_params_trigger_ui' retrieved from /home/airflow/.local/lib/python3.8/site-packages/airflow/example_dags/example_params_trigger_ui.py
[2024-10-14T21:50:42.854+0000] {logging_mixin.py:188} INFO - [2024-10-14T21:50:42.853+0000] {dag.py:3036} INFO - Sync 1 DAGs
[2024-10-14T21:50:42.874+0000] {logging_mixin.py:188} INFO - [2024-10-14T21:50:42.874+0000] {dag.py:3823} INFO - Setting next_dagrun for example_params_trigger_ui to None, run_after=None
[2024-10-14T21:50:42.919+0000] {processor.py:183} INFO - Processing /home/airflow/.local/lib/python3.8/site-packages/airflow/example_dags/example_params_trigger_ui.py took 0.128 seconds
[2024-10-14T21:51:13.545+0000] {processor.py:161} INFO - Started process (PID=176) to work on /home/airflow/.local/lib/python3.8/site-packages/airflow/example_dags/example_params_trigger_ui.py
[2024-10-14T21:51:13.546+0000] {processor.py:830} INFO - Processing file /home/airflow/.local/lib/python3.8/site-packages/airflow/example_dags/example_params_trigger_ui.py for tasks to queue
[2024-10-14T21:51:13.547+0000] {logging_mixin.py:188} INFO - [2024-10-14T21:51:13.547+0000] {dagbag.py:538} INFO - Filling up the DagBag from /home/airflow/.local/lib/python3.8/site-packages/airflow/example_dags/example_params_trigger_ui.py
[2024-10-14T21:51:13.556+0000] {processor.py:840} INFO - DAG(s) 'example_params_trigger_ui' retrieved from /home/airflow/.local/lib/python3.8/site-packages/airflow/example_dags/example_params_trigger_ui.py
[2024-10-14T21:51:13.714+0000] {logging_mixin.py:188} INFO - [2024-10-14T21:51:13.713+0000] {dag.py:3036} INFO - Sync 1 DAGs
[2024-10-14T21:51:13.722+0000] {logging_mixin.py:188} INFO - [2024-10-14T21:51:13.722+0000] {dag.py:3823} INFO - Setting next_dagrun for example_params_trigger_ui to None, run_after=None
[2024-10-14T21:51:13.736+0000] {processor.py:183} INFO - Processing /home/airflow/.local/lib/python3.8/site-packages/airflow/example_dags/example_params_trigger_ui.py took 0.193 seconds
[2024-10-14T21:51:44.024+0000] {processor.py:161} INFO - Started process (PID=247) to work on /home/airflow/.local/lib/python3.8/site-packages/airflow/example_dags/example_params_trigger_ui.py
[2024-10-14T21:51:44.025+0000] {processor.py:830} INFO - Processing file /home/airflow/.local/lib/python3.8/site-packages/airflow/example_dags/example_params_trigger_ui.py for tasks to queue
[2024-10-14T21:51:44.026+0000] {logging_mixin.py:188} INFO - [2024-10-14T21:51:44.026+0000] {dagbag.py:538} INFO - Filling up the DagBag from /home/airflow/.local/lib/python3.8/site-packages/airflow/example_dags/example_params_trigger_ui.py
[2024-10-14T21:51:44.036+0000] {processor.py:840} INFO - DAG(s) 'example_params_trigger_ui' retrieved from /home/airflow/.local/lib/python3.8/site-packages/airflow/example_dags/example_params_trigger_ui.py
[2024-10-14T21:51:44.078+0000] {logging_mixin.py:188} INFO - [2024-10-14T21:51:44.078+0000] {dag.py:3036} INFO - Sync 1 DAGs
[2024-10-14T21:51:44.088+0000] {logging_mixin.py:188} INFO - [2024-10-14T21:51:44.088+0000] {dag.py:3823} INFO - Setting next_dagrun for example_params_trigger_ui to None, run_after=None
[2024-10-14T21:51:44.103+0000] {processor.py:183} INFO - Processing /home/airflow/.local/lib/python3.8/site-packages/airflow/example_dags/example_params_trigger_ui.py took 0.082 seconds
[2024-10-14T21:52:14.413+0000] {processor.py:161} INFO - Started process (PID=329) to work on /home/airflow/.local/lib/python3.8/site-packages/airflow/example_dags/example_params_trigger_ui.py
[2024-10-14T21:52:14.414+0000] {processor.py:830} INFO - Processing file /home/airflow/.local/lib/python3.8/site-packages/airflow/example_dags/example_params_trigger_ui.py for tasks to queue
[2024-10-14T21:52:14.415+0000] {logging_mixin.py:188} INFO - [2024-10-14T21:52:14.415+0000] {dagbag.py:538} INFO - Filling up the DagBag from /home/airflow/.local/lib/python3.8/site-packages/airflow/example_dags/example_params_trigger_ui.py
[2024-10-14T21:52:14.427+0000] {processor.py:840} INFO - DAG(s) 'example_params_trigger_ui' retrieved from /home/airflow/.local/lib/python3.8/site-packages/airflow/example_dags/example_params_trigger_ui.py
[2024-10-14T21:52:14.463+0000] {logging_mixin.py:188} INFO - [2024-10-14T21:52:14.463+0000] {dag.py:3036} INFO - Sync 1 DAGs
[2024-10-14T21:52:14.472+0000] {logging_mixin.py:188} INFO - [2024-10-14T21:52:14.472+0000] {dag.py:3823} INFO - Setting next_dagrun for example_params_trigger_ui to None, run_after=None
[2024-10-14T21:52:14.488+0000] {processor.py:183} INFO - Processing /home/airflow/.local/lib/python3.8/site-packages/airflow/example_dags/example_params_trigger_ui.py took 0.077 seconds
[2024-10-14T21:52:45.253+0000] {processor.py:161} INFO - Started process (PID=410) to work on /home/airflow/.local/lib/python3.8/site-packages/airflow/example_dags/example_params_trigger_ui.py
[2024-10-14T21:52:45.256+0000] {processor.py:830} INFO - Processing file /home/airflow/.local/lib/python3.8/site-packages/airflow/example_dags/example_params_trigger_ui.py for tasks to queue
[2024-10-14T21:52:45.258+0000] {logging_mixin.py:188} INFO - [2024-10-14T21:52:45.258+0000] {dagbag.py:538} INFO - Filling up the DagBag from /home/airflow/.local/lib/python3.8/site-packages/airflow/example_dags/example_params_trigger_ui.py
[2024-10-14T21:52:45.275+0000] {processor.py:840} INFO - DAG(s) 'example_params_trigger_ui' retrieved from /home/airflow/.local/lib/python3.8/site-packages/airflow/example_dags/example_params_trigger_ui.py
[2024-10-14T21:52:45.328+0000] {logging_mixin.py:188} INFO - [2024-10-14T21:52:45.328+0000] {dag.py:3036} INFO - Sync 1 DAGs
[2024-10-14T21:52:45.343+0000] {logging_mixin.py:188} INFO - [2024-10-14T21:52:45.342+0000] {dag.py:3823} INFO - Setting next_dagrun for example_params_trigger_ui to None, run_after=None
[2024-10-14T21:52:45.366+0000] {processor.py:183} INFO - Processing /home/airflow/.local/lib/python3.8/site-packages/airflow/example_dags/example_params_trigger_ui.py took 0.120 seconds
[2024-10-14T21:53:15.555+0000] {processor.py:161} INFO - Started process (PID=483) to work on /home/airflow/.local/lib/python3.8/site-packages/airflow/example_dags/example_params_trigger_ui.py
[2024-10-14T21:53:15.555+0000] {processor.py:830} INFO - Processing file /home/airflow/.local/lib/python3.8/site-packages/airflow/example_dags/example_params_trigger_ui.py for tasks to queue
[2024-10-14T21:53:15.557+0000] {logging_mixin.py:188} INFO - [2024-10-14T21:53:15.557+0000] {dagbag.py:538} INFO - Filling up the DagBag from /home/airflow/.local/lib/python3.8/site-packages/airflow/example_dags/example_params_trigger_ui.py
[2024-10-14T21:53:15.572+0000] {processor.py:840} INFO - DAG(s) 'example_params_trigger_ui' retrieved from /home/airflow/.local/lib/python3.8/site-packages/airflow/example_dags/example_params_trigger_ui.py
[2024-10-14T21:53:15.612+0000] {logging_mixin.py:188} INFO - [2024-10-14T21:53:15.612+0000] {dag.py:3036} INFO - Sync 1 DAGs
[2024-10-14T21:53:15.627+0000] {logging_mixin.py:188} INFO - [2024-10-14T21:53:15.627+0000] {dag.py:3823} INFO - Setting next_dagrun for example_params_trigger_ui to None, run_after=None
[2024-10-14T21:53:15.646+0000] {processor.py:183} INFO - Processing /home/airflow/.local/lib/python3.8/site-packages/airflow/example_dags/example_params_trigger_ui.py took 0.098 seconds
[2024-10-14T21:53:45.929+0000] {processor.py:161} INFO - Started process (PID=564) to work on /home/airflow/.local/lib/python3.8/site-packages/airflow/example_dags/example_params_trigger_ui.py
[2024-10-14T21:53:45.930+0000] {processor.py:830} INFO - Processing file /home/airflow/.local/lib/python3.8/site-packages/airflow/example_dags/example_params_trigger_ui.py for tasks to queue
[2024-10-14T21:53:45.933+0000] {logging_mixin.py:188} INFO - [2024-10-14T21:53:45.932+0000] {dagbag.py:538} INFO - Filling up the DagBag from /home/airflow/.local/lib/python3.8/site-packages/airflow/example_dags/example_params_trigger_ui.py
[2024-10-14T21:53:45.952+0000] {processor.py:840} INFO - DAG(s) 'example_params_trigger_ui' retrieved from /home/airflow/.local/lib/python3.8/site-packages/airflow/example_dags/example_params_trigger_ui.py
[2024-10-14T21:53:45.998+0000] {logging_mixin.py:188} INFO - [2024-10-14T21:53:45.998+0000] {dag.py:3036} INFO - Sync 1 DAGs
[2024-10-14T21:53:46.012+0000] {logging_mixin.py:188} INFO - [2024-10-14T21:53:46.012+0000] {dag.py:3823} INFO - Setting next_dagrun for example_params_trigger_ui to None, run_after=None
[2024-10-14T21:53:46.041+0000] {processor.py:183} INFO - Processing /home/airflow/.local/lib/python3.8/site-packages/airflow/example_dags/example_params_trigger_ui.py took 0.115 seconds
[2024-10-14T21:54:16.413+0000] {processor.py:161} INFO - Started process (PID=647) to work on /home/airflow/.local/lib/python3.8/site-packages/airflow/example_dags/example_params_trigger_ui.py
[2024-10-14T21:54:16.413+0000] {processor.py:830} INFO - Processing file /home/airflow/.local/lib/python3.8/site-packages/airflow/example_dags/example_params_trigger_ui.py for tasks to queue
[2024-10-14T21:54:16.415+0000] {logging_mixin.py:188} INFO - [2024-10-14T21:54:16.415+0000] {dagbag.py:538} INFO - Filling up the DagBag from /home/airflow/.local/lib/python3.8/site-packages/airflow/example_dags/example_params_trigger_ui.py
[2024-10-14T21:54:16.427+0000] {processor.py:840} INFO - DAG(s) 'example_params_trigger_ui' retrieved from /home/airflow/.local/lib/python3.8/site-packages/airflow/example_dags/example_params_trigger_ui.py
[2024-10-14T21:54:16.471+0000] {logging_mixin.py:188} INFO - [2024-10-14T21:54:16.471+0000] {dag.py:3036} INFO - Sync 1 DAGs
[2024-10-14T21:54:16.481+0000] {logging_mixin.py:188} INFO - [2024-10-14T21:54:16.481+0000] {dag.py:3823} INFO - Setting next_dagrun for example_params_trigger_ui to None, run_after=None
[2024-10-14T21:54:16.500+0000] {processor.py:183} INFO - Processing /home/airflow/.local/lib/python3.8/site-packages/airflow/example_dags/example_params_trigger_ui.py took 0.089 seconds
[2024-10-14T21:58:42.513+0000] {processor.py:161} INFO - Started process (PID=100) to work on /home/airflow/.local/lib/python3.8/site-packages/airflow/example_dags/example_params_trigger_ui.py
[2024-10-14T21:58:42.514+0000] {processor.py:830} INFO - Processing file /home/airflow/.local/lib/python3.8/site-packages/airflow/example_dags/example_params_trigger_ui.py for tasks to queue
[2024-10-14T21:58:42.515+0000] {logging_mixin.py:188} INFO - [2024-10-14T21:58:42.515+0000] {dagbag.py:538} INFO - Filling up the DagBag from /home/airflow/.local/lib/python3.8/site-packages/airflow/example_dags/example_params_trigger_ui.py
[2024-10-14T21:58:42.534+0000] {processor.py:840} INFO - DAG(s) 'example_params_trigger_ui' retrieved from /home/airflow/.local/lib/python3.8/site-packages/airflow/example_dags/example_params_trigger_ui.py
[2024-10-14T21:58:42.550+0000] {logging_mixin.py:188} INFO - [2024-10-14T21:58:42.549+0000] {dag.py:3036} INFO - Sync 1 DAGs
[2024-10-14T21:58:42.578+0000] {logging_mixin.py:188} INFO - [2024-10-14T21:58:42.578+0000] {dag.py:3823} INFO - Setting next_dagrun for example_params_trigger_ui to None, run_after=None
[2024-10-14T21:58:42.611+0000] {processor.py:183} INFO - Processing /home/airflow/.local/lib/python3.8/site-packages/airflow/example_dags/example_params_trigger_ui.py took 0.100 seconds
[2024-10-14T21:59:13.604+0000] {processor.py:161} INFO - Started process (PID=175) to work on /home/airflow/.local/lib/python3.8/site-packages/airflow/example_dags/example_params_trigger_ui.py
[2024-10-14T21:59:13.605+0000] {processor.py:830} INFO - Processing file /home/airflow/.local/lib/python3.8/site-packages/airflow/example_dags/example_params_trigger_ui.py for tasks to queue
[2024-10-14T21:59:13.606+0000] {logging_mixin.py:188} INFO - [2024-10-14T21:59:13.606+0000] {dagbag.py:538} INFO - Filling up the DagBag from /home/airflow/.local/lib/python3.8/site-packages/airflow/example_dags/example_params_trigger_ui.py
[2024-10-14T21:59:13.616+0000] {processor.py:840} INFO - DAG(s) 'example_params_trigger_ui' retrieved from /home/airflow/.local/lib/python3.8/site-packages/airflow/example_dags/example_params_trigger_ui.py
[2024-10-14T21:59:13.749+0000] {logging_mixin.py:188} INFO - [2024-10-14T21:59:13.749+0000] {dag.py:3036} INFO - Sync 1 DAGs
[2024-10-14T21:59:13.768+0000] {logging_mixin.py:188} INFO - [2024-10-14T21:59:13.768+0000] {dag.py:3823} INFO - Setting next_dagrun for example_params_trigger_ui to None, run_after=None
[2024-10-14T21:59:13.810+0000] {processor.py:183} INFO - Processing /home/airflow/.local/lib/python3.8/site-packages/airflow/example_dags/example_params_trigger_ui.py took 0.211 seconds
[2024-10-14T21:59:44.151+0000] {processor.py:161} INFO - Started process (PID=247) to work on /home/airflow/.local/lib/python3.8/site-packages/airflow/example_dags/example_params_trigger_ui.py
[2024-10-14T21:59:44.152+0000] {processor.py:830} INFO - Processing file /home/airflow/.local/lib/python3.8/site-packages/airflow/example_dags/example_params_trigger_ui.py for tasks to queue
[2024-10-14T21:59:44.154+0000] {logging_mixin.py:188} INFO - [2024-10-14T21:59:44.153+0000] {dagbag.py:538} INFO - Filling up the DagBag from /home/airflow/.local/lib/python3.8/site-packages/airflow/example_dags/example_params_trigger_ui.py
[2024-10-14T21:59:44.164+0000] {processor.py:840} INFO - DAG(s) 'example_params_trigger_ui' retrieved from /home/airflow/.local/lib/python3.8/site-packages/airflow/example_dags/example_params_trigger_ui.py
[2024-10-14T21:59:44.198+0000] {logging_mixin.py:188} INFO - [2024-10-14T21:59:44.197+0000] {dag.py:3036} INFO - Sync 1 DAGs
[2024-10-14T21:59:44.206+0000] {logging_mixin.py:188} INFO - [2024-10-14T21:59:44.206+0000] {dag.py:3823} INFO - Setting next_dagrun for example_params_trigger_ui to None, run_after=None
[2024-10-14T21:59:44.221+0000] {processor.py:183} INFO - Processing /home/airflow/.local/lib/python3.8/site-packages/airflow/example_dags/example_params_trigger_ui.py took 0.072 seconds
[2024-10-14T22:00:14.676+0000] {processor.py:161} INFO - Started process (PID=329) to work on /home/airflow/.local/lib/python3.8/site-packages/airflow/example_dags/example_params_trigger_ui.py
[2024-10-14T22:00:14.676+0000] {processor.py:830} INFO - Processing file /home/airflow/.local/lib/python3.8/site-packages/airflow/example_dags/example_params_trigger_ui.py for tasks to queue
[2024-10-14T22:00:14.678+0000] {logging_mixin.py:188} INFO - [2024-10-14T22:00:14.677+0000] {dagbag.py:538} INFO - Filling up the DagBag from /home/airflow/.local/lib/python3.8/site-packages/airflow/example_dags/example_params_trigger_ui.py
[2024-10-14T22:00:14.697+0000] {processor.py:840} INFO - DAG(s) 'example_params_trigger_ui' retrieved from /home/airflow/.local/lib/python3.8/site-packages/airflow/example_dags/example_params_trigger_ui.py
[2024-10-14T22:00:14.738+0000] {logging_mixin.py:188} INFO - [2024-10-14T22:00:14.738+0000] {dag.py:3036} INFO - Sync 1 DAGs
[2024-10-14T22:00:14.748+0000] {logging_mixin.py:188} INFO - [2024-10-14T22:00:14.747+0000] {dag.py:3823} INFO - Setting next_dagrun for example_params_trigger_ui to None, run_after=None
[2024-10-14T22:00:14.761+0000] {processor.py:183} INFO - Processing /home/airflow/.local/lib/python3.8/site-packages/airflow/example_dags/example_params_trigger_ui.py took 0.090 seconds
[2024-10-14T22:00:45.116+0000] {processor.py:161} INFO - Started process (PID=403) to work on /home/airflow/.local/lib/python3.8/site-packages/airflow/example_dags/example_params_trigger_ui.py
[2024-10-14T22:00:45.117+0000] {processor.py:830} INFO - Processing file /home/airflow/.local/lib/python3.8/site-packages/airflow/example_dags/example_params_trigger_ui.py for tasks to queue
[2024-10-14T22:00:45.123+0000] {logging_mixin.py:188} INFO - [2024-10-14T22:00:45.122+0000] {dagbag.py:538} INFO - Filling up the DagBag from /home/airflow/.local/lib/python3.8/site-packages/airflow/example_dags/example_params_trigger_ui.py
[2024-10-14T22:00:45.136+0000] {processor.py:840} INFO - DAG(s) 'example_params_trigger_ui' retrieved from /home/airflow/.local/lib/python3.8/site-packages/airflow/example_dags/example_params_trigger_ui.py
[2024-10-14T22:00:45.195+0000] {logging_mixin.py:188} INFO - [2024-10-14T22:00:45.195+0000] {dag.py:3036} INFO - Sync 1 DAGs
[2024-10-14T22:00:45.214+0000] {logging_mixin.py:188} INFO - [2024-10-14T22:00:45.214+0000] {dag.py:3823} INFO - Setting next_dagrun for example_params_trigger_ui to None, run_after=None
[2024-10-14T22:00:45.246+0000] {processor.py:183} INFO - Processing /home/airflow/.local/lib/python3.8/site-packages/airflow/example_dags/example_params_trigger_ui.py took 0.133 seconds
[2024-10-14T22:01:15.328+0000] {processor.py:161} INFO - Started process (PID=485) to work on /home/airflow/.local/lib/python3.8/site-packages/airflow/example_dags/example_params_trigger_ui.py
[2024-10-14T22:01:15.329+0000] {processor.py:830} INFO - Processing file /home/airflow/.local/lib/python3.8/site-packages/airflow/example_dags/example_params_trigger_ui.py for tasks to queue
[2024-10-14T22:01:15.330+0000] {logging_mixin.py:188} INFO - [2024-10-14T22:01:15.330+0000] {dagbag.py:538} INFO - Filling up the DagBag from /home/airflow/.local/lib/python3.8/site-packages/airflow/example_dags/example_params_trigger_ui.py
[2024-10-14T22:01:15.348+0000] {processor.py:840} INFO - DAG(s) 'example_params_trigger_ui' retrieved from /home/airflow/.local/lib/python3.8/site-packages/airflow/example_dags/example_params_trigger_ui.py
[2024-10-14T22:01:15.409+0000] {logging_mixin.py:188} INFO - [2024-10-14T22:01:15.409+0000] {dag.py:3036} INFO - Sync 1 DAGs
[2024-10-14T22:01:15.422+0000] {logging_mixin.py:188} INFO - [2024-10-14T22:01:15.421+0000] {dag.py:3823} INFO - Setting next_dagrun for example_params_trigger_ui to None, run_after=None
[2024-10-14T22:01:15.447+0000] {processor.py:183} INFO - Processing /home/airflow/.local/lib/python3.8/site-packages/airflow/example_dags/example_params_trigger_ui.py took 0.123 seconds
[2024-10-14T22:01:45.793+0000] {processor.py:161} INFO - Started process (PID=559) to work on /home/airflow/.local/lib/python3.8/site-packages/airflow/example_dags/example_params_trigger_ui.py
[2024-10-14T22:01:45.793+0000] {processor.py:830} INFO - Processing file /home/airflow/.local/lib/python3.8/site-packages/airflow/example_dags/example_params_trigger_ui.py for tasks to queue
[2024-10-14T22:01:45.794+0000] {logging_mixin.py:188} INFO - [2024-10-14T22:01:45.794+0000] {dagbag.py:538} INFO - Filling up the DagBag from /home/airflow/.local/lib/python3.8/site-packages/airflow/example_dags/example_params_trigger_ui.py
[2024-10-14T22:01:45.809+0000] {processor.py:840} INFO - DAG(s) 'example_params_trigger_ui' retrieved from /home/airflow/.local/lib/python3.8/site-packages/airflow/example_dags/example_params_trigger_ui.py
[2024-10-14T22:01:45.860+0000] {logging_mixin.py:188} INFO - [2024-10-14T22:01:45.860+0000] {dag.py:3036} INFO - Sync 1 DAGs
[2024-10-14T22:01:45.875+0000] {logging_mixin.py:188} INFO - [2024-10-14T22:01:45.875+0000] {dag.py:3823} INFO - Setting next_dagrun for example_params_trigger_ui to None, run_after=None
[2024-10-14T22:01:45.897+0000] {processor.py:183} INFO - Processing /home/airflow/.local/lib/python3.8/site-packages/airflow/example_dags/example_params_trigger_ui.py took 0.111 seconds
[2024-10-14T22:02:16.187+0000] {processor.py:161} INFO - Started process (PID=633) to work on /home/airflow/.local/lib/python3.8/site-packages/airflow/example_dags/example_params_trigger_ui.py
[2024-10-14T22:02:16.191+0000] {processor.py:830} INFO - Processing file /home/airflow/.local/lib/python3.8/site-packages/airflow/example_dags/example_params_trigger_ui.py for tasks to queue
[2024-10-14T22:02:16.193+0000] {logging_mixin.py:188} INFO - [2024-10-14T22:02:16.193+0000] {dagbag.py:538} INFO - Filling up the DagBag from /home/airflow/.local/lib/python3.8/site-packages/airflow/example_dags/example_params_trigger_ui.py
[2024-10-14T22:02:16.209+0000] {processor.py:840} INFO - DAG(s) 'example_params_trigger_ui' retrieved from /home/airflow/.local/lib/python3.8/site-packages/airflow/example_dags/example_params_trigger_ui.py
[2024-10-14T22:02:16.275+0000] {logging_mixin.py:188} INFO - [2024-10-14T22:02:16.275+0000] {dag.py:3036} INFO - Sync 1 DAGs
[2024-10-14T22:02:16.290+0000] {logging_mixin.py:188} INFO - [2024-10-14T22:02:16.288+0000] {dag.py:3823} INFO - Setting next_dagrun for example_params_trigger_ui to None, run_after=None
[2024-10-14T22:02:16.314+0000] {processor.py:183} INFO - Processing /home/airflow/.local/lib/python3.8/site-packages/airflow/example_dags/example_params_trigger_ui.py took 0.131 seconds
[2024-10-14T22:02:46.926+0000] {processor.py:161} INFO - Started process (PID=715) to work on /home/airflow/.local/lib/python3.8/site-packages/airflow/example_dags/example_params_trigger_ui.py
[2024-10-14T22:02:46.927+0000] {processor.py:830} INFO - Processing file /home/airflow/.local/lib/python3.8/site-packages/airflow/example_dags/example_params_trigger_ui.py for tasks to queue
[2024-10-14T22:02:46.928+0000] {logging_mixin.py:188} INFO - [2024-10-14T22:02:46.928+0000] {dagbag.py:538} INFO - Filling up the DagBag from /home/airflow/.local/lib/python3.8/site-packages/airflow/example_dags/example_params_trigger_ui.py
[2024-10-14T22:02:46.942+0000] {processor.py:840} INFO - DAG(s) 'example_params_trigger_ui' retrieved from /home/airflow/.local/lib/python3.8/site-packages/airflow/example_dags/example_params_trigger_ui.py
[2024-10-14T22:02:46.982+0000] {logging_mixin.py:188} INFO - [2024-10-14T22:02:46.982+0000] {dag.py:3036} INFO - Sync 1 DAGs
[2024-10-14T22:02:46.996+0000] {logging_mixin.py:188} INFO - [2024-10-14T22:02:46.995+0000] {dag.py:3823} INFO - Setting next_dagrun for example_params_trigger_ui to None, run_after=None
[2024-10-14T22:02:47.016+0000] {processor.py:183} INFO - Processing /home/airflow/.local/lib/python3.8/site-packages/airflow/example_dags/example_params_trigger_ui.py took 0.094 seconds
[2024-10-14T22:03:17.414+0000] {processor.py:161} INFO - Started process (PID=789) to work on /home/airflow/.local/lib/python3.8/site-packages/airflow/example_dags/example_params_trigger_ui.py
[2024-10-14T22:03:17.415+0000] {processor.py:830} INFO - Processing file /home/airflow/.local/lib/python3.8/site-packages/airflow/example_dags/example_params_trigger_ui.py for tasks to queue
[2024-10-14T22:03:17.418+0000] {logging_mixin.py:188} INFO - [2024-10-14T22:03:17.417+0000] {dagbag.py:538} INFO - Filling up the DagBag from /home/airflow/.local/lib/python3.8/site-packages/airflow/example_dags/example_params_trigger_ui.py
[2024-10-14T22:03:17.452+0000] {processor.py:840} INFO - DAG(s) 'example_params_trigger_ui' retrieved from /home/airflow/.local/lib/python3.8/site-packages/airflow/example_dags/example_params_trigger_ui.py
[2024-10-14T22:03:17.599+0000] {logging_mixin.py:188} INFO - [2024-10-14T22:03:17.599+0000] {dag.py:3036} INFO - Sync 1 DAGs
[2024-10-14T22:03:17.633+0000] {logging_mixin.py:188} INFO - [2024-10-14T22:03:17.633+0000] {dag.py:3823} INFO - Setting next_dagrun for example_params_trigger_ui to None, run_after=None
[2024-10-14T22:03:17.724+0000] {processor.py:183} INFO - Processing /home/airflow/.local/lib/python3.8/site-packages/airflow/example_dags/example_params_trigger_ui.py took 0.322 seconds
[2024-10-14T22:03:48.320+0000] {processor.py:161} INFO - Started process (PID=870) to work on /home/airflow/.local/lib/python3.8/site-packages/airflow/example_dags/example_params_trigger_ui.py
[2024-10-14T22:03:48.321+0000] {processor.py:830} INFO - Processing file /home/airflow/.local/lib/python3.8/site-packages/airflow/example_dags/example_params_trigger_ui.py for tasks to queue
[2024-10-14T22:03:48.322+0000] {logging_mixin.py:188} INFO - [2024-10-14T22:03:48.322+0000] {dagbag.py:538} INFO - Filling up the DagBag from /home/airflow/.local/lib/python3.8/site-packages/airflow/example_dags/example_params_trigger_ui.py
[2024-10-14T22:03:48.332+0000] {processor.py:840} INFO - DAG(s) 'example_params_trigger_ui' retrieved from /home/airflow/.local/lib/python3.8/site-packages/airflow/example_dags/example_params_trigger_ui.py
[2024-10-14T22:03:48.367+0000] {logging_mixin.py:188} INFO - [2024-10-14T22:03:48.367+0000] {dag.py:3036} INFO - Sync 1 DAGs
[2024-10-14T22:03:48.376+0000] {logging_mixin.py:188} INFO - [2024-10-14T22:03:48.376+0000] {dag.py:3823} INFO - Setting next_dagrun for example_params_trigger_ui to None, run_after=None
[2024-10-14T22:03:48.391+0000] {processor.py:183} INFO - Processing /home/airflow/.local/lib/python3.8/site-packages/airflow/example_dags/example_params_trigger_ui.py took 0.074 seconds
[2024-10-14T22:04:18.622+0000] {processor.py:161} INFO - Started process (PID=944) to work on /home/airflow/.local/lib/python3.8/site-packages/airflow/example_dags/example_params_trigger_ui.py
[2024-10-14T22:04:18.623+0000] {processor.py:830} INFO - Processing file /home/airflow/.local/lib/python3.8/site-packages/airflow/example_dags/example_params_trigger_ui.py for tasks to queue
[2024-10-14T22:04:18.628+0000] {logging_mixin.py:188} INFO - [2024-10-14T22:04:18.627+0000] {dagbag.py:538} INFO - Filling up the DagBag from /home/airflow/.local/lib/python3.8/site-packages/airflow/example_dags/example_params_trigger_ui.py
[2024-10-14T22:04:18.646+0000] {processor.py:840} INFO - DAG(s) 'example_params_trigger_ui' retrieved from /home/airflow/.local/lib/python3.8/site-packages/airflow/example_dags/example_params_trigger_ui.py
[2024-10-14T22:04:18.698+0000] {logging_mixin.py:188} INFO - [2024-10-14T22:04:18.698+0000] {dag.py:3036} INFO - Sync 1 DAGs
[2024-10-14T22:04:18.714+0000] {logging_mixin.py:188} INFO - [2024-10-14T22:04:18.714+0000] {dag.py:3823} INFO - Setting next_dagrun for example_params_trigger_ui to None, run_after=None
[2024-10-14T22:04:18.738+0000] {processor.py:183} INFO - Processing /home/airflow/.local/lib/python3.8/site-packages/airflow/example_dags/example_params_trigger_ui.py took 0.120 seconds
[2024-10-14T22:04:49.371+0000] {processor.py:161} INFO - Started process (PID=1024) to work on /home/airflow/.local/lib/python3.8/site-packages/airflow/example_dags/example_params_trigger_ui.py
[2024-10-14T22:04:49.371+0000] {processor.py:830} INFO - Processing file /home/airflow/.local/lib/python3.8/site-packages/airflow/example_dags/example_params_trigger_ui.py for tasks to queue
[2024-10-14T22:04:49.373+0000] {logging_mixin.py:188} INFO - [2024-10-14T22:04:49.372+0000] {dagbag.py:538} INFO - Filling up the DagBag from /home/airflow/.local/lib/python3.8/site-packages/airflow/example_dags/example_params_trigger_ui.py
[2024-10-14T22:04:49.383+0000] {processor.py:840} INFO - DAG(s) 'example_params_trigger_ui' retrieved from /home/airflow/.local/lib/python3.8/site-packages/airflow/example_dags/example_params_trigger_ui.py
[2024-10-14T22:04:49.420+0000] {logging_mixin.py:188} INFO - [2024-10-14T22:04:49.420+0000] {dag.py:3036} INFO - Sync 1 DAGs
[2024-10-14T22:04:49.430+0000] {logging_mixin.py:188} INFO - [2024-10-14T22:04:49.430+0000] {dag.py:3823} INFO - Setting next_dagrun for example_params_trigger_ui to None, run_after=None
[2024-10-14T22:04:49.446+0000] {processor.py:183} INFO - Processing /home/airflow/.local/lib/python3.8/site-packages/airflow/example_dags/example_params_trigger_ui.py took 0.078 seconds
[2024-10-14T22:05:20.299+0000] {processor.py:161} INFO - Started process (PID=1098) to work on /home/airflow/.local/lib/python3.8/site-packages/airflow/example_dags/example_params_trigger_ui.py
[2024-10-14T22:05:20.300+0000] {processor.py:830} INFO - Processing file /home/airflow/.local/lib/python3.8/site-packages/airflow/example_dags/example_params_trigger_ui.py for tasks to queue
[2024-10-14T22:05:20.301+0000] {logging_mixin.py:188} INFO - [2024-10-14T22:05:20.301+0000] {dagbag.py:538} INFO - Filling up the DagBag from /home/airflow/.local/lib/python3.8/site-packages/airflow/example_dags/example_params_trigger_ui.py
[2024-10-14T22:05:20.312+0000] {processor.py:840} INFO - DAG(s) 'example_params_trigger_ui' retrieved from /home/airflow/.local/lib/python3.8/site-packages/airflow/example_dags/example_params_trigger_ui.py
[2024-10-14T22:05:20.354+0000] {logging_mixin.py:188} INFO - [2024-10-14T22:05:20.354+0000] {dag.py:3036} INFO - Sync 1 DAGs
[2024-10-14T22:05:20.364+0000] {logging_mixin.py:188} INFO - [2024-10-14T22:05:20.364+0000] {dag.py:3823} INFO - Setting next_dagrun for example_params_trigger_ui to None, run_after=None
[2024-10-14T22:05:20.378+0000] {processor.py:183} INFO - Processing /home/airflow/.local/lib/python3.8/site-packages/airflow/example_dags/example_params_trigger_ui.py took 0.081 seconds
[2024-10-14T22:05:50.427+0000] {processor.py:161} INFO - Started process (PID=1180) to work on /home/airflow/.local/lib/python3.8/site-packages/airflow/example_dags/example_params_trigger_ui.py
[2024-10-14T22:05:50.428+0000] {processor.py:830} INFO - Processing file /home/airflow/.local/lib/python3.8/site-packages/airflow/example_dags/example_params_trigger_ui.py for tasks to queue
[2024-10-14T22:05:50.430+0000] {logging_mixin.py:188} INFO - [2024-10-14T22:05:50.430+0000] {dagbag.py:538} INFO - Filling up the DagBag from /home/airflow/.local/lib/python3.8/site-packages/airflow/example_dags/example_params_trigger_ui.py
[2024-10-14T22:05:50.443+0000] {processor.py:840} INFO - DAG(s) 'example_params_trigger_ui' retrieved from /home/airflow/.local/lib/python3.8/site-packages/airflow/example_dags/example_params_trigger_ui.py
[2024-10-14T22:05:50.480+0000] {logging_mixin.py:188} INFO - [2024-10-14T22:05:50.480+0000] {dag.py:3036} INFO - Sync 1 DAGs
[2024-10-14T22:05:50.490+0000] {logging_mixin.py:188} INFO - [2024-10-14T22:05:50.490+0000] {dag.py:3823} INFO - Setting next_dagrun for example_params_trigger_ui to None, run_after=None
[2024-10-14T22:05:50.505+0000] {processor.py:183} INFO - Processing /home/airflow/.local/lib/python3.8/site-packages/airflow/example_dags/example_params_trigger_ui.py took 0.082 seconds
[2024-10-14T22:06:20.535+0000] {processor.py:161} INFO - Started process (PID=1260) to work on /home/airflow/.local/lib/python3.8/site-packages/airflow/example_dags/example_params_trigger_ui.py
[2024-10-14T22:06:20.536+0000] {processor.py:830} INFO - Processing file /home/airflow/.local/lib/python3.8/site-packages/airflow/example_dags/example_params_trigger_ui.py for tasks to queue
[2024-10-14T22:06:20.537+0000] {logging_mixin.py:188} INFO - [2024-10-14T22:06:20.537+0000] {dagbag.py:538} INFO - Filling up the DagBag from /home/airflow/.local/lib/python3.8/site-packages/airflow/example_dags/example_params_trigger_ui.py
[2024-10-14T22:06:20.548+0000] {processor.py:840} INFO - DAG(s) 'example_params_trigger_ui' retrieved from /home/airflow/.local/lib/python3.8/site-packages/airflow/example_dags/example_params_trigger_ui.py
[2024-10-14T22:06:20.597+0000] {logging_mixin.py:188} INFO - [2024-10-14T22:06:20.597+0000] {dag.py:3036} INFO - Sync 1 DAGs
[2024-10-14T22:06:20.610+0000] {logging_mixin.py:188} INFO - [2024-10-14T22:06:20.610+0000] {dag.py:3823} INFO - Setting next_dagrun for example_params_trigger_ui to None, run_after=None
[2024-10-14T22:06:20.626+0000] {processor.py:183} INFO - Processing /home/airflow/.local/lib/python3.8/site-packages/airflow/example_dags/example_params_trigger_ui.py took 0.094 seconds
[2024-10-14T22:06:50.925+0000] {processor.py:161} INFO - Started process (PID=1336) to work on /home/airflow/.local/lib/python3.8/site-packages/airflow/example_dags/example_params_trigger_ui.py
[2024-10-14T22:06:50.925+0000] {processor.py:830} INFO - Processing file /home/airflow/.local/lib/python3.8/site-packages/airflow/example_dags/example_params_trigger_ui.py for tasks to queue
[2024-10-14T22:06:50.927+0000] {logging_mixin.py:188} INFO - [2024-10-14T22:06:50.927+0000] {dagbag.py:538} INFO - Filling up the DagBag from /home/airflow/.local/lib/python3.8/site-packages/airflow/example_dags/example_params_trigger_ui.py
[2024-10-14T22:06:50.937+0000] {processor.py:840} INFO - DAG(s) 'example_params_trigger_ui' retrieved from /home/airflow/.local/lib/python3.8/site-packages/airflow/example_dags/example_params_trigger_ui.py
[2024-10-14T22:06:50.975+0000] {logging_mixin.py:188} INFO - [2024-10-14T22:06:50.975+0000] {dag.py:3036} INFO - Sync 1 DAGs
[2024-10-14T22:06:50.984+0000] {logging_mixin.py:188} INFO - [2024-10-14T22:06:50.984+0000] {dag.py:3823} INFO - Setting next_dagrun for example_params_trigger_ui to None, run_after=None
[2024-10-14T22:06:50.999+0000] {processor.py:183} INFO - Processing /home/airflow/.local/lib/python3.8/site-packages/airflow/example_dags/example_params_trigger_ui.py took 0.077 seconds
[2024-10-14T22:07:21.451+0000] {processor.py:161} INFO - Started process (PID=1419) to work on /home/airflow/.local/lib/python3.8/site-packages/airflow/example_dags/example_params_trigger_ui.py
[2024-10-14T22:07:21.452+0000] {processor.py:830} INFO - Processing file /home/airflow/.local/lib/python3.8/site-packages/airflow/example_dags/example_params_trigger_ui.py for tasks to queue
[2024-10-14T22:07:21.453+0000] {logging_mixin.py:188} INFO - [2024-10-14T22:07:21.453+0000] {dagbag.py:538} INFO - Filling up the DagBag from /home/airflow/.local/lib/python3.8/site-packages/airflow/example_dags/example_params_trigger_ui.py
[2024-10-14T22:07:21.465+0000] {processor.py:840} INFO - DAG(s) 'example_params_trigger_ui' retrieved from /home/airflow/.local/lib/python3.8/site-packages/airflow/example_dags/example_params_trigger_ui.py
[2024-10-14T22:07:21.544+0000] {logging_mixin.py:188} INFO - [2024-10-14T22:07:21.543+0000] {dag.py:3036} INFO - Sync 1 DAGs
[2024-10-14T22:07:21.561+0000] {logging_mixin.py:188} INFO - [2024-10-14T22:07:21.561+0000] {dag.py:3823} INFO - Setting next_dagrun for example_params_trigger_ui to None, run_after=None
[2024-10-14T22:07:21.581+0000] {processor.py:183} INFO - Processing /home/airflow/.local/lib/python3.8/site-packages/airflow/example_dags/example_params_trigger_ui.py took 0.132 seconds
[2024-10-14T22:07:51.711+0000] {processor.py:161} INFO - Started process (PID=1493) to work on /home/airflow/.local/lib/python3.8/site-packages/airflow/example_dags/example_params_trigger_ui.py
[2024-10-14T22:07:51.712+0000] {processor.py:830} INFO - Processing file /home/airflow/.local/lib/python3.8/site-packages/airflow/example_dags/example_params_trigger_ui.py for tasks to queue
[2024-10-14T22:07:51.714+0000] {logging_mixin.py:188} INFO - [2024-10-14T22:07:51.714+0000] {dagbag.py:538} INFO - Filling up the DagBag from /home/airflow/.local/lib/python3.8/site-packages/airflow/example_dags/example_params_trigger_ui.py
[2024-10-14T22:07:51.730+0000] {processor.py:840} INFO - DAG(s) 'example_params_trigger_ui' retrieved from /home/airflow/.local/lib/python3.8/site-packages/airflow/example_dags/example_params_trigger_ui.py
[2024-10-14T22:07:51.784+0000] {logging_mixin.py:188} INFO - [2024-10-14T22:07:51.784+0000] {dag.py:3036} INFO - Sync 1 DAGs
[2024-10-14T22:07:51.793+0000] {logging_mixin.py:188} INFO - [2024-10-14T22:07:51.792+0000] {dag.py:3823} INFO - Setting next_dagrun for example_params_trigger_ui to None, run_after=None
[2024-10-14T22:07:51.811+0000] {processor.py:183} INFO - Processing /home/airflow/.local/lib/python3.8/site-packages/airflow/example_dags/example_params_trigger_ui.py took 0.103 seconds
[2024-10-14T22:08:22.255+0000] {processor.py:161} INFO - Started process (PID=1575) to work on /home/airflow/.local/lib/python3.8/site-packages/airflow/example_dags/example_params_trigger_ui.py
[2024-10-14T22:08:22.255+0000] {processor.py:830} INFO - Processing file /home/airflow/.local/lib/python3.8/site-packages/airflow/example_dags/example_params_trigger_ui.py for tasks to queue
[2024-10-14T22:08:22.257+0000] {logging_mixin.py:188} INFO - [2024-10-14T22:08:22.256+0000] {dagbag.py:538} INFO - Filling up the DagBag from /home/airflow/.local/lib/python3.8/site-packages/airflow/example_dags/example_params_trigger_ui.py
[2024-10-14T22:08:22.267+0000] {processor.py:840} INFO - DAG(s) 'example_params_trigger_ui' retrieved from /home/airflow/.local/lib/python3.8/site-packages/airflow/example_dags/example_params_trigger_ui.py
[2024-10-14T22:08:22.305+0000] {logging_mixin.py:188} INFO - [2024-10-14T22:08:22.304+0000] {dag.py:3036} INFO - Sync 1 DAGs
[2024-10-14T22:08:22.314+0000] {logging_mixin.py:188} INFO - [2024-10-14T22:08:22.314+0000] {dag.py:3823} INFO - Setting next_dagrun for example_params_trigger_ui to None, run_after=None
[2024-10-14T22:08:22.331+0000] {processor.py:183} INFO - Processing /home/airflow/.local/lib/python3.8/site-packages/airflow/example_dags/example_params_trigger_ui.py took 0.079 seconds
[2024-10-14T22:08:52.826+0000] {processor.py:161} INFO - Started process (PID=1648) to work on /home/airflow/.local/lib/python3.8/site-packages/airflow/example_dags/example_params_trigger_ui.py
[2024-10-14T22:08:52.827+0000] {processor.py:830} INFO - Processing file /home/airflow/.local/lib/python3.8/site-packages/airflow/example_dags/example_params_trigger_ui.py for tasks to queue
[2024-10-14T22:08:52.828+0000] {logging_mixin.py:188} INFO - [2024-10-14T22:08:52.828+0000] {dagbag.py:538} INFO - Filling up the DagBag from /home/airflow/.local/lib/python3.8/site-packages/airflow/example_dags/example_params_trigger_ui.py
[2024-10-14T22:08:52.838+0000] {processor.py:840} INFO - DAG(s) 'example_params_trigger_ui' retrieved from /home/airflow/.local/lib/python3.8/site-packages/airflow/example_dags/example_params_trigger_ui.py
[2024-10-14T22:08:52.872+0000] {logging_mixin.py:188} INFO - [2024-10-14T22:08:52.872+0000] {dag.py:3036} INFO - Sync 1 DAGs
[2024-10-14T22:08:52.881+0000] {logging_mixin.py:188} INFO - [2024-10-14T22:08:52.880+0000] {dag.py:3823} INFO - Setting next_dagrun for example_params_trigger_ui to None, run_after=None
[2024-10-14T22:08:52.897+0000] {processor.py:183} INFO - Processing /home/airflow/.local/lib/python3.8/site-packages/airflow/example_dags/example_params_trigger_ui.py took 0.073 seconds
