[2024-10-14T21:19:53.572+0000] {processor.py:161} INFO - Started process (PID=117) to work on /home/airflow/.local/lib/python3.8/site-packages/airflow/example_dags/example_skip_dag.py
[2024-10-14T21:19:53.573+0000] {processor.py:830} INFO - Processing file /home/airflow/.local/lib/python3.8/site-packages/airflow/example_dags/example_skip_dag.py for tasks to queue
[2024-10-14T21:19:53.575+0000] {logging_mixin.py:188} INFO - [2024-10-14T21:19:53.574+0000] {dagbag.py:538} INFO - Filling up the DagBag from /home/airflow/.local/lib/python3.8/site-packages/airflow/example_dags/example_skip_dag.py
[2024-10-14T21:19:53.582+0000] {processor.py:840} INFO - DAG(s) 'example_skip_dag' retrieved from /home/airflow/.local/lib/python3.8/site-packages/airflow/example_dags/example_skip_dag.py
[2024-10-14T21:19:53.668+0000] {logging_mixin.py:188} INFO - [2024-10-14T21:19:53.667+0000] {dag.py:3036} INFO - Sync 1 DAGs
[2024-10-14T21:19:53.686+0000] {logging_mixin.py:188} INFO - [2024-10-14T21:19:53.686+0000] {dag.py:3823} INFO - Setting next_dagrun for example_skip_dag to 2024-10-13 00:00:00+00:00, run_after=2024-10-14 00:00:00+00:00
[2024-10-14T21:19:53.707+0000] {processor.py:183} INFO - Processing /home/airflow/.local/lib/python3.8/site-packages/airflow/example_dags/example_skip_dag.py took 0.138 seconds
[2024-10-14T21:20:24.085+0000] {processor.py:161} INFO - Started process (PID=191) to work on /home/airflow/.local/lib/python3.8/site-packages/airflow/example_dags/example_skip_dag.py
[2024-10-14T21:20:24.085+0000] {processor.py:830} INFO - Processing file /home/airflow/.local/lib/python3.8/site-packages/airflow/example_dags/example_skip_dag.py for tasks to queue
[2024-10-14T21:20:24.087+0000] {logging_mixin.py:188} INFO - [2024-10-14T21:20:24.086+0000] {dagbag.py:538} INFO - Filling up the DagBag from /home/airflow/.local/lib/python3.8/site-packages/airflow/example_dags/example_skip_dag.py
[2024-10-14T21:20:24.092+0000] {processor.py:840} INFO - DAG(s) 'example_skip_dag' retrieved from /home/airflow/.local/lib/python3.8/site-packages/airflow/example_dags/example_skip_dag.py
[2024-10-14T21:20:24.109+0000] {logging_mixin.py:188} INFO - [2024-10-14T21:20:24.108+0000] {dag.py:3036} INFO - Sync 1 DAGs
[2024-10-14T21:20:24.127+0000] {logging_mixin.py:188} INFO - [2024-10-14T21:20:24.127+0000] {dag.py:3823} INFO - Setting next_dagrun for example_skip_dag to 2024-10-13 00:00:00+00:00, run_after=2024-10-14 00:00:00+00:00
[2024-10-14T21:20:24.142+0000] {processor.py:183} INFO - Processing /home/airflow/.local/lib/python3.8/site-packages/airflow/example_dags/example_skip_dag.py took 0.060 seconds
[2024-10-14T21:20:54.947+0000] {processor.py:161} INFO - Started process (PID=272) to work on /home/airflow/.local/lib/python3.8/site-packages/airflow/example_dags/example_skip_dag.py
[2024-10-14T21:20:54.948+0000] {processor.py:830} INFO - Processing file /home/airflow/.local/lib/python3.8/site-packages/airflow/example_dags/example_skip_dag.py for tasks to queue
[2024-10-14T21:20:54.950+0000] {logging_mixin.py:188} INFO - [2024-10-14T21:20:54.949+0000] {dagbag.py:538} INFO - Filling up the DagBag from /home/airflow/.local/lib/python3.8/site-packages/airflow/example_dags/example_skip_dag.py
[2024-10-14T21:20:54.956+0000] {processor.py:840} INFO - DAG(s) 'example_skip_dag' retrieved from /home/airflow/.local/lib/python3.8/site-packages/airflow/example_dags/example_skip_dag.py
[2024-10-14T21:20:54.977+0000] {logging_mixin.py:188} INFO - [2024-10-14T21:20:54.977+0000] {dag.py:3036} INFO - Sync 1 DAGs
[2024-10-14T21:20:55.001+0000] {logging_mixin.py:188} INFO - [2024-10-14T21:20:55.001+0000] {dag.py:3823} INFO - Setting next_dagrun for example_skip_dag to 2024-10-13 00:00:00+00:00, run_after=2024-10-14 00:00:00+00:00
[2024-10-14T21:20:55.027+0000] {processor.py:183} INFO - Processing /home/airflow/.local/lib/python3.8/site-packages/airflow/example_dags/example_skip_dag.py took 0.084 seconds
[2024-10-14T21:21:25.878+0000] {processor.py:161} INFO - Started process (PID=346) to work on /home/airflow/.local/lib/python3.8/site-packages/airflow/example_dags/example_skip_dag.py
[2024-10-14T21:21:25.879+0000] {processor.py:830} INFO - Processing file /home/airflow/.local/lib/python3.8/site-packages/airflow/example_dags/example_skip_dag.py for tasks to queue
[2024-10-14T21:21:25.880+0000] {logging_mixin.py:188} INFO - [2024-10-14T21:21:25.880+0000] {dagbag.py:538} INFO - Filling up the DagBag from /home/airflow/.local/lib/python3.8/site-packages/airflow/example_dags/example_skip_dag.py
[2024-10-14T21:21:25.885+0000] {processor.py:840} INFO - DAG(s) 'example_skip_dag' retrieved from /home/airflow/.local/lib/python3.8/site-packages/airflow/example_dags/example_skip_dag.py
[2024-10-14T21:21:25.901+0000] {logging_mixin.py:188} INFO - [2024-10-14T21:21:25.901+0000] {dag.py:3036} INFO - Sync 1 DAGs
[2024-10-14T21:21:25.915+0000] {logging_mixin.py:188} INFO - [2024-10-14T21:21:25.915+0000] {dag.py:3823} INFO - Setting next_dagrun for example_skip_dag to 2024-10-13 00:00:00+00:00, run_after=2024-10-14 00:00:00+00:00
[2024-10-14T21:21:25.932+0000] {processor.py:183} INFO - Processing /home/airflow/.local/lib/python3.8/site-packages/airflow/example_dags/example_skip_dag.py took 0.056 seconds
[2024-10-14T21:21:57.135+0000] {processor.py:161} INFO - Started process (PID=427) to work on /home/airflow/.local/lib/python3.8/site-packages/airflow/example_dags/example_skip_dag.py
[2024-10-14T21:21:57.136+0000] {processor.py:830} INFO - Processing file /home/airflow/.local/lib/python3.8/site-packages/airflow/example_dags/example_skip_dag.py for tasks to queue
[2024-10-14T21:21:57.138+0000] {logging_mixin.py:188} INFO - [2024-10-14T21:21:57.138+0000] {dagbag.py:538} INFO - Filling up the DagBag from /home/airflow/.local/lib/python3.8/site-packages/airflow/example_dags/example_skip_dag.py
[2024-10-14T21:21:57.149+0000] {processor.py:840} INFO - DAG(s) 'example_skip_dag' retrieved from /home/airflow/.local/lib/python3.8/site-packages/airflow/example_dags/example_skip_dag.py
[2024-10-14T21:21:57.183+0000] {logging_mixin.py:188} INFO - [2024-10-14T21:21:57.183+0000] {dag.py:3036} INFO - Sync 1 DAGs
[2024-10-14T21:21:57.213+0000] {logging_mixin.py:188} INFO - [2024-10-14T21:21:57.213+0000] {dag.py:3823} INFO - Setting next_dagrun for example_skip_dag to 2024-10-13 00:00:00+00:00, run_after=2024-10-14 00:00:00+00:00
[2024-10-14T21:21:57.236+0000] {processor.py:183} INFO - Processing /home/airflow/.local/lib/python3.8/site-packages/airflow/example_dags/example_skip_dag.py took 0.104 seconds
[2024-10-14T21:22:27.482+0000] {processor.py:161} INFO - Started process (PID=494) to work on /home/airflow/.local/lib/python3.8/site-packages/airflow/example_dags/example_skip_dag.py
[2024-10-14T21:22:27.483+0000] {processor.py:830} INFO - Processing file /home/airflow/.local/lib/python3.8/site-packages/airflow/example_dags/example_skip_dag.py for tasks to queue
[2024-10-14T21:22:27.484+0000] {logging_mixin.py:188} INFO - [2024-10-14T21:22:27.484+0000] {dagbag.py:538} INFO - Filling up the DagBag from /home/airflow/.local/lib/python3.8/site-packages/airflow/example_dags/example_skip_dag.py
[2024-10-14T21:22:27.489+0000] {processor.py:840} INFO - DAG(s) 'example_skip_dag' retrieved from /home/airflow/.local/lib/python3.8/site-packages/airflow/example_dags/example_skip_dag.py
[2024-10-14T21:22:27.508+0000] {logging_mixin.py:188} INFO - [2024-10-14T21:22:27.508+0000] {dag.py:3036} INFO - Sync 1 DAGs
[2024-10-14T21:22:27.530+0000] {logging_mixin.py:188} INFO - [2024-10-14T21:22:27.530+0000] {dag.py:3823} INFO - Setting next_dagrun for example_skip_dag to 2024-10-13 00:00:00+00:00, run_after=2024-10-14 00:00:00+00:00
[2024-10-14T21:22:27.552+0000] {processor.py:183} INFO - Processing /home/airflow/.local/lib/python3.8/site-packages/airflow/example_dags/example_skip_dag.py took 0.072 seconds
[2024-10-14T21:22:58.136+0000] {processor.py:161} INFO - Started process (PID=574) to work on /home/airflow/.local/lib/python3.8/site-packages/airflow/example_dags/example_skip_dag.py
[2024-10-14T21:22:58.137+0000] {processor.py:830} INFO - Processing file /home/airflow/.local/lib/python3.8/site-packages/airflow/example_dags/example_skip_dag.py for tasks to queue
[2024-10-14T21:22:58.139+0000] {logging_mixin.py:188} INFO - [2024-10-14T21:22:58.138+0000] {dagbag.py:538} INFO - Filling up the DagBag from /home/airflow/.local/lib/python3.8/site-packages/airflow/example_dags/example_skip_dag.py
[2024-10-14T21:22:58.149+0000] {processor.py:840} INFO - DAG(s) 'example_skip_dag' retrieved from /home/airflow/.local/lib/python3.8/site-packages/airflow/example_dags/example_skip_dag.py
[2024-10-14T21:22:58.174+0000] {logging_mixin.py:188} INFO - [2024-10-14T21:22:58.174+0000] {dag.py:3036} INFO - Sync 1 DAGs
[2024-10-14T21:22:58.203+0000] {logging_mixin.py:188} INFO - [2024-10-14T21:22:58.203+0000] {dag.py:3823} INFO - Setting next_dagrun for example_skip_dag to 2024-10-13 00:00:00+00:00, run_after=2024-10-14 00:00:00+00:00
[2024-10-14T21:22:58.230+0000] {processor.py:183} INFO - Processing /home/airflow/.local/lib/python3.8/site-packages/airflow/example_dags/example_skip_dag.py took 0.098 seconds
[2024-10-14T21:23:28.263+0000] {processor.py:161} INFO - Started process (PID=648) to work on /home/airflow/.local/lib/python3.8/site-packages/airflow/example_dags/example_skip_dag.py
[2024-10-14T21:23:28.264+0000] {processor.py:830} INFO - Processing file /home/airflow/.local/lib/python3.8/site-packages/airflow/example_dags/example_skip_dag.py for tasks to queue
[2024-10-14T21:23:28.265+0000] {logging_mixin.py:188} INFO - [2024-10-14T21:23:28.265+0000] {dagbag.py:538} INFO - Filling up the DagBag from /home/airflow/.local/lib/python3.8/site-packages/airflow/example_dags/example_skip_dag.py
[2024-10-14T21:23:28.270+0000] {processor.py:840} INFO - DAG(s) 'example_skip_dag' retrieved from /home/airflow/.local/lib/python3.8/site-packages/airflow/example_dags/example_skip_dag.py
[2024-10-14T21:23:28.295+0000] {logging_mixin.py:188} INFO - [2024-10-14T21:23:28.294+0000] {dag.py:3036} INFO - Sync 1 DAGs
[2024-10-14T21:23:28.315+0000] {logging_mixin.py:188} INFO - [2024-10-14T21:23:28.315+0000] {dag.py:3823} INFO - Setting next_dagrun for example_skip_dag to 2024-10-13 00:00:00+00:00, run_after=2024-10-14 00:00:00+00:00
[2024-10-14T21:23:28.335+0000] {processor.py:183} INFO - Processing /home/airflow/.local/lib/python3.8/site-packages/airflow/example_dags/example_skip_dag.py took 0.076 seconds
[2024-10-14T21:23:59.303+0000] {processor.py:161} INFO - Started process (PID=722) to work on /home/airflow/.local/lib/python3.8/site-packages/airflow/example_dags/example_skip_dag.py
[2024-10-14T21:23:59.305+0000] {processor.py:830} INFO - Processing file /home/airflow/.local/lib/python3.8/site-packages/airflow/example_dags/example_skip_dag.py for tasks to queue
[2024-10-14T21:23:59.309+0000] {logging_mixin.py:188} INFO - [2024-10-14T21:23:59.308+0000] {dagbag.py:538} INFO - Filling up the DagBag from /home/airflow/.local/lib/python3.8/site-packages/airflow/example_dags/example_skip_dag.py
[2024-10-14T21:23:59.315+0000] {processor.py:840} INFO - DAG(s) 'example_skip_dag' retrieved from /home/airflow/.local/lib/python3.8/site-packages/airflow/example_dags/example_skip_dag.py
[2024-10-14T21:23:59.336+0000] {logging_mixin.py:188} INFO - [2024-10-14T21:23:59.336+0000] {dag.py:3036} INFO - Sync 1 DAGs
[2024-10-14T21:23:59.354+0000] {logging_mixin.py:188} INFO - [2024-10-14T21:23:59.354+0000] {dag.py:3823} INFO - Setting next_dagrun for example_skip_dag to 2024-10-13 00:00:00+00:00, run_after=2024-10-14 00:00:00+00:00
[2024-10-14T21:23:59.380+0000] {processor.py:183} INFO - Processing /home/airflow/.local/lib/python3.8/site-packages/airflow/example_dags/example_skip_dag.py took 0.081 seconds
[2024-10-14T21:24:30.256+0000] {processor.py:161} INFO - Started process (PID=804) to work on /home/airflow/.local/lib/python3.8/site-packages/airflow/example_dags/example_skip_dag.py
[2024-10-14T21:24:30.257+0000] {processor.py:830} INFO - Processing file /home/airflow/.local/lib/python3.8/site-packages/airflow/example_dags/example_skip_dag.py for tasks to queue
[2024-10-14T21:24:30.263+0000] {logging_mixin.py:188} INFO - [2024-10-14T21:24:30.262+0000] {dagbag.py:538} INFO - Filling up the DagBag from /home/airflow/.local/lib/python3.8/site-packages/airflow/example_dags/example_skip_dag.py
[2024-10-14T21:24:30.269+0000] {processor.py:840} INFO - DAG(s) 'example_skip_dag' retrieved from /home/airflow/.local/lib/python3.8/site-packages/airflow/example_dags/example_skip_dag.py
[2024-10-14T21:24:30.295+0000] {logging_mixin.py:188} INFO - [2024-10-14T21:24:30.294+0000] {dag.py:3036} INFO - Sync 1 DAGs
[2024-10-14T21:24:30.318+0000] {logging_mixin.py:188} INFO - [2024-10-14T21:24:30.318+0000] {dag.py:3823} INFO - Setting next_dagrun for example_skip_dag to 2024-10-13 00:00:00+00:00, run_after=2024-10-14 00:00:00+00:00
[2024-10-14T21:24:30.341+0000] {processor.py:183} INFO - Processing /home/airflow/.local/lib/python3.8/site-packages/airflow/example_dags/example_skip_dag.py took 0.088 seconds
[2024-10-14T21:25:00.520+0000] {processor.py:161} INFO - Started process (PID=884) to work on /home/airflow/.local/lib/python3.8/site-packages/airflow/example_dags/example_skip_dag.py
[2024-10-14T21:25:00.521+0000] {processor.py:830} INFO - Processing file /home/airflow/.local/lib/python3.8/site-packages/airflow/example_dags/example_skip_dag.py for tasks to queue
[2024-10-14T21:25:00.524+0000] {logging_mixin.py:188} INFO - [2024-10-14T21:25:00.523+0000] {dagbag.py:538} INFO - Filling up the DagBag from /home/airflow/.local/lib/python3.8/site-packages/airflow/example_dags/example_skip_dag.py
[2024-10-14T21:25:00.532+0000] {processor.py:840} INFO - DAG(s) 'example_skip_dag' retrieved from /home/airflow/.local/lib/python3.8/site-packages/airflow/example_dags/example_skip_dag.py
[2024-10-14T21:25:00.550+0000] {logging_mixin.py:188} INFO - [2024-10-14T21:25:00.550+0000] {dag.py:3036} INFO - Sync 1 DAGs
[2024-10-14T21:25:00.569+0000] {logging_mixin.py:188} INFO - [2024-10-14T21:25:00.569+0000] {dag.py:3823} INFO - Setting next_dagrun for example_skip_dag to 2024-10-13 00:00:00+00:00, run_after=2024-10-14 00:00:00+00:00
[2024-10-14T21:25:00.594+0000] {processor.py:183} INFO - Processing /home/airflow/.local/lib/python3.8/site-packages/airflow/example_dags/example_skip_dag.py took 0.078 seconds
[2024-10-14T21:25:31.148+0000] {processor.py:161} INFO - Started process (PID=959) to work on /home/airflow/.local/lib/python3.8/site-packages/airflow/example_dags/example_skip_dag.py
[2024-10-14T21:25:31.149+0000] {processor.py:830} INFO - Processing file /home/airflow/.local/lib/python3.8/site-packages/airflow/example_dags/example_skip_dag.py for tasks to queue
[2024-10-14T21:25:31.150+0000] {logging_mixin.py:188} INFO - [2024-10-14T21:25:31.150+0000] {dagbag.py:538} INFO - Filling up the DagBag from /home/airflow/.local/lib/python3.8/site-packages/airflow/example_dags/example_skip_dag.py
[2024-10-14T21:25:31.154+0000] {processor.py:840} INFO - DAG(s) 'example_skip_dag' retrieved from /home/airflow/.local/lib/python3.8/site-packages/airflow/example_dags/example_skip_dag.py
[2024-10-14T21:25:31.179+0000] {logging_mixin.py:188} INFO - [2024-10-14T21:25:31.178+0000] {dag.py:3036} INFO - Sync 1 DAGs
[2024-10-14T21:25:31.199+0000] {logging_mixin.py:188} INFO - [2024-10-14T21:25:31.199+0000] {dag.py:3823} INFO - Setting next_dagrun for example_skip_dag to 2024-10-13 00:00:00+00:00, run_after=2024-10-14 00:00:00+00:00
[2024-10-14T21:25:31.218+0000] {processor.py:183} INFO - Processing /home/airflow/.local/lib/python3.8/site-packages/airflow/example_dags/example_skip_dag.py took 0.075 seconds
[2024-10-14T21:26:01.451+0000] {processor.py:161} INFO - Started process (PID=1033) to work on /home/airflow/.local/lib/python3.8/site-packages/airflow/example_dags/example_skip_dag.py
[2024-10-14T21:26:01.452+0000] {processor.py:830} INFO - Processing file /home/airflow/.local/lib/python3.8/site-packages/airflow/example_dags/example_skip_dag.py for tasks to queue
[2024-10-14T21:26:01.453+0000] {logging_mixin.py:188} INFO - [2024-10-14T21:26:01.453+0000] {dagbag.py:538} INFO - Filling up the DagBag from /home/airflow/.local/lib/python3.8/site-packages/airflow/example_dags/example_skip_dag.py
[2024-10-14T21:26:01.459+0000] {processor.py:840} INFO - DAG(s) 'example_skip_dag' retrieved from /home/airflow/.local/lib/python3.8/site-packages/airflow/example_dags/example_skip_dag.py
[2024-10-14T21:26:01.481+0000] {logging_mixin.py:188} INFO - [2024-10-14T21:26:01.481+0000] {dag.py:3036} INFO - Sync 1 DAGs
[2024-10-14T21:26:01.501+0000] {logging_mixin.py:188} INFO - [2024-10-14T21:26:01.501+0000] {dag.py:3823} INFO - Setting next_dagrun for example_skip_dag to 2024-10-13 00:00:00+00:00, run_after=2024-10-14 00:00:00+00:00
[2024-10-14T21:26:01.520+0000] {processor.py:183} INFO - Processing /home/airflow/.local/lib/python3.8/site-packages/airflow/example_dags/example_skip_dag.py took 0.071 seconds
[2024-10-14T21:26:31.792+0000] {processor.py:161} INFO - Started process (PID=1115) to work on /home/airflow/.local/lib/python3.8/site-packages/airflow/example_dags/example_skip_dag.py
[2024-10-14T21:26:31.792+0000] {processor.py:830} INFO - Processing file /home/airflow/.local/lib/python3.8/site-packages/airflow/example_dags/example_skip_dag.py for tasks to queue
[2024-10-14T21:26:31.793+0000] {logging_mixin.py:188} INFO - [2024-10-14T21:26:31.793+0000] {dagbag.py:538} INFO - Filling up the DagBag from /home/airflow/.local/lib/python3.8/site-packages/airflow/example_dags/example_skip_dag.py
[2024-10-14T21:26:31.798+0000] {processor.py:840} INFO - DAG(s) 'example_skip_dag' retrieved from /home/airflow/.local/lib/python3.8/site-packages/airflow/example_dags/example_skip_dag.py
[2024-10-14T21:26:31.813+0000] {logging_mixin.py:188} INFO - [2024-10-14T21:26:31.813+0000] {dag.py:3036} INFO - Sync 1 DAGs
[2024-10-14T21:26:31.828+0000] {logging_mixin.py:188} INFO - [2024-10-14T21:26:31.828+0000] {dag.py:3823} INFO - Setting next_dagrun for example_skip_dag to 2024-10-13 00:00:00+00:00, run_after=2024-10-14 00:00:00+00:00
[2024-10-14T21:26:31.842+0000] {processor.py:183} INFO - Processing /home/airflow/.local/lib/python3.8/site-packages/airflow/example_dags/example_skip_dag.py took 0.053 seconds
[2024-10-14T21:27:02.025+0000] {processor.py:161} INFO - Started process (PID=1189) to work on /home/airflow/.local/lib/python3.8/site-packages/airflow/example_dags/example_skip_dag.py
[2024-10-14T21:27:02.025+0000] {processor.py:830} INFO - Processing file /home/airflow/.local/lib/python3.8/site-packages/airflow/example_dags/example_skip_dag.py for tasks to queue
[2024-10-14T21:27:02.027+0000] {logging_mixin.py:188} INFO - [2024-10-14T21:27:02.027+0000] {dagbag.py:538} INFO - Filling up the DagBag from /home/airflow/.local/lib/python3.8/site-packages/airflow/example_dags/example_skip_dag.py
[2024-10-14T21:27:02.031+0000] {processor.py:840} INFO - DAG(s) 'example_skip_dag' retrieved from /home/airflow/.local/lib/python3.8/site-packages/airflow/example_dags/example_skip_dag.py
[2024-10-14T21:27:02.045+0000] {logging_mixin.py:188} INFO - [2024-10-14T21:27:02.045+0000] {dag.py:3036} INFO - Sync 1 DAGs
[2024-10-14T21:27:02.061+0000] {logging_mixin.py:188} INFO - [2024-10-14T21:27:02.061+0000] {dag.py:3823} INFO - Setting next_dagrun for example_skip_dag to 2024-10-13 00:00:00+00:00, run_after=2024-10-14 00:00:00+00:00
[2024-10-14T21:27:02.076+0000] {processor.py:183} INFO - Processing /home/airflow/.local/lib/python3.8/site-packages/airflow/example_dags/example_skip_dag.py took 0.054 seconds
[2024-10-14T21:27:32.838+0000] {processor.py:161} INFO - Started process (PID=1271) to work on /home/airflow/.local/lib/python3.8/site-packages/airflow/example_dags/example_skip_dag.py
[2024-10-14T21:27:32.839+0000] {processor.py:830} INFO - Processing file /home/airflow/.local/lib/python3.8/site-packages/airflow/example_dags/example_skip_dag.py for tasks to queue
[2024-10-14T21:27:32.840+0000] {logging_mixin.py:188} INFO - [2024-10-14T21:27:32.840+0000] {dagbag.py:538} INFO - Filling up the DagBag from /home/airflow/.local/lib/python3.8/site-packages/airflow/example_dags/example_skip_dag.py
[2024-10-14T21:27:32.845+0000] {processor.py:840} INFO - DAG(s) 'example_skip_dag' retrieved from /home/airflow/.local/lib/python3.8/site-packages/airflow/example_dags/example_skip_dag.py
[2024-10-14T21:27:32.867+0000] {logging_mixin.py:188} INFO - [2024-10-14T21:27:32.866+0000] {dag.py:3036} INFO - Sync 1 DAGs
[2024-10-14T21:27:32.889+0000] {logging_mixin.py:188} INFO - [2024-10-14T21:27:32.889+0000] {dag.py:3823} INFO - Setting next_dagrun for example_skip_dag to 2024-10-13 00:00:00+00:00, run_after=2024-10-14 00:00:00+00:00
[2024-10-14T21:27:32.911+0000] {processor.py:183} INFO - Processing /home/airflow/.local/lib/python3.8/site-packages/airflow/example_dags/example_skip_dag.py took 0.075 seconds
[2024-10-14T21:28:02.939+0000] {processor.py:161} INFO - Started process (PID=1350) to work on /home/airflow/.local/lib/python3.8/site-packages/airflow/example_dags/example_skip_dag.py
[2024-10-14T21:28:02.942+0000] {processor.py:830} INFO - Processing file /home/airflow/.local/lib/python3.8/site-packages/airflow/example_dags/example_skip_dag.py for tasks to queue
[2024-10-14T21:28:02.943+0000] {logging_mixin.py:188} INFO - [2024-10-14T21:28:02.943+0000] {dagbag.py:538} INFO - Filling up the DagBag from /home/airflow/.local/lib/python3.8/site-packages/airflow/example_dags/example_skip_dag.py
[2024-10-14T21:28:02.947+0000] {processor.py:840} INFO - DAG(s) 'example_skip_dag' retrieved from /home/airflow/.local/lib/python3.8/site-packages/airflow/example_dags/example_skip_dag.py
[2024-10-14T21:28:02.964+0000] {logging_mixin.py:188} INFO - [2024-10-14T21:28:02.964+0000] {dag.py:3036} INFO - Sync 1 DAGs
[2024-10-14T21:28:02.980+0000] {logging_mixin.py:188} INFO - [2024-10-14T21:28:02.979+0000] {dag.py:3823} INFO - Setting next_dagrun for example_skip_dag to 2024-10-13 00:00:00+00:00, run_after=2024-10-14 00:00:00+00:00
[2024-10-14T21:28:02.996+0000] {processor.py:183} INFO - Processing /home/airflow/.local/lib/python3.8/site-packages/airflow/example_dags/example_skip_dag.py took 0.059 seconds
[2024-10-14T21:28:33.103+0000] {processor.py:161} INFO - Started process (PID=1427) to work on /home/airflow/.local/lib/python3.8/site-packages/airflow/example_dags/example_skip_dag.py
[2024-10-14T21:28:33.104+0000] {processor.py:830} INFO - Processing file /home/airflow/.local/lib/python3.8/site-packages/airflow/example_dags/example_skip_dag.py for tasks to queue
[2024-10-14T21:28:33.105+0000] {logging_mixin.py:188} INFO - [2024-10-14T21:28:33.105+0000] {dagbag.py:538} INFO - Filling up the DagBag from /home/airflow/.local/lib/python3.8/site-packages/airflow/example_dags/example_skip_dag.py
[2024-10-14T21:28:33.111+0000] {processor.py:840} INFO - DAG(s) 'example_skip_dag' retrieved from /home/airflow/.local/lib/python3.8/site-packages/airflow/example_dags/example_skip_dag.py
[2024-10-14T21:28:33.129+0000] {logging_mixin.py:188} INFO - [2024-10-14T21:28:33.129+0000] {dag.py:3036} INFO - Sync 1 DAGs
[2024-10-14T21:28:33.150+0000] {logging_mixin.py:188} INFO - [2024-10-14T21:28:33.149+0000] {dag.py:3823} INFO - Setting next_dagrun for example_skip_dag to 2024-10-13 00:00:00+00:00, run_after=2024-10-14 00:00:00+00:00
[2024-10-14T21:28:33.166+0000] {processor.py:183} INFO - Processing /home/airflow/.local/lib/python3.8/site-packages/airflow/example_dags/example_skip_dag.py took 0.065 seconds
[2024-10-14T21:29:03.728+0000] {processor.py:161} INFO - Started process (PID=1509) to work on /home/airflow/.local/lib/python3.8/site-packages/airflow/example_dags/example_skip_dag.py
[2024-10-14T21:29:03.729+0000] {processor.py:830} INFO - Processing file /home/airflow/.local/lib/python3.8/site-packages/airflow/example_dags/example_skip_dag.py for tasks to queue
[2024-10-14T21:29:03.731+0000] {logging_mixin.py:188} INFO - [2024-10-14T21:29:03.730+0000] {dagbag.py:538} INFO - Filling up the DagBag from /home/airflow/.local/lib/python3.8/site-packages/airflow/example_dags/example_skip_dag.py
[2024-10-14T21:29:03.735+0000] {processor.py:840} INFO - DAG(s) 'example_skip_dag' retrieved from /home/airflow/.local/lib/python3.8/site-packages/airflow/example_dags/example_skip_dag.py
[2024-10-14T21:29:03.754+0000] {logging_mixin.py:188} INFO - [2024-10-14T21:29:03.754+0000] {dag.py:3036} INFO - Sync 1 DAGs
[2024-10-14T21:29:03.773+0000] {logging_mixin.py:188} INFO - [2024-10-14T21:29:03.773+0000] {dag.py:3823} INFO - Setting next_dagrun for example_skip_dag to 2024-10-13 00:00:00+00:00, run_after=2024-10-14 00:00:00+00:00
[2024-10-14T21:29:03.788+0000] {processor.py:183} INFO - Processing /home/airflow/.local/lib/python3.8/site-packages/airflow/example_dags/example_skip_dag.py took 0.062 seconds
[2024-10-14T21:29:34.150+0000] {processor.py:161} INFO - Started process (PID=1583) to work on /home/airflow/.local/lib/python3.8/site-packages/airflow/example_dags/example_skip_dag.py
[2024-10-14T21:29:34.151+0000] {processor.py:830} INFO - Processing file /home/airflow/.local/lib/python3.8/site-packages/airflow/example_dags/example_skip_dag.py for tasks to queue
[2024-10-14T21:29:34.152+0000] {logging_mixin.py:188} INFO - [2024-10-14T21:29:34.152+0000] {dagbag.py:538} INFO - Filling up the DagBag from /home/airflow/.local/lib/python3.8/site-packages/airflow/example_dags/example_skip_dag.py
[2024-10-14T21:29:34.157+0000] {processor.py:840} INFO - DAG(s) 'example_skip_dag' retrieved from /home/airflow/.local/lib/python3.8/site-packages/airflow/example_dags/example_skip_dag.py
[2024-10-14T21:29:34.173+0000] {logging_mixin.py:188} INFO - [2024-10-14T21:29:34.173+0000] {dag.py:3036} INFO - Sync 1 DAGs
[2024-10-14T21:29:34.191+0000] {logging_mixin.py:188} INFO - [2024-10-14T21:29:34.190+0000] {dag.py:3823} INFO - Setting next_dagrun for example_skip_dag to 2024-10-13 00:00:00+00:00, run_after=2024-10-14 00:00:00+00:00
[2024-10-14T21:29:34.206+0000] {processor.py:183} INFO - Processing /home/airflow/.local/lib/python3.8/site-packages/airflow/example_dags/example_skip_dag.py took 0.059 seconds
[2024-10-14T21:30:04.466+0000] {processor.py:161} INFO - Started process (PID=1664) to work on /home/airflow/.local/lib/python3.8/site-packages/airflow/example_dags/example_skip_dag.py
[2024-10-14T21:30:04.466+0000] {processor.py:830} INFO - Processing file /home/airflow/.local/lib/python3.8/site-packages/airflow/example_dags/example_skip_dag.py for tasks to queue
[2024-10-14T21:30:04.468+0000] {logging_mixin.py:188} INFO - [2024-10-14T21:30:04.467+0000] {dagbag.py:538} INFO - Filling up the DagBag from /home/airflow/.local/lib/python3.8/site-packages/airflow/example_dags/example_skip_dag.py
[2024-10-14T21:30:04.472+0000] {processor.py:840} INFO - DAG(s) 'example_skip_dag' retrieved from /home/airflow/.local/lib/python3.8/site-packages/airflow/example_dags/example_skip_dag.py
[2024-10-14T21:30:04.489+0000] {logging_mixin.py:188} INFO - [2024-10-14T21:30:04.489+0000] {dag.py:3036} INFO - Sync 1 DAGs
[2024-10-14T21:30:04.506+0000] {logging_mixin.py:188} INFO - [2024-10-14T21:30:04.506+0000] {dag.py:3823} INFO - Setting next_dagrun for example_skip_dag to 2024-10-13 00:00:00+00:00, run_after=2024-10-14 00:00:00+00:00
[2024-10-14T21:30:04.521+0000] {processor.py:183} INFO - Processing /home/airflow/.local/lib/python3.8/site-packages/airflow/example_dags/example_skip_dag.py took 0.058 seconds
[2024-10-14T21:30:34.787+0000] {processor.py:161} INFO - Started process (PID=1738) to work on /home/airflow/.local/lib/python3.8/site-packages/airflow/example_dags/example_skip_dag.py
[2024-10-14T21:30:34.788+0000] {processor.py:830} INFO - Processing file /home/airflow/.local/lib/python3.8/site-packages/airflow/example_dags/example_skip_dag.py for tasks to queue
[2024-10-14T21:30:34.789+0000] {logging_mixin.py:188} INFO - [2024-10-14T21:30:34.789+0000] {dagbag.py:538} INFO - Filling up the DagBag from /home/airflow/.local/lib/python3.8/site-packages/airflow/example_dags/example_skip_dag.py
[2024-10-14T21:30:34.793+0000] {processor.py:840} INFO - DAG(s) 'example_skip_dag' retrieved from /home/airflow/.local/lib/python3.8/site-packages/airflow/example_dags/example_skip_dag.py
[2024-10-14T21:30:34.809+0000] {logging_mixin.py:188} INFO - [2024-10-14T21:30:34.808+0000] {dag.py:3036} INFO - Sync 1 DAGs
[2024-10-14T21:30:34.823+0000] {logging_mixin.py:188} INFO - [2024-10-14T21:30:34.823+0000] {dag.py:3823} INFO - Setting next_dagrun for example_skip_dag to 2024-10-13 00:00:00+00:00, run_after=2024-10-14 00:00:00+00:00
[2024-10-14T21:30:34.838+0000] {processor.py:183} INFO - Processing /home/airflow/.local/lib/python3.8/site-packages/airflow/example_dags/example_skip_dag.py took 0.054 seconds
[2024-10-14T21:31:05.206+0000] {processor.py:161} INFO - Started process (PID=1820) to work on /home/airflow/.local/lib/python3.8/site-packages/airflow/example_dags/example_skip_dag.py
[2024-10-14T21:31:05.207+0000] {processor.py:830} INFO - Processing file /home/airflow/.local/lib/python3.8/site-packages/airflow/example_dags/example_skip_dag.py for tasks to queue
[2024-10-14T21:31:05.208+0000] {logging_mixin.py:188} INFO - [2024-10-14T21:31:05.208+0000] {dagbag.py:538} INFO - Filling up the DagBag from /home/airflow/.local/lib/python3.8/site-packages/airflow/example_dags/example_skip_dag.py
[2024-10-14T21:31:05.213+0000] {processor.py:840} INFO - DAG(s) 'example_skip_dag' retrieved from /home/airflow/.local/lib/python3.8/site-packages/airflow/example_dags/example_skip_dag.py
[2024-10-14T21:31:05.228+0000] {logging_mixin.py:188} INFO - [2024-10-14T21:31:05.228+0000] {dag.py:3036} INFO - Sync 1 DAGs
[2024-10-14T21:31:05.243+0000] {logging_mixin.py:188} INFO - [2024-10-14T21:31:05.243+0000] {dag.py:3823} INFO - Setting next_dagrun for example_skip_dag to 2024-10-13 00:00:00+00:00, run_after=2024-10-14 00:00:00+00:00
[2024-10-14T21:31:05.258+0000] {processor.py:183} INFO - Processing /home/airflow/.local/lib/python3.8/site-packages/airflow/example_dags/example_skip_dag.py took 0.054 seconds
[2024-10-14T21:31:35.541+0000] {processor.py:161} INFO - Started process (PID=1901) to work on /home/airflow/.local/lib/python3.8/site-packages/airflow/example_dags/example_skip_dag.py
[2024-10-14T21:31:35.541+0000] {processor.py:830} INFO - Processing file /home/airflow/.local/lib/python3.8/site-packages/airflow/example_dags/example_skip_dag.py for tasks to queue
[2024-10-14T21:31:35.543+0000] {logging_mixin.py:188} INFO - [2024-10-14T21:31:35.542+0000] {dagbag.py:538} INFO - Filling up the DagBag from /home/airflow/.local/lib/python3.8/site-packages/airflow/example_dags/example_skip_dag.py
[2024-10-14T21:31:35.547+0000] {processor.py:840} INFO - DAG(s) 'example_skip_dag' retrieved from /home/airflow/.local/lib/python3.8/site-packages/airflow/example_dags/example_skip_dag.py
[2024-10-14T21:31:35.566+0000] {logging_mixin.py:188} INFO - [2024-10-14T21:31:35.566+0000] {dag.py:3036} INFO - Sync 1 DAGs
[2024-10-14T21:31:35.588+0000] {logging_mixin.py:188} INFO - [2024-10-14T21:31:35.588+0000] {dag.py:3823} INFO - Setting next_dagrun for example_skip_dag to 2024-10-13 00:00:00+00:00, run_after=2024-10-14 00:00:00+00:00
[2024-10-14T21:31:35.604+0000] {processor.py:183} INFO - Processing /home/airflow/.local/lib/python3.8/site-packages/airflow/example_dags/example_skip_dag.py took 0.066 seconds
[2024-10-14T21:32:05.765+0000] {processor.py:161} INFO - Started process (PID=1975) to work on /home/airflow/.local/lib/python3.8/site-packages/airflow/example_dags/example_skip_dag.py
[2024-10-14T21:32:05.766+0000] {processor.py:830} INFO - Processing file /home/airflow/.local/lib/python3.8/site-packages/airflow/example_dags/example_skip_dag.py for tasks to queue
[2024-10-14T21:32:05.767+0000] {logging_mixin.py:188} INFO - [2024-10-14T21:32:05.767+0000] {dagbag.py:538} INFO - Filling up the DagBag from /home/airflow/.local/lib/python3.8/site-packages/airflow/example_dags/example_skip_dag.py
[2024-10-14T21:32:05.772+0000] {processor.py:840} INFO - DAG(s) 'example_skip_dag' retrieved from /home/airflow/.local/lib/python3.8/site-packages/airflow/example_dags/example_skip_dag.py
[2024-10-14T21:32:05.791+0000] {logging_mixin.py:188} INFO - [2024-10-14T21:32:05.791+0000] {dag.py:3036} INFO - Sync 1 DAGs
[2024-10-14T21:32:05.810+0000] {logging_mixin.py:188} INFO - [2024-10-14T21:32:05.810+0000] {dag.py:3823} INFO - Setting next_dagrun for example_skip_dag to 2024-10-13 00:00:00+00:00, run_after=2024-10-14 00:00:00+00:00
[2024-10-14T21:32:05.824+0000] {processor.py:183} INFO - Processing /home/airflow/.local/lib/python3.8/site-packages/airflow/example_dags/example_skip_dag.py took 0.061 seconds
[2024-10-14T21:32:36.150+0000] {processor.py:161} INFO - Started process (PID=2057) to work on /home/airflow/.local/lib/python3.8/site-packages/airflow/example_dags/example_skip_dag.py
[2024-10-14T21:32:36.151+0000] {processor.py:830} INFO - Processing file /home/airflow/.local/lib/python3.8/site-packages/airflow/example_dags/example_skip_dag.py for tasks to queue
[2024-10-14T21:32:36.152+0000] {logging_mixin.py:188} INFO - [2024-10-14T21:32:36.152+0000] {dagbag.py:538} INFO - Filling up the DagBag from /home/airflow/.local/lib/python3.8/site-packages/airflow/example_dags/example_skip_dag.py
[2024-10-14T21:32:36.157+0000] {processor.py:840} INFO - DAG(s) 'example_skip_dag' retrieved from /home/airflow/.local/lib/python3.8/site-packages/airflow/example_dags/example_skip_dag.py
[2024-10-14T21:32:36.179+0000] {logging_mixin.py:188} INFO - [2024-10-14T21:32:36.178+0000] {dag.py:3036} INFO - Sync 1 DAGs
[2024-10-14T21:32:36.199+0000] {logging_mixin.py:188} INFO - [2024-10-14T21:32:36.199+0000] {dag.py:3823} INFO - Setting next_dagrun for example_skip_dag to 2024-10-13 00:00:00+00:00, run_after=2024-10-14 00:00:00+00:00
[2024-10-14T21:32:36.216+0000] {processor.py:183} INFO - Processing /home/airflow/.local/lib/python3.8/site-packages/airflow/example_dags/example_skip_dag.py took 0.069 seconds
[2024-10-14T21:33:06.804+0000] {processor.py:161} INFO - Started process (PID=2130) to work on /home/airflow/.local/lib/python3.8/site-packages/airflow/example_dags/example_skip_dag.py
[2024-10-14T21:33:06.805+0000] {processor.py:830} INFO - Processing file /home/airflow/.local/lib/python3.8/site-packages/airflow/example_dags/example_skip_dag.py for tasks to queue
[2024-10-14T21:33:06.807+0000] {logging_mixin.py:188} INFO - [2024-10-14T21:33:06.806+0000] {dagbag.py:538} INFO - Filling up the DagBag from /home/airflow/.local/lib/python3.8/site-packages/airflow/example_dags/example_skip_dag.py
[2024-10-14T21:33:06.812+0000] {processor.py:840} INFO - DAG(s) 'example_skip_dag' retrieved from /home/airflow/.local/lib/python3.8/site-packages/airflow/example_dags/example_skip_dag.py
[2024-10-14T21:33:06.832+0000] {logging_mixin.py:188} INFO - [2024-10-14T21:33:06.831+0000] {dag.py:3036} INFO - Sync 1 DAGs
[2024-10-14T21:33:06.852+0000] {logging_mixin.py:188} INFO - [2024-10-14T21:33:06.852+0000] {dag.py:3823} INFO - Setting next_dagrun for example_skip_dag to 2024-10-13 00:00:00+00:00, run_after=2024-10-14 00:00:00+00:00
[2024-10-14T21:33:06.868+0000] {processor.py:183} INFO - Processing /home/airflow/.local/lib/python3.8/site-packages/airflow/example_dags/example_skip_dag.py took 0.066 seconds
[2024-10-14T21:33:36.982+0000] {processor.py:161} INFO - Started process (PID=2211) to work on /home/airflow/.local/lib/python3.8/site-packages/airflow/example_dags/example_skip_dag.py
[2024-10-14T21:33:36.983+0000] {processor.py:830} INFO - Processing file /home/airflow/.local/lib/python3.8/site-packages/airflow/example_dags/example_skip_dag.py for tasks to queue
[2024-10-14T21:33:36.986+0000] {logging_mixin.py:188} INFO - [2024-10-14T21:33:36.985+0000] {dagbag.py:538} INFO - Filling up the DagBag from /home/airflow/.local/lib/python3.8/site-packages/airflow/example_dags/example_skip_dag.py
[2024-10-14T21:33:36.998+0000] {processor.py:840} INFO - DAG(s) 'example_skip_dag' retrieved from /home/airflow/.local/lib/python3.8/site-packages/airflow/example_dags/example_skip_dag.py
[2024-10-14T21:33:37.024+0000] {logging_mixin.py:188} INFO - [2024-10-14T21:33:37.024+0000] {dag.py:3036} INFO - Sync 1 DAGs
[2024-10-14T21:33:37.043+0000] {logging_mixin.py:188} INFO - [2024-10-14T21:33:37.043+0000] {dag.py:3823} INFO - Setting next_dagrun for example_skip_dag to 2024-10-13 00:00:00+00:00, run_after=2024-10-14 00:00:00+00:00
[2024-10-14T21:33:37.058+0000] {processor.py:183} INFO - Processing /home/airflow/.local/lib/python3.8/site-packages/airflow/example_dags/example_skip_dag.py took 0.079 seconds
[2024-10-14T21:34:07.142+0000] {processor.py:161} INFO - Started process (PID=2285) to work on /home/airflow/.local/lib/python3.8/site-packages/airflow/example_dags/example_skip_dag.py
[2024-10-14T21:34:07.143+0000] {processor.py:830} INFO - Processing file /home/airflow/.local/lib/python3.8/site-packages/airflow/example_dags/example_skip_dag.py for tasks to queue
[2024-10-14T21:34:07.145+0000] {logging_mixin.py:188} INFO - [2024-10-14T21:34:07.145+0000] {dagbag.py:538} INFO - Filling up the DagBag from /home/airflow/.local/lib/python3.8/site-packages/airflow/example_dags/example_skip_dag.py
[2024-10-14T21:34:07.151+0000] {processor.py:840} INFO - DAG(s) 'example_skip_dag' retrieved from /home/airflow/.local/lib/python3.8/site-packages/airflow/example_dags/example_skip_dag.py
[2024-10-14T21:34:07.169+0000] {logging_mixin.py:188} INFO - [2024-10-14T21:34:07.169+0000] {dag.py:3036} INFO - Sync 1 DAGs
[2024-10-14T21:34:07.187+0000] {logging_mixin.py:188} INFO - [2024-10-14T21:34:07.187+0000] {dag.py:3823} INFO - Setting next_dagrun for example_skip_dag to 2024-10-13 00:00:00+00:00, run_after=2024-10-14 00:00:00+00:00
[2024-10-14T21:34:07.203+0000] {processor.py:183} INFO - Processing /home/airflow/.local/lib/python3.8/site-packages/airflow/example_dags/example_skip_dag.py took 0.063 seconds
[2024-10-14T21:34:37.326+0000] {processor.py:161} INFO - Started process (PID=2367) to work on /home/airflow/.local/lib/python3.8/site-packages/airflow/example_dags/example_skip_dag.py
[2024-10-14T21:34:37.326+0000] {processor.py:830} INFO - Processing file /home/airflow/.local/lib/python3.8/site-packages/airflow/example_dags/example_skip_dag.py for tasks to queue
[2024-10-14T21:34:37.328+0000] {logging_mixin.py:188} INFO - [2024-10-14T21:34:37.328+0000] {dagbag.py:538} INFO - Filling up the DagBag from /home/airflow/.local/lib/python3.8/site-packages/airflow/example_dags/example_skip_dag.py
[2024-10-14T21:34:37.333+0000] {processor.py:840} INFO - DAG(s) 'example_skip_dag' retrieved from /home/airflow/.local/lib/python3.8/site-packages/airflow/example_dags/example_skip_dag.py
[2024-10-14T21:34:37.349+0000] {logging_mixin.py:188} INFO - [2024-10-14T21:34:37.348+0000] {dag.py:3036} INFO - Sync 1 DAGs
[2024-10-14T21:34:37.364+0000] {logging_mixin.py:188} INFO - [2024-10-14T21:34:37.363+0000] {dag.py:3823} INFO - Setting next_dagrun for example_skip_dag to 2024-10-13 00:00:00+00:00, run_after=2024-10-14 00:00:00+00:00
[2024-10-14T21:34:37.379+0000] {processor.py:183} INFO - Processing /home/airflow/.local/lib/python3.8/site-packages/airflow/example_dags/example_skip_dag.py took 0.056 seconds
[2024-10-14T21:35:07.641+0000] {processor.py:161} INFO - Started process (PID=2440) to work on /home/airflow/.local/lib/python3.8/site-packages/airflow/example_dags/example_skip_dag.py
[2024-10-14T21:35:07.642+0000] {processor.py:830} INFO - Processing file /home/airflow/.local/lib/python3.8/site-packages/airflow/example_dags/example_skip_dag.py for tasks to queue
[2024-10-14T21:35:07.644+0000] {logging_mixin.py:188} INFO - [2024-10-14T21:35:07.643+0000] {dagbag.py:538} INFO - Filling up the DagBag from /home/airflow/.local/lib/python3.8/site-packages/airflow/example_dags/example_skip_dag.py
[2024-10-14T21:35:07.650+0000] {processor.py:840} INFO - DAG(s) 'example_skip_dag' retrieved from /home/airflow/.local/lib/python3.8/site-packages/airflow/example_dags/example_skip_dag.py
[2024-10-14T21:35:07.669+0000] {logging_mixin.py:188} INFO - [2024-10-14T21:35:07.669+0000] {dag.py:3036} INFO - Sync 1 DAGs
[2024-10-14T21:35:07.690+0000] {logging_mixin.py:188} INFO - [2024-10-14T21:35:07.690+0000] {dag.py:3823} INFO - Setting next_dagrun for example_skip_dag to 2024-10-13 00:00:00+00:00, run_after=2024-10-14 00:00:00+00:00
[2024-10-14T21:35:07.705+0000] {processor.py:183} INFO - Processing /home/airflow/.local/lib/python3.8/site-packages/airflow/example_dags/example_skip_dag.py took 0.066 seconds
[2024-10-14T21:35:38.143+0000] {processor.py:161} INFO - Started process (PID=2522) to work on /home/airflow/.local/lib/python3.8/site-packages/airflow/example_dags/example_skip_dag.py
[2024-10-14T21:35:38.143+0000] {processor.py:830} INFO - Processing file /home/airflow/.local/lib/python3.8/site-packages/airflow/example_dags/example_skip_dag.py for tasks to queue
[2024-10-14T21:35:38.145+0000] {logging_mixin.py:188} INFO - [2024-10-14T21:35:38.144+0000] {dagbag.py:538} INFO - Filling up the DagBag from /home/airflow/.local/lib/python3.8/site-packages/airflow/example_dags/example_skip_dag.py
[2024-10-14T21:35:38.150+0000] {processor.py:840} INFO - DAG(s) 'example_skip_dag' retrieved from /home/airflow/.local/lib/python3.8/site-packages/airflow/example_dags/example_skip_dag.py
[2024-10-14T21:35:38.168+0000] {logging_mixin.py:188} INFO - [2024-10-14T21:35:38.167+0000] {dag.py:3036} INFO - Sync 1 DAGs
[2024-10-14T21:35:38.186+0000] {logging_mixin.py:188} INFO - [2024-10-14T21:35:38.186+0000] {dag.py:3823} INFO - Setting next_dagrun for example_skip_dag to 2024-10-13 00:00:00+00:00, run_after=2024-10-14 00:00:00+00:00
[2024-10-14T21:35:38.201+0000] {processor.py:183} INFO - Processing /home/airflow/.local/lib/python3.8/site-packages/airflow/example_dags/example_skip_dag.py took 0.062 seconds
[2024-10-14T21:36:08.263+0000] {processor.py:161} INFO - Started process (PID=2596) to work on /home/airflow/.local/lib/python3.8/site-packages/airflow/example_dags/example_skip_dag.py
[2024-10-14T21:36:08.264+0000] {processor.py:830} INFO - Processing file /home/airflow/.local/lib/python3.8/site-packages/airflow/example_dags/example_skip_dag.py for tasks to queue
[2024-10-14T21:36:08.266+0000] {logging_mixin.py:188} INFO - [2024-10-14T21:36:08.265+0000] {dagbag.py:538} INFO - Filling up the DagBag from /home/airflow/.local/lib/python3.8/site-packages/airflow/example_dags/example_skip_dag.py
[2024-10-14T21:36:08.271+0000] {processor.py:840} INFO - DAG(s) 'example_skip_dag' retrieved from /home/airflow/.local/lib/python3.8/site-packages/airflow/example_dags/example_skip_dag.py
[2024-10-14T21:36:08.286+0000] {logging_mixin.py:188} INFO - [2024-10-14T21:36:08.286+0000] {dag.py:3036} INFO - Sync 1 DAGs
[2024-10-14T21:36:08.303+0000] {logging_mixin.py:188} INFO - [2024-10-14T21:36:08.302+0000] {dag.py:3823} INFO - Setting next_dagrun for example_skip_dag to 2024-10-13 00:00:00+00:00, run_after=2024-10-14 00:00:00+00:00
[2024-10-14T21:36:08.320+0000] {processor.py:183} INFO - Processing /home/airflow/.local/lib/python3.8/site-packages/airflow/example_dags/example_skip_dag.py took 0.059 seconds
[2024-10-14T21:36:38.516+0000] {processor.py:161} INFO - Started process (PID=2678) to work on /home/airflow/.local/lib/python3.8/site-packages/airflow/example_dags/example_skip_dag.py
[2024-10-14T21:36:38.516+0000] {processor.py:830} INFO - Processing file /home/airflow/.local/lib/python3.8/site-packages/airflow/example_dags/example_skip_dag.py for tasks to queue
[2024-10-14T21:36:38.518+0000] {logging_mixin.py:188} INFO - [2024-10-14T21:36:38.518+0000] {dagbag.py:538} INFO - Filling up the DagBag from /home/airflow/.local/lib/python3.8/site-packages/airflow/example_dags/example_skip_dag.py
[2024-10-14T21:36:38.523+0000] {processor.py:840} INFO - DAG(s) 'example_skip_dag' retrieved from /home/airflow/.local/lib/python3.8/site-packages/airflow/example_dags/example_skip_dag.py
[2024-10-14T21:36:38.539+0000] {logging_mixin.py:188} INFO - [2024-10-14T21:36:38.539+0000] {dag.py:3036} INFO - Sync 1 DAGs
[2024-10-14T21:36:38.554+0000] {logging_mixin.py:188} INFO - [2024-10-14T21:36:38.554+0000] {dag.py:3823} INFO - Setting next_dagrun for example_skip_dag to 2024-10-13 00:00:00+00:00, run_after=2024-10-14 00:00:00+00:00
[2024-10-14T21:36:38.568+0000] {processor.py:183} INFO - Processing /home/airflow/.local/lib/python3.8/site-packages/airflow/example_dags/example_skip_dag.py took 0.056 seconds
[2024-10-14T21:37:09.024+0000] {processor.py:161} INFO - Started process (PID=2760) to work on /home/airflow/.local/lib/python3.8/site-packages/airflow/example_dags/example_skip_dag.py
[2024-10-14T21:37:09.025+0000] {processor.py:830} INFO - Processing file /home/airflow/.local/lib/python3.8/site-packages/airflow/example_dags/example_skip_dag.py for tasks to queue
[2024-10-14T21:37:09.029+0000] {logging_mixin.py:188} INFO - [2024-10-14T21:37:09.027+0000] {dagbag.py:538} INFO - Filling up the DagBag from /home/airflow/.local/lib/python3.8/site-packages/airflow/example_dags/example_skip_dag.py
[2024-10-14T21:37:09.040+0000] {processor.py:840} INFO - DAG(s) 'example_skip_dag' retrieved from /home/airflow/.local/lib/python3.8/site-packages/airflow/example_dags/example_skip_dag.py
[2024-10-14T21:37:09.066+0000] {logging_mixin.py:188} INFO - [2024-10-14T21:37:09.065+0000] {dag.py:3036} INFO - Sync 1 DAGs
[2024-10-14T21:37:09.095+0000] {logging_mixin.py:188} INFO - [2024-10-14T21:37:09.094+0000] {dag.py:3823} INFO - Setting next_dagrun for example_skip_dag to 2024-10-13 00:00:00+00:00, run_after=2024-10-14 00:00:00+00:00
[2024-10-14T21:37:09.123+0000] {processor.py:183} INFO - Processing /home/airflow/.local/lib/python3.8/site-packages/airflow/example_dags/example_skip_dag.py took 0.104 seconds
[2024-10-14T21:37:39.451+0000] {processor.py:161} INFO - Started process (PID=2832) to work on /home/airflow/.local/lib/python3.8/site-packages/airflow/example_dags/example_skip_dag.py
[2024-10-14T21:37:39.451+0000] {processor.py:830} INFO - Processing file /home/airflow/.local/lib/python3.8/site-packages/airflow/example_dags/example_skip_dag.py for tasks to queue
[2024-10-14T21:37:39.453+0000] {logging_mixin.py:188} INFO - [2024-10-14T21:37:39.452+0000] {dagbag.py:538} INFO - Filling up the DagBag from /home/airflow/.local/lib/python3.8/site-packages/airflow/example_dags/example_skip_dag.py
[2024-10-14T21:37:39.457+0000] {processor.py:840} INFO - DAG(s) 'example_skip_dag' retrieved from /home/airflow/.local/lib/python3.8/site-packages/airflow/example_dags/example_skip_dag.py
[2024-10-14T21:37:39.473+0000] {logging_mixin.py:188} INFO - [2024-10-14T21:37:39.473+0000] {dag.py:3036} INFO - Sync 1 DAGs
[2024-10-14T21:37:39.488+0000] {logging_mixin.py:188} INFO - [2024-10-14T21:37:39.487+0000] {dag.py:3823} INFO - Setting next_dagrun for example_skip_dag to 2024-10-13 00:00:00+00:00, run_after=2024-10-14 00:00:00+00:00
[2024-10-14T21:37:39.502+0000] {processor.py:183} INFO - Processing /home/airflow/.local/lib/python3.8/site-packages/airflow/example_dags/example_skip_dag.py took 0.054 seconds
[2024-10-14T21:38:10.091+0000] {processor.py:161} INFO - Started process (PID=2914) to work on /home/airflow/.local/lib/python3.8/site-packages/airflow/example_dags/example_skip_dag.py
[2024-10-14T21:38:10.092+0000] {processor.py:830} INFO - Processing file /home/airflow/.local/lib/python3.8/site-packages/airflow/example_dags/example_skip_dag.py for tasks to queue
[2024-10-14T21:38:10.095+0000] {logging_mixin.py:188} INFO - [2024-10-14T21:38:10.095+0000] {dagbag.py:538} INFO - Filling up the DagBag from /home/airflow/.local/lib/python3.8/site-packages/airflow/example_dags/example_skip_dag.py
[2024-10-14T21:38:10.105+0000] {processor.py:840} INFO - DAG(s) 'example_skip_dag' retrieved from /home/airflow/.local/lib/python3.8/site-packages/airflow/example_dags/example_skip_dag.py
[2024-10-14T21:38:10.135+0000] {logging_mixin.py:188} INFO - [2024-10-14T21:38:10.135+0000] {dag.py:3036} INFO - Sync 1 DAGs
[2024-10-14T21:38:10.156+0000] {logging_mixin.py:188} INFO - [2024-10-14T21:38:10.156+0000] {dag.py:3823} INFO - Setting next_dagrun for example_skip_dag to 2024-10-13 00:00:00+00:00, run_after=2024-10-14 00:00:00+00:00
[2024-10-14T21:38:10.176+0000] {processor.py:183} INFO - Processing /home/airflow/.local/lib/python3.8/site-packages/airflow/example_dags/example_skip_dag.py took 0.087 seconds
[2024-10-14T21:38:40.285+0000] {processor.py:161} INFO - Started process (PID=2988) to work on /home/airflow/.local/lib/python3.8/site-packages/airflow/example_dags/example_skip_dag.py
[2024-10-14T21:38:40.286+0000] {processor.py:830} INFO - Processing file /home/airflow/.local/lib/python3.8/site-packages/airflow/example_dags/example_skip_dag.py for tasks to queue
[2024-10-14T21:38:40.288+0000] {logging_mixin.py:188} INFO - [2024-10-14T21:38:40.288+0000] {dagbag.py:538} INFO - Filling up the DagBag from /home/airflow/.local/lib/python3.8/site-packages/airflow/example_dags/example_skip_dag.py
[2024-10-14T21:38:40.293+0000] {processor.py:840} INFO - DAG(s) 'example_skip_dag' retrieved from /home/airflow/.local/lib/python3.8/site-packages/airflow/example_dags/example_skip_dag.py
[2024-10-14T21:38:40.310+0000] {logging_mixin.py:188} INFO - [2024-10-14T21:38:40.310+0000] {dag.py:3036} INFO - Sync 1 DAGs
[2024-10-14T21:38:40.326+0000] {logging_mixin.py:188} INFO - [2024-10-14T21:38:40.326+0000] {dag.py:3823} INFO - Setting next_dagrun for example_skip_dag to 2024-10-13 00:00:00+00:00, run_after=2024-10-14 00:00:00+00:00
[2024-10-14T21:38:40.343+0000] {processor.py:183} INFO - Processing /home/airflow/.local/lib/python3.8/site-packages/airflow/example_dags/example_skip_dag.py took 0.060 seconds
[2024-10-14T21:39:11.140+0000] {processor.py:161} INFO - Started process (PID=3062) to work on /home/airflow/.local/lib/python3.8/site-packages/airflow/example_dags/example_skip_dag.py
[2024-10-14T21:39:11.141+0000] {processor.py:830} INFO - Processing file /home/airflow/.local/lib/python3.8/site-packages/airflow/example_dags/example_skip_dag.py for tasks to queue
[2024-10-14T21:39:11.142+0000] {logging_mixin.py:188} INFO - [2024-10-14T21:39:11.142+0000] {dagbag.py:538} INFO - Filling up the DagBag from /home/airflow/.local/lib/python3.8/site-packages/airflow/example_dags/example_skip_dag.py
[2024-10-14T21:39:11.147+0000] {processor.py:840} INFO - DAG(s) 'example_skip_dag' retrieved from /home/airflow/.local/lib/python3.8/site-packages/airflow/example_dags/example_skip_dag.py
[2024-10-14T21:39:11.163+0000] {logging_mixin.py:188} INFO - [2024-10-14T21:39:11.163+0000] {dag.py:3036} INFO - Sync 1 DAGs
[2024-10-14T21:39:11.185+0000] {logging_mixin.py:188} INFO - [2024-10-14T21:39:11.185+0000] {dag.py:3823} INFO - Setting next_dagrun for example_skip_dag to 2024-10-13 00:00:00+00:00, run_after=2024-10-14 00:00:00+00:00
[2024-10-14T21:39:11.207+0000] {processor.py:183} INFO - Processing /home/airflow/.local/lib/python3.8/site-packages/airflow/example_dags/example_skip_dag.py took 0.070 seconds
[2024-10-14T21:44:05.342+0000] {processor.py:161} INFO - Started process (PID=101) to work on /home/airflow/.local/lib/python3.8/site-packages/airflow/example_dags/example_skip_dag.py
[2024-10-14T21:44:05.343+0000] {processor.py:830} INFO - Processing file /home/airflow/.local/lib/python3.8/site-packages/airflow/example_dags/example_skip_dag.py for tasks to queue
[2024-10-14T21:44:05.344+0000] {logging_mixin.py:188} INFO - [2024-10-14T21:44:05.344+0000] {dagbag.py:538} INFO - Filling up the DagBag from /home/airflow/.local/lib/python3.8/site-packages/airflow/example_dags/example_skip_dag.py
[2024-10-14T21:44:05.351+0000] {processor.py:840} INFO - DAG(s) 'example_skip_dag' retrieved from /home/airflow/.local/lib/python3.8/site-packages/airflow/example_dags/example_skip_dag.py
[2024-10-14T21:44:05.425+0000] {logging_mixin.py:188} INFO - [2024-10-14T21:44:05.424+0000] {dag.py:3036} INFO - Sync 1 DAGs
[2024-10-14T21:44:05.442+0000] {logging_mixin.py:188} INFO - [2024-10-14T21:44:05.442+0000] {dag.py:3823} INFO - Setting next_dagrun for example_skip_dag to 2024-10-13 00:00:00+00:00, run_after=2024-10-14 00:00:00+00:00
[2024-10-14T21:44:05.458+0000] {processor.py:183} INFO - Processing /home/airflow/.local/lib/python3.8/site-packages/airflow/example_dags/example_skip_dag.py took 0.118 seconds
[2024-10-14T21:44:35.630+0000] {processor.py:161} INFO - Started process (PID=167) to work on /home/airflow/.local/lib/python3.8/site-packages/airflow/example_dags/example_skip_dag.py
[2024-10-14T21:44:35.631+0000] {processor.py:830} INFO - Processing file /home/airflow/.local/lib/python3.8/site-packages/airflow/example_dags/example_skip_dag.py for tasks to queue
[2024-10-14T21:44:35.632+0000] {logging_mixin.py:188} INFO - [2024-10-14T21:44:35.632+0000] {dagbag.py:538} INFO - Filling up the DagBag from /home/airflow/.local/lib/python3.8/site-packages/airflow/example_dags/example_skip_dag.py
[2024-10-14T21:44:35.636+0000] {processor.py:840} INFO - DAG(s) 'example_skip_dag' retrieved from /home/airflow/.local/lib/python3.8/site-packages/airflow/example_dags/example_skip_dag.py
[2024-10-14T21:44:35.650+0000] {logging_mixin.py:188} INFO - [2024-10-14T21:44:35.650+0000] {dag.py:3036} INFO - Sync 1 DAGs
[2024-10-14T21:44:35.665+0000] {logging_mixin.py:188} INFO - [2024-10-14T21:44:35.665+0000] {dag.py:3823} INFO - Setting next_dagrun for example_skip_dag to 2024-10-13 00:00:00+00:00, run_after=2024-10-14 00:00:00+00:00
[2024-10-14T21:44:35.684+0000] {processor.py:183} INFO - Processing /home/airflow/.local/lib/python3.8/site-packages/airflow/example_dags/example_skip_dag.py took 0.056 seconds
[2024-10-14T21:45:06.282+0000] {processor.py:161} INFO - Started process (PID=241) to work on /home/airflow/.local/lib/python3.8/site-packages/airflow/example_dags/example_skip_dag.py
[2024-10-14T21:45:06.283+0000] {processor.py:830} INFO - Processing file /home/airflow/.local/lib/python3.8/site-packages/airflow/example_dags/example_skip_dag.py for tasks to queue
[2024-10-14T21:45:06.284+0000] {logging_mixin.py:188} INFO - [2024-10-14T21:45:06.283+0000] {dagbag.py:538} INFO - Filling up the DagBag from /home/airflow/.local/lib/python3.8/site-packages/airflow/example_dags/example_skip_dag.py
[2024-10-14T21:45:06.288+0000] {processor.py:840} INFO - DAG(s) 'example_skip_dag' retrieved from /home/airflow/.local/lib/python3.8/site-packages/airflow/example_dags/example_skip_dag.py
[2024-10-14T21:45:06.303+0000] {logging_mixin.py:188} INFO - [2024-10-14T21:45:06.303+0000] {dag.py:3036} INFO - Sync 1 DAGs
[2024-10-14T21:45:06.319+0000] {logging_mixin.py:188} INFO - [2024-10-14T21:45:06.319+0000] {dag.py:3823} INFO - Setting next_dagrun for example_skip_dag to 2024-10-13 00:00:00+00:00, run_after=2024-10-14 00:00:00+00:00
[2024-10-14T21:45:06.333+0000] {processor.py:183} INFO - Processing /home/airflow/.local/lib/python3.8/site-packages/airflow/example_dags/example_skip_dag.py took 0.053 seconds
[2024-10-14T21:45:36.473+0000] {processor.py:161} INFO - Started process (PID=315) to work on /home/airflow/.local/lib/python3.8/site-packages/airflow/example_dags/example_skip_dag.py
[2024-10-14T21:45:36.473+0000] {processor.py:830} INFO - Processing file /home/airflow/.local/lib/python3.8/site-packages/airflow/example_dags/example_skip_dag.py for tasks to queue
[2024-10-14T21:45:36.475+0000] {logging_mixin.py:188} INFO - [2024-10-14T21:45:36.474+0000] {dagbag.py:538} INFO - Filling up the DagBag from /home/airflow/.local/lib/python3.8/site-packages/airflow/example_dags/example_skip_dag.py
[2024-10-14T21:45:36.480+0000] {processor.py:840} INFO - DAG(s) 'example_skip_dag' retrieved from /home/airflow/.local/lib/python3.8/site-packages/airflow/example_dags/example_skip_dag.py
[2024-10-14T21:45:36.498+0000] {logging_mixin.py:188} INFO - [2024-10-14T21:45:36.497+0000] {dag.py:3036} INFO - Sync 1 DAGs
[2024-10-14T21:45:36.516+0000] {logging_mixin.py:188} INFO - [2024-10-14T21:45:36.515+0000] {dag.py:3823} INFO - Setting next_dagrun for example_skip_dag to 2024-10-13 00:00:00+00:00, run_after=2024-10-14 00:00:00+00:00
[2024-10-14T21:45:36.536+0000] {processor.py:183} INFO - Processing /home/airflow/.local/lib/python3.8/site-packages/airflow/example_dags/example_skip_dag.py took 0.066 seconds
[2024-10-14T21:46:06.950+0000] {processor.py:161} INFO - Started process (PID=381) to work on /home/airflow/.local/lib/python3.8/site-packages/airflow/example_dags/example_skip_dag.py
[2024-10-14T21:46:06.951+0000] {processor.py:830} INFO - Processing file /home/airflow/.local/lib/python3.8/site-packages/airflow/example_dags/example_skip_dag.py for tasks to queue
[2024-10-14T21:46:06.952+0000] {logging_mixin.py:188} INFO - [2024-10-14T21:46:06.952+0000] {dagbag.py:538} INFO - Filling up the DagBag from /home/airflow/.local/lib/python3.8/site-packages/airflow/example_dags/example_skip_dag.py
[2024-10-14T21:46:06.957+0000] {processor.py:840} INFO - DAG(s) 'example_skip_dag' retrieved from /home/airflow/.local/lib/python3.8/site-packages/airflow/example_dags/example_skip_dag.py
[2024-10-14T21:46:06.971+0000] {logging_mixin.py:188} INFO - [2024-10-14T21:46:06.970+0000] {dag.py:3036} INFO - Sync 1 DAGs
[2024-10-14T21:46:06.986+0000] {logging_mixin.py:188} INFO - [2024-10-14T21:46:06.985+0000] {dag.py:3823} INFO - Setting next_dagrun for example_skip_dag to 2024-10-13 00:00:00+00:00, run_after=2024-10-14 00:00:00+00:00
[2024-10-14T21:46:07.000+0000] {processor.py:183} INFO - Processing /home/airflow/.local/lib/python3.8/site-packages/airflow/example_dags/example_skip_dag.py took 0.052 seconds
[2024-10-14T21:46:37.270+0000] {processor.py:161} INFO - Started process (PID=455) to work on /home/airflow/.local/lib/python3.8/site-packages/airflow/example_dags/example_skip_dag.py
[2024-10-14T21:46:37.271+0000] {processor.py:830} INFO - Processing file /home/airflow/.local/lib/python3.8/site-packages/airflow/example_dags/example_skip_dag.py for tasks to queue
[2024-10-14T21:46:37.273+0000] {logging_mixin.py:188} INFO - [2024-10-14T21:46:37.272+0000] {dagbag.py:538} INFO - Filling up the DagBag from /home/airflow/.local/lib/python3.8/site-packages/airflow/example_dags/example_skip_dag.py
[2024-10-14T21:46:37.278+0000] {processor.py:840} INFO - DAG(s) 'example_skip_dag' retrieved from /home/airflow/.local/lib/python3.8/site-packages/airflow/example_dags/example_skip_dag.py
[2024-10-14T21:46:37.296+0000] {logging_mixin.py:188} INFO - [2024-10-14T21:46:37.295+0000] {dag.py:3036} INFO - Sync 1 DAGs
[2024-10-14T21:46:37.317+0000] {logging_mixin.py:188} INFO - [2024-10-14T21:46:37.317+0000] {dag.py:3823} INFO - Setting next_dagrun for example_skip_dag to 2024-10-13 00:00:00+00:00, run_after=2024-10-14 00:00:00+00:00
[2024-10-14T21:46:37.343+0000] {processor.py:183} INFO - Processing /home/airflow/.local/lib/python3.8/site-packages/airflow/example_dags/example_skip_dag.py took 0.076 seconds
[2024-10-14T21:50:42.882+0000] {processor.py:161} INFO - Started process (PID=110) to work on /home/airflow/.local/lib/python3.8/site-packages/airflow/example_dags/example_skip_dag.py
[2024-10-14T21:50:42.885+0000] {processor.py:830} INFO - Processing file /home/airflow/.local/lib/python3.8/site-packages/airflow/example_dags/example_skip_dag.py for tasks to queue
[2024-10-14T21:50:42.890+0000] {logging_mixin.py:188} INFO - [2024-10-14T21:50:42.888+0000] {dagbag.py:538} INFO - Filling up the DagBag from /home/airflow/.local/lib/python3.8/site-packages/airflow/example_dags/example_skip_dag.py
[2024-10-14T21:50:42.904+0000] {processor.py:840} INFO - DAG(s) 'example_skip_dag' retrieved from /home/airflow/.local/lib/python3.8/site-packages/airflow/example_dags/example_skip_dag.py
[2024-10-14T21:50:42.930+0000] {logging_mixin.py:188} INFO - [2024-10-14T21:50:42.929+0000] {dag.py:3036} INFO - Sync 1 DAGs
[2024-10-14T21:50:42.981+0000] {logging_mixin.py:188} INFO - [2024-10-14T21:50:42.981+0000] {dag.py:3823} INFO - Setting next_dagrun for example_skip_dag to 2024-10-13 00:00:00+00:00, run_after=2024-10-14 00:00:00+00:00
[2024-10-14T21:50:43.020+0000] {processor.py:183} INFO - Processing /home/airflow/.local/lib/python3.8/site-packages/airflow/example_dags/example_skip_dag.py took 0.143 seconds
[2024-10-14T21:51:13.756+0000] {processor.py:161} INFO - Started process (PID=184) to work on /home/airflow/.local/lib/python3.8/site-packages/airflow/example_dags/example_skip_dag.py
[2024-10-14T21:51:13.757+0000] {processor.py:830} INFO - Processing file /home/airflow/.local/lib/python3.8/site-packages/airflow/example_dags/example_skip_dag.py for tasks to queue
[2024-10-14T21:51:13.758+0000] {logging_mixin.py:188} INFO - [2024-10-14T21:51:13.758+0000] {dagbag.py:538} INFO - Filling up the DagBag from /home/airflow/.local/lib/python3.8/site-packages/airflow/example_dags/example_skip_dag.py
[2024-10-14T21:51:13.762+0000] {processor.py:840} INFO - DAG(s) 'example_skip_dag' retrieved from /home/airflow/.local/lib/python3.8/site-packages/airflow/example_dags/example_skip_dag.py
[2024-10-14T21:51:13.839+0000] {logging_mixin.py:188} INFO - [2024-10-14T21:51:13.839+0000] {dag.py:3036} INFO - Sync 1 DAGs
[2024-10-14T21:51:13.853+0000] {logging_mixin.py:188} INFO - [2024-10-14T21:51:13.853+0000] {dag.py:3823} INFO - Setting next_dagrun for example_skip_dag to 2024-10-13 00:00:00+00:00, run_after=2024-10-14 00:00:00+00:00
[2024-10-14T21:51:13.866+0000] {processor.py:183} INFO - Processing /home/airflow/.local/lib/python3.8/site-packages/airflow/example_dags/example_skip_dag.py took 0.112 seconds
[2024-10-14T21:51:44.086+0000] {processor.py:161} INFO - Started process (PID=255) to work on /home/airflow/.local/lib/python3.8/site-packages/airflow/example_dags/example_skip_dag.py
[2024-10-14T21:51:44.086+0000] {processor.py:830} INFO - Processing file /home/airflow/.local/lib/python3.8/site-packages/airflow/example_dags/example_skip_dag.py for tasks to queue
[2024-10-14T21:51:44.088+0000] {logging_mixin.py:188} INFO - [2024-10-14T21:51:44.088+0000] {dagbag.py:538} INFO - Filling up the DagBag from /home/airflow/.local/lib/python3.8/site-packages/airflow/example_dags/example_skip_dag.py
[2024-10-14T21:51:44.093+0000] {processor.py:840} INFO - DAG(s) 'example_skip_dag' retrieved from /home/airflow/.local/lib/python3.8/site-packages/airflow/example_dags/example_skip_dag.py
[2024-10-14T21:51:44.109+0000] {logging_mixin.py:188} INFO - [2024-10-14T21:51:44.109+0000] {dag.py:3036} INFO - Sync 1 DAGs
[2024-10-14T21:51:44.128+0000] {logging_mixin.py:188} INFO - [2024-10-14T21:51:44.128+0000] {dag.py:3823} INFO - Setting next_dagrun for example_skip_dag to 2024-10-13 00:00:00+00:00, run_after=2024-10-14 00:00:00+00:00
[2024-10-14T21:51:44.145+0000] {processor.py:183} INFO - Processing /home/airflow/.local/lib/python3.8/site-packages/airflow/example_dags/example_skip_dag.py took 0.061 seconds
[2024-10-14T21:52:14.471+0000] {processor.py:161} INFO - Started process (PID=330) to work on /home/airflow/.local/lib/python3.8/site-packages/airflow/example_dags/example_skip_dag.py
[2024-10-14T21:52:14.472+0000] {processor.py:830} INFO - Processing file /home/airflow/.local/lib/python3.8/site-packages/airflow/example_dags/example_skip_dag.py for tasks to queue
[2024-10-14T21:52:14.473+0000] {logging_mixin.py:188} INFO - [2024-10-14T21:52:14.473+0000] {dagbag.py:538} INFO - Filling up the DagBag from /home/airflow/.local/lib/python3.8/site-packages/airflow/example_dags/example_skip_dag.py
[2024-10-14T21:52:14.478+0000] {processor.py:840} INFO - DAG(s) 'example_skip_dag' retrieved from /home/airflow/.local/lib/python3.8/site-packages/airflow/example_dags/example_skip_dag.py
[2024-10-14T21:52:14.496+0000] {logging_mixin.py:188} INFO - [2024-10-14T21:52:14.495+0000] {dag.py:3036} INFO - Sync 1 DAGs
[2024-10-14T21:52:14.512+0000] {logging_mixin.py:188} INFO - [2024-10-14T21:52:14.511+0000] {dag.py:3823} INFO - Setting next_dagrun for example_skip_dag to 2024-10-13 00:00:00+00:00, run_after=2024-10-14 00:00:00+00:00
[2024-10-14T21:52:14.525+0000] {processor.py:183} INFO - Processing /home/airflow/.local/lib/python3.8/site-packages/airflow/example_dags/example_skip_dag.py took 0.056 seconds
[2024-10-14T21:52:45.359+0000] {processor.py:161} INFO - Started process (PID=411) to work on /home/airflow/.local/lib/python3.8/site-packages/airflow/example_dags/example_skip_dag.py
[2024-10-14T21:52:45.360+0000] {processor.py:830} INFO - Processing file /home/airflow/.local/lib/python3.8/site-packages/airflow/example_dags/example_skip_dag.py for tasks to queue
[2024-10-14T21:52:45.362+0000] {logging_mixin.py:188} INFO - [2024-10-14T21:52:45.361+0000] {dagbag.py:538} INFO - Filling up the DagBag from /home/airflow/.local/lib/python3.8/site-packages/airflow/example_dags/example_skip_dag.py
[2024-10-14T21:52:45.372+0000] {processor.py:840} INFO - DAG(s) 'example_skip_dag' retrieved from /home/airflow/.local/lib/python3.8/site-packages/airflow/example_dags/example_skip_dag.py
[2024-10-14T21:52:45.407+0000] {logging_mixin.py:188} INFO - [2024-10-14T21:52:45.406+0000] {dag.py:3036} INFO - Sync 1 DAGs
[2024-10-14T21:52:45.439+0000] {logging_mixin.py:188} INFO - [2024-10-14T21:52:45.439+0000] {dag.py:3823} INFO - Setting next_dagrun for example_skip_dag to 2024-10-13 00:00:00+00:00, run_after=2024-10-14 00:00:00+00:00
[2024-10-14T21:52:45.459+0000] {processor.py:183} INFO - Processing /home/airflow/.local/lib/python3.8/site-packages/airflow/example_dags/example_skip_dag.py took 0.103 seconds
[2024-10-14T21:53:15.630+0000] {processor.py:161} INFO - Started process (PID=484) to work on /home/airflow/.local/lib/python3.8/site-packages/airflow/example_dags/example_skip_dag.py
[2024-10-14T21:53:15.632+0000] {processor.py:830} INFO - Processing file /home/airflow/.local/lib/python3.8/site-packages/airflow/example_dags/example_skip_dag.py for tasks to queue
[2024-10-14T21:53:15.637+0000] {logging_mixin.py:188} INFO - [2024-10-14T21:53:15.636+0000] {dagbag.py:538} INFO - Filling up the DagBag from /home/airflow/.local/lib/python3.8/site-packages/airflow/example_dags/example_skip_dag.py
[2024-10-14T21:53:15.643+0000] {processor.py:840} INFO - DAG(s) 'example_skip_dag' retrieved from /home/airflow/.local/lib/python3.8/site-packages/airflow/example_dags/example_skip_dag.py
[2024-10-14T21:53:15.668+0000] {logging_mixin.py:188} INFO - [2024-10-14T21:53:15.667+0000] {dag.py:3036} INFO - Sync 1 DAGs
[2024-10-14T21:53:15.690+0000] {logging_mixin.py:188} INFO - [2024-10-14T21:53:15.690+0000] {dag.py:3823} INFO - Setting next_dagrun for example_skip_dag to 2024-10-13 00:00:00+00:00, run_after=2024-10-14 00:00:00+00:00
[2024-10-14T21:53:15.710+0000] {processor.py:183} INFO - Processing /home/airflow/.local/lib/python3.8/site-packages/airflow/example_dags/example_skip_dag.py took 0.082 seconds
[2024-10-14T21:53:45.960+0000] {processor.py:161} INFO - Started process (PID=565) to work on /home/airflow/.local/lib/python3.8/site-packages/airflow/example_dags/example_skip_dag.py
[2024-10-14T21:53:45.961+0000] {processor.py:830} INFO - Processing file /home/airflow/.local/lib/python3.8/site-packages/airflow/example_dags/example_skip_dag.py for tasks to queue
[2024-10-14T21:53:45.962+0000] {logging_mixin.py:188} INFO - [2024-10-14T21:53:45.962+0000] {dagbag.py:538} INFO - Filling up the DagBag from /home/airflow/.local/lib/python3.8/site-packages/airflow/example_dags/example_skip_dag.py
[2024-10-14T21:53:45.972+0000] {processor.py:840} INFO - DAG(s) 'example_skip_dag' retrieved from /home/airflow/.local/lib/python3.8/site-packages/airflow/example_dags/example_skip_dag.py
[2024-10-14T21:53:45.991+0000] {logging_mixin.py:188} INFO - [2024-10-14T21:53:45.991+0000] {dag.py:3036} INFO - Sync 1 DAGs
[2024-10-14T21:53:46.015+0000] {logging_mixin.py:188} INFO - [2024-10-14T21:53:46.014+0000] {dag.py:3823} INFO - Setting next_dagrun for example_skip_dag to 2024-10-13 00:00:00+00:00, run_after=2024-10-14 00:00:00+00:00
[2024-10-14T21:53:46.044+0000] {processor.py:183} INFO - Processing /home/airflow/.local/lib/python3.8/site-packages/airflow/example_dags/example_skip_dag.py took 0.086 seconds
[2024-10-14T21:54:16.485+0000] {processor.py:161} INFO - Started process (PID=648) to work on /home/airflow/.local/lib/python3.8/site-packages/airflow/example_dags/example_skip_dag.py
[2024-10-14T21:54:16.487+0000] {processor.py:830} INFO - Processing file /home/airflow/.local/lib/python3.8/site-packages/airflow/example_dags/example_skip_dag.py for tasks to queue
[2024-10-14T21:54:16.488+0000] {logging_mixin.py:188} INFO - [2024-10-14T21:54:16.488+0000] {dagbag.py:538} INFO - Filling up the DagBag from /home/airflow/.local/lib/python3.8/site-packages/airflow/example_dags/example_skip_dag.py
[2024-10-14T21:54:16.493+0000] {processor.py:840} INFO - DAG(s) 'example_skip_dag' retrieved from /home/airflow/.local/lib/python3.8/site-packages/airflow/example_dags/example_skip_dag.py
[2024-10-14T21:54:16.513+0000] {logging_mixin.py:188} INFO - [2024-10-14T21:54:16.512+0000] {dag.py:3036} INFO - Sync 1 DAGs
[2024-10-14T21:54:16.539+0000] {logging_mixin.py:188} INFO - [2024-10-14T21:54:16.538+0000] {dag.py:3823} INFO - Setting next_dagrun for example_skip_dag to 2024-10-13 00:00:00+00:00, run_after=2024-10-14 00:00:00+00:00
[2024-10-14T21:54:16.558+0000] {processor.py:183} INFO - Processing /home/airflow/.local/lib/python3.8/site-packages/airflow/example_dags/example_skip_dag.py took 0.078 seconds
[2024-10-14T21:58:42.645+0000] {processor.py:161} INFO - Started process (PID=101) to work on /home/airflow/.local/lib/python3.8/site-packages/airflow/example_dags/example_skip_dag.py
[2024-10-14T21:58:42.647+0000] {processor.py:830} INFO - Processing file /home/airflow/.local/lib/python3.8/site-packages/airflow/example_dags/example_skip_dag.py for tasks to queue
[2024-10-14T21:58:42.649+0000] {logging_mixin.py:188} INFO - [2024-10-14T21:58:42.648+0000] {dagbag.py:538} INFO - Filling up the DagBag from /home/airflow/.local/lib/python3.8/site-packages/airflow/example_dags/example_skip_dag.py
[2024-10-14T21:58:42.668+0000] {processor.py:840} INFO - DAG(s) 'example_skip_dag' retrieved from /home/airflow/.local/lib/python3.8/site-packages/airflow/example_dags/example_skip_dag.py
[2024-10-14T21:58:42.696+0000] {logging_mixin.py:188} INFO - [2024-10-14T21:58:42.695+0000] {dag.py:3036} INFO - Sync 1 DAGs
[2024-10-14T21:58:42.733+0000] {logging_mixin.py:188} INFO - [2024-10-14T21:58:42.732+0000] {dag.py:3823} INFO - Setting next_dagrun for example_skip_dag to 2024-10-13 00:00:00+00:00, run_after=2024-10-14 00:00:00+00:00
[2024-10-14T21:58:42.772+0000] {processor.py:183} INFO - Processing /home/airflow/.local/lib/python3.8/site-packages/airflow/example_dags/example_skip_dag.py took 0.130 seconds
[2024-10-14T21:59:13.876+0000] {processor.py:161} INFO - Started process (PID=176) to work on /home/airflow/.local/lib/python3.8/site-packages/airflow/example_dags/example_skip_dag.py
[2024-10-14T21:59:13.878+0000] {processor.py:830} INFO - Processing file /home/airflow/.local/lib/python3.8/site-packages/airflow/example_dags/example_skip_dag.py for tasks to queue
[2024-10-14T21:59:13.880+0000] {logging_mixin.py:188} INFO - [2024-10-14T21:59:13.880+0000] {dagbag.py:538} INFO - Filling up the DagBag from /home/airflow/.local/lib/python3.8/site-packages/airflow/example_dags/example_skip_dag.py
[2024-10-14T21:59:13.889+0000] {processor.py:840} INFO - DAG(s) 'example_skip_dag' retrieved from /home/airflow/.local/lib/python3.8/site-packages/airflow/example_dags/example_skip_dag.py
[2024-10-14T21:59:14.027+0000] {logging_mixin.py:188} INFO - [2024-10-14T21:59:14.027+0000] {dag.py:3036} INFO - Sync 1 DAGs
[2024-10-14T21:59:14.059+0000] {logging_mixin.py:188} INFO - [2024-10-14T21:59:14.059+0000] {dag.py:3823} INFO - Setting next_dagrun for example_skip_dag to 2024-10-13 00:00:00+00:00, run_after=2024-10-14 00:00:00+00:00
[2024-10-14T21:59:14.093+0000] {processor.py:183} INFO - Processing /home/airflow/.local/lib/python3.8/site-packages/airflow/example_dags/example_skip_dag.py took 0.226 seconds
[2024-10-14T21:59:44.223+0000] {processor.py:161} INFO - Started process (PID=248) to work on /home/airflow/.local/lib/python3.8/site-packages/airflow/example_dags/example_skip_dag.py
[2024-10-14T21:59:44.224+0000] {processor.py:830} INFO - Processing file /home/airflow/.local/lib/python3.8/site-packages/airflow/example_dags/example_skip_dag.py for tasks to queue
[2024-10-14T21:59:44.225+0000] {logging_mixin.py:188} INFO - [2024-10-14T21:59:44.225+0000] {dagbag.py:538} INFO - Filling up the DagBag from /home/airflow/.local/lib/python3.8/site-packages/airflow/example_dags/example_skip_dag.py
[2024-10-14T21:59:44.230+0000] {processor.py:840} INFO - DAG(s) 'example_skip_dag' retrieved from /home/airflow/.local/lib/python3.8/site-packages/airflow/example_dags/example_skip_dag.py
[2024-10-14T21:59:44.244+0000] {logging_mixin.py:188} INFO - [2024-10-14T21:59:44.244+0000] {dag.py:3036} INFO - Sync 1 DAGs
[2024-10-14T21:59:44.258+0000] {logging_mixin.py:188} INFO - [2024-10-14T21:59:44.258+0000] {dag.py:3823} INFO - Setting next_dagrun for example_skip_dag to 2024-10-13 00:00:00+00:00, run_after=2024-10-14 00:00:00+00:00
[2024-10-14T21:59:44.271+0000] {processor.py:183} INFO - Processing /home/airflow/.local/lib/python3.8/site-packages/airflow/example_dags/example_skip_dag.py took 0.050 seconds
[2024-10-14T22:00:14.755+0000] {processor.py:161} INFO - Started process (PID=330) to work on /home/airflow/.local/lib/python3.8/site-packages/airflow/example_dags/example_skip_dag.py
[2024-10-14T22:00:14.756+0000] {processor.py:830} INFO - Processing file /home/airflow/.local/lib/python3.8/site-packages/airflow/example_dags/example_skip_dag.py for tasks to queue
[2024-10-14T22:00:14.758+0000] {logging_mixin.py:188} INFO - [2024-10-14T22:00:14.757+0000] {dagbag.py:538} INFO - Filling up the DagBag from /home/airflow/.local/lib/python3.8/site-packages/airflow/example_dags/example_skip_dag.py
[2024-10-14T22:00:14.762+0000] {processor.py:840} INFO - DAG(s) 'example_skip_dag' retrieved from /home/airflow/.local/lib/python3.8/site-packages/airflow/example_dags/example_skip_dag.py
[2024-10-14T22:00:14.778+0000] {logging_mixin.py:188} INFO - [2024-10-14T22:00:14.778+0000] {dag.py:3036} INFO - Sync 1 DAGs
[2024-10-14T22:00:14.792+0000] {logging_mixin.py:188} INFO - [2024-10-14T22:00:14.792+0000] {dag.py:3823} INFO - Setting next_dagrun for example_skip_dag to 2024-10-13 00:00:00+00:00, run_after=2024-10-14 00:00:00+00:00
[2024-10-14T22:00:14.803+0000] {processor.py:183} INFO - Processing /home/airflow/.local/lib/python3.8/site-packages/airflow/example_dags/example_skip_dag.py took 0.050 seconds
[2024-10-14T22:00:45.248+0000] {processor.py:161} INFO - Started process (PID=404) to work on /home/airflow/.local/lib/python3.8/site-packages/airflow/example_dags/example_skip_dag.py
[2024-10-14T22:00:45.249+0000] {processor.py:830} INFO - Processing file /home/airflow/.local/lib/python3.8/site-packages/airflow/example_dags/example_skip_dag.py for tasks to queue
[2024-10-14T22:00:45.250+0000] {logging_mixin.py:188} INFO - [2024-10-14T22:00:45.250+0000] {dagbag.py:538} INFO - Filling up the DagBag from /home/airflow/.local/lib/python3.8/site-packages/airflow/example_dags/example_skip_dag.py
[2024-10-14T22:00:45.262+0000] {processor.py:840} INFO - DAG(s) 'example_skip_dag' retrieved from /home/airflow/.local/lib/python3.8/site-packages/airflow/example_dags/example_skip_dag.py
[2024-10-14T22:00:45.281+0000] {logging_mixin.py:188} INFO - [2024-10-14T22:00:45.281+0000] {dag.py:3036} INFO - Sync 1 DAGs
[2024-10-14T22:00:45.299+0000] {logging_mixin.py:188} INFO - [2024-10-14T22:00:45.299+0000] {dag.py:3823} INFO - Setting next_dagrun for example_skip_dag to 2024-10-13 00:00:00+00:00, run_after=2024-10-14 00:00:00+00:00
[2024-10-14T22:00:45.318+0000] {processor.py:183} INFO - Processing /home/airflow/.local/lib/python3.8/site-packages/airflow/example_dags/example_skip_dag.py took 0.073 seconds
[2024-10-14T22:01:15.479+0000] {processor.py:161} INFO - Started process (PID=486) to work on /home/airflow/.local/lib/python3.8/site-packages/airflow/example_dags/example_skip_dag.py
[2024-10-14T22:01:15.481+0000] {processor.py:830} INFO - Processing file /home/airflow/.local/lib/python3.8/site-packages/airflow/example_dags/example_skip_dag.py for tasks to queue
[2024-10-14T22:01:15.482+0000] {logging_mixin.py:188} INFO - [2024-10-14T22:01:15.482+0000] {dagbag.py:538} INFO - Filling up the DagBag from /home/airflow/.local/lib/python3.8/site-packages/airflow/example_dags/example_skip_dag.py
[2024-10-14T22:01:15.494+0000] {processor.py:840} INFO - DAG(s) 'example_skip_dag' retrieved from /home/airflow/.local/lib/python3.8/site-packages/airflow/example_dags/example_skip_dag.py
[2024-10-14T22:01:15.525+0000] {logging_mixin.py:188} INFO - [2024-10-14T22:01:15.524+0000] {dag.py:3036} INFO - Sync 1 DAGs
[2024-10-14T22:01:15.552+0000] {logging_mixin.py:188} INFO - [2024-10-14T22:01:15.551+0000] {dag.py:3823} INFO - Setting next_dagrun for example_skip_dag to 2024-10-13 00:00:00+00:00, run_after=2024-10-14 00:00:00+00:00
[2024-10-14T22:01:15.579+0000] {processor.py:183} INFO - Processing /home/airflow/.local/lib/python3.8/site-packages/airflow/example_dags/example_skip_dag.py took 0.102 seconds
[2024-10-14T22:01:45.900+0000] {processor.py:161} INFO - Started process (PID=560) to work on /home/airflow/.local/lib/python3.8/site-packages/airflow/example_dags/example_skip_dag.py
[2024-10-14T22:01:45.901+0000] {processor.py:830} INFO - Processing file /home/airflow/.local/lib/python3.8/site-packages/airflow/example_dags/example_skip_dag.py for tasks to queue
[2024-10-14T22:01:45.906+0000] {logging_mixin.py:188} INFO - [2024-10-14T22:01:45.905+0000] {dagbag.py:538} INFO - Filling up the DagBag from /home/airflow/.local/lib/python3.8/site-packages/airflow/example_dags/example_skip_dag.py
[2024-10-14T22:01:45.913+0000] {processor.py:840} INFO - DAG(s) 'example_skip_dag' retrieved from /home/airflow/.local/lib/python3.8/site-packages/airflow/example_dags/example_skip_dag.py
[2024-10-14T22:01:45.932+0000] {logging_mixin.py:188} INFO - [2024-10-14T22:01:45.932+0000] {dag.py:3036} INFO - Sync 1 DAGs
[2024-10-14T22:01:45.950+0000] {logging_mixin.py:188} INFO - [2024-10-14T22:01:45.950+0000] {dag.py:3823} INFO - Setting next_dagrun for example_skip_dag to 2024-10-13 00:00:00+00:00, run_after=2024-10-14 00:00:00+00:00
[2024-10-14T22:01:45.967+0000] {processor.py:183} INFO - Processing /home/airflow/.local/lib/python3.8/site-packages/airflow/example_dags/example_skip_dag.py took 0.070 seconds
[2024-10-14T22:02:16.293+0000] {processor.py:161} INFO - Started process (PID=634) to work on /home/airflow/.local/lib/python3.8/site-packages/airflow/example_dags/example_skip_dag.py
[2024-10-14T22:02:16.294+0000] {processor.py:830} INFO - Processing file /home/airflow/.local/lib/python3.8/site-packages/airflow/example_dags/example_skip_dag.py for tasks to queue
[2024-10-14T22:02:16.295+0000] {logging_mixin.py:188} INFO - [2024-10-14T22:02:16.295+0000] {dagbag.py:538} INFO - Filling up the DagBag from /home/airflow/.local/lib/python3.8/site-packages/airflow/example_dags/example_skip_dag.py
[2024-10-14T22:02:16.301+0000] {processor.py:840} INFO - DAG(s) 'example_skip_dag' retrieved from /home/airflow/.local/lib/python3.8/site-packages/airflow/example_dags/example_skip_dag.py
[2024-10-14T22:02:16.330+0000] {logging_mixin.py:188} INFO - [2024-10-14T22:02:16.330+0000] {dag.py:3036} INFO - Sync 1 DAGs
[2024-10-14T22:02:16.352+0000] {logging_mixin.py:188} INFO - [2024-10-14T22:02:16.352+0000] {dag.py:3823} INFO - Setting next_dagrun for example_skip_dag to 2024-10-13 00:00:00+00:00, run_after=2024-10-14 00:00:00+00:00
[2024-10-14T22:02:16.370+0000] {processor.py:183} INFO - Processing /home/airflow/.local/lib/python3.8/site-packages/airflow/example_dags/example_skip_dag.py took 0.083 seconds
[2024-10-14T22:02:47.022+0000] {processor.py:161} INFO - Started process (PID=716) to work on /home/airflow/.local/lib/python3.8/site-packages/airflow/example_dags/example_skip_dag.py
[2024-10-14T22:02:47.025+0000] {processor.py:830} INFO - Processing file /home/airflow/.local/lib/python3.8/site-packages/airflow/example_dags/example_skip_dag.py for tasks to queue
[2024-10-14T22:02:47.026+0000] {logging_mixin.py:188} INFO - [2024-10-14T22:02:47.026+0000] {dagbag.py:538} INFO - Filling up the DagBag from /home/airflow/.local/lib/python3.8/site-packages/airflow/example_dags/example_skip_dag.py
[2024-10-14T22:02:47.031+0000] {processor.py:840} INFO - DAG(s) 'example_skip_dag' retrieved from /home/airflow/.local/lib/python3.8/site-packages/airflow/example_dags/example_skip_dag.py
[2024-10-14T22:02:47.048+0000] {logging_mixin.py:188} INFO - [2024-10-14T22:02:47.048+0000] {dag.py:3036} INFO - Sync 1 DAGs
[2024-10-14T22:02:47.065+0000] {logging_mixin.py:188} INFO - [2024-10-14T22:02:47.065+0000] {dag.py:3823} INFO - Setting next_dagrun for example_skip_dag to 2024-10-13 00:00:00+00:00, run_after=2024-10-14 00:00:00+00:00
[2024-10-14T22:02:47.081+0000] {processor.py:183} INFO - Processing /home/airflow/.local/lib/python3.8/site-packages/airflow/example_dags/example_skip_dag.py took 0.064 seconds
[2024-10-14T22:03:17.624+0000] {processor.py:161} INFO - Started process (PID=790) to work on /home/airflow/.local/lib/python3.8/site-packages/airflow/example_dags/example_skip_dag.py
[2024-10-14T22:03:17.627+0000] {processor.py:830} INFO - Processing file /home/airflow/.local/lib/python3.8/site-packages/airflow/example_dags/example_skip_dag.py for tasks to queue
[2024-10-14T22:03:17.629+0000] {logging_mixin.py:188} INFO - [2024-10-14T22:03:17.629+0000] {dagbag.py:538} INFO - Filling up the DagBag from /home/airflow/.local/lib/python3.8/site-packages/airflow/example_dags/example_skip_dag.py
[2024-10-14T22:03:17.641+0000] {processor.py:840} INFO - DAG(s) 'example_skip_dag' retrieved from /home/airflow/.local/lib/python3.8/site-packages/airflow/example_dags/example_skip_dag.py
[2024-10-14T22:03:17.709+0000] {logging_mixin.py:188} INFO - [2024-10-14T22:03:17.708+0000] {dag.py:3036} INFO - Sync 1 DAGs
[2024-10-14T22:03:17.768+0000] {logging_mixin.py:188} INFO - [2024-10-14T22:03:17.768+0000] {dag.py:3823} INFO - Setting next_dagrun for example_skip_dag to 2024-10-13 00:00:00+00:00, run_after=2024-10-14 00:00:00+00:00
[2024-10-14T22:03:17.841+0000] {processor.py:183} INFO - Processing /home/airflow/.local/lib/python3.8/site-packages/airflow/example_dags/example_skip_dag.py took 0.224 seconds
[2024-10-14T22:03:48.391+0000] {processor.py:161} INFO - Started process (PID=871) to work on /home/airflow/.local/lib/python3.8/site-packages/airflow/example_dags/example_skip_dag.py
[2024-10-14T22:03:48.392+0000] {processor.py:830} INFO - Processing file /home/airflow/.local/lib/python3.8/site-packages/airflow/example_dags/example_skip_dag.py for tasks to queue
[2024-10-14T22:03:48.394+0000] {logging_mixin.py:188} INFO - [2024-10-14T22:03:48.393+0000] {dagbag.py:538} INFO - Filling up the DagBag from /home/airflow/.local/lib/python3.8/site-packages/airflow/example_dags/example_skip_dag.py
[2024-10-14T22:03:48.399+0000] {processor.py:840} INFO - DAG(s) 'example_skip_dag' retrieved from /home/airflow/.local/lib/python3.8/site-packages/airflow/example_dags/example_skip_dag.py
[2024-10-14T22:03:48.413+0000] {logging_mixin.py:188} INFO - [2024-10-14T22:03:48.413+0000] {dag.py:3036} INFO - Sync 1 DAGs
[2024-10-14T22:03:48.427+0000] {logging_mixin.py:188} INFO - [2024-10-14T22:03:48.427+0000] {dag.py:3823} INFO - Setting next_dagrun for example_skip_dag to 2024-10-13 00:00:00+00:00, run_after=2024-10-14 00:00:00+00:00
[2024-10-14T22:03:48.439+0000] {processor.py:183} INFO - Processing /home/airflow/.local/lib/python3.8/site-packages/airflow/example_dags/example_skip_dag.py took 0.050 seconds
[2024-10-14T22:04:18.753+0000] {processor.py:161} INFO - Started process (PID=945) to work on /home/airflow/.local/lib/python3.8/site-packages/airflow/example_dags/example_skip_dag.py
[2024-10-14T22:04:18.754+0000] {processor.py:830} INFO - Processing file /home/airflow/.local/lib/python3.8/site-packages/airflow/example_dags/example_skip_dag.py for tasks to queue
[2024-10-14T22:04:18.760+0000] {logging_mixin.py:188} INFO - [2024-10-14T22:04:18.759+0000] {dagbag.py:538} INFO - Filling up the DagBag from /home/airflow/.local/lib/python3.8/site-packages/airflow/example_dags/example_skip_dag.py
[2024-10-14T22:04:18.767+0000] {processor.py:840} INFO - DAG(s) 'example_skip_dag' retrieved from /home/airflow/.local/lib/python3.8/site-packages/airflow/example_dags/example_skip_dag.py
[2024-10-14T22:04:18.782+0000] {logging_mixin.py:188} INFO - [2024-10-14T22:04:18.782+0000] {dag.py:3036} INFO - Sync 1 DAGs
[2024-10-14T22:04:18.813+0000] {logging_mixin.py:188} INFO - [2024-10-14T22:04:18.813+0000] {dag.py:3823} INFO - Setting next_dagrun for example_skip_dag to 2024-10-13 00:00:00+00:00, run_after=2024-10-14 00:00:00+00:00
[2024-10-14T22:04:18.834+0000] {processor.py:183} INFO - Processing /home/airflow/.local/lib/python3.8/site-packages/airflow/example_dags/example_skip_dag.py took 0.085 seconds
[2024-10-14T22:04:49.445+0000] {processor.py:161} INFO - Started process (PID=1025) to work on /home/airflow/.local/lib/python3.8/site-packages/airflow/example_dags/example_skip_dag.py
[2024-10-14T22:04:49.446+0000] {processor.py:830} INFO - Processing file /home/airflow/.local/lib/python3.8/site-packages/airflow/example_dags/example_skip_dag.py for tasks to queue
[2024-10-14T22:04:49.447+0000] {logging_mixin.py:188} INFO - [2024-10-14T22:04:49.447+0000] {dagbag.py:538} INFO - Filling up the DagBag from /home/airflow/.local/lib/python3.8/site-packages/airflow/example_dags/example_skip_dag.py
[2024-10-14T22:04:49.453+0000] {processor.py:840} INFO - DAG(s) 'example_skip_dag' retrieved from /home/airflow/.local/lib/python3.8/site-packages/airflow/example_dags/example_skip_dag.py
[2024-10-14T22:04:49.475+0000] {logging_mixin.py:188} INFO - [2024-10-14T22:04:49.474+0000] {dag.py:3036} INFO - Sync 1 DAGs
[2024-10-14T22:04:49.498+0000] {logging_mixin.py:188} INFO - [2024-10-14T22:04:49.498+0000] {dag.py:3823} INFO - Setting next_dagrun for example_skip_dag to 2024-10-13 00:00:00+00:00, run_after=2024-10-14 00:00:00+00:00
[2024-10-14T22:04:49.516+0000] {processor.py:183} INFO - Processing /home/airflow/.local/lib/python3.8/site-packages/airflow/example_dags/example_skip_dag.py took 0.073 seconds
[2024-10-14T22:05:20.371+0000] {processor.py:161} INFO - Started process (PID=1099) to work on /home/airflow/.local/lib/python3.8/site-packages/airflow/example_dags/example_skip_dag.py
[2024-10-14T22:05:20.373+0000] {processor.py:830} INFO - Processing file /home/airflow/.local/lib/python3.8/site-packages/airflow/example_dags/example_skip_dag.py for tasks to queue
[2024-10-14T22:05:20.374+0000] {logging_mixin.py:188} INFO - [2024-10-14T22:05:20.374+0000] {dagbag.py:538} INFO - Filling up the DagBag from /home/airflow/.local/lib/python3.8/site-packages/airflow/example_dags/example_skip_dag.py
[2024-10-14T22:05:20.379+0000] {processor.py:840} INFO - DAG(s) 'example_skip_dag' retrieved from /home/airflow/.local/lib/python3.8/site-packages/airflow/example_dags/example_skip_dag.py
[2024-10-14T22:05:20.396+0000] {logging_mixin.py:188} INFO - [2024-10-14T22:05:20.396+0000] {dag.py:3036} INFO - Sync 1 DAGs
[2024-10-14T22:05:20.410+0000] {logging_mixin.py:188} INFO - [2024-10-14T22:05:20.410+0000] {dag.py:3823} INFO - Setting next_dagrun for example_skip_dag to 2024-10-13 00:00:00+00:00, run_after=2024-10-14 00:00:00+00:00
[2024-10-14T22:05:20.423+0000] {processor.py:183} INFO - Processing /home/airflow/.local/lib/python3.8/site-packages/airflow/example_dags/example_skip_dag.py took 0.054 seconds
[2024-10-14T22:05:50.503+0000] {processor.py:161} INFO - Started process (PID=1181) to work on /home/airflow/.local/lib/python3.8/site-packages/airflow/example_dags/example_skip_dag.py
[2024-10-14T22:05:50.504+0000] {processor.py:830} INFO - Processing file /home/airflow/.local/lib/python3.8/site-packages/airflow/example_dags/example_skip_dag.py for tasks to queue
[2024-10-14T22:05:50.506+0000] {logging_mixin.py:188} INFO - [2024-10-14T22:05:50.505+0000] {dagbag.py:538} INFO - Filling up the DagBag from /home/airflow/.local/lib/python3.8/site-packages/airflow/example_dags/example_skip_dag.py
[2024-10-14T22:05:50.513+0000] {processor.py:840} INFO - DAG(s) 'example_skip_dag' retrieved from /home/airflow/.local/lib/python3.8/site-packages/airflow/example_dags/example_skip_dag.py
[2024-10-14T22:05:50.532+0000] {logging_mixin.py:188} INFO - [2024-10-14T22:05:50.532+0000] {dag.py:3036} INFO - Sync 1 DAGs
[2024-10-14T22:05:50.553+0000] {logging_mixin.py:188} INFO - [2024-10-14T22:05:50.553+0000] {dag.py:3823} INFO - Setting next_dagrun for example_skip_dag to 2024-10-13 00:00:00+00:00, run_after=2024-10-14 00:00:00+00:00
[2024-10-14T22:05:50.569+0000] {processor.py:183} INFO - Processing /home/airflow/.local/lib/python3.8/site-packages/airflow/example_dags/example_skip_dag.py took 0.068 seconds
[2024-10-14T22:06:20.624+0000] {processor.py:161} INFO - Started process (PID=1261) to work on /home/airflow/.local/lib/python3.8/site-packages/airflow/example_dags/example_skip_dag.py
[2024-10-14T22:06:20.626+0000] {processor.py:830} INFO - Processing file /home/airflow/.local/lib/python3.8/site-packages/airflow/example_dags/example_skip_dag.py for tasks to queue
[2024-10-14T22:06:20.627+0000] {logging_mixin.py:188} INFO - [2024-10-14T22:06:20.627+0000] {dagbag.py:538} INFO - Filling up the DagBag from /home/airflow/.local/lib/python3.8/site-packages/airflow/example_dags/example_skip_dag.py
[2024-10-14T22:06:20.633+0000] {processor.py:840} INFO - DAG(s) 'example_skip_dag' retrieved from /home/airflow/.local/lib/python3.8/site-packages/airflow/example_dags/example_skip_dag.py
[2024-10-14T22:06:20.648+0000] {logging_mixin.py:188} INFO - [2024-10-14T22:06:20.648+0000] {dag.py:3036} INFO - Sync 1 DAGs
[2024-10-14T22:06:20.663+0000] {logging_mixin.py:188} INFO - [2024-10-14T22:06:20.663+0000] {dag.py:3823} INFO - Setting next_dagrun for example_skip_dag to 2024-10-13 00:00:00+00:00, run_after=2024-10-14 00:00:00+00:00
[2024-10-14T22:06:20.676+0000] {processor.py:183} INFO - Processing /home/airflow/.local/lib/python3.8/site-packages/airflow/example_dags/example_skip_dag.py took 0.055 seconds
[2024-10-14T22:06:50.997+0000] {processor.py:161} INFO - Started process (PID=1337) to work on /home/airflow/.local/lib/python3.8/site-packages/airflow/example_dags/example_skip_dag.py
[2024-10-14T22:06:50.999+0000] {processor.py:830} INFO - Processing file /home/airflow/.local/lib/python3.8/site-packages/airflow/example_dags/example_skip_dag.py for tasks to queue
[2024-10-14T22:06:51.000+0000] {logging_mixin.py:188} INFO - [2024-10-14T22:06:51.000+0000] {dagbag.py:538} INFO - Filling up the DagBag from /home/airflow/.local/lib/python3.8/site-packages/airflow/example_dags/example_skip_dag.py
[2024-10-14T22:06:51.006+0000] {processor.py:840} INFO - DAG(s) 'example_skip_dag' retrieved from /home/airflow/.local/lib/python3.8/site-packages/airflow/example_dags/example_skip_dag.py
[2024-10-14T22:06:51.021+0000] {logging_mixin.py:188} INFO - [2024-10-14T22:06:51.020+0000] {dag.py:3036} INFO - Sync 1 DAGs
[2024-10-14T22:06:51.035+0000] {logging_mixin.py:188} INFO - [2024-10-14T22:06:51.035+0000] {dag.py:3823} INFO - Setting next_dagrun for example_skip_dag to 2024-10-13 00:00:00+00:00, run_after=2024-10-14 00:00:00+00:00
[2024-10-14T22:06:51.047+0000] {processor.py:183} INFO - Processing /home/airflow/.local/lib/python3.8/site-packages/airflow/example_dags/example_skip_dag.py took 0.052 seconds
[2024-10-14T22:07:21.597+0000] {processor.py:161} INFO - Started process (PID=1420) to work on /home/airflow/.local/lib/python3.8/site-packages/airflow/example_dags/example_skip_dag.py
[2024-10-14T22:07:21.598+0000] {processor.py:830} INFO - Processing file /home/airflow/.local/lib/python3.8/site-packages/airflow/example_dags/example_skip_dag.py for tasks to queue
[2024-10-14T22:07:21.599+0000] {logging_mixin.py:188} INFO - [2024-10-14T22:07:21.599+0000] {dagbag.py:538} INFO - Filling up the DagBag from /home/airflow/.local/lib/python3.8/site-packages/airflow/example_dags/example_skip_dag.py
[2024-10-14T22:07:21.605+0000] {processor.py:840} INFO - DAG(s) 'example_skip_dag' retrieved from /home/airflow/.local/lib/python3.8/site-packages/airflow/example_dags/example_skip_dag.py
[2024-10-14T22:07:21.628+0000] {logging_mixin.py:188} INFO - [2024-10-14T22:07:21.628+0000] {dag.py:3036} INFO - Sync 1 DAGs
[2024-10-14T22:07:21.648+0000] {logging_mixin.py:188} INFO - [2024-10-14T22:07:21.648+0000] {dag.py:3823} INFO - Setting next_dagrun for example_skip_dag to 2024-10-13 00:00:00+00:00, run_after=2024-10-14 00:00:00+00:00
[2024-10-14T22:07:21.670+0000] {processor.py:183} INFO - Processing /home/airflow/.local/lib/python3.8/site-packages/airflow/example_dags/example_skip_dag.py took 0.078 seconds
[2024-10-14T22:07:51.775+0000] {processor.py:161} INFO - Started process (PID=1494) to work on /home/airflow/.local/lib/python3.8/site-packages/airflow/example_dags/example_skip_dag.py
[2024-10-14T22:07:51.776+0000] {processor.py:830} INFO - Processing file /home/airflow/.local/lib/python3.8/site-packages/airflow/example_dags/example_skip_dag.py for tasks to queue
[2024-10-14T22:07:51.777+0000] {logging_mixin.py:188} INFO - [2024-10-14T22:07:51.777+0000] {dagbag.py:538} INFO - Filling up the DagBag from /home/airflow/.local/lib/python3.8/site-packages/airflow/example_dags/example_skip_dag.py
[2024-10-14T22:07:51.782+0000] {processor.py:840} INFO - DAG(s) 'example_skip_dag' retrieved from /home/airflow/.local/lib/python3.8/site-packages/airflow/example_dags/example_skip_dag.py
[2024-10-14T22:07:51.801+0000] {logging_mixin.py:188} INFO - [2024-10-14T22:07:51.800+0000] {dag.py:3036} INFO - Sync 1 DAGs
[2024-10-14T22:07:51.819+0000] {logging_mixin.py:188} INFO - [2024-10-14T22:07:51.819+0000] {dag.py:3823} INFO - Setting next_dagrun for example_skip_dag to 2024-10-13 00:00:00+00:00, run_after=2024-10-14 00:00:00+00:00
[2024-10-14T22:07:51.832+0000] {processor.py:183} INFO - Processing /home/airflow/.local/lib/python3.8/site-packages/airflow/example_dags/example_skip_dag.py took 0.059 seconds
[2024-10-14T22:08:22.328+0000] {processor.py:161} INFO - Started process (PID=1576) to work on /home/airflow/.local/lib/python3.8/site-packages/airflow/example_dags/example_skip_dag.py
[2024-10-14T22:08:22.329+0000] {processor.py:830} INFO - Processing file /home/airflow/.local/lib/python3.8/site-packages/airflow/example_dags/example_skip_dag.py for tasks to queue
[2024-10-14T22:08:22.330+0000] {logging_mixin.py:188} INFO - [2024-10-14T22:08:22.330+0000] {dagbag.py:538} INFO - Filling up the DagBag from /home/airflow/.local/lib/python3.8/site-packages/airflow/example_dags/example_skip_dag.py
[2024-10-14T22:08:22.335+0000] {processor.py:840} INFO - DAG(s) 'example_skip_dag' retrieved from /home/airflow/.local/lib/python3.8/site-packages/airflow/example_dags/example_skip_dag.py
[2024-10-14T22:08:22.351+0000] {logging_mixin.py:188} INFO - [2024-10-14T22:08:22.351+0000] {dag.py:3036} INFO - Sync 1 DAGs
[2024-10-14T22:08:22.366+0000] {logging_mixin.py:188} INFO - [2024-10-14T22:08:22.366+0000] {dag.py:3823} INFO - Setting next_dagrun for example_skip_dag to 2024-10-13 00:00:00+00:00, run_after=2024-10-14 00:00:00+00:00
[2024-10-14T22:08:22.381+0000] {processor.py:183} INFO - Processing /home/airflow/.local/lib/python3.8/site-packages/airflow/example_dags/example_skip_dag.py took 0.056 seconds
[2024-10-14T22:08:52.897+0000] {processor.py:161} INFO - Started process (PID=1649) to work on /home/airflow/.local/lib/python3.8/site-packages/airflow/example_dags/example_skip_dag.py
[2024-10-14T22:08:52.898+0000] {processor.py:830} INFO - Processing file /home/airflow/.local/lib/python3.8/site-packages/airflow/example_dags/example_skip_dag.py for tasks to queue
[2024-10-14T22:08:52.899+0000] {logging_mixin.py:188} INFO - [2024-10-14T22:08:52.899+0000] {dagbag.py:538} INFO - Filling up the DagBag from /home/airflow/.local/lib/python3.8/site-packages/airflow/example_dags/example_skip_dag.py
[2024-10-14T22:08:52.904+0000] {processor.py:840} INFO - DAG(s) 'example_skip_dag' retrieved from /home/airflow/.local/lib/python3.8/site-packages/airflow/example_dags/example_skip_dag.py
[2024-10-14T22:08:52.919+0000] {logging_mixin.py:188} INFO - [2024-10-14T22:08:52.919+0000] {dag.py:3036} INFO - Sync 1 DAGs
[2024-10-14T22:08:52.932+0000] {logging_mixin.py:188} INFO - [2024-10-14T22:08:52.932+0000] {dag.py:3823} INFO - Setting next_dagrun for example_skip_dag to 2024-10-13 00:00:00+00:00, run_after=2024-10-14 00:00:00+00:00
[2024-10-14T22:08:52.944+0000] {processor.py:183} INFO - Processing /home/airflow/.local/lib/python3.8/site-packages/airflow/example_dags/example_skip_dag.py took 0.050 seconds
