[2024-10-14T21:19:54.310+0000] {processor.py:161} INFO - Started process (PID=125) to work on /home/airflow/.local/lib/python3.8/site-packages/airflow/example_dags/example_task_group.py
[2024-10-14T21:19:54.311+0000] {processor.py:830} INFO - Processing file /home/airflow/.local/lib/python3.8/site-packages/airflow/example_dags/example_task_group.py for tasks to queue
[2024-10-14T21:19:54.312+0000] {logging_mixin.py:188} INFO - [2024-10-14T21:19:54.312+0000] {dagbag.py:538} INFO - Filling up the DagBag from /home/airflow/.local/lib/python3.8/site-packages/airflow/example_dags/example_task_group.py
[2024-10-14T21:19:54.320+0000] {processor.py:840} INFO - DAG(s) 'example_task_group' retrieved from /home/airflow/.local/lib/python3.8/site-packages/airflow/example_dags/example_task_group.py
[2024-10-14T21:19:54.424+0000] {logging_mixin.py:188} INFO - [2024-10-14T21:19:54.423+0000] {dag.py:3036} INFO - Sync 1 DAGs
[2024-10-14T21:19:54.440+0000] {logging_mixin.py:188} INFO - [2024-10-14T21:19:54.440+0000] {dag.py:3823} INFO - Setting next_dagrun for example_task_group to 2024-10-13 00:00:00+00:00, run_after=2024-10-14 00:00:00+00:00
[2024-10-14T21:19:54.457+0000] {processor.py:183} INFO - Processing /home/airflow/.local/lib/python3.8/site-packages/airflow/example_dags/example_task_group.py took 0.150 seconds
[2024-10-14T21:20:24.485+0000] {processor.py:161} INFO - Started process (PID=199) to work on /home/airflow/.local/lib/python3.8/site-packages/airflow/example_dags/example_task_group.py
[2024-10-14T21:20:24.485+0000] {processor.py:830} INFO - Processing file /home/airflow/.local/lib/python3.8/site-packages/airflow/example_dags/example_task_group.py for tasks to queue
[2024-10-14T21:20:24.487+0000] {logging_mixin.py:188} INFO - [2024-10-14T21:20:24.486+0000] {dagbag.py:538} INFO - Filling up the DagBag from /home/airflow/.local/lib/python3.8/site-packages/airflow/example_dags/example_task_group.py
[2024-10-14T21:20:24.492+0000] {processor.py:840} INFO - DAG(s) 'example_task_group' retrieved from /home/airflow/.local/lib/python3.8/site-packages/airflow/example_dags/example_task_group.py
[2024-10-14T21:20:24.507+0000] {logging_mixin.py:188} INFO - [2024-10-14T21:20:24.507+0000] {dag.py:3036} INFO - Sync 1 DAGs
[2024-10-14T21:20:24.521+0000] {logging_mixin.py:188} INFO - [2024-10-14T21:20:24.521+0000] {dag.py:3823} INFO - Setting next_dagrun for example_task_group to 2024-10-13 00:00:00+00:00, run_after=2024-10-14 00:00:00+00:00
[2024-10-14T21:20:24.535+0000] {processor.py:183} INFO - Processing /home/airflow/.local/lib/python3.8/site-packages/airflow/example_dags/example_task_group.py took 0.052 seconds
[2024-10-14T21:20:55.406+0000] {processor.py:161} INFO - Started process (PID=280) to work on /home/airflow/.local/lib/python3.8/site-packages/airflow/example_dags/example_task_group.py
[2024-10-14T21:20:55.407+0000] {processor.py:830} INFO - Processing file /home/airflow/.local/lib/python3.8/site-packages/airflow/example_dags/example_task_group.py for tasks to queue
[2024-10-14T21:20:55.408+0000] {logging_mixin.py:188} INFO - [2024-10-14T21:20:55.408+0000] {dagbag.py:538} INFO - Filling up the DagBag from /home/airflow/.local/lib/python3.8/site-packages/airflow/example_dags/example_task_group.py
[2024-10-14T21:20:55.414+0000] {processor.py:840} INFO - DAG(s) 'example_task_group' retrieved from /home/airflow/.local/lib/python3.8/site-packages/airflow/example_dags/example_task_group.py
[2024-10-14T21:20:55.434+0000] {logging_mixin.py:188} INFO - [2024-10-14T21:20:55.433+0000] {dag.py:3036} INFO - Sync 1 DAGs
[2024-10-14T21:20:55.452+0000] {logging_mixin.py:188} INFO - [2024-10-14T21:20:55.452+0000] {dag.py:3823} INFO - Setting next_dagrun for example_task_group to 2024-10-13 00:00:00+00:00, run_after=2024-10-14 00:00:00+00:00
[2024-10-14T21:20:55.467+0000] {processor.py:183} INFO - Processing /home/airflow/.local/lib/python3.8/site-packages/airflow/example_dags/example_task_group.py took 0.064 seconds
[2024-10-14T21:21:26.212+0000] {processor.py:161} INFO - Started process (PID=354) to work on /home/airflow/.local/lib/python3.8/site-packages/airflow/example_dags/example_task_group.py
[2024-10-14T21:21:26.213+0000] {processor.py:830} INFO - Processing file /home/airflow/.local/lib/python3.8/site-packages/airflow/example_dags/example_task_group.py for tasks to queue
[2024-10-14T21:21:26.214+0000] {logging_mixin.py:188} INFO - [2024-10-14T21:21:26.214+0000] {dagbag.py:538} INFO - Filling up the DagBag from /home/airflow/.local/lib/python3.8/site-packages/airflow/example_dags/example_task_group.py
[2024-10-14T21:21:26.219+0000] {processor.py:840} INFO - DAG(s) 'example_task_group' retrieved from /home/airflow/.local/lib/python3.8/site-packages/airflow/example_dags/example_task_group.py
[2024-10-14T21:21:26.236+0000] {logging_mixin.py:188} INFO - [2024-10-14T21:21:26.235+0000] {dag.py:3036} INFO - Sync 1 DAGs
[2024-10-14T21:21:26.251+0000] {logging_mixin.py:188} INFO - [2024-10-14T21:21:26.251+0000] {dag.py:3823} INFO - Setting next_dagrun for example_task_group to 2024-10-13 00:00:00+00:00, run_after=2024-10-14 00:00:00+00:00
[2024-10-14T21:21:26.265+0000] {processor.py:183} INFO - Processing /home/airflow/.local/lib/python3.8/site-packages/airflow/example_dags/example_task_group.py took 0.055 seconds
[2024-10-14T21:21:57.666+0000] {processor.py:161} INFO - Started process (PID=435) to work on /home/airflow/.local/lib/python3.8/site-packages/airflow/example_dags/example_task_group.py
[2024-10-14T21:21:57.667+0000] {processor.py:830} INFO - Processing file /home/airflow/.local/lib/python3.8/site-packages/airflow/example_dags/example_task_group.py for tasks to queue
[2024-10-14T21:21:57.669+0000] {logging_mixin.py:188} INFO - [2024-10-14T21:21:57.668+0000] {dagbag.py:538} INFO - Filling up the DagBag from /home/airflow/.local/lib/python3.8/site-packages/airflow/example_dags/example_task_group.py
[2024-10-14T21:21:57.680+0000] {processor.py:840} INFO - DAG(s) 'example_task_group' retrieved from /home/airflow/.local/lib/python3.8/site-packages/airflow/example_dags/example_task_group.py
[2024-10-14T21:21:57.709+0000] {logging_mixin.py:188} INFO - [2024-10-14T21:21:57.708+0000] {dag.py:3036} INFO - Sync 1 DAGs
[2024-10-14T21:21:57.736+0000] {logging_mixin.py:188} INFO - [2024-10-14T21:21:57.735+0000] {dag.py:3823} INFO - Setting next_dagrun for example_task_group to 2024-10-13 00:00:00+00:00, run_after=2024-10-14 00:00:00+00:00
[2024-10-14T21:21:57.768+0000] {processor.py:183} INFO - Processing /home/airflow/.local/lib/python3.8/site-packages/airflow/example_dags/example_task_group.py took 0.108 seconds
[2024-10-14T21:22:28.071+0000] {processor.py:161} INFO - Started process (PID=509) to work on /home/airflow/.local/lib/python3.8/site-packages/airflow/example_dags/example_task_group.py
[2024-10-14T21:22:28.072+0000] {processor.py:830} INFO - Processing file /home/airflow/.local/lib/python3.8/site-packages/airflow/example_dags/example_task_group.py for tasks to queue
[2024-10-14T21:22:28.074+0000] {logging_mixin.py:188} INFO - [2024-10-14T21:22:28.073+0000] {dagbag.py:538} INFO - Filling up the DagBag from /home/airflow/.local/lib/python3.8/site-packages/airflow/example_dags/example_task_group.py
[2024-10-14T21:22:28.079+0000] {processor.py:840} INFO - DAG(s) 'example_task_group' retrieved from /home/airflow/.local/lib/python3.8/site-packages/airflow/example_dags/example_task_group.py
[2024-10-14T21:22:28.096+0000] {logging_mixin.py:188} INFO - [2024-10-14T21:22:28.096+0000] {dag.py:3036} INFO - Sync 1 DAGs
[2024-10-14T21:22:28.118+0000] {logging_mixin.py:188} INFO - [2024-10-14T21:22:28.118+0000] {dag.py:3823} INFO - Setting next_dagrun for example_task_group to 2024-10-13 00:00:00+00:00, run_after=2024-10-14 00:00:00+00:00
[2024-10-14T21:22:28.135+0000] {processor.py:183} INFO - Processing /home/airflow/.local/lib/python3.8/site-packages/airflow/example_dags/example_task_group.py took 0.066 seconds
[2024-10-14T21:22:58.969+0000] {processor.py:161} INFO - Started process (PID=591) to work on /home/airflow/.local/lib/python3.8/site-packages/airflow/example_dags/example_task_group.py
[2024-10-14T21:22:58.971+0000] {processor.py:830} INFO - Processing file /home/airflow/.local/lib/python3.8/site-packages/airflow/example_dags/example_task_group.py for tasks to queue
[2024-10-14T21:22:58.979+0000] {logging_mixin.py:188} INFO - [2024-10-14T21:22:58.973+0000] {dagbag.py:538} INFO - Filling up the DagBag from /home/airflow/.local/lib/python3.8/site-packages/airflow/example_dags/example_task_group.py
[2024-10-14T21:22:58.995+0000] {processor.py:840} INFO - DAG(s) 'example_task_group' retrieved from /home/airflow/.local/lib/python3.8/site-packages/airflow/example_dags/example_task_group.py
[2024-10-14T21:22:59.032+0000] {logging_mixin.py:188} INFO - [2024-10-14T21:22:59.032+0000] {dag.py:3036} INFO - Sync 1 DAGs
[2024-10-14T21:22:59.060+0000] {logging_mixin.py:188} INFO - [2024-10-14T21:22:59.059+0000] {dag.py:3823} INFO - Setting next_dagrun for example_task_group to 2024-10-13 00:00:00+00:00, run_after=2024-10-14 00:00:00+00:00
[2024-10-14T21:22:59.086+0000] {processor.py:183} INFO - Processing /home/airflow/.local/lib/python3.8/site-packages/airflow/example_dags/example_task_group.py took 0.120 seconds
[2024-10-14T21:23:29.950+0000] {processor.py:161} INFO - Started process (PID=658) to work on /home/airflow/.local/lib/python3.8/site-packages/airflow/example_dags/example_task_group.py
[2024-10-14T21:23:29.951+0000] {processor.py:830} INFO - Processing file /home/airflow/.local/lib/python3.8/site-packages/airflow/example_dags/example_task_group.py for tasks to queue
[2024-10-14T21:23:29.952+0000] {logging_mixin.py:188} INFO - [2024-10-14T21:23:29.952+0000] {dagbag.py:538} INFO - Filling up the DagBag from /home/airflow/.local/lib/python3.8/site-packages/airflow/example_dags/example_task_group.py
[2024-10-14T21:23:29.964+0000] {processor.py:840} INFO - DAG(s) 'example_task_group' retrieved from /home/airflow/.local/lib/python3.8/site-packages/airflow/example_dags/example_task_group.py
[2024-10-14T21:23:29.985+0000] {logging_mixin.py:188} INFO - [2024-10-14T21:23:29.985+0000] {dag.py:3036} INFO - Sync 1 DAGs
[2024-10-14T21:23:30.008+0000] {logging_mixin.py:188} INFO - [2024-10-14T21:23:30.007+0000] {dag.py:3823} INFO - Setting next_dagrun for example_task_group to 2024-10-13 00:00:00+00:00, run_after=2024-10-14 00:00:00+00:00
[2024-10-14T21:23:30.032+0000] {processor.py:183} INFO - Processing /home/airflow/.local/lib/python3.8/site-packages/airflow/example_dags/example_task_group.py took 0.084 seconds
[2024-10-14T21:24:00.785+0000] {processor.py:161} INFO - Started process (PID=738) to work on /home/airflow/.local/lib/python3.8/site-packages/airflow/example_dags/example_task_group.py
[2024-10-14T21:24:00.786+0000] {processor.py:830} INFO - Processing file /home/airflow/.local/lib/python3.8/site-packages/airflow/example_dags/example_task_group.py for tasks to queue
[2024-10-14T21:24:00.787+0000] {logging_mixin.py:188} INFO - [2024-10-14T21:24:00.787+0000] {dagbag.py:538} INFO - Filling up the DagBag from /home/airflow/.local/lib/python3.8/site-packages/airflow/example_dags/example_task_group.py
[2024-10-14T21:24:00.794+0000] {processor.py:840} INFO - DAG(s) 'example_task_group' retrieved from /home/airflow/.local/lib/python3.8/site-packages/airflow/example_dags/example_task_group.py
[2024-10-14T21:24:00.816+0000] {logging_mixin.py:188} INFO - [2024-10-14T21:24:00.816+0000] {dag.py:3036} INFO - Sync 1 DAGs
[2024-10-14T21:24:00.839+0000] {logging_mixin.py:188} INFO - [2024-10-14T21:24:00.839+0000] {dag.py:3823} INFO - Setting next_dagrun for example_task_group to 2024-10-13 00:00:00+00:00, run_after=2024-10-14 00:00:00+00:00
[2024-10-14T21:24:00.857+0000] {processor.py:183} INFO - Processing /home/airflow/.local/lib/python3.8/site-packages/airflow/example_dags/example_task_group.py took 0.074 seconds
[2024-10-14T21:24:31.721+0000] {processor.py:161} INFO - Started process (PID=812) to work on /home/airflow/.local/lib/python3.8/site-packages/airflow/example_dags/example_task_group.py
[2024-10-14T21:24:31.722+0000] {processor.py:830} INFO - Processing file /home/airflow/.local/lib/python3.8/site-packages/airflow/example_dags/example_task_group.py for tasks to queue
[2024-10-14T21:24:31.726+0000] {logging_mixin.py:188} INFO - [2024-10-14T21:24:31.725+0000] {dagbag.py:538} INFO - Filling up the DagBag from /home/airflow/.local/lib/python3.8/site-packages/airflow/example_dags/example_task_group.py
[2024-10-14T21:24:31.734+0000] {processor.py:840} INFO - DAG(s) 'example_task_group' retrieved from /home/airflow/.local/lib/python3.8/site-packages/airflow/example_dags/example_task_group.py
[2024-10-14T21:24:31.757+0000] {logging_mixin.py:188} INFO - [2024-10-14T21:24:31.756+0000] {dag.py:3036} INFO - Sync 1 DAGs
[2024-10-14T21:24:31.782+0000] {logging_mixin.py:188} INFO - [2024-10-14T21:24:31.782+0000] {dag.py:3823} INFO - Setting next_dagrun for example_task_group to 2024-10-13 00:00:00+00:00, run_after=2024-10-14 00:00:00+00:00
[2024-10-14T21:24:31.801+0000] {processor.py:183} INFO - Processing /home/airflow/.local/lib/python3.8/site-packages/airflow/example_dags/example_task_group.py took 0.084 seconds
[2024-10-14T21:25:02.010+0000] {processor.py:161} INFO - Started process (PID=893) to work on /home/airflow/.local/lib/python3.8/site-packages/airflow/example_dags/example_task_group.py
[2024-10-14T21:25:02.013+0000] {processor.py:830} INFO - Processing file /home/airflow/.local/lib/python3.8/site-packages/airflow/example_dags/example_task_group.py for tasks to queue
[2024-10-14T21:25:02.015+0000] {logging_mixin.py:188} INFO - [2024-10-14T21:25:02.015+0000] {dagbag.py:538} INFO - Filling up the DagBag from /home/airflow/.local/lib/python3.8/site-packages/airflow/example_dags/example_task_group.py
[2024-10-14T21:25:02.027+0000] {processor.py:840} INFO - DAG(s) 'example_task_group' retrieved from /home/airflow/.local/lib/python3.8/site-packages/airflow/example_dags/example_task_group.py
[2024-10-14T21:25:02.066+0000] {logging_mixin.py:188} INFO - [2024-10-14T21:25:02.066+0000] {dag.py:3036} INFO - Sync 1 DAGs
[2024-10-14T21:25:02.104+0000] {logging_mixin.py:188} INFO - [2024-10-14T21:25:02.104+0000] {dag.py:3823} INFO - Setting next_dagrun for example_task_group to 2024-10-13 00:00:00+00:00, run_after=2024-10-14 00:00:00+00:00
[2024-10-14T21:25:02.135+0000] {processor.py:183} INFO - Processing /home/airflow/.local/lib/python3.8/site-packages/airflow/example_dags/example_task_group.py took 0.131 seconds
[2024-10-14T21:25:32.593+0000] {processor.py:161} INFO - Started process (PID=967) to work on /home/airflow/.local/lib/python3.8/site-packages/airflow/example_dags/example_task_group.py
[2024-10-14T21:25:32.596+0000] {processor.py:830} INFO - Processing file /home/airflow/.local/lib/python3.8/site-packages/airflow/example_dags/example_task_group.py for tasks to queue
[2024-10-14T21:25:32.598+0000] {logging_mixin.py:188} INFO - [2024-10-14T21:25:32.598+0000] {dagbag.py:538} INFO - Filling up the DagBag from /home/airflow/.local/lib/python3.8/site-packages/airflow/example_dags/example_task_group.py
[2024-10-14T21:25:32.604+0000] {processor.py:840} INFO - DAG(s) 'example_task_group' retrieved from /home/airflow/.local/lib/python3.8/site-packages/airflow/example_dags/example_task_group.py
[2024-10-14T21:25:32.628+0000] {logging_mixin.py:188} INFO - [2024-10-14T21:25:32.627+0000] {dag.py:3036} INFO - Sync 1 DAGs
[2024-10-14T21:25:32.651+0000] {logging_mixin.py:188} INFO - [2024-10-14T21:25:32.651+0000] {dag.py:3823} INFO - Setting next_dagrun for example_task_group to 2024-10-13 00:00:00+00:00, run_after=2024-10-14 00:00:00+00:00
[2024-10-14T21:25:32.671+0000] {processor.py:183} INFO - Processing /home/airflow/.local/lib/python3.8/site-packages/airflow/example_dags/example_task_group.py took 0.084 seconds
[2024-10-14T21:26:02.983+0000] {processor.py:161} INFO - Started process (PID=1049) to work on /home/airflow/.local/lib/python3.8/site-packages/airflow/example_dags/example_task_group.py
[2024-10-14T21:26:02.984+0000] {processor.py:830} INFO - Processing file /home/airflow/.local/lib/python3.8/site-packages/airflow/example_dags/example_task_group.py for tasks to queue
[2024-10-14T21:26:02.986+0000] {logging_mixin.py:188} INFO - [2024-10-14T21:26:02.986+0000] {dagbag.py:538} INFO - Filling up the DagBag from /home/airflow/.local/lib/python3.8/site-packages/airflow/example_dags/example_task_group.py
[2024-10-14T21:26:02.991+0000] {processor.py:840} INFO - DAG(s) 'example_task_group' retrieved from /home/airflow/.local/lib/python3.8/site-packages/airflow/example_dags/example_task_group.py
[2024-10-14T21:26:03.016+0000] {logging_mixin.py:188} INFO - [2024-10-14T21:26:03.015+0000] {dag.py:3036} INFO - Sync 1 DAGs
[2024-10-14T21:26:03.039+0000] {logging_mixin.py:188} INFO - [2024-10-14T21:26:03.039+0000] {dag.py:3823} INFO - Setting next_dagrun for example_task_group to 2024-10-13 00:00:00+00:00, run_after=2024-10-14 00:00:00+00:00
[2024-10-14T21:26:03.067+0000] {processor.py:183} INFO - Processing /home/airflow/.local/lib/python3.8/site-packages/airflow/example_dags/example_task_group.py took 0.087 seconds
[2024-10-14T21:26:33.261+0000] {processor.py:161} INFO - Started process (PID=1123) to work on /home/airflow/.local/lib/python3.8/site-packages/airflow/example_dags/example_task_group.py
[2024-10-14T21:26:33.265+0000] {processor.py:830} INFO - Processing file /home/airflow/.local/lib/python3.8/site-packages/airflow/example_dags/example_task_group.py for tasks to queue
[2024-10-14T21:26:33.268+0000] {logging_mixin.py:188} INFO - [2024-10-14T21:26:33.267+0000] {dagbag.py:538} INFO - Filling up the DagBag from /home/airflow/.local/lib/python3.8/site-packages/airflow/example_dags/example_task_group.py
[2024-10-14T21:26:33.279+0000] {processor.py:840} INFO - DAG(s) 'example_task_group' retrieved from /home/airflow/.local/lib/python3.8/site-packages/airflow/example_dags/example_task_group.py
[2024-10-14T21:26:33.322+0000] {logging_mixin.py:188} INFO - [2024-10-14T21:26:33.321+0000] {dag.py:3036} INFO - Sync 1 DAGs
[2024-10-14T21:26:33.363+0000] {logging_mixin.py:188} INFO - [2024-10-14T21:26:33.363+0000] {dag.py:3823} INFO - Setting next_dagrun for example_task_group to 2024-10-13 00:00:00+00:00, run_after=2024-10-14 00:00:00+00:00
[2024-10-14T21:26:33.393+0000] {processor.py:183} INFO - Processing /home/airflow/.local/lib/python3.8/site-packages/airflow/example_dags/example_task_group.py took 0.138 seconds
[2024-10-14T21:27:04.334+0000] {processor.py:161} INFO - Started process (PID=1205) to work on /home/airflow/.local/lib/python3.8/site-packages/airflow/example_dags/example_task_group.py
[2024-10-14T21:27:04.335+0000] {processor.py:830} INFO - Processing file /home/airflow/.local/lib/python3.8/site-packages/airflow/example_dags/example_task_group.py for tasks to queue
[2024-10-14T21:27:04.336+0000] {logging_mixin.py:188} INFO - [2024-10-14T21:27:04.336+0000] {dagbag.py:538} INFO - Filling up the DagBag from /home/airflow/.local/lib/python3.8/site-packages/airflow/example_dags/example_task_group.py
[2024-10-14T21:27:04.345+0000] {processor.py:840} INFO - DAG(s) 'example_task_group' retrieved from /home/airflow/.local/lib/python3.8/site-packages/airflow/example_dags/example_task_group.py
[2024-10-14T21:27:04.365+0000] {logging_mixin.py:188} INFO - [2024-10-14T21:27:04.364+0000] {dag.py:3036} INFO - Sync 1 DAGs
[2024-10-14T21:27:04.385+0000] {logging_mixin.py:188} INFO - [2024-10-14T21:27:04.385+0000] {dag.py:3823} INFO - Setting next_dagrun for example_task_group to 2024-10-13 00:00:00+00:00, run_after=2024-10-14 00:00:00+00:00
[2024-10-14T21:27:04.405+0000] {processor.py:183} INFO - Processing /home/airflow/.local/lib/python3.8/site-packages/airflow/example_dags/example_task_group.py took 0.074 seconds
[2024-10-14T21:27:35.338+0000] {processor.py:161} INFO - Started process (PID=1279) to work on /home/airflow/.local/lib/python3.8/site-packages/airflow/example_dags/example_task_group.py
[2024-10-14T21:27:35.338+0000] {processor.py:830} INFO - Processing file /home/airflow/.local/lib/python3.8/site-packages/airflow/example_dags/example_task_group.py for tasks to queue
[2024-10-14T21:27:35.341+0000] {logging_mixin.py:188} INFO - [2024-10-14T21:27:35.340+0000] {dagbag.py:538} INFO - Filling up the DagBag from /home/airflow/.local/lib/python3.8/site-packages/airflow/example_dags/example_task_group.py
[2024-10-14T21:27:35.349+0000] {processor.py:840} INFO - DAG(s) 'example_task_group' retrieved from /home/airflow/.local/lib/python3.8/site-packages/airflow/example_dags/example_task_group.py
[2024-10-14T21:27:35.368+0000] {logging_mixin.py:188} INFO - [2024-10-14T21:27:35.368+0000] {dag.py:3036} INFO - Sync 1 DAGs
[2024-10-14T21:27:35.386+0000] {logging_mixin.py:188} INFO - [2024-10-14T21:27:35.386+0000] {dag.py:3823} INFO - Setting next_dagrun for example_task_group to 2024-10-13 00:00:00+00:00, run_after=2024-10-14 00:00:00+00:00
[2024-10-14T21:27:35.405+0000] {processor.py:183} INFO - Processing /home/airflow/.local/lib/python3.8/site-packages/airflow/example_dags/example_task_group.py took 0.071 seconds
[2024-10-14T21:28:05.502+0000] {processor.py:161} INFO - Started process (PID=1361) to work on /home/airflow/.local/lib/python3.8/site-packages/airflow/example_dags/example_task_group.py
[2024-10-14T21:28:05.503+0000] {processor.py:830} INFO - Processing file /home/airflow/.local/lib/python3.8/site-packages/airflow/example_dags/example_task_group.py for tasks to queue
[2024-10-14T21:28:05.504+0000] {logging_mixin.py:188} INFO - [2024-10-14T21:28:05.504+0000] {dagbag.py:538} INFO - Filling up the DagBag from /home/airflow/.local/lib/python3.8/site-packages/airflow/example_dags/example_task_group.py
[2024-10-14T21:28:05.512+0000] {processor.py:840} INFO - DAG(s) 'example_task_group' retrieved from /home/airflow/.local/lib/python3.8/site-packages/airflow/example_dags/example_task_group.py
[2024-10-14T21:28:05.528+0000] {logging_mixin.py:188} INFO - [2024-10-14T21:28:05.528+0000] {dag.py:3036} INFO - Sync 1 DAGs
[2024-10-14T21:28:05.546+0000] {logging_mixin.py:188} INFO - [2024-10-14T21:28:05.545+0000] {dag.py:3823} INFO - Setting next_dagrun for example_task_group to 2024-10-13 00:00:00+00:00, run_after=2024-10-14 00:00:00+00:00
[2024-10-14T21:28:05.561+0000] {processor.py:183} INFO - Processing /home/airflow/.local/lib/python3.8/site-packages/airflow/example_dags/example_task_group.py took 0.064 seconds
[2024-10-14T21:28:35.665+0000] {processor.py:161} INFO - Started process (PID=1435) to work on /home/airflow/.local/lib/python3.8/site-packages/airflow/example_dags/example_task_group.py
[2024-10-14T21:28:35.668+0000] {processor.py:830} INFO - Processing file /home/airflow/.local/lib/python3.8/site-packages/airflow/example_dags/example_task_group.py for tasks to queue
[2024-10-14T21:28:35.669+0000] {logging_mixin.py:188} INFO - [2024-10-14T21:28:35.669+0000] {dagbag.py:538} INFO - Filling up the DagBag from /home/airflow/.local/lib/python3.8/site-packages/airflow/example_dags/example_task_group.py
[2024-10-14T21:28:35.675+0000] {processor.py:840} INFO - DAG(s) 'example_task_group' retrieved from /home/airflow/.local/lib/python3.8/site-packages/airflow/example_dags/example_task_group.py
[2024-10-14T21:28:35.691+0000] {logging_mixin.py:188} INFO - [2024-10-14T21:28:35.691+0000] {dag.py:3036} INFO - Sync 1 DAGs
[2024-10-14T21:28:35.714+0000] {logging_mixin.py:188} INFO - [2024-10-14T21:28:35.713+0000] {dag.py:3823} INFO - Setting next_dagrun for example_task_group to 2024-10-13 00:00:00+00:00, run_after=2024-10-14 00:00:00+00:00
[2024-10-14T21:28:35.729+0000] {processor.py:183} INFO - Processing /home/airflow/.local/lib/python3.8/site-packages/airflow/example_dags/example_task_group.py took 0.068 seconds
[2024-10-14T21:29:06.154+0000] {processor.py:161} INFO - Started process (PID=1517) to work on /home/airflow/.local/lib/python3.8/site-packages/airflow/example_dags/example_task_group.py
[2024-10-14T21:29:06.157+0000] {processor.py:830} INFO - Processing file /home/airflow/.local/lib/python3.8/site-packages/airflow/example_dags/example_task_group.py for tasks to queue
[2024-10-14T21:29:06.159+0000] {logging_mixin.py:188} INFO - [2024-10-14T21:29:06.159+0000] {dagbag.py:538} INFO - Filling up the DagBag from /home/airflow/.local/lib/python3.8/site-packages/airflow/example_dags/example_task_group.py
[2024-10-14T21:29:06.164+0000] {processor.py:840} INFO - DAG(s) 'example_task_group' retrieved from /home/airflow/.local/lib/python3.8/site-packages/airflow/example_dags/example_task_group.py
[2024-10-14T21:29:06.180+0000] {logging_mixin.py:188} INFO - [2024-10-14T21:29:06.180+0000] {dag.py:3036} INFO - Sync 1 DAGs
[2024-10-14T21:29:06.195+0000] {logging_mixin.py:188} INFO - [2024-10-14T21:29:06.195+0000] {dag.py:3823} INFO - Setting next_dagrun for example_task_group to 2024-10-13 00:00:00+00:00, run_after=2024-10-14 00:00:00+00:00
[2024-10-14T21:29:06.209+0000] {processor.py:183} INFO - Processing /home/airflow/.local/lib/python3.8/site-packages/airflow/example_dags/example_task_group.py took 0.060 seconds
[2024-10-14T21:29:36.553+0000] {processor.py:161} INFO - Started process (PID=1591) to work on /home/airflow/.local/lib/python3.8/site-packages/airflow/example_dags/example_task_group.py
[2024-10-14T21:29:36.554+0000] {processor.py:830} INFO - Processing file /home/airflow/.local/lib/python3.8/site-packages/airflow/example_dags/example_task_group.py for tasks to queue
[2024-10-14T21:29:36.555+0000] {logging_mixin.py:188} INFO - [2024-10-14T21:29:36.555+0000] {dagbag.py:538} INFO - Filling up the DagBag from /home/airflow/.local/lib/python3.8/site-packages/airflow/example_dags/example_task_group.py
[2024-10-14T21:29:36.561+0000] {processor.py:840} INFO - DAG(s) 'example_task_group' retrieved from /home/airflow/.local/lib/python3.8/site-packages/airflow/example_dags/example_task_group.py
[2024-10-14T21:29:36.580+0000] {logging_mixin.py:188} INFO - [2024-10-14T21:29:36.579+0000] {dag.py:3036} INFO - Sync 1 DAGs
[2024-10-14T21:29:36.600+0000] {logging_mixin.py:188} INFO - [2024-10-14T21:29:36.599+0000] {dag.py:3823} INFO - Setting next_dagrun for example_task_group to 2024-10-13 00:00:00+00:00, run_after=2024-10-14 00:00:00+00:00
[2024-10-14T21:29:36.616+0000] {processor.py:183} INFO - Processing /home/airflow/.local/lib/python3.8/site-packages/airflow/example_dags/example_task_group.py took 0.068 seconds
[2024-10-14T21:30:06.851+0000] {processor.py:161} INFO - Started process (PID=1672) to work on /home/airflow/.local/lib/python3.8/site-packages/airflow/example_dags/example_task_group.py
[2024-10-14T21:30:06.854+0000] {processor.py:830} INFO - Processing file /home/airflow/.local/lib/python3.8/site-packages/airflow/example_dags/example_task_group.py for tasks to queue
[2024-10-14T21:30:06.856+0000] {logging_mixin.py:188} INFO - [2024-10-14T21:30:06.855+0000] {dagbag.py:538} INFO - Filling up the DagBag from /home/airflow/.local/lib/python3.8/site-packages/airflow/example_dags/example_task_group.py
[2024-10-14T21:30:06.861+0000] {processor.py:840} INFO - DAG(s) 'example_task_group' retrieved from /home/airflow/.local/lib/python3.8/site-packages/airflow/example_dags/example_task_group.py
[2024-10-14T21:30:06.879+0000] {logging_mixin.py:188} INFO - [2024-10-14T21:30:06.879+0000] {dag.py:3036} INFO - Sync 1 DAGs
[2024-10-14T21:30:06.896+0000] {logging_mixin.py:188} INFO - [2024-10-14T21:30:06.895+0000] {dag.py:3823} INFO - Setting next_dagrun for example_task_group to 2024-10-13 00:00:00+00:00, run_after=2024-10-14 00:00:00+00:00
[2024-10-14T21:30:06.909+0000] {processor.py:183} INFO - Processing /home/airflow/.local/lib/python3.8/site-packages/airflow/example_dags/example_task_group.py took 0.061 seconds
[2024-10-14T21:30:37.161+0000] {processor.py:161} INFO - Started process (PID=1754) to work on /home/airflow/.local/lib/python3.8/site-packages/airflow/example_dags/example_task_group.py
[2024-10-14T21:30:37.164+0000] {processor.py:830} INFO - Processing file /home/airflow/.local/lib/python3.8/site-packages/airflow/example_dags/example_task_group.py for tasks to queue
[2024-10-14T21:30:37.166+0000] {logging_mixin.py:188} INFO - [2024-10-14T21:30:37.165+0000] {dagbag.py:538} INFO - Filling up the DagBag from /home/airflow/.local/lib/python3.8/site-packages/airflow/example_dags/example_task_group.py
[2024-10-14T21:30:37.172+0000] {processor.py:840} INFO - DAG(s) 'example_task_group' retrieved from /home/airflow/.local/lib/python3.8/site-packages/airflow/example_dags/example_task_group.py
[2024-10-14T21:30:37.189+0000] {logging_mixin.py:188} INFO - [2024-10-14T21:30:37.189+0000] {dag.py:3036} INFO - Sync 1 DAGs
[2024-10-14T21:30:37.207+0000] {logging_mixin.py:188} INFO - [2024-10-14T21:30:37.207+0000] {dag.py:3823} INFO - Setting next_dagrun for example_task_group to 2024-10-13 00:00:00+00:00, run_after=2024-10-14 00:00:00+00:00
[2024-10-14T21:30:37.225+0000] {processor.py:183} INFO - Processing /home/airflow/.local/lib/python3.8/site-packages/airflow/example_dags/example_task_group.py took 0.068 seconds
[2024-10-14T21:31:07.527+0000] {processor.py:161} INFO - Started process (PID=1828) to work on /home/airflow/.local/lib/python3.8/site-packages/airflow/example_dags/example_task_group.py
[2024-10-14T21:31:07.531+0000] {processor.py:830} INFO - Processing file /home/airflow/.local/lib/python3.8/site-packages/airflow/example_dags/example_task_group.py for tasks to queue
[2024-10-14T21:31:07.533+0000] {logging_mixin.py:188} INFO - [2024-10-14T21:31:07.532+0000] {dagbag.py:538} INFO - Filling up the DagBag from /home/airflow/.local/lib/python3.8/site-packages/airflow/example_dags/example_task_group.py
[2024-10-14T21:31:07.538+0000] {processor.py:840} INFO - DAG(s) 'example_task_group' retrieved from /home/airflow/.local/lib/python3.8/site-packages/airflow/example_dags/example_task_group.py
[2024-10-14T21:31:07.555+0000] {logging_mixin.py:188} INFO - [2024-10-14T21:31:07.554+0000] {dag.py:3036} INFO - Sync 1 DAGs
[2024-10-14T21:31:07.570+0000] {logging_mixin.py:188} INFO - [2024-10-14T21:31:07.570+0000] {dag.py:3823} INFO - Setting next_dagrun for example_task_group to 2024-10-13 00:00:00+00:00, run_after=2024-10-14 00:00:00+00:00
[2024-10-14T21:31:07.586+0000] {processor.py:183} INFO - Processing /home/airflow/.local/lib/python3.8/site-packages/airflow/example_dags/example_task_group.py took 0.061 seconds
[2024-10-14T21:31:37.880+0000] {processor.py:161} INFO - Started process (PID=1909) to work on /home/airflow/.local/lib/python3.8/site-packages/airflow/example_dags/example_task_group.py
[2024-10-14T21:31:37.883+0000] {processor.py:830} INFO - Processing file /home/airflow/.local/lib/python3.8/site-packages/airflow/example_dags/example_task_group.py for tasks to queue
[2024-10-14T21:31:37.885+0000] {logging_mixin.py:188} INFO - [2024-10-14T21:31:37.884+0000] {dagbag.py:538} INFO - Filling up the DagBag from /home/airflow/.local/lib/python3.8/site-packages/airflow/example_dags/example_task_group.py
[2024-10-14T21:31:37.891+0000] {processor.py:840} INFO - DAG(s) 'example_task_group' retrieved from /home/airflow/.local/lib/python3.8/site-packages/airflow/example_dags/example_task_group.py
[2024-10-14T21:31:37.907+0000] {logging_mixin.py:188} INFO - [2024-10-14T21:31:37.906+0000] {dag.py:3036} INFO - Sync 1 DAGs
[2024-10-14T21:31:37.927+0000] {logging_mixin.py:188} INFO - [2024-10-14T21:31:37.927+0000] {dag.py:3823} INFO - Setting next_dagrun for example_task_group to 2024-10-13 00:00:00+00:00, run_after=2024-10-14 00:00:00+00:00
[2024-10-14T21:31:37.945+0000] {processor.py:183} INFO - Processing /home/airflow/.local/lib/python3.8/site-packages/airflow/example_dags/example_task_group.py took 0.068 seconds
[2024-10-14T21:32:08.306+0000] {processor.py:161} INFO - Started process (PID=1983) to work on /home/airflow/.local/lib/python3.8/site-packages/airflow/example_dags/example_task_group.py
[2024-10-14T21:32:08.310+0000] {processor.py:830} INFO - Processing file /home/airflow/.local/lib/python3.8/site-packages/airflow/example_dags/example_task_group.py for tasks to queue
[2024-10-14T21:32:08.311+0000] {logging_mixin.py:188} INFO - [2024-10-14T21:32:08.311+0000] {dagbag.py:538} INFO - Filling up the DagBag from /home/airflow/.local/lib/python3.8/site-packages/airflow/example_dags/example_task_group.py
[2024-10-14T21:32:08.316+0000] {processor.py:840} INFO - DAG(s) 'example_task_group' retrieved from /home/airflow/.local/lib/python3.8/site-packages/airflow/example_dags/example_task_group.py
[2024-10-14T21:32:08.332+0000] {logging_mixin.py:188} INFO - [2024-10-14T21:32:08.332+0000] {dag.py:3036} INFO - Sync 1 DAGs
[2024-10-14T21:32:08.347+0000] {logging_mixin.py:188} INFO - [2024-10-14T21:32:08.347+0000] {dag.py:3823} INFO - Setting next_dagrun for example_task_group to 2024-10-13 00:00:00+00:00, run_after=2024-10-14 00:00:00+00:00
[2024-10-14T21:32:08.363+0000] {processor.py:183} INFO - Processing /home/airflow/.local/lib/python3.8/site-packages/airflow/example_dags/example_task_group.py took 0.061 seconds
[2024-10-14T21:32:38.600+0000] {processor.py:161} INFO - Started process (PID=2065) to work on /home/airflow/.local/lib/python3.8/site-packages/airflow/example_dags/example_task_group.py
[2024-10-14T21:32:38.604+0000] {processor.py:830} INFO - Processing file /home/airflow/.local/lib/python3.8/site-packages/airflow/example_dags/example_task_group.py for tasks to queue
[2024-10-14T21:32:38.605+0000] {logging_mixin.py:188} INFO - [2024-10-14T21:32:38.605+0000] {dagbag.py:538} INFO - Filling up the DagBag from /home/airflow/.local/lib/python3.8/site-packages/airflow/example_dags/example_task_group.py
[2024-10-14T21:32:38.610+0000] {processor.py:840} INFO - DAG(s) 'example_task_group' retrieved from /home/airflow/.local/lib/python3.8/site-packages/airflow/example_dags/example_task_group.py
[2024-10-14T21:32:38.626+0000] {logging_mixin.py:188} INFO - [2024-10-14T21:32:38.626+0000] {dag.py:3036} INFO - Sync 1 DAGs
[2024-10-14T21:32:38.641+0000] {logging_mixin.py:188} INFO - [2024-10-14T21:32:38.641+0000] {dag.py:3823} INFO - Setting next_dagrun for example_task_group to 2024-10-13 00:00:00+00:00, run_after=2024-10-14 00:00:00+00:00
[2024-10-14T21:32:38.656+0000] {processor.py:183} INFO - Processing /home/airflow/.local/lib/python3.8/site-packages/airflow/example_dags/example_task_group.py took 0.058 seconds
[2024-10-14T21:33:09.211+0000] {processor.py:161} INFO - Started process (PID=2138) to work on /home/airflow/.local/lib/python3.8/site-packages/airflow/example_dags/example_task_group.py
[2024-10-14T21:33:09.212+0000] {processor.py:830} INFO - Processing file /home/airflow/.local/lib/python3.8/site-packages/airflow/example_dags/example_task_group.py for tasks to queue
[2024-10-14T21:33:09.214+0000] {logging_mixin.py:188} INFO - [2024-10-14T21:33:09.214+0000] {dagbag.py:538} INFO - Filling up the DagBag from /home/airflow/.local/lib/python3.8/site-packages/airflow/example_dags/example_task_group.py
[2024-10-14T21:33:09.220+0000] {processor.py:840} INFO - DAG(s) 'example_task_group' retrieved from /home/airflow/.local/lib/python3.8/site-packages/airflow/example_dags/example_task_group.py
[2024-10-14T21:33:09.236+0000] {logging_mixin.py:188} INFO - [2024-10-14T21:33:09.236+0000] {dag.py:3036} INFO - Sync 1 DAGs
[2024-10-14T21:33:09.253+0000] {logging_mixin.py:188} INFO - [2024-10-14T21:33:09.253+0000] {dag.py:3823} INFO - Setting next_dagrun for example_task_group to 2024-10-13 00:00:00+00:00, run_after=2024-10-14 00:00:00+00:00
[2024-10-14T21:33:09.267+0000] {processor.py:183} INFO - Processing /home/airflow/.local/lib/python3.8/site-packages/airflow/example_dags/example_task_group.py took 0.058 seconds
[2024-10-14T21:33:39.415+0000] {processor.py:161} INFO - Started process (PID=2219) to work on /home/airflow/.local/lib/python3.8/site-packages/airflow/example_dags/example_task_group.py
[2024-10-14T21:33:39.416+0000] {processor.py:830} INFO - Processing file /home/airflow/.local/lib/python3.8/site-packages/airflow/example_dags/example_task_group.py for tasks to queue
[2024-10-14T21:33:39.418+0000] {logging_mixin.py:188} INFO - [2024-10-14T21:33:39.418+0000] {dagbag.py:538} INFO - Filling up the DagBag from /home/airflow/.local/lib/python3.8/site-packages/airflow/example_dags/example_task_group.py
[2024-10-14T21:33:39.424+0000] {processor.py:840} INFO - DAG(s) 'example_task_group' retrieved from /home/airflow/.local/lib/python3.8/site-packages/airflow/example_dags/example_task_group.py
[2024-10-14T21:33:39.440+0000] {logging_mixin.py:188} INFO - [2024-10-14T21:33:39.440+0000] {dag.py:3036} INFO - Sync 1 DAGs
[2024-10-14T21:33:39.461+0000] {logging_mixin.py:188} INFO - [2024-10-14T21:33:39.461+0000] {dag.py:3823} INFO - Setting next_dagrun for example_task_group to 2024-10-13 00:00:00+00:00, run_after=2024-10-14 00:00:00+00:00
[2024-10-14T21:33:39.487+0000] {processor.py:183} INFO - Processing /home/airflow/.local/lib/python3.8/site-packages/airflow/example_dags/example_task_group.py took 0.076 seconds
[2024-10-14T21:34:09.539+0000] {processor.py:161} INFO - Started process (PID=2293) to work on /home/airflow/.local/lib/python3.8/site-packages/airflow/example_dags/example_task_group.py
[2024-10-14T21:34:09.540+0000] {processor.py:830} INFO - Processing file /home/airflow/.local/lib/python3.8/site-packages/airflow/example_dags/example_task_group.py for tasks to queue
[2024-10-14T21:34:09.543+0000] {logging_mixin.py:188} INFO - [2024-10-14T21:34:09.542+0000] {dagbag.py:538} INFO - Filling up the DagBag from /home/airflow/.local/lib/python3.8/site-packages/airflow/example_dags/example_task_group.py
[2024-10-14T21:34:09.552+0000] {processor.py:840} INFO - DAG(s) 'example_task_group' retrieved from /home/airflow/.local/lib/python3.8/site-packages/airflow/example_dags/example_task_group.py
[2024-10-14T21:34:09.572+0000] {logging_mixin.py:188} INFO - [2024-10-14T21:34:09.572+0000] {dag.py:3036} INFO - Sync 1 DAGs
[2024-10-14T21:34:09.587+0000] {logging_mixin.py:188} INFO - [2024-10-14T21:34:09.586+0000] {dag.py:3823} INFO - Setting next_dagrun for example_task_group to 2024-10-13 00:00:00+00:00, run_after=2024-10-14 00:00:00+00:00
[2024-10-14T21:34:09.603+0000] {processor.py:183} INFO - Processing /home/airflow/.local/lib/python3.8/site-packages/airflow/example_dags/example_task_group.py took 0.067 seconds
[2024-10-14T21:34:39.795+0000] {processor.py:161} INFO - Started process (PID=2375) to work on /home/airflow/.local/lib/python3.8/site-packages/airflow/example_dags/example_task_group.py
[2024-10-14T21:34:39.798+0000] {processor.py:830} INFO - Processing file /home/airflow/.local/lib/python3.8/site-packages/airflow/example_dags/example_task_group.py for tasks to queue
[2024-10-14T21:34:39.800+0000] {logging_mixin.py:188} INFO - [2024-10-14T21:34:39.800+0000] {dagbag.py:538} INFO - Filling up the DagBag from /home/airflow/.local/lib/python3.8/site-packages/airflow/example_dags/example_task_group.py
[2024-10-14T21:34:39.806+0000] {processor.py:840} INFO - DAG(s) 'example_task_group' retrieved from /home/airflow/.local/lib/python3.8/site-packages/airflow/example_dags/example_task_group.py
[2024-10-14T21:34:39.822+0000] {logging_mixin.py:188} INFO - [2024-10-14T21:34:39.822+0000] {dag.py:3036} INFO - Sync 1 DAGs
[2024-10-14T21:34:39.837+0000] {logging_mixin.py:188} INFO - [2024-10-14T21:34:39.836+0000] {dag.py:3823} INFO - Setting next_dagrun for example_task_group to 2024-10-13 00:00:00+00:00, run_after=2024-10-14 00:00:00+00:00
[2024-10-14T21:34:39.851+0000] {processor.py:183} INFO - Processing /home/airflow/.local/lib/python3.8/site-packages/airflow/example_dags/example_task_group.py took 0.060 seconds
[2024-10-14T21:35:10.031+0000] {processor.py:161} INFO - Started process (PID=2456) to work on /home/airflow/.local/lib/python3.8/site-packages/airflow/example_dags/example_task_group.py
[2024-10-14T21:35:10.033+0000] {processor.py:830} INFO - Processing file /home/airflow/.local/lib/python3.8/site-packages/airflow/example_dags/example_task_group.py for tasks to queue
[2024-10-14T21:35:10.037+0000] {logging_mixin.py:188} INFO - [2024-10-14T21:35:10.036+0000] {dagbag.py:538} INFO - Filling up the DagBag from /home/airflow/.local/lib/python3.8/site-packages/airflow/example_dags/example_task_group.py
[2024-10-14T21:35:10.045+0000] {processor.py:840} INFO - DAG(s) 'example_task_group' retrieved from /home/airflow/.local/lib/python3.8/site-packages/airflow/example_dags/example_task_group.py
[2024-10-14T21:35:10.076+0000] {logging_mixin.py:188} INFO - [2024-10-14T21:35:10.075+0000] {dag.py:3036} INFO - Sync 1 DAGs
[2024-10-14T21:35:10.097+0000] {logging_mixin.py:188} INFO - [2024-10-14T21:35:10.097+0000] {dag.py:3823} INFO - Setting next_dagrun for example_task_group to 2024-10-13 00:00:00+00:00, run_after=2024-10-14 00:00:00+00:00
[2024-10-14T21:35:10.120+0000] {processor.py:183} INFO - Processing /home/airflow/.local/lib/python3.8/site-packages/airflow/example_dags/example_task_group.py took 0.094 seconds
[2024-10-14T21:35:40.536+0000] {processor.py:161} INFO - Started process (PID=2530) to work on /home/airflow/.local/lib/python3.8/site-packages/airflow/example_dags/example_task_group.py
[2024-10-14T21:35:40.537+0000] {processor.py:830} INFO - Processing file /home/airflow/.local/lib/python3.8/site-packages/airflow/example_dags/example_task_group.py for tasks to queue
[2024-10-14T21:35:40.539+0000] {logging_mixin.py:188} INFO - [2024-10-14T21:35:40.538+0000] {dagbag.py:538} INFO - Filling up the DagBag from /home/airflow/.local/lib/python3.8/site-packages/airflow/example_dags/example_task_group.py
[2024-10-14T21:35:40.544+0000] {processor.py:840} INFO - DAG(s) 'example_task_group' retrieved from /home/airflow/.local/lib/python3.8/site-packages/airflow/example_dags/example_task_group.py
[2024-10-14T21:35:40.559+0000] {logging_mixin.py:188} INFO - [2024-10-14T21:35:40.559+0000] {dag.py:3036} INFO - Sync 1 DAGs
[2024-10-14T21:35:40.575+0000] {logging_mixin.py:188} INFO - [2024-10-14T21:35:40.575+0000] {dag.py:3823} INFO - Setting next_dagrun for example_task_group to 2024-10-13 00:00:00+00:00, run_after=2024-10-14 00:00:00+00:00
[2024-10-14T21:35:40.591+0000] {processor.py:183} INFO - Processing /home/airflow/.local/lib/python3.8/site-packages/airflow/example_dags/example_task_group.py took 0.058 seconds
[2024-10-14T21:36:10.652+0000] {processor.py:161} INFO - Started process (PID=2612) to work on /home/airflow/.local/lib/python3.8/site-packages/airflow/example_dags/example_task_group.py
[2024-10-14T21:36:10.655+0000] {processor.py:830} INFO - Processing file /home/airflow/.local/lib/python3.8/site-packages/airflow/example_dags/example_task_group.py for tasks to queue
[2024-10-14T21:36:10.657+0000] {logging_mixin.py:188} INFO - [2024-10-14T21:36:10.656+0000] {dagbag.py:538} INFO - Filling up the DagBag from /home/airflow/.local/lib/python3.8/site-packages/airflow/example_dags/example_task_group.py
[2024-10-14T21:36:10.662+0000] {processor.py:840} INFO - DAG(s) 'example_task_group' retrieved from /home/airflow/.local/lib/python3.8/site-packages/airflow/example_dags/example_task_group.py
[2024-10-14T21:36:10.678+0000] {logging_mixin.py:188} INFO - [2024-10-14T21:36:10.677+0000] {dag.py:3036} INFO - Sync 1 DAGs
[2024-10-14T21:36:10.693+0000] {logging_mixin.py:188} INFO - [2024-10-14T21:36:10.693+0000] {dag.py:3823} INFO - Setting next_dagrun for example_task_group to 2024-10-13 00:00:00+00:00, run_after=2024-10-14 00:00:00+00:00
[2024-10-14T21:36:10.708+0000] {processor.py:183} INFO - Processing /home/airflow/.local/lib/python3.8/site-packages/airflow/example_dags/example_task_group.py took 0.058 seconds
[2024-10-14T21:36:40.868+0000] {processor.py:161} INFO - Started process (PID=2686) to work on /home/airflow/.local/lib/python3.8/site-packages/airflow/example_dags/example_task_group.py
[2024-10-14T21:36:40.869+0000] {processor.py:830} INFO - Processing file /home/airflow/.local/lib/python3.8/site-packages/airflow/example_dags/example_task_group.py for tasks to queue
[2024-10-14T21:36:40.871+0000] {logging_mixin.py:188} INFO - [2024-10-14T21:36:40.870+0000] {dagbag.py:538} INFO - Filling up the DagBag from /home/airflow/.local/lib/python3.8/site-packages/airflow/example_dags/example_task_group.py
[2024-10-14T21:36:40.877+0000] {processor.py:840} INFO - DAG(s) 'example_task_group' retrieved from /home/airflow/.local/lib/python3.8/site-packages/airflow/example_dags/example_task_group.py
[2024-10-14T21:36:40.893+0000] {logging_mixin.py:188} INFO - [2024-10-14T21:36:40.893+0000] {dag.py:3036} INFO - Sync 1 DAGs
[2024-10-14T21:36:40.914+0000] {logging_mixin.py:188} INFO - [2024-10-14T21:36:40.914+0000] {dag.py:3823} INFO - Setting next_dagrun for example_task_group to 2024-10-13 00:00:00+00:00, run_after=2024-10-14 00:00:00+00:00
[2024-10-14T21:36:40.930+0000] {processor.py:183} INFO - Processing /home/airflow/.local/lib/python3.8/site-packages/airflow/example_dags/example_task_group.py took 0.065 seconds
[2024-10-14T21:37:11.565+0000] {processor.py:161} INFO - Started process (PID=2768) to work on /home/airflow/.local/lib/python3.8/site-packages/airflow/example_dags/example_task_group.py
[2024-10-14T21:37:11.569+0000] {processor.py:830} INFO - Processing file /home/airflow/.local/lib/python3.8/site-packages/airflow/example_dags/example_task_group.py for tasks to queue
[2024-10-14T21:37:11.572+0000] {logging_mixin.py:188} INFO - [2024-10-14T21:37:11.572+0000] {dagbag.py:538} INFO - Filling up the DagBag from /home/airflow/.local/lib/python3.8/site-packages/airflow/example_dags/example_task_group.py
[2024-10-14T21:37:11.581+0000] {processor.py:840} INFO - DAG(s) 'example_task_group' retrieved from /home/airflow/.local/lib/python3.8/site-packages/airflow/example_dags/example_task_group.py
[2024-10-14T21:37:11.598+0000] {logging_mixin.py:188} INFO - [2024-10-14T21:37:11.598+0000] {dag.py:3036} INFO - Sync 1 DAGs
[2024-10-14T21:37:11.613+0000] {logging_mixin.py:188} INFO - [2024-10-14T21:37:11.613+0000] {dag.py:3823} INFO - Setting next_dagrun for example_task_group to 2024-10-13 00:00:00+00:00, run_after=2024-10-14 00:00:00+00:00
[2024-10-14T21:37:11.631+0000] {processor.py:183} INFO - Processing /home/airflow/.local/lib/python3.8/site-packages/airflow/example_dags/example_task_group.py took 0.070 seconds
[2024-10-14T21:37:41.831+0000] {processor.py:161} INFO - Started process (PID=2840) to work on /home/airflow/.local/lib/python3.8/site-packages/airflow/example_dags/example_task_group.py
[2024-10-14T21:37:41.835+0000] {processor.py:830} INFO - Processing file /home/airflow/.local/lib/python3.8/site-packages/airflow/example_dags/example_task_group.py for tasks to queue
[2024-10-14T21:37:41.837+0000] {logging_mixin.py:188} INFO - [2024-10-14T21:37:41.836+0000] {dagbag.py:538} INFO - Filling up the DagBag from /home/airflow/.local/lib/python3.8/site-packages/airflow/example_dags/example_task_group.py
[2024-10-14T21:37:41.849+0000] {processor.py:840} INFO - DAG(s) 'example_task_group' retrieved from /home/airflow/.local/lib/python3.8/site-packages/airflow/example_dags/example_task_group.py
[2024-10-14T21:37:41.883+0000] {logging_mixin.py:188} INFO - [2024-10-14T21:37:41.883+0000] {dag.py:3036} INFO - Sync 1 DAGs
[2024-10-14T21:37:41.914+0000] {logging_mixin.py:188} INFO - [2024-10-14T21:37:41.914+0000] {dag.py:3823} INFO - Setting next_dagrun for example_task_group to 2024-10-13 00:00:00+00:00, run_after=2024-10-14 00:00:00+00:00
[2024-10-14T21:37:41.944+0000] {processor.py:183} INFO - Processing /home/airflow/.local/lib/python3.8/site-packages/airflow/example_dags/example_task_group.py took 0.118 seconds
[2024-10-14T21:38:12.549+0000] {processor.py:161} INFO - Started process (PID=2922) to work on /home/airflow/.local/lib/python3.8/site-packages/airflow/example_dags/example_task_group.py
[2024-10-14T21:38:12.550+0000] {processor.py:830} INFO - Processing file /home/airflow/.local/lib/python3.8/site-packages/airflow/example_dags/example_task_group.py for tasks to queue
[2024-10-14T21:38:12.552+0000] {logging_mixin.py:188} INFO - [2024-10-14T21:38:12.551+0000] {dagbag.py:538} INFO - Filling up the DagBag from /home/airflow/.local/lib/python3.8/site-packages/airflow/example_dags/example_task_group.py
[2024-10-14T21:38:12.557+0000] {processor.py:840} INFO - DAG(s) 'example_task_group' retrieved from /home/airflow/.local/lib/python3.8/site-packages/airflow/example_dags/example_task_group.py
[2024-10-14T21:38:12.573+0000] {logging_mixin.py:188} INFO - [2024-10-14T21:38:12.573+0000] {dag.py:3036} INFO - Sync 1 DAGs
[2024-10-14T21:38:12.589+0000] {logging_mixin.py:188} INFO - [2024-10-14T21:38:12.588+0000] {dag.py:3823} INFO - Setting next_dagrun for example_task_group to 2024-10-13 00:00:00+00:00, run_after=2024-10-14 00:00:00+00:00
[2024-10-14T21:38:12.604+0000] {processor.py:183} INFO - Processing /home/airflow/.local/lib/python3.8/site-packages/airflow/example_dags/example_task_group.py took 0.057 seconds
[2024-10-14T21:38:42.772+0000] {processor.py:161} INFO - Started process (PID=3003) to work on /home/airflow/.local/lib/python3.8/site-packages/airflow/example_dags/example_task_group.py
[2024-10-14T21:38:42.773+0000] {processor.py:830} INFO - Processing file /home/airflow/.local/lib/python3.8/site-packages/airflow/example_dags/example_task_group.py for tasks to queue
[2024-10-14T21:38:42.775+0000] {logging_mixin.py:188} INFO - [2024-10-14T21:38:42.774+0000] {dagbag.py:538} INFO - Filling up the DagBag from /home/airflow/.local/lib/python3.8/site-packages/airflow/example_dags/example_task_group.py
[2024-10-14T21:38:42.782+0000] {processor.py:840} INFO - DAG(s) 'example_task_group' retrieved from /home/airflow/.local/lib/python3.8/site-packages/airflow/example_dags/example_task_group.py
[2024-10-14T21:38:42.807+0000] {logging_mixin.py:188} INFO - [2024-10-14T21:38:42.807+0000] {dag.py:3036} INFO - Sync 1 DAGs
[2024-10-14T21:38:42.827+0000] {logging_mixin.py:188} INFO - [2024-10-14T21:38:42.826+0000] {dag.py:3823} INFO - Setting next_dagrun for example_task_group to 2024-10-13 00:00:00+00:00, run_after=2024-10-14 00:00:00+00:00
[2024-10-14T21:38:42.842+0000] {processor.py:183} INFO - Processing /home/airflow/.local/lib/python3.8/site-packages/airflow/example_dags/example_task_group.py took 0.074 seconds
[2024-10-14T21:39:13.569+0000] {processor.py:161} INFO - Started process (PID=3070) to work on /home/airflow/.local/lib/python3.8/site-packages/airflow/example_dags/example_task_group.py
[2024-10-14T21:39:13.570+0000] {processor.py:830} INFO - Processing file /home/airflow/.local/lib/python3.8/site-packages/airflow/example_dags/example_task_group.py for tasks to queue
[2024-10-14T21:39:13.571+0000] {logging_mixin.py:188} INFO - [2024-10-14T21:39:13.571+0000] {dagbag.py:538} INFO - Filling up the DagBag from /home/airflow/.local/lib/python3.8/site-packages/airflow/example_dags/example_task_group.py
[2024-10-14T21:39:13.577+0000] {processor.py:840} INFO - DAG(s) 'example_task_group' retrieved from /home/airflow/.local/lib/python3.8/site-packages/airflow/example_dags/example_task_group.py
[2024-10-14T21:39:13.593+0000] {logging_mixin.py:188} INFO - [2024-10-14T21:39:13.593+0000] {dag.py:3036} INFO - Sync 1 DAGs
[2024-10-14T21:39:13.608+0000] {logging_mixin.py:188} INFO - [2024-10-14T21:39:13.608+0000] {dag.py:3823} INFO - Setting next_dagrun for example_task_group to 2024-10-13 00:00:00+00:00, run_after=2024-10-14 00:00:00+00:00
[2024-10-14T21:39:13.623+0000] {processor.py:183} INFO - Processing /home/airflow/.local/lib/python3.8/site-packages/airflow/example_dags/example_task_group.py took 0.057 seconds
[2024-10-14T21:44:05.966+0000] {processor.py:161} INFO - Started process (PID=109) to work on /home/airflow/.local/lib/python3.8/site-packages/airflow/example_dags/example_task_group.py
[2024-10-14T21:44:05.967+0000] {processor.py:830} INFO - Processing file /home/airflow/.local/lib/python3.8/site-packages/airflow/example_dags/example_task_group.py for tasks to queue
[2024-10-14T21:44:05.968+0000] {logging_mixin.py:188} INFO - [2024-10-14T21:44:05.968+0000] {dagbag.py:538} INFO - Filling up the DagBag from /home/airflow/.local/lib/python3.8/site-packages/airflow/example_dags/example_task_group.py
[2024-10-14T21:44:05.974+0000] {processor.py:840} INFO - DAG(s) 'example_task_group' retrieved from /home/airflow/.local/lib/python3.8/site-packages/airflow/example_dags/example_task_group.py
[2024-10-14T21:44:06.087+0000] {logging_mixin.py:188} INFO - [2024-10-14T21:44:06.087+0000] {dag.py:3036} INFO - Sync 1 DAGs
[2024-10-14T21:44:06.110+0000] {logging_mixin.py:188} INFO - [2024-10-14T21:44:06.109+0000] {dag.py:3823} INFO - Setting next_dagrun for example_task_group to 2024-10-13 00:00:00+00:00, run_after=2024-10-14 00:00:00+00:00
[2024-10-14T21:44:06.130+0000] {processor.py:183} INFO - Processing /home/airflow/.local/lib/python3.8/site-packages/airflow/example_dags/example_task_group.py took 0.167 seconds
[2024-10-14T21:44:36.168+0000] {processor.py:161} INFO - Started process (PID=183) to work on /home/airflow/.local/lib/python3.8/site-packages/airflow/example_dags/example_task_group.py
[2024-10-14T21:44:36.168+0000] {processor.py:830} INFO - Processing file /home/airflow/.local/lib/python3.8/site-packages/airflow/example_dags/example_task_group.py for tasks to queue
[2024-10-14T21:44:36.169+0000] {logging_mixin.py:188} INFO - [2024-10-14T21:44:36.169+0000] {dagbag.py:538} INFO - Filling up the DagBag from /home/airflow/.local/lib/python3.8/site-packages/airflow/example_dags/example_task_group.py
[2024-10-14T21:44:36.174+0000] {processor.py:840} INFO - DAG(s) 'example_task_group' retrieved from /home/airflow/.local/lib/python3.8/site-packages/airflow/example_dags/example_task_group.py
[2024-10-14T21:44:36.188+0000] {logging_mixin.py:188} INFO - [2024-10-14T21:44:36.188+0000] {dag.py:3036} INFO - Sync 1 DAGs
[2024-10-14T21:44:36.203+0000] {logging_mixin.py:188} INFO - [2024-10-14T21:44:36.203+0000] {dag.py:3823} INFO - Setting next_dagrun for example_task_group to 2024-10-13 00:00:00+00:00, run_after=2024-10-14 00:00:00+00:00
[2024-10-14T21:44:36.219+0000] {processor.py:183} INFO - Processing /home/airflow/.local/lib/python3.8/site-packages/airflow/example_dags/example_task_group.py took 0.054 seconds
[2024-10-14T21:45:06.592+0000] {processor.py:161} INFO - Started process (PID=249) to work on /home/airflow/.local/lib/python3.8/site-packages/airflow/example_dags/example_task_group.py
[2024-10-14T21:45:06.593+0000] {processor.py:830} INFO - Processing file /home/airflow/.local/lib/python3.8/site-packages/airflow/example_dags/example_task_group.py for tasks to queue
[2024-10-14T21:45:06.594+0000] {logging_mixin.py:188} INFO - [2024-10-14T21:45:06.594+0000] {dagbag.py:538} INFO - Filling up the DagBag from /home/airflow/.local/lib/python3.8/site-packages/airflow/example_dags/example_task_group.py
[2024-10-14T21:45:06.600+0000] {processor.py:840} INFO - DAG(s) 'example_task_group' retrieved from /home/airflow/.local/lib/python3.8/site-packages/airflow/example_dags/example_task_group.py
[2024-10-14T21:45:06.617+0000] {logging_mixin.py:188} INFO - [2024-10-14T21:45:06.616+0000] {dag.py:3036} INFO - Sync 1 DAGs
[2024-10-14T21:45:06.633+0000] {logging_mixin.py:188} INFO - [2024-10-14T21:45:06.633+0000] {dag.py:3823} INFO - Setting next_dagrun for example_task_group to 2024-10-13 00:00:00+00:00, run_after=2024-10-14 00:00:00+00:00
[2024-10-14T21:45:06.647+0000] {processor.py:183} INFO - Processing /home/airflow/.local/lib/python3.8/site-packages/airflow/example_dags/example_task_group.py took 0.058 seconds
[2024-10-14T21:45:36.927+0000] {processor.py:161} INFO - Started process (PID=324) to work on /home/airflow/.local/lib/python3.8/site-packages/airflow/example_dags/example_task_group.py
[2024-10-14T21:45:36.928+0000] {processor.py:830} INFO - Processing file /home/airflow/.local/lib/python3.8/site-packages/airflow/example_dags/example_task_group.py for tasks to queue
[2024-10-14T21:45:36.930+0000] {logging_mixin.py:188} INFO - [2024-10-14T21:45:36.929+0000] {dagbag.py:538} INFO - Filling up the DagBag from /home/airflow/.local/lib/python3.8/site-packages/airflow/example_dags/example_task_group.py
[2024-10-14T21:45:36.937+0000] {processor.py:840} INFO - DAG(s) 'example_task_group' retrieved from /home/airflow/.local/lib/python3.8/site-packages/airflow/example_dags/example_task_group.py
[2024-10-14T21:45:36.957+0000] {logging_mixin.py:188} INFO - [2024-10-14T21:45:36.957+0000] {dag.py:3036} INFO - Sync 1 DAGs
[2024-10-14T21:45:36.980+0000] {logging_mixin.py:188} INFO - [2024-10-14T21:45:36.979+0000] {dag.py:3823} INFO - Setting next_dagrun for example_task_group to 2024-10-13 00:00:00+00:00, run_after=2024-10-14 00:00:00+00:00
[2024-10-14T21:45:36.998+0000] {processor.py:183} INFO - Processing /home/airflow/.local/lib/python3.8/site-packages/airflow/example_dags/example_task_group.py took 0.074 seconds
[2024-10-14T21:46:07.289+0000] {processor.py:161} INFO - Started process (PID=389) to work on /home/airflow/.local/lib/python3.8/site-packages/airflow/example_dags/example_task_group.py
[2024-10-14T21:46:07.289+0000] {processor.py:830} INFO - Processing file /home/airflow/.local/lib/python3.8/site-packages/airflow/example_dags/example_task_group.py for tasks to queue
[2024-10-14T21:46:07.291+0000] {logging_mixin.py:188} INFO - [2024-10-14T21:46:07.290+0000] {dagbag.py:538} INFO - Filling up the DagBag from /home/airflow/.local/lib/python3.8/site-packages/airflow/example_dags/example_task_group.py
[2024-10-14T21:46:07.296+0000] {processor.py:840} INFO - DAG(s) 'example_task_group' retrieved from /home/airflow/.local/lib/python3.8/site-packages/airflow/example_dags/example_task_group.py
[2024-10-14T21:46:07.312+0000] {logging_mixin.py:188} INFO - [2024-10-14T21:46:07.312+0000] {dag.py:3036} INFO - Sync 1 DAGs
[2024-10-14T21:46:07.328+0000] {logging_mixin.py:188} INFO - [2024-10-14T21:46:07.328+0000] {dag.py:3823} INFO - Setting next_dagrun for example_task_group to 2024-10-13 00:00:00+00:00, run_after=2024-10-14 00:00:00+00:00
[2024-10-14T21:46:07.342+0000] {processor.py:183} INFO - Processing /home/airflow/.local/lib/python3.8/site-packages/airflow/example_dags/example_task_group.py took 0.056 seconds
[2024-10-14T21:46:37.731+0000] {processor.py:161} INFO - Started process (PID=463) to work on /home/airflow/.local/lib/python3.8/site-packages/airflow/example_dags/example_task_group.py
[2024-10-14T21:46:37.731+0000] {processor.py:830} INFO - Processing file /home/airflow/.local/lib/python3.8/site-packages/airflow/example_dags/example_task_group.py for tasks to queue
[2024-10-14T21:46:37.733+0000] {logging_mixin.py:188} INFO - [2024-10-14T21:46:37.732+0000] {dagbag.py:538} INFO - Filling up the DagBag from /home/airflow/.local/lib/python3.8/site-packages/airflow/example_dags/example_task_group.py
[2024-10-14T21:46:37.738+0000] {processor.py:840} INFO - DAG(s) 'example_task_group' retrieved from /home/airflow/.local/lib/python3.8/site-packages/airflow/example_dags/example_task_group.py
[2024-10-14T21:46:37.758+0000] {logging_mixin.py:188} INFO - [2024-10-14T21:46:37.757+0000] {dag.py:3036} INFO - Sync 1 DAGs
[2024-10-14T21:46:37.777+0000] {logging_mixin.py:188} INFO - [2024-10-14T21:46:37.777+0000] {dag.py:3823} INFO - Setting next_dagrun for example_task_group to 2024-10-13 00:00:00+00:00, run_after=2024-10-14 00:00:00+00:00
[2024-10-14T21:46:37.792+0000] {processor.py:183} INFO - Processing /home/airflow/.local/lib/python3.8/site-packages/airflow/example_dags/example_task_group.py took 0.064 seconds
[2024-10-14T21:50:43.789+0000] {processor.py:161} INFO - Started process (PID=118) to work on /home/airflow/.local/lib/python3.8/site-packages/airflow/example_dags/example_task_group.py
[2024-10-14T21:50:43.791+0000] {processor.py:830} INFO - Processing file /home/airflow/.local/lib/python3.8/site-packages/airflow/example_dags/example_task_group.py for tasks to queue
[2024-10-14T21:50:43.794+0000] {logging_mixin.py:188} INFO - [2024-10-14T21:50:43.793+0000] {dagbag.py:538} INFO - Filling up the DagBag from /home/airflow/.local/lib/python3.8/site-packages/airflow/example_dags/example_task_group.py
[2024-10-14T21:50:43.807+0000] {processor.py:840} INFO - DAG(s) 'example_task_group' retrieved from /home/airflow/.local/lib/python3.8/site-packages/airflow/example_dags/example_task_group.py
[2024-10-14T21:50:43.829+0000] {logging_mixin.py:188} INFO - [2024-10-14T21:50:43.828+0000] {dag.py:3036} INFO - Sync 1 DAGs
[2024-10-14T21:50:43.865+0000] {logging_mixin.py:188} INFO - [2024-10-14T21:50:43.864+0000] {dag.py:3823} INFO - Setting next_dagrun for example_task_group to 2024-10-13 00:00:00+00:00, run_after=2024-10-14 00:00:00+00:00
[2024-10-14T21:50:43.923+0000] {processor.py:183} INFO - Processing /home/airflow/.local/lib/python3.8/site-packages/airflow/example_dags/example_task_group.py took 0.139 seconds
[2024-10-14T21:51:14.588+0000] {processor.py:161} INFO - Started process (PID=192) to work on /home/airflow/.local/lib/python3.8/site-packages/airflow/example_dags/example_task_group.py
[2024-10-14T21:51:14.589+0000] {processor.py:830} INFO - Processing file /home/airflow/.local/lib/python3.8/site-packages/airflow/example_dags/example_task_group.py for tasks to queue
[2024-10-14T21:51:14.590+0000] {logging_mixin.py:188} INFO - [2024-10-14T21:51:14.590+0000] {dagbag.py:538} INFO - Filling up the DagBag from /home/airflow/.local/lib/python3.8/site-packages/airflow/example_dags/example_task_group.py
[2024-10-14T21:51:14.595+0000] {processor.py:840} INFO - DAG(s) 'example_task_group' retrieved from /home/airflow/.local/lib/python3.8/site-packages/airflow/example_dags/example_task_group.py
[2024-10-14T21:51:14.669+0000] {logging_mixin.py:188} INFO - [2024-10-14T21:51:14.669+0000] {dag.py:3036} INFO - Sync 1 DAGs
[2024-10-14T21:51:14.684+0000] {logging_mixin.py:188} INFO - [2024-10-14T21:51:14.684+0000] {dag.py:3823} INFO - Setting next_dagrun for example_task_group to 2024-10-13 00:00:00+00:00, run_after=2024-10-14 00:00:00+00:00
[2024-10-14T21:51:14.699+0000] {processor.py:183} INFO - Processing /home/airflow/.local/lib/python3.8/site-packages/airflow/example_dags/example_task_group.py took 0.113 seconds
[2024-10-14T21:51:45.031+0000] {processor.py:161} INFO - Started process (PID=273) to work on /home/airflow/.local/lib/python3.8/site-packages/airflow/example_dags/example_task_group.py
[2024-10-14T21:51:45.032+0000] {processor.py:830} INFO - Processing file /home/airflow/.local/lib/python3.8/site-packages/airflow/example_dags/example_task_group.py for tasks to queue
[2024-10-14T21:51:45.033+0000] {logging_mixin.py:188} INFO - [2024-10-14T21:51:45.033+0000] {dagbag.py:538} INFO - Filling up the DagBag from /home/airflow/.local/lib/python3.8/site-packages/airflow/example_dags/example_task_group.py
[2024-10-14T21:51:45.039+0000] {processor.py:840} INFO - DAG(s) 'example_task_group' retrieved from /home/airflow/.local/lib/python3.8/site-packages/airflow/example_dags/example_task_group.py
[2024-10-14T21:51:45.069+0000] {logging_mixin.py:188} INFO - [2024-10-14T21:51:45.069+0000] {dag.py:3036} INFO - Sync 1 DAGs
[2024-10-14T21:51:45.088+0000] {logging_mixin.py:188} INFO - [2024-10-14T21:51:45.088+0000] {dag.py:3823} INFO - Setting next_dagrun for example_task_group to 2024-10-13 00:00:00+00:00, run_after=2024-10-14 00:00:00+00:00
[2024-10-14T21:51:45.102+0000] {processor.py:183} INFO - Processing /home/airflow/.local/lib/python3.8/site-packages/airflow/example_dags/example_task_group.py took 0.074 seconds
[2024-10-14T21:52:15.910+0000] {processor.py:161} INFO - Started process (PID=340) to work on /home/airflow/.local/lib/python3.8/site-packages/airflow/example_dags/example_task_group.py
[2024-10-14T21:52:15.911+0000] {processor.py:830} INFO - Processing file /home/airflow/.local/lib/python3.8/site-packages/airflow/example_dags/example_task_group.py for tasks to queue
[2024-10-14T21:52:15.912+0000] {logging_mixin.py:188} INFO - [2024-10-14T21:52:15.912+0000] {dagbag.py:538} INFO - Filling up the DagBag from /home/airflow/.local/lib/python3.8/site-packages/airflow/example_dags/example_task_group.py
[2024-10-14T21:52:15.918+0000] {processor.py:840} INFO - DAG(s) 'example_task_group' retrieved from /home/airflow/.local/lib/python3.8/site-packages/airflow/example_dags/example_task_group.py
[2024-10-14T21:52:15.936+0000] {logging_mixin.py:188} INFO - [2024-10-14T21:52:15.935+0000] {dag.py:3036} INFO - Sync 1 DAGs
[2024-10-14T21:52:15.951+0000] {logging_mixin.py:188} INFO - [2024-10-14T21:52:15.951+0000] {dag.py:3823} INFO - Setting next_dagrun for example_task_group to 2024-10-13 00:00:00+00:00, run_after=2024-10-14 00:00:00+00:00
[2024-10-14T21:52:15.967+0000] {processor.py:183} INFO - Processing /home/airflow/.local/lib/python3.8/site-packages/airflow/example_dags/example_task_group.py took 0.060 seconds
[2024-10-14T21:52:47.056+0000] {processor.py:161} INFO - Started process (PID=421) to work on /home/airflow/.local/lib/python3.8/site-packages/airflow/example_dags/example_task_group.py
[2024-10-14T21:52:47.057+0000] {processor.py:830} INFO - Processing file /home/airflow/.local/lib/python3.8/site-packages/airflow/example_dags/example_task_group.py for tasks to queue
[2024-10-14T21:52:47.059+0000] {logging_mixin.py:188} INFO - [2024-10-14T21:52:47.058+0000] {dagbag.py:538} INFO - Filling up the DagBag from /home/airflow/.local/lib/python3.8/site-packages/airflow/example_dags/example_task_group.py
[2024-10-14T21:52:47.065+0000] {processor.py:840} INFO - DAG(s) 'example_task_group' retrieved from /home/airflow/.local/lib/python3.8/site-packages/airflow/example_dags/example_task_group.py
[2024-10-14T21:52:47.093+0000] {logging_mixin.py:188} INFO - [2024-10-14T21:52:47.092+0000] {dag.py:3036} INFO - Sync 1 DAGs
[2024-10-14T21:52:47.122+0000] {logging_mixin.py:188} INFO - [2024-10-14T21:52:47.121+0000] {dag.py:3823} INFO - Setting next_dagrun for example_task_group to 2024-10-13 00:00:00+00:00, run_after=2024-10-14 00:00:00+00:00
[2024-10-14T21:52:47.144+0000] {processor.py:183} INFO - Processing /home/airflow/.local/lib/python3.8/site-packages/airflow/example_dags/example_task_group.py took 0.093 seconds
[2024-10-14T21:53:18.087+0000] {processor.py:161} INFO - Started process (PID=493) to work on /home/airflow/.local/lib/python3.8/site-packages/airflow/example_dags/example_task_group.py
[2024-10-14T21:53:18.088+0000] {processor.py:830} INFO - Processing file /home/airflow/.local/lib/python3.8/site-packages/airflow/example_dags/example_task_group.py for tasks to queue
[2024-10-14T21:53:18.090+0000] {logging_mixin.py:188} INFO - [2024-10-14T21:53:18.090+0000] {dagbag.py:538} INFO - Filling up the DagBag from /home/airflow/.local/lib/python3.8/site-packages/airflow/example_dags/example_task_group.py
[2024-10-14T21:53:18.095+0000] {processor.py:840} INFO - DAG(s) 'example_task_group' retrieved from /home/airflow/.local/lib/python3.8/site-packages/airflow/example_dags/example_task_group.py
[2024-10-14T21:53:18.116+0000] {logging_mixin.py:188} INFO - [2024-10-14T21:53:18.115+0000] {dag.py:3036} INFO - Sync 1 DAGs
[2024-10-14T21:53:18.140+0000] {logging_mixin.py:188} INFO - [2024-10-14T21:53:18.140+0000] {dag.py:3823} INFO - Setting next_dagrun for example_task_group to 2024-10-13 00:00:00+00:00, run_after=2024-10-14 00:00:00+00:00
[2024-10-14T21:53:18.160+0000] {processor.py:183} INFO - Processing /home/airflow/.local/lib/python3.8/site-packages/airflow/example_dags/example_task_group.py took 0.080 seconds
[2024-10-14T21:53:48.526+0000] {processor.py:161} INFO - Started process (PID=573) to work on /home/airflow/.local/lib/python3.8/site-packages/airflow/example_dags/example_task_group.py
[2024-10-14T21:53:48.527+0000] {processor.py:830} INFO - Processing file /home/airflow/.local/lib/python3.8/site-packages/airflow/example_dags/example_task_group.py for tasks to queue
[2024-10-14T21:53:48.529+0000] {logging_mixin.py:188} INFO - [2024-10-14T21:53:48.528+0000] {dagbag.py:538} INFO - Filling up the DagBag from /home/airflow/.local/lib/python3.8/site-packages/airflow/example_dags/example_task_group.py
[2024-10-14T21:53:48.540+0000] {processor.py:840} INFO - DAG(s) 'example_task_group' retrieved from /home/airflow/.local/lib/python3.8/site-packages/airflow/example_dags/example_task_group.py
[2024-10-14T21:53:48.564+0000] {logging_mixin.py:188} INFO - [2024-10-14T21:53:48.564+0000] {dag.py:3036} INFO - Sync 1 DAGs
[2024-10-14T21:53:48.595+0000] {logging_mixin.py:188} INFO - [2024-10-14T21:53:48.594+0000] {dag.py:3823} INFO - Setting next_dagrun for example_task_group to 2024-10-13 00:00:00+00:00, run_after=2024-10-14 00:00:00+00:00
[2024-10-14T21:53:48.623+0000] {processor.py:183} INFO - Processing /home/airflow/.local/lib/python3.8/site-packages/airflow/example_dags/example_task_group.py took 0.100 seconds
[2024-10-14T21:54:18.879+0000] {processor.py:161} INFO - Started process (PID=656) to work on /home/airflow/.local/lib/python3.8/site-packages/airflow/example_dags/example_task_group.py
[2024-10-14T21:54:18.881+0000] {processor.py:830} INFO - Processing file /home/airflow/.local/lib/python3.8/site-packages/airflow/example_dags/example_task_group.py for tasks to queue
[2024-10-14T21:54:18.885+0000] {logging_mixin.py:188} INFO - [2024-10-14T21:54:18.884+0000] {dagbag.py:538} INFO - Filling up the DagBag from /home/airflow/.local/lib/python3.8/site-packages/airflow/example_dags/example_task_group.py
[2024-10-14T21:54:18.895+0000] {processor.py:840} INFO - DAG(s) 'example_task_group' retrieved from /home/airflow/.local/lib/python3.8/site-packages/airflow/example_dags/example_task_group.py
[2024-10-14T21:54:18.935+0000] {logging_mixin.py:188} INFO - [2024-10-14T21:54:18.934+0000] {dag.py:3036} INFO - Sync 1 DAGs
[2024-10-14T21:54:18.977+0000] {logging_mixin.py:188} INFO - [2024-10-14T21:54:18.976+0000] {dag.py:3823} INFO - Setting next_dagrun for example_task_group to 2024-10-13 00:00:00+00:00, run_after=2024-10-14 00:00:00+00:00
[2024-10-14T21:54:18.999+0000] {processor.py:183} INFO - Processing /home/airflow/.local/lib/python3.8/site-packages/airflow/example_dags/example_task_group.py took 0.122 seconds
[2024-10-14T21:58:43.248+0000] {processor.py:161} INFO - Started process (PID=117) to work on /home/airflow/.local/lib/python3.8/site-packages/airflow/example_dags/example_task_group.py
[2024-10-14T21:58:43.250+0000] {processor.py:830} INFO - Processing file /home/airflow/.local/lib/python3.8/site-packages/airflow/example_dags/example_task_group.py for tasks to queue
[2024-10-14T21:58:43.252+0000] {logging_mixin.py:188} INFO - [2024-10-14T21:58:43.252+0000] {dagbag.py:538} INFO - Filling up the DagBag from /home/airflow/.local/lib/python3.8/site-packages/airflow/example_dags/example_task_group.py
[2024-10-14T21:58:43.260+0000] {processor.py:840} INFO - DAG(s) 'example_task_group' retrieved from /home/airflow/.local/lib/python3.8/site-packages/airflow/example_dags/example_task_group.py
[2024-10-14T21:58:43.272+0000] {logging_mixin.py:188} INFO - [2024-10-14T21:58:43.272+0000] {dag.py:3036} INFO - Sync 1 DAGs
[2024-10-14T21:58:43.291+0000] {logging_mixin.py:188} INFO - [2024-10-14T21:58:43.290+0000] {dag.py:3823} INFO - Setting next_dagrun for example_task_group to 2024-10-13 00:00:00+00:00, run_after=2024-10-14 00:00:00+00:00
[2024-10-14T21:58:43.308+0000] {processor.py:183} INFO - Processing /home/airflow/.local/lib/python3.8/site-packages/airflow/example_dags/example_task_group.py took 0.063 seconds
[2024-10-14T21:59:15.579+0000] {processor.py:161} INFO - Started process (PID=191) to work on /home/airflow/.local/lib/python3.8/site-packages/airflow/example_dags/example_task_group.py
[2024-10-14T21:59:15.581+0000] {processor.py:830} INFO - Processing file /home/airflow/.local/lib/python3.8/site-packages/airflow/example_dags/example_task_group.py for tasks to queue
[2024-10-14T21:59:15.583+0000] {logging_mixin.py:188} INFO - [2024-10-14T21:59:15.582+0000] {dagbag.py:538} INFO - Filling up the DagBag from /home/airflow/.local/lib/python3.8/site-packages/airflow/example_dags/example_task_group.py
[2024-10-14T21:59:15.594+0000] {processor.py:840} INFO - DAG(s) 'example_task_group' retrieved from /home/airflow/.local/lib/python3.8/site-packages/airflow/example_dags/example_task_group.py
[2024-10-14T21:59:15.746+0000] {logging_mixin.py:188} INFO - [2024-10-14T21:59:15.745+0000] {dag.py:3036} INFO - Sync 1 DAGs
[2024-10-14T21:59:15.784+0000] {logging_mixin.py:188} INFO - [2024-10-14T21:59:15.783+0000] {dag.py:3823} INFO - Setting next_dagrun for example_task_group to 2024-10-13 00:00:00+00:00, run_after=2024-10-14 00:00:00+00:00
[2024-10-14T21:59:15.825+0000] {processor.py:183} INFO - Processing /home/airflow/.local/lib/python3.8/site-packages/airflow/example_dags/example_task_group.py took 0.248 seconds
[2024-10-14T21:59:46.346+0000] {processor.py:161} INFO - Started process (PID=272) to work on /home/airflow/.local/lib/python3.8/site-packages/airflow/example_dags/example_task_group.py
[2024-10-14T21:59:46.346+0000] {processor.py:830} INFO - Processing file /home/airflow/.local/lib/python3.8/site-packages/airflow/example_dags/example_task_group.py for tasks to queue
[2024-10-14T21:59:46.347+0000] {logging_mixin.py:188} INFO - [2024-10-14T21:59:46.347+0000] {dagbag.py:538} INFO - Filling up the DagBag from /home/airflow/.local/lib/python3.8/site-packages/airflow/example_dags/example_task_group.py
[2024-10-14T21:59:46.357+0000] {processor.py:840} INFO - DAG(s) 'example_task_group' retrieved from /home/airflow/.local/lib/python3.8/site-packages/airflow/example_dags/example_task_group.py
[2024-10-14T21:59:46.378+0000] {logging_mixin.py:188} INFO - [2024-10-14T21:59:46.378+0000] {dag.py:3036} INFO - Sync 1 DAGs
[2024-10-14T21:59:46.413+0000] {logging_mixin.py:188} INFO - [2024-10-14T21:59:46.412+0000] {dag.py:3823} INFO - Setting next_dagrun for example_task_group to 2024-10-13 00:00:00+00:00, run_after=2024-10-14 00:00:00+00:00
[2024-10-14T21:59:46.430+0000] {processor.py:183} INFO - Processing /home/airflow/.local/lib/python3.8/site-packages/airflow/example_dags/example_task_group.py took 0.088 seconds
[2024-10-14T22:00:17.230+0000] {processor.py:161} INFO - Started process (PID=340) to work on /home/airflow/.local/lib/python3.8/site-packages/airflow/example_dags/example_task_group.py
[2024-10-14T22:00:17.230+0000] {processor.py:830} INFO - Processing file /home/airflow/.local/lib/python3.8/site-packages/airflow/example_dags/example_task_group.py for tasks to queue
[2024-10-14T22:00:17.232+0000] {logging_mixin.py:188} INFO - [2024-10-14T22:00:17.232+0000] {dagbag.py:538} INFO - Filling up the DagBag from /home/airflow/.local/lib/python3.8/site-packages/airflow/example_dags/example_task_group.py
[2024-10-14T22:00:17.243+0000] {processor.py:840} INFO - DAG(s) 'example_task_group' retrieved from /home/airflow/.local/lib/python3.8/site-packages/airflow/example_dags/example_task_group.py
[2024-10-14T22:00:17.265+0000] {logging_mixin.py:188} INFO - [2024-10-14T22:00:17.265+0000] {dag.py:3036} INFO - Sync 1 DAGs
[2024-10-14T22:00:17.292+0000] {logging_mixin.py:188} INFO - [2024-10-14T22:00:17.292+0000] {dag.py:3823} INFO - Setting next_dagrun for example_task_group to 2024-10-13 00:00:00+00:00, run_after=2024-10-14 00:00:00+00:00
[2024-10-14T22:00:17.311+0000] {processor.py:183} INFO - Processing /home/airflow/.local/lib/python3.8/site-packages/airflow/example_dags/example_task_group.py took 0.084 seconds
[2024-10-14T22:00:47.695+0000] {processor.py:161} INFO - Started process (PID=412) to work on /home/airflow/.local/lib/python3.8/site-packages/airflow/example_dags/example_task_group.py
[2024-10-14T22:00:47.695+0000] {processor.py:830} INFO - Processing file /home/airflow/.local/lib/python3.8/site-packages/airflow/example_dags/example_task_group.py for tasks to queue
[2024-10-14T22:00:47.697+0000] {logging_mixin.py:188} INFO - [2024-10-14T22:00:47.697+0000] {dagbag.py:538} INFO - Filling up the DagBag from /home/airflow/.local/lib/python3.8/site-packages/airflow/example_dags/example_task_group.py
[2024-10-14T22:00:47.711+0000] {processor.py:840} INFO - DAG(s) 'example_task_group' retrieved from /home/airflow/.local/lib/python3.8/site-packages/airflow/example_dags/example_task_group.py
[2024-10-14T22:00:47.741+0000] {logging_mixin.py:188} INFO - [2024-10-14T22:00:47.740+0000] {dag.py:3036} INFO - Sync 1 DAGs
[2024-10-14T22:00:47.766+0000] {logging_mixin.py:188} INFO - [2024-10-14T22:00:47.766+0000] {dag.py:3823} INFO - Setting next_dagrun for example_task_group to 2024-10-13 00:00:00+00:00, run_after=2024-10-14 00:00:00+00:00
[2024-10-14T22:00:47.794+0000] {processor.py:183} INFO - Processing /home/airflow/.local/lib/python3.8/site-packages/airflow/example_dags/example_task_group.py took 0.102 seconds
[2024-10-14T22:01:17.934+0000] {processor.py:161} INFO - Started process (PID=494) to work on /home/airflow/.local/lib/python3.8/site-packages/airflow/example_dags/example_task_group.py
[2024-10-14T22:01:17.935+0000] {processor.py:830} INFO - Processing file /home/airflow/.local/lib/python3.8/site-packages/airflow/example_dags/example_task_group.py for tasks to queue
[2024-10-14T22:01:17.941+0000] {logging_mixin.py:188} INFO - [2024-10-14T22:01:17.940+0000] {dagbag.py:538} INFO - Filling up the DagBag from /home/airflow/.local/lib/python3.8/site-packages/airflow/example_dags/example_task_group.py
[2024-10-14T22:01:17.947+0000] {processor.py:840} INFO - DAG(s) 'example_task_group' retrieved from /home/airflow/.local/lib/python3.8/site-packages/airflow/example_dags/example_task_group.py
[2024-10-14T22:01:17.972+0000] {logging_mixin.py:188} INFO - [2024-10-14T22:01:17.971+0000] {dag.py:3036} INFO - Sync 1 DAGs
[2024-10-14T22:01:17.994+0000] {logging_mixin.py:188} INFO - [2024-10-14T22:01:17.994+0000] {dag.py:3823} INFO - Setting next_dagrun for example_task_group to 2024-10-13 00:00:00+00:00, run_after=2024-10-14 00:00:00+00:00
[2024-10-14T22:01:18.013+0000] {processor.py:183} INFO - Processing /home/airflow/.local/lib/python3.8/site-packages/airflow/example_dags/example_task_group.py took 0.082 seconds
[2024-10-14T22:01:48.298+0000] {processor.py:161} INFO - Started process (PID=568) to work on /home/airflow/.local/lib/python3.8/site-packages/airflow/example_dags/example_task_group.py
[2024-10-14T22:01:48.298+0000] {processor.py:830} INFO - Processing file /home/airflow/.local/lib/python3.8/site-packages/airflow/example_dags/example_task_group.py for tasks to queue
[2024-10-14T22:01:48.300+0000] {logging_mixin.py:188} INFO - [2024-10-14T22:01:48.300+0000] {dagbag.py:538} INFO - Filling up the DagBag from /home/airflow/.local/lib/python3.8/site-packages/airflow/example_dags/example_task_group.py
[2024-10-14T22:01:48.312+0000] {processor.py:840} INFO - DAG(s) 'example_task_group' retrieved from /home/airflow/.local/lib/python3.8/site-packages/airflow/example_dags/example_task_group.py
[2024-10-14T22:01:48.338+0000] {logging_mixin.py:188} INFO - [2024-10-14T22:01:48.337+0000] {dag.py:3036} INFO - Sync 1 DAGs
[2024-10-14T22:01:48.361+0000] {logging_mixin.py:188} INFO - [2024-10-14T22:01:48.361+0000] {dag.py:3823} INFO - Setting next_dagrun for example_task_group to 2024-10-13 00:00:00+00:00, run_after=2024-10-14 00:00:00+00:00
[2024-10-14T22:01:48.380+0000] {processor.py:183} INFO - Processing /home/airflow/.local/lib/python3.8/site-packages/airflow/example_dags/example_task_group.py took 0.085 seconds
[2024-10-14T22:02:18.744+0000] {processor.py:161} INFO - Started process (PID=650) to work on /home/airflow/.local/lib/python3.8/site-packages/airflow/example_dags/example_task_group.py
[2024-10-14T22:02:18.745+0000] {processor.py:830} INFO - Processing file /home/airflow/.local/lib/python3.8/site-packages/airflow/example_dags/example_task_group.py for tasks to queue
[2024-10-14T22:02:18.746+0000] {logging_mixin.py:188} INFO - [2024-10-14T22:02:18.746+0000] {dagbag.py:538} INFO - Filling up the DagBag from /home/airflow/.local/lib/python3.8/site-packages/airflow/example_dags/example_task_group.py
[2024-10-14T22:02:18.754+0000] {processor.py:840} INFO - DAG(s) 'example_task_group' retrieved from /home/airflow/.local/lib/python3.8/site-packages/airflow/example_dags/example_task_group.py
[2024-10-14T22:02:18.783+0000] {logging_mixin.py:188} INFO - [2024-10-14T22:02:18.783+0000] {dag.py:3036} INFO - Sync 1 DAGs
[2024-10-14T22:02:18.811+0000] {logging_mixin.py:188} INFO - [2024-10-14T22:02:18.810+0000] {dag.py:3823} INFO - Setting next_dagrun for example_task_group to 2024-10-13 00:00:00+00:00, run_after=2024-10-14 00:00:00+00:00
[2024-10-14T22:02:18.832+0000] {processor.py:183} INFO - Processing /home/airflow/.local/lib/python3.8/site-packages/airflow/example_dags/example_task_group.py took 0.091 seconds
[2024-10-14T22:02:49.437+0000] {processor.py:161} INFO - Started process (PID=724) to work on /home/airflow/.local/lib/python3.8/site-packages/airflow/example_dags/example_task_group.py
[2024-10-14T22:02:49.440+0000] {processor.py:830} INFO - Processing file /home/airflow/.local/lib/python3.8/site-packages/airflow/example_dags/example_task_group.py for tasks to queue
[2024-10-14T22:02:49.444+0000] {logging_mixin.py:188} INFO - [2024-10-14T22:02:49.444+0000] {dagbag.py:538} INFO - Filling up the DagBag from /home/airflow/.local/lib/python3.8/site-packages/airflow/example_dags/example_task_group.py
[2024-10-14T22:02:49.453+0000] {processor.py:840} INFO - DAG(s) 'example_task_group' retrieved from /home/airflow/.local/lib/python3.8/site-packages/airflow/example_dags/example_task_group.py
[2024-10-14T22:02:49.476+0000] {logging_mixin.py:188} INFO - [2024-10-14T22:02:49.476+0000] {dag.py:3036} INFO - Sync 1 DAGs
[2024-10-14T22:02:49.498+0000] {logging_mixin.py:188} INFO - [2024-10-14T22:02:49.498+0000] {dag.py:3823} INFO - Setting next_dagrun for example_task_group to 2024-10-13 00:00:00+00:00, run_after=2024-10-14 00:00:00+00:00
[2024-10-14T22:02:49.518+0000] {processor.py:183} INFO - Processing /home/airflow/.local/lib/python3.8/site-packages/airflow/example_dags/example_task_group.py took 0.085 seconds
[2024-10-14T22:03:20.471+0000] {processor.py:161} INFO - Started process (PID=806) to work on /home/airflow/.local/lib/python3.8/site-packages/airflow/example_dags/example_task_group.py
[2024-10-14T22:03:20.473+0000] {processor.py:830} INFO - Processing file /home/airflow/.local/lib/python3.8/site-packages/airflow/example_dags/example_task_group.py for tasks to queue
[2024-10-14T22:03:20.478+0000] {logging_mixin.py:188} INFO - [2024-10-14T22:03:20.477+0000] {dagbag.py:538} INFO - Filling up the DagBag from /home/airflow/.local/lib/python3.8/site-packages/airflow/example_dags/example_task_group.py
[2024-10-14T22:03:20.491+0000] {processor.py:840} INFO - DAG(s) 'example_task_group' retrieved from /home/airflow/.local/lib/python3.8/site-packages/airflow/example_dags/example_task_group.py
[2024-10-14T22:03:20.530+0000] {logging_mixin.py:188} INFO - [2024-10-14T22:03:20.530+0000] {dag.py:3036} INFO - Sync 1 DAGs
[2024-10-14T22:03:20.570+0000] {logging_mixin.py:188} INFO - [2024-10-14T22:03:20.569+0000] {dag.py:3823} INFO - Setting next_dagrun for example_task_group to 2024-10-13 00:00:00+00:00, run_after=2024-10-14 00:00:00+00:00
[2024-10-14T22:03:20.612+0000] {processor.py:183} INFO - Processing /home/airflow/.local/lib/python3.8/site-packages/airflow/example_dags/example_task_group.py took 0.146 seconds
[2024-10-14T22:03:50.769+0000] {processor.py:161} INFO - Started process (PID=879) to work on /home/airflow/.local/lib/python3.8/site-packages/airflow/example_dags/example_task_group.py
[2024-10-14T22:03:50.770+0000] {processor.py:830} INFO - Processing file /home/airflow/.local/lib/python3.8/site-packages/airflow/example_dags/example_task_group.py for tasks to queue
[2024-10-14T22:03:50.771+0000] {logging_mixin.py:188} INFO - [2024-10-14T22:03:50.771+0000] {dagbag.py:538} INFO - Filling up the DagBag from /home/airflow/.local/lib/python3.8/site-packages/airflow/example_dags/example_task_group.py
[2024-10-14T22:03:50.777+0000] {processor.py:840} INFO - DAG(s) 'example_task_group' retrieved from /home/airflow/.local/lib/python3.8/site-packages/airflow/example_dags/example_task_group.py
[2024-10-14T22:03:50.792+0000] {logging_mixin.py:188} INFO - [2024-10-14T22:03:50.792+0000] {dag.py:3036} INFO - Sync 1 DAGs
[2024-10-14T22:03:50.808+0000] {logging_mixin.py:188} INFO - [2024-10-14T22:03:50.808+0000] {dag.py:3823} INFO - Setting next_dagrun for example_task_group to 2024-10-13 00:00:00+00:00, run_after=2024-10-14 00:00:00+00:00
[2024-10-14T22:03:50.821+0000] {processor.py:183} INFO - Processing /home/airflow/.local/lib/python3.8/site-packages/airflow/example_dags/example_task_group.py took 0.055 seconds
[2024-10-14T22:04:21.132+0000] {processor.py:161} INFO - Started process (PID=953) to work on /home/airflow/.local/lib/python3.8/site-packages/airflow/example_dags/example_task_group.py
[2024-10-14T22:04:21.133+0000] {processor.py:830} INFO - Processing file /home/airflow/.local/lib/python3.8/site-packages/airflow/example_dags/example_task_group.py for tasks to queue
[2024-10-14T22:04:21.135+0000] {logging_mixin.py:188} INFO - [2024-10-14T22:04:21.134+0000] {dagbag.py:538} INFO - Filling up the DagBag from /home/airflow/.local/lib/python3.8/site-packages/airflow/example_dags/example_task_group.py
[2024-10-14T22:04:21.140+0000] {processor.py:840} INFO - DAG(s) 'example_task_group' retrieved from /home/airflow/.local/lib/python3.8/site-packages/airflow/example_dags/example_task_group.py
[2024-10-14T22:04:21.155+0000] {logging_mixin.py:188} INFO - [2024-10-14T22:04:21.155+0000] {dag.py:3036} INFO - Sync 1 DAGs
[2024-10-14T22:04:21.171+0000] {logging_mixin.py:188} INFO - [2024-10-14T22:04:21.171+0000] {dag.py:3823} INFO - Setting next_dagrun for example_task_group to 2024-10-13 00:00:00+00:00, run_after=2024-10-14 00:00:00+00:00
[2024-10-14T22:04:21.186+0000] {processor.py:183} INFO - Processing /home/airflow/.local/lib/python3.8/site-packages/airflow/example_dags/example_task_group.py took 0.056 seconds
[2024-10-14T22:04:51.744+0000] {processor.py:161} INFO - Started process (PID=1033) to work on /home/airflow/.local/lib/python3.8/site-packages/airflow/example_dags/example_task_group.py
[2024-10-14T22:04:51.745+0000] {processor.py:830} INFO - Processing file /home/airflow/.local/lib/python3.8/site-packages/airflow/example_dags/example_task_group.py for tasks to queue
[2024-10-14T22:04:51.746+0000] {logging_mixin.py:188} INFO - [2024-10-14T22:04:51.746+0000] {dagbag.py:538} INFO - Filling up the DagBag from /home/airflow/.local/lib/python3.8/site-packages/airflow/example_dags/example_task_group.py
[2024-10-14T22:04:51.753+0000] {processor.py:840} INFO - DAG(s) 'example_task_group' retrieved from /home/airflow/.local/lib/python3.8/site-packages/airflow/example_dags/example_task_group.py
[2024-10-14T22:04:51.776+0000] {logging_mixin.py:188} INFO - [2024-10-14T22:04:51.776+0000] {dag.py:3036} INFO - Sync 1 DAGs
[2024-10-14T22:04:51.798+0000] {logging_mixin.py:188} INFO - [2024-10-14T22:04:51.798+0000] {dag.py:3823} INFO - Setting next_dagrun for example_task_group to 2024-10-13 00:00:00+00:00, run_after=2024-10-14 00:00:00+00:00
[2024-10-14T22:04:51.812+0000] {processor.py:183} INFO - Processing /home/airflow/.local/lib/python3.8/site-packages/airflow/example_dags/example_task_group.py took 0.071 seconds
[2024-10-14T22:05:22.686+0000] {processor.py:161} INFO - Started process (PID=1115) to work on /home/airflow/.local/lib/python3.8/site-packages/airflow/example_dags/example_task_group.py
[2024-10-14T22:05:22.687+0000] {processor.py:830} INFO - Processing file /home/airflow/.local/lib/python3.8/site-packages/airflow/example_dags/example_task_group.py for tasks to queue
[2024-10-14T22:05:22.688+0000] {logging_mixin.py:188} INFO - [2024-10-14T22:05:22.688+0000] {dagbag.py:538} INFO - Filling up the DagBag from /home/airflow/.local/lib/python3.8/site-packages/airflow/example_dags/example_task_group.py
[2024-10-14T22:05:22.695+0000] {processor.py:840} INFO - DAG(s) 'example_task_group' retrieved from /home/airflow/.local/lib/python3.8/site-packages/airflow/example_dags/example_task_group.py
[2024-10-14T22:05:22.711+0000] {logging_mixin.py:188} INFO - [2024-10-14T22:05:22.711+0000] {dag.py:3036} INFO - Sync 1 DAGs
[2024-10-14T22:05:22.729+0000] {logging_mixin.py:188} INFO - [2024-10-14T22:05:22.728+0000] {dag.py:3823} INFO - Setting next_dagrun for example_task_group to 2024-10-13 00:00:00+00:00, run_after=2024-10-14 00:00:00+00:00
[2024-10-14T22:05:22.744+0000] {processor.py:183} INFO - Processing /home/airflow/.local/lib/python3.8/site-packages/airflow/example_dags/example_task_group.py took 0.060 seconds
[2024-10-14T22:05:52.799+0000] {processor.py:161} INFO - Started process (PID=1189) to work on /home/airflow/.local/lib/python3.8/site-packages/airflow/example_dags/example_task_group.py
[2024-10-14T22:05:52.800+0000] {processor.py:830} INFO - Processing file /home/airflow/.local/lib/python3.8/site-packages/airflow/example_dags/example_task_group.py for tasks to queue
[2024-10-14T22:05:52.802+0000] {logging_mixin.py:188} INFO - [2024-10-14T22:05:52.802+0000] {dagbag.py:538} INFO - Filling up the DagBag from /home/airflow/.local/lib/python3.8/site-packages/airflow/example_dags/example_task_group.py
[2024-10-14T22:05:52.808+0000] {processor.py:840} INFO - DAG(s) 'example_task_group' retrieved from /home/airflow/.local/lib/python3.8/site-packages/airflow/example_dags/example_task_group.py
[2024-10-14T22:05:52.824+0000] {logging_mixin.py:188} INFO - [2024-10-14T22:05:52.824+0000] {dag.py:3036} INFO - Sync 1 DAGs
[2024-10-14T22:05:52.841+0000] {logging_mixin.py:188} INFO - [2024-10-14T22:05:52.840+0000] {dag.py:3823} INFO - Setting next_dagrun for example_task_group to 2024-10-13 00:00:00+00:00, run_after=2024-10-14 00:00:00+00:00
[2024-10-14T22:05:52.855+0000] {processor.py:183} INFO - Processing /home/airflow/.local/lib/python3.8/site-packages/airflow/example_dags/example_task_group.py took 0.059 seconds
[2024-10-14T22:06:22.927+0000] {processor.py:161} INFO - Started process (PID=1270) to work on /home/airflow/.local/lib/python3.8/site-packages/airflow/example_dags/example_task_group.py
[2024-10-14T22:06:22.928+0000] {processor.py:830} INFO - Processing file /home/airflow/.local/lib/python3.8/site-packages/airflow/example_dags/example_task_group.py for tasks to queue
[2024-10-14T22:06:22.930+0000] {logging_mixin.py:188} INFO - [2024-10-14T22:06:22.929+0000] {dagbag.py:538} INFO - Filling up the DagBag from /home/airflow/.local/lib/python3.8/site-packages/airflow/example_dags/example_task_group.py
[2024-10-14T22:06:22.936+0000] {processor.py:840} INFO - DAG(s) 'example_task_group' retrieved from /home/airflow/.local/lib/python3.8/site-packages/airflow/example_dags/example_task_group.py
[2024-10-14T22:06:22.951+0000] {logging_mixin.py:188} INFO - [2024-10-14T22:06:22.951+0000] {dag.py:3036} INFO - Sync 1 DAGs
[2024-10-14T22:06:22.967+0000] {logging_mixin.py:188} INFO - [2024-10-14T22:06:22.967+0000] {dag.py:3823} INFO - Setting next_dagrun for example_task_group to 2024-10-13 00:00:00+00:00, run_after=2024-10-14 00:00:00+00:00
[2024-10-14T22:06:22.980+0000] {processor.py:183} INFO - Processing /home/airflow/.local/lib/python3.8/site-packages/airflow/example_dags/example_task_group.py took 0.055 seconds
[2024-10-14T22:06:53.287+0000] {processor.py:161} INFO - Started process (PID=1345) to work on /home/airflow/.local/lib/python3.8/site-packages/airflow/example_dags/example_task_group.py
[2024-10-14T22:06:53.288+0000] {processor.py:830} INFO - Processing file /home/airflow/.local/lib/python3.8/site-packages/airflow/example_dags/example_task_group.py for tasks to queue
[2024-10-14T22:06:53.289+0000] {logging_mixin.py:188} INFO - [2024-10-14T22:06:53.289+0000] {dagbag.py:538} INFO - Filling up the DagBag from /home/airflow/.local/lib/python3.8/site-packages/airflow/example_dags/example_task_group.py
[2024-10-14T22:06:53.295+0000] {processor.py:840} INFO - DAG(s) 'example_task_group' retrieved from /home/airflow/.local/lib/python3.8/site-packages/airflow/example_dags/example_task_group.py
[2024-10-14T22:06:53.310+0000] {logging_mixin.py:188} INFO - [2024-10-14T22:06:53.310+0000] {dag.py:3036} INFO - Sync 1 DAGs
[2024-10-14T22:06:53.326+0000] {logging_mixin.py:188} INFO - [2024-10-14T22:06:53.326+0000] {dag.py:3823} INFO - Setting next_dagrun for example_task_group to 2024-10-13 00:00:00+00:00, run_after=2024-10-14 00:00:00+00:00
[2024-10-14T22:06:53.341+0000] {processor.py:183} INFO - Processing /home/airflow/.local/lib/python3.8/site-packages/airflow/example_dags/example_task_group.py took 0.057 seconds
[2024-10-14T22:07:23.934+0000] {processor.py:161} INFO - Started process (PID=1428) to work on /home/airflow/.local/lib/python3.8/site-packages/airflow/example_dags/example_task_group.py
[2024-10-14T22:07:23.935+0000] {processor.py:830} INFO - Processing file /home/airflow/.local/lib/python3.8/site-packages/airflow/example_dags/example_task_group.py for tasks to queue
[2024-10-14T22:07:23.936+0000] {logging_mixin.py:188} INFO - [2024-10-14T22:07:23.936+0000] {dagbag.py:538} INFO - Filling up the DagBag from /home/airflow/.local/lib/python3.8/site-packages/airflow/example_dags/example_task_group.py
[2024-10-14T22:07:23.946+0000] {processor.py:840} INFO - DAG(s) 'example_task_group' retrieved from /home/airflow/.local/lib/python3.8/site-packages/airflow/example_dags/example_task_group.py
[2024-10-14T22:07:23.967+0000] {logging_mixin.py:188} INFO - [2024-10-14T22:07:23.967+0000] {dag.py:3036} INFO - Sync 1 DAGs
[2024-10-14T22:07:23.989+0000] {logging_mixin.py:188} INFO - [2024-10-14T22:07:23.989+0000] {dag.py:3823} INFO - Setting next_dagrun for example_task_group to 2024-10-13 00:00:00+00:00, run_after=2024-10-14 00:00:00+00:00
[2024-10-14T22:07:24.012+0000] {processor.py:183} INFO - Processing /home/airflow/.local/lib/python3.8/site-packages/airflow/example_dags/example_task_group.py took 0.080 seconds
[2024-10-14T22:07:54.109+0000] {processor.py:161} INFO - Started process (PID=1502) to work on /home/airflow/.local/lib/python3.8/site-packages/airflow/example_dags/example_task_group.py
[2024-10-14T22:07:54.109+0000] {processor.py:830} INFO - Processing file /home/airflow/.local/lib/python3.8/site-packages/airflow/example_dags/example_task_group.py for tasks to queue
[2024-10-14T22:07:54.111+0000] {logging_mixin.py:188} INFO - [2024-10-14T22:07:54.111+0000] {dagbag.py:538} INFO - Filling up the DagBag from /home/airflow/.local/lib/python3.8/site-packages/airflow/example_dags/example_task_group.py
[2024-10-14T22:07:54.117+0000] {processor.py:840} INFO - DAG(s) 'example_task_group' retrieved from /home/airflow/.local/lib/python3.8/site-packages/airflow/example_dags/example_task_group.py
[2024-10-14T22:07:54.137+0000] {logging_mixin.py:188} INFO - [2024-10-14T22:07:54.137+0000] {dag.py:3036} INFO - Sync 1 DAGs
[2024-10-14T22:07:54.156+0000] {logging_mixin.py:188} INFO - [2024-10-14T22:07:54.156+0000] {dag.py:3823} INFO - Setting next_dagrun for example_task_group to 2024-10-13 00:00:00+00:00, run_after=2024-10-14 00:00:00+00:00
[2024-10-14T22:07:54.169+0000] {processor.py:183} INFO - Processing /home/airflow/.local/lib/python3.8/site-packages/airflow/example_dags/example_task_group.py took 0.063 seconds
[2024-10-14T22:08:24.667+0000] {processor.py:161} INFO - Started process (PID=1584) to work on /home/airflow/.local/lib/python3.8/site-packages/airflow/example_dags/example_task_group.py
[2024-10-14T22:08:24.668+0000] {processor.py:830} INFO - Processing file /home/airflow/.local/lib/python3.8/site-packages/airflow/example_dags/example_task_group.py for tasks to queue
[2024-10-14T22:08:24.669+0000] {logging_mixin.py:188} INFO - [2024-10-14T22:08:24.669+0000] {dagbag.py:538} INFO - Filling up the DagBag from /home/airflow/.local/lib/python3.8/site-packages/airflow/example_dags/example_task_group.py
[2024-10-14T22:08:24.680+0000] {processor.py:840} INFO - DAG(s) 'example_task_group' retrieved from /home/airflow/.local/lib/python3.8/site-packages/airflow/example_dags/example_task_group.py
[2024-10-14T22:08:24.702+0000] {logging_mixin.py:188} INFO - [2024-10-14T22:08:24.702+0000] {dag.py:3036} INFO - Sync 1 DAGs
[2024-10-14T22:08:24.725+0000] {logging_mixin.py:188} INFO - [2024-10-14T22:08:24.725+0000] {dag.py:3823} INFO - Setting next_dagrun for example_task_group to 2024-10-13 00:00:00+00:00, run_after=2024-10-14 00:00:00+00:00
[2024-10-14T22:08:24.746+0000] {processor.py:183} INFO - Processing /home/airflow/.local/lib/python3.8/site-packages/airflow/example_dags/example_task_group.py took 0.082 seconds
[2024-10-14T22:08:55.207+0000] {processor.py:161} INFO - Started process (PID=1665) to work on /home/airflow/.local/lib/python3.8/site-packages/airflow/example_dags/example_task_group.py
[2024-10-14T22:08:55.208+0000] {processor.py:830} INFO - Processing file /home/airflow/.local/lib/python3.8/site-packages/airflow/example_dags/example_task_group.py for tasks to queue
[2024-10-14T22:08:55.209+0000] {logging_mixin.py:188} INFO - [2024-10-14T22:08:55.209+0000] {dagbag.py:538} INFO - Filling up the DagBag from /home/airflow/.local/lib/python3.8/site-packages/airflow/example_dags/example_task_group.py
[2024-10-14T22:08:55.215+0000] {processor.py:840} INFO - DAG(s) 'example_task_group' retrieved from /home/airflow/.local/lib/python3.8/site-packages/airflow/example_dags/example_task_group.py
[2024-10-14T22:08:55.235+0000] {logging_mixin.py:188} INFO - [2024-10-14T22:08:55.235+0000] {dag.py:3036} INFO - Sync 1 DAGs
[2024-10-14T22:08:55.256+0000] {logging_mixin.py:188} INFO - [2024-10-14T22:08:55.256+0000] {dag.py:3823} INFO - Setting next_dagrun for example_task_group to 2024-10-13 00:00:00+00:00, run_after=2024-10-14 00:00:00+00:00
[2024-10-14T22:08:55.275+0000] {processor.py:183} INFO - Processing /home/airflow/.local/lib/python3.8/site-packages/airflow/example_dags/example_task_group.py took 0.071 seconds
