[2024-10-14T21:19:54.481+0000] {processor.py:161} INFO - Started process (PID=127) to work on /home/airflow/.local/lib/python3.8/site-packages/airflow/example_dags/example_xcom.py
[2024-10-14T21:19:54.482+0000] {processor.py:830} INFO - Processing file /home/airflow/.local/lib/python3.8/site-packages/airflow/example_dags/example_xcom.py for tasks to queue
[2024-10-14T21:19:54.483+0000] {logging_mixin.py:188} INFO - [2024-10-14T21:19:54.483+0000] {dagbag.py:538} INFO - Filling up the DagBag from /home/airflow/.local/lib/python3.8/site-packages/airflow/example_dags/example_xcom.py
[2024-10-14T21:19:54.490+0000] {processor.py:840} INFO - DAG(s) 'example_xcom' retrieved from /home/airflow/.local/lib/python3.8/site-packages/airflow/example_dags/example_xcom.py
[2024-10-14T21:19:54.574+0000] {logging_mixin.py:188} INFO - [2024-10-14T21:19:54.574+0000] {dag.py:3036} INFO - Sync 1 DAGs
[2024-10-14T21:19:54.590+0000] {logging_mixin.py:188} INFO - [2024-10-14T21:19:54.590+0000] {dag.py:3823} INFO - Setting next_dagrun for example_xcom to 2021-01-01 00:00:00+00:00, run_after=2021-01-01 00:00:00+00:00
[2024-10-14T21:19:54.613+0000] {processor.py:183} INFO - Processing /home/airflow/.local/lib/python3.8/site-packages/airflow/example_dags/example_xcom.py took 0.134 seconds
[2024-10-14T21:20:25.562+0000] {processor.py:161} INFO - Started process (PID=201) to work on /home/airflow/.local/lib/python3.8/site-packages/airflow/example_dags/example_xcom.py
[2024-10-14T21:20:25.563+0000] {processor.py:830} INFO - Processing file /home/airflow/.local/lib/python3.8/site-packages/airflow/example_dags/example_xcom.py for tasks to queue
[2024-10-14T21:20:25.564+0000] {logging_mixin.py:188} INFO - [2024-10-14T21:20:25.564+0000] {dagbag.py:538} INFO - Filling up the DagBag from /home/airflow/.local/lib/python3.8/site-packages/airflow/example_dags/example_xcom.py
[2024-10-14T21:20:25.569+0000] {processor.py:840} INFO - DAG(s) 'example_xcom' retrieved from /home/airflow/.local/lib/python3.8/site-packages/airflow/example_dags/example_xcom.py
[2024-10-14T21:20:25.584+0000] {logging_mixin.py:188} INFO - [2024-10-14T21:20:25.584+0000] {dag.py:3036} INFO - Sync 1 DAGs
[2024-10-14T21:20:25.601+0000] {logging_mixin.py:188} INFO - [2024-10-14T21:20:25.600+0000] {dag.py:3823} INFO - Setting next_dagrun for example_xcom to 2021-01-01 00:00:00+00:00, run_after=2021-01-01 00:00:00+00:00
[2024-10-14T21:20:25.615+0000] {processor.py:183} INFO - Processing /home/airflow/.local/lib/python3.8/site-packages/airflow/example_dags/example_xcom.py took 0.056 seconds
[2024-10-14T21:20:56.496+0000] {processor.py:161} INFO - Started process (PID=282) to work on /home/airflow/.local/lib/python3.8/site-packages/airflow/example_dags/example_xcom.py
[2024-10-14T21:20:56.500+0000] {processor.py:830} INFO - Processing file /home/airflow/.local/lib/python3.8/site-packages/airflow/example_dags/example_xcom.py for tasks to queue
[2024-10-14T21:20:56.502+0000] {logging_mixin.py:188} INFO - [2024-10-14T21:20:56.501+0000] {dagbag.py:538} INFO - Filling up the DagBag from /home/airflow/.local/lib/python3.8/site-packages/airflow/example_dags/example_xcom.py
[2024-10-14T21:20:56.509+0000] {processor.py:840} INFO - DAG(s) 'example_xcom' retrieved from /home/airflow/.local/lib/python3.8/site-packages/airflow/example_dags/example_xcom.py
[2024-10-14T21:20:56.526+0000] {logging_mixin.py:188} INFO - [2024-10-14T21:20:56.526+0000] {dag.py:3036} INFO - Sync 1 DAGs
[2024-10-14T21:20:56.544+0000] {logging_mixin.py:188} INFO - [2024-10-14T21:20:56.544+0000] {dag.py:3823} INFO - Setting next_dagrun for example_xcom to 2021-01-01 00:00:00+00:00, run_after=2021-01-01 00:00:00+00:00
[2024-10-14T21:20:56.563+0000] {processor.py:183} INFO - Processing /home/airflow/.local/lib/python3.8/site-packages/airflow/example_dags/example_xcom.py took 0.069 seconds
[2024-10-14T21:21:27.290+0000] {processor.py:161} INFO - Started process (PID=356) to work on /home/airflow/.local/lib/python3.8/site-packages/airflow/example_dags/example_xcom.py
[2024-10-14T21:21:27.293+0000] {processor.py:830} INFO - Processing file /home/airflow/.local/lib/python3.8/site-packages/airflow/example_dags/example_xcom.py for tasks to queue
[2024-10-14T21:21:27.295+0000] {logging_mixin.py:188} INFO - [2024-10-14T21:21:27.295+0000] {dagbag.py:538} INFO - Filling up the DagBag from /home/airflow/.local/lib/python3.8/site-packages/airflow/example_dags/example_xcom.py
[2024-10-14T21:21:27.301+0000] {processor.py:840} INFO - DAG(s) 'example_xcom' retrieved from /home/airflow/.local/lib/python3.8/site-packages/airflow/example_dags/example_xcom.py
[2024-10-14T21:21:27.315+0000] {logging_mixin.py:188} INFO - [2024-10-14T21:21:27.314+0000] {dag.py:3036} INFO - Sync 1 DAGs
[2024-10-14T21:21:27.329+0000] {logging_mixin.py:188} INFO - [2024-10-14T21:21:27.329+0000] {dag.py:3823} INFO - Setting next_dagrun for example_xcom to 2021-01-01 00:00:00+00:00, run_after=2021-01-01 00:00:00+00:00
[2024-10-14T21:21:27.345+0000] {processor.py:183} INFO - Processing /home/airflow/.local/lib/python3.8/site-packages/airflow/example_dags/example_xcom.py took 0.057 seconds
[2024-10-14T21:21:57.803+0000] {processor.py:161} INFO - Started process (PID=437) to work on /home/airflow/.local/lib/python3.8/site-packages/airflow/example_dags/example_xcom.py
[2024-10-14T21:21:57.803+0000] {processor.py:830} INFO - Processing file /home/airflow/.local/lib/python3.8/site-packages/airflow/example_dags/example_xcom.py for tasks to queue
[2024-10-14T21:21:57.807+0000] {logging_mixin.py:188} INFO - [2024-10-14T21:21:57.805+0000] {dagbag.py:538} INFO - Filling up the DagBag from /home/airflow/.local/lib/python3.8/site-packages/airflow/example_dags/example_xcom.py
[2024-10-14T21:21:57.816+0000] {processor.py:840} INFO - DAG(s) 'example_xcom' retrieved from /home/airflow/.local/lib/python3.8/site-packages/airflow/example_dags/example_xcom.py
[2024-10-14T21:21:57.844+0000] {logging_mixin.py:188} INFO - [2024-10-14T21:21:57.843+0000] {dag.py:3036} INFO - Sync 1 DAGs
[2024-10-14T21:21:57.870+0000] {logging_mixin.py:188} INFO - [2024-10-14T21:21:57.870+0000] {dag.py:3823} INFO - Setting next_dagrun for example_xcom to 2021-01-01 00:00:00+00:00, run_after=2021-01-01 00:00:00+00:00
[2024-10-14T21:21:57.901+0000] {processor.py:183} INFO - Processing /home/airflow/.local/lib/python3.8/site-packages/airflow/example_dags/example_xcom.py took 0.101 seconds
[2024-10-14T21:22:28.153+0000] {processor.py:161} INFO - Started process (PID=511) to work on /home/airflow/.local/lib/python3.8/site-packages/airflow/example_dags/example_xcom.py
[2024-10-14T21:22:28.154+0000] {processor.py:830} INFO - Processing file /home/airflow/.local/lib/python3.8/site-packages/airflow/example_dags/example_xcom.py for tasks to queue
[2024-10-14T21:22:28.156+0000] {logging_mixin.py:188} INFO - [2024-10-14T21:22:28.156+0000] {dagbag.py:538} INFO - Filling up the DagBag from /home/airflow/.local/lib/python3.8/site-packages/airflow/example_dags/example_xcom.py
[2024-10-14T21:22:28.162+0000] {processor.py:840} INFO - DAG(s) 'example_xcom' retrieved from /home/airflow/.local/lib/python3.8/site-packages/airflow/example_dags/example_xcom.py
[2024-10-14T21:22:28.177+0000] {logging_mixin.py:188} INFO - [2024-10-14T21:22:28.177+0000] {dag.py:3036} INFO - Sync 1 DAGs
[2024-10-14T21:22:28.192+0000] {logging_mixin.py:188} INFO - [2024-10-14T21:22:28.192+0000] {dag.py:3823} INFO - Setting next_dagrun for example_xcom to 2021-01-01 00:00:00+00:00, run_after=2021-01-01 00:00:00+00:00
[2024-10-14T21:22:28.207+0000] {processor.py:183} INFO - Processing /home/airflow/.local/lib/python3.8/site-packages/airflow/example_dags/example_xcom.py took 0.056 seconds
[2024-10-14T21:22:59.234+0000] {processor.py:161} INFO - Started process (PID=593) to work on /home/airflow/.local/lib/python3.8/site-packages/airflow/example_dags/example_xcom.py
[2024-10-14T21:22:59.235+0000] {processor.py:830} INFO - Processing file /home/airflow/.local/lib/python3.8/site-packages/airflow/example_dags/example_xcom.py for tasks to queue
[2024-10-14T21:22:59.236+0000] {logging_mixin.py:188} INFO - [2024-10-14T21:22:59.235+0000] {dagbag.py:538} INFO - Filling up the DagBag from /home/airflow/.local/lib/python3.8/site-packages/airflow/example_dags/example_xcom.py
[2024-10-14T21:22:59.245+0000] {processor.py:840} INFO - DAG(s) 'example_xcom' retrieved from /home/airflow/.local/lib/python3.8/site-packages/airflow/example_dags/example_xcom.py
[2024-10-14T21:22:59.263+0000] {logging_mixin.py:188} INFO - [2024-10-14T21:22:59.263+0000] {dag.py:3036} INFO - Sync 1 DAGs
[2024-10-14T21:22:59.283+0000] {logging_mixin.py:188} INFO - [2024-10-14T21:22:59.283+0000] {dag.py:3823} INFO - Setting next_dagrun for example_xcom to 2021-01-01 00:00:00+00:00, run_after=2021-01-01 00:00:00+00:00
[2024-10-14T21:22:59.303+0000] {processor.py:183} INFO - Processing /home/airflow/.local/lib/python3.8/site-packages/airflow/example_dags/example_xcom.py took 0.071 seconds
[2024-10-14T21:23:30.171+0000] {processor.py:161} INFO - Started process (PID=660) to work on /home/airflow/.local/lib/python3.8/site-packages/airflow/example_dags/example_xcom.py
[2024-10-14T21:23:30.172+0000] {processor.py:830} INFO - Processing file /home/airflow/.local/lib/python3.8/site-packages/airflow/example_dags/example_xcom.py for tasks to queue
[2024-10-14T21:23:30.176+0000] {logging_mixin.py:188} INFO - [2024-10-14T21:23:30.175+0000] {dagbag.py:538} INFO - Filling up the DagBag from /home/airflow/.local/lib/python3.8/site-packages/airflow/example_dags/example_xcom.py
[2024-10-14T21:23:30.184+0000] {processor.py:840} INFO - DAG(s) 'example_xcom' retrieved from /home/airflow/.local/lib/python3.8/site-packages/airflow/example_dags/example_xcom.py
[2024-10-14T21:23:30.204+0000] {logging_mixin.py:188} INFO - [2024-10-14T21:23:30.204+0000] {dag.py:3036} INFO - Sync 1 DAGs
[2024-10-14T21:23:30.231+0000] {logging_mixin.py:188} INFO - [2024-10-14T21:23:30.231+0000] {dag.py:3823} INFO - Setting next_dagrun for example_xcom to 2021-01-01 00:00:00+00:00, run_after=2021-01-01 00:00:00+00:00
[2024-10-14T21:23:30.265+0000] {processor.py:183} INFO - Processing /home/airflow/.local/lib/python3.8/site-packages/airflow/example_dags/example_xcom.py took 0.097 seconds
[2024-10-14T21:24:00.876+0000] {processor.py:161} INFO - Started process (PID=740) to work on /home/airflow/.local/lib/python3.8/site-packages/airflow/example_dags/example_xcom.py
[2024-10-14T21:24:00.876+0000] {processor.py:830} INFO - Processing file /home/airflow/.local/lib/python3.8/site-packages/airflow/example_dags/example_xcom.py for tasks to queue
[2024-10-14T21:24:00.877+0000] {logging_mixin.py:188} INFO - [2024-10-14T21:24:00.877+0000] {dagbag.py:538} INFO - Filling up the DagBag from /home/airflow/.local/lib/python3.8/site-packages/airflow/example_dags/example_xcom.py
[2024-10-14T21:24:00.882+0000] {processor.py:840} INFO - DAG(s) 'example_xcom' retrieved from /home/airflow/.local/lib/python3.8/site-packages/airflow/example_dags/example_xcom.py
[2024-10-14T21:24:00.896+0000] {logging_mixin.py:188} INFO - [2024-10-14T21:24:00.896+0000] {dag.py:3036} INFO - Sync 1 DAGs
[2024-10-14T21:24:00.911+0000] {logging_mixin.py:188} INFO - [2024-10-14T21:24:00.911+0000] {dag.py:3823} INFO - Setting next_dagrun for example_xcom to 2021-01-01 00:00:00+00:00, run_after=2021-01-01 00:00:00+00:00
[2024-10-14T21:24:00.928+0000] {processor.py:183} INFO - Processing /home/airflow/.local/lib/python3.8/site-packages/airflow/example_dags/example_xcom.py took 0.055 seconds
[2024-10-14T21:24:31.833+0000] {processor.py:161} INFO - Started process (PID=814) to work on /home/airflow/.local/lib/python3.8/site-packages/airflow/example_dags/example_xcom.py
[2024-10-14T21:24:31.834+0000] {processor.py:830} INFO - Processing file /home/airflow/.local/lib/python3.8/site-packages/airflow/example_dags/example_xcom.py for tasks to queue
[2024-10-14T21:24:31.836+0000] {logging_mixin.py:188} INFO - [2024-10-14T21:24:31.835+0000] {dagbag.py:538} INFO - Filling up the DagBag from /home/airflow/.local/lib/python3.8/site-packages/airflow/example_dags/example_xcom.py
[2024-10-14T21:24:31.848+0000] {processor.py:840} INFO - DAG(s) 'example_xcom' retrieved from /home/airflow/.local/lib/python3.8/site-packages/airflow/example_dags/example_xcom.py
[2024-10-14T21:24:31.881+0000] {logging_mixin.py:188} INFO - [2024-10-14T21:24:31.881+0000] {dag.py:3036} INFO - Sync 1 DAGs
[2024-10-14T21:24:31.912+0000] {logging_mixin.py:188} INFO - [2024-10-14T21:24:31.911+0000] {dag.py:3823} INFO - Setting next_dagrun for example_xcom to 2021-01-01 00:00:00+00:00, run_after=2021-01-01 00:00:00+00:00
[2024-10-14T21:24:31.935+0000] {processor.py:183} INFO - Processing /home/airflow/.local/lib/python3.8/site-packages/airflow/example_dags/example_xcom.py took 0.105 seconds
[2024-10-14T21:25:02.174+0000] {processor.py:161} INFO - Started process (PID=895) to work on /home/airflow/.local/lib/python3.8/site-packages/airflow/example_dags/example_xcom.py
[2024-10-14T21:25:02.176+0000] {processor.py:830} INFO - Processing file /home/airflow/.local/lib/python3.8/site-packages/airflow/example_dags/example_xcom.py for tasks to queue
[2024-10-14T21:25:02.180+0000] {logging_mixin.py:188} INFO - [2024-10-14T21:25:02.180+0000] {dagbag.py:538} INFO - Filling up the DagBag from /home/airflow/.local/lib/python3.8/site-packages/airflow/example_dags/example_xcom.py
[2024-10-14T21:25:02.188+0000] {processor.py:840} INFO - DAG(s) 'example_xcom' retrieved from /home/airflow/.local/lib/python3.8/site-packages/airflow/example_dags/example_xcom.py
[2024-10-14T21:25:02.215+0000] {logging_mixin.py:188} INFO - [2024-10-14T21:25:02.215+0000] {dag.py:3036} INFO - Sync 1 DAGs
[2024-10-14T21:25:02.241+0000] {logging_mixin.py:188} INFO - [2024-10-14T21:25:02.240+0000] {dag.py:3823} INFO - Setting next_dagrun for example_xcom to 2021-01-01 00:00:00+00:00, run_after=2021-01-01 00:00:00+00:00
[2024-10-14T21:25:02.265+0000] {processor.py:183} INFO - Processing /home/airflow/.local/lib/python3.8/site-packages/airflow/example_dags/example_xcom.py took 0.095 seconds
[2024-10-14T21:25:32.701+0000] {processor.py:161} INFO - Started process (PID=969) to work on /home/airflow/.local/lib/python3.8/site-packages/airflow/example_dags/example_xcom.py
[2024-10-14T21:25:32.702+0000] {processor.py:830} INFO - Processing file /home/airflow/.local/lib/python3.8/site-packages/airflow/example_dags/example_xcom.py for tasks to queue
[2024-10-14T21:25:32.703+0000] {logging_mixin.py:188} INFO - [2024-10-14T21:25:32.703+0000] {dagbag.py:538} INFO - Filling up the DagBag from /home/airflow/.local/lib/python3.8/site-packages/airflow/example_dags/example_xcom.py
[2024-10-14T21:25:32.714+0000] {processor.py:840} INFO - DAG(s) 'example_xcom' retrieved from /home/airflow/.local/lib/python3.8/site-packages/airflow/example_dags/example_xcom.py
[2024-10-14T21:25:32.733+0000] {logging_mixin.py:188} INFO - [2024-10-14T21:25:32.733+0000] {dag.py:3036} INFO - Sync 1 DAGs
[2024-10-14T21:25:32.755+0000] {logging_mixin.py:188} INFO - [2024-10-14T21:25:32.755+0000] {dag.py:3823} INFO - Setting next_dagrun for example_xcom to 2021-01-01 00:00:00+00:00, run_after=2021-01-01 00:00:00+00:00
[2024-10-14T21:25:32.780+0000] {processor.py:183} INFO - Processing /home/airflow/.local/lib/python3.8/site-packages/airflow/example_dags/example_xcom.py took 0.081 seconds
[2024-10-14T21:26:03.101+0000] {processor.py:161} INFO - Started process (PID=1051) to work on /home/airflow/.local/lib/python3.8/site-packages/airflow/example_dags/example_xcom.py
[2024-10-14T21:26:03.101+0000] {processor.py:830} INFO - Processing file /home/airflow/.local/lib/python3.8/site-packages/airflow/example_dags/example_xcom.py for tasks to queue
[2024-10-14T21:26:03.102+0000] {logging_mixin.py:188} INFO - [2024-10-14T21:26:03.102+0000] {dagbag.py:538} INFO - Filling up the DagBag from /home/airflow/.local/lib/python3.8/site-packages/airflow/example_dags/example_xcom.py
[2024-10-14T21:26:03.109+0000] {processor.py:840} INFO - DAG(s) 'example_xcom' retrieved from /home/airflow/.local/lib/python3.8/site-packages/airflow/example_dags/example_xcom.py
[2024-10-14T21:26:03.129+0000] {logging_mixin.py:188} INFO - [2024-10-14T21:26:03.129+0000] {dag.py:3036} INFO - Sync 1 DAGs
[2024-10-14T21:26:03.153+0000] {logging_mixin.py:188} INFO - [2024-10-14T21:26:03.152+0000] {dag.py:3823} INFO - Setting next_dagrun for example_xcom to 2021-01-01 00:00:00+00:00, run_after=2021-01-01 00:00:00+00:00
[2024-10-14T21:26:03.168+0000] {processor.py:183} INFO - Processing /home/airflow/.local/lib/python3.8/site-packages/airflow/example_dags/example_xcom.py took 0.072 seconds
[2024-10-14T21:26:33.446+0000] {processor.py:161} INFO - Started process (PID=1125) to work on /home/airflow/.local/lib/python3.8/site-packages/airflow/example_dags/example_xcom.py
[2024-10-14T21:26:33.450+0000] {processor.py:830} INFO - Processing file /home/airflow/.local/lib/python3.8/site-packages/airflow/example_dags/example_xcom.py for tasks to queue
[2024-10-14T21:26:33.454+0000] {logging_mixin.py:188} INFO - [2024-10-14T21:26:33.454+0000] {dagbag.py:538} INFO - Filling up the DagBag from /home/airflow/.local/lib/python3.8/site-packages/airflow/example_dags/example_xcom.py
[2024-10-14T21:26:33.472+0000] {processor.py:840} INFO - DAG(s) 'example_xcom' retrieved from /home/airflow/.local/lib/python3.8/site-packages/airflow/example_dags/example_xcom.py
[2024-10-14T21:26:33.532+0000] {logging_mixin.py:188} INFO - [2024-10-14T21:26:33.531+0000] {dag.py:3036} INFO - Sync 1 DAGs
[2024-10-14T21:26:33.565+0000] {logging_mixin.py:188} INFO - [2024-10-14T21:26:33.565+0000] {dag.py:3823} INFO - Setting next_dagrun for example_xcom to 2021-01-01 00:00:00+00:00, run_after=2021-01-01 00:00:00+00:00
[2024-10-14T21:26:33.599+0000] {processor.py:183} INFO - Processing /home/airflow/.local/lib/python3.8/site-packages/airflow/example_dags/example_xcom.py took 0.159 seconds
[2024-10-14T21:27:04.430+0000] {processor.py:161} INFO - Started process (PID=1207) to work on /home/airflow/.local/lib/python3.8/site-packages/airflow/example_dags/example_xcom.py
[2024-10-14T21:27:04.430+0000] {processor.py:830} INFO - Processing file /home/airflow/.local/lib/python3.8/site-packages/airflow/example_dags/example_xcom.py for tasks to queue
[2024-10-14T21:27:04.432+0000] {logging_mixin.py:188} INFO - [2024-10-14T21:27:04.431+0000] {dagbag.py:538} INFO - Filling up the DagBag from /home/airflow/.local/lib/python3.8/site-packages/airflow/example_dags/example_xcom.py
[2024-10-14T21:27:04.436+0000] {processor.py:840} INFO - DAG(s) 'example_xcom' retrieved from /home/airflow/.local/lib/python3.8/site-packages/airflow/example_dags/example_xcom.py
[2024-10-14T21:27:04.455+0000] {logging_mixin.py:188} INFO - [2024-10-14T21:27:04.454+0000] {dag.py:3036} INFO - Sync 1 DAGs
[2024-10-14T21:27:04.472+0000] {logging_mixin.py:188} INFO - [2024-10-14T21:27:04.472+0000] {dag.py:3823} INFO - Setting next_dagrun for example_xcom to 2021-01-01 00:00:00+00:00, run_after=2021-01-01 00:00:00+00:00
[2024-10-14T21:27:04.488+0000] {processor.py:183} INFO - Processing /home/airflow/.local/lib/python3.8/site-packages/airflow/example_dags/example_xcom.py took 0.063 seconds
[2024-10-14T21:27:35.422+0000] {processor.py:161} INFO - Started process (PID=1281) to work on /home/airflow/.local/lib/python3.8/site-packages/airflow/example_dags/example_xcom.py
[2024-10-14T21:27:35.423+0000] {processor.py:830} INFO - Processing file /home/airflow/.local/lib/python3.8/site-packages/airflow/example_dags/example_xcom.py for tasks to queue
[2024-10-14T21:27:35.424+0000] {logging_mixin.py:188} INFO - [2024-10-14T21:27:35.424+0000] {dagbag.py:538} INFO - Filling up the DagBag from /home/airflow/.local/lib/python3.8/site-packages/airflow/example_dags/example_xcom.py
[2024-10-14T21:27:35.429+0000] {processor.py:840} INFO - DAG(s) 'example_xcom' retrieved from /home/airflow/.local/lib/python3.8/site-packages/airflow/example_dags/example_xcom.py
[2024-10-14T21:27:35.444+0000] {logging_mixin.py:188} INFO - [2024-10-14T21:27:35.443+0000] {dag.py:3036} INFO - Sync 1 DAGs
[2024-10-14T21:27:35.459+0000] {logging_mixin.py:188} INFO - [2024-10-14T21:27:35.459+0000] {dag.py:3823} INFO - Setting next_dagrun for example_xcom to 2021-01-01 00:00:00+00:00, run_after=2021-01-01 00:00:00+00:00
[2024-10-14T21:27:35.473+0000] {processor.py:183} INFO - Processing /home/airflow/.local/lib/python3.8/site-packages/airflow/example_dags/example_xcom.py took 0.053 seconds
[2024-10-14T21:28:05.577+0000] {processor.py:161} INFO - Started process (PID=1363) to work on /home/airflow/.local/lib/python3.8/site-packages/airflow/example_dags/example_xcom.py
[2024-10-14T21:28:05.578+0000] {processor.py:830} INFO - Processing file /home/airflow/.local/lib/python3.8/site-packages/airflow/example_dags/example_xcom.py for tasks to queue
[2024-10-14T21:28:05.579+0000] {logging_mixin.py:188} INFO - [2024-10-14T21:28:05.579+0000] {dagbag.py:538} INFO - Filling up the DagBag from /home/airflow/.local/lib/python3.8/site-packages/airflow/example_dags/example_xcom.py
[2024-10-14T21:28:05.584+0000] {processor.py:840} INFO - DAG(s) 'example_xcom' retrieved from /home/airflow/.local/lib/python3.8/site-packages/airflow/example_dags/example_xcom.py
[2024-10-14T21:28:05.598+0000] {logging_mixin.py:188} INFO - [2024-10-14T21:28:05.598+0000] {dag.py:3036} INFO - Sync 1 DAGs
[2024-10-14T21:28:05.613+0000] {logging_mixin.py:188} INFO - [2024-10-14T21:28:05.613+0000] {dag.py:3823} INFO - Setting next_dagrun for example_xcom to 2021-01-01 00:00:00+00:00, run_after=2021-01-01 00:00:00+00:00
[2024-10-14T21:28:05.626+0000] {processor.py:183} INFO - Processing /home/airflow/.local/lib/python3.8/site-packages/airflow/example_dags/example_xcom.py took 0.051 seconds
[2024-10-14T21:28:35.744+0000] {processor.py:161} INFO - Started process (PID=1437) to work on /home/airflow/.local/lib/python3.8/site-packages/airflow/example_dags/example_xcom.py
[2024-10-14T21:28:35.745+0000] {processor.py:830} INFO - Processing file /home/airflow/.local/lib/python3.8/site-packages/airflow/example_dags/example_xcom.py for tasks to queue
[2024-10-14T21:28:35.746+0000] {logging_mixin.py:188} INFO - [2024-10-14T21:28:35.746+0000] {dagbag.py:538} INFO - Filling up the DagBag from /home/airflow/.local/lib/python3.8/site-packages/airflow/example_dags/example_xcom.py
[2024-10-14T21:28:35.751+0000] {processor.py:840} INFO - DAG(s) 'example_xcom' retrieved from /home/airflow/.local/lib/python3.8/site-packages/airflow/example_dags/example_xcom.py
[2024-10-14T21:28:35.767+0000] {logging_mixin.py:188} INFO - [2024-10-14T21:28:35.767+0000] {dag.py:3036} INFO - Sync 1 DAGs
[2024-10-14T21:28:35.784+0000] {logging_mixin.py:188} INFO - [2024-10-14T21:28:35.784+0000] {dag.py:3823} INFO - Setting next_dagrun for example_xcom to 2021-01-01 00:00:00+00:00, run_after=2021-01-01 00:00:00+00:00
[2024-10-14T21:28:35.796+0000] {processor.py:183} INFO - Processing /home/airflow/.local/lib/python3.8/site-packages/airflow/example_dags/example_xcom.py took 0.055 seconds
[2024-10-14T21:29:06.225+0000] {processor.py:161} INFO - Started process (PID=1519) to work on /home/airflow/.local/lib/python3.8/site-packages/airflow/example_dags/example_xcom.py
[2024-10-14T21:29:06.225+0000] {processor.py:830} INFO - Processing file /home/airflow/.local/lib/python3.8/site-packages/airflow/example_dags/example_xcom.py for tasks to queue
[2024-10-14T21:29:06.227+0000] {logging_mixin.py:188} INFO - [2024-10-14T21:29:06.226+0000] {dagbag.py:538} INFO - Filling up the DagBag from /home/airflow/.local/lib/python3.8/site-packages/airflow/example_dags/example_xcom.py
[2024-10-14T21:29:06.232+0000] {processor.py:840} INFO - DAG(s) 'example_xcom' retrieved from /home/airflow/.local/lib/python3.8/site-packages/airflow/example_dags/example_xcom.py
[2024-10-14T21:29:06.245+0000] {logging_mixin.py:188} INFO - [2024-10-14T21:29:06.245+0000] {dag.py:3036} INFO - Sync 1 DAGs
[2024-10-14T21:29:06.259+0000] {logging_mixin.py:188} INFO - [2024-10-14T21:29:06.259+0000] {dag.py:3823} INFO - Setting next_dagrun for example_xcom to 2021-01-01 00:00:00+00:00, run_after=2021-01-01 00:00:00+00:00
[2024-10-14T21:29:06.271+0000] {processor.py:183} INFO - Processing /home/airflow/.local/lib/python3.8/site-packages/airflow/example_dags/example_xcom.py took 0.049 seconds
[2024-10-14T21:29:36.631+0000] {processor.py:161} INFO - Started process (PID=1593) to work on /home/airflow/.local/lib/python3.8/site-packages/airflow/example_dags/example_xcom.py
[2024-10-14T21:29:36.631+0000] {processor.py:830} INFO - Processing file /home/airflow/.local/lib/python3.8/site-packages/airflow/example_dags/example_xcom.py for tasks to queue
[2024-10-14T21:29:36.632+0000] {logging_mixin.py:188} INFO - [2024-10-14T21:29:36.632+0000] {dagbag.py:538} INFO - Filling up the DagBag from /home/airflow/.local/lib/python3.8/site-packages/airflow/example_dags/example_xcom.py
[2024-10-14T21:29:36.637+0000] {processor.py:840} INFO - DAG(s) 'example_xcom' retrieved from /home/airflow/.local/lib/python3.8/site-packages/airflow/example_dags/example_xcom.py
[2024-10-14T21:29:36.651+0000] {logging_mixin.py:188} INFO - [2024-10-14T21:29:36.651+0000] {dag.py:3036} INFO - Sync 1 DAGs
[2024-10-14T21:29:36.665+0000] {logging_mixin.py:188} INFO - [2024-10-14T21:29:36.665+0000] {dag.py:3823} INFO - Setting next_dagrun for example_xcom to 2021-01-01 00:00:00+00:00, run_after=2021-01-01 00:00:00+00:00
[2024-10-14T21:29:36.677+0000] {processor.py:183} INFO - Processing /home/airflow/.local/lib/python3.8/site-packages/airflow/example_dags/example_xcom.py took 0.049 seconds
[2024-10-14T21:30:06.923+0000] {processor.py:161} INFO - Started process (PID=1674) to work on /home/airflow/.local/lib/python3.8/site-packages/airflow/example_dags/example_xcom.py
[2024-10-14T21:30:06.924+0000] {processor.py:830} INFO - Processing file /home/airflow/.local/lib/python3.8/site-packages/airflow/example_dags/example_xcom.py for tasks to queue
[2024-10-14T21:30:06.925+0000] {logging_mixin.py:188} INFO - [2024-10-14T21:30:06.925+0000] {dagbag.py:538} INFO - Filling up the DagBag from /home/airflow/.local/lib/python3.8/site-packages/airflow/example_dags/example_xcom.py
[2024-10-14T21:30:06.930+0000] {processor.py:840} INFO - DAG(s) 'example_xcom' retrieved from /home/airflow/.local/lib/python3.8/site-packages/airflow/example_dags/example_xcom.py
[2024-10-14T21:30:06.943+0000] {logging_mixin.py:188} INFO - [2024-10-14T21:30:06.943+0000] {dag.py:3036} INFO - Sync 1 DAGs
[2024-10-14T21:30:06.957+0000] {logging_mixin.py:188} INFO - [2024-10-14T21:30:06.957+0000] {dag.py:3823} INFO - Setting next_dagrun for example_xcom to 2021-01-01 00:00:00+00:00, run_after=2021-01-01 00:00:00+00:00
[2024-10-14T21:30:06.970+0000] {processor.py:183} INFO - Processing /home/airflow/.local/lib/python3.8/site-packages/airflow/example_dags/example_xcom.py took 0.050 seconds
[2024-10-14T21:30:37.244+0000] {processor.py:161} INFO - Started process (PID=1756) to work on /home/airflow/.local/lib/python3.8/site-packages/airflow/example_dags/example_xcom.py
[2024-10-14T21:30:37.244+0000] {processor.py:830} INFO - Processing file /home/airflow/.local/lib/python3.8/site-packages/airflow/example_dags/example_xcom.py for tasks to queue
[2024-10-14T21:30:37.246+0000] {logging_mixin.py:188} INFO - [2024-10-14T21:30:37.246+0000] {dagbag.py:538} INFO - Filling up the DagBag from /home/airflow/.local/lib/python3.8/site-packages/airflow/example_dags/example_xcom.py
[2024-10-14T21:30:37.251+0000] {processor.py:840} INFO - DAG(s) 'example_xcom' retrieved from /home/airflow/.local/lib/python3.8/site-packages/airflow/example_dags/example_xcom.py
[2024-10-14T21:30:37.269+0000] {logging_mixin.py:188} INFO - [2024-10-14T21:30:37.269+0000] {dag.py:3036} INFO - Sync 1 DAGs
[2024-10-14T21:30:37.288+0000] {logging_mixin.py:188} INFO - [2024-10-14T21:30:37.288+0000] {dag.py:3823} INFO - Setting next_dagrun for example_xcom to 2021-01-01 00:00:00+00:00, run_after=2021-01-01 00:00:00+00:00
[2024-10-14T21:30:37.301+0000] {processor.py:183} INFO - Processing /home/airflow/.local/lib/python3.8/site-packages/airflow/example_dags/example_xcom.py took 0.059 seconds
[2024-10-14T21:31:07.602+0000] {processor.py:161} INFO - Started process (PID=1830) to work on /home/airflow/.local/lib/python3.8/site-packages/airflow/example_dags/example_xcom.py
[2024-10-14T21:31:07.603+0000] {processor.py:830} INFO - Processing file /home/airflow/.local/lib/python3.8/site-packages/airflow/example_dags/example_xcom.py for tasks to queue
[2024-10-14T21:31:07.604+0000] {logging_mixin.py:188} INFO - [2024-10-14T21:31:07.604+0000] {dagbag.py:538} INFO - Filling up the DagBag from /home/airflow/.local/lib/python3.8/site-packages/airflow/example_dags/example_xcom.py
[2024-10-14T21:31:07.609+0000] {processor.py:840} INFO - DAG(s) 'example_xcom' retrieved from /home/airflow/.local/lib/python3.8/site-packages/airflow/example_dags/example_xcom.py
[2024-10-14T21:31:07.623+0000] {logging_mixin.py:188} INFO - [2024-10-14T21:31:07.623+0000] {dag.py:3036} INFO - Sync 1 DAGs
[2024-10-14T21:31:07.637+0000] {logging_mixin.py:188} INFO - [2024-10-14T21:31:07.636+0000] {dag.py:3823} INFO - Setting next_dagrun for example_xcom to 2021-01-01 00:00:00+00:00, run_after=2021-01-01 00:00:00+00:00
[2024-10-14T21:31:07.651+0000] {processor.py:183} INFO - Processing /home/airflow/.local/lib/python3.8/site-packages/airflow/example_dags/example_xcom.py took 0.051 seconds
[2024-10-14T21:31:37.962+0000] {processor.py:161} INFO - Started process (PID=1911) to work on /home/airflow/.local/lib/python3.8/site-packages/airflow/example_dags/example_xcom.py
[2024-10-14T21:31:37.963+0000] {processor.py:830} INFO - Processing file /home/airflow/.local/lib/python3.8/site-packages/airflow/example_dags/example_xcom.py for tasks to queue
[2024-10-14T21:31:37.965+0000] {logging_mixin.py:188} INFO - [2024-10-14T21:31:37.964+0000] {dagbag.py:538} INFO - Filling up the DagBag from /home/airflow/.local/lib/python3.8/site-packages/airflow/example_dags/example_xcom.py
[2024-10-14T21:31:37.970+0000] {processor.py:840} INFO - DAG(s) 'example_xcom' retrieved from /home/airflow/.local/lib/python3.8/site-packages/airflow/example_dags/example_xcom.py
[2024-10-14T21:31:37.988+0000] {logging_mixin.py:188} INFO - [2024-10-14T21:31:37.988+0000] {dag.py:3036} INFO - Sync 1 DAGs
[2024-10-14T21:31:38.010+0000] {logging_mixin.py:188} INFO - [2024-10-14T21:31:38.010+0000] {dag.py:3823} INFO - Setting next_dagrun for example_xcom to 2021-01-01 00:00:00+00:00, run_after=2021-01-01 00:00:00+00:00
[2024-10-14T21:31:38.027+0000] {processor.py:183} INFO - Processing /home/airflow/.local/lib/python3.8/site-packages/airflow/example_dags/example_xcom.py took 0.068 seconds
[2024-10-14T21:32:08.377+0000] {processor.py:161} INFO - Started process (PID=1985) to work on /home/airflow/.local/lib/python3.8/site-packages/airflow/example_dags/example_xcom.py
[2024-10-14T21:32:08.378+0000] {processor.py:830} INFO - Processing file /home/airflow/.local/lib/python3.8/site-packages/airflow/example_dags/example_xcom.py for tasks to queue
[2024-10-14T21:32:08.379+0000] {logging_mixin.py:188} INFO - [2024-10-14T21:32:08.379+0000] {dagbag.py:538} INFO - Filling up the DagBag from /home/airflow/.local/lib/python3.8/site-packages/airflow/example_dags/example_xcom.py
[2024-10-14T21:32:08.384+0000] {processor.py:840} INFO - DAG(s) 'example_xcom' retrieved from /home/airflow/.local/lib/python3.8/site-packages/airflow/example_dags/example_xcom.py
[2024-10-14T21:32:08.398+0000] {logging_mixin.py:188} INFO - [2024-10-14T21:32:08.398+0000] {dag.py:3036} INFO - Sync 1 DAGs
[2024-10-14T21:32:08.412+0000] {logging_mixin.py:188} INFO - [2024-10-14T21:32:08.411+0000] {dag.py:3823} INFO - Setting next_dagrun for example_xcom to 2021-01-01 00:00:00+00:00, run_after=2021-01-01 00:00:00+00:00
[2024-10-14T21:32:08.425+0000] {processor.py:183} INFO - Processing /home/airflow/.local/lib/python3.8/site-packages/airflow/example_dags/example_xcom.py took 0.050 seconds
[2024-10-14T21:32:38.671+0000] {processor.py:161} INFO - Started process (PID=2067) to work on /home/airflow/.local/lib/python3.8/site-packages/airflow/example_dags/example_xcom.py
[2024-10-14T21:32:38.671+0000] {processor.py:830} INFO - Processing file /home/airflow/.local/lib/python3.8/site-packages/airflow/example_dags/example_xcom.py for tasks to queue
[2024-10-14T21:32:38.672+0000] {logging_mixin.py:188} INFO - [2024-10-14T21:32:38.672+0000] {dagbag.py:538} INFO - Filling up the DagBag from /home/airflow/.local/lib/python3.8/site-packages/airflow/example_dags/example_xcom.py
[2024-10-14T21:32:38.677+0000] {processor.py:840} INFO - DAG(s) 'example_xcom' retrieved from /home/airflow/.local/lib/python3.8/site-packages/airflow/example_dags/example_xcom.py
[2024-10-14T21:32:38.691+0000] {logging_mixin.py:188} INFO - [2024-10-14T21:32:38.691+0000] {dag.py:3036} INFO - Sync 1 DAGs
[2024-10-14T21:32:38.704+0000] {logging_mixin.py:188} INFO - [2024-10-14T21:32:38.704+0000] {dag.py:3823} INFO - Setting next_dagrun for example_xcom to 2021-01-01 00:00:00+00:00, run_after=2021-01-01 00:00:00+00:00
[2024-10-14T21:32:38.716+0000] {processor.py:183} INFO - Processing /home/airflow/.local/lib/python3.8/site-packages/airflow/example_dags/example_xcom.py took 0.048 seconds
[2024-10-14T21:33:09.280+0000] {processor.py:161} INFO - Started process (PID=2140) to work on /home/airflow/.local/lib/python3.8/site-packages/airflow/example_dags/example_xcom.py
[2024-10-14T21:33:09.281+0000] {processor.py:830} INFO - Processing file /home/airflow/.local/lib/python3.8/site-packages/airflow/example_dags/example_xcom.py for tasks to queue
[2024-10-14T21:33:09.282+0000] {logging_mixin.py:188} INFO - [2024-10-14T21:33:09.282+0000] {dagbag.py:538} INFO - Filling up the DagBag from /home/airflow/.local/lib/python3.8/site-packages/airflow/example_dags/example_xcom.py
[2024-10-14T21:33:09.287+0000] {processor.py:840} INFO - DAG(s) 'example_xcom' retrieved from /home/airflow/.local/lib/python3.8/site-packages/airflow/example_dags/example_xcom.py
[2024-10-14T21:33:09.301+0000] {logging_mixin.py:188} INFO - [2024-10-14T21:33:09.301+0000] {dag.py:3036} INFO - Sync 1 DAGs
[2024-10-14T21:33:09.315+0000] {logging_mixin.py:188} INFO - [2024-10-14T21:33:09.314+0000] {dag.py:3823} INFO - Setting next_dagrun for example_xcom to 2021-01-01 00:00:00+00:00, run_after=2021-01-01 00:00:00+00:00
[2024-10-14T21:33:09.329+0000] {processor.py:183} INFO - Processing /home/airflow/.local/lib/python3.8/site-packages/airflow/example_dags/example_xcom.py took 0.051 seconds
[2024-10-14T21:33:39.496+0000] {processor.py:161} INFO - Started process (PID=2221) to work on /home/airflow/.local/lib/python3.8/site-packages/airflow/example_dags/example_xcom.py
[2024-10-14T21:33:39.498+0000] {processor.py:830} INFO - Processing file /home/airflow/.local/lib/python3.8/site-packages/airflow/example_dags/example_xcom.py for tasks to queue
[2024-10-14T21:33:39.499+0000] {logging_mixin.py:188} INFO - [2024-10-14T21:33:39.499+0000] {dagbag.py:538} INFO - Filling up the DagBag from /home/airflow/.local/lib/python3.8/site-packages/airflow/example_dags/example_xcom.py
[2024-10-14T21:33:39.505+0000] {processor.py:840} INFO - DAG(s) 'example_xcom' retrieved from /home/airflow/.local/lib/python3.8/site-packages/airflow/example_dags/example_xcom.py
[2024-10-14T21:33:39.521+0000] {logging_mixin.py:188} INFO - [2024-10-14T21:33:39.521+0000] {dag.py:3036} INFO - Sync 1 DAGs
[2024-10-14T21:33:39.537+0000] {logging_mixin.py:188} INFO - [2024-10-14T21:33:39.537+0000] {dag.py:3823} INFO - Setting next_dagrun for example_xcom to 2021-01-01 00:00:00+00:00, run_after=2021-01-01 00:00:00+00:00
[2024-10-14T21:33:39.552+0000] {processor.py:183} INFO - Processing /home/airflow/.local/lib/python3.8/site-packages/airflow/example_dags/example_xcom.py took 0.058 seconds
[2024-10-14T21:34:09.620+0000] {processor.py:161} INFO - Started process (PID=2295) to work on /home/airflow/.local/lib/python3.8/site-packages/airflow/example_dags/example_xcom.py
[2024-10-14T21:34:09.621+0000] {processor.py:830} INFO - Processing file /home/airflow/.local/lib/python3.8/site-packages/airflow/example_dags/example_xcom.py for tasks to queue
[2024-10-14T21:34:09.622+0000] {logging_mixin.py:188} INFO - [2024-10-14T21:34:09.622+0000] {dagbag.py:538} INFO - Filling up the DagBag from /home/airflow/.local/lib/python3.8/site-packages/airflow/example_dags/example_xcom.py
[2024-10-14T21:34:09.628+0000] {processor.py:840} INFO - DAG(s) 'example_xcom' retrieved from /home/airflow/.local/lib/python3.8/site-packages/airflow/example_dags/example_xcom.py
[2024-10-14T21:34:09.642+0000] {logging_mixin.py:188} INFO - [2024-10-14T21:34:09.642+0000] {dag.py:3036} INFO - Sync 1 DAGs
[2024-10-14T21:34:09.657+0000] {logging_mixin.py:188} INFO - [2024-10-14T21:34:09.657+0000] {dag.py:3823} INFO - Setting next_dagrun for example_xcom to 2021-01-01 00:00:00+00:00, run_after=2021-01-01 00:00:00+00:00
[2024-10-14T21:34:09.670+0000] {processor.py:183} INFO - Processing /home/airflow/.local/lib/python3.8/site-packages/airflow/example_dags/example_xcom.py took 0.054 seconds
[2024-10-14T21:34:39.867+0000] {processor.py:161} INFO - Started process (PID=2377) to work on /home/airflow/.local/lib/python3.8/site-packages/airflow/example_dags/example_xcom.py
[2024-10-14T21:34:39.867+0000] {processor.py:830} INFO - Processing file /home/airflow/.local/lib/python3.8/site-packages/airflow/example_dags/example_xcom.py for tasks to queue
[2024-10-14T21:34:39.868+0000] {logging_mixin.py:188} INFO - [2024-10-14T21:34:39.868+0000] {dagbag.py:538} INFO - Filling up the DagBag from /home/airflow/.local/lib/python3.8/site-packages/airflow/example_dags/example_xcom.py
[2024-10-14T21:34:39.874+0000] {processor.py:840} INFO - DAG(s) 'example_xcom' retrieved from /home/airflow/.local/lib/python3.8/site-packages/airflow/example_dags/example_xcom.py
[2024-10-14T21:34:39.887+0000] {logging_mixin.py:188} INFO - [2024-10-14T21:34:39.887+0000] {dag.py:3036} INFO - Sync 1 DAGs
[2024-10-14T21:34:39.901+0000] {logging_mixin.py:188} INFO - [2024-10-14T21:34:39.901+0000] {dag.py:3823} INFO - Setting next_dagrun for example_xcom to 2021-01-01 00:00:00+00:00, run_after=2021-01-01 00:00:00+00:00
[2024-10-14T21:34:39.914+0000] {processor.py:183} INFO - Processing /home/airflow/.local/lib/python3.8/site-packages/airflow/example_dags/example_xcom.py took 0.050 seconds
[2024-10-14T21:35:10.147+0000] {processor.py:161} INFO - Started process (PID=2458) to work on /home/airflow/.local/lib/python3.8/site-packages/airflow/example_dags/example_xcom.py
[2024-10-14T21:35:10.148+0000] {processor.py:830} INFO - Processing file /home/airflow/.local/lib/python3.8/site-packages/airflow/example_dags/example_xcom.py for tasks to queue
[2024-10-14T21:35:10.152+0000] {logging_mixin.py:188} INFO - [2024-10-14T21:35:10.151+0000] {dagbag.py:538} INFO - Filling up the DagBag from /home/airflow/.local/lib/python3.8/site-packages/airflow/example_dags/example_xcom.py
[2024-10-14T21:35:10.157+0000] {processor.py:840} INFO - DAG(s) 'example_xcom' retrieved from /home/airflow/.local/lib/python3.8/site-packages/airflow/example_dags/example_xcom.py
[2024-10-14T21:35:10.180+0000] {logging_mixin.py:188} INFO - [2024-10-14T21:35:10.180+0000] {dag.py:3036} INFO - Sync 1 DAGs
[2024-10-14T21:35:10.202+0000] {logging_mixin.py:188} INFO - [2024-10-14T21:35:10.201+0000] {dag.py:3823} INFO - Setting next_dagrun for example_xcom to 2021-01-01 00:00:00+00:00, run_after=2021-01-01 00:00:00+00:00
[2024-10-14T21:35:10.219+0000] {processor.py:183} INFO - Processing /home/airflow/.local/lib/python3.8/site-packages/airflow/example_dags/example_xcom.py took 0.077 seconds
[2024-10-14T21:35:40.604+0000] {processor.py:161} INFO - Started process (PID=2532) to work on /home/airflow/.local/lib/python3.8/site-packages/airflow/example_dags/example_xcom.py
[2024-10-14T21:35:40.604+0000] {processor.py:830} INFO - Processing file /home/airflow/.local/lib/python3.8/site-packages/airflow/example_dags/example_xcom.py for tasks to queue
[2024-10-14T21:35:40.606+0000] {logging_mixin.py:188} INFO - [2024-10-14T21:35:40.605+0000] {dagbag.py:538} INFO - Filling up the DagBag from /home/airflow/.local/lib/python3.8/site-packages/airflow/example_dags/example_xcom.py
[2024-10-14T21:35:40.611+0000] {processor.py:840} INFO - DAG(s) 'example_xcom' retrieved from /home/airflow/.local/lib/python3.8/site-packages/airflow/example_dags/example_xcom.py
[2024-10-14T21:35:40.624+0000] {logging_mixin.py:188} INFO - [2024-10-14T21:35:40.624+0000] {dag.py:3036} INFO - Sync 1 DAGs
[2024-10-14T21:35:40.638+0000] {logging_mixin.py:188} INFO - [2024-10-14T21:35:40.637+0000] {dag.py:3823} INFO - Setting next_dagrun for example_xcom to 2021-01-01 00:00:00+00:00, run_after=2021-01-01 00:00:00+00:00
[2024-10-14T21:35:40.650+0000] {processor.py:183} INFO - Processing /home/airflow/.local/lib/python3.8/site-packages/airflow/example_dags/example_xcom.py took 0.048 seconds
[2024-10-14T21:36:10.721+0000] {processor.py:161} INFO - Started process (PID=2614) to work on /home/airflow/.local/lib/python3.8/site-packages/airflow/example_dags/example_xcom.py
[2024-10-14T21:36:10.722+0000] {processor.py:830} INFO - Processing file /home/airflow/.local/lib/python3.8/site-packages/airflow/example_dags/example_xcom.py for tasks to queue
[2024-10-14T21:36:10.723+0000] {logging_mixin.py:188} INFO - [2024-10-14T21:36:10.723+0000] {dagbag.py:538} INFO - Filling up the DagBag from /home/airflow/.local/lib/python3.8/site-packages/airflow/example_dags/example_xcom.py
[2024-10-14T21:36:10.728+0000] {processor.py:840} INFO - DAG(s) 'example_xcom' retrieved from /home/airflow/.local/lib/python3.8/site-packages/airflow/example_dags/example_xcom.py
[2024-10-14T21:36:10.741+0000] {logging_mixin.py:188} INFO - [2024-10-14T21:36:10.741+0000] {dag.py:3036} INFO - Sync 1 DAGs
[2024-10-14T21:36:10.755+0000] {logging_mixin.py:188} INFO - [2024-10-14T21:36:10.754+0000] {dag.py:3823} INFO - Setting next_dagrun for example_xcom to 2021-01-01 00:00:00+00:00, run_after=2021-01-01 00:00:00+00:00
[2024-10-14T21:36:10.766+0000] {processor.py:183} INFO - Processing /home/airflow/.local/lib/python3.8/site-packages/airflow/example_dags/example_xcom.py took 0.047 seconds
[2024-10-14T21:36:40.944+0000] {processor.py:161} INFO - Started process (PID=2688) to work on /home/airflow/.local/lib/python3.8/site-packages/airflow/example_dags/example_xcom.py
[2024-10-14T21:36:40.945+0000] {processor.py:830} INFO - Processing file /home/airflow/.local/lib/python3.8/site-packages/airflow/example_dags/example_xcom.py for tasks to queue
[2024-10-14T21:36:40.946+0000] {logging_mixin.py:188} INFO - [2024-10-14T21:36:40.946+0000] {dagbag.py:538} INFO - Filling up the DagBag from /home/airflow/.local/lib/python3.8/site-packages/airflow/example_dags/example_xcom.py
[2024-10-14T21:36:40.951+0000] {processor.py:840} INFO - DAG(s) 'example_xcom' retrieved from /home/airflow/.local/lib/python3.8/site-packages/airflow/example_dags/example_xcom.py
[2024-10-14T21:36:40.965+0000] {logging_mixin.py:188} INFO - [2024-10-14T21:36:40.965+0000] {dag.py:3036} INFO - Sync 1 DAGs
[2024-10-14T21:36:40.979+0000] {logging_mixin.py:188} INFO - [2024-10-14T21:36:40.979+0000] {dag.py:3823} INFO - Setting next_dagrun for example_xcom to 2021-01-01 00:00:00+00:00, run_after=2021-01-01 00:00:00+00:00
[2024-10-14T21:36:40.992+0000] {processor.py:183} INFO - Processing /home/airflow/.local/lib/python3.8/site-packages/airflow/example_dags/example_xcom.py took 0.050 seconds
[2024-10-14T21:37:11.644+0000] {processor.py:161} INFO - Started process (PID=2770) to work on /home/airflow/.local/lib/python3.8/site-packages/airflow/example_dags/example_xcom.py
[2024-10-14T21:37:11.645+0000] {processor.py:830} INFO - Processing file /home/airflow/.local/lib/python3.8/site-packages/airflow/example_dags/example_xcom.py for tasks to queue
[2024-10-14T21:37:11.646+0000] {logging_mixin.py:188} INFO - [2024-10-14T21:37:11.646+0000] {dagbag.py:538} INFO - Filling up the DagBag from /home/airflow/.local/lib/python3.8/site-packages/airflow/example_dags/example_xcom.py
[2024-10-14T21:37:11.651+0000] {processor.py:840} INFO - DAG(s) 'example_xcom' retrieved from /home/airflow/.local/lib/python3.8/site-packages/airflow/example_dags/example_xcom.py
[2024-10-14T21:37:11.665+0000] {logging_mixin.py:188} INFO - [2024-10-14T21:37:11.665+0000] {dag.py:3036} INFO - Sync 1 DAGs
[2024-10-14T21:37:11.679+0000] {logging_mixin.py:188} INFO - [2024-10-14T21:37:11.679+0000] {dag.py:3823} INFO - Setting next_dagrun for example_xcom to 2021-01-01 00:00:00+00:00, run_after=2021-01-01 00:00:00+00:00
[2024-10-14T21:37:11.693+0000] {processor.py:183} INFO - Processing /home/airflow/.local/lib/python3.8/site-packages/airflow/example_dags/example_xcom.py took 0.051 seconds
[2024-10-14T21:37:41.966+0000] {processor.py:161} INFO - Started process (PID=2842) to work on /home/airflow/.local/lib/python3.8/site-packages/airflow/example_dags/example_xcom.py
[2024-10-14T21:37:41.967+0000] {processor.py:830} INFO - Processing file /home/airflow/.local/lib/python3.8/site-packages/airflow/example_dags/example_xcom.py for tasks to queue
[2024-10-14T21:37:41.968+0000] {logging_mixin.py:188} INFO - [2024-10-14T21:37:41.968+0000] {dagbag.py:538} INFO - Filling up the DagBag from /home/airflow/.local/lib/python3.8/site-packages/airflow/example_dags/example_xcom.py
[2024-10-14T21:37:41.973+0000] {processor.py:840} INFO - DAG(s) 'example_xcom' retrieved from /home/airflow/.local/lib/python3.8/site-packages/airflow/example_dags/example_xcom.py
[2024-10-14T21:37:41.992+0000] {logging_mixin.py:188} INFO - [2024-10-14T21:37:41.992+0000] {dag.py:3036} INFO - Sync 1 DAGs
[2024-10-14T21:37:42.010+0000] {logging_mixin.py:188} INFO - [2024-10-14T21:37:42.010+0000] {dag.py:3823} INFO - Setting next_dagrun for example_xcom to 2021-01-01 00:00:00+00:00, run_after=2021-01-01 00:00:00+00:00
[2024-10-14T21:37:42.026+0000] {processor.py:183} INFO - Processing /home/airflow/.local/lib/python3.8/site-packages/airflow/example_dags/example_xcom.py took 0.065 seconds
[2024-10-14T21:38:12.620+0000] {processor.py:161} INFO - Started process (PID=2924) to work on /home/airflow/.local/lib/python3.8/site-packages/airflow/example_dags/example_xcom.py
[2024-10-14T21:38:12.620+0000] {processor.py:830} INFO - Processing file /home/airflow/.local/lib/python3.8/site-packages/airflow/example_dags/example_xcom.py for tasks to queue
[2024-10-14T21:38:12.622+0000] {logging_mixin.py:188} INFO - [2024-10-14T21:38:12.622+0000] {dagbag.py:538} INFO - Filling up the DagBag from /home/airflow/.local/lib/python3.8/site-packages/airflow/example_dags/example_xcom.py
[2024-10-14T21:38:12.627+0000] {processor.py:840} INFO - DAG(s) 'example_xcom' retrieved from /home/airflow/.local/lib/python3.8/site-packages/airflow/example_dags/example_xcom.py
[2024-10-14T21:38:12.644+0000] {logging_mixin.py:188} INFO - [2024-10-14T21:38:12.644+0000] {dag.py:3036} INFO - Sync 1 DAGs
[2024-10-14T21:38:12.660+0000] {logging_mixin.py:188} INFO - [2024-10-14T21:38:12.660+0000] {dag.py:3823} INFO - Setting next_dagrun for example_xcom to 2021-01-01 00:00:00+00:00, run_after=2021-01-01 00:00:00+00:00
[2024-10-14T21:38:12.676+0000] {processor.py:183} INFO - Processing /home/airflow/.local/lib/python3.8/site-packages/airflow/example_dags/example_xcom.py took 0.059 seconds
[2024-10-14T21:38:42.857+0000] {processor.py:161} INFO - Started process (PID=3005) to work on /home/airflow/.local/lib/python3.8/site-packages/airflow/example_dags/example_xcom.py
[2024-10-14T21:38:42.857+0000] {processor.py:830} INFO - Processing file /home/airflow/.local/lib/python3.8/site-packages/airflow/example_dags/example_xcom.py for tasks to queue
[2024-10-14T21:38:42.859+0000] {logging_mixin.py:188} INFO - [2024-10-14T21:38:42.858+0000] {dagbag.py:538} INFO - Filling up the DagBag from /home/airflow/.local/lib/python3.8/site-packages/airflow/example_dags/example_xcom.py
[2024-10-14T21:38:42.864+0000] {processor.py:840} INFO - DAG(s) 'example_xcom' retrieved from /home/airflow/.local/lib/python3.8/site-packages/airflow/example_dags/example_xcom.py
[2024-10-14T21:38:42.878+0000] {logging_mixin.py:188} INFO - [2024-10-14T21:38:42.878+0000] {dag.py:3036} INFO - Sync 1 DAGs
[2024-10-14T21:38:42.892+0000] {logging_mixin.py:188} INFO - [2024-10-14T21:38:42.892+0000] {dag.py:3823} INFO - Setting next_dagrun for example_xcom to 2021-01-01 00:00:00+00:00, run_after=2021-01-01 00:00:00+00:00
[2024-10-14T21:38:42.907+0000] {processor.py:183} INFO - Processing /home/airflow/.local/lib/python3.8/site-packages/airflow/example_dags/example_xcom.py took 0.052 seconds
[2024-10-14T21:39:13.638+0000] {processor.py:161} INFO - Started process (PID=3072) to work on /home/airflow/.local/lib/python3.8/site-packages/airflow/example_dags/example_xcom.py
[2024-10-14T21:39:13.639+0000] {processor.py:830} INFO - Processing file /home/airflow/.local/lib/python3.8/site-packages/airflow/example_dags/example_xcom.py for tasks to queue
[2024-10-14T21:39:13.640+0000] {logging_mixin.py:188} INFO - [2024-10-14T21:39:13.640+0000] {dagbag.py:538} INFO - Filling up the DagBag from /home/airflow/.local/lib/python3.8/site-packages/airflow/example_dags/example_xcom.py
[2024-10-14T21:39:13.645+0000] {processor.py:840} INFO - DAG(s) 'example_xcom' retrieved from /home/airflow/.local/lib/python3.8/site-packages/airflow/example_dags/example_xcom.py
[2024-10-14T21:39:13.659+0000] {logging_mixin.py:188} INFO - [2024-10-14T21:39:13.658+0000] {dag.py:3036} INFO - Sync 1 DAGs
[2024-10-14T21:39:13.672+0000] {logging_mixin.py:188} INFO - [2024-10-14T21:39:13.672+0000] {dag.py:3823} INFO - Setting next_dagrun for example_xcom to 2021-01-01 00:00:00+00:00, run_after=2021-01-01 00:00:00+00:00
[2024-10-14T21:39:13.685+0000] {processor.py:183} INFO - Processing /home/airflow/.local/lib/python3.8/site-packages/airflow/example_dags/example_xcom.py took 0.049 seconds
[2024-10-14T21:44:06.160+0000] {processor.py:161} INFO - Started process (PID=111) to work on /home/airflow/.local/lib/python3.8/site-packages/airflow/example_dags/example_xcom.py
[2024-10-14T21:44:06.162+0000] {processor.py:830} INFO - Processing file /home/airflow/.local/lib/python3.8/site-packages/airflow/example_dags/example_xcom.py for tasks to queue
[2024-10-14T21:44:06.163+0000] {logging_mixin.py:188} INFO - [2024-10-14T21:44:06.163+0000] {dagbag.py:538} INFO - Filling up the DagBag from /home/airflow/.local/lib/python3.8/site-packages/airflow/example_dags/example_xcom.py
[2024-10-14T21:44:06.171+0000] {processor.py:840} INFO - DAG(s) 'example_xcom' retrieved from /home/airflow/.local/lib/python3.8/site-packages/airflow/example_dags/example_xcom.py
[2024-10-14T21:44:06.276+0000] {logging_mixin.py:188} INFO - [2024-10-14T21:44:06.275+0000] {dag.py:3036} INFO - Sync 1 DAGs
[2024-10-14T21:44:06.293+0000] {logging_mixin.py:188} INFO - [2024-10-14T21:44:06.293+0000] {dag.py:3823} INFO - Setting next_dagrun for example_xcom to 2021-01-01 00:00:00+00:00, run_after=2021-01-01 00:00:00+00:00
[2024-10-14T21:44:06.309+0000] {processor.py:183} INFO - Processing /home/airflow/.local/lib/python3.8/site-packages/airflow/example_dags/example_xcom.py took 0.152 seconds
[2024-10-14T21:44:37.251+0000] {processor.py:161} INFO - Started process (PID=185) to work on /home/airflow/.local/lib/python3.8/site-packages/airflow/example_dags/example_xcom.py
[2024-10-14T21:44:37.252+0000] {processor.py:830} INFO - Processing file /home/airflow/.local/lib/python3.8/site-packages/airflow/example_dags/example_xcom.py for tasks to queue
[2024-10-14T21:44:37.253+0000] {logging_mixin.py:188} INFO - [2024-10-14T21:44:37.253+0000] {dagbag.py:538} INFO - Filling up the DagBag from /home/airflow/.local/lib/python3.8/site-packages/airflow/example_dags/example_xcom.py
[2024-10-14T21:44:37.259+0000] {processor.py:840} INFO - DAG(s) 'example_xcom' retrieved from /home/airflow/.local/lib/python3.8/site-packages/airflow/example_dags/example_xcom.py
[2024-10-14T21:44:37.278+0000] {logging_mixin.py:188} INFO - [2024-10-14T21:44:37.278+0000] {dag.py:3036} INFO - Sync 1 DAGs
[2024-10-14T21:44:37.301+0000] {logging_mixin.py:188} INFO - [2024-10-14T21:44:37.301+0000] {dag.py:3823} INFO - Setting next_dagrun for example_xcom to 2021-01-01 00:00:00+00:00, run_after=2021-01-01 00:00:00+00:00
[2024-10-14T21:44:37.320+0000] {processor.py:183} INFO - Processing /home/airflow/.local/lib/python3.8/site-packages/airflow/example_dags/example_xcom.py took 0.071 seconds
[2024-10-14T21:45:07.678+0000] {processor.py:161} INFO - Started process (PID=251) to work on /home/airflow/.local/lib/python3.8/site-packages/airflow/example_dags/example_xcom.py
[2024-10-14T21:45:07.679+0000] {processor.py:830} INFO - Processing file /home/airflow/.local/lib/python3.8/site-packages/airflow/example_dags/example_xcom.py for tasks to queue
[2024-10-14T21:45:07.680+0000] {logging_mixin.py:188} INFO - [2024-10-14T21:45:07.680+0000] {dagbag.py:538} INFO - Filling up the DagBag from /home/airflow/.local/lib/python3.8/site-packages/airflow/example_dags/example_xcom.py
[2024-10-14T21:45:07.686+0000] {processor.py:840} INFO - DAG(s) 'example_xcom' retrieved from /home/airflow/.local/lib/python3.8/site-packages/airflow/example_dags/example_xcom.py
[2024-10-14T21:45:07.701+0000] {logging_mixin.py:188} INFO - [2024-10-14T21:45:07.701+0000] {dag.py:3036} INFO - Sync 1 DAGs
[2024-10-14T21:45:07.716+0000] {logging_mixin.py:188} INFO - [2024-10-14T21:45:07.716+0000] {dag.py:3823} INFO - Setting next_dagrun for example_xcom to 2021-01-01 00:00:00+00:00, run_after=2021-01-01 00:00:00+00:00
[2024-10-14T21:45:07.732+0000] {processor.py:183} INFO - Processing /home/airflow/.local/lib/python3.8/site-packages/airflow/example_dags/example_xcom.py took 0.058 seconds
[2024-10-14T21:45:38.033+0000] {processor.py:161} INFO - Started process (PID=326) to work on /home/airflow/.local/lib/python3.8/site-packages/airflow/example_dags/example_xcom.py
[2024-10-14T21:45:38.034+0000] {processor.py:830} INFO - Processing file /home/airflow/.local/lib/python3.8/site-packages/airflow/example_dags/example_xcom.py for tasks to queue
[2024-10-14T21:45:38.036+0000] {logging_mixin.py:188} INFO - [2024-10-14T21:45:38.036+0000] {dagbag.py:538} INFO - Filling up the DagBag from /home/airflow/.local/lib/python3.8/site-packages/airflow/example_dags/example_xcom.py
[2024-10-14T21:45:38.046+0000] {processor.py:840} INFO - DAG(s) 'example_xcom' retrieved from /home/airflow/.local/lib/python3.8/site-packages/airflow/example_dags/example_xcom.py
[2024-10-14T21:45:38.075+0000] {logging_mixin.py:188} INFO - [2024-10-14T21:45:38.075+0000] {dag.py:3036} INFO - Sync 1 DAGs
[2024-10-14T21:45:38.103+0000] {logging_mixin.py:188} INFO - [2024-10-14T21:45:38.102+0000] {dag.py:3823} INFO - Setting next_dagrun for example_xcom to 2021-01-01 00:00:00+00:00, run_after=2021-01-01 00:00:00+00:00
[2024-10-14T21:45:38.125+0000] {processor.py:183} INFO - Processing /home/airflow/.local/lib/python3.8/site-packages/airflow/example_dags/example_xcom.py took 0.095 seconds
[2024-10-14T21:46:08.372+0000] {processor.py:161} INFO - Started process (PID=391) to work on /home/airflow/.local/lib/python3.8/site-packages/airflow/example_dags/example_xcom.py
[2024-10-14T21:46:08.375+0000] {processor.py:830} INFO - Processing file /home/airflow/.local/lib/python3.8/site-packages/airflow/example_dags/example_xcom.py for tasks to queue
[2024-10-14T21:46:08.377+0000] {logging_mixin.py:188} INFO - [2024-10-14T21:46:08.377+0000] {dagbag.py:538} INFO - Filling up the DagBag from /home/airflow/.local/lib/python3.8/site-packages/airflow/example_dags/example_xcom.py
[2024-10-14T21:46:08.383+0000] {processor.py:840} INFO - DAG(s) 'example_xcom' retrieved from /home/airflow/.local/lib/python3.8/site-packages/airflow/example_dags/example_xcom.py
[2024-10-14T21:46:08.397+0000] {logging_mixin.py:188} INFO - [2024-10-14T21:46:08.397+0000] {dag.py:3036} INFO - Sync 1 DAGs
[2024-10-14T21:46:08.412+0000] {logging_mixin.py:188} INFO - [2024-10-14T21:46:08.412+0000] {dag.py:3823} INFO - Setting next_dagrun for example_xcom to 2021-01-01 00:00:00+00:00, run_after=2021-01-01 00:00:00+00:00
[2024-10-14T21:46:08.427+0000] {processor.py:183} INFO - Processing /home/airflow/.local/lib/python3.8/site-packages/airflow/example_dags/example_xcom.py took 0.057 seconds
[2024-10-14T21:46:38.818+0000] {processor.py:161} INFO - Started process (PID=466) to work on /home/airflow/.local/lib/python3.8/site-packages/airflow/example_dags/example_xcom.py
[2024-10-14T21:46:38.819+0000] {processor.py:830} INFO - Processing file /home/airflow/.local/lib/python3.8/site-packages/airflow/example_dags/example_xcom.py for tasks to queue
[2024-10-14T21:46:38.820+0000] {logging_mixin.py:188} INFO - [2024-10-14T21:46:38.820+0000] {dagbag.py:538} INFO - Filling up the DagBag from /home/airflow/.local/lib/python3.8/site-packages/airflow/example_dags/example_xcom.py
[2024-10-14T21:46:38.827+0000] {processor.py:840} INFO - DAG(s) 'example_xcom' retrieved from /home/airflow/.local/lib/python3.8/site-packages/airflow/example_dags/example_xcom.py
[2024-10-14T21:46:38.844+0000] {logging_mixin.py:188} INFO - [2024-10-14T21:46:38.843+0000] {dag.py:3036} INFO - Sync 1 DAGs
[2024-10-14T21:46:38.861+0000] {logging_mixin.py:188} INFO - [2024-10-14T21:46:38.861+0000] {dag.py:3823} INFO - Setting next_dagrun for example_xcom to 2021-01-01 00:00:00+00:00, run_after=2021-01-01 00:00:00+00:00
[2024-10-14T21:46:38.880+0000] {processor.py:183} INFO - Processing /home/airflow/.local/lib/python3.8/site-packages/airflow/example_dags/example_xcom.py took 0.065 seconds
[2024-10-14T21:50:43.983+0000] {processor.py:161} INFO - Started process (PID=120) to work on /home/airflow/.local/lib/python3.8/site-packages/airflow/example_dags/example_xcom.py
[2024-10-14T21:50:43.984+0000] {processor.py:830} INFO - Processing file /home/airflow/.local/lib/python3.8/site-packages/airflow/example_dags/example_xcom.py for tasks to queue
[2024-10-14T21:50:43.988+0000] {logging_mixin.py:188} INFO - [2024-10-14T21:50:43.987+0000] {dagbag.py:538} INFO - Filling up the DagBag from /home/airflow/.local/lib/python3.8/site-packages/airflow/example_dags/example_xcom.py
[2024-10-14T21:50:44.003+0000] {processor.py:840} INFO - DAG(s) 'example_xcom' retrieved from /home/airflow/.local/lib/python3.8/site-packages/airflow/example_dags/example_xcom.py
[2024-10-14T21:50:44.042+0000] {logging_mixin.py:188} INFO - [2024-10-14T21:50:44.040+0000] {dag.py:3036} INFO - Sync 1 DAGs
[2024-10-14T21:50:44.087+0000] {logging_mixin.py:188} INFO - [2024-10-14T21:50:44.086+0000] {dag.py:3823} INFO - Setting next_dagrun for example_xcom to 2021-01-01 00:00:00+00:00, run_after=2021-01-01 00:00:00+00:00
[2024-10-14T21:50:44.117+0000] {processor.py:183} INFO - Processing /home/airflow/.local/lib/python3.8/site-packages/airflow/example_dags/example_xcom.py took 0.138 seconds
[2024-10-14T21:51:14.719+0000] {processor.py:161} INFO - Started process (PID=194) to work on /home/airflow/.local/lib/python3.8/site-packages/airflow/example_dags/example_xcom.py
[2024-10-14T21:51:14.720+0000] {processor.py:830} INFO - Processing file /home/airflow/.local/lib/python3.8/site-packages/airflow/example_dags/example_xcom.py for tasks to queue
[2024-10-14T21:51:14.721+0000] {logging_mixin.py:188} INFO - [2024-10-14T21:51:14.721+0000] {dagbag.py:538} INFO - Filling up the DagBag from /home/airflow/.local/lib/python3.8/site-packages/airflow/example_dags/example_xcom.py
[2024-10-14T21:51:14.726+0000] {processor.py:840} INFO - DAG(s) 'example_xcom' retrieved from /home/airflow/.local/lib/python3.8/site-packages/airflow/example_dags/example_xcom.py
[2024-10-14T21:51:14.802+0000] {logging_mixin.py:188} INFO - [2024-10-14T21:51:14.801+0000] {dag.py:3036} INFO - Sync 1 DAGs
[2024-10-14T21:51:14.821+0000] {logging_mixin.py:188} INFO - [2024-10-14T21:51:14.821+0000] {dag.py:3823} INFO - Setting next_dagrun for example_xcom to 2021-01-01 00:00:00+00:00, run_after=2021-01-01 00:00:00+00:00
[2024-10-14T21:51:14.834+0000] {processor.py:183} INFO - Processing /home/airflow/.local/lib/python3.8/site-packages/airflow/example_dags/example_xcom.py took 0.118 seconds
[2024-10-14T21:51:45.125+0000] {processor.py:161} INFO - Started process (PID=275) to work on /home/airflow/.local/lib/python3.8/site-packages/airflow/example_dags/example_xcom.py
[2024-10-14T21:51:45.125+0000] {processor.py:830} INFO - Processing file /home/airflow/.local/lib/python3.8/site-packages/airflow/example_dags/example_xcom.py for tasks to queue
[2024-10-14T21:51:45.127+0000] {logging_mixin.py:188} INFO - [2024-10-14T21:51:45.127+0000] {dagbag.py:538} INFO - Filling up the DagBag from /home/airflow/.local/lib/python3.8/site-packages/airflow/example_dags/example_xcom.py
[2024-10-14T21:51:45.133+0000] {processor.py:840} INFO - DAG(s) 'example_xcom' retrieved from /home/airflow/.local/lib/python3.8/site-packages/airflow/example_dags/example_xcom.py
[2024-10-14T21:51:45.148+0000] {logging_mixin.py:188} INFO - [2024-10-14T21:51:45.147+0000] {dag.py:3036} INFO - Sync 1 DAGs
[2024-10-14T21:51:45.166+0000] {logging_mixin.py:188} INFO - [2024-10-14T21:51:45.166+0000] {dag.py:3823} INFO - Setting next_dagrun for example_xcom to 2021-01-01 00:00:00+00:00, run_after=2021-01-01 00:00:00+00:00
[2024-10-14T21:51:45.181+0000] {processor.py:183} INFO - Processing /home/airflow/.local/lib/python3.8/site-packages/airflow/example_dags/example_xcom.py took 0.058 seconds
[2024-10-14T21:52:16.069+0000] {processor.py:161} INFO - Started process (PID=349) to work on /home/airflow/.local/lib/python3.8/site-packages/airflow/example_dags/example_xcom.py
[2024-10-14T21:52:16.070+0000] {processor.py:830} INFO - Processing file /home/airflow/.local/lib/python3.8/site-packages/airflow/example_dags/example_xcom.py for tasks to queue
[2024-10-14T21:52:16.071+0000] {logging_mixin.py:188} INFO - [2024-10-14T21:52:16.071+0000] {dagbag.py:538} INFO - Filling up the DagBag from /home/airflow/.local/lib/python3.8/site-packages/airflow/example_dags/example_xcom.py
[2024-10-14T21:52:16.086+0000] {processor.py:840} INFO - DAG(s) 'example_xcom' retrieved from /home/airflow/.local/lib/python3.8/site-packages/airflow/example_dags/example_xcom.py
[2024-10-14T21:52:16.122+0000] {logging_mixin.py:188} INFO - [2024-10-14T21:52:16.121+0000] {dag.py:3036} INFO - Sync 1 DAGs
[2024-10-14T21:52:16.137+0000] {logging_mixin.py:188} INFO - [2024-10-14T21:52:16.136+0000] {dag.py:3823} INFO - Setting next_dagrun for example_xcom to 2021-01-01 00:00:00+00:00, run_after=2021-01-01 00:00:00+00:00
[2024-10-14T21:52:16.151+0000] {processor.py:183} INFO - Processing /home/airflow/.local/lib/python3.8/site-packages/airflow/example_dags/example_xcom.py took 0.086 seconds
[2024-10-14T21:52:47.391+0000] {processor.py:161} INFO - Started process (PID=430) to work on /home/airflow/.local/lib/python3.8/site-packages/airflow/example_dags/example_xcom.py
[2024-10-14T21:52:47.392+0000] {processor.py:830} INFO - Processing file /home/airflow/.local/lib/python3.8/site-packages/airflow/example_dags/example_xcom.py for tasks to queue
[2024-10-14T21:52:47.394+0000] {logging_mixin.py:188} INFO - [2024-10-14T21:52:47.393+0000] {dagbag.py:538} INFO - Filling up the DagBag from /home/airflow/.local/lib/python3.8/site-packages/airflow/example_dags/example_xcom.py
[2024-10-14T21:52:47.405+0000] {processor.py:840} INFO - DAG(s) 'example_xcom' retrieved from /home/airflow/.local/lib/python3.8/site-packages/airflow/example_dags/example_xcom.py
[2024-10-14T21:52:47.427+0000] {logging_mixin.py:188} INFO - [2024-10-14T21:52:47.427+0000] {dag.py:3036} INFO - Sync 1 DAGs
[2024-10-14T21:52:47.447+0000] {logging_mixin.py:188} INFO - [2024-10-14T21:52:47.446+0000] {dag.py:3823} INFO - Setting next_dagrun for example_xcom to 2021-01-01 00:00:00+00:00, run_after=2021-01-01 00:00:00+00:00
[2024-10-14T21:52:47.475+0000] {processor.py:183} INFO - Processing /home/airflow/.local/lib/python3.8/site-packages/airflow/example_dags/example_xcom.py took 0.089 seconds
[2024-10-14T21:53:18.275+0000] {processor.py:161} INFO - Started process (PID=496) to work on /home/airflow/.local/lib/python3.8/site-packages/airflow/example_dags/example_xcom.py
[2024-10-14T21:53:18.276+0000] {processor.py:830} INFO - Processing file /home/airflow/.local/lib/python3.8/site-packages/airflow/example_dags/example_xcom.py for tasks to queue
[2024-10-14T21:53:18.277+0000] {logging_mixin.py:188} INFO - [2024-10-14T21:53:18.277+0000] {dagbag.py:538} INFO - Filling up the DagBag from /home/airflow/.local/lib/python3.8/site-packages/airflow/example_dags/example_xcom.py
[2024-10-14T21:53:18.284+0000] {processor.py:840} INFO - DAG(s) 'example_xcom' retrieved from /home/airflow/.local/lib/python3.8/site-packages/airflow/example_dags/example_xcom.py
[2024-10-14T21:53:18.305+0000] {logging_mixin.py:188} INFO - [2024-10-14T21:53:18.305+0000] {dag.py:3036} INFO - Sync 1 DAGs
[2024-10-14T21:53:18.324+0000] {logging_mixin.py:188} INFO - [2024-10-14T21:53:18.324+0000] {dag.py:3823} INFO - Setting next_dagrun for example_xcom to 2021-01-01 00:00:00+00:00, run_after=2021-01-01 00:00:00+00:00
[2024-10-14T21:53:18.344+0000] {processor.py:183} INFO - Processing /home/airflow/.local/lib/python3.8/site-packages/airflow/example_dags/example_xcom.py took 0.071 seconds
[2024-10-14T21:53:48.656+0000] {processor.py:161} INFO - Started process (PID=575) to work on /home/airflow/.local/lib/python3.8/site-packages/airflow/example_dags/example_xcom.py
[2024-10-14T21:53:48.657+0000] {processor.py:830} INFO - Processing file /home/airflow/.local/lib/python3.8/site-packages/airflow/example_dags/example_xcom.py for tasks to queue
[2024-10-14T21:53:48.659+0000] {logging_mixin.py:188} INFO - [2024-10-14T21:53:48.659+0000] {dagbag.py:538} INFO - Filling up the DagBag from /home/airflow/.local/lib/python3.8/site-packages/airflow/example_dags/example_xcom.py
[2024-10-14T21:53:48.666+0000] {processor.py:840} INFO - DAG(s) 'example_xcom' retrieved from /home/airflow/.local/lib/python3.8/site-packages/airflow/example_dags/example_xcom.py
[2024-10-14T21:53:48.690+0000] {logging_mixin.py:188} INFO - [2024-10-14T21:53:48.690+0000] {dag.py:3036} INFO - Sync 1 DAGs
[2024-10-14T21:53:48.709+0000] {logging_mixin.py:188} INFO - [2024-10-14T21:53:48.709+0000] {dag.py:3823} INFO - Setting next_dagrun for example_xcom to 2021-01-01 00:00:00+00:00, run_after=2021-01-01 00:00:00+00:00
[2024-10-14T21:53:48.730+0000] {processor.py:183} INFO - Processing /home/airflow/.local/lib/python3.8/site-packages/airflow/example_dags/example_xcom.py took 0.081 seconds
[2024-10-14T21:54:19.014+0000] {processor.py:161} INFO - Started process (PID=658) to work on /home/airflow/.local/lib/python3.8/site-packages/airflow/example_dags/example_xcom.py
[2024-10-14T21:54:19.016+0000] {processor.py:830} INFO - Processing file /home/airflow/.local/lib/python3.8/site-packages/airflow/example_dags/example_xcom.py for tasks to queue
[2024-10-14T21:54:19.019+0000] {logging_mixin.py:188} INFO - [2024-10-14T21:54:19.019+0000] {dagbag.py:538} INFO - Filling up the DagBag from /home/airflow/.local/lib/python3.8/site-packages/airflow/example_dags/example_xcom.py
[2024-10-14T21:54:19.025+0000] {processor.py:840} INFO - DAG(s) 'example_xcom' retrieved from /home/airflow/.local/lib/python3.8/site-packages/airflow/example_dags/example_xcom.py
[2024-10-14T21:54:19.042+0000] {logging_mixin.py:188} INFO - [2024-10-14T21:54:19.042+0000] {dag.py:3036} INFO - Sync 1 DAGs
[2024-10-14T21:54:19.059+0000] {logging_mixin.py:188} INFO - [2024-10-14T21:54:19.059+0000] {dag.py:3823} INFO - Setting next_dagrun for example_xcom to 2021-01-01 00:00:00+00:00, run_after=2021-01-01 00:00:00+00:00
[2024-10-14T21:54:19.074+0000] {processor.py:183} INFO - Processing /home/airflow/.local/lib/python3.8/site-packages/airflow/example_dags/example_xcom.py took 0.062 seconds
[2024-10-14T21:58:43.335+0000] {processor.py:161} INFO - Started process (PID=119) to work on /home/airflow/.local/lib/python3.8/site-packages/airflow/example_dags/example_xcom.py
[2024-10-14T21:58:43.336+0000] {processor.py:830} INFO - Processing file /home/airflow/.local/lib/python3.8/site-packages/airflow/example_dags/example_xcom.py for tasks to queue
[2024-10-14T21:58:43.338+0000] {logging_mixin.py:188} INFO - [2024-10-14T21:58:43.338+0000] {dagbag.py:538} INFO - Filling up the DagBag from /home/airflow/.local/lib/python3.8/site-packages/airflow/example_dags/example_xcom.py
[2024-10-14T21:58:43.347+0000] {processor.py:840} INFO - DAG(s) 'example_xcom' retrieved from /home/airflow/.local/lib/python3.8/site-packages/airflow/example_dags/example_xcom.py
[2024-10-14T21:58:43.360+0000] {logging_mixin.py:188} INFO - [2024-10-14T21:58:43.359+0000] {dag.py:3036} INFO - Sync 1 DAGs
[2024-10-14T21:58:43.389+0000] {logging_mixin.py:188} INFO - [2024-10-14T21:58:43.388+0000] {dag.py:3823} INFO - Setting next_dagrun for example_xcom to 2021-01-01 00:00:00+00:00, run_after=2021-01-01 00:00:00+00:00
[2024-10-14T21:58:43.420+0000] {processor.py:183} INFO - Processing /home/airflow/.local/lib/python3.8/site-packages/airflow/example_dags/example_xcom.py took 0.088 seconds
[2024-10-14T21:59:15.895+0000] {processor.py:161} INFO - Started process (PID=193) to work on /home/airflow/.local/lib/python3.8/site-packages/airflow/example_dags/example_xcom.py
[2024-10-14T21:59:15.897+0000] {processor.py:830} INFO - Processing file /home/airflow/.local/lib/python3.8/site-packages/airflow/example_dags/example_xcom.py for tasks to queue
[2024-10-14T21:59:15.899+0000] {logging_mixin.py:188} INFO - [2024-10-14T21:59:15.899+0000] {dagbag.py:538} INFO - Filling up the DagBag from /home/airflow/.local/lib/python3.8/site-packages/airflow/example_dags/example_xcom.py
[2024-10-14T21:59:15.914+0000] {processor.py:840} INFO - DAG(s) 'example_xcom' retrieved from /home/airflow/.local/lib/python3.8/site-packages/airflow/example_dags/example_xcom.py
[2024-10-14T21:59:16.079+0000] {logging_mixin.py:188} INFO - [2024-10-14T21:59:16.079+0000] {dag.py:3036} INFO - Sync 1 DAGs
[2024-10-14T21:59:16.114+0000] {logging_mixin.py:188} INFO - [2024-10-14T21:59:16.113+0000] {dag.py:3823} INFO - Setting next_dagrun for example_xcom to 2021-01-01 00:00:00+00:00, run_after=2021-01-01 00:00:00+00:00
[2024-10-14T21:59:16.159+0000] {processor.py:183} INFO - Processing /home/airflow/.local/lib/python3.8/site-packages/airflow/example_dags/example_xcom.py took 0.271 seconds
[2024-10-14T21:59:46.575+0000] {processor.py:161} INFO - Started process (PID=275) to work on /home/airflow/.local/lib/python3.8/site-packages/airflow/example_dags/example_xcom.py
[2024-10-14T21:59:46.576+0000] {processor.py:830} INFO - Processing file /home/airflow/.local/lib/python3.8/site-packages/airflow/example_dags/example_xcom.py for tasks to queue
[2024-10-14T21:59:46.578+0000] {logging_mixin.py:188} INFO - [2024-10-14T21:59:46.577+0000] {dagbag.py:538} INFO - Filling up the DagBag from /home/airflow/.local/lib/python3.8/site-packages/airflow/example_dags/example_xcom.py
[2024-10-14T21:59:46.589+0000] {processor.py:840} INFO - DAG(s) 'example_xcom' retrieved from /home/airflow/.local/lib/python3.8/site-packages/airflow/example_dags/example_xcom.py
[2024-10-14T21:59:46.612+0000] {logging_mixin.py:188} INFO - [2024-10-14T21:59:46.612+0000] {dag.py:3036} INFO - Sync 1 DAGs
[2024-10-14T21:59:46.633+0000] {logging_mixin.py:188} INFO - [2024-10-14T21:59:46.633+0000] {dag.py:3823} INFO - Setting next_dagrun for example_xcom to 2021-01-01 00:00:00+00:00, run_after=2021-01-01 00:00:00+00:00
[2024-10-14T21:59:46.660+0000] {processor.py:183} INFO - Processing /home/airflow/.local/lib/python3.8/site-packages/airflow/example_dags/example_xcom.py took 0.089 seconds
[2024-10-14T22:00:17.450+0000] {processor.py:161} INFO - Started process (PID=342) to work on /home/airflow/.local/lib/python3.8/site-packages/airflow/example_dags/example_xcom.py
[2024-10-14T22:00:17.451+0000] {processor.py:830} INFO - Processing file /home/airflow/.local/lib/python3.8/site-packages/airflow/example_dags/example_xcom.py for tasks to queue
[2024-10-14T22:00:17.455+0000] {logging_mixin.py:188} INFO - [2024-10-14T22:00:17.454+0000] {dagbag.py:538} INFO - Filling up the DagBag from /home/airflow/.local/lib/python3.8/site-packages/airflow/example_dags/example_xcom.py
[2024-10-14T22:00:17.463+0000] {processor.py:840} INFO - DAG(s) 'example_xcom' retrieved from /home/airflow/.local/lib/python3.8/site-packages/airflow/example_dags/example_xcom.py
[2024-10-14T22:00:17.491+0000] {logging_mixin.py:188} INFO - [2024-10-14T22:00:17.490+0000] {dag.py:3036} INFO - Sync 1 DAGs
[2024-10-14T22:00:17.513+0000] {logging_mixin.py:188} INFO - [2024-10-14T22:00:17.512+0000] {dag.py:3823} INFO - Setting next_dagrun for example_xcom to 2021-01-01 00:00:00+00:00, run_after=2021-01-01 00:00:00+00:00
[2024-10-14T22:00:17.532+0000] {processor.py:183} INFO - Processing /home/airflow/.local/lib/python3.8/site-packages/airflow/example_dags/example_xcom.py took 0.085 seconds
[2024-10-14T22:00:47.825+0000] {processor.py:161} INFO - Started process (PID=414) to work on /home/airflow/.local/lib/python3.8/site-packages/airflow/example_dags/example_xcom.py
[2024-10-14T22:00:47.826+0000] {processor.py:830} INFO - Processing file /home/airflow/.local/lib/python3.8/site-packages/airflow/example_dags/example_xcom.py for tasks to queue
[2024-10-14T22:00:47.827+0000] {logging_mixin.py:188} INFO - [2024-10-14T22:00:47.827+0000] {dagbag.py:538} INFO - Filling up the DagBag from /home/airflow/.local/lib/python3.8/site-packages/airflow/example_dags/example_xcom.py
[2024-10-14T22:00:47.833+0000] {processor.py:840} INFO - DAG(s) 'example_xcom' retrieved from /home/airflow/.local/lib/python3.8/site-packages/airflow/example_dags/example_xcom.py
[2024-10-14T22:00:47.860+0000] {logging_mixin.py:188} INFO - [2024-10-14T22:00:47.860+0000] {dag.py:3036} INFO - Sync 1 DAGs
[2024-10-14T22:00:47.882+0000] {logging_mixin.py:188} INFO - [2024-10-14T22:00:47.881+0000] {dag.py:3823} INFO - Setting next_dagrun for example_xcom to 2021-01-01 00:00:00+00:00, run_after=2021-01-01 00:00:00+00:00
[2024-10-14T22:00:47.905+0000] {processor.py:183} INFO - Processing /home/airflow/.local/lib/python3.8/site-packages/airflow/example_dags/example_xcom.py took 0.088 seconds
[2024-10-14T22:01:18.043+0000] {processor.py:161} INFO - Started process (PID=496) to work on /home/airflow/.local/lib/python3.8/site-packages/airflow/example_dags/example_xcom.py
[2024-10-14T22:01:18.045+0000] {processor.py:830} INFO - Processing file /home/airflow/.local/lib/python3.8/site-packages/airflow/example_dags/example_xcom.py for tasks to queue
[2024-10-14T22:01:18.046+0000] {logging_mixin.py:188} INFO - [2024-10-14T22:01:18.046+0000] {dagbag.py:538} INFO - Filling up the DagBag from /home/airflow/.local/lib/python3.8/site-packages/airflow/example_dags/example_xcom.py
[2024-10-14T22:01:18.055+0000] {processor.py:840} INFO - DAG(s) 'example_xcom' retrieved from /home/airflow/.local/lib/python3.8/site-packages/airflow/example_dags/example_xcom.py
[2024-10-14T22:01:18.076+0000] {logging_mixin.py:188} INFO - [2024-10-14T22:01:18.076+0000] {dag.py:3036} INFO - Sync 1 DAGs
[2024-10-14T22:01:18.097+0000] {logging_mixin.py:188} INFO - [2024-10-14T22:01:18.096+0000] {dag.py:3823} INFO - Setting next_dagrun for example_xcom to 2021-01-01 00:00:00+00:00, run_after=2021-01-01 00:00:00+00:00
[2024-10-14T22:01:18.133+0000] {processor.py:183} INFO - Processing /home/airflow/.local/lib/python3.8/site-packages/airflow/example_dags/example_xcom.py took 0.093 seconds
[2024-10-14T22:01:48.408+0000] {processor.py:161} INFO - Started process (PID=570) to work on /home/airflow/.local/lib/python3.8/site-packages/airflow/example_dags/example_xcom.py
[2024-10-14T22:01:48.409+0000] {processor.py:830} INFO - Processing file /home/airflow/.local/lib/python3.8/site-packages/airflow/example_dags/example_xcom.py for tasks to queue
[2024-10-14T22:01:48.411+0000] {logging_mixin.py:188} INFO - [2024-10-14T22:01:48.411+0000] {dagbag.py:538} INFO - Filling up the DagBag from /home/airflow/.local/lib/python3.8/site-packages/airflow/example_dags/example_xcom.py
[2024-10-14T22:01:48.417+0000] {processor.py:840} INFO - DAG(s) 'example_xcom' retrieved from /home/airflow/.local/lib/python3.8/site-packages/airflow/example_dags/example_xcom.py
[2024-10-14T22:01:48.443+0000] {logging_mixin.py:188} INFO - [2024-10-14T22:01:48.443+0000] {dag.py:3036} INFO - Sync 1 DAGs
[2024-10-14T22:01:48.464+0000] {logging_mixin.py:188} INFO - [2024-10-14T22:01:48.463+0000] {dag.py:3823} INFO - Setting next_dagrun for example_xcom to 2021-01-01 00:00:00+00:00, run_after=2021-01-01 00:00:00+00:00
[2024-10-14T22:01:48.484+0000] {processor.py:183} INFO - Processing /home/airflow/.local/lib/python3.8/site-packages/airflow/example_dags/example_xcom.py took 0.082 seconds
[2024-10-14T22:02:18.860+0000] {processor.py:161} INFO - Started process (PID=652) to work on /home/airflow/.local/lib/python3.8/site-packages/airflow/example_dags/example_xcom.py
[2024-10-14T22:02:18.861+0000] {processor.py:830} INFO - Processing file /home/airflow/.local/lib/python3.8/site-packages/airflow/example_dags/example_xcom.py for tasks to queue
[2024-10-14T22:02:18.862+0000] {logging_mixin.py:188} INFO - [2024-10-14T22:02:18.862+0000] {dagbag.py:538} INFO - Filling up the DagBag from /home/airflow/.local/lib/python3.8/site-packages/airflow/example_dags/example_xcom.py
[2024-10-14T22:02:18.869+0000] {processor.py:840} INFO - DAG(s) 'example_xcom' retrieved from /home/airflow/.local/lib/python3.8/site-packages/airflow/example_dags/example_xcom.py
[2024-10-14T22:02:18.889+0000] {logging_mixin.py:188} INFO - [2024-10-14T22:02:18.888+0000] {dag.py:3036} INFO - Sync 1 DAGs
[2024-10-14T22:02:18.908+0000] {logging_mixin.py:188} INFO - [2024-10-14T22:02:18.907+0000] {dag.py:3823} INFO - Setting next_dagrun for example_xcom to 2021-01-01 00:00:00+00:00, run_after=2021-01-01 00:00:00+00:00
[2024-10-14T22:02:18.925+0000] {processor.py:183} INFO - Processing /home/airflow/.local/lib/python3.8/site-packages/airflow/example_dags/example_xcom.py took 0.068 seconds
[2024-10-14T22:02:49.545+0000] {processor.py:161} INFO - Started process (PID=726) to work on /home/airflow/.local/lib/python3.8/site-packages/airflow/example_dags/example_xcom.py
[2024-10-14T22:02:49.546+0000] {processor.py:830} INFO - Processing file /home/airflow/.local/lib/python3.8/site-packages/airflow/example_dags/example_xcom.py for tasks to queue
[2024-10-14T22:02:49.548+0000] {logging_mixin.py:188} INFO - [2024-10-14T22:02:49.547+0000] {dagbag.py:538} INFO - Filling up the DagBag from /home/airflow/.local/lib/python3.8/site-packages/airflow/example_dags/example_xcom.py
[2024-10-14T22:02:49.557+0000] {processor.py:840} INFO - DAG(s) 'example_xcom' retrieved from /home/airflow/.local/lib/python3.8/site-packages/airflow/example_dags/example_xcom.py
[2024-10-14T22:02:49.576+0000] {logging_mixin.py:188} INFO - [2024-10-14T22:02:49.576+0000] {dag.py:3036} INFO - Sync 1 DAGs
[2024-10-14T22:02:49.595+0000] {logging_mixin.py:188} INFO - [2024-10-14T22:02:49.595+0000] {dag.py:3823} INFO - Setting next_dagrun for example_xcom to 2021-01-01 00:00:00+00:00, run_after=2021-01-01 00:00:00+00:00
[2024-10-14T22:02:49.615+0000] {processor.py:183} INFO - Processing /home/airflow/.local/lib/python3.8/site-packages/airflow/example_dags/example_xcom.py took 0.072 seconds
[2024-10-14T22:03:20.659+0000] {processor.py:161} INFO - Started process (PID=808) to work on /home/airflow/.local/lib/python3.8/site-packages/airflow/example_dags/example_xcom.py
[2024-10-14T22:03:20.661+0000] {processor.py:830} INFO - Processing file /home/airflow/.local/lib/python3.8/site-packages/airflow/example_dags/example_xcom.py for tasks to queue
[2024-10-14T22:03:20.665+0000] {logging_mixin.py:188} INFO - [2024-10-14T22:03:20.664+0000] {dagbag.py:538} INFO - Filling up the DagBag from /home/airflow/.local/lib/python3.8/site-packages/airflow/example_dags/example_xcom.py
[2024-10-14T22:03:20.688+0000] {processor.py:840} INFO - DAG(s) 'example_xcom' retrieved from /home/airflow/.local/lib/python3.8/site-packages/airflow/example_dags/example_xcom.py
[2024-10-14T22:03:20.733+0000] {logging_mixin.py:188} INFO - [2024-10-14T22:03:20.732+0000] {dag.py:3036} INFO - Sync 1 DAGs
[2024-10-14T22:03:20.811+0000] {logging_mixin.py:188} INFO - [2024-10-14T22:03:20.810+0000] {dag.py:3823} INFO - Setting next_dagrun for example_xcom to 2021-01-01 00:00:00+00:00, run_after=2021-01-01 00:00:00+00:00
[2024-10-14T22:03:20.904+0000] {processor.py:183} INFO - Processing /home/airflow/.local/lib/python3.8/site-packages/airflow/example_dags/example_xcom.py took 0.252 seconds
[2024-10-14T22:03:51.843+0000] {processor.py:161} INFO - Started process (PID=881) to work on /home/airflow/.local/lib/python3.8/site-packages/airflow/example_dags/example_xcom.py
[2024-10-14T22:03:51.844+0000] {processor.py:830} INFO - Processing file /home/airflow/.local/lib/python3.8/site-packages/airflow/example_dags/example_xcom.py for tasks to queue
[2024-10-14T22:03:51.846+0000] {logging_mixin.py:188} INFO - [2024-10-14T22:03:51.846+0000] {dagbag.py:538} INFO - Filling up the DagBag from /home/airflow/.local/lib/python3.8/site-packages/airflow/example_dags/example_xcom.py
[2024-10-14T22:03:51.852+0000] {processor.py:840} INFO - DAG(s) 'example_xcom' retrieved from /home/airflow/.local/lib/python3.8/site-packages/airflow/example_dags/example_xcom.py
[2024-10-14T22:03:51.872+0000] {logging_mixin.py:188} INFO - [2024-10-14T22:03:51.872+0000] {dag.py:3036} INFO - Sync 1 DAGs
[2024-10-14T22:03:51.895+0000] {logging_mixin.py:188} INFO - [2024-10-14T22:03:51.894+0000] {dag.py:3823} INFO - Setting next_dagrun for example_xcom to 2021-01-01 00:00:00+00:00, run_after=2021-01-01 00:00:00+00:00
[2024-10-14T22:03:51.914+0000] {processor.py:183} INFO - Processing /home/airflow/.local/lib/python3.8/site-packages/airflow/example_dags/example_xcom.py took 0.073 seconds
[2024-10-14T22:04:22.210+0000] {processor.py:161} INFO - Started process (PID=961) to work on /home/airflow/.local/lib/python3.8/site-packages/airflow/example_dags/example_xcom.py
[2024-10-14T22:04:22.211+0000] {processor.py:830} INFO - Processing file /home/airflow/.local/lib/python3.8/site-packages/airflow/example_dags/example_xcom.py for tasks to queue
[2024-10-14T22:04:22.213+0000] {logging_mixin.py:188} INFO - [2024-10-14T22:04:22.213+0000] {dagbag.py:538} INFO - Filling up the DagBag from /home/airflow/.local/lib/python3.8/site-packages/airflow/example_dags/example_xcom.py
[2024-10-14T22:04:22.219+0000] {processor.py:840} INFO - DAG(s) 'example_xcom' retrieved from /home/airflow/.local/lib/python3.8/site-packages/airflow/example_dags/example_xcom.py
[2024-10-14T22:04:22.237+0000] {logging_mixin.py:188} INFO - [2024-10-14T22:04:22.237+0000] {dag.py:3036} INFO - Sync 1 DAGs
[2024-10-14T22:04:22.254+0000] {logging_mixin.py:188} INFO - [2024-10-14T22:04:22.254+0000] {dag.py:3823} INFO - Setting next_dagrun for example_xcom to 2021-01-01 00:00:00+00:00, run_after=2021-01-01 00:00:00+00:00
[2024-10-14T22:04:22.270+0000] {processor.py:183} INFO - Processing /home/airflow/.local/lib/python3.8/site-packages/airflow/example_dags/example_xcom.py took 0.063 seconds
[2024-10-14T22:04:52.847+0000] {processor.py:161} INFO - Started process (PID=1035) to work on /home/airflow/.local/lib/python3.8/site-packages/airflow/example_dags/example_xcom.py
[2024-10-14T22:04:52.848+0000] {processor.py:830} INFO - Processing file /home/airflow/.local/lib/python3.8/site-packages/airflow/example_dags/example_xcom.py for tasks to queue
[2024-10-14T22:04:52.850+0000] {logging_mixin.py:188} INFO - [2024-10-14T22:04:52.850+0000] {dagbag.py:538} INFO - Filling up the DagBag from /home/airflow/.local/lib/python3.8/site-packages/airflow/example_dags/example_xcom.py
[2024-10-14T22:04:52.856+0000] {processor.py:840} INFO - DAG(s) 'example_xcom' retrieved from /home/airflow/.local/lib/python3.8/site-packages/airflow/example_dags/example_xcom.py
[2024-10-14T22:04:52.871+0000] {logging_mixin.py:188} INFO - [2024-10-14T22:04:52.871+0000] {dag.py:3036} INFO - Sync 1 DAGs
[2024-10-14T22:04:52.886+0000] {logging_mixin.py:188} INFO - [2024-10-14T22:04:52.886+0000] {dag.py:3823} INFO - Setting next_dagrun for example_xcom to 2021-01-01 00:00:00+00:00, run_after=2021-01-01 00:00:00+00:00
[2024-10-14T22:04:52.902+0000] {processor.py:183} INFO - Processing /home/airflow/.local/lib/python3.8/site-packages/airflow/example_dags/example_xcom.py took 0.059 seconds
[2024-10-14T22:05:23.774+0000] {processor.py:161} INFO - Started process (PID=1117) to work on /home/airflow/.local/lib/python3.8/site-packages/airflow/example_dags/example_xcom.py
[2024-10-14T22:05:23.775+0000] {processor.py:830} INFO - Processing file /home/airflow/.local/lib/python3.8/site-packages/airflow/example_dags/example_xcom.py for tasks to queue
[2024-10-14T22:05:23.777+0000] {logging_mixin.py:188} INFO - [2024-10-14T22:05:23.777+0000] {dagbag.py:538} INFO - Filling up the DagBag from /home/airflow/.local/lib/python3.8/site-packages/airflow/example_dags/example_xcom.py
[2024-10-14T22:05:23.783+0000] {processor.py:840} INFO - DAG(s) 'example_xcom' retrieved from /home/airflow/.local/lib/python3.8/site-packages/airflow/example_dags/example_xcom.py
[2024-10-14T22:05:23.798+0000] {logging_mixin.py:188} INFO - [2024-10-14T22:05:23.798+0000] {dag.py:3036} INFO - Sync 1 DAGs
[2024-10-14T22:05:23.813+0000] {logging_mixin.py:188} INFO - [2024-10-14T22:05:23.813+0000] {dag.py:3823} INFO - Setting next_dagrun for example_xcom to 2021-01-01 00:00:00+00:00, run_after=2021-01-01 00:00:00+00:00
[2024-10-14T22:05:23.830+0000] {processor.py:183} INFO - Processing /home/airflow/.local/lib/python3.8/site-packages/airflow/example_dags/example_xcom.py took 0.059 seconds
[2024-10-14T22:05:53.886+0000] {processor.py:161} INFO - Started process (PID=1191) to work on /home/airflow/.local/lib/python3.8/site-packages/airflow/example_dags/example_xcom.py
[2024-10-14T22:05:53.889+0000] {processor.py:830} INFO - Processing file /home/airflow/.local/lib/python3.8/site-packages/airflow/example_dags/example_xcom.py for tasks to queue
[2024-10-14T22:05:53.891+0000] {logging_mixin.py:188} INFO - [2024-10-14T22:05:53.890+0000] {dagbag.py:538} INFO - Filling up the DagBag from /home/airflow/.local/lib/python3.8/site-packages/airflow/example_dags/example_xcom.py
[2024-10-14T22:05:53.896+0000] {processor.py:840} INFO - DAG(s) 'example_xcom' retrieved from /home/airflow/.local/lib/python3.8/site-packages/airflow/example_dags/example_xcom.py
[2024-10-14T22:05:53.911+0000] {logging_mixin.py:188} INFO - [2024-10-14T22:05:53.911+0000] {dag.py:3036} INFO - Sync 1 DAGs
[2024-10-14T22:05:53.926+0000] {logging_mixin.py:188} INFO - [2024-10-14T22:05:53.926+0000] {dag.py:3823} INFO - Setting next_dagrun for example_xcom to 2021-01-01 00:00:00+00:00, run_after=2021-01-01 00:00:00+00:00
[2024-10-14T22:05:53.940+0000] {processor.py:183} INFO - Processing /home/airflow/.local/lib/python3.8/site-packages/airflow/example_dags/example_xcom.py took 0.057 seconds
[2024-10-14T22:06:24.008+0000] {processor.py:161} INFO - Started process (PID=1272) to work on /home/airflow/.local/lib/python3.8/site-packages/airflow/example_dags/example_xcom.py
[2024-10-14T22:06:24.009+0000] {processor.py:830} INFO - Processing file /home/airflow/.local/lib/python3.8/site-packages/airflow/example_dags/example_xcom.py for tasks to queue
[2024-10-14T22:06:24.011+0000] {logging_mixin.py:188} INFO - [2024-10-14T22:06:24.010+0000] {dagbag.py:538} INFO - Filling up the DagBag from /home/airflow/.local/lib/python3.8/site-packages/airflow/example_dags/example_xcom.py
[2024-10-14T22:06:24.016+0000] {processor.py:840} INFO - DAG(s) 'example_xcom' retrieved from /home/airflow/.local/lib/python3.8/site-packages/airflow/example_dags/example_xcom.py
[2024-10-14T22:06:24.032+0000] {logging_mixin.py:188} INFO - [2024-10-14T22:06:24.032+0000] {dag.py:3036} INFO - Sync 1 DAGs
[2024-10-14T22:06:24.047+0000] {logging_mixin.py:188} INFO - [2024-10-14T22:06:24.047+0000] {dag.py:3823} INFO - Setting next_dagrun for example_xcom to 2021-01-01 00:00:00+00:00, run_after=2021-01-01 00:00:00+00:00
[2024-10-14T22:06:24.064+0000] {processor.py:183} INFO - Processing /home/airflow/.local/lib/python3.8/site-packages/airflow/example_dags/example_xcom.py took 0.058 seconds
[2024-10-14T22:06:54.367+0000] {processor.py:161} INFO - Started process (PID=1347) to work on /home/airflow/.local/lib/python3.8/site-packages/airflow/example_dags/example_xcom.py
[2024-10-14T22:06:54.368+0000] {processor.py:830} INFO - Processing file /home/airflow/.local/lib/python3.8/site-packages/airflow/example_dags/example_xcom.py for tasks to queue
[2024-10-14T22:06:54.369+0000] {logging_mixin.py:188} INFO - [2024-10-14T22:06:54.369+0000] {dagbag.py:538} INFO - Filling up the DagBag from /home/airflow/.local/lib/python3.8/site-packages/airflow/example_dags/example_xcom.py
[2024-10-14T22:06:54.375+0000] {processor.py:840} INFO - DAG(s) 'example_xcom' retrieved from /home/airflow/.local/lib/python3.8/site-packages/airflow/example_dags/example_xcom.py
[2024-10-14T22:06:54.390+0000] {logging_mixin.py:188} INFO - [2024-10-14T22:06:54.390+0000] {dag.py:3036} INFO - Sync 1 DAGs
[2024-10-14T22:06:54.405+0000] {logging_mixin.py:188} INFO - [2024-10-14T22:06:54.405+0000] {dag.py:3823} INFO - Setting next_dagrun for example_xcom to 2021-01-01 00:00:00+00:00, run_after=2021-01-01 00:00:00+00:00
[2024-10-14T22:06:54.420+0000] {processor.py:183} INFO - Processing /home/airflow/.local/lib/python3.8/site-packages/airflow/example_dags/example_xcom.py took 0.056 seconds
[2024-10-14T22:07:25.049+0000] {processor.py:161} INFO - Started process (PID=1430) to work on /home/airflow/.local/lib/python3.8/site-packages/airflow/example_dags/example_xcom.py
[2024-10-14T22:07:25.050+0000] {processor.py:830} INFO - Processing file /home/airflow/.local/lib/python3.8/site-packages/airflow/example_dags/example_xcom.py for tasks to queue
[2024-10-14T22:07:25.051+0000] {logging_mixin.py:188} INFO - [2024-10-14T22:07:25.051+0000] {dagbag.py:538} INFO - Filling up the DagBag from /home/airflow/.local/lib/python3.8/site-packages/airflow/example_dags/example_xcom.py
[2024-10-14T22:07:25.059+0000] {processor.py:840} INFO - DAG(s) 'example_xcom' retrieved from /home/airflow/.local/lib/python3.8/site-packages/airflow/example_dags/example_xcom.py
[2024-10-14T22:07:25.080+0000] {logging_mixin.py:188} INFO - [2024-10-14T22:07:25.080+0000] {dag.py:3036} INFO - Sync 1 DAGs
[2024-10-14T22:07:25.102+0000] {logging_mixin.py:188} INFO - [2024-10-14T22:07:25.102+0000] {dag.py:3823} INFO - Setting next_dagrun for example_xcom to 2021-01-01 00:00:00+00:00, run_after=2021-01-01 00:00:00+00:00
[2024-10-14T22:07:25.123+0000] {processor.py:183} INFO - Processing /home/airflow/.local/lib/python3.8/site-packages/airflow/example_dags/example_xcom.py took 0.076 seconds
[2024-10-14T22:07:55.192+0000] {processor.py:161} INFO - Started process (PID=1512) to work on /home/airflow/.local/lib/python3.8/site-packages/airflow/example_dags/example_xcom.py
[2024-10-14T22:07:55.193+0000] {processor.py:830} INFO - Processing file /home/airflow/.local/lib/python3.8/site-packages/airflow/example_dags/example_xcom.py for tasks to queue
[2024-10-14T22:07:55.194+0000] {logging_mixin.py:188} INFO - [2024-10-14T22:07:55.194+0000] {dagbag.py:538} INFO - Filling up the DagBag from /home/airflow/.local/lib/python3.8/site-packages/airflow/example_dags/example_xcom.py
[2024-10-14T22:07:55.200+0000] {processor.py:840} INFO - DAG(s) 'example_xcom' retrieved from /home/airflow/.local/lib/python3.8/site-packages/airflow/example_dags/example_xcom.py
[2024-10-14T22:07:55.217+0000] {logging_mixin.py:188} INFO - [2024-10-14T22:07:55.217+0000] {dag.py:3036} INFO - Sync 1 DAGs
[2024-10-14T22:07:55.233+0000] {logging_mixin.py:188} INFO - [2024-10-14T22:07:55.233+0000] {dag.py:3823} INFO - Setting next_dagrun for example_xcom to 2021-01-01 00:00:00+00:00, run_after=2021-01-01 00:00:00+00:00
[2024-10-14T22:07:55.249+0000] {processor.py:183} INFO - Processing /home/airflow/.local/lib/python3.8/site-packages/airflow/example_dags/example_xcom.py took 0.060 seconds
[2024-10-14T22:08:25.780+0000] {processor.py:161} INFO - Started process (PID=1586) to work on /home/airflow/.local/lib/python3.8/site-packages/airflow/example_dags/example_xcom.py
[2024-10-14T22:08:25.784+0000] {processor.py:830} INFO - Processing file /home/airflow/.local/lib/python3.8/site-packages/airflow/example_dags/example_xcom.py for tasks to queue
[2024-10-14T22:08:25.785+0000] {logging_mixin.py:188} INFO - [2024-10-14T22:08:25.785+0000] {dagbag.py:538} INFO - Filling up the DagBag from /home/airflow/.local/lib/python3.8/site-packages/airflow/example_dags/example_xcom.py
[2024-10-14T22:08:25.791+0000] {processor.py:840} INFO - DAG(s) 'example_xcom' retrieved from /home/airflow/.local/lib/python3.8/site-packages/airflow/example_dags/example_xcom.py
[2024-10-14T22:08:25.806+0000] {logging_mixin.py:188} INFO - [2024-10-14T22:08:25.806+0000] {dag.py:3036} INFO - Sync 1 DAGs
[2024-10-14T22:08:25.821+0000] {logging_mixin.py:188} INFO - [2024-10-14T22:08:25.821+0000] {dag.py:3823} INFO - Setting next_dagrun for example_xcom to 2021-01-01 00:00:00+00:00, run_after=2021-01-01 00:00:00+00:00
[2024-10-14T22:08:25.837+0000] {processor.py:183} INFO - Processing /home/airflow/.local/lib/python3.8/site-packages/airflow/example_dags/example_xcom.py took 0.062 seconds
[2024-10-14T22:08:56.311+0000] {processor.py:161} INFO - Started process (PID=1667) to work on /home/airflow/.local/lib/python3.8/site-packages/airflow/example_dags/example_xcom.py
[2024-10-14T22:08:56.313+0000] {processor.py:830} INFO - Processing file /home/airflow/.local/lib/python3.8/site-packages/airflow/example_dags/example_xcom.py for tasks to queue
[2024-10-14T22:08:56.316+0000] {logging_mixin.py:188} INFO - [2024-10-14T22:08:56.316+0000] {dagbag.py:538} INFO - Filling up the DagBag from /home/airflow/.local/lib/python3.8/site-packages/airflow/example_dags/example_xcom.py
[2024-10-14T22:08:56.325+0000] {processor.py:840} INFO - DAG(s) 'example_xcom' retrieved from /home/airflow/.local/lib/python3.8/site-packages/airflow/example_dags/example_xcom.py
[2024-10-14T22:08:56.348+0000] {logging_mixin.py:188} INFO - [2024-10-14T22:08:56.348+0000] {dag.py:3036} INFO - Sync 1 DAGs
[2024-10-14T22:08:56.377+0000] {logging_mixin.py:188} INFO - [2024-10-14T22:08:56.376+0000] {dag.py:3823} INFO - Setting next_dagrun for example_xcom to 2021-01-01 00:00:00+00:00, run_after=2021-01-01 00:00:00+00:00
[2024-10-14T22:08:56.402+0000] {processor.py:183} INFO - Processing /home/airflow/.local/lib/python3.8/site-packages/airflow/example_dags/example_xcom.py took 0.094 seconds
