[2024-10-14T21:19:55.391+0000] {processor.py:161} INFO - Started process (PID=135) to work on /home/airflow/.local/lib/python3.8/site-packages/airflow/example_dags/example_python_decorator.py
[2024-10-14T21:19:55.392+0000] {processor.py:830} INFO - Processing file /home/airflow/.local/lib/python3.8/site-packages/airflow/example_dags/example_python_decorator.py for tasks to queue
[2024-10-14T21:19:55.394+0000] {logging_mixin.py:188} INFO - [2024-10-14T21:19:55.394+0000] {dagbag.py:538} INFO - Filling up the DagBag from /home/airflow/.local/lib/python3.8/site-packages/airflow/example_dags/example_python_decorator.py
[2024-10-14T21:19:55.411+0000] {processor.py:840} INFO - DAG(s) 'example_python_decorator' retrieved from /home/airflow/.local/lib/python3.8/site-packages/airflow/example_dags/example_python_decorator.py
[2024-10-14T21:19:55.544+0000] {logging_mixin.py:188} INFO - [2024-10-14T21:19:55.544+0000] {dag.py:3036} INFO - Sync 1 DAGs
[2024-10-14T21:19:55.554+0000] {logging_mixin.py:188} INFO - [2024-10-14T21:19:55.553+0000] {dag.py:3823} INFO - Setting next_dagrun for example_python_decorator to None, run_after=None
[2024-10-14T21:19:55.571+0000] {processor.py:183} INFO - Processing /home/airflow/.local/lib/python3.8/site-packages/airflow/example_dags/example_python_decorator.py took 0.184 seconds
[2024-10-14T21:20:26.007+0000] {processor.py:161} INFO - Started process (PID=209) to work on /home/airflow/.local/lib/python3.8/site-packages/airflow/example_dags/example_python_decorator.py
[2024-10-14T21:20:26.008+0000] {processor.py:830} INFO - Processing file /home/airflow/.local/lib/python3.8/site-packages/airflow/example_dags/example_python_decorator.py for tasks to queue
[2024-10-14T21:20:26.009+0000] {logging_mixin.py:188} INFO - [2024-10-14T21:20:26.009+0000] {dagbag.py:538} INFO - Filling up the DagBag from /home/airflow/.local/lib/python3.8/site-packages/airflow/example_dags/example_python_decorator.py
[2024-10-14T21:20:26.019+0000] {processor.py:840} INFO - DAG(s) 'example_python_decorator' retrieved from /home/airflow/.local/lib/python3.8/site-packages/airflow/example_dags/example_python_decorator.py
[2024-10-14T21:20:26.036+0000] {logging_mixin.py:188} INFO - [2024-10-14T21:20:26.036+0000] {dag.py:3036} INFO - Sync 1 DAGs
[2024-10-14T21:20:26.045+0000] {logging_mixin.py:188} INFO - [2024-10-14T21:20:26.045+0000] {dag.py:3823} INFO - Setting next_dagrun for example_python_decorator to None, run_after=None
[2024-10-14T21:20:26.060+0000] {processor.py:183} INFO - Processing /home/airflow/.local/lib/python3.8/site-packages/airflow/example_dags/example_python_decorator.py took 0.056 seconds
[2024-10-14T21:20:56.971+0000] {processor.py:161} INFO - Started process (PID=290) to work on /home/airflow/.local/lib/python3.8/site-packages/airflow/example_dags/example_python_decorator.py
[2024-10-14T21:20:56.973+0000] {processor.py:830} INFO - Processing file /home/airflow/.local/lib/python3.8/site-packages/airflow/example_dags/example_python_decorator.py for tasks to queue
[2024-10-14T21:20:56.974+0000] {logging_mixin.py:188} INFO - [2024-10-14T21:20:56.974+0000] {dagbag.py:538} INFO - Filling up the DagBag from /home/airflow/.local/lib/python3.8/site-packages/airflow/example_dags/example_python_decorator.py
[2024-10-14T21:20:56.984+0000] {processor.py:840} INFO - DAG(s) 'example_python_decorator' retrieved from /home/airflow/.local/lib/python3.8/site-packages/airflow/example_dags/example_python_decorator.py
[2024-10-14T21:20:57.001+0000] {logging_mixin.py:188} INFO - [2024-10-14T21:20:57.001+0000] {dag.py:3036} INFO - Sync 1 DAGs
[2024-10-14T21:20:57.009+0000] {logging_mixin.py:188} INFO - [2024-10-14T21:20:57.009+0000] {dag.py:3823} INFO - Setting next_dagrun for example_python_decorator to None, run_after=None
[2024-10-14T21:20:57.022+0000] {processor.py:183} INFO - Processing /home/airflow/.local/lib/python3.8/site-packages/airflow/example_dags/example_python_decorator.py took 0.053 seconds
[2024-10-14T21:21:27.656+0000] {processor.py:161} INFO - Started process (PID=364) to work on /home/airflow/.local/lib/python3.8/site-packages/airflow/example_dags/example_python_decorator.py
[2024-10-14T21:21:27.657+0000] {processor.py:830} INFO - Processing file /home/airflow/.local/lib/python3.8/site-packages/airflow/example_dags/example_python_decorator.py for tasks to queue
[2024-10-14T21:21:27.658+0000] {logging_mixin.py:188} INFO - [2024-10-14T21:21:27.658+0000] {dagbag.py:538} INFO - Filling up the DagBag from /home/airflow/.local/lib/python3.8/site-packages/airflow/example_dags/example_python_decorator.py
[2024-10-14T21:21:27.666+0000] {processor.py:840} INFO - DAG(s) 'example_python_decorator' retrieved from /home/airflow/.local/lib/python3.8/site-packages/airflow/example_dags/example_python_decorator.py
[2024-10-14T21:21:27.681+0000] {logging_mixin.py:188} INFO - [2024-10-14T21:21:27.681+0000] {dag.py:3036} INFO - Sync 1 DAGs
[2024-10-14T21:21:27.688+0000] {logging_mixin.py:188} INFO - [2024-10-14T21:21:27.688+0000] {dag.py:3823} INFO - Setting next_dagrun for example_python_decorator to None, run_after=None
[2024-10-14T21:21:27.701+0000] {processor.py:183} INFO - Processing /home/airflow/.local/lib/python3.8/site-packages/airflow/example_dags/example_python_decorator.py took 0.047 seconds
[2024-10-14T21:21:58.442+0000] {processor.py:161} INFO - Started process (PID=445) to work on /home/airflow/.local/lib/python3.8/site-packages/airflow/example_dags/example_python_decorator.py
[2024-10-14T21:21:58.443+0000] {processor.py:830} INFO - Processing file /home/airflow/.local/lib/python3.8/site-packages/airflow/example_dags/example_python_decorator.py for tasks to queue
[2024-10-14T21:21:58.446+0000] {logging_mixin.py:188} INFO - [2024-10-14T21:21:58.445+0000] {dagbag.py:538} INFO - Filling up the DagBag from /home/airflow/.local/lib/python3.8/site-packages/airflow/example_dags/example_python_decorator.py
[2024-10-14T21:21:58.456+0000] {processor.py:840} INFO - DAG(s) 'example_python_decorator' retrieved from /home/airflow/.local/lib/python3.8/site-packages/airflow/example_dags/example_python_decorator.py
[2024-10-14T21:21:58.480+0000] {logging_mixin.py:188} INFO - [2024-10-14T21:21:58.479+0000] {dag.py:3036} INFO - Sync 1 DAGs
[2024-10-14T21:21:58.494+0000] {logging_mixin.py:188} INFO - [2024-10-14T21:21:58.493+0000] {dag.py:3823} INFO - Setting next_dagrun for example_python_decorator to None, run_after=None
[2024-10-14T21:21:58.522+0000] {processor.py:183} INFO - Processing /home/airflow/.local/lib/python3.8/site-packages/airflow/example_dags/example_python_decorator.py took 0.084 seconds
[2024-10-14T21:22:28.655+0000] {processor.py:161} INFO - Started process (PID=519) to work on /home/airflow/.local/lib/python3.8/site-packages/airflow/example_dags/example_python_decorator.py
[2024-10-14T21:22:28.657+0000] {processor.py:830} INFO - Processing file /home/airflow/.local/lib/python3.8/site-packages/airflow/example_dags/example_python_decorator.py for tasks to queue
[2024-10-14T21:22:28.659+0000] {logging_mixin.py:188} INFO - [2024-10-14T21:22:28.659+0000] {dagbag.py:538} INFO - Filling up the DagBag from /home/airflow/.local/lib/python3.8/site-packages/airflow/example_dags/example_python_decorator.py
[2024-10-14T21:22:28.670+0000] {processor.py:840} INFO - DAG(s) 'example_python_decorator' retrieved from /home/airflow/.local/lib/python3.8/site-packages/airflow/example_dags/example_python_decorator.py
[2024-10-14T21:22:28.696+0000] {logging_mixin.py:188} INFO - [2024-10-14T21:22:28.695+0000] {dag.py:3036} INFO - Sync 1 DAGs
[2024-10-14T21:22:28.706+0000] {logging_mixin.py:188} INFO - [2024-10-14T21:22:28.705+0000] {dag.py:3823} INFO - Setting next_dagrun for example_python_decorator to None, run_after=None
[2024-10-14T21:22:28.731+0000] {processor.py:183} INFO - Processing /home/airflow/.local/lib/python3.8/site-packages/airflow/example_dags/example_python_decorator.py took 0.079 seconds
[2024-10-14T21:23:00.102+0000] {processor.py:161} INFO - Started process (PID=601) to work on /home/airflow/.local/lib/python3.8/site-packages/airflow/example_dags/example_python_decorator.py
[2024-10-14T21:23:00.103+0000] {processor.py:830} INFO - Processing file /home/airflow/.local/lib/python3.8/site-packages/airflow/example_dags/example_python_decorator.py for tasks to queue
[2024-10-14T21:23:00.105+0000] {logging_mixin.py:188} INFO - [2024-10-14T21:23:00.104+0000] {dagbag.py:538} INFO - Filling up the DagBag from /home/airflow/.local/lib/python3.8/site-packages/airflow/example_dags/example_python_decorator.py
[2024-10-14T21:23:00.131+0000] {processor.py:840} INFO - DAG(s) 'example_python_decorator' retrieved from /home/airflow/.local/lib/python3.8/site-packages/airflow/example_dags/example_python_decorator.py
[2024-10-14T21:23:00.164+0000] {logging_mixin.py:188} INFO - [2024-10-14T21:23:00.163+0000] {dag.py:3036} INFO - Sync 1 DAGs
[2024-10-14T21:23:00.177+0000] {logging_mixin.py:188} INFO - [2024-10-14T21:23:00.176+0000] {dag.py:3823} INFO - Setting next_dagrun for example_python_decorator to None, run_after=None
[2024-10-14T21:23:00.199+0000] {processor.py:183} INFO - Processing /home/airflow/.local/lib/python3.8/site-packages/airflow/example_dags/example_python_decorator.py took 0.100 seconds
[2024-10-14T21:23:30.896+0000] {processor.py:161} INFO - Started process (PID=675) to work on /home/airflow/.local/lib/python3.8/site-packages/airflow/example_dags/example_python_decorator.py
[2024-10-14T21:23:30.896+0000] {processor.py:830} INFO - Processing file /home/airflow/.local/lib/python3.8/site-packages/airflow/example_dags/example_python_decorator.py for tasks to queue
[2024-10-14T21:23:30.898+0000] {logging_mixin.py:188} INFO - [2024-10-14T21:23:30.898+0000] {dagbag.py:538} INFO - Filling up the DagBag from /home/airflow/.local/lib/python3.8/site-packages/airflow/example_dags/example_python_decorator.py
[2024-10-14T21:23:30.911+0000] {processor.py:840} INFO - DAG(s) 'example_python_decorator' retrieved from /home/airflow/.local/lib/python3.8/site-packages/airflow/example_dags/example_python_decorator.py
[2024-10-14T21:23:30.933+0000] {logging_mixin.py:188} INFO - [2024-10-14T21:23:30.933+0000] {dag.py:3036} INFO - Sync 1 DAGs
[2024-10-14T21:23:30.952+0000] {logging_mixin.py:188} INFO - [2024-10-14T21:23:30.952+0000] {dag.py:3823} INFO - Setting next_dagrun for example_python_decorator to None, run_after=None
[2024-10-14T21:23:30.983+0000] {processor.py:183} INFO - Processing /home/airflow/.local/lib/python3.8/site-packages/airflow/example_dags/example_python_decorator.py took 0.095 seconds
[2024-10-14T21:24:01.583+0000] {processor.py:161} INFO - Started process (PID=757) to work on /home/airflow/.local/lib/python3.8/site-packages/airflow/example_dags/example_python_decorator.py
[2024-10-14T21:24:01.584+0000] {processor.py:830} INFO - Processing file /home/airflow/.local/lib/python3.8/site-packages/airflow/example_dags/example_python_decorator.py for tasks to queue
[2024-10-14T21:24:01.586+0000] {logging_mixin.py:188} INFO - [2024-10-14T21:24:01.585+0000] {dagbag.py:538} INFO - Filling up the DagBag from /home/airflow/.local/lib/python3.8/site-packages/airflow/example_dags/example_python_decorator.py
[2024-10-14T21:24:01.597+0000] {processor.py:840} INFO - DAG(s) 'example_python_decorator' retrieved from /home/airflow/.local/lib/python3.8/site-packages/airflow/example_dags/example_python_decorator.py
[2024-10-14T21:24:01.613+0000] {logging_mixin.py:188} INFO - [2024-10-14T21:24:01.613+0000] {dag.py:3036} INFO - Sync 1 DAGs
[2024-10-14T21:24:01.621+0000] {logging_mixin.py:188} INFO - [2024-10-14T21:24:01.621+0000] {dag.py:3823} INFO - Setting next_dagrun for example_python_decorator to None, run_after=None
[2024-10-14T21:24:01.635+0000] {processor.py:183} INFO - Processing /home/airflow/.local/lib/python3.8/site-packages/airflow/example_dags/example_python_decorator.py took 0.054 seconds
[2024-10-14T21:24:32.838+0000] {processor.py:161} INFO - Started process (PID=823) to work on /home/airflow/.local/lib/python3.8/site-packages/airflow/example_dags/example_python_decorator.py
[2024-10-14T21:24:32.840+0000] {processor.py:830} INFO - Processing file /home/airflow/.local/lib/python3.8/site-packages/airflow/example_dags/example_python_decorator.py for tasks to queue
[2024-10-14T21:24:32.845+0000] {logging_mixin.py:188} INFO - [2024-10-14T21:24:32.844+0000] {dagbag.py:538} INFO - Filling up the DagBag from /home/airflow/.local/lib/python3.8/site-packages/airflow/example_dags/example_python_decorator.py
[2024-10-14T21:24:32.865+0000] {processor.py:840} INFO - DAG(s) 'example_python_decorator' retrieved from /home/airflow/.local/lib/python3.8/site-packages/airflow/example_dags/example_python_decorator.py
[2024-10-14T21:24:32.899+0000] {logging_mixin.py:188} INFO - [2024-10-14T21:24:32.898+0000] {dag.py:3036} INFO - Sync 1 DAGs
[2024-10-14T21:24:32.915+0000] {logging_mixin.py:188} INFO - [2024-10-14T21:24:32.914+0000] {dag.py:3823} INFO - Setting next_dagrun for example_python_decorator to None, run_after=None
[2024-10-14T21:24:32.937+0000] {processor.py:183} INFO - Processing /home/airflow/.local/lib/python3.8/site-packages/airflow/example_dags/example_python_decorator.py took 0.102 seconds
[2024-10-14T21:25:03.569+0000] {processor.py:161} INFO - Started process (PID=903) to work on /home/airflow/.local/lib/python3.8/site-packages/airflow/example_dags/example_python_decorator.py
[2024-10-14T21:25:03.570+0000] {processor.py:830} INFO - Processing file /home/airflow/.local/lib/python3.8/site-packages/airflow/example_dags/example_python_decorator.py for tasks to queue
[2024-10-14T21:25:03.571+0000] {logging_mixin.py:188} INFO - [2024-10-14T21:25:03.571+0000] {dagbag.py:538} INFO - Filling up the DagBag from /home/airflow/.local/lib/python3.8/site-packages/airflow/example_dags/example_python_decorator.py
[2024-10-14T21:25:03.585+0000] {processor.py:840} INFO - DAG(s) 'example_python_decorator' retrieved from /home/airflow/.local/lib/python3.8/site-packages/airflow/example_dags/example_python_decorator.py
[2024-10-14T21:25:03.604+0000] {logging_mixin.py:188} INFO - [2024-10-14T21:25:03.604+0000] {dag.py:3036} INFO - Sync 1 DAGs
[2024-10-14T21:25:03.615+0000] {logging_mixin.py:188} INFO - [2024-10-14T21:25:03.615+0000] {dag.py:3823} INFO - Setting next_dagrun for example_python_decorator to None, run_after=None
[2024-10-14T21:25:03.632+0000] {processor.py:183} INFO - Processing /home/airflow/.local/lib/python3.8/site-packages/airflow/example_dags/example_python_decorator.py took 0.066 seconds
[2024-10-14T21:25:34.259+0000] {processor.py:161} INFO - Started process (PID=977) to work on /home/airflow/.local/lib/python3.8/site-packages/airflow/example_dags/example_python_decorator.py
[2024-10-14T21:25:34.261+0000] {processor.py:830} INFO - Processing file /home/airflow/.local/lib/python3.8/site-packages/airflow/example_dags/example_python_decorator.py for tasks to queue
[2024-10-14T21:25:34.265+0000] {logging_mixin.py:188} INFO - [2024-10-14T21:25:34.264+0000] {dagbag.py:538} INFO - Filling up the DagBag from /home/airflow/.local/lib/python3.8/site-packages/airflow/example_dags/example_python_decorator.py
[2024-10-14T21:25:34.281+0000] {processor.py:840} INFO - DAG(s) 'example_python_decorator' retrieved from /home/airflow/.local/lib/python3.8/site-packages/airflow/example_dags/example_python_decorator.py
[2024-10-14T21:25:34.305+0000] {logging_mixin.py:188} INFO - [2024-10-14T21:25:34.304+0000] {dag.py:3036} INFO - Sync 1 DAGs
[2024-10-14T21:25:34.320+0000] {logging_mixin.py:188} INFO - [2024-10-14T21:25:34.319+0000] {dag.py:3823} INFO - Setting next_dagrun for example_python_decorator to None, run_after=None
[2024-10-14T21:25:34.353+0000] {processor.py:183} INFO - Processing /home/airflow/.local/lib/python3.8/site-packages/airflow/example_dags/example_python_decorator.py took 0.099 seconds
[2024-10-14T21:26:04.500+0000] {processor.py:161} INFO - Started process (PID=1059) to work on /home/airflow/.local/lib/python3.8/site-packages/airflow/example_dags/example_python_decorator.py
[2024-10-14T21:26:04.501+0000] {processor.py:830} INFO - Processing file /home/airflow/.local/lib/python3.8/site-packages/airflow/example_dags/example_python_decorator.py for tasks to queue
[2024-10-14T21:26:04.503+0000] {logging_mixin.py:188} INFO - [2024-10-14T21:26:04.502+0000] {dagbag.py:538} INFO - Filling up the DagBag from /home/airflow/.local/lib/python3.8/site-packages/airflow/example_dags/example_python_decorator.py
[2024-10-14T21:26:04.514+0000] {processor.py:840} INFO - DAG(s) 'example_python_decorator' retrieved from /home/airflow/.local/lib/python3.8/site-packages/airflow/example_dags/example_python_decorator.py
[2024-10-14T21:26:04.531+0000] {logging_mixin.py:188} INFO - [2024-10-14T21:26:04.531+0000] {dag.py:3036} INFO - Sync 1 DAGs
[2024-10-14T21:26:04.543+0000] {logging_mixin.py:188} INFO - [2024-10-14T21:26:04.543+0000] {dag.py:3823} INFO - Setting next_dagrun for example_python_decorator to None, run_after=None
[2024-10-14T21:26:04.561+0000] {processor.py:183} INFO - Processing /home/airflow/.local/lib/python3.8/site-packages/airflow/example_dags/example_python_decorator.py took 0.063 seconds
[2024-10-14T21:26:34.844+0000] {processor.py:161} INFO - Started process (PID=1133) to work on /home/airflow/.local/lib/python3.8/site-packages/airflow/example_dags/example_python_decorator.py
[2024-10-14T21:26:34.845+0000] {processor.py:830} INFO - Processing file /home/airflow/.local/lib/python3.8/site-packages/airflow/example_dags/example_python_decorator.py for tasks to queue
[2024-10-14T21:26:34.846+0000] {logging_mixin.py:188} INFO - [2024-10-14T21:26:34.846+0000] {dagbag.py:538} INFO - Filling up the DagBag from /home/airflow/.local/lib/python3.8/site-packages/airflow/example_dags/example_python_decorator.py
[2024-10-14T21:26:34.856+0000] {processor.py:840} INFO - DAG(s) 'example_python_decorator' retrieved from /home/airflow/.local/lib/python3.8/site-packages/airflow/example_dags/example_python_decorator.py
[2024-10-14T21:26:34.873+0000] {logging_mixin.py:188} INFO - [2024-10-14T21:26:34.873+0000] {dag.py:3036} INFO - Sync 1 DAGs
[2024-10-14T21:26:34.882+0000] {logging_mixin.py:188} INFO - [2024-10-14T21:26:34.882+0000] {dag.py:3823} INFO - Setting next_dagrun for example_python_decorator to None, run_after=None
[2024-10-14T21:26:34.899+0000] {processor.py:183} INFO - Processing /home/airflow/.local/lib/python3.8/site-packages/airflow/example_dags/example_python_decorator.py took 0.057 seconds
[2024-10-14T21:27:05.915+0000] {processor.py:161} INFO - Started process (PID=1215) to work on /home/airflow/.local/lib/python3.8/site-packages/airflow/example_dags/example_python_decorator.py
[2024-10-14T21:27:05.915+0000] {processor.py:830} INFO - Processing file /home/airflow/.local/lib/python3.8/site-packages/airflow/example_dags/example_python_decorator.py for tasks to queue
[2024-10-14T21:27:05.917+0000] {logging_mixin.py:188} INFO - [2024-10-14T21:27:05.917+0000] {dagbag.py:538} INFO - Filling up the DagBag from /home/airflow/.local/lib/python3.8/site-packages/airflow/example_dags/example_python_decorator.py
[2024-10-14T21:27:05.925+0000] {processor.py:840} INFO - DAG(s) 'example_python_decorator' retrieved from /home/airflow/.local/lib/python3.8/site-packages/airflow/example_dags/example_python_decorator.py
[2024-10-14T21:27:05.941+0000] {logging_mixin.py:188} INFO - [2024-10-14T21:27:05.940+0000] {dag.py:3036} INFO - Sync 1 DAGs
[2024-10-14T21:27:05.949+0000] {logging_mixin.py:188} INFO - [2024-10-14T21:27:05.949+0000] {dag.py:3823} INFO - Setting next_dagrun for example_python_decorator to None, run_after=None
[2024-10-14T21:27:05.964+0000] {processor.py:183} INFO - Processing /home/airflow/.local/lib/python3.8/site-packages/airflow/example_dags/example_python_decorator.py took 0.052 seconds
[2024-10-14T21:27:36.846+0000] {processor.py:161} INFO - Started process (PID=1289) to work on /home/airflow/.local/lib/python3.8/site-packages/airflow/example_dags/example_python_decorator.py
[2024-10-14T21:27:36.847+0000] {processor.py:830} INFO - Processing file /home/airflow/.local/lib/python3.8/site-packages/airflow/example_dags/example_python_decorator.py for tasks to queue
[2024-10-14T21:27:36.849+0000] {logging_mixin.py:188} INFO - [2024-10-14T21:27:36.849+0000] {dagbag.py:538} INFO - Filling up the DagBag from /home/airflow/.local/lib/python3.8/site-packages/airflow/example_dags/example_python_decorator.py
[2024-10-14T21:27:36.865+0000] {processor.py:840} INFO - DAG(s) 'example_python_decorator' retrieved from /home/airflow/.local/lib/python3.8/site-packages/airflow/example_dags/example_python_decorator.py
[2024-10-14T21:27:36.891+0000] {logging_mixin.py:188} INFO - [2024-10-14T21:27:36.890+0000] {dag.py:3036} INFO - Sync 1 DAGs
[2024-10-14T21:27:36.910+0000] {logging_mixin.py:188} INFO - [2024-10-14T21:27:36.910+0000] {dag.py:3823} INFO - Setting next_dagrun for example_python_decorator to None, run_after=None
[2024-10-14T21:27:36.926+0000] {processor.py:183} INFO - Processing /home/airflow/.local/lib/python3.8/site-packages/airflow/example_dags/example_python_decorator.py took 0.086 seconds
[2024-10-14T21:28:07.081+0000] {processor.py:161} INFO - Started process (PID=1371) to work on /home/airflow/.local/lib/python3.8/site-packages/airflow/example_dags/example_python_decorator.py
[2024-10-14T21:28:07.081+0000] {processor.py:830} INFO - Processing file /home/airflow/.local/lib/python3.8/site-packages/airflow/example_dags/example_python_decorator.py for tasks to queue
[2024-10-14T21:28:07.083+0000] {logging_mixin.py:188} INFO - [2024-10-14T21:28:07.082+0000] {dagbag.py:538} INFO - Filling up the DagBag from /home/airflow/.local/lib/python3.8/site-packages/airflow/example_dags/example_python_decorator.py
[2024-10-14T21:28:07.092+0000] {processor.py:840} INFO - DAG(s) 'example_python_decorator' retrieved from /home/airflow/.local/lib/python3.8/site-packages/airflow/example_dags/example_python_decorator.py
[2024-10-14T21:28:07.108+0000] {logging_mixin.py:188} INFO - [2024-10-14T21:28:07.108+0000] {dag.py:3036} INFO - Sync 1 DAGs
[2024-10-14T21:28:07.117+0000] {logging_mixin.py:188} INFO - [2024-10-14T21:28:07.116+0000] {dag.py:3823} INFO - Setting next_dagrun for example_python_decorator to None, run_after=None
[2024-10-14T21:28:07.132+0000] {processor.py:183} INFO - Processing /home/airflow/.local/lib/python3.8/site-packages/airflow/example_dags/example_python_decorator.py took 0.054 seconds
[2024-10-14T21:28:38.076+0000] {processor.py:161} INFO - Started process (PID=1445) to work on /home/airflow/.local/lib/python3.8/site-packages/airflow/example_dags/example_python_decorator.py
[2024-10-14T21:28:38.077+0000] {processor.py:830} INFO - Processing file /home/airflow/.local/lib/python3.8/site-packages/airflow/example_dags/example_python_decorator.py for tasks to queue
[2024-10-14T21:28:38.078+0000] {logging_mixin.py:188} INFO - [2024-10-14T21:28:38.078+0000] {dagbag.py:538} INFO - Filling up the DagBag from /home/airflow/.local/lib/python3.8/site-packages/airflow/example_dags/example_python_decorator.py
[2024-10-14T21:28:38.088+0000] {processor.py:840} INFO - DAG(s) 'example_python_decorator' retrieved from /home/airflow/.local/lib/python3.8/site-packages/airflow/example_dags/example_python_decorator.py
[2024-10-14T21:28:38.111+0000] {logging_mixin.py:188} INFO - [2024-10-14T21:28:38.110+0000] {dag.py:3036} INFO - Sync 1 DAGs
[2024-10-14T21:28:38.120+0000] {logging_mixin.py:188} INFO - [2024-10-14T21:28:38.120+0000] {dag.py:3823} INFO - Setting next_dagrun for example_python_decorator to None, run_after=None
[2024-10-14T21:28:38.134+0000] {processor.py:183} INFO - Processing /home/airflow/.local/lib/python3.8/site-packages/airflow/example_dags/example_python_decorator.py took 0.061 seconds
[2024-10-14T21:29:08.551+0000] {processor.py:161} INFO - Started process (PID=1527) to work on /home/airflow/.local/lib/python3.8/site-packages/airflow/example_dags/example_python_decorator.py
[2024-10-14T21:29:08.552+0000] {processor.py:830} INFO - Processing file /home/airflow/.local/lib/python3.8/site-packages/airflow/example_dags/example_python_decorator.py for tasks to queue
[2024-10-14T21:29:08.554+0000] {logging_mixin.py:188} INFO - [2024-10-14T21:29:08.554+0000] {dagbag.py:538} INFO - Filling up the DagBag from /home/airflow/.local/lib/python3.8/site-packages/airflow/example_dags/example_python_decorator.py
[2024-10-14T21:29:08.565+0000] {processor.py:840} INFO - DAG(s) 'example_python_decorator' retrieved from /home/airflow/.local/lib/python3.8/site-packages/airflow/example_dags/example_python_decorator.py
[2024-10-14T21:29:08.592+0000] {logging_mixin.py:188} INFO - [2024-10-14T21:29:08.591+0000] {dag.py:3036} INFO - Sync 1 DAGs
[2024-10-14T21:29:08.604+0000] {logging_mixin.py:188} INFO - [2024-10-14T21:29:08.603+0000] {dag.py:3823} INFO - Setting next_dagrun for example_python_decorator to None, run_after=None
[2024-10-14T21:29:08.621+0000] {processor.py:183} INFO - Processing /home/airflow/.local/lib/python3.8/site-packages/airflow/example_dags/example_python_decorator.py took 0.073 seconds
[2024-10-14T21:29:38.941+0000] {processor.py:161} INFO - Started process (PID=1609) to work on /home/airflow/.local/lib/python3.8/site-packages/airflow/example_dags/example_python_decorator.py
[2024-10-14T21:29:38.942+0000] {processor.py:830} INFO - Processing file /home/airflow/.local/lib/python3.8/site-packages/airflow/example_dags/example_python_decorator.py for tasks to queue
[2024-10-14T21:29:38.943+0000] {logging_mixin.py:188} INFO - [2024-10-14T21:29:38.943+0000] {dagbag.py:538} INFO - Filling up the DagBag from /home/airflow/.local/lib/python3.8/site-packages/airflow/example_dags/example_python_decorator.py
[2024-10-14T21:29:38.953+0000] {processor.py:840} INFO - DAG(s) 'example_python_decorator' retrieved from /home/airflow/.local/lib/python3.8/site-packages/airflow/example_dags/example_python_decorator.py
[2024-10-14T21:29:38.975+0000] {logging_mixin.py:188} INFO - [2024-10-14T21:29:38.974+0000] {dag.py:3036} INFO - Sync 1 DAGs
[2024-10-14T21:29:38.984+0000] {logging_mixin.py:188} INFO - [2024-10-14T21:29:38.984+0000] {dag.py:3823} INFO - Setting next_dagrun for example_python_decorator to None, run_after=None
[2024-10-14T21:29:38.999+0000] {processor.py:183} INFO - Processing /home/airflow/.local/lib/python3.8/site-packages/airflow/example_dags/example_python_decorator.py took 0.060 seconds
[2024-10-14T21:30:09.165+0000] {processor.py:161} INFO - Started process (PID=1681) to work on /home/airflow/.local/lib/python3.8/site-packages/airflow/example_dags/example_python_decorator.py
[2024-10-14T21:30:09.166+0000] {processor.py:830} INFO - Processing file /home/airflow/.local/lib/python3.8/site-packages/airflow/example_dags/example_python_decorator.py for tasks to queue
[2024-10-14T21:30:09.167+0000] {logging_mixin.py:188} INFO - [2024-10-14T21:30:09.167+0000] {dagbag.py:538} INFO - Filling up the DagBag from /home/airflow/.local/lib/python3.8/site-packages/airflow/example_dags/example_python_decorator.py
[2024-10-14T21:30:09.176+0000] {processor.py:840} INFO - DAG(s) 'example_python_decorator' retrieved from /home/airflow/.local/lib/python3.8/site-packages/airflow/example_dags/example_python_decorator.py
[2024-10-14T21:30:09.191+0000] {logging_mixin.py:188} INFO - [2024-10-14T21:30:09.191+0000] {dag.py:3036} INFO - Sync 1 DAGs
[2024-10-14T21:30:09.200+0000] {logging_mixin.py:188} INFO - [2024-10-14T21:30:09.200+0000] {dag.py:3823} INFO - Setting next_dagrun for example_python_decorator to None, run_after=None
[2024-10-14T21:30:09.215+0000] {processor.py:183} INFO - Processing /home/airflow/.local/lib/python3.8/site-packages/airflow/example_dags/example_python_decorator.py took 0.053 seconds
[2024-10-14T21:30:39.535+0000] {processor.py:161} INFO - Started process (PID=1763) to work on /home/airflow/.local/lib/python3.8/site-packages/airflow/example_dags/example_python_decorator.py
[2024-10-14T21:30:39.535+0000] {processor.py:830} INFO - Processing file /home/airflow/.local/lib/python3.8/site-packages/airflow/example_dags/example_python_decorator.py for tasks to queue
[2024-10-14T21:30:39.537+0000] {logging_mixin.py:188} INFO - [2024-10-14T21:30:39.537+0000] {dagbag.py:538} INFO - Filling up the DagBag from /home/airflow/.local/lib/python3.8/site-packages/airflow/example_dags/example_python_decorator.py
[2024-10-14T21:30:39.546+0000] {processor.py:840} INFO - DAG(s) 'example_python_decorator' retrieved from /home/airflow/.local/lib/python3.8/site-packages/airflow/example_dags/example_python_decorator.py
[2024-10-14T21:30:39.562+0000] {logging_mixin.py:188} INFO - [2024-10-14T21:30:39.562+0000] {dag.py:3036} INFO - Sync 1 DAGs
[2024-10-14T21:30:39.571+0000] {logging_mixin.py:188} INFO - [2024-10-14T21:30:39.570+0000] {dag.py:3823} INFO - Setting next_dagrun for example_python_decorator to None, run_after=None
[2024-10-14T21:30:39.586+0000] {processor.py:183} INFO - Processing /home/airflow/.local/lib/python3.8/site-packages/airflow/example_dags/example_python_decorator.py took 0.054 seconds
[2024-10-14T21:31:09.850+0000] {processor.py:161} INFO - Started process (PID=1837) to work on /home/airflow/.local/lib/python3.8/site-packages/airflow/example_dags/example_python_decorator.py
[2024-10-14T21:31:09.851+0000] {processor.py:830} INFO - Processing file /home/airflow/.local/lib/python3.8/site-packages/airflow/example_dags/example_python_decorator.py for tasks to queue
[2024-10-14T21:31:09.853+0000] {logging_mixin.py:188} INFO - [2024-10-14T21:31:09.853+0000] {dagbag.py:538} INFO - Filling up the DagBag from /home/airflow/.local/lib/python3.8/site-packages/airflow/example_dags/example_python_decorator.py
[2024-10-14T21:31:09.863+0000] {processor.py:840} INFO - DAG(s) 'example_python_decorator' retrieved from /home/airflow/.local/lib/python3.8/site-packages/airflow/example_dags/example_python_decorator.py
[2024-10-14T21:31:09.877+0000] {logging_mixin.py:188} INFO - [2024-10-14T21:31:09.877+0000] {dag.py:3036} INFO - Sync 1 DAGs
[2024-10-14T21:31:09.886+0000] {logging_mixin.py:188} INFO - [2024-10-14T21:31:09.886+0000] {dag.py:3823} INFO - Setting next_dagrun for example_python_decorator to None, run_after=None
[2024-10-14T21:31:09.901+0000] {processor.py:183} INFO - Processing /home/airflow/.local/lib/python3.8/site-packages/airflow/example_dags/example_python_decorator.py took 0.053 seconds
[2024-10-14T21:31:40.231+0000] {processor.py:161} INFO - Started process (PID=1918) to work on /home/airflow/.local/lib/python3.8/site-packages/airflow/example_dags/example_python_decorator.py
[2024-10-14T21:31:40.232+0000] {processor.py:830} INFO - Processing file /home/airflow/.local/lib/python3.8/site-packages/airflow/example_dags/example_python_decorator.py for tasks to queue
[2024-10-14T21:31:40.234+0000] {logging_mixin.py:188} INFO - [2024-10-14T21:31:40.234+0000] {dagbag.py:538} INFO - Filling up the DagBag from /home/airflow/.local/lib/python3.8/site-packages/airflow/example_dags/example_python_decorator.py
[2024-10-14T21:31:40.244+0000] {processor.py:840} INFO - DAG(s) 'example_python_decorator' retrieved from /home/airflow/.local/lib/python3.8/site-packages/airflow/example_dags/example_python_decorator.py
[2024-10-14T21:31:40.259+0000] {logging_mixin.py:188} INFO - [2024-10-14T21:31:40.259+0000] {dag.py:3036} INFO - Sync 1 DAGs
[2024-10-14T21:31:40.268+0000] {logging_mixin.py:188} INFO - [2024-10-14T21:31:40.268+0000] {dag.py:3823} INFO - Setting next_dagrun for example_python_decorator to None, run_after=None
[2024-10-14T21:31:40.282+0000] {processor.py:183} INFO - Processing /home/airflow/.local/lib/python3.8/site-packages/airflow/example_dags/example_python_decorator.py took 0.053 seconds
[2024-10-14T21:32:10.624+0000] {processor.py:161} INFO - Started process (PID=1992) to work on /home/airflow/.local/lib/python3.8/site-packages/airflow/example_dags/example_python_decorator.py
[2024-10-14T21:32:10.625+0000] {processor.py:830} INFO - Processing file /home/airflow/.local/lib/python3.8/site-packages/airflow/example_dags/example_python_decorator.py for tasks to queue
[2024-10-14T21:32:10.628+0000] {logging_mixin.py:188} INFO - [2024-10-14T21:32:10.626+0000] {dagbag.py:538} INFO - Filling up the DagBag from /home/airflow/.local/lib/python3.8/site-packages/airflow/example_dags/example_python_decorator.py
[2024-10-14T21:32:10.643+0000] {processor.py:840} INFO - DAG(s) 'example_python_decorator' retrieved from /home/airflow/.local/lib/python3.8/site-packages/airflow/example_dags/example_python_decorator.py
[2024-10-14T21:32:10.671+0000] {logging_mixin.py:188} INFO - [2024-10-14T21:32:10.671+0000] {dag.py:3036} INFO - Sync 1 DAGs
[2024-10-14T21:32:10.687+0000] {logging_mixin.py:188} INFO - [2024-10-14T21:32:10.687+0000] {dag.py:3823} INFO - Setting next_dagrun for example_python_decorator to None, run_after=None
[2024-10-14T21:32:10.716+0000] {processor.py:183} INFO - Processing /home/airflow/.local/lib/python3.8/site-packages/airflow/example_dags/example_python_decorator.py took 0.095 seconds
[2024-10-14T21:32:40.907+0000] {processor.py:161} INFO - Started process (PID=2074) to work on /home/airflow/.local/lib/python3.8/site-packages/airflow/example_dags/example_python_decorator.py
[2024-10-14T21:32:40.907+0000] {processor.py:830} INFO - Processing file /home/airflow/.local/lib/python3.8/site-packages/airflow/example_dags/example_python_decorator.py for tasks to queue
[2024-10-14T21:32:40.911+0000] {logging_mixin.py:188} INFO - [2024-10-14T21:32:40.910+0000] {dagbag.py:538} INFO - Filling up the DagBag from /home/airflow/.local/lib/python3.8/site-packages/airflow/example_dags/example_python_decorator.py
[2024-10-14T21:32:40.921+0000] {processor.py:840} INFO - DAG(s) 'example_python_decorator' retrieved from /home/airflow/.local/lib/python3.8/site-packages/airflow/example_dags/example_python_decorator.py
[2024-10-14T21:32:40.937+0000] {logging_mixin.py:188} INFO - [2024-10-14T21:32:40.937+0000] {dag.py:3036} INFO - Sync 1 DAGs
[2024-10-14T21:32:40.946+0000] {logging_mixin.py:188} INFO - [2024-10-14T21:32:40.946+0000] {dag.py:3823} INFO - Setting next_dagrun for example_python_decorator to None, run_after=None
[2024-10-14T21:32:40.961+0000] {processor.py:183} INFO - Processing /home/airflow/.local/lib/python3.8/site-packages/airflow/example_dags/example_python_decorator.py took 0.057 seconds
[2024-10-14T21:33:11.546+0000] {processor.py:161} INFO - Started process (PID=2155) to work on /home/airflow/.local/lib/python3.8/site-packages/airflow/example_dags/example_python_decorator.py
[2024-10-14T21:33:11.547+0000] {processor.py:830} INFO - Processing file /home/airflow/.local/lib/python3.8/site-packages/airflow/example_dags/example_python_decorator.py for tasks to queue
[2024-10-14T21:33:11.549+0000] {logging_mixin.py:188} INFO - [2024-10-14T21:33:11.548+0000] {dagbag.py:538} INFO - Filling up the DagBag from /home/airflow/.local/lib/python3.8/site-packages/airflow/example_dags/example_python_decorator.py
[2024-10-14T21:33:11.560+0000] {processor.py:840} INFO - DAG(s) 'example_python_decorator' retrieved from /home/airflow/.local/lib/python3.8/site-packages/airflow/example_dags/example_python_decorator.py
[2024-10-14T21:33:11.578+0000] {logging_mixin.py:188} INFO - [2024-10-14T21:33:11.578+0000] {dag.py:3036} INFO - Sync 1 DAGs
[2024-10-14T21:33:11.592+0000] {logging_mixin.py:188} INFO - [2024-10-14T21:33:11.591+0000] {dag.py:3823} INFO - Setting next_dagrun for example_python_decorator to None, run_after=None
[2024-10-14T21:33:11.610+0000] {processor.py:183} INFO - Processing /home/airflow/.local/lib/python3.8/site-packages/airflow/example_dags/example_python_decorator.py took 0.067 seconds
[2024-10-14T21:33:41.753+0000] {processor.py:161} INFO - Started process (PID=2228) to work on /home/airflow/.local/lib/python3.8/site-packages/airflow/example_dags/example_python_decorator.py
[2024-10-14T21:33:41.754+0000] {processor.py:830} INFO - Processing file /home/airflow/.local/lib/python3.8/site-packages/airflow/example_dags/example_python_decorator.py for tasks to queue
[2024-10-14T21:33:41.755+0000] {logging_mixin.py:188} INFO - [2024-10-14T21:33:41.755+0000] {dagbag.py:538} INFO - Filling up the DagBag from /home/airflow/.local/lib/python3.8/site-packages/airflow/example_dags/example_python_decorator.py
[2024-10-14T21:33:41.765+0000] {processor.py:840} INFO - DAG(s) 'example_python_decorator' retrieved from /home/airflow/.local/lib/python3.8/site-packages/airflow/example_dags/example_python_decorator.py
[2024-10-14T21:33:41.781+0000] {logging_mixin.py:188} INFO - [2024-10-14T21:33:41.780+0000] {dag.py:3036} INFO - Sync 1 DAGs
[2024-10-14T21:33:41.789+0000] {logging_mixin.py:188} INFO - [2024-10-14T21:33:41.789+0000] {dag.py:3823} INFO - Setting next_dagrun for example_python_decorator to None, run_after=None
[2024-10-14T21:33:41.804+0000] {processor.py:183} INFO - Processing /home/airflow/.local/lib/python3.8/site-packages/airflow/example_dags/example_python_decorator.py took 0.054 seconds
[2024-10-14T21:34:11.875+0000] {processor.py:161} INFO - Started process (PID=2310) to work on /home/airflow/.local/lib/python3.8/site-packages/airflow/example_dags/example_python_decorator.py
[2024-10-14T21:34:11.876+0000] {processor.py:830} INFO - Processing file /home/airflow/.local/lib/python3.8/site-packages/airflow/example_dags/example_python_decorator.py for tasks to queue
[2024-10-14T21:34:11.877+0000] {logging_mixin.py:188} INFO - [2024-10-14T21:34:11.877+0000] {dagbag.py:538} INFO - Filling up the DagBag from /home/airflow/.local/lib/python3.8/site-packages/airflow/example_dags/example_python_decorator.py
[2024-10-14T21:34:11.889+0000] {processor.py:840} INFO - DAG(s) 'example_python_decorator' retrieved from /home/airflow/.local/lib/python3.8/site-packages/airflow/example_dags/example_python_decorator.py
[2024-10-14T21:34:11.910+0000] {logging_mixin.py:188} INFO - [2024-10-14T21:34:11.910+0000] {dag.py:3036} INFO - Sync 1 DAGs
[2024-10-14T21:34:11.921+0000] {logging_mixin.py:188} INFO - [2024-10-14T21:34:11.920+0000] {dag.py:3823} INFO - Setting next_dagrun for example_python_decorator to None, run_after=None
[2024-10-14T21:34:11.946+0000] {processor.py:183} INFO - Processing /home/airflow/.local/lib/python3.8/site-packages/airflow/example_dags/example_python_decorator.py took 0.074 seconds
[2024-10-14T21:34:42.149+0000] {processor.py:161} INFO - Started process (PID=2384) to work on /home/airflow/.local/lib/python3.8/site-packages/airflow/example_dags/example_python_decorator.py
[2024-10-14T21:34:42.150+0000] {processor.py:830} INFO - Processing file /home/airflow/.local/lib/python3.8/site-packages/airflow/example_dags/example_python_decorator.py for tasks to queue
[2024-10-14T21:34:42.151+0000] {logging_mixin.py:188} INFO - [2024-10-14T21:34:42.151+0000] {dagbag.py:538} INFO - Filling up the DagBag from /home/airflow/.local/lib/python3.8/site-packages/airflow/example_dags/example_python_decorator.py
[2024-10-14T21:34:42.160+0000] {processor.py:840} INFO - DAG(s) 'example_python_decorator' retrieved from /home/airflow/.local/lib/python3.8/site-packages/airflow/example_dags/example_python_decorator.py
[2024-10-14T21:34:42.175+0000] {logging_mixin.py:188} INFO - [2024-10-14T21:34:42.175+0000] {dag.py:3036} INFO - Sync 1 DAGs
[2024-10-14T21:34:42.183+0000] {logging_mixin.py:188} INFO - [2024-10-14T21:34:42.183+0000] {dag.py:3823} INFO - Setting next_dagrun for example_python_decorator to None, run_after=None
[2024-10-14T21:34:42.198+0000] {processor.py:183} INFO - Processing /home/airflow/.local/lib/python3.8/site-packages/airflow/example_dags/example_python_decorator.py took 0.052 seconds
[2024-10-14T21:35:12.510+0000] {processor.py:161} INFO - Started process (PID=2465) to work on /home/airflow/.local/lib/python3.8/site-packages/airflow/example_dags/example_python_decorator.py
[2024-10-14T21:35:12.511+0000] {processor.py:830} INFO - Processing file /home/airflow/.local/lib/python3.8/site-packages/airflow/example_dags/example_python_decorator.py for tasks to queue
[2024-10-14T21:35:12.512+0000] {logging_mixin.py:188} INFO - [2024-10-14T21:35:12.512+0000] {dagbag.py:538} INFO - Filling up the DagBag from /home/airflow/.local/lib/python3.8/site-packages/airflow/example_dags/example_python_decorator.py
[2024-10-14T21:35:12.522+0000] {processor.py:840} INFO - DAG(s) 'example_python_decorator' retrieved from /home/airflow/.local/lib/python3.8/site-packages/airflow/example_dags/example_python_decorator.py
[2024-10-14T21:35:12.538+0000] {logging_mixin.py:188} INFO - [2024-10-14T21:35:12.538+0000] {dag.py:3036} INFO - Sync 1 DAGs
[2024-10-14T21:35:12.547+0000] {logging_mixin.py:188} INFO - [2024-10-14T21:35:12.546+0000] {dag.py:3823} INFO - Setting next_dagrun for example_python_decorator to None, run_after=None
[2024-10-14T21:35:12.561+0000] {processor.py:183} INFO - Processing /home/airflow/.local/lib/python3.8/site-packages/airflow/example_dags/example_python_decorator.py took 0.054 seconds
[2024-10-14T21:35:42.831+0000] {processor.py:161} INFO - Started process (PID=2539) to work on /home/airflow/.local/lib/python3.8/site-packages/airflow/example_dags/example_python_decorator.py
[2024-10-14T21:35:42.831+0000] {processor.py:830} INFO - Processing file /home/airflow/.local/lib/python3.8/site-packages/airflow/example_dags/example_python_decorator.py for tasks to queue
[2024-10-14T21:35:42.833+0000] {logging_mixin.py:188} INFO - [2024-10-14T21:35:42.832+0000] {dagbag.py:538} INFO - Filling up the DagBag from /home/airflow/.local/lib/python3.8/site-packages/airflow/example_dags/example_python_decorator.py
[2024-10-14T21:35:42.842+0000] {processor.py:840} INFO - DAG(s) 'example_python_decorator' retrieved from /home/airflow/.local/lib/python3.8/site-packages/airflow/example_dags/example_python_decorator.py
[2024-10-14T21:35:42.857+0000] {logging_mixin.py:188} INFO - [2024-10-14T21:35:42.857+0000] {dag.py:3036} INFO - Sync 1 DAGs
[2024-10-14T21:35:42.866+0000] {logging_mixin.py:188} INFO - [2024-10-14T21:35:42.866+0000] {dag.py:3823} INFO - Setting next_dagrun for example_python_decorator to None, run_after=None
[2024-10-14T21:35:42.880+0000] {processor.py:183} INFO - Processing /home/airflow/.local/lib/python3.8/site-packages/airflow/example_dags/example_python_decorator.py took 0.052 seconds
[2024-10-14T21:36:12.961+0000] {processor.py:161} INFO - Started process (PID=2621) to work on /home/airflow/.local/lib/python3.8/site-packages/airflow/example_dags/example_python_decorator.py
[2024-10-14T21:36:12.962+0000] {processor.py:830} INFO - Processing file /home/airflow/.local/lib/python3.8/site-packages/airflow/example_dags/example_python_decorator.py for tasks to queue
[2024-10-14T21:36:12.964+0000] {logging_mixin.py:188} INFO - [2024-10-14T21:36:12.964+0000] {dagbag.py:538} INFO - Filling up the DagBag from /home/airflow/.local/lib/python3.8/site-packages/airflow/example_dags/example_python_decorator.py
[2024-10-14T21:36:12.975+0000] {processor.py:840} INFO - DAG(s) 'example_python_decorator' retrieved from /home/airflow/.local/lib/python3.8/site-packages/airflow/example_dags/example_python_decorator.py
[2024-10-14T21:36:12.991+0000] {logging_mixin.py:188} INFO - [2024-10-14T21:36:12.991+0000] {dag.py:3036} INFO - Sync 1 DAGs
[2024-10-14T21:36:12.999+0000] {logging_mixin.py:188} INFO - [2024-10-14T21:36:12.999+0000] {dag.py:3823} INFO - Setting next_dagrun for example_python_decorator to None, run_after=None
[2024-10-14T21:36:13.014+0000] {processor.py:183} INFO - Processing /home/airflow/.local/lib/python3.8/site-packages/airflow/example_dags/example_python_decorator.py took 0.056 seconds
[2024-10-14T21:36:43.193+0000] {processor.py:161} INFO - Started process (PID=2695) to work on /home/airflow/.local/lib/python3.8/site-packages/airflow/example_dags/example_python_decorator.py
[2024-10-14T21:36:43.193+0000] {processor.py:830} INFO - Processing file /home/airflow/.local/lib/python3.8/site-packages/airflow/example_dags/example_python_decorator.py for tasks to queue
[2024-10-14T21:36:43.195+0000] {logging_mixin.py:188} INFO - [2024-10-14T21:36:43.194+0000] {dagbag.py:538} INFO - Filling up the DagBag from /home/airflow/.local/lib/python3.8/site-packages/airflow/example_dags/example_python_decorator.py
[2024-10-14T21:36:43.207+0000] {processor.py:840} INFO - DAG(s) 'example_python_decorator' retrieved from /home/airflow/.local/lib/python3.8/site-packages/airflow/example_dags/example_python_decorator.py
[2024-10-14T21:36:43.226+0000] {logging_mixin.py:188} INFO - [2024-10-14T21:36:43.226+0000] {dag.py:3036} INFO - Sync 1 DAGs
[2024-10-14T21:36:43.234+0000] {logging_mixin.py:188} INFO - [2024-10-14T21:36:43.234+0000] {dag.py:3823} INFO - Setting next_dagrun for example_python_decorator to None, run_after=None
[2024-10-14T21:36:43.248+0000] {processor.py:183} INFO - Processing /home/airflow/.local/lib/python3.8/site-packages/airflow/example_dags/example_python_decorator.py took 0.058 seconds
[2024-10-14T21:37:13.883+0000] {processor.py:161} INFO - Started process (PID=2777) to work on /home/airflow/.local/lib/python3.8/site-packages/airflow/example_dags/example_python_decorator.py
[2024-10-14T21:37:13.883+0000] {processor.py:830} INFO - Processing file /home/airflow/.local/lib/python3.8/site-packages/airflow/example_dags/example_python_decorator.py for tasks to queue
[2024-10-14T21:37:13.885+0000] {logging_mixin.py:188} INFO - [2024-10-14T21:37:13.884+0000] {dagbag.py:538} INFO - Filling up the DagBag from /home/airflow/.local/lib/python3.8/site-packages/airflow/example_dags/example_python_decorator.py
[2024-10-14T21:37:13.894+0000] {processor.py:840} INFO - DAG(s) 'example_python_decorator' retrieved from /home/airflow/.local/lib/python3.8/site-packages/airflow/example_dags/example_python_decorator.py
[2024-10-14T21:37:13.909+0000] {logging_mixin.py:188} INFO - [2024-10-14T21:37:13.909+0000] {dag.py:3036} INFO - Sync 1 DAGs
[2024-10-14T21:37:13.918+0000] {logging_mixin.py:188} INFO - [2024-10-14T21:37:13.918+0000] {dag.py:3823} INFO - Setting next_dagrun for example_python_decorator to None, run_after=None
[2024-10-14T21:37:13.932+0000] {processor.py:183} INFO - Processing /home/airflow/.local/lib/python3.8/site-packages/airflow/example_dags/example_python_decorator.py took 0.052 seconds
[2024-10-14T21:37:44.241+0000] {processor.py:161} INFO - Started process (PID=2857) to work on /home/airflow/.local/lib/python3.8/site-packages/airflow/example_dags/example_python_decorator.py
[2024-10-14T21:37:44.242+0000] {processor.py:830} INFO - Processing file /home/airflow/.local/lib/python3.8/site-packages/airflow/example_dags/example_python_decorator.py for tasks to queue
[2024-10-14T21:37:44.243+0000] {logging_mixin.py:188} INFO - [2024-10-14T21:37:44.243+0000] {dagbag.py:538} INFO - Filling up the DagBag from /home/airflow/.local/lib/python3.8/site-packages/airflow/example_dags/example_python_decorator.py
[2024-10-14T21:37:44.253+0000] {processor.py:840} INFO - DAG(s) 'example_python_decorator' retrieved from /home/airflow/.local/lib/python3.8/site-packages/airflow/example_dags/example_python_decorator.py
[2024-10-14T21:37:44.268+0000] {logging_mixin.py:188} INFO - [2024-10-14T21:37:44.268+0000] {dag.py:3036} INFO - Sync 1 DAGs
[2024-10-14T21:37:44.277+0000] {logging_mixin.py:188} INFO - [2024-10-14T21:37:44.277+0000] {dag.py:3823} INFO - Setting next_dagrun for example_python_decorator to None, run_after=None
[2024-10-14T21:37:44.292+0000] {processor.py:183} INFO - Processing /home/airflow/.local/lib/python3.8/site-packages/airflow/example_dags/example_python_decorator.py took 0.054 seconds
[2024-10-14T21:38:14.860+0000] {processor.py:161} INFO - Started process (PID=2931) to work on /home/airflow/.local/lib/python3.8/site-packages/airflow/example_dags/example_python_decorator.py
[2024-10-14T21:38:14.861+0000] {processor.py:830} INFO - Processing file /home/airflow/.local/lib/python3.8/site-packages/airflow/example_dags/example_python_decorator.py for tasks to queue
[2024-10-14T21:38:14.863+0000] {logging_mixin.py:188} INFO - [2024-10-14T21:38:14.863+0000] {dagbag.py:538} INFO - Filling up the DagBag from /home/airflow/.local/lib/python3.8/site-packages/airflow/example_dags/example_python_decorator.py
[2024-10-14T21:38:14.874+0000] {processor.py:840} INFO - DAG(s) 'example_python_decorator' retrieved from /home/airflow/.local/lib/python3.8/site-packages/airflow/example_dags/example_python_decorator.py
[2024-10-14T21:38:14.889+0000] {logging_mixin.py:188} INFO - [2024-10-14T21:38:14.889+0000] {dag.py:3036} INFO - Sync 1 DAGs
[2024-10-14T21:38:14.899+0000] {logging_mixin.py:188} INFO - [2024-10-14T21:38:14.898+0000] {dag.py:3823} INFO - Setting next_dagrun for example_python_decorator to None, run_after=None
[2024-10-14T21:38:14.915+0000] {processor.py:183} INFO - Processing /home/airflow/.local/lib/python3.8/site-packages/airflow/example_dags/example_python_decorator.py took 0.059 seconds
[2024-10-14T21:38:45.142+0000] {processor.py:161} INFO - Started process (PID=3013) to work on /home/airflow/.local/lib/python3.8/site-packages/airflow/example_dags/example_python_decorator.py
[2024-10-14T21:38:45.143+0000] {processor.py:830} INFO - Processing file /home/airflow/.local/lib/python3.8/site-packages/airflow/example_dags/example_python_decorator.py for tasks to queue
[2024-10-14T21:38:45.145+0000] {logging_mixin.py:188} INFO - [2024-10-14T21:38:45.144+0000] {dagbag.py:538} INFO - Filling up the DagBag from /home/airflow/.local/lib/python3.8/site-packages/airflow/example_dags/example_python_decorator.py
[2024-10-14T21:38:45.156+0000] {processor.py:840} INFO - DAG(s) 'example_python_decorator' retrieved from /home/airflow/.local/lib/python3.8/site-packages/airflow/example_dags/example_python_decorator.py
[2024-10-14T21:38:45.175+0000] {logging_mixin.py:188} INFO - [2024-10-14T21:38:45.174+0000] {dag.py:3036} INFO - Sync 1 DAGs
[2024-10-14T21:38:45.186+0000] {logging_mixin.py:188} INFO - [2024-10-14T21:38:45.186+0000] {dag.py:3823} INFO - Setting next_dagrun for example_python_decorator to None, run_after=None
[2024-10-14T21:38:45.202+0000] {processor.py:183} INFO - Processing /home/airflow/.local/lib/python3.8/site-packages/airflow/example_dags/example_python_decorator.py took 0.063 seconds
[2024-10-14T21:39:15.888+0000] {processor.py:161} INFO - Started process (PID=3079) to work on /home/airflow/.local/lib/python3.8/site-packages/airflow/example_dags/example_python_decorator.py
[2024-10-14T21:39:15.888+0000] {processor.py:830} INFO - Processing file /home/airflow/.local/lib/python3.8/site-packages/airflow/example_dags/example_python_decorator.py for tasks to queue
[2024-10-14T21:39:15.890+0000] {logging_mixin.py:188} INFO - [2024-10-14T21:39:15.889+0000] {dagbag.py:538} INFO - Filling up the DagBag from /home/airflow/.local/lib/python3.8/site-packages/airflow/example_dags/example_python_decorator.py
[2024-10-14T21:39:15.905+0000] {processor.py:840} INFO - DAG(s) 'example_python_decorator' retrieved from /home/airflow/.local/lib/python3.8/site-packages/airflow/example_dags/example_python_decorator.py
[2024-10-14T21:39:15.929+0000] {logging_mixin.py:188} INFO - [2024-10-14T21:39:15.929+0000] {dag.py:3036} INFO - Sync 1 DAGs
[2024-10-14T21:39:15.946+0000] {logging_mixin.py:188} INFO - [2024-10-14T21:39:15.946+0000] {dag.py:3823} INFO - Setting next_dagrun for example_python_decorator to None, run_after=None
[2024-10-14T21:39:15.974+0000] {processor.py:183} INFO - Processing /home/airflow/.local/lib/python3.8/site-packages/airflow/example_dags/example_python_decorator.py took 0.092 seconds
[2024-10-14T21:44:06.914+0000] {processor.py:161} INFO - Started process (PID=119) to work on /home/airflow/.local/lib/python3.8/site-packages/airflow/example_dags/example_python_decorator.py
[2024-10-14T21:44:06.915+0000] {processor.py:830} INFO - Processing file /home/airflow/.local/lib/python3.8/site-packages/airflow/example_dags/example_python_decorator.py for tasks to queue
[2024-10-14T21:44:06.916+0000] {logging_mixin.py:188} INFO - [2024-10-14T21:44:06.916+0000] {dagbag.py:538} INFO - Filling up the DagBag from /home/airflow/.local/lib/python3.8/site-packages/airflow/example_dags/example_python_decorator.py
[2024-10-14T21:44:06.927+0000] {processor.py:840} INFO - DAG(s) 'example_python_decorator' retrieved from /home/airflow/.local/lib/python3.8/site-packages/airflow/example_dags/example_python_decorator.py
[2024-10-14T21:44:07.038+0000] {logging_mixin.py:188} INFO - [2024-10-14T21:44:07.038+0000] {dag.py:3036} INFO - Sync 1 DAGs
[2024-10-14T21:44:07.049+0000] {logging_mixin.py:188} INFO - [2024-10-14T21:44:07.048+0000] {dag.py:3823} INFO - Setting next_dagrun for example_python_decorator to None, run_after=None
[2024-10-14T21:44:07.069+0000] {processor.py:183} INFO - Processing /home/airflow/.local/lib/python3.8/site-packages/airflow/example_dags/example_python_decorator.py took 0.157 seconds
[2024-10-14T21:44:37.957+0000] {processor.py:161} INFO - Started process (PID=193) to work on /home/airflow/.local/lib/python3.8/site-packages/airflow/example_dags/example_python_decorator.py
[2024-10-14T21:44:37.958+0000] {processor.py:830} INFO - Processing file /home/airflow/.local/lib/python3.8/site-packages/airflow/example_dags/example_python_decorator.py for tasks to queue
[2024-10-14T21:44:37.960+0000] {logging_mixin.py:188} INFO - [2024-10-14T21:44:37.960+0000] {dagbag.py:538} INFO - Filling up the DagBag from /home/airflow/.local/lib/python3.8/site-packages/airflow/example_dags/example_python_decorator.py
[2024-10-14T21:44:37.978+0000] {processor.py:840} INFO - DAG(s) 'example_python_decorator' retrieved from /home/airflow/.local/lib/python3.8/site-packages/airflow/example_dags/example_python_decorator.py
[2024-10-14T21:44:38.009+0000] {logging_mixin.py:188} INFO - [2024-10-14T21:44:38.009+0000] {dag.py:3036} INFO - Sync 1 DAGs
[2024-10-14T21:44:38.025+0000] {logging_mixin.py:188} INFO - [2024-10-14T21:44:38.025+0000] {dag.py:3823} INFO - Setting next_dagrun for example_python_decorator to None, run_after=None
[2024-10-14T21:44:38.050+0000] {processor.py:183} INFO - Processing /home/airflow/.local/lib/python3.8/site-packages/airflow/example_dags/example_python_decorator.py took 0.098 seconds
[2024-10-14T21:45:08.108+0000] {processor.py:161} INFO - Started process (PID=259) to work on /home/airflow/.local/lib/python3.8/site-packages/airflow/example_dags/example_python_decorator.py
[2024-10-14T21:45:08.109+0000] {processor.py:830} INFO - Processing file /home/airflow/.local/lib/python3.8/site-packages/airflow/example_dags/example_python_decorator.py for tasks to queue
[2024-10-14T21:45:08.110+0000] {logging_mixin.py:188} INFO - [2024-10-14T21:45:08.110+0000] {dagbag.py:538} INFO - Filling up the DagBag from /home/airflow/.local/lib/python3.8/site-packages/airflow/example_dags/example_python_decorator.py
[2024-10-14T21:45:08.119+0000] {processor.py:840} INFO - DAG(s) 'example_python_decorator' retrieved from /home/airflow/.local/lib/python3.8/site-packages/airflow/example_dags/example_python_decorator.py
[2024-10-14T21:45:08.134+0000] {logging_mixin.py:188} INFO - [2024-10-14T21:45:08.134+0000] {dag.py:3036} INFO - Sync 1 DAGs
[2024-10-14T21:45:08.142+0000] {logging_mixin.py:188} INFO - [2024-10-14T21:45:08.142+0000] {dag.py:3823} INFO - Setting next_dagrun for example_python_decorator to None, run_after=None
[2024-10-14T21:45:08.155+0000] {processor.py:183} INFO - Processing /home/airflow/.local/lib/python3.8/site-packages/airflow/example_dags/example_python_decorator.py took 0.049 seconds
[2024-10-14T21:45:38.611+0000] {processor.py:161} INFO - Started process (PID=334) to work on /home/airflow/.local/lib/python3.8/site-packages/airflow/example_dags/example_python_decorator.py
[2024-10-14T21:45:38.612+0000] {processor.py:830} INFO - Processing file /home/airflow/.local/lib/python3.8/site-packages/airflow/example_dags/example_python_decorator.py for tasks to queue
[2024-10-14T21:45:38.613+0000] {logging_mixin.py:188} INFO - [2024-10-14T21:45:38.613+0000] {dagbag.py:538} INFO - Filling up the DagBag from /home/airflow/.local/lib/python3.8/site-packages/airflow/example_dags/example_python_decorator.py
[2024-10-14T21:45:38.626+0000] {processor.py:840} INFO - DAG(s) 'example_python_decorator' retrieved from /home/airflow/.local/lib/python3.8/site-packages/airflow/example_dags/example_python_decorator.py
[2024-10-14T21:45:38.645+0000] {logging_mixin.py:188} INFO - [2024-10-14T21:45:38.645+0000] {dag.py:3036} INFO - Sync 1 DAGs
[2024-10-14T21:45:38.655+0000] {logging_mixin.py:188} INFO - [2024-10-14T21:45:38.654+0000] {dag.py:3823} INFO - Setting next_dagrun for example_python_decorator to None, run_after=None
[2024-10-14T21:45:38.669+0000] {processor.py:183} INFO - Processing /home/airflow/.local/lib/python3.8/site-packages/airflow/example_dags/example_python_decorator.py took 0.060 seconds
[2024-10-14T21:46:08.756+0000] {processor.py:161} INFO - Started process (PID=399) to work on /home/airflow/.local/lib/python3.8/site-packages/airflow/example_dags/example_python_decorator.py
[2024-10-14T21:46:08.757+0000] {processor.py:830} INFO - Processing file /home/airflow/.local/lib/python3.8/site-packages/airflow/example_dags/example_python_decorator.py for tasks to queue
[2024-10-14T21:46:08.758+0000] {logging_mixin.py:188} INFO - [2024-10-14T21:46:08.758+0000] {dagbag.py:538} INFO - Filling up the DagBag from /home/airflow/.local/lib/python3.8/site-packages/airflow/example_dags/example_python_decorator.py
[2024-10-14T21:46:08.768+0000] {processor.py:840} INFO - DAG(s) 'example_python_decorator' retrieved from /home/airflow/.local/lib/python3.8/site-packages/airflow/example_dags/example_python_decorator.py
[2024-10-14T21:46:08.784+0000] {logging_mixin.py:188} INFO - [2024-10-14T21:46:08.784+0000] {dag.py:3036} INFO - Sync 1 DAGs
[2024-10-14T21:46:08.792+0000] {logging_mixin.py:188} INFO - [2024-10-14T21:46:08.792+0000] {dag.py:3823} INFO - Setting next_dagrun for example_python_decorator to None, run_after=None
[2024-10-14T21:46:08.807+0000] {processor.py:183} INFO - Processing /home/airflow/.local/lib/python3.8/site-packages/airflow/example_dags/example_python_decorator.py took 0.053 seconds
[2024-10-14T21:46:40.111+0000] {processor.py:161} INFO - Started process (PID=482) to work on /home/airflow/.local/lib/python3.8/site-packages/airflow/example_dags/example_python_decorator.py
[2024-10-14T21:46:40.112+0000] {processor.py:830} INFO - Processing file /home/airflow/.local/lib/python3.8/site-packages/airflow/example_dags/example_python_decorator.py for tasks to queue
[2024-10-14T21:46:40.120+0000] {logging_mixin.py:188} INFO - [2024-10-14T21:46:40.119+0000] {dagbag.py:538} INFO - Filling up the DagBag from /home/airflow/.local/lib/python3.8/site-packages/airflow/example_dags/example_python_decorator.py
[2024-10-14T21:46:40.155+0000] {processor.py:840} INFO - DAG(s) 'example_python_decorator' retrieved from /home/airflow/.local/lib/python3.8/site-packages/airflow/example_dags/example_python_decorator.py
[2024-10-14T21:46:40.189+0000] {logging_mixin.py:188} INFO - [2024-10-14T21:46:40.188+0000] {dag.py:3036} INFO - Sync 1 DAGs
[2024-10-14T21:46:40.202+0000] {logging_mixin.py:188} INFO - [2024-10-14T21:46:40.201+0000] {dag.py:3823} INFO - Setting next_dagrun for example_python_decorator to None, run_after=None
[2024-10-14T21:46:40.227+0000] {processor.py:183} INFO - Processing /home/airflow/.local/lib/python3.8/site-packages/airflow/example_dags/example_python_decorator.py took 0.119 seconds
[2024-10-14T21:50:44.793+0000] {processor.py:161} INFO - Started process (PID=128) to work on /home/airflow/.local/lib/python3.8/site-packages/airflow/example_dags/example_python_decorator.py
[2024-10-14T21:50:44.794+0000] {processor.py:830} INFO - Processing file /home/airflow/.local/lib/python3.8/site-packages/airflow/example_dags/example_python_decorator.py for tasks to queue
[2024-10-14T21:50:44.796+0000] {logging_mixin.py:188} INFO - [2024-10-14T21:50:44.795+0000] {dagbag.py:538} INFO - Filling up the DagBag from /home/airflow/.local/lib/python3.8/site-packages/airflow/example_dags/example_python_decorator.py
[2024-10-14T21:50:44.808+0000] {processor.py:840} INFO - DAG(s) 'example_python_decorator' retrieved from /home/airflow/.local/lib/python3.8/site-packages/airflow/example_dags/example_python_decorator.py
[2024-10-14T21:50:44.819+0000] {logging_mixin.py:188} INFO - [2024-10-14T21:50:44.819+0000] {dag.py:3036} INFO - Sync 1 DAGs
[2024-10-14T21:50:44.831+0000] {logging_mixin.py:188} INFO - [2024-10-14T21:50:44.830+0000] {dag.py:3823} INFO - Setting next_dagrun for example_python_decorator to None, run_after=None
[2024-10-14T21:50:44.855+0000] {processor.py:183} INFO - Processing /home/airflow/.local/lib/python3.8/site-packages/airflow/example_dags/example_python_decorator.py took 0.065 seconds
[2024-10-14T21:51:15.369+0000] {processor.py:161} INFO - Started process (PID=202) to work on /home/airflow/.local/lib/python3.8/site-packages/airflow/example_dags/example_python_decorator.py
[2024-10-14T21:51:15.370+0000] {processor.py:830} INFO - Processing file /home/airflow/.local/lib/python3.8/site-packages/airflow/example_dags/example_python_decorator.py for tasks to queue
[2024-10-14T21:51:15.372+0000] {logging_mixin.py:188} INFO - [2024-10-14T21:51:15.371+0000] {dagbag.py:538} INFO - Filling up the DagBag from /home/airflow/.local/lib/python3.8/site-packages/airflow/example_dags/example_python_decorator.py
[2024-10-14T21:51:15.385+0000] {processor.py:840} INFO - DAG(s) 'example_python_decorator' retrieved from /home/airflow/.local/lib/python3.8/site-packages/airflow/example_dags/example_python_decorator.py
[2024-10-14T21:51:15.488+0000] {logging_mixin.py:188} INFO - [2024-10-14T21:51:15.488+0000] {dag.py:3036} INFO - Sync 1 DAGs
[2024-10-14T21:51:15.499+0000] {logging_mixin.py:188} INFO - [2024-10-14T21:51:15.499+0000] {dag.py:3823} INFO - Setting next_dagrun for example_python_decorator to None, run_after=None
[2024-10-14T21:51:15.518+0000] {processor.py:183} INFO - Processing /home/airflow/.local/lib/python3.8/site-packages/airflow/example_dags/example_python_decorator.py took 0.152 seconds
[2024-10-14T21:51:45.541+0000] {processor.py:161} INFO - Started process (PID=283) to work on /home/airflow/.local/lib/python3.8/site-packages/airflow/example_dags/example_python_decorator.py
[2024-10-14T21:51:45.542+0000] {processor.py:830} INFO - Processing file /home/airflow/.local/lib/python3.8/site-packages/airflow/example_dags/example_python_decorator.py for tasks to queue
[2024-10-14T21:51:45.544+0000] {logging_mixin.py:188} INFO - [2024-10-14T21:51:45.544+0000] {dagbag.py:538} INFO - Filling up the DagBag from /home/airflow/.local/lib/python3.8/site-packages/airflow/example_dags/example_python_decorator.py
[2024-10-14T21:51:45.555+0000] {processor.py:840} INFO - DAG(s) 'example_python_decorator' retrieved from /home/airflow/.local/lib/python3.8/site-packages/airflow/example_dags/example_python_decorator.py
[2024-10-14T21:51:45.573+0000] {logging_mixin.py:188} INFO - [2024-10-14T21:51:45.573+0000] {dag.py:3036} INFO - Sync 1 DAGs
[2024-10-14T21:51:45.583+0000] {logging_mixin.py:188} INFO - [2024-10-14T21:51:45.583+0000] {dag.py:3823} INFO - Setting next_dagrun for example_python_decorator to None, run_after=None
[2024-10-14T21:51:45.597+0000] {processor.py:183} INFO - Processing /home/airflow/.local/lib/python3.8/site-packages/airflow/example_dags/example_python_decorator.py took 0.058 seconds
[2024-10-14T21:52:16.593+0000] {processor.py:161} INFO - Started process (PID=357) to work on /home/airflow/.local/lib/python3.8/site-packages/airflow/example_dags/example_python_decorator.py
[2024-10-14T21:52:16.594+0000] {processor.py:830} INFO - Processing file /home/airflow/.local/lib/python3.8/site-packages/airflow/example_dags/example_python_decorator.py for tasks to queue
[2024-10-14T21:52:16.596+0000] {logging_mixin.py:188} INFO - [2024-10-14T21:52:16.596+0000] {dagbag.py:538} INFO - Filling up the DagBag from /home/airflow/.local/lib/python3.8/site-packages/airflow/example_dags/example_python_decorator.py
[2024-10-14T21:52:16.620+0000] {processor.py:840} INFO - DAG(s) 'example_python_decorator' retrieved from /home/airflow/.local/lib/python3.8/site-packages/airflow/example_dags/example_python_decorator.py
[2024-10-14T21:52:16.642+0000] {logging_mixin.py:188} INFO - [2024-10-14T21:52:16.642+0000] {dag.py:3036} INFO - Sync 1 DAGs
[2024-10-14T21:52:16.658+0000] {logging_mixin.py:188} INFO - [2024-10-14T21:52:16.658+0000] {dag.py:3823} INFO - Setting next_dagrun for example_python_decorator to None, run_after=None
[2024-10-14T21:52:16.673+0000] {processor.py:183} INFO - Processing /home/airflow/.local/lib/python3.8/site-packages/airflow/example_dags/example_python_decorator.py took 0.086 seconds
[2024-10-14T21:52:48.060+0000] {processor.py:161} INFO - Started process (PID=438) to work on /home/airflow/.local/lib/python3.8/site-packages/airflow/example_dags/example_python_decorator.py
[2024-10-14T21:52:48.061+0000] {processor.py:830} INFO - Processing file /home/airflow/.local/lib/python3.8/site-packages/airflow/example_dags/example_python_decorator.py for tasks to queue
[2024-10-14T21:52:48.062+0000] {logging_mixin.py:188} INFO - [2024-10-14T21:52:48.062+0000] {dagbag.py:538} INFO - Filling up the DagBag from /home/airflow/.local/lib/python3.8/site-packages/airflow/example_dags/example_python_decorator.py
[2024-10-14T21:52:48.076+0000] {processor.py:840} INFO - DAG(s) 'example_python_decorator' retrieved from /home/airflow/.local/lib/python3.8/site-packages/airflow/example_dags/example_python_decorator.py
[2024-10-14T21:52:48.102+0000] {logging_mixin.py:188} INFO - [2024-10-14T21:52:48.101+0000] {dag.py:3036} INFO - Sync 1 DAGs
[2024-10-14T21:52:48.114+0000] {logging_mixin.py:188} INFO - [2024-10-14T21:52:48.114+0000] {dag.py:3823} INFO - Setting next_dagrun for example_python_decorator to None, run_after=None
[2024-10-14T21:52:48.138+0000] {processor.py:183} INFO - Processing /home/airflow/.local/lib/python3.8/site-packages/airflow/example_dags/example_python_decorator.py took 0.080 seconds
[2024-10-14T21:53:19.210+0000] {processor.py:161} INFO - Started process (PID=511) to work on /home/airflow/.local/lib/python3.8/site-packages/airflow/example_dags/example_python_decorator.py
[2024-10-14T21:53:19.211+0000] {processor.py:830} INFO - Processing file /home/airflow/.local/lib/python3.8/site-packages/airflow/example_dags/example_python_decorator.py for tasks to queue
[2024-10-14T21:53:19.212+0000] {logging_mixin.py:188} INFO - [2024-10-14T21:53:19.212+0000] {dagbag.py:538} INFO - Filling up the DagBag from /home/airflow/.local/lib/python3.8/site-packages/airflow/example_dags/example_python_decorator.py
[2024-10-14T21:53:19.227+0000] {processor.py:840} INFO - DAG(s) 'example_python_decorator' retrieved from /home/airflow/.local/lib/python3.8/site-packages/airflow/example_dags/example_python_decorator.py
[2024-10-14T21:53:19.249+0000] {logging_mixin.py:188} INFO - [2024-10-14T21:53:19.248+0000] {dag.py:3036} INFO - Sync 1 DAGs
[2024-10-14T21:53:19.261+0000] {logging_mixin.py:188} INFO - [2024-10-14T21:53:19.261+0000] {dag.py:3823} INFO - Setting next_dagrun for example_python_decorator to None, run_after=None
[2024-10-14T21:53:19.280+0000] {processor.py:183} INFO - Processing /home/airflow/.local/lib/python3.8/site-packages/airflow/example_dags/example_python_decorator.py took 0.073 seconds
[2024-10-14T21:53:49.406+0000] {processor.py:161} INFO - Started process (PID=585) to work on /home/airflow/.local/lib/python3.8/site-packages/airflow/example_dags/example_python_decorator.py
[2024-10-14T21:53:49.407+0000] {processor.py:830} INFO - Processing file /home/airflow/.local/lib/python3.8/site-packages/airflow/example_dags/example_python_decorator.py for tasks to queue
[2024-10-14T21:53:49.408+0000] {logging_mixin.py:188} INFO - [2024-10-14T21:53:49.408+0000] {dagbag.py:538} INFO - Filling up the DagBag from /home/airflow/.local/lib/python3.8/site-packages/airflow/example_dags/example_python_decorator.py
[2024-10-14T21:53:49.422+0000] {processor.py:840} INFO - DAG(s) 'example_python_decorator' retrieved from /home/airflow/.local/lib/python3.8/site-packages/airflow/example_dags/example_python_decorator.py
[2024-10-14T21:53:49.442+0000] {logging_mixin.py:188} INFO - [2024-10-14T21:53:49.441+0000] {dag.py:3036} INFO - Sync 1 DAGs
[2024-10-14T21:53:49.456+0000] {logging_mixin.py:188} INFO - [2024-10-14T21:53:49.455+0000] {dag.py:3823} INFO - Setting next_dagrun for example_python_decorator to None, run_after=None
[2024-10-14T21:53:49.476+0000] {processor.py:183} INFO - Processing /home/airflow/.local/lib/python3.8/site-packages/airflow/example_dags/example_python_decorator.py took 0.075 seconds
[2024-10-14T21:54:19.545+0000] {processor.py:161} INFO - Started process (PID=666) to work on /home/airflow/.local/lib/python3.8/site-packages/airflow/example_dags/example_python_decorator.py
[2024-10-14T21:54:19.546+0000] {processor.py:830} INFO - Processing file /home/airflow/.local/lib/python3.8/site-packages/airflow/example_dags/example_python_decorator.py for tasks to queue
[2024-10-14T21:54:19.548+0000] {logging_mixin.py:188} INFO - [2024-10-14T21:54:19.547+0000] {dagbag.py:538} INFO - Filling up the DagBag from /home/airflow/.local/lib/python3.8/site-packages/airflow/example_dags/example_python_decorator.py
[2024-10-14T21:54:19.562+0000] {processor.py:840} INFO - DAG(s) 'example_python_decorator' retrieved from /home/airflow/.local/lib/python3.8/site-packages/airflow/example_dags/example_python_decorator.py
[2024-10-14T21:54:19.583+0000] {logging_mixin.py:188} INFO - [2024-10-14T21:54:19.583+0000] {dag.py:3036} INFO - Sync 1 DAGs
[2024-10-14T21:54:19.593+0000] {logging_mixin.py:188} INFO - [2024-10-14T21:54:19.593+0000] {dag.py:3823} INFO - Setting next_dagrun for example_python_decorator to None, run_after=None
[2024-10-14T21:54:19.609+0000] {processor.py:183} INFO - Processing /home/airflow/.local/lib/python3.8/site-packages/airflow/example_dags/example_python_decorator.py took 0.067 seconds
[2024-10-14T21:58:44.138+0000] {processor.py:161} INFO - Started process (PID=127) to work on /home/airflow/.local/lib/python3.8/site-packages/airflow/example_dags/example_python_decorator.py
[2024-10-14T21:58:44.140+0000] {processor.py:830} INFO - Processing file /home/airflow/.local/lib/python3.8/site-packages/airflow/example_dags/example_python_decorator.py for tasks to queue
[2024-10-14T21:58:44.144+0000] {logging_mixin.py:188} INFO - [2024-10-14T21:58:44.143+0000] {dagbag.py:538} INFO - Filling up the DagBag from /home/airflow/.local/lib/python3.8/site-packages/airflow/example_dags/example_python_decorator.py
[2024-10-14T21:58:44.161+0000] {processor.py:840} INFO - DAG(s) 'example_python_decorator' retrieved from /home/airflow/.local/lib/python3.8/site-packages/airflow/example_dags/example_python_decorator.py
[2024-10-14T21:58:44.177+0000] {logging_mixin.py:188} INFO - [2024-10-14T21:58:44.177+0000] {dag.py:3036} INFO - Sync 1 DAGs
[2024-10-14T21:58:44.193+0000] {logging_mixin.py:188} INFO - [2024-10-14T21:58:44.193+0000] {dag.py:3823} INFO - Setting next_dagrun for example_python_decorator to None, run_after=None
[2024-10-14T21:58:44.219+0000] {processor.py:183} INFO - Processing /home/airflow/.local/lib/python3.8/site-packages/airflow/example_dags/example_python_decorator.py took 0.086 seconds
[2024-10-14T21:59:17.044+0000] {processor.py:161} INFO - Started process (PID=201) to work on /home/airflow/.local/lib/python3.8/site-packages/airflow/example_dags/example_python_decorator.py
[2024-10-14T21:59:17.045+0000] {processor.py:830} INFO - Processing file /home/airflow/.local/lib/python3.8/site-packages/airflow/example_dags/example_python_decorator.py for tasks to queue
[2024-10-14T21:59:17.048+0000] {logging_mixin.py:188} INFO - [2024-10-14T21:59:17.047+0000] {dagbag.py:538} INFO - Filling up the DagBag from /home/airflow/.local/lib/python3.8/site-packages/airflow/example_dags/example_python_decorator.py
[2024-10-14T21:59:17.064+0000] {processor.py:840} INFO - DAG(s) 'example_python_decorator' retrieved from /home/airflow/.local/lib/python3.8/site-packages/airflow/example_dags/example_python_decorator.py
[2024-10-14T21:59:17.223+0000] {logging_mixin.py:188} INFO - [2024-10-14T21:59:17.223+0000] {dag.py:3036} INFO - Sync 1 DAGs
[2024-10-14T21:59:17.232+0000] {logging_mixin.py:188} INFO - [2024-10-14T21:59:17.232+0000] {dag.py:3823} INFO - Setting next_dagrun for example_python_decorator to None, run_after=None
[2024-10-14T21:59:17.263+0000] {processor.py:183} INFO - Processing /home/airflow/.local/lib/python3.8/site-packages/airflow/example_dags/example_python_decorator.py took 0.222 seconds
[2024-10-14T21:59:48.073+0000] {processor.py:161} INFO - Started process (PID=283) to work on /home/airflow/.local/lib/python3.8/site-packages/airflow/example_dags/example_python_decorator.py
[2024-10-14T21:59:48.074+0000] {processor.py:830} INFO - Processing file /home/airflow/.local/lib/python3.8/site-packages/airflow/example_dags/example_python_decorator.py for tasks to queue
[2024-10-14T21:59:48.076+0000] {logging_mixin.py:188} INFO - [2024-10-14T21:59:48.075+0000] {dagbag.py:538} INFO - Filling up the DagBag from /home/airflow/.local/lib/python3.8/site-packages/airflow/example_dags/example_python_decorator.py
[2024-10-14T21:59:48.092+0000] {processor.py:840} INFO - DAG(s) 'example_python_decorator' retrieved from /home/airflow/.local/lib/python3.8/site-packages/airflow/example_dags/example_python_decorator.py
[2024-10-14T21:59:48.125+0000] {logging_mixin.py:188} INFO - [2024-10-14T21:59:48.125+0000] {dag.py:3036} INFO - Sync 1 DAGs
[2024-10-14T21:59:48.146+0000] {logging_mixin.py:188} INFO - [2024-10-14T21:59:48.146+0000] {dag.py:3823} INFO - Setting next_dagrun for example_python_decorator to None, run_after=None
[2024-10-14T21:59:48.172+0000] {processor.py:183} INFO - Processing /home/airflow/.local/lib/python3.8/site-packages/airflow/example_dags/example_python_decorator.py took 0.103 seconds
[2024-10-14T22:00:18.310+0000] {processor.py:161} INFO - Started process (PID=357) to work on /home/airflow/.local/lib/python3.8/site-packages/airflow/example_dags/example_python_decorator.py
[2024-10-14T22:00:18.310+0000] {processor.py:830} INFO - Processing file /home/airflow/.local/lib/python3.8/site-packages/airflow/example_dags/example_python_decorator.py for tasks to queue
[2024-10-14T22:00:18.312+0000] {logging_mixin.py:188} INFO - [2024-10-14T22:00:18.311+0000] {dagbag.py:538} INFO - Filling up the DagBag from /home/airflow/.local/lib/python3.8/site-packages/airflow/example_dags/example_python_decorator.py
[2024-10-14T22:00:18.324+0000] {processor.py:840} INFO - DAG(s) 'example_python_decorator' retrieved from /home/airflow/.local/lib/python3.8/site-packages/airflow/example_dags/example_python_decorator.py
[2024-10-14T22:00:18.342+0000] {logging_mixin.py:188} INFO - [2024-10-14T22:00:18.342+0000] {dag.py:3036} INFO - Sync 1 DAGs
[2024-10-14T22:00:18.352+0000] {logging_mixin.py:188} INFO - [2024-10-14T22:00:18.351+0000] {dag.py:3823} INFO - Setting next_dagrun for example_python_decorator to None, run_after=None
[2024-10-14T22:00:18.370+0000] {processor.py:183} INFO - Processing /home/airflow/.local/lib/python3.8/site-packages/airflow/example_dags/example_python_decorator.py took 0.064 seconds
[2024-10-14T22:00:48.847+0000] {processor.py:161} INFO - Started process (PID=431) to work on /home/airflow/.local/lib/python3.8/site-packages/airflow/example_dags/example_python_decorator.py
[2024-10-14T22:00:48.847+0000] {processor.py:830} INFO - Processing file /home/airflow/.local/lib/python3.8/site-packages/airflow/example_dags/example_python_decorator.py for tasks to queue
[2024-10-14T22:00:48.849+0000] {logging_mixin.py:188} INFO - [2024-10-14T22:00:48.849+0000] {dagbag.py:538} INFO - Filling up the DagBag from /home/airflow/.local/lib/python3.8/site-packages/airflow/example_dags/example_python_decorator.py
[2024-10-14T22:00:48.865+0000] {processor.py:840} INFO - DAG(s) 'example_python_decorator' retrieved from /home/airflow/.local/lib/python3.8/site-packages/airflow/example_dags/example_python_decorator.py
[2024-10-14T22:00:48.893+0000] {logging_mixin.py:188} INFO - [2024-10-14T22:00:48.892+0000] {dag.py:3036} INFO - Sync 1 DAGs
[2024-10-14T22:00:48.908+0000] {logging_mixin.py:188} INFO - [2024-10-14T22:00:48.908+0000] {dag.py:3823} INFO - Setting next_dagrun for example_python_decorator to None, run_after=None
[2024-10-14T22:00:48.929+0000] {processor.py:183} INFO - Processing /home/airflow/.local/lib/python3.8/site-packages/airflow/example_dags/example_python_decorator.py took 0.086 seconds
[2024-10-14T22:01:19.625+0000] {processor.py:161} INFO - Started process (PID=504) to work on /home/airflow/.local/lib/python3.8/site-packages/airflow/example_dags/example_python_decorator.py
[2024-10-14T22:01:19.626+0000] {processor.py:830} INFO - Processing file /home/airflow/.local/lib/python3.8/site-packages/airflow/example_dags/example_python_decorator.py for tasks to queue
[2024-10-14T22:01:19.627+0000] {logging_mixin.py:188} INFO - [2024-10-14T22:01:19.627+0000] {dagbag.py:538} INFO - Filling up the DagBag from /home/airflow/.local/lib/python3.8/site-packages/airflow/example_dags/example_python_decorator.py
[2024-10-14T22:01:19.641+0000] {processor.py:840} INFO - DAG(s) 'example_python_decorator' retrieved from /home/airflow/.local/lib/python3.8/site-packages/airflow/example_dags/example_python_decorator.py
[2024-10-14T22:01:19.661+0000] {logging_mixin.py:188} INFO - [2024-10-14T22:01:19.661+0000] {dag.py:3036} INFO - Sync 1 DAGs
[2024-10-14T22:01:19.674+0000] {logging_mixin.py:188} INFO - [2024-10-14T22:01:19.673+0000] {dag.py:3823} INFO - Setting next_dagrun for example_python_decorator to None, run_after=None
[2024-10-14T22:01:19.696+0000] {processor.py:183} INFO - Processing /home/airflow/.local/lib/python3.8/site-packages/airflow/example_dags/example_python_decorator.py took 0.077 seconds
[2024-10-14T22:01:49.979+0000] {processor.py:161} INFO - Started process (PID=578) to work on /home/airflow/.local/lib/python3.8/site-packages/airflow/example_dags/example_python_decorator.py
[2024-10-14T22:01:49.980+0000] {processor.py:830} INFO - Processing file /home/airflow/.local/lib/python3.8/site-packages/airflow/example_dags/example_python_decorator.py for tasks to queue
[2024-10-14T22:01:49.981+0000] {logging_mixin.py:188} INFO - [2024-10-14T22:01:49.981+0000] {dagbag.py:538} INFO - Filling up the DagBag from /home/airflow/.local/lib/python3.8/site-packages/airflow/example_dags/example_python_decorator.py
[2024-10-14T22:01:49.997+0000] {processor.py:840} INFO - DAG(s) 'example_python_decorator' retrieved from /home/airflow/.local/lib/python3.8/site-packages/airflow/example_dags/example_python_decorator.py
[2024-10-14T22:01:50.021+0000] {logging_mixin.py:188} INFO - [2024-10-14T22:01:50.021+0000] {dag.py:3036} INFO - Sync 1 DAGs
[2024-10-14T22:01:50.032+0000] {logging_mixin.py:188} INFO - [2024-10-14T22:01:50.032+0000] {dag.py:3823} INFO - Setting next_dagrun for example_python_decorator to None, run_after=None
[2024-10-14T22:01:50.058+0000] {processor.py:183} INFO - Processing /home/airflow/.local/lib/python3.8/site-packages/airflow/example_dags/example_python_decorator.py took 0.082 seconds
[2024-10-14T22:02:20.317+0000] {processor.py:161} INFO - Started process (PID=660) to work on /home/airflow/.local/lib/python3.8/site-packages/airflow/example_dags/example_python_decorator.py
[2024-10-14T22:02:20.320+0000] {processor.py:830} INFO - Processing file /home/airflow/.local/lib/python3.8/site-packages/airflow/example_dags/example_python_decorator.py for tasks to queue
[2024-10-14T22:02:20.325+0000] {logging_mixin.py:188} INFO - [2024-10-14T22:02:20.323+0000] {dagbag.py:538} INFO - Filling up the DagBag from /home/airflow/.local/lib/python3.8/site-packages/airflow/example_dags/example_python_decorator.py
[2024-10-14T22:02:20.341+0000] {processor.py:840} INFO - DAG(s) 'example_python_decorator' retrieved from /home/airflow/.local/lib/python3.8/site-packages/airflow/example_dags/example_python_decorator.py
[2024-10-14T22:02:20.360+0000] {logging_mixin.py:188} INFO - [2024-10-14T22:02:20.360+0000] {dag.py:3036} INFO - Sync 1 DAGs
[2024-10-14T22:02:20.370+0000] {logging_mixin.py:188} INFO - [2024-10-14T22:02:20.369+0000] {dag.py:3823} INFO - Setting next_dagrun for example_python_decorator to None, run_after=None
[2024-10-14T22:02:20.386+0000] {processor.py:183} INFO - Processing /home/airflow/.local/lib/python3.8/site-packages/airflow/example_dags/example_python_decorator.py took 0.072 seconds
[2024-10-14T22:02:51.061+0000] {processor.py:161} INFO - Started process (PID=734) to work on /home/airflow/.local/lib/python3.8/site-packages/airflow/example_dags/example_python_decorator.py
[2024-10-14T22:02:51.061+0000] {processor.py:830} INFO - Processing file /home/airflow/.local/lib/python3.8/site-packages/airflow/example_dags/example_python_decorator.py for tasks to queue
[2024-10-14T22:02:51.063+0000] {logging_mixin.py:188} INFO - [2024-10-14T22:02:51.062+0000] {dagbag.py:538} INFO - Filling up the DagBag from /home/airflow/.local/lib/python3.8/site-packages/airflow/example_dags/example_python_decorator.py
[2024-10-14T22:02:51.075+0000] {processor.py:840} INFO - DAG(s) 'example_python_decorator' retrieved from /home/airflow/.local/lib/python3.8/site-packages/airflow/example_dags/example_python_decorator.py
[2024-10-14T22:02:51.094+0000] {logging_mixin.py:188} INFO - [2024-10-14T22:02:51.093+0000] {dag.py:3036} INFO - Sync 1 DAGs
[2024-10-14T22:02:51.103+0000] {logging_mixin.py:188} INFO - [2024-10-14T22:02:51.103+0000] {dag.py:3823} INFO - Setting next_dagrun for example_python_decorator to None, run_after=None
[2024-10-14T22:02:51.127+0000] {processor.py:183} INFO - Processing /home/airflow/.local/lib/python3.8/site-packages/airflow/example_dags/example_python_decorator.py took 0.069 seconds
[2024-10-14T22:03:21.756+0000] {processor.py:161} INFO - Started process (PID=816) to work on /home/airflow/.local/lib/python3.8/site-packages/airflow/example_dags/example_python_decorator.py
[2024-10-14T22:03:21.761+0000] {processor.py:830} INFO - Processing file /home/airflow/.local/lib/python3.8/site-packages/airflow/example_dags/example_python_decorator.py for tasks to queue
[2024-10-14T22:03:21.766+0000] {logging_mixin.py:188} INFO - [2024-10-14T22:03:21.765+0000] {dagbag.py:538} INFO - Filling up the DagBag from /home/airflow/.local/lib/python3.8/site-packages/airflow/example_dags/example_python_decorator.py
[2024-10-14T22:03:21.800+0000] {processor.py:840} INFO - DAG(s) 'example_python_decorator' retrieved from /home/airflow/.local/lib/python3.8/site-packages/airflow/example_dags/example_python_decorator.py
[2024-10-14T22:03:21.849+0000] {logging_mixin.py:188} INFO - [2024-10-14T22:03:21.848+0000] {dag.py:3036} INFO - Sync 1 DAGs
[2024-10-14T22:03:21.871+0000] {logging_mixin.py:188} INFO - [2024-10-14T22:03:21.870+0000] {dag.py:3823} INFO - Setting next_dagrun for example_python_decorator to None, run_after=None
[2024-10-14T22:03:21.914+0000] {processor.py:183} INFO - Processing /home/airflow/.local/lib/python3.8/site-packages/airflow/example_dags/example_python_decorator.py took 0.165 seconds
[2024-10-14T22:03:52.231+0000] {processor.py:161} INFO - Started process (PID=889) to work on /home/airflow/.local/lib/python3.8/site-packages/airflow/example_dags/example_python_decorator.py
[2024-10-14T22:03:52.231+0000] {processor.py:830} INFO - Processing file /home/airflow/.local/lib/python3.8/site-packages/airflow/example_dags/example_python_decorator.py for tasks to queue
[2024-10-14T22:03:52.233+0000] {logging_mixin.py:188} INFO - [2024-10-14T22:03:52.233+0000] {dagbag.py:538} INFO - Filling up the DagBag from /home/airflow/.local/lib/python3.8/site-packages/airflow/example_dags/example_python_decorator.py
[2024-10-14T22:03:52.244+0000] {processor.py:840} INFO - DAG(s) 'example_python_decorator' retrieved from /home/airflow/.local/lib/python3.8/site-packages/airflow/example_dags/example_python_decorator.py
[2024-10-14T22:03:52.263+0000] {logging_mixin.py:188} INFO - [2024-10-14T22:03:52.263+0000] {dag.py:3036} INFO - Sync 1 DAGs
[2024-10-14T22:03:52.275+0000] {logging_mixin.py:188} INFO - [2024-10-14T22:03:52.274+0000] {dag.py:3823} INFO - Setting next_dagrun for example_python_decorator to None, run_after=None
[2024-10-14T22:03:52.290+0000] {processor.py:183} INFO - Processing /home/airflow/.local/lib/python3.8/site-packages/airflow/example_dags/example_python_decorator.py took 0.062 seconds
[2024-10-14T22:04:22.632+0000] {processor.py:161} INFO - Started process (PID=970) to work on /home/airflow/.local/lib/python3.8/site-packages/airflow/example_dags/example_python_decorator.py
[2024-10-14T22:04:22.633+0000] {processor.py:830} INFO - Processing file /home/airflow/.local/lib/python3.8/site-packages/airflow/example_dags/example_python_decorator.py for tasks to queue
[2024-10-14T22:04:22.635+0000] {logging_mixin.py:188} INFO - [2024-10-14T22:04:22.634+0000] {dagbag.py:538} INFO - Filling up the DagBag from /home/airflow/.local/lib/python3.8/site-packages/airflow/example_dags/example_python_decorator.py
[2024-10-14T22:04:22.645+0000] {processor.py:840} INFO - DAG(s) 'example_python_decorator' retrieved from /home/airflow/.local/lib/python3.8/site-packages/airflow/example_dags/example_python_decorator.py
[2024-10-14T22:04:22.666+0000] {logging_mixin.py:188} INFO - [2024-10-14T22:04:22.665+0000] {dag.py:3036} INFO - Sync 1 DAGs
[2024-10-14T22:04:22.679+0000] {logging_mixin.py:188} INFO - [2024-10-14T22:04:22.678+0000] {dag.py:3823} INFO - Setting next_dagrun for example_python_decorator to None, run_after=None
[2024-10-14T22:04:22.695+0000] {processor.py:183} INFO - Processing /home/airflow/.local/lib/python3.8/site-packages/airflow/example_dags/example_python_decorator.py took 0.065 seconds
[2024-10-14T22:04:53.204+0000] {processor.py:161} INFO - Started process (PID=1043) to work on /home/airflow/.local/lib/python3.8/site-packages/airflow/example_dags/example_python_decorator.py
[2024-10-14T22:04:53.205+0000] {processor.py:830} INFO - Processing file /home/airflow/.local/lib/python3.8/site-packages/airflow/example_dags/example_python_decorator.py for tasks to queue
[2024-10-14T22:04:53.207+0000] {logging_mixin.py:188} INFO - [2024-10-14T22:04:53.207+0000] {dagbag.py:538} INFO - Filling up the DagBag from /home/airflow/.local/lib/python3.8/site-packages/airflow/example_dags/example_python_decorator.py
[2024-10-14T22:04:53.217+0000] {processor.py:840} INFO - DAG(s) 'example_python_decorator' retrieved from /home/airflow/.local/lib/python3.8/site-packages/airflow/example_dags/example_python_decorator.py
[2024-10-14T22:04:53.233+0000] {logging_mixin.py:188} INFO - [2024-10-14T22:04:53.233+0000] {dag.py:3036} INFO - Sync 1 DAGs
[2024-10-14T22:04:53.241+0000] {logging_mixin.py:188} INFO - [2024-10-14T22:04:53.241+0000] {dag.py:3823} INFO - Setting next_dagrun for example_python_decorator to None, run_after=None
[2024-10-14T22:04:53.256+0000] {processor.py:183} INFO - Processing /home/airflow/.local/lib/python3.8/site-packages/airflow/example_dags/example_python_decorator.py took 0.055 seconds
[2024-10-14T22:05:24.241+0000] {processor.py:161} INFO - Started process (PID=1125) to work on /home/airflow/.local/lib/python3.8/site-packages/airflow/example_dags/example_python_decorator.py
[2024-10-14T22:05:24.243+0000] {processor.py:830} INFO - Processing file /home/airflow/.local/lib/python3.8/site-packages/airflow/example_dags/example_python_decorator.py for tasks to queue
[2024-10-14T22:05:24.244+0000] {logging_mixin.py:188} INFO - [2024-10-14T22:05:24.244+0000] {dagbag.py:538} INFO - Filling up the DagBag from /home/airflow/.local/lib/python3.8/site-packages/airflow/example_dags/example_python_decorator.py
[2024-10-14T22:05:24.255+0000] {processor.py:840} INFO - DAG(s) 'example_python_decorator' retrieved from /home/airflow/.local/lib/python3.8/site-packages/airflow/example_dags/example_python_decorator.py
[2024-10-14T22:05:24.271+0000] {logging_mixin.py:188} INFO - [2024-10-14T22:05:24.271+0000] {dag.py:3036} INFO - Sync 1 DAGs
[2024-10-14T22:05:24.281+0000] {logging_mixin.py:188} INFO - [2024-10-14T22:05:24.281+0000] {dag.py:3823} INFO - Setting next_dagrun for example_python_decorator to None, run_after=None
[2024-10-14T22:05:24.294+0000] {processor.py:183} INFO - Processing /home/airflow/.local/lib/python3.8/site-packages/airflow/example_dags/example_python_decorator.py took 0.055 seconds
[2024-10-14T22:05:55.296+0000] {processor.py:161} INFO - Started process (PID=1199) to work on /home/airflow/.local/lib/python3.8/site-packages/airflow/example_dags/example_python_decorator.py
[2024-10-14T22:05:55.298+0000] {processor.py:830} INFO - Processing file /home/airflow/.local/lib/python3.8/site-packages/airflow/example_dags/example_python_decorator.py for tasks to queue
[2024-10-14T22:05:55.299+0000] {logging_mixin.py:188} INFO - [2024-10-14T22:05:55.299+0000] {dagbag.py:538} INFO - Filling up the DagBag from /home/airflow/.local/lib/python3.8/site-packages/airflow/example_dags/example_python_decorator.py
[2024-10-14T22:05:55.309+0000] {processor.py:840} INFO - DAG(s) 'example_python_decorator' retrieved from /home/airflow/.local/lib/python3.8/site-packages/airflow/example_dags/example_python_decorator.py
[2024-10-14T22:05:55.326+0000] {logging_mixin.py:188} INFO - [2024-10-14T22:05:55.326+0000] {dag.py:3036} INFO - Sync 1 DAGs
[2024-10-14T22:05:55.335+0000] {logging_mixin.py:188} INFO - [2024-10-14T22:05:55.335+0000] {dag.py:3823} INFO - Setting next_dagrun for example_python_decorator to None, run_after=None
[2024-10-14T22:05:55.348+0000] {processor.py:183} INFO - Processing /home/airflow/.local/lib/python3.8/site-packages/airflow/example_dags/example_python_decorator.py took 0.054 seconds
[2024-10-14T22:06:26.424+0000] {processor.py:161} INFO - Started process (PID=1280) to work on /home/airflow/.local/lib/python3.8/site-packages/airflow/example_dags/example_python_decorator.py
[2024-10-14T22:06:26.425+0000] {processor.py:830} INFO - Processing file /home/airflow/.local/lib/python3.8/site-packages/airflow/example_dags/example_python_decorator.py for tasks to queue
[2024-10-14T22:06:26.427+0000] {logging_mixin.py:188} INFO - [2024-10-14T22:06:26.427+0000] {dagbag.py:538} INFO - Filling up the DagBag from /home/airflow/.local/lib/python3.8/site-packages/airflow/example_dags/example_python_decorator.py
[2024-10-14T22:06:26.439+0000] {processor.py:840} INFO - DAG(s) 'example_python_decorator' retrieved from /home/airflow/.local/lib/python3.8/site-packages/airflow/example_dags/example_python_decorator.py
[2024-10-14T22:06:26.460+0000] {logging_mixin.py:188} INFO - [2024-10-14T22:06:26.459+0000] {dag.py:3036} INFO - Sync 1 DAGs
[2024-10-14T22:06:26.471+0000] {logging_mixin.py:188} INFO - [2024-10-14T22:06:26.470+0000] {dag.py:3823} INFO - Setting next_dagrun for example_python_decorator to None, run_after=None
[2024-10-14T22:06:26.487+0000] {processor.py:183} INFO - Processing /home/airflow/.local/lib/python3.8/site-packages/airflow/example_dags/example_python_decorator.py took 0.066 seconds
[2024-10-14T22:06:56.701+0000] {processor.py:161} INFO - Started process (PID=1363) to work on /home/airflow/.local/lib/python3.8/site-packages/airflow/example_dags/example_python_decorator.py
[2024-10-14T22:06:56.702+0000] {processor.py:830} INFO - Processing file /home/airflow/.local/lib/python3.8/site-packages/airflow/example_dags/example_python_decorator.py for tasks to queue
[2024-10-14T22:06:56.704+0000] {logging_mixin.py:188} INFO - [2024-10-14T22:06:56.703+0000] {dagbag.py:538} INFO - Filling up the DagBag from /home/airflow/.local/lib/python3.8/site-packages/airflow/example_dags/example_python_decorator.py
[2024-10-14T22:06:56.714+0000] {processor.py:840} INFO - DAG(s) 'example_python_decorator' retrieved from /home/airflow/.local/lib/python3.8/site-packages/airflow/example_dags/example_python_decorator.py
[2024-10-14T22:06:56.731+0000] {logging_mixin.py:188} INFO - [2024-10-14T22:06:56.731+0000] {dag.py:3036} INFO - Sync 1 DAGs
[2024-10-14T22:06:56.740+0000] {logging_mixin.py:188} INFO - [2024-10-14T22:06:56.740+0000] {dag.py:3823} INFO - Setting next_dagrun for example_python_decorator to None, run_after=None
[2024-10-14T22:06:56.758+0000] {processor.py:183} INFO - Processing /home/airflow/.local/lib/python3.8/site-packages/airflow/example_dags/example_python_decorator.py took 0.059 seconds
[2024-10-14T22:07:27.525+0000] {processor.py:161} INFO - Started process (PID=1438) to work on /home/airflow/.local/lib/python3.8/site-packages/airflow/example_dags/example_python_decorator.py
[2024-10-14T22:07:27.525+0000] {processor.py:830} INFO - Processing file /home/airflow/.local/lib/python3.8/site-packages/airflow/example_dags/example_python_decorator.py for tasks to queue
[2024-10-14T22:07:27.527+0000] {logging_mixin.py:188} INFO - [2024-10-14T22:07:27.526+0000] {dagbag.py:538} INFO - Filling up the DagBag from /home/airflow/.local/lib/python3.8/site-packages/airflow/example_dags/example_python_decorator.py
[2024-10-14T22:07:27.536+0000] {processor.py:840} INFO - DAG(s) 'example_python_decorator' retrieved from /home/airflow/.local/lib/python3.8/site-packages/airflow/example_dags/example_python_decorator.py
[2024-10-14T22:07:27.552+0000] {logging_mixin.py:188} INFO - [2024-10-14T22:07:27.552+0000] {dag.py:3036} INFO - Sync 1 DAGs
[2024-10-14T22:07:27.560+0000] {logging_mixin.py:188} INFO - [2024-10-14T22:07:27.560+0000] {dag.py:3823} INFO - Setting next_dagrun for example_python_decorator to None, run_after=None
[2024-10-14T22:07:27.575+0000] {processor.py:183} INFO - Processing /home/airflow/.local/lib/python3.8/site-packages/airflow/example_dags/example_python_decorator.py took 0.053 seconds
[2024-10-14T22:07:58.624+0000] {processor.py:161} INFO - Started process (PID=1520) to work on /home/airflow/.local/lib/python3.8/site-packages/airflow/example_dags/example_python_decorator.py
[2024-10-14T22:07:58.625+0000] {processor.py:830} INFO - Processing file /home/airflow/.local/lib/python3.8/site-packages/airflow/example_dags/example_python_decorator.py for tasks to queue
[2024-10-14T22:07:58.627+0000] {logging_mixin.py:188} INFO - [2024-10-14T22:07:58.627+0000] {dagbag.py:538} INFO - Filling up the DagBag from /home/airflow/.local/lib/python3.8/site-packages/airflow/example_dags/example_python_decorator.py
[2024-10-14T22:07:58.637+0000] {processor.py:840} INFO - DAG(s) 'example_python_decorator' retrieved from /home/airflow/.local/lib/python3.8/site-packages/airflow/example_dags/example_python_decorator.py
[2024-10-14T22:07:58.655+0000] {logging_mixin.py:188} INFO - [2024-10-14T22:07:58.654+0000] {dag.py:3036} INFO - Sync 1 DAGs
[2024-10-14T22:07:58.665+0000] {logging_mixin.py:188} INFO - [2024-10-14T22:07:58.664+0000] {dag.py:3823} INFO - Setting next_dagrun for example_python_decorator to None, run_after=None
[2024-10-14T22:07:58.683+0000] {processor.py:183} INFO - Processing /home/airflow/.local/lib/python3.8/site-packages/airflow/example_dags/example_python_decorator.py took 0.062 seconds
[2024-10-14T22:08:29.190+0000] {processor.py:161} INFO - Started process (PID=1594) to work on /home/airflow/.local/lib/python3.8/site-packages/airflow/example_dags/example_python_decorator.py
[2024-10-14T22:08:29.191+0000] {processor.py:830} INFO - Processing file /home/airflow/.local/lib/python3.8/site-packages/airflow/example_dags/example_python_decorator.py for tasks to queue
[2024-10-14T22:08:29.193+0000] {logging_mixin.py:188} INFO - [2024-10-14T22:08:29.192+0000] {dagbag.py:538} INFO - Filling up the DagBag from /home/airflow/.local/lib/python3.8/site-packages/airflow/example_dags/example_python_decorator.py
[2024-10-14T22:08:29.202+0000] {processor.py:840} INFO - DAG(s) 'example_python_decorator' retrieved from /home/airflow/.local/lib/python3.8/site-packages/airflow/example_dags/example_python_decorator.py
[2024-10-14T22:08:29.218+0000] {logging_mixin.py:188} INFO - [2024-10-14T22:08:29.218+0000] {dag.py:3036} INFO - Sync 1 DAGs
[2024-10-14T22:08:29.227+0000] {logging_mixin.py:188} INFO - [2024-10-14T22:08:29.227+0000] {dag.py:3823} INFO - Setting next_dagrun for example_python_decorator to None, run_after=None
[2024-10-14T22:08:29.243+0000] {processor.py:183} INFO - Processing /home/airflow/.local/lib/python3.8/site-packages/airflow/example_dags/example_python_decorator.py took 0.055 seconds
[2024-10-14T22:08:59.736+0000] {processor.py:161} INFO - Started process (PID=1675) to work on /home/airflow/.local/lib/python3.8/site-packages/airflow/example_dags/example_python_decorator.py
[2024-10-14T22:08:59.737+0000] {processor.py:830} INFO - Processing file /home/airflow/.local/lib/python3.8/site-packages/airflow/example_dags/example_python_decorator.py for tasks to queue
[2024-10-14T22:08:59.738+0000] {logging_mixin.py:188} INFO - [2024-10-14T22:08:59.738+0000] {dagbag.py:538} INFO - Filling up the DagBag from /home/airflow/.local/lib/python3.8/site-packages/airflow/example_dags/example_python_decorator.py
[2024-10-14T22:08:59.747+0000] {processor.py:840} INFO - DAG(s) 'example_python_decorator' retrieved from /home/airflow/.local/lib/python3.8/site-packages/airflow/example_dags/example_python_decorator.py
[2024-10-14T22:08:59.764+0000] {logging_mixin.py:188} INFO - [2024-10-14T22:08:59.763+0000] {dag.py:3036} INFO - Sync 1 DAGs
[2024-10-14T22:08:59.772+0000] {logging_mixin.py:188} INFO - [2024-10-14T22:08:59.772+0000] {dag.py:3823} INFO - Setting next_dagrun for example_python_decorator to None, run_after=None
[2024-10-14T22:08:59.786+0000] {processor.py:183} INFO - Processing /home/airflow/.local/lib/python3.8/site-packages/airflow/example_dags/example_python_decorator.py took 0.052 seconds
