[2024-10-14T21:19:53.256+0000] {processor.py:161} INFO - Started process (PID=112) to work on /home/airflow/.local/lib/python3.8/site-packages/airflow/example_dags/example_sensor_decorator.py
[2024-10-14T21:19:53.257+0000] {processor.py:830} INFO - Processing file /home/airflow/.local/lib/python3.8/site-packages/airflow/example_dags/example_sensor_decorator.py for tasks to queue
[2024-10-14T21:19:53.259+0000] {logging_mixin.py:188} INFO - [2024-10-14T21:19:53.259+0000] {dagbag.py:538} INFO - Filling up the DagBag from /home/airflow/.local/lib/python3.8/site-packages/airflow/example_dags/example_sensor_decorator.py
[2024-10-14T21:19:53.269+0000] {processor.py:840} INFO - DAG(s) 'example_sensor_decorator' retrieved from /home/airflow/.local/lib/python3.8/site-packages/airflow/example_dags/example_sensor_decorator.py
[2024-10-14T21:19:53.354+0000] {logging_mixin.py:188} INFO - [2024-10-14T21:19:53.354+0000] {dag.py:3036} INFO - Sync 1 DAGs
[2024-10-14T21:19:53.362+0000] {logging_mixin.py:188} INFO - [2024-10-14T21:19:53.361+0000] {dag.py:3823} INFO - Setting next_dagrun for example_sensor_decorator to None, run_after=None
[2024-10-14T21:19:53.376+0000] {processor.py:183} INFO - Processing /home/airflow/.local/lib/python3.8/site-packages/airflow/example_dags/example_sensor_decorator.py took 0.123 seconds
[2024-10-14T21:20:23.902+0000] {processor.py:161} INFO - Started process (PID=187) to work on /home/airflow/.local/lib/python3.8/site-packages/airflow/example_dags/example_sensor_decorator.py
[2024-10-14T21:20:23.903+0000] {processor.py:830} INFO - Processing file /home/airflow/.local/lib/python3.8/site-packages/airflow/example_dags/example_sensor_decorator.py for tasks to queue
[2024-10-14T21:20:23.905+0000] {logging_mixin.py:188} INFO - [2024-10-14T21:20:23.904+0000] {dagbag.py:538} INFO - Filling up the DagBag from /home/airflow/.local/lib/python3.8/site-packages/airflow/example_dags/example_sensor_decorator.py
[2024-10-14T21:20:23.913+0000] {processor.py:840} INFO - DAG(s) 'example_sensor_decorator' retrieved from /home/airflow/.local/lib/python3.8/site-packages/airflow/example_dags/example_sensor_decorator.py
[2024-10-14T21:20:23.927+0000] {logging_mixin.py:188} INFO - [2024-10-14T21:20:23.927+0000] {dag.py:3036} INFO - Sync 1 DAGs
[2024-10-14T21:20:23.939+0000] {logging_mixin.py:188} INFO - [2024-10-14T21:20:23.939+0000] {dag.py:3823} INFO - Setting next_dagrun for example_sensor_decorator to None, run_after=None
[2024-10-14T21:20:23.967+0000] {processor.py:183} INFO - Processing /home/airflow/.local/lib/python3.8/site-packages/airflow/example_dags/example_sensor_decorator.py took 0.071 seconds
[2024-10-14T21:20:54.664+0000] {processor.py:161} INFO - Started process (PID=268) to work on /home/airflow/.local/lib/python3.8/site-packages/airflow/example_dags/example_sensor_decorator.py
[2024-10-14T21:20:54.665+0000] {processor.py:830} INFO - Processing file /home/airflow/.local/lib/python3.8/site-packages/airflow/example_dags/example_sensor_decorator.py for tasks to queue
[2024-10-14T21:20:54.666+0000] {logging_mixin.py:188} INFO - [2024-10-14T21:20:54.666+0000] {dagbag.py:538} INFO - Filling up the DagBag from /home/airflow/.local/lib/python3.8/site-packages/airflow/example_dags/example_sensor_decorator.py
[2024-10-14T21:20:54.671+0000] {processor.py:840} INFO - DAG(s) 'example_sensor_decorator' retrieved from /home/airflow/.local/lib/python3.8/site-packages/airflow/example_dags/example_sensor_decorator.py
[2024-10-14T21:20:54.687+0000] {logging_mixin.py:188} INFO - [2024-10-14T21:20:54.687+0000] {dag.py:3036} INFO - Sync 1 DAGs
[2024-10-14T21:20:54.697+0000] {logging_mixin.py:188} INFO - [2024-10-14T21:20:54.697+0000] {dag.py:3823} INFO - Setting next_dagrun for example_sensor_decorator to None, run_after=None
[2024-10-14T21:20:54.717+0000] {processor.py:183} INFO - Processing /home/airflow/.local/lib/python3.8/site-packages/airflow/example_dags/example_sensor_decorator.py took 0.054 seconds
[2024-10-14T21:21:25.669+0000] {processor.py:161} INFO - Started process (PID=342) to work on /home/airflow/.local/lib/python3.8/site-packages/airflow/example_dags/example_sensor_decorator.py
[2024-10-14T21:21:25.670+0000] {processor.py:830} INFO - Processing file /home/airflow/.local/lib/python3.8/site-packages/airflow/example_dags/example_sensor_decorator.py for tasks to queue
[2024-10-14T21:21:25.671+0000] {logging_mixin.py:188} INFO - [2024-10-14T21:21:25.670+0000] {dagbag.py:538} INFO - Filling up the DagBag from /home/airflow/.local/lib/python3.8/site-packages/airflow/example_dags/example_sensor_decorator.py
[2024-10-14T21:21:25.675+0000] {processor.py:840} INFO - DAG(s) 'example_sensor_decorator' retrieved from /home/airflow/.local/lib/python3.8/site-packages/airflow/example_dags/example_sensor_decorator.py
[2024-10-14T21:21:25.688+0000] {logging_mixin.py:188} INFO - [2024-10-14T21:21:25.687+0000] {dag.py:3036} INFO - Sync 1 DAGs
[2024-10-14T21:21:25.696+0000] {logging_mixin.py:188} INFO - [2024-10-14T21:21:25.696+0000] {dag.py:3823} INFO - Setting next_dagrun for example_sensor_decorator to None, run_after=None
[2024-10-14T21:21:25.713+0000] {processor.py:183} INFO - Processing /home/airflow/.local/lib/python3.8/site-packages/airflow/example_dags/example_sensor_decorator.py took 0.047 seconds
[2024-10-14T21:21:56.785+0000] {processor.py:161} INFO - Started process (PID=423) to work on /home/airflow/.local/lib/python3.8/site-packages/airflow/example_dags/example_sensor_decorator.py
[2024-10-14T21:21:56.786+0000] {processor.py:830} INFO - Processing file /home/airflow/.local/lib/python3.8/site-packages/airflow/example_dags/example_sensor_decorator.py for tasks to queue
[2024-10-14T21:21:56.788+0000] {logging_mixin.py:188} INFO - [2024-10-14T21:21:56.787+0000] {dagbag.py:538} INFO - Filling up the DagBag from /home/airflow/.local/lib/python3.8/site-packages/airflow/example_dags/example_sensor_decorator.py
[2024-10-14T21:21:56.792+0000] {processor.py:840} INFO - DAG(s) 'example_sensor_decorator' retrieved from /home/airflow/.local/lib/python3.8/site-packages/airflow/example_dags/example_sensor_decorator.py
[2024-10-14T21:21:56.805+0000] {logging_mixin.py:188} INFO - [2024-10-14T21:21:56.805+0000] {dag.py:3036} INFO - Sync 1 DAGs
[2024-10-14T21:21:56.814+0000] {logging_mixin.py:188} INFO - [2024-10-14T21:21:56.814+0000] {dag.py:3823} INFO - Setting next_dagrun for example_sensor_decorator to None, run_after=None
[2024-10-14T21:21:56.830+0000] {processor.py:183} INFO - Processing /home/airflow/.local/lib/python3.8/site-packages/airflow/example_dags/example_sensor_decorator.py took 0.048 seconds
[2024-10-14T21:22:27.091+0000] {processor.py:161} INFO - Started process (PID=489) to work on /home/airflow/.local/lib/python3.8/site-packages/airflow/example_dags/example_sensor_decorator.py
[2024-10-14T21:22:27.092+0000] {processor.py:830} INFO - Processing file /home/airflow/.local/lib/python3.8/site-packages/airflow/example_dags/example_sensor_decorator.py for tasks to queue
[2024-10-14T21:22:27.094+0000] {logging_mixin.py:188} INFO - [2024-10-14T21:22:27.094+0000] {dagbag.py:538} INFO - Filling up the DagBag from /home/airflow/.local/lib/python3.8/site-packages/airflow/example_dags/example_sensor_decorator.py
[2024-10-14T21:22:27.103+0000] {processor.py:840} INFO - DAG(s) 'example_sensor_decorator' retrieved from /home/airflow/.local/lib/python3.8/site-packages/airflow/example_dags/example_sensor_decorator.py
[2024-10-14T21:22:27.137+0000] {logging_mixin.py:188} INFO - [2024-10-14T21:22:27.137+0000] {dag.py:3036} INFO - Sync 1 DAGs
[2024-10-14T21:22:27.154+0000] {logging_mixin.py:188} INFO - [2024-10-14T21:22:27.154+0000] {dag.py:3823} INFO - Setting next_dagrun for example_sensor_decorator to None, run_after=None
[2024-10-14T21:22:27.174+0000] {processor.py:183} INFO - Processing /home/airflow/.local/lib/python3.8/site-packages/airflow/example_dags/example_sensor_decorator.py took 0.090 seconds
[2024-10-14T21:22:57.899+0000] {processor.py:161} INFO - Started process (PID=570) to work on /home/airflow/.local/lib/python3.8/site-packages/airflow/example_dags/example_sensor_decorator.py
[2024-10-14T21:22:57.900+0000] {processor.py:830} INFO - Processing file /home/airflow/.local/lib/python3.8/site-packages/airflow/example_dags/example_sensor_decorator.py for tasks to queue
[2024-10-14T21:22:57.902+0000] {logging_mixin.py:188} INFO - [2024-10-14T21:22:57.902+0000] {dagbag.py:538} INFO - Filling up the DagBag from /home/airflow/.local/lib/python3.8/site-packages/airflow/example_dags/example_sensor_decorator.py
[2024-10-14T21:22:57.913+0000] {processor.py:840} INFO - DAG(s) 'example_sensor_decorator' retrieved from /home/airflow/.local/lib/python3.8/site-packages/airflow/example_dags/example_sensor_decorator.py
[2024-10-14T21:22:57.936+0000] {logging_mixin.py:188} INFO - [2024-10-14T21:22:57.936+0000] {dag.py:3036} INFO - Sync 1 DAGs
[2024-10-14T21:22:57.951+0000] {logging_mixin.py:188} INFO - [2024-10-14T21:22:57.951+0000] {dag.py:3823} INFO - Setting next_dagrun for example_sensor_decorator to None, run_after=None
[2024-10-14T21:22:57.972+0000] {processor.py:183} INFO - Processing /home/airflow/.local/lib/python3.8/site-packages/airflow/example_dags/example_sensor_decorator.py took 0.075 seconds
[2024-10-14T21:23:28.052+0000] {processor.py:161} INFO - Started process (PID=644) to work on /home/airflow/.local/lib/python3.8/site-packages/airflow/example_dags/example_sensor_decorator.py
[2024-10-14T21:23:28.054+0000] {processor.py:830} INFO - Processing file /home/airflow/.local/lib/python3.8/site-packages/airflow/example_dags/example_sensor_decorator.py for tasks to queue
[2024-10-14T21:23:28.056+0000] {logging_mixin.py:188} INFO - [2024-10-14T21:23:28.055+0000] {dagbag.py:538} INFO - Filling up the DagBag from /home/airflow/.local/lib/python3.8/site-packages/airflow/example_dags/example_sensor_decorator.py
[2024-10-14T21:23:28.066+0000] {processor.py:840} INFO - DAG(s) 'example_sensor_decorator' retrieved from /home/airflow/.local/lib/python3.8/site-packages/airflow/example_dags/example_sensor_decorator.py
[2024-10-14T21:23:28.093+0000] {logging_mixin.py:188} INFO - [2024-10-14T21:23:28.092+0000] {dag.py:3036} INFO - Sync 1 DAGs
[2024-10-14T21:23:28.104+0000] {logging_mixin.py:188} INFO - [2024-10-14T21:23:28.104+0000] {dag.py:3823} INFO - Setting next_dagrun for example_sensor_decorator to None, run_after=None
[2024-10-14T21:23:28.130+0000] {processor.py:183} INFO - Processing /home/airflow/.local/lib/python3.8/site-packages/airflow/example_dags/example_sensor_decorator.py took 0.081 seconds
[2024-10-14T21:23:58.202+0000] {processor.py:161} INFO - Started process (PID=718) to work on /home/airflow/.local/lib/python3.8/site-packages/airflow/example_dags/example_sensor_decorator.py
[2024-10-14T21:23:58.203+0000] {processor.py:830} INFO - Processing file /home/airflow/.local/lib/python3.8/site-packages/airflow/example_dags/example_sensor_decorator.py for tasks to queue
[2024-10-14T21:23:58.205+0000] {logging_mixin.py:188} INFO - [2024-10-14T21:23:58.204+0000] {dagbag.py:538} INFO - Filling up the DagBag from /home/airflow/.local/lib/python3.8/site-packages/airflow/example_dags/example_sensor_decorator.py
[2024-10-14T21:23:58.209+0000] {processor.py:840} INFO - DAG(s) 'example_sensor_decorator' retrieved from /home/airflow/.local/lib/python3.8/site-packages/airflow/example_dags/example_sensor_decorator.py
[2024-10-14T21:23:58.224+0000] {logging_mixin.py:188} INFO - [2024-10-14T21:23:58.223+0000] {dag.py:3036} INFO - Sync 1 DAGs
[2024-10-14T21:23:58.232+0000] {logging_mixin.py:188} INFO - [2024-10-14T21:23:58.232+0000] {dag.py:3823} INFO - Setting next_dagrun for example_sensor_decorator to None, run_after=None
[2024-10-14T21:23:58.246+0000] {processor.py:183} INFO - Processing /home/airflow/.local/lib/python3.8/site-packages/airflow/example_dags/example_sensor_decorator.py took 0.047 seconds
[2024-10-14T21:24:29.130+0000] {processor.py:161} INFO - Started process (PID=800) to work on /home/airflow/.local/lib/python3.8/site-packages/airflow/example_dags/example_sensor_decorator.py
[2024-10-14T21:24:29.133+0000] {processor.py:830} INFO - Processing file /home/airflow/.local/lib/python3.8/site-packages/airflow/example_dags/example_sensor_decorator.py for tasks to queue
[2024-10-14T21:24:29.134+0000] {logging_mixin.py:188} INFO - [2024-10-14T21:24:29.134+0000] {dagbag.py:538} INFO - Filling up the DagBag from /home/airflow/.local/lib/python3.8/site-packages/airflow/example_dags/example_sensor_decorator.py
[2024-10-14T21:24:29.139+0000] {processor.py:840} INFO - DAG(s) 'example_sensor_decorator' retrieved from /home/airflow/.local/lib/python3.8/site-packages/airflow/example_dags/example_sensor_decorator.py
[2024-10-14T21:24:29.162+0000] {logging_mixin.py:188} INFO - [2024-10-14T21:24:29.162+0000] {dag.py:3036} INFO - Sync 1 DAGs
[2024-10-14T21:24:29.171+0000] {logging_mixin.py:188} INFO - [2024-10-14T21:24:29.171+0000] {dag.py:3823} INFO - Setting next_dagrun for example_sensor_decorator to None, run_after=None
[2024-10-14T21:24:29.195+0000] {processor.py:183} INFO - Processing /home/airflow/.local/lib/python3.8/site-packages/airflow/example_dags/example_sensor_decorator.py took 0.072 seconds
[2024-10-14T21:24:59.386+0000] {processor.py:161} INFO - Started process (PID=873) to work on /home/airflow/.local/lib/python3.8/site-packages/airflow/example_dags/example_sensor_decorator.py
[2024-10-14T21:24:59.390+0000] {processor.py:830} INFO - Processing file /home/airflow/.local/lib/python3.8/site-packages/airflow/example_dags/example_sensor_decorator.py for tasks to queue
[2024-10-14T21:24:59.394+0000] {logging_mixin.py:188} INFO - [2024-10-14T21:24:59.393+0000] {dagbag.py:538} INFO - Filling up the DagBag from /home/airflow/.local/lib/python3.8/site-packages/airflow/example_dags/example_sensor_decorator.py
[2024-10-14T21:24:59.399+0000] {processor.py:840} INFO - DAG(s) 'example_sensor_decorator' retrieved from /home/airflow/.local/lib/python3.8/site-packages/airflow/example_dags/example_sensor_decorator.py
[2024-10-14T21:24:59.420+0000] {logging_mixin.py:188} INFO - [2024-10-14T21:24:59.420+0000] {dag.py:3036} INFO - Sync 1 DAGs
[2024-10-14T21:24:59.432+0000] {logging_mixin.py:188} INFO - [2024-10-14T21:24:59.432+0000] {dag.py:3823} INFO - Setting next_dagrun for example_sensor_decorator to None, run_after=None
[2024-10-14T21:24:59.449+0000] {processor.py:183} INFO - Processing /home/airflow/.local/lib/python3.8/site-packages/airflow/example_dags/example_sensor_decorator.py took 0.067 seconds
[2024-10-14T21:25:30.005+0000] {processor.py:161} INFO - Started process (PID=955) to work on /home/airflow/.local/lib/python3.8/site-packages/airflow/example_dags/example_sensor_decorator.py
[2024-10-14T21:25:30.007+0000] {processor.py:830} INFO - Processing file /home/airflow/.local/lib/python3.8/site-packages/airflow/example_dags/example_sensor_decorator.py for tasks to queue
[2024-10-14T21:25:30.013+0000] {logging_mixin.py:188} INFO - [2024-10-14T21:25:30.011+0000] {dagbag.py:538} INFO - Filling up the DagBag from /home/airflow/.local/lib/python3.8/site-packages/airflow/example_dags/example_sensor_decorator.py
[2024-10-14T21:25:30.018+0000] {processor.py:840} INFO - DAG(s) 'example_sensor_decorator' retrieved from /home/airflow/.local/lib/python3.8/site-packages/airflow/example_dags/example_sensor_decorator.py
[2024-10-14T21:25:30.038+0000] {logging_mixin.py:188} INFO - [2024-10-14T21:25:30.038+0000] {dag.py:3036} INFO - Sync 1 DAGs
[2024-10-14T21:25:30.052+0000] {logging_mixin.py:188} INFO - [2024-10-14T21:25:30.052+0000] {dag.py:3823} INFO - Setting next_dagrun for example_sensor_decorator to None, run_after=None
[2024-10-14T21:25:30.072+0000] {processor.py:183} INFO - Processing /home/airflow/.local/lib/python3.8/site-packages/airflow/example_dags/example_sensor_decorator.py took 0.069 seconds
[2024-10-14T21:26:00.300+0000] {processor.py:161} INFO - Started process (PID=1029) to work on /home/airflow/.local/lib/python3.8/site-packages/airflow/example_dags/example_sensor_decorator.py
[2024-10-14T21:26:00.301+0000] {processor.py:830} INFO - Processing file /home/airflow/.local/lib/python3.8/site-packages/airflow/example_dags/example_sensor_decorator.py for tasks to queue
[2024-10-14T21:26:00.303+0000] {logging_mixin.py:188} INFO - [2024-10-14T21:26:00.303+0000] {dagbag.py:538} INFO - Filling up the DagBag from /home/airflow/.local/lib/python3.8/site-packages/airflow/example_dags/example_sensor_decorator.py
[2024-10-14T21:26:00.312+0000] {processor.py:840} INFO - DAG(s) 'example_sensor_decorator' retrieved from /home/airflow/.local/lib/python3.8/site-packages/airflow/example_dags/example_sensor_decorator.py
[2024-10-14T21:26:00.335+0000] {logging_mixin.py:188} INFO - [2024-10-14T21:26:00.335+0000] {dag.py:3036} INFO - Sync 1 DAGs
[2024-10-14T21:26:00.348+0000] {logging_mixin.py:188} INFO - [2024-10-14T21:26:00.347+0000] {dag.py:3823} INFO - Setting next_dagrun for example_sensor_decorator to None, run_after=None
[2024-10-14T21:26:00.371+0000] {processor.py:183} INFO - Processing /home/airflow/.local/lib/python3.8/site-packages/airflow/example_dags/example_sensor_decorator.py took 0.074 seconds
[2024-10-14T21:26:30.635+0000] {processor.py:161} INFO - Started process (PID=1111) to work on /home/airflow/.local/lib/python3.8/site-packages/airflow/example_dags/example_sensor_decorator.py
[2024-10-14T21:26:30.636+0000] {processor.py:830} INFO - Processing file /home/airflow/.local/lib/python3.8/site-packages/airflow/example_dags/example_sensor_decorator.py for tasks to queue
[2024-10-14T21:26:30.638+0000] {logging_mixin.py:188} INFO - [2024-10-14T21:26:30.637+0000] {dagbag.py:538} INFO - Filling up the DagBag from /home/airflow/.local/lib/python3.8/site-packages/airflow/example_dags/example_sensor_decorator.py
[2024-10-14T21:26:30.644+0000] {processor.py:840} INFO - DAG(s) 'example_sensor_decorator' retrieved from /home/airflow/.local/lib/python3.8/site-packages/airflow/example_dags/example_sensor_decorator.py
[2024-10-14T21:26:30.668+0000] {logging_mixin.py:188} INFO - [2024-10-14T21:26:30.667+0000] {dag.py:3036} INFO - Sync 1 DAGs
[2024-10-14T21:26:30.681+0000] {logging_mixin.py:188} INFO - [2024-10-14T21:26:30.681+0000] {dag.py:3823} INFO - Setting next_dagrun for example_sensor_decorator to None, run_after=None
[2024-10-14T21:26:30.701+0000] {processor.py:183} INFO - Processing /home/airflow/.local/lib/python3.8/site-packages/airflow/example_dags/example_sensor_decorator.py took 0.070 seconds
[2024-10-14T21:27:00.915+0000] {processor.py:161} INFO - Started process (PID=1185) to work on /home/airflow/.local/lib/python3.8/site-packages/airflow/example_dags/example_sensor_decorator.py
[2024-10-14T21:27:00.915+0000] {processor.py:830} INFO - Processing file /home/airflow/.local/lib/python3.8/site-packages/airflow/example_dags/example_sensor_decorator.py for tasks to queue
[2024-10-14T21:27:00.917+0000] {logging_mixin.py:188} INFO - [2024-10-14T21:27:00.916+0000] {dagbag.py:538} INFO - Filling up the DagBag from /home/airflow/.local/lib/python3.8/site-packages/airflow/example_dags/example_sensor_decorator.py
[2024-10-14T21:27:00.922+0000] {processor.py:840} INFO - DAG(s) 'example_sensor_decorator' retrieved from /home/airflow/.local/lib/python3.8/site-packages/airflow/example_dags/example_sensor_decorator.py
[2024-10-14T21:27:00.940+0000] {logging_mixin.py:188} INFO - [2024-10-14T21:27:00.939+0000] {dag.py:3036} INFO - Sync 1 DAGs
[2024-10-14T21:27:00.952+0000] {logging_mixin.py:188} INFO - [2024-10-14T21:27:00.951+0000] {dag.py:3823} INFO - Setting next_dagrun for example_sensor_decorator to None, run_after=None
[2024-10-14T21:27:00.966+0000] {processor.py:183} INFO - Processing /home/airflow/.local/lib/python3.8/site-packages/airflow/example_dags/example_sensor_decorator.py took 0.053 seconds
[2024-10-14T21:27:31.726+0000] {processor.py:161} INFO - Started process (PID=1267) to work on /home/airflow/.local/lib/python3.8/site-packages/airflow/example_dags/example_sensor_decorator.py
[2024-10-14T21:27:31.727+0000] {processor.py:830} INFO - Processing file /home/airflow/.local/lib/python3.8/site-packages/airflow/example_dags/example_sensor_decorator.py for tasks to queue
[2024-10-14T21:27:31.729+0000] {logging_mixin.py:188} INFO - [2024-10-14T21:27:31.728+0000] {dagbag.py:538} INFO - Filling up the DagBag from /home/airflow/.local/lib/python3.8/site-packages/airflow/example_dags/example_sensor_decorator.py
[2024-10-14T21:27:31.734+0000] {processor.py:840} INFO - DAG(s) 'example_sensor_decorator' retrieved from /home/airflow/.local/lib/python3.8/site-packages/airflow/example_dags/example_sensor_decorator.py
[2024-10-14T21:27:31.750+0000] {logging_mixin.py:188} INFO - [2024-10-14T21:27:31.750+0000] {dag.py:3036} INFO - Sync 1 DAGs
[2024-10-14T21:27:31.762+0000] {logging_mixin.py:188} INFO - [2024-10-14T21:27:31.762+0000] {dag.py:3823} INFO - Setting next_dagrun for example_sensor_decorator to None, run_after=None
[2024-10-14T21:27:31.777+0000] {processor.py:183} INFO - Processing /home/airflow/.local/lib/python3.8/site-packages/airflow/example_dags/example_sensor_decorator.py took 0.053 seconds
[2024-10-14T21:28:01.851+0000] {processor.py:161} INFO - Started process (PID=1341) to work on /home/airflow/.local/lib/python3.8/site-packages/airflow/example_dags/example_sensor_decorator.py
[2024-10-14T21:28:01.854+0000] {processor.py:830} INFO - Processing file /home/airflow/.local/lib/python3.8/site-packages/airflow/example_dags/example_sensor_decorator.py for tasks to queue
[2024-10-14T21:28:01.856+0000] {logging_mixin.py:188} INFO - [2024-10-14T21:28:01.856+0000] {dagbag.py:538} INFO - Filling up the DagBag from /home/airflow/.local/lib/python3.8/site-packages/airflow/example_dags/example_sensor_decorator.py
[2024-10-14T21:28:01.860+0000] {processor.py:840} INFO - DAG(s) 'example_sensor_decorator' retrieved from /home/airflow/.local/lib/python3.8/site-packages/airflow/example_dags/example_sensor_decorator.py
[2024-10-14T21:28:01.875+0000] {logging_mixin.py:188} INFO - [2024-10-14T21:28:01.875+0000] {dag.py:3036} INFO - Sync 1 DAGs
[2024-10-14T21:28:01.885+0000] {logging_mixin.py:188} INFO - [2024-10-14T21:28:01.884+0000] {dag.py:3823} INFO - Setting next_dagrun for example_sensor_decorator to None, run_after=None
[2024-10-14T21:28:01.900+0000] {processor.py:183} INFO - Processing /home/airflow/.local/lib/python3.8/site-packages/airflow/example_dags/example_sensor_decorator.py took 0.051 seconds
[2024-10-14T21:28:32.004+0000] {processor.py:161} INFO - Started process (PID=1423) to work on /home/airflow/.local/lib/python3.8/site-packages/airflow/example_dags/example_sensor_decorator.py
[2024-10-14T21:28:32.005+0000] {processor.py:830} INFO - Processing file /home/airflow/.local/lib/python3.8/site-packages/airflow/example_dags/example_sensor_decorator.py for tasks to queue
[2024-10-14T21:28:32.007+0000] {logging_mixin.py:188} INFO - [2024-10-14T21:28:32.006+0000] {dagbag.py:538} INFO - Filling up the DagBag from /home/airflow/.local/lib/python3.8/site-packages/airflow/example_dags/example_sensor_decorator.py
[2024-10-14T21:28:32.012+0000] {processor.py:840} INFO - DAG(s) 'example_sensor_decorator' retrieved from /home/airflow/.local/lib/python3.8/site-packages/airflow/example_dags/example_sensor_decorator.py
[2024-10-14T21:28:32.029+0000] {logging_mixin.py:188} INFO - [2024-10-14T21:28:32.028+0000] {dag.py:3036} INFO - Sync 1 DAGs
[2024-10-14T21:28:32.038+0000] {logging_mixin.py:188} INFO - [2024-10-14T21:28:32.038+0000] {dag.py:3823} INFO - Setting next_dagrun for example_sensor_decorator to None, run_after=None
[2024-10-14T21:28:32.054+0000] {processor.py:183} INFO - Processing /home/airflow/.local/lib/python3.8/site-packages/airflow/example_dags/example_sensor_decorator.py took 0.052 seconds
[2024-10-14T21:29:02.642+0000] {processor.py:161} INFO - Started process (PID=1497) to work on /home/airflow/.local/lib/python3.8/site-packages/airflow/example_dags/example_sensor_decorator.py
[2024-10-14T21:29:02.643+0000] {processor.py:830} INFO - Processing file /home/airflow/.local/lib/python3.8/site-packages/airflow/example_dags/example_sensor_decorator.py for tasks to queue
[2024-10-14T21:29:02.644+0000] {logging_mixin.py:188} INFO - [2024-10-14T21:29:02.644+0000] {dagbag.py:538} INFO - Filling up the DagBag from /home/airflow/.local/lib/python3.8/site-packages/airflow/example_dags/example_sensor_decorator.py
[2024-10-14T21:29:02.649+0000] {processor.py:840} INFO - DAG(s) 'example_sensor_decorator' retrieved from /home/airflow/.local/lib/python3.8/site-packages/airflow/example_dags/example_sensor_decorator.py
[2024-10-14T21:29:02.664+0000] {logging_mixin.py:188} INFO - [2024-10-14T21:29:02.664+0000] {dag.py:3036} INFO - Sync 1 DAGs
[2024-10-14T21:29:02.673+0000] {logging_mixin.py:188} INFO - [2024-10-14T21:29:02.672+0000] {dag.py:3823} INFO - Setting next_dagrun for example_sensor_decorator to None, run_after=None
[2024-10-14T21:29:02.686+0000] {processor.py:183} INFO - Processing /home/airflow/.local/lib/python3.8/site-packages/airflow/example_dags/example_sensor_decorator.py took 0.046 seconds
[2024-10-14T21:29:33.053+0000] {processor.py:161} INFO - Started process (PID=1579) to work on /home/airflow/.local/lib/python3.8/site-packages/airflow/example_dags/example_sensor_decorator.py
[2024-10-14T21:29:33.055+0000] {processor.py:830} INFO - Processing file /home/airflow/.local/lib/python3.8/site-packages/airflow/example_dags/example_sensor_decorator.py for tasks to queue
[2024-10-14T21:29:33.056+0000] {logging_mixin.py:188} INFO - [2024-10-14T21:29:33.056+0000] {dagbag.py:538} INFO - Filling up the DagBag from /home/airflow/.local/lib/python3.8/site-packages/airflow/example_dags/example_sensor_decorator.py
[2024-10-14T21:29:33.063+0000] {processor.py:840} INFO - DAG(s) 'example_sensor_decorator' retrieved from /home/airflow/.local/lib/python3.8/site-packages/airflow/example_dags/example_sensor_decorator.py
[2024-10-14T21:29:33.079+0000] {logging_mixin.py:188} INFO - [2024-10-14T21:29:33.079+0000] {dag.py:3036} INFO - Sync 1 DAGs
[2024-10-14T21:29:33.088+0000] {logging_mixin.py:188} INFO - [2024-10-14T21:29:33.088+0000] {dag.py:3823} INFO - Setting next_dagrun for example_sensor_decorator to None, run_after=None
[2024-10-14T21:29:33.102+0000] {processor.py:183} INFO - Processing /home/airflow/.local/lib/python3.8/site-packages/airflow/example_dags/example_sensor_decorator.py took 0.053 seconds
[2024-10-14T21:30:03.370+0000] {processor.py:161} INFO - Started process (PID=1660) to work on /home/airflow/.local/lib/python3.8/site-packages/airflow/example_dags/example_sensor_decorator.py
[2024-10-14T21:30:03.373+0000] {processor.py:830} INFO - Processing file /home/airflow/.local/lib/python3.8/site-packages/airflow/example_dags/example_sensor_decorator.py for tasks to queue
[2024-10-14T21:30:03.375+0000] {logging_mixin.py:188} INFO - [2024-10-14T21:30:03.374+0000] {dagbag.py:538} INFO - Filling up the DagBag from /home/airflow/.local/lib/python3.8/site-packages/airflow/example_dags/example_sensor_decorator.py
[2024-10-14T21:30:03.379+0000] {processor.py:840} INFO - DAG(s) 'example_sensor_decorator' retrieved from /home/airflow/.local/lib/python3.8/site-packages/airflow/example_dags/example_sensor_decorator.py
[2024-10-14T21:30:03.393+0000] {logging_mixin.py:188} INFO - [2024-10-14T21:30:03.393+0000] {dag.py:3036} INFO - Sync 1 DAGs
[2024-10-14T21:30:03.401+0000] {logging_mixin.py:188} INFO - [2024-10-14T21:30:03.401+0000] {dag.py:3823} INFO - Setting next_dagrun for example_sensor_decorator to None, run_after=None
[2024-10-14T21:30:03.415+0000] {processor.py:183} INFO - Processing /home/airflow/.local/lib/python3.8/site-packages/airflow/example_dags/example_sensor_decorator.py took 0.048 seconds
[2024-10-14T21:30:33.698+0000] {processor.py:161} INFO - Started process (PID=1734) to work on /home/airflow/.local/lib/python3.8/site-packages/airflow/example_dags/example_sensor_decorator.py
[2024-10-14T21:30:33.699+0000] {processor.py:830} INFO - Processing file /home/airflow/.local/lib/python3.8/site-packages/airflow/example_dags/example_sensor_decorator.py for tasks to queue
[2024-10-14T21:30:33.701+0000] {logging_mixin.py:188} INFO - [2024-10-14T21:30:33.700+0000] {dagbag.py:538} INFO - Filling up the DagBag from /home/airflow/.local/lib/python3.8/site-packages/airflow/example_dags/example_sensor_decorator.py
[2024-10-14T21:30:33.706+0000] {processor.py:840} INFO - DAG(s) 'example_sensor_decorator' retrieved from /home/airflow/.local/lib/python3.8/site-packages/airflow/example_dags/example_sensor_decorator.py
[2024-10-14T21:30:33.720+0000] {logging_mixin.py:188} INFO - [2024-10-14T21:30:33.720+0000] {dag.py:3036} INFO - Sync 1 DAGs
[2024-10-14T21:30:33.728+0000] {logging_mixin.py:188} INFO - [2024-10-14T21:30:33.728+0000] {dag.py:3823} INFO - Setting next_dagrun for example_sensor_decorator to None, run_after=None
[2024-10-14T21:30:33.742+0000] {processor.py:183} INFO - Processing /home/airflow/.local/lib/python3.8/site-packages/airflow/example_dags/example_sensor_decorator.py took 0.047 seconds
[2024-10-14T21:31:04.097+0000] {processor.py:161} INFO - Started process (PID=1816) to work on /home/airflow/.local/lib/python3.8/site-packages/airflow/example_dags/example_sensor_decorator.py
[2024-10-14T21:31:04.101+0000] {processor.py:830} INFO - Processing file /home/airflow/.local/lib/python3.8/site-packages/airflow/example_dags/example_sensor_decorator.py for tasks to queue
[2024-10-14T21:31:04.103+0000] {logging_mixin.py:188} INFO - [2024-10-14T21:31:04.102+0000] {dagbag.py:538} INFO - Filling up the DagBag from /home/airflow/.local/lib/python3.8/site-packages/airflow/example_dags/example_sensor_decorator.py
[2024-10-14T21:31:04.109+0000] {processor.py:840} INFO - DAG(s) 'example_sensor_decorator' retrieved from /home/airflow/.local/lib/python3.8/site-packages/airflow/example_dags/example_sensor_decorator.py
[2024-10-14T21:31:04.127+0000] {logging_mixin.py:188} INFO - [2024-10-14T21:31:04.127+0000] {dag.py:3036} INFO - Sync 1 DAGs
[2024-10-14T21:31:04.138+0000] {logging_mixin.py:188} INFO - [2024-10-14T21:31:04.138+0000] {dag.py:3823} INFO - Setting next_dagrun for example_sensor_decorator to None, run_after=None
[2024-10-14T21:31:04.155+0000] {processor.py:183} INFO - Processing /home/airflow/.local/lib/python3.8/site-packages/airflow/example_dags/example_sensor_decorator.py took 0.060 seconds
[2024-10-14T21:31:34.451+0000] {processor.py:161} INFO - Started process (PID=1889) to work on /home/airflow/.local/lib/python3.8/site-packages/airflow/example_dags/example_sensor_decorator.py
[2024-10-14T21:31:34.455+0000] {processor.py:830} INFO - Processing file /home/airflow/.local/lib/python3.8/site-packages/airflow/example_dags/example_sensor_decorator.py for tasks to queue
[2024-10-14T21:31:34.456+0000] {logging_mixin.py:188} INFO - [2024-10-14T21:31:34.456+0000] {dagbag.py:538} INFO - Filling up the DagBag from /home/airflow/.local/lib/python3.8/site-packages/airflow/example_dags/example_sensor_decorator.py
[2024-10-14T21:31:34.461+0000] {processor.py:840} INFO - DAG(s) 'example_sensor_decorator' retrieved from /home/airflow/.local/lib/python3.8/site-packages/airflow/example_dags/example_sensor_decorator.py
[2024-10-14T21:31:34.476+0000] {logging_mixin.py:188} INFO - [2024-10-14T21:31:34.475+0000] {dag.py:3036} INFO - Sync 1 DAGs
[2024-10-14T21:31:34.487+0000] {logging_mixin.py:188} INFO - [2024-10-14T21:31:34.486+0000] {dag.py:3823} INFO - Setting next_dagrun for example_sensor_decorator to None, run_after=None
[2024-10-14T21:31:34.504+0000] {processor.py:183} INFO - Processing /home/airflow/.local/lib/python3.8/site-packages/airflow/example_dags/example_sensor_decorator.py took 0.055 seconds
[2024-10-14T21:32:04.671+0000] {processor.py:161} INFO - Started process (PID=1971) to work on /home/airflow/.local/lib/python3.8/site-packages/airflow/example_dags/example_sensor_decorator.py
[2024-10-14T21:32:04.674+0000] {processor.py:830} INFO - Processing file /home/airflow/.local/lib/python3.8/site-packages/airflow/example_dags/example_sensor_decorator.py for tasks to queue
[2024-10-14T21:32:04.676+0000] {logging_mixin.py:188} INFO - [2024-10-14T21:32:04.676+0000] {dagbag.py:538} INFO - Filling up the DagBag from /home/airflow/.local/lib/python3.8/site-packages/airflow/example_dags/example_sensor_decorator.py
[2024-10-14T21:32:04.681+0000] {processor.py:840} INFO - DAG(s) 'example_sensor_decorator' retrieved from /home/airflow/.local/lib/python3.8/site-packages/airflow/example_dags/example_sensor_decorator.py
[2024-10-14T21:32:04.695+0000] {logging_mixin.py:188} INFO - [2024-10-14T21:32:04.695+0000] {dag.py:3036} INFO - Sync 1 DAGs
[2024-10-14T21:32:04.704+0000] {logging_mixin.py:188} INFO - [2024-10-14T21:32:04.704+0000] {dag.py:3823} INFO - Setting next_dagrun for example_sensor_decorator to None, run_after=None
[2024-10-14T21:32:04.719+0000] {processor.py:183} INFO - Processing /home/airflow/.local/lib/python3.8/site-packages/airflow/example_dags/example_sensor_decorator.py took 0.050 seconds
[2024-10-14T21:32:35.054+0000] {processor.py:161} INFO - Started process (PID=2052) to work on /home/airflow/.local/lib/python3.8/site-packages/airflow/example_dags/example_sensor_decorator.py
[2024-10-14T21:32:35.058+0000] {processor.py:830} INFO - Processing file /home/airflow/.local/lib/python3.8/site-packages/airflow/example_dags/example_sensor_decorator.py for tasks to queue
[2024-10-14T21:32:35.060+0000] {logging_mixin.py:188} INFO - [2024-10-14T21:32:35.059+0000] {dagbag.py:538} INFO - Filling up the DagBag from /home/airflow/.local/lib/python3.8/site-packages/airflow/example_dags/example_sensor_decorator.py
[2024-10-14T21:32:35.064+0000] {processor.py:840} INFO - DAG(s) 'example_sensor_decorator' retrieved from /home/airflow/.local/lib/python3.8/site-packages/airflow/example_dags/example_sensor_decorator.py
[2024-10-14T21:32:35.080+0000] {logging_mixin.py:188} INFO - [2024-10-14T21:32:35.080+0000] {dag.py:3036} INFO - Sync 1 DAGs
[2024-10-14T21:32:35.089+0000] {logging_mixin.py:188} INFO - [2024-10-14T21:32:35.089+0000] {dag.py:3823} INFO - Setting next_dagrun for example_sensor_decorator to None, run_after=None
[2024-10-14T21:32:35.104+0000] {processor.py:183} INFO - Processing /home/airflow/.local/lib/python3.8/site-packages/airflow/example_dags/example_sensor_decorator.py took 0.053 seconds
[2024-10-14T21:33:05.673+0000] {processor.py:161} INFO - Started process (PID=2126) to work on /home/airflow/.local/lib/python3.8/site-packages/airflow/example_dags/example_sensor_decorator.py
[2024-10-14T21:33:05.674+0000] {processor.py:830} INFO - Processing file /home/airflow/.local/lib/python3.8/site-packages/airflow/example_dags/example_sensor_decorator.py for tasks to queue
[2024-10-14T21:33:05.677+0000] {logging_mixin.py:188} INFO - [2024-10-14T21:33:05.676+0000] {dagbag.py:538} INFO - Filling up the DagBag from /home/airflow/.local/lib/python3.8/site-packages/airflow/example_dags/example_sensor_decorator.py
[2024-10-14T21:33:05.683+0000] {processor.py:840} INFO - DAG(s) 'example_sensor_decorator' retrieved from /home/airflow/.local/lib/python3.8/site-packages/airflow/example_dags/example_sensor_decorator.py
[2024-10-14T21:33:05.705+0000] {logging_mixin.py:188} INFO - [2024-10-14T21:33:05.705+0000] {dag.py:3036} INFO - Sync 1 DAGs
[2024-10-14T21:33:05.719+0000] {logging_mixin.py:188} INFO - [2024-10-14T21:33:05.719+0000] {dag.py:3823} INFO - Setting next_dagrun for example_sensor_decorator to None, run_after=None
[2024-10-14T21:33:05.738+0000] {processor.py:183} INFO - Processing /home/airflow/.local/lib/python3.8/site-packages/airflow/example_dags/example_sensor_decorator.py took 0.067 seconds
[2024-10-14T21:33:35.769+0000] {processor.py:161} INFO - Started process (PID=2207) to work on /home/airflow/.local/lib/python3.8/site-packages/airflow/example_dags/example_sensor_decorator.py
[2024-10-14T21:33:35.770+0000] {processor.py:830} INFO - Processing file /home/airflow/.local/lib/python3.8/site-packages/airflow/example_dags/example_sensor_decorator.py for tasks to queue
[2024-10-14T21:33:35.771+0000] {logging_mixin.py:188} INFO - [2024-10-14T21:33:35.771+0000] {dagbag.py:538} INFO - Filling up the DagBag from /home/airflow/.local/lib/python3.8/site-packages/airflow/example_dags/example_sensor_decorator.py
[2024-10-14T21:33:35.777+0000] {processor.py:840} INFO - DAG(s) 'example_sensor_decorator' retrieved from /home/airflow/.local/lib/python3.8/site-packages/airflow/example_dags/example_sensor_decorator.py
[2024-10-14T21:33:35.793+0000] {logging_mixin.py:188} INFO - [2024-10-14T21:33:35.792+0000] {dag.py:3036} INFO - Sync 1 DAGs
[2024-10-14T21:33:35.802+0000] {logging_mixin.py:188} INFO - [2024-10-14T21:33:35.802+0000] {dag.py:3823} INFO - Setting next_dagrun for example_sensor_decorator to None, run_after=None
[2024-10-14T21:33:35.816+0000] {processor.py:183} INFO - Processing /home/airflow/.local/lib/python3.8/site-packages/airflow/example_dags/example_sensor_decorator.py took 0.049 seconds
[2024-10-14T21:34:05.941+0000] {processor.py:161} INFO - Started process (PID=2281) to work on /home/airflow/.local/lib/python3.8/site-packages/airflow/example_dags/example_sensor_decorator.py
[2024-10-14T21:34:05.942+0000] {processor.py:830} INFO - Processing file /home/airflow/.local/lib/python3.8/site-packages/airflow/example_dags/example_sensor_decorator.py for tasks to queue
[2024-10-14T21:34:05.946+0000] {logging_mixin.py:188} INFO - [2024-10-14T21:34:05.946+0000] {dagbag.py:538} INFO - Filling up the DagBag from /home/airflow/.local/lib/python3.8/site-packages/airflow/example_dags/example_sensor_decorator.py
[2024-10-14T21:34:05.953+0000] {processor.py:840} INFO - DAG(s) 'example_sensor_decorator' retrieved from /home/airflow/.local/lib/python3.8/site-packages/airflow/example_dags/example_sensor_decorator.py
[2024-10-14T21:34:05.974+0000] {logging_mixin.py:188} INFO - [2024-10-14T21:34:05.974+0000] {dag.py:3036} INFO - Sync 1 DAGs
[2024-10-14T21:34:05.988+0000] {logging_mixin.py:188} INFO - [2024-10-14T21:34:05.987+0000] {dag.py:3823} INFO - Setting next_dagrun for example_sensor_decorator to None, run_after=None
[2024-10-14T21:34:06.006+0000] {processor.py:183} INFO - Processing /home/airflow/.local/lib/python3.8/site-packages/airflow/example_dags/example_sensor_decorator.py took 0.069 seconds
[2024-10-14T21:34:36.237+0000] {processor.py:161} INFO - Started process (PID=2363) to work on /home/airflow/.local/lib/python3.8/site-packages/airflow/example_dags/example_sensor_decorator.py
[2024-10-14T21:34:36.240+0000] {processor.py:830} INFO - Processing file /home/airflow/.local/lib/python3.8/site-packages/airflow/example_dags/example_sensor_decorator.py for tasks to queue
[2024-10-14T21:34:36.242+0000] {logging_mixin.py:188} INFO - [2024-10-14T21:34:36.242+0000] {dagbag.py:538} INFO - Filling up the DagBag from /home/airflow/.local/lib/python3.8/site-packages/airflow/example_dags/example_sensor_decorator.py
[2024-10-14T21:34:36.246+0000] {processor.py:840} INFO - DAG(s) 'example_sensor_decorator' retrieved from /home/airflow/.local/lib/python3.8/site-packages/airflow/example_dags/example_sensor_decorator.py
[2024-10-14T21:34:36.261+0000] {logging_mixin.py:188} INFO - [2024-10-14T21:34:36.261+0000] {dag.py:3036} INFO - Sync 1 DAGs
[2024-10-14T21:34:36.270+0000] {logging_mixin.py:188} INFO - [2024-10-14T21:34:36.270+0000] {dag.py:3823} INFO - Setting next_dagrun for example_sensor_decorator to None, run_after=None
[2024-10-14T21:34:36.285+0000] {processor.py:183} INFO - Processing /home/airflow/.local/lib/python3.8/site-packages/airflow/example_dags/example_sensor_decorator.py took 0.050 seconds
[2024-10-14T21:35:06.544+0000] {processor.py:161} INFO - Started process (PID=2436) to work on /home/airflow/.local/lib/python3.8/site-packages/airflow/example_dags/example_sensor_decorator.py
[2024-10-14T21:35:06.547+0000] {processor.py:830} INFO - Processing file /home/airflow/.local/lib/python3.8/site-packages/airflow/example_dags/example_sensor_decorator.py for tasks to queue
[2024-10-14T21:35:06.549+0000] {logging_mixin.py:188} INFO - [2024-10-14T21:35:06.549+0000] {dagbag.py:538} INFO - Filling up the DagBag from /home/airflow/.local/lib/python3.8/site-packages/airflow/example_dags/example_sensor_decorator.py
[2024-10-14T21:35:06.553+0000] {processor.py:840} INFO - DAG(s) 'example_sensor_decorator' retrieved from /home/airflow/.local/lib/python3.8/site-packages/airflow/example_dags/example_sensor_decorator.py
[2024-10-14T21:35:06.571+0000] {logging_mixin.py:188} INFO - [2024-10-14T21:35:06.570+0000] {dag.py:3036} INFO - Sync 1 DAGs
[2024-10-14T21:35:06.582+0000] {logging_mixin.py:188} INFO - [2024-10-14T21:35:06.582+0000] {dag.py:3823} INFO - Setting next_dagrun for example_sensor_decorator to None, run_after=None
[2024-10-14T21:35:06.599+0000] {processor.py:183} INFO - Processing /home/airflow/.local/lib/python3.8/site-packages/airflow/example_dags/example_sensor_decorator.py took 0.058 seconds
[2024-10-14T21:35:37.047+0000] {processor.py:161} INFO - Started process (PID=2518) to work on /home/airflow/.local/lib/python3.8/site-packages/airflow/example_dags/example_sensor_decorator.py
[2024-10-14T21:35:37.050+0000] {processor.py:830} INFO - Processing file /home/airflow/.local/lib/python3.8/site-packages/airflow/example_dags/example_sensor_decorator.py for tasks to queue
[2024-10-14T21:35:37.052+0000] {logging_mixin.py:188} INFO - [2024-10-14T21:35:37.051+0000] {dagbag.py:538} INFO - Filling up the DagBag from /home/airflow/.local/lib/python3.8/site-packages/airflow/example_dags/example_sensor_decorator.py
[2024-10-14T21:35:37.056+0000] {processor.py:840} INFO - DAG(s) 'example_sensor_decorator' retrieved from /home/airflow/.local/lib/python3.8/site-packages/airflow/example_dags/example_sensor_decorator.py
[2024-10-14T21:35:37.071+0000] {logging_mixin.py:188} INFO - [2024-10-14T21:35:37.071+0000] {dag.py:3036} INFO - Sync 1 DAGs
[2024-10-14T21:35:37.079+0000] {logging_mixin.py:188} INFO - [2024-10-14T21:35:37.079+0000] {dag.py:3823} INFO - Setting next_dagrun for example_sensor_decorator to None, run_after=None
[2024-10-14T21:35:37.094+0000] {processor.py:183} INFO - Processing /home/airflow/.local/lib/python3.8/site-packages/airflow/example_dags/example_sensor_decorator.py took 0.050 seconds
[2024-10-14T21:36:07.170+0000] {processor.py:161} INFO - Started process (PID=2592) to work on /home/airflow/.local/lib/python3.8/site-packages/airflow/example_dags/example_sensor_decorator.py
[2024-10-14T21:36:07.171+0000] {processor.py:830} INFO - Processing file /home/airflow/.local/lib/python3.8/site-packages/airflow/example_dags/example_sensor_decorator.py for tasks to queue
[2024-10-14T21:36:07.173+0000] {logging_mixin.py:188} INFO - [2024-10-14T21:36:07.172+0000] {dagbag.py:538} INFO - Filling up the DagBag from /home/airflow/.local/lib/python3.8/site-packages/airflow/example_dags/example_sensor_decorator.py
[2024-10-14T21:36:07.178+0000] {processor.py:840} INFO - DAG(s) 'example_sensor_decorator' retrieved from /home/airflow/.local/lib/python3.8/site-packages/airflow/example_dags/example_sensor_decorator.py
[2024-10-14T21:36:07.193+0000] {logging_mixin.py:188} INFO - [2024-10-14T21:36:07.193+0000] {dag.py:3036} INFO - Sync 1 DAGs
[2024-10-14T21:36:07.202+0000] {logging_mixin.py:188} INFO - [2024-10-14T21:36:07.202+0000] {dag.py:3823} INFO - Setting next_dagrun for example_sensor_decorator to None, run_after=None
[2024-10-14T21:36:07.219+0000] {processor.py:183} INFO - Processing /home/airflow/.local/lib/python3.8/site-packages/airflow/example_dags/example_sensor_decorator.py took 0.051 seconds
[2024-10-14T21:36:37.407+0000] {processor.py:161} INFO - Started process (PID=2674) to work on /home/airflow/.local/lib/python3.8/site-packages/airflow/example_dags/example_sensor_decorator.py
[2024-10-14T21:36:37.408+0000] {processor.py:830} INFO - Processing file /home/airflow/.local/lib/python3.8/site-packages/airflow/example_dags/example_sensor_decorator.py for tasks to queue
[2024-10-14T21:36:37.410+0000] {logging_mixin.py:188} INFO - [2024-10-14T21:36:37.409+0000] {dagbag.py:538} INFO - Filling up the DagBag from /home/airflow/.local/lib/python3.8/site-packages/airflow/example_dags/example_sensor_decorator.py
[2024-10-14T21:36:37.415+0000] {processor.py:840} INFO - DAG(s) 'example_sensor_decorator' retrieved from /home/airflow/.local/lib/python3.8/site-packages/airflow/example_dags/example_sensor_decorator.py
[2024-10-14T21:36:37.430+0000] {logging_mixin.py:188} INFO - [2024-10-14T21:36:37.430+0000] {dag.py:3036} INFO - Sync 1 DAGs
[2024-10-14T21:36:37.439+0000] {logging_mixin.py:188} INFO - [2024-10-14T21:36:37.439+0000] {dag.py:3823} INFO - Setting next_dagrun for example_sensor_decorator to None, run_after=None
[2024-10-14T21:36:37.453+0000] {processor.py:183} INFO - Processing /home/airflow/.local/lib/python3.8/site-packages/airflow/example_dags/example_sensor_decorator.py took 0.048 seconds
[2024-10-14T21:37:07.905+0000] {processor.py:161} INFO - Started process (PID=2755) to work on /home/airflow/.local/lib/python3.8/site-packages/airflow/example_dags/example_sensor_decorator.py
[2024-10-14T21:37:07.906+0000] {processor.py:830} INFO - Processing file /home/airflow/.local/lib/python3.8/site-packages/airflow/example_dags/example_sensor_decorator.py for tasks to queue
[2024-10-14T21:37:07.908+0000] {logging_mixin.py:188} INFO - [2024-10-14T21:37:07.908+0000] {dagbag.py:538} INFO - Filling up the DagBag from /home/airflow/.local/lib/python3.8/site-packages/airflow/example_dags/example_sensor_decorator.py
[2024-10-14T21:37:07.913+0000] {processor.py:840} INFO - DAG(s) 'example_sensor_decorator' retrieved from /home/airflow/.local/lib/python3.8/site-packages/airflow/example_dags/example_sensor_decorator.py
[2024-10-14T21:37:07.928+0000] {logging_mixin.py:188} INFO - [2024-10-14T21:37:07.928+0000] {dag.py:3036} INFO - Sync 1 DAGs
[2024-10-14T21:37:07.938+0000] {logging_mixin.py:188} INFO - [2024-10-14T21:37:07.937+0000] {dag.py:3823} INFO - Setting next_dagrun for example_sensor_decorator to None, run_after=None
[2024-10-14T21:37:07.953+0000] {processor.py:183} INFO - Processing /home/airflow/.local/lib/python3.8/site-packages/airflow/example_dags/example_sensor_decorator.py took 0.050 seconds
[2024-10-14T21:37:38.359+0000] {processor.py:161} INFO - Started process (PID=2828) to work on /home/airflow/.local/lib/python3.8/site-packages/airflow/example_dags/example_sensor_decorator.py
[2024-10-14T21:37:38.360+0000] {processor.py:830} INFO - Processing file /home/airflow/.local/lib/python3.8/site-packages/airflow/example_dags/example_sensor_decorator.py for tasks to queue
[2024-10-14T21:37:38.361+0000] {logging_mixin.py:188} INFO - [2024-10-14T21:37:38.361+0000] {dagbag.py:538} INFO - Filling up the DagBag from /home/airflow/.local/lib/python3.8/site-packages/airflow/example_dags/example_sensor_decorator.py
[2024-10-14T21:37:38.366+0000] {processor.py:840} INFO - DAG(s) 'example_sensor_decorator' retrieved from /home/airflow/.local/lib/python3.8/site-packages/airflow/example_dags/example_sensor_decorator.py
[2024-10-14T21:37:38.382+0000] {logging_mixin.py:188} INFO - [2024-10-14T21:37:38.382+0000] {dag.py:3036} INFO - Sync 1 DAGs
[2024-10-14T21:37:38.390+0000] {logging_mixin.py:188} INFO - [2024-10-14T21:37:38.390+0000] {dag.py:3823} INFO - Setting next_dagrun for example_sensor_decorator to None, run_after=None
[2024-10-14T21:37:38.404+0000] {processor.py:183} INFO - Processing /home/airflow/.local/lib/python3.8/site-packages/airflow/example_dags/example_sensor_decorator.py took 0.047 seconds
[2024-10-14T21:38:08.980+0000] {processor.py:161} INFO - Started process (PID=2910) to work on /home/airflow/.local/lib/python3.8/site-packages/airflow/example_dags/example_sensor_decorator.py
[2024-10-14T21:38:08.984+0000] {processor.py:830} INFO - Processing file /home/airflow/.local/lib/python3.8/site-packages/airflow/example_dags/example_sensor_decorator.py for tasks to queue
[2024-10-14T21:38:08.986+0000] {logging_mixin.py:188} INFO - [2024-10-14T21:38:08.985+0000] {dagbag.py:538} INFO - Filling up the DagBag from /home/airflow/.local/lib/python3.8/site-packages/airflow/example_dags/example_sensor_decorator.py
[2024-10-14T21:38:08.991+0000] {processor.py:840} INFO - DAG(s) 'example_sensor_decorator' retrieved from /home/airflow/.local/lib/python3.8/site-packages/airflow/example_dags/example_sensor_decorator.py
[2024-10-14T21:38:09.010+0000] {logging_mixin.py:188} INFO - [2024-10-14T21:38:09.010+0000] {dag.py:3036} INFO - Sync 1 DAGs
[2024-10-14T21:38:09.021+0000] {logging_mixin.py:188} INFO - [2024-10-14T21:38:09.021+0000] {dag.py:3823} INFO - Setting next_dagrun for example_sensor_decorator to None, run_after=None
[2024-10-14T21:38:09.042+0000] {processor.py:183} INFO - Processing /home/airflow/.local/lib/python3.8/site-packages/airflow/example_dags/example_sensor_decorator.py took 0.065 seconds
[2024-10-14T21:38:39.135+0000] {processor.py:161} INFO - Started process (PID=2984) to work on /home/airflow/.local/lib/python3.8/site-packages/airflow/example_dags/example_sensor_decorator.py
[2024-10-14T21:38:39.136+0000] {processor.py:830} INFO - Processing file /home/airflow/.local/lib/python3.8/site-packages/airflow/example_dags/example_sensor_decorator.py for tasks to queue
[2024-10-14T21:38:39.137+0000] {logging_mixin.py:188} INFO - [2024-10-14T21:38:39.137+0000] {dagbag.py:538} INFO - Filling up the DagBag from /home/airflow/.local/lib/python3.8/site-packages/airflow/example_dags/example_sensor_decorator.py
[2024-10-14T21:38:39.142+0000] {processor.py:840} INFO - DAG(s) 'example_sensor_decorator' retrieved from /home/airflow/.local/lib/python3.8/site-packages/airflow/example_dags/example_sensor_decorator.py
[2024-10-14T21:38:39.166+0000] {logging_mixin.py:188} INFO - [2024-10-14T21:38:39.165+0000] {dag.py:3036} INFO - Sync 1 DAGs
[2024-10-14T21:38:39.177+0000] {logging_mixin.py:188} INFO - [2024-10-14T21:38:39.176+0000] {dag.py:3823} INFO - Setting next_dagrun for example_sensor_decorator to None, run_after=None
[2024-10-14T21:38:39.227+0000] {processor.py:183} INFO - Processing /home/airflow/.local/lib/python3.8/site-packages/airflow/example_dags/example_sensor_decorator.py took 0.100 seconds
[2024-10-14T21:39:10.046+0000] {processor.py:161} INFO - Started process (PID=3058) to work on /home/airflow/.local/lib/python3.8/site-packages/airflow/example_dags/example_sensor_decorator.py
[2024-10-14T21:39:10.047+0000] {processor.py:830} INFO - Processing file /home/airflow/.local/lib/python3.8/site-packages/airflow/example_dags/example_sensor_decorator.py for tasks to queue
[2024-10-14T21:39:10.048+0000] {logging_mixin.py:188} INFO - [2024-10-14T21:39:10.048+0000] {dagbag.py:538} INFO - Filling up the DagBag from /home/airflow/.local/lib/python3.8/site-packages/airflow/example_dags/example_sensor_decorator.py
[2024-10-14T21:39:10.053+0000] {processor.py:840} INFO - DAG(s) 'example_sensor_decorator' retrieved from /home/airflow/.local/lib/python3.8/site-packages/airflow/example_dags/example_sensor_decorator.py
[2024-10-14T21:39:10.069+0000] {logging_mixin.py:188} INFO - [2024-10-14T21:39:10.069+0000] {dag.py:3036} INFO - Sync 1 DAGs
[2024-10-14T21:39:10.077+0000] {logging_mixin.py:188} INFO - [2024-10-14T21:39:10.077+0000] {dag.py:3823} INFO - Setting next_dagrun for example_sensor_decorator to None, run_after=None
[2024-10-14T21:39:10.092+0000] {processor.py:183} INFO - Processing /home/airflow/.local/lib/python3.8/site-packages/airflow/example_dags/example_sensor_decorator.py took 0.048 seconds
[2024-10-14T21:44:05.063+0000] {processor.py:161} INFO - Started process (PID=97) to work on /home/airflow/.local/lib/python3.8/site-packages/airflow/example_dags/example_sensor_decorator.py
[2024-10-14T21:44:05.064+0000] {processor.py:830} INFO - Processing file /home/airflow/.local/lib/python3.8/site-packages/airflow/example_dags/example_sensor_decorator.py for tasks to queue
[2024-10-14T21:44:05.065+0000] {logging_mixin.py:188} INFO - [2024-10-14T21:44:05.065+0000] {dagbag.py:538} INFO - Filling up the DagBag from /home/airflow/.local/lib/python3.8/site-packages/airflow/example_dags/example_sensor_decorator.py
[2024-10-14T21:44:05.072+0000] {processor.py:840} INFO - DAG(s) 'example_sensor_decorator' retrieved from /home/airflow/.local/lib/python3.8/site-packages/airflow/example_dags/example_sensor_decorator.py
[2024-10-14T21:44:05.155+0000] {logging_mixin.py:188} INFO - [2024-10-14T21:44:05.155+0000] {dag.py:3036} INFO - Sync 1 DAGs
[2024-10-14T21:44:05.164+0000] {logging_mixin.py:188} INFO - [2024-10-14T21:44:05.163+0000] {dag.py:3823} INFO - Setting next_dagrun for example_sensor_decorator to None, run_after=None
[2024-10-14T21:44:05.179+0000] {processor.py:183} INFO - Processing /home/airflow/.local/lib/python3.8/site-packages/airflow/example_dags/example_sensor_decorator.py took 0.118 seconds
[2024-10-14T21:44:35.483+0000] {processor.py:161} INFO - Started process (PID=163) to work on /home/airflow/.local/lib/python3.8/site-packages/airflow/example_dags/example_sensor_decorator.py
[2024-10-14T21:44:35.483+0000] {processor.py:830} INFO - Processing file /home/airflow/.local/lib/python3.8/site-packages/airflow/example_dags/example_sensor_decorator.py for tasks to queue
[2024-10-14T21:44:35.485+0000] {logging_mixin.py:188} INFO - [2024-10-14T21:44:35.484+0000] {dagbag.py:538} INFO - Filling up the DagBag from /home/airflow/.local/lib/python3.8/site-packages/airflow/example_dags/example_sensor_decorator.py
[2024-10-14T21:44:35.489+0000] {processor.py:840} INFO - DAG(s) 'example_sensor_decorator' retrieved from /home/airflow/.local/lib/python3.8/site-packages/airflow/example_dags/example_sensor_decorator.py
[2024-10-14T21:44:35.502+0000] {logging_mixin.py:188} INFO - [2024-10-14T21:44:35.502+0000] {dag.py:3036} INFO - Sync 1 DAGs
[2024-10-14T21:44:35.511+0000] {logging_mixin.py:188} INFO - [2024-10-14T21:44:35.510+0000] {dag.py:3823} INFO - Setting next_dagrun for example_sensor_decorator to None, run_after=None
[2024-10-14T21:44:35.526+0000] {processor.py:183} INFO - Processing /home/airflow/.local/lib/python3.8/site-packages/airflow/example_dags/example_sensor_decorator.py took 0.046 seconds
[2024-10-14T21:45:06.049+0000] {processor.py:161} INFO - Started process (PID=237) to work on /home/airflow/.local/lib/python3.8/site-packages/airflow/example_dags/example_sensor_decorator.py
[2024-10-14T21:45:06.049+0000] {processor.py:830} INFO - Processing file /home/airflow/.local/lib/python3.8/site-packages/airflow/example_dags/example_sensor_decorator.py for tasks to queue
[2024-10-14T21:45:06.051+0000] {logging_mixin.py:188} INFO - [2024-10-14T21:45:06.050+0000] {dagbag.py:538} INFO - Filling up the DagBag from /home/airflow/.local/lib/python3.8/site-packages/airflow/example_dags/example_sensor_decorator.py
[2024-10-14T21:45:06.055+0000] {processor.py:840} INFO - DAG(s) 'example_sensor_decorator' retrieved from /home/airflow/.local/lib/python3.8/site-packages/airflow/example_dags/example_sensor_decorator.py
[2024-10-14T21:45:06.068+0000] {logging_mixin.py:188} INFO - [2024-10-14T21:45:06.068+0000] {dag.py:3036} INFO - Sync 1 DAGs
[2024-10-14T21:45:06.076+0000] {logging_mixin.py:188} INFO - [2024-10-14T21:45:06.076+0000] {dag.py:3823} INFO - Setting next_dagrun for example_sensor_decorator to None, run_after=None
[2024-10-14T21:45:06.090+0000] {processor.py:183} INFO - Processing /home/airflow/.local/lib/python3.8/site-packages/airflow/example_dags/example_sensor_decorator.py took 0.043 seconds
[2024-10-14T21:45:36.318+0000] {processor.py:161} INFO - Started process (PID=304) to work on /home/airflow/.local/lib/python3.8/site-packages/airflow/example_dags/example_sensor_decorator.py
[2024-10-14T21:45:36.319+0000] {processor.py:830} INFO - Processing file /home/airflow/.local/lib/python3.8/site-packages/airflow/example_dags/example_sensor_decorator.py for tasks to queue
[2024-10-14T21:45:36.320+0000] {logging_mixin.py:188} INFO - [2024-10-14T21:45:36.320+0000] {dagbag.py:538} INFO - Filling up the DagBag from /home/airflow/.local/lib/python3.8/site-packages/airflow/example_dags/example_sensor_decorator.py
[2024-10-14T21:45:36.324+0000] {processor.py:840} INFO - DAG(s) 'example_sensor_decorator' retrieved from /home/airflow/.local/lib/python3.8/site-packages/airflow/example_dags/example_sensor_decorator.py
[2024-10-14T21:45:36.338+0000] {logging_mixin.py:188} INFO - [2024-10-14T21:45:36.338+0000] {dag.py:3036} INFO - Sync 1 DAGs
[2024-10-14T21:45:36.348+0000] {logging_mixin.py:188} INFO - [2024-10-14T21:45:36.348+0000] {dag.py:3823} INFO - Setting next_dagrun for example_sensor_decorator to None, run_after=None
[2024-10-14T21:45:36.364+0000] {processor.py:183} INFO - Processing /home/airflow/.local/lib/python3.8/site-packages/airflow/example_dags/example_sensor_decorator.py took 0.048 seconds
[2024-10-14T21:46:06.805+0000] {processor.py:161} INFO - Started process (PID=377) to work on /home/airflow/.local/lib/python3.8/site-packages/airflow/example_dags/example_sensor_decorator.py
[2024-10-14T21:46:06.805+0000] {processor.py:830} INFO - Processing file /home/airflow/.local/lib/python3.8/site-packages/airflow/example_dags/example_sensor_decorator.py for tasks to queue
[2024-10-14T21:46:06.806+0000] {logging_mixin.py:188} INFO - [2024-10-14T21:46:06.806+0000] {dagbag.py:538} INFO - Filling up the DagBag from /home/airflow/.local/lib/python3.8/site-packages/airflow/example_dags/example_sensor_decorator.py
[2024-10-14T21:46:06.811+0000] {processor.py:840} INFO - DAG(s) 'example_sensor_decorator' retrieved from /home/airflow/.local/lib/python3.8/site-packages/airflow/example_dags/example_sensor_decorator.py
[2024-10-14T21:46:06.827+0000] {logging_mixin.py:188} INFO - [2024-10-14T21:46:06.827+0000] {dag.py:3036} INFO - Sync 1 DAGs
[2024-10-14T21:46:06.835+0000] {logging_mixin.py:188} INFO - [2024-10-14T21:46:06.835+0000] {dag.py:3823} INFO - Setting next_dagrun for example_sensor_decorator to None, run_after=None
[2024-10-14T21:46:06.850+0000] {processor.py:183} INFO - Processing /home/airflow/.local/lib/python3.8/site-packages/airflow/example_dags/example_sensor_decorator.py took 0.047 seconds
[2024-10-14T21:46:37.029+0000] {processor.py:161} INFO - Started process (PID=451) to work on /home/airflow/.local/lib/python3.8/site-packages/airflow/example_dags/example_sensor_decorator.py
[2024-10-14T21:46:37.030+0000] {processor.py:830} INFO - Processing file /home/airflow/.local/lib/python3.8/site-packages/airflow/example_dags/example_sensor_decorator.py for tasks to queue
[2024-10-14T21:46:37.031+0000] {logging_mixin.py:188} INFO - [2024-10-14T21:46:37.031+0000] {dagbag.py:538} INFO - Filling up the DagBag from /home/airflow/.local/lib/python3.8/site-packages/airflow/example_dags/example_sensor_decorator.py
[2024-10-14T21:46:37.036+0000] {processor.py:840} INFO - DAG(s) 'example_sensor_decorator' retrieved from /home/airflow/.local/lib/python3.8/site-packages/airflow/example_dags/example_sensor_decorator.py
[2024-10-14T21:46:37.051+0000] {logging_mixin.py:188} INFO - [2024-10-14T21:46:37.050+0000] {dag.py:3036} INFO - Sync 1 DAGs
[2024-10-14T21:46:37.060+0000] {logging_mixin.py:188} INFO - [2024-10-14T21:46:37.059+0000] {dag.py:3823} INFO - Setting next_dagrun for example_sensor_decorator to None, run_after=None
[2024-10-14T21:46:37.078+0000] {processor.py:183} INFO - Processing /home/airflow/.local/lib/python3.8/site-packages/airflow/example_dags/example_sensor_decorator.py took 0.052 seconds
[2024-10-14T21:50:42.458+0000] {processor.py:161} INFO - Started process (PID=106) to work on /home/airflow/.local/lib/python3.8/site-packages/airflow/example_dags/example_sensor_decorator.py
[2024-10-14T21:50:42.459+0000] {processor.py:830} INFO - Processing file /home/airflow/.local/lib/python3.8/site-packages/airflow/example_dags/example_sensor_decorator.py for tasks to queue
[2024-10-14T21:50:42.461+0000] {logging_mixin.py:188} INFO - [2024-10-14T21:50:42.460+0000] {dagbag.py:538} INFO - Filling up the DagBag from /home/airflow/.local/lib/python3.8/site-packages/airflow/example_dags/example_sensor_decorator.py
[2024-10-14T21:50:42.472+0000] {processor.py:840} INFO - DAG(s) 'example_sensor_decorator' retrieved from /home/airflow/.local/lib/python3.8/site-packages/airflow/example_dags/example_sensor_decorator.py
[2024-10-14T21:50:42.492+0000] {logging_mixin.py:188} INFO - [2024-10-14T21:50:42.491+0000] {dag.py:3036} INFO - Sync 1 DAGs
[2024-10-14T21:50:42.513+0000] {logging_mixin.py:188} INFO - [2024-10-14T21:50:42.513+0000] {dag.py:3823} INFO - Setting next_dagrun for example_sensor_decorator to None, run_after=None
[2024-10-14T21:50:42.545+0000] {processor.py:183} INFO - Processing /home/airflow/.local/lib/python3.8/site-packages/airflow/example_dags/example_sensor_decorator.py took 0.093 seconds
[2024-10-14T21:51:12.896+0000] {processor.py:161} INFO - Started process (PID=171) to work on /home/airflow/.local/lib/python3.8/site-packages/airflow/example_dags/example_sensor_decorator.py
[2024-10-14T21:51:12.897+0000] {processor.py:830} INFO - Processing file /home/airflow/.local/lib/python3.8/site-packages/airflow/example_dags/example_sensor_decorator.py for tasks to queue
[2024-10-14T21:51:12.901+0000] {logging_mixin.py:188} INFO - [2024-10-14T21:51:12.901+0000] {dagbag.py:538} INFO - Filling up the DagBag from /home/airflow/.local/lib/python3.8/site-packages/airflow/example_dags/example_sensor_decorator.py
[2024-10-14T21:51:12.908+0000] {processor.py:840} INFO - DAG(s) 'example_sensor_decorator' retrieved from /home/airflow/.local/lib/python3.8/site-packages/airflow/example_dags/example_sensor_decorator.py
[2024-10-14T21:51:13.051+0000] {logging_mixin.py:188} INFO - [2024-10-14T21:51:13.050+0000] {dag.py:3036} INFO - Sync 1 DAGs
[2024-10-14T21:51:13.067+0000] {logging_mixin.py:188} INFO - [2024-10-14T21:51:13.067+0000] {dag.py:3823} INFO - Setting next_dagrun for example_sensor_decorator to None, run_after=None
[2024-10-14T21:51:13.097+0000] {processor.py:183} INFO - Processing /home/airflow/.local/lib/python3.8/site-packages/airflow/example_dags/example_sensor_decorator.py took 0.203 seconds
[2024-10-14T21:51:43.941+0000] {processor.py:161} INFO - Started process (PID=244) to work on /home/airflow/.local/lib/python3.8/site-packages/airflow/example_dags/example_sensor_decorator.py
[2024-10-14T21:51:43.941+0000] {processor.py:830} INFO - Processing file /home/airflow/.local/lib/python3.8/site-packages/airflow/example_dags/example_sensor_decorator.py for tasks to queue
[2024-10-14T21:51:43.943+0000] {logging_mixin.py:188} INFO - [2024-10-14T21:51:43.942+0000] {dagbag.py:538} INFO - Filling up the DagBag from /home/airflow/.local/lib/python3.8/site-packages/airflow/example_dags/example_sensor_decorator.py
[2024-10-14T21:51:43.947+0000] {processor.py:840} INFO - DAG(s) 'example_sensor_decorator' retrieved from /home/airflow/.local/lib/python3.8/site-packages/airflow/example_dags/example_sensor_decorator.py
[2024-10-14T21:51:43.961+0000] {logging_mixin.py:188} INFO - [2024-10-14T21:51:43.961+0000] {dag.py:3036} INFO - Sync 1 DAGs
[2024-10-14T21:51:43.970+0000] {logging_mixin.py:188} INFO - [2024-10-14T21:51:43.970+0000] {dag.py:3823} INFO - Setting next_dagrun for example_sensor_decorator to None, run_after=None
[2024-10-14T21:51:43.984+0000] {processor.py:183} INFO - Processing /home/airflow/.local/lib/python3.8/site-packages/airflow/example_dags/example_sensor_decorator.py took 0.046 seconds
[2024-10-14T21:52:14.331+0000] {processor.py:161} INFO - Started process (PID=326) to work on /home/airflow/.local/lib/python3.8/site-packages/airflow/example_dags/example_sensor_decorator.py
[2024-10-14T21:52:14.332+0000] {processor.py:830} INFO - Processing file /home/airflow/.local/lib/python3.8/site-packages/airflow/example_dags/example_sensor_decorator.py for tasks to queue
[2024-10-14T21:52:14.333+0000] {logging_mixin.py:188} INFO - [2024-10-14T21:52:14.333+0000] {dagbag.py:538} INFO - Filling up the DagBag from /home/airflow/.local/lib/python3.8/site-packages/airflow/example_dags/example_sensor_decorator.py
[2024-10-14T21:52:14.340+0000] {processor.py:840} INFO - DAG(s) 'example_sensor_decorator' retrieved from /home/airflow/.local/lib/python3.8/site-packages/airflow/example_dags/example_sensor_decorator.py
[2024-10-14T21:52:14.357+0000] {logging_mixin.py:188} INFO - [2024-10-14T21:52:14.357+0000] {dag.py:3036} INFO - Sync 1 DAGs
[2024-10-14T21:52:14.366+0000] {logging_mixin.py:188} INFO - [2024-10-14T21:52:14.365+0000] {dag.py:3823} INFO - Setting next_dagrun for example_sensor_decorator to None, run_after=None
[2024-10-14T21:52:14.380+0000] {processor.py:183} INFO - Processing /home/airflow/.local/lib/python3.8/site-packages/airflow/example_dags/example_sensor_decorator.py took 0.053 seconds
[2024-10-14T21:52:45.095+0000] {processor.py:161} INFO - Started process (PID=407) to work on /home/airflow/.local/lib/python3.8/site-packages/airflow/example_dags/example_sensor_decorator.py
[2024-10-14T21:52:45.096+0000] {processor.py:830} INFO - Processing file /home/airflow/.local/lib/python3.8/site-packages/airflow/example_dags/example_sensor_decorator.py for tasks to queue
[2024-10-14T21:52:45.097+0000] {logging_mixin.py:188} INFO - [2024-10-14T21:52:45.097+0000] {dagbag.py:538} INFO - Filling up the DagBag from /home/airflow/.local/lib/python3.8/site-packages/airflow/example_dags/example_sensor_decorator.py
[2024-10-14T21:52:45.107+0000] {processor.py:840} INFO - DAG(s) 'example_sensor_decorator' retrieved from /home/airflow/.local/lib/python3.8/site-packages/airflow/example_dags/example_sensor_decorator.py
[2024-10-14T21:52:45.130+0000] {logging_mixin.py:188} INFO - [2024-10-14T21:52:45.129+0000] {dag.py:3036} INFO - Sync 1 DAGs
[2024-10-14T21:52:45.147+0000] {logging_mixin.py:188} INFO - [2024-10-14T21:52:45.147+0000] {dag.py:3823} INFO - Setting next_dagrun for example_sensor_decorator to None, run_after=None
[2024-10-14T21:52:45.175+0000] {processor.py:183} INFO - Processing /home/airflow/.local/lib/python3.8/site-packages/airflow/example_dags/example_sensor_decorator.py took 0.083 seconds
[2024-10-14T21:53:15.443+0000] {processor.py:161} INFO - Started process (PID=480) to work on /home/airflow/.local/lib/python3.8/site-packages/airflow/example_dags/example_sensor_decorator.py
[2024-10-14T21:53:15.443+0000] {processor.py:830} INFO - Processing file /home/airflow/.local/lib/python3.8/site-packages/airflow/example_dags/example_sensor_decorator.py for tasks to queue
[2024-10-14T21:53:15.445+0000] {logging_mixin.py:188} INFO - [2024-10-14T21:53:15.445+0000] {dagbag.py:538} INFO - Filling up the DagBag from /home/airflow/.local/lib/python3.8/site-packages/airflow/example_dags/example_sensor_decorator.py
[2024-10-14T21:53:15.452+0000] {processor.py:840} INFO - DAG(s) 'example_sensor_decorator' retrieved from /home/airflow/.local/lib/python3.8/site-packages/airflow/example_dags/example_sensor_decorator.py
[2024-10-14T21:53:15.473+0000] {logging_mixin.py:188} INFO - [2024-10-14T21:53:15.473+0000] {dag.py:3036} INFO - Sync 1 DAGs
[2024-10-14T21:53:15.484+0000] {logging_mixin.py:188} INFO - [2024-10-14T21:53:15.484+0000] {dag.py:3823} INFO - Setting next_dagrun for example_sensor_decorator to None, run_after=None
[2024-10-14T21:53:15.505+0000] {processor.py:183} INFO - Processing /home/airflow/.local/lib/python3.8/site-packages/airflow/example_dags/example_sensor_decorator.py took 0.065 seconds
[2024-10-14T21:53:45.696+0000] {processor.py:161} INFO - Started process (PID=560) to work on /home/airflow/.local/lib/python3.8/site-packages/airflow/example_dags/example_sensor_decorator.py
[2024-10-14T21:53:45.697+0000] {processor.py:830} INFO - Processing file /home/airflow/.local/lib/python3.8/site-packages/airflow/example_dags/example_sensor_decorator.py for tasks to queue
[2024-10-14T21:53:45.700+0000] {logging_mixin.py:188} INFO - [2024-10-14T21:53:45.699+0000] {dagbag.py:538} INFO - Filling up the DagBag from /home/airflow/.local/lib/python3.8/site-packages/airflow/example_dags/example_sensor_decorator.py
[2024-10-14T21:53:45.708+0000] {processor.py:840} INFO - DAG(s) 'example_sensor_decorator' retrieved from /home/airflow/.local/lib/python3.8/site-packages/airflow/example_dags/example_sensor_decorator.py
[2024-10-14T21:53:45.738+0000] {logging_mixin.py:188} INFO - [2024-10-14T21:53:45.738+0000] {dag.py:3036} INFO - Sync 1 DAGs
[2024-10-14T21:53:45.753+0000] {logging_mixin.py:188} INFO - [2024-10-14T21:53:45.752+0000] {dag.py:3823} INFO - Setting next_dagrun for example_sensor_decorator to None, run_after=None
[2024-10-14T21:53:45.779+0000] {processor.py:183} INFO - Processing /home/airflow/.local/lib/python3.8/site-packages/airflow/example_dags/example_sensor_decorator.py took 0.086 seconds
[2024-10-14T21:54:16.304+0000] {processor.py:161} INFO - Started process (PID=644) to work on /home/airflow/.local/lib/python3.8/site-packages/airflow/example_dags/example_sensor_decorator.py
[2024-10-14T21:54:16.305+0000] {processor.py:830} INFO - Processing file /home/airflow/.local/lib/python3.8/site-packages/airflow/example_dags/example_sensor_decorator.py for tasks to queue
[2024-10-14T21:54:16.307+0000] {logging_mixin.py:188} INFO - [2024-10-14T21:54:16.306+0000] {dagbag.py:538} INFO - Filling up the DagBag from /home/airflow/.local/lib/python3.8/site-packages/airflow/example_dags/example_sensor_decorator.py
[2024-10-14T21:54:16.311+0000] {processor.py:840} INFO - DAG(s) 'example_sensor_decorator' retrieved from /home/airflow/.local/lib/python3.8/site-packages/airflow/example_dags/example_sensor_decorator.py
[2024-10-14T21:54:16.332+0000] {logging_mixin.py:188} INFO - [2024-10-14T21:54:16.331+0000] {dag.py:3036} INFO - Sync 1 DAGs
[2024-10-14T21:54:16.345+0000] {logging_mixin.py:188} INFO - [2024-10-14T21:54:16.345+0000] {dag.py:3823} INFO - Setting next_dagrun for example_sensor_decorator to None, run_after=None
[2024-10-14T21:54:16.367+0000] {processor.py:183} INFO - Processing /home/airflow/.local/lib/python3.8/site-packages/airflow/example_dags/example_sensor_decorator.py took 0.068 seconds
[2024-10-14T21:58:42.050+0000] {processor.py:161} INFO - Started process (PID=97) to work on /home/airflow/.local/lib/python3.8/site-packages/airflow/example_dags/example_sensor_decorator.py
[2024-10-14T21:58:42.051+0000] {processor.py:830} INFO - Processing file /home/airflow/.local/lib/python3.8/site-packages/airflow/example_dags/example_sensor_decorator.py for tasks to queue
[2024-10-14T21:58:42.053+0000] {logging_mixin.py:188} INFO - [2024-10-14T21:58:42.052+0000] {dagbag.py:538} INFO - Filling up the DagBag from /home/airflow/.local/lib/python3.8/site-packages/airflow/example_dags/example_sensor_decorator.py
[2024-10-14T21:58:42.059+0000] {processor.py:840} INFO - DAG(s) 'example_sensor_decorator' retrieved from /home/airflow/.local/lib/python3.8/site-packages/airflow/example_dags/example_sensor_decorator.py
[2024-10-14T21:58:42.069+0000] {logging_mixin.py:188} INFO - [2024-10-14T21:58:42.069+0000] {dag.py:3036} INFO - Sync 1 DAGs
[2024-10-14T21:58:42.088+0000] {logging_mixin.py:188} INFO - [2024-10-14T21:58:42.087+0000] {dag.py:3823} INFO - Setting next_dagrun for example_sensor_decorator to None, run_after=None
[2024-10-14T21:58:42.132+0000] {processor.py:183} INFO - Processing /home/airflow/.local/lib/python3.8/site-packages/airflow/example_dags/example_sensor_decorator.py took 0.084 seconds
[2024-10-14T21:59:12.263+0000] {processor.py:161} INFO - Started process (PID=170) to work on /home/airflow/.local/lib/python3.8/site-packages/airflow/example_dags/example_sensor_decorator.py
[2024-10-14T21:59:12.264+0000] {processor.py:830} INFO - Processing file /home/airflow/.local/lib/python3.8/site-packages/airflow/example_dags/example_sensor_decorator.py for tasks to queue
[2024-10-14T21:59:12.265+0000] {logging_mixin.py:188} INFO - [2024-10-14T21:59:12.265+0000] {dagbag.py:538} INFO - Filling up the DagBag from /home/airflow/.local/lib/python3.8/site-packages/airflow/example_dags/example_sensor_decorator.py
[2024-10-14T21:59:12.269+0000] {processor.py:840} INFO - DAG(s) 'example_sensor_decorator' retrieved from /home/airflow/.local/lib/python3.8/site-packages/airflow/example_dags/example_sensor_decorator.py
[2024-10-14T21:59:12.342+0000] {logging_mixin.py:188} INFO - [2024-10-14T21:59:12.341+0000] {dag.py:3036} INFO - Sync 1 DAGs
[2024-10-14T21:59:12.349+0000] {logging_mixin.py:188} INFO - [2024-10-14T21:59:12.349+0000] {dag.py:3823} INFO - Setting next_dagrun for example_sensor_decorator to None, run_after=None
[2024-10-14T21:59:12.364+0000] {processor.py:183} INFO - Processing /home/airflow/.local/lib/python3.8/site-packages/airflow/example_dags/example_sensor_decorator.py took 0.103 seconds
[2024-10-14T21:59:43.041+0000] {processor.py:161} INFO - Started process (PID=244) to work on /home/airflow/.local/lib/python3.8/site-packages/airflow/example_dags/example_sensor_decorator.py
[2024-10-14T21:59:43.042+0000] {processor.py:830} INFO - Processing file /home/airflow/.local/lib/python3.8/site-packages/airflow/example_dags/example_sensor_decorator.py for tasks to queue
[2024-10-14T21:59:43.043+0000] {logging_mixin.py:188} INFO - [2024-10-14T21:59:43.043+0000] {dagbag.py:538} INFO - Filling up the DagBag from /home/airflow/.local/lib/python3.8/site-packages/airflow/example_dags/example_sensor_decorator.py
[2024-10-14T21:59:43.050+0000] {processor.py:840} INFO - DAG(s) 'example_sensor_decorator' retrieved from /home/airflow/.local/lib/python3.8/site-packages/airflow/example_dags/example_sensor_decorator.py
[2024-10-14T21:59:43.071+0000] {logging_mixin.py:188} INFO - [2024-10-14T21:59:43.070+0000] {dag.py:3036} INFO - Sync 1 DAGs
[2024-10-14T21:59:43.080+0000] {logging_mixin.py:188} INFO - [2024-10-14T21:59:43.080+0000] {dag.py:3823} INFO - Setting next_dagrun for example_sensor_decorator to None, run_after=None
[2024-10-14T21:59:43.104+0000] {processor.py:183} INFO - Processing /home/airflow/.local/lib/python3.8/site-packages/airflow/example_dags/example_sensor_decorator.py took 0.066 seconds
[2024-10-14T22:00:13.578+0000] {processor.py:161} INFO - Started process (PID=326) to work on /home/airflow/.local/lib/python3.8/site-packages/airflow/example_dags/example_sensor_decorator.py
[2024-10-14T22:00:13.578+0000] {processor.py:830} INFO - Processing file /home/airflow/.local/lib/python3.8/site-packages/airflow/example_dags/example_sensor_decorator.py for tasks to queue
[2024-10-14T22:00:13.580+0000] {logging_mixin.py:188} INFO - [2024-10-14T22:00:13.579+0000] {dagbag.py:538} INFO - Filling up the DagBag from /home/airflow/.local/lib/python3.8/site-packages/airflow/example_dags/example_sensor_decorator.py
[2024-10-14T22:00:13.584+0000] {processor.py:840} INFO - DAG(s) 'example_sensor_decorator' retrieved from /home/airflow/.local/lib/python3.8/site-packages/airflow/example_dags/example_sensor_decorator.py
[2024-10-14T22:00:13.599+0000] {logging_mixin.py:188} INFO - [2024-10-14T22:00:13.599+0000] {dag.py:3036} INFO - Sync 1 DAGs
[2024-10-14T22:00:13.610+0000] {logging_mixin.py:188} INFO - [2024-10-14T22:00:13.610+0000] {dag.py:3823} INFO - Setting next_dagrun for example_sensor_decorator to None, run_after=None
[2024-10-14T22:00:13.629+0000] {processor.py:183} INFO - Processing /home/airflow/.local/lib/python3.8/site-packages/airflow/example_dags/example_sensor_decorator.py took 0.054 seconds
[2024-10-14T22:00:43.995+0000] {processor.py:161} INFO - Started process (PID=400) to work on /home/airflow/.local/lib/python3.8/site-packages/airflow/example_dags/example_sensor_decorator.py
[2024-10-14T22:00:43.996+0000] {processor.py:830} INFO - Processing file /home/airflow/.local/lib/python3.8/site-packages/airflow/example_dags/example_sensor_decorator.py for tasks to queue
[2024-10-14T22:00:43.997+0000] {logging_mixin.py:188} INFO - [2024-10-14T22:00:43.997+0000] {dagbag.py:538} INFO - Filling up the DagBag from /home/airflow/.local/lib/python3.8/site-packages/airflow/example_dags/example_sensor_decorator.py
[2024-10-14T22:00:44.010+0000] {processor.py:840} INFO - DAG(s) 'example_sensor_decorator' retrieved from /home/airflow/.local/lib/python3.8/site-packages/airflow/example_dags/example_sensor_decorator.py
[2024-10-14T22:00:44.032+0000] {logging_mixin.py:188} INFO - [2024-10-14T22:00:44.032+0000] {dag.py:3036} INFO - Sync 1 DAGs
[2024-10-14T22:00:44.047+0000] {logging_mixin.py:188} INFO - [2024-10-14T22:00:44.047+0000] {dag.py:3823} INFO - Setting next_dagrun for example_sensor_decorator to None, run_after=None
[2024-10-14T22:00:44.074+0000] {processor.py:183} INFO - Processing /home/airflow/.local/lib/python3.8/site-packages/airflow/example_dags/example_sensor_decorator.py took 0.082 seconds
[2024-10-14T22:01:14.204+0000] {processor.py:161} INFO - Started process (PID=474) to work on /home/airflow/.local/lib/python3.8/site-packages/airflow/example_dags/example_sensor_decorator.py
[2024-10-14T22:01:14.207+0000] {processor.py:830} INFO - Processing file /home/airflow/.local/lib/python3.8/site-packages/airflow/example_dags/example_sensor_decorator.py for tasks to queue
[2024-10-14T22:01:14.209+0000] {logging_mixin.py:188} INFO - [2024-10-14T22:01:14.209+0000] {dagbag.py:538} INFO - Filling up the DagBag from /home/airflow/.local/lib/python3.8/site-packages/airflow/example_dags/example_sensor_decorator.py
[2024-10-14T22:01:14.214+0000] {processor.py:840} INFO - DAG(s) 'example_sensor_decorator' retrieved from /home/airflow/.local/lib/python3.8/site-packages/airflow/example_dags/example_sensor_decorator.py
[2024-10-14T22:01:14.242+0000] {logging_mixin.py:188} INFO - [2024-10-14T22:01:14.242+0000] {dag.py:3036} INFO - Sync 1 DAGs
[2024-10-14T22:01:14.256+0000] {logging_mixin.py:188} INFO - [2024-10-14T22:01:14.255+0000] {dag.py:3823} INFO - Setting next_dagrun for example_sensor_decorator to None, run_after=None
[2024-10-14T22:01:14.279+0000] {processor.py:183} INFO - Processing /home/airflow/.local/lib/python3.8/site-packages/airflow/example_dags/example_sensor_decorator.py took 0.080 seconds
[2024-10-14T22:01:44.683+0000] {processor.py:161} INFO - Started process (PID=556) to work on /home/airflow/.local/lib/python3.8/site-packages/airflow/example_dags/example_sensor_decorator.py
[2024-10-14T22:01:44.684+0000] {processor.py:830} INFO - Processing file /home/airflow/.local/lib/python3.8/site-packages/airflow/example_dags/example_sensor_decorator.py for tasks to queue
[2024-10-14T22:01:44.688+0000] {logging_mixin.py:188} INFO - [2024-10-14T22:01:44.687+0000] {dagbag.py:538} INFO - Filling up the DagBag from /home/airflow/.local/lib/python3.8/site-packages/airflow/example_dags/example_sensor_decorator.py
[2024-10-14T22:01:44.695+0000] {processor.py:840} INFO - DAG(s) 'example_sensor_decorator' retrieved from /home/airflow/.local/lib/python3.8/site-packages/airflow/example_dags/example_sensor_decorator.py
[2024-10-14T22:01:44.715+0000] {logging_mixin.py:188} INFO - [2024-10-14T22:01:44.715+0000] {dag.py:3036} INFO - Sync 1 DAGs
[2024-10-14T22:01:44.727+0000] {logging_mixin.py:188} INFO - [2024-10-14T22:01:44.727+0000] {dag.py:3823} INFO - Setting next_dagrun for example_sensor_decorator to None, run_after=None
[2024-10-14T22:01:44.746+0000] {processor.py:183} INFO - Processing /home/airflow/.local/lib/python3.8/site-packages/airflow/example_dags/example_sensor_decorator.py took 0.066 seconds
[2024-10-14T22:02:15.087+0000] {processor.py:161} INFO - Started process (PID=630) to work on /home/airflow/.local/lib/python3.8/site-packages/airflow/example_dags/example_sensor_decorator.py
[2024-10-14T22:02:15.090+0000] {processor.py:830} INFO - Processing file /home/airflow/.local/lib/python3.8/site-packages/airflow/example_dags/example_sensor_decorator.py for tasks to queue
[2024-10-14T22:02:15.091+0000] {logging_mixin.py:188} INFO - [2024-10-14T22:02:15.091+0000] {dagbag.py:538} INFO - Filling up the DagBag from /home/airflow/.local/lib/python3.8/site-packages/airflow/example_dags/example_sensor_decorator.py
[2024-10-14T22:02:15.096+0000] {processor.py:840} INFO - DAG(s) 'example_sensor_decorator' retrieved from /home/airflow/.local/lib/python3.8/site-packages/airflow/example_dags/example_sensor_decorator.py
[2024-10-14T22:02:15.114+0000] {logging_mixin.py:188} INFO - [2024-10-14T22:02:15.113+0000] {dag.py:3036} INFO - Sync 1 DAGs
[2024-10-14T22:02:15.125+0000] {logging_mixin.py:188} INFO - [2024-10-14T22:02:15.125+0000] {dag.py:3823} INFO - Setting next_dagrun for example_sensor_decorator to None, run_after=None
[2024-10-14T22:02:15.145+0000] {processor.py:183} INFO - Processing /home/airflow/.local/lib/python3.8/site-packages/airflow/example_dags/example_sensor_decorator.py took 0.062 seconds
[2024-10-14T22:02:45.816+0000] {processor.py:161} INFO - Started process (PID=712) to work on /home/airflow/.local/lib/python3.8/site-packages/airflow/example_dags/example_sensor_decorator.py
[2024-10-14T22:02:45.817+0000] {processor.py:830} INFO - Processing file /home/airflow/.local/lib/python3.8/site-packages/airflow/example_dags/example_sensor_decorator.py for tasks to queue
[2024-10-14T22:02:45.818+0000] {logging_mixin.py:188} INFO - [2024-10-14T22:02:45.818+0000] {dagbag.py:538} INFO - Filling up the DagBag from /home/airflow/.local/lib/python3.8/site-packages/airflow/example_dags/example_sensor_decorator.py
[2024-10-14T22:02:45.826+0000] {processor.py:840} INFO - DAG(s) 'example_sensor_decorator' retrieved from /home/airflow/.local/lib/python3.8/site-packages/airflow/example_dags/example_sensor_decorator.py
[2024-10-14T22:02:45.843+0000] {logging_mixin.py:188} INFO - [2024-10-14T22:02:45.843+0000] {dag.py:3036} INFO - Sync 1 DAGs
[2024-10-14T22:02:45.852+0000] {logging_mixin.py:188} INFO - [2024-10-14T22:02:45.852+0000] {dag.py:3823} INFO - Setting next_dagrun for example_sensor_decorator to None, run_after=None
[2024-10-14T22:02:45.874+0000] {processor.py:183} INFO - Processing /home/airflow/.local/lib/python3.8/site-packages/airflow/example_dags/example_sensor_decorator.py took 0.060 seconds
[2024-10-14T22:03:16.277+0000] {processor.py:161} INFO - Started process (PID=786) to work on /home/airflow/.local/lib/python3.8/site-packages/airflow/example_dags/example_sensor_decorator.py
[2024-10-14T22:03:16.278+0000] {processor.py:830} INFO - Processing file /home/airflow/.local/lib/python3.8/site-packages/airflow/example_dags/example_sensor_decorator.py for tasks to queue
[2024-10-14T22:03:16.279+0000] {logging_mixin.py:188} INFO - [2024-10-14T22:03:16.279+0000] {dagbag.py:538} INFO - Filling up the DagBag from /home/airflow/.local/lib/python3.8/site-packages/airflow/example_dags/example_sensor_decorator.py
[2024-10-14T22:03:16.283+0000] {processor.py:840} INFO - DAG(s) 'example_sensor_decorator' retrieved from /home/airflow/.local/lib/python3.8/site-packages/airflow/example_dags/example_sensor_decorator.py
[2024-10-14T22:03:16.305+0000] {logging_mixin.py:188} INFO - [2024-10-14T22:03:16.304+0000] {dag.py:3036} INFO - Sync 1 DAGs
[2024-10-14T22:03:16.316+0000] {logging_mixin.py:188} INFO - [2024-10-14T22:03:16.316+0000] {dag.py:3823} INFO - Setting next_dagrun for example_sensor_decorator to None, run_after=None
[2024-10-14T22:03:16.337+0000] {processor.py:183} INFO - Processing /home/airflow/.local/lib/python3.8/site-packages/airflow/example_dags/example_sensor_decorator.py took 0.065 seconds
[2024-10-14T22:03:47.233+0000] {processor.py:161} INFO - Started process (PID=867) to work on /home/airflow/.local/lib/python3.8/site-packages/airflow/example_dags/example_sensor_decorator.py
[2024-10-14T22:03:47.234+0000] {processor.py:830} INFO - Processing file /home/airflow/.local/lib/python3.8/site-packages/airflow/example_dags/example_sensor_decorator.py for tasks to queue
[2024-10-14T22:03:47.235+0000] {logging_mixin.py:188} INFO - [2024-10-14T22:03:47.235+0000] {dagbag.py:538} INFO - Filling up the DagBag from /home/airflow/.local/lib/python3.8/site-packages/airflow/example_dags/example_sensor_decorator.py
[2024-10-14T22:03:47.239+0000] {processor.py:840} INFO - DAG(s) 'example_sensor_decorator' retrieved from /home/airflow/.local/lib/python3.8/site-packages/airflow/example_dags/example_sensor_decorator.py
[2024-10-14T22:03:47.254+0000] {logging_mixin.py:188} INFO - [2024-10-14T22:03:47.253+0000] {dag.py:3036} INFO - Sync 1 DAGs
[2024-10-14T22:03:47.263+0000] {logging_mixin.py:188} INFO - [2024-10-14T22:03:47.263+0000] {dag.py:3823} INFO - Setting next_dagrun for example_sensor_decorator to None, run_after=None
[2024-10-14T22:03:47.279+0000] {processor.py:183} INFO - Processing /home/airflow/.local/lib/python3.8/site-packages/airflow/example_dags/example_sensor_decorator.py took 0.048 seconds
[2024-10-14T22:04:17.530+0000] {processor.py:161} INFO - Started process (PID=941) to work on /home/airflow/.local/lib/python3.8/site-packages/airflow/example_dags/example_sensor_decorator.py
[2024-10-14T22:04:17.532+0000] {processor.py:830} INFO - Processing file /home/airflow/.local/lib/python3.8/site-packages/airflow/example_dags/example_sensor_decorator.py for tasks to queue
[2024-10-14T22:04:17.533+0000] {logging_mixin.py:188} INFO - [2024-10-14T22:04:17.533+0000] {dagbag.py:538} INFO - Filling up the DagBag from /home/airflow/.local/lib/python3.8/site-packages/airflow/example_dags/example_sensor_decorator.py
[2024-10-14T22:04:17.538+0000] {processor.py:840} INFO - DAG(s) 'example_sensor_decorator' retrieved from /home/airflow/.local/lib/python3.8/site-packages/airflow/example_dags/example_sensor_decorator.py
[2024-10-14T22:04:17.552+0000] {logging_mixin.py:188} INFO - [2024-10-14T22:04:17.552+0000] {dag.py:3036} INFO - Sync 1 DAGs
[2024-10-14T22:04:17.562+0000] {logging_mixin.py:188} INFO - [2024-10-14T22:04:17.562+0000] {dag.py:3823} INFO - Setting next_dagrun for example_sensor_decorator to None, run_after=None
[2024-10-14T22:04:17.577+0000] {processor.py:183} INFO - Processing /home/airflow/.local/lib/python3.8/site-packages/airflow/example_dags/example_sensor_decorator.py took 0.049 seconds
[2024-10-14T22:04:48.229+0000] {processor.py:161} INFO - Started process (PID=1021) to work on /home/airflow/.local/lib/python3.8/site-packages/airflow/example_dags/example_sensor_decorator.py
[2024-10-14T22:04:48.230+0000] {processor.py:830} INFO - Processing file /home/airflow/.local/lib/python3.8/site-packages/airflow/example_dags/example_sensor_decorator.py for tasks to queue
[2024-10-14T22:04:48.232+0000] {logging_mixin.py:188} INFO - [2024-10-14T22:04:48.232+0000] {dagbag.py:538} INFO - Filling up the DagBag from /home/airflow/.local/lib/python3.8/site-packages/airflow/example_dags/example_sensor_decorator.py
[2024-10-14T22:04:48.240+0000] {processor.py:840} INFO - DAG(s) 'example_sensor_decorator' retrieved from /home/airflow/.local/lib/python3.8/site-packages/airflow/example_dags/example_sensor_decorator.py
[2024-10-14T22:04:48.270+0000] {logging_mixin.py:188} INFO - [2024-10-14T22:04:48.270+0000] {dag.py:3036} INFO - Sync 1 DAGs
[2024-10-14T22:04:48.284+0000] {logging_mixin.py:188} INFO - [2024-10-14T22:04:48.284+0000] {dag.py:3823} INFO - Setting next_dagrun for example_sensor_decorator to None, run_after=None
[2024-10-14T22:04:48.317+0000] {processor.py:183} INFO - Processing /home/airflow/.local/lib/python3.8/site-packages/airflow/example_dags/example_sensor_decorator.py took 0.092 seconds
[2024-10-14T22:05:19.226+0000] {processor.py:161} INFO - Started process (PID=1095) to work on /home/airflow/.local/lib/python3.8/site-packages/airflow/example_dags/example_sensor_decorator.py
[2024-10-14T22:05:19.227+0000] {processor.py:830} INFO - Processing file /home/airflow/.local/lib/python3.8/site-packages/airflow/example_dags/example_sensor_decorator.py for tasks to queue
[2024-10-14T22:05:19.229+0000] {logging_mixin.py:188} INFO - [2024-10-14T22:05:19.229+0000] {dagbag.py:538} INFO - Filling up the DagBag from /home/airflow/.local/lib/python3.8/site-packages/airflow/example_dags/example_sensor_decorator.py
[2024-10-14T22:05:19.234+0000] {processor.py:840} INFO - DAG(s) 'example_sensor_decorator' retrieved from /home/airflow/.local/lib/python3.8/site-packages/airflow/example_dags/example_sensor_decorator.py
[2024-10-14T22:05:19.250+0000] {logging_mixin.py:188} INFO - [2024-10-14T22:05:19.249+0000] {dag.py:3036} INFO - Sync 1 DAGs
[2024-10-14T22:05:19.259+0000] {logging_mixin.py:188} INFO - [2024-10-14T22:05:19.258+0000] {dag.py:3823} INFO - Setting next_dagrun for example_sensor_decorator to None, run_after=None
[2024-10-14T22:05:19.272+0000] {processor.py:183} INFO - Processing /home/airflow/.local/lib/python3.8/site-packages/airflow/example_dags/example_sensor_decorator.py took 0.049 seconds
[2024-10-14T22:05:49.345+0000] {processor.py:161} INFO - Started process (PID=1177) to work on /home/airflow/.local/lib/python3.8/site-packages/airflow/example_dags/example_sensor_decorator.py
[2024-10-14T22:05:49.347+0000] {processor.py:830} INFO - Processing file /home/airflow/.local/lib/python3.8/site-packages/airflow/example_dags/example_sensor_decorator.py for tasks to queue
[2024-10-14T22:05:49.348+0000] {logging_mixin.py:188} INFO - [2024-10-14T22:05:49.348+0000] {dagbag.py:538} INFO - Filling up the DagBag from /home/airflow/.local/lib/python3.8/site-packages/airflow/example_dags/example_sensor_decorator.py
[2024-10-14T22:05:49.352+0000] {processor.py:840} INFO - DAG(s) 'example_sensor_decorator' retrieved from /home/airflow/.local/lib/python3.8/site-packages/airflow/example_dags/example_sensor_decorator.py
[2024-10-14T22:05:49.365+0000] {logging_mixin.py:188} INFO - [2024-10-14T22:05:49.365+0000] {dag.py:3036} INFO - Sync 1 DAGs
[2024-10-14T22:05:49.373+0000] {logging_mixin.py:188} INFO - [2024-10-14T22:05:49.373+0000] {dag.py:3823} INFO - Setting next_dagrun for example_sensor_decorator to None, run_after=None
[2024-10-14T22:05:49.386+0000] {processor.py:183} INFO - Processing /home/airflow/.local/lib/python3.8/site-packages/airflow/example_dags/example_sensor_decorator.py took 0.043 seconds
[2024-10-14T22:06:19.463+0000] {processor.py:161} INFO - Started process (PID=1251) to work on /home/airflow/.local/lib/python3.8/site-packages/airflow/example_dags/example_sensor_decorator.py
[2024-10-14T22:06:19.464+0000] {processor.py:830} INFO - Processing file /home/airflow/.local/lib/python3.8/site-packages/airflow/example_dags/example_sensor_decorator.py for tasks to queue
[2024-10-14T22:06:19.465+0000] {logging_mixin.py:188} INFO - [2024-10-14T22:06:19.465+0000] {dagbag.py:538} INFO - Filling up the DagBag from /home/airflow/.local/lib/python3.8/site-packages/airflow/example_dags/example_sensor_decorator.py
[2024-10-14T22:06:19.469+0000] {processor.py:840} INFO - DAG(s) 'example_sensor_decorator' retrieved from /home/airflow/.local/lib/python3.8/site-packages/airflow/example_dags/example_sensor_decorator.py
[2024-10-14T22:06:19.483+0000] {logging_mixin.py:188} INFO - [2024-10-14T22:06:19.482+0000] {dag.py:3036} INFO - Sync 1 DAGs
[2024-10-14T22:06:19.492+0000] {logging_mixin.py:188} INFO - [2024-10-14T22:06:19.492+0000] {dag.py:3823} INFO - Setting next_dagrun for example_sensor_decorator to None, run_after=None
[2024-10-14T22:06:19.503+0000] {processor.py:183} INFO - Processing /home/airflow/.local/lib/python3.8/site-packages/airflow/example_dags/example_sensor_decorator.py took 0.043 seconds
[2024-10-14T22:06:49.856+0000] {processor.py:161} INFO - Started process (PID=1333) to work on /home/airflow/.local/lib/python3.8/site-packages/airflow/example_dags/example_sensor_decorator.py
[2024-10-14T22:06:49.856+0000] {processor.py:830} INFO - Processing file /home/airflow/.local/lib/python3.8/site-packages/airflow/example_dags/example_sensor_decorator.py for tasks to queue
[2024-10-14T22:06:49.857+0000] {logging_mixin.py:188} INFO - [2024-10-14T22:06:49.857+0000] {dagbag.py:538} INFO - Filling up the DagBag from /home/airflow/.local/lib/python3.8/site-packages/airflow/example_dags/example_sensor_decorator.py
[2024-10-14T22:06:49.862+0000] {processor.py:840} INFO - DAG(s) 'example_sensor_decorator' retrieved from /home/airflow/.local/lib/python3.8/site-packages/airflow/example_dags/example_sensor_decorator.py
[2024-10-14T22:06:49.875+0000] {logging_mixin.py:188} INFO - [2024-10-14T22:06:49.874+0000] {dag.py:3036} INFO - Sync 1 DAGs
[2024-10-14T22:06:49.882+0000] {logging_mixin.py:188} INFO - [2024-10-14T22:06:49.882+0000] {dag.py:3823} INFO - Setting next_dagrun for example_sensor_decorator to None, run_after=None
[2024-10-14T22:06:49.895+0000] {processor.py:183} INFO - Processing /home/airflow/.local/lib/python3.8/site-packages/airflow/example_dags/example_sensor_decorator.py took 0.042 seconds
[2024-10-14T22:07:20.343+0000] {processor.py:161} INFO - Started process (PID=1416) to work on /home/airflow/.local/lib/python3.8/site-packages/airflow/example_dags/example_sensor_decorator.py
[2024-10-14T22:07:20.345+0000] {processor.py:830} INFO - Processing file /home/airflow/.local/lib/python3.8/site-packages/airflow/example_dags/example_sensor_decorator.py for tasks to queue
[2024-10-14T22:07:20.348+0000] {logging_mixin.py:188} INFO - [2024-10-14T22:07:20.347+0000] {dagbag.py:538} INFO - Filling up the DagBag from /home/airflow/.local/lib/python3.8/site-packages/airflow/example_dags/example_sensor_decorator.py
[2024-10-14T22:07:20.354+0000] {processor.py:840} INFO - DAG(s) 'example_sensor_decorator' retrieved from /home/airflow/.local/lib/python3.8/site-packages/airflow/example_dags/example_sensor_decorator.py
[2024-10-14T22:07:20.372+0000] {logging_mixin.py:188} INFO - [2024-10-14T22:07:20.372+0000] {dag.py:3036} INFO - Sync 1 DAGs
[2024-10-14T22:07:20.384+0000] {logging_mixin.py:188} INFO - [2024-10-14T22:07:20.384+0000] {dag.py:3823} INFO - Setting next_dagrun for example_sensor_decorator to None, run_after=None
[2024-10-14T22:07:20.407+0000] {processor.py:183} INFO - Processing /home/airflow/.local/lib/python3.8/site-packages/airflow/example_dags/example_sensor_decorator.py took 0.069 seconds
[2024-10-14T22:07:50.637+0000] {processor.py:161} INFO - Started process (PID=1490) to work on /home/airflow/.local/lib/python3.8/site-packages/airflow/example_dags/example_sensor_decorator.py
[2024-10-14T22:07:50.637+0000] {processor.py:830} INFO - Processing file /home/airflow/.local/lib/python3.8/site-packages/airflow/example_dags/example_sensor_decorator.py for tasks to queue
[2024-10-14T22:07:50.639+0000] {logging_mixin.py:188} INFO - [2024-10-14T22:07:50.638+0000] {dagbag.py:538} INFO - Filling up the DagBag from /home/airflow/.local/lib/python3.8/site-packages/airflow/example_dags/example_sensor_decorator.py
[2024-10-14T22:07:50.643+0000] {processor.py:840} INFO - DAG(s) 'example_sensor_decorator' retrieved from /home/airflow/.local/lib/python3.8/site-packages/airflow/example_dags/example_sensor_decorator.py
[2024-10-14T22:07:50.657+0000] {logging_mixin.py:188} INFO - [2024-10-14T22:07:50.657+0000] {dag.py:3036} INFO - Sync 1 DAGs
[2024-10-14T22:07:50.666+0000] {logging_mixin.py:188} INFO - [2024-10-14T22:07:50.666+0000] {dag.py:3823} INFO - Setting next_dagrun for example_sensor_decorator to None, run_after=None
[2024-10-14T22:07:50.680+0000] {processor.py:183} INFO - Processing /home/airflow/.local/lib/python3.8/site-packages/airflow/example_dags/example_sensor_decorator.py took 0.046 seconds
[2024-10-14T22:08:21.175+0000] {processor.py:161} INFO - Started process (PID=1572) to work on /home/airflow/.local/lib/python3.8/site-packages/airflow/example_dags/example_sensor_decorator.py
[2024-10-14T22:08:21.176+0000] {processor.py:830} INFO - Processing file /home/airflow/.local/lib/python3.8/site-packages/airflow/example_dags/example_sensor_decorator.py for tasks to queue
[2024-10-14T22:08:21.178+0000] {logging_mixin.py:188} INFO - [2024-10-14T22:08:21.177+0000] {dagbag.py:538} INFO - Filling up the DagBag from /home/airflow/.local/lib/python3.8/site-packages/airflow/example_dags/example_sensor_decorator.py
[2024-10-14T22:08:21.185+0000] {processor.py:840} INFO - DAG(s) 'example_sensor_decorator' retrieved from /home/airflow/.local/lib/python3.8/site-packages/airflow/example_dags/example_sensor_decorator.py
[2024-10-14T22:08:21.200+0000] {logging_mixin.py:188} INFO - [2024-10-14T22:08:21.200+0000] {dag.py:3036} INFO - Sync 1 DAGs
[2024-10-14T22:08:21.210+0000] {logging_mixin.py:188} INFO - [2024-10-14T22:08:21.210+0000] {dag.py:3823} INFO - Setting next_dagrun for example_sensor_decorator to None, run_after=None
[2024-10-14T22:08:21.225+0000] {processor.py:183} INFO - Processing /home/airflow/.local/lib/python3.8/site-packages/airflow/example_dags/example_sensor_decorator.py took 0.052 seconds
[2024-10-14T22:08:51.745+0000] {processor.py:161} INFO - Started process (PID=1645) to work on /home/airflow/.local/lib/python3.8/site-packages/airflow/example_dags/example_sensor_decorator.py
[2024-10-14T22:08:51.746+0000] {processor.py:830} INFO - Processing file /home/airflow/.local/lib/python3.8/site-packages/airflow/example_dags/example_sensor_decorator.py for tasks to queue
[2024-10-14T22:08:51.747+0000] {logging_mixin.py:188} INFO - [2024-10-14T22:08:51.747+0000] {dagbag.py:538} INFO - Filling up the DagBag from /home/airflow/.local/lib/python3.8/site-packages/airflow/example_dags/example_sensor_decorator.py
[2024-10-14T22:08:51.752+0000] {processor.py:840} INFO - DAG(s) 'example_sensor_decorator' retrieved from /home/airflow/.local/lib/python3.8/site-packages/airflow/example_dags/example_sensor_decorator.py
[2024-10-14T22:08:51.767+0000] {logging_mixin.py:188} INFO - [2024-10-14T22:08:51.767+0000] {dag.py:3036} INFO - Sync 1 DAGs
[2024-10-14T22:08:51.777+0000] {logging_mixin.py:188} INFO - [2024-10-14T22:08:51.776+0000] {dag.py:3823} INFO - Setting next_dagrun for example_sensor_decorator to None, run_after=None
[2024-10-14T22:08:51.791+0000] {processor.py:183} INFO - Processing /home/airflow/.local/lib/python3.8/site-packages/airflow/example_dags/example_sensor_decorator.py took 0.049 seconds
