[2024-10-14T21:19:53.265+0000] {processor.py:161} INFO - Started process (PID=113) to work on /home/airflow/.local/lib/python3.8/site-packages/airflow/example_dags/example_sla_dag.py
[2024-10-14T21:19:53.266+0000] {processor.py:830} INFO - Processing file /home/airflow/.local/lib/python3.8/site-packages/airflow/example_dags/example_sla_dag.py for tasks to queue
[2024-10-14T21:19:53.268+0000] {logging_mixin.py:188} INFO - [2024-10-14T21:19:53.268+0000] {dagbag.py:538} INFO - Filling up the DagBag from /home/airflow/.local/lib/python3.8/site-packages/airflow/example_dags/example_sla_dag.py
[2024-10-14T21:19:53.280+0000] {processor.py:840} INFO - DAG(s) 'example_sla_dag' retrieved from /home/airflow/.local/lib/python3.8/site-packages/airflow/example_dags/example_sla_dag.py
[2024-10-14T21:19:53.373+0000] {logging_mixin.py:188} INFO - [2024-10-14T21:19:53.373+0000] {dag.py:3036} INFO - Sync 1 DAGs
[2024-10-14T21:19:53.393+0000] {logging_mixin.py:188} INFO - [2024-10-14T21:19:53.393+0000] {dag.py:3823} INFO - Setting next_dagrun for example_sla_dag to 2024-10-14 21:16:00+00:00, run_after=2024-10-14 21:18:00+00:00
[2024-10-14T21:19:53.411+0000] {processor.py:183} INFO - Processing /home/airflow/.local/lib/python3.8/site-packages/airflow/example_dags/example_sla_dag.py took 0.150 seconds
[2024-10-14T21:20:23.923+0000] {processor.py:161} INFO - Started process (PID=188) to work on /home/airflow/.local/lib/python3.8/site-packages/airflow/example_dags/example_sla_dag.py
[2024-10-14T21:20:23.923+0000] {processor.py:830} INFO - Processing file /home/airflow/.local/lib/python3.8/site-packages/airflow/example_dags/example_sla_dag.py for tasks to queue
[2024-10-14T21:20:23.925+0000] {logging_mixin.py:188} INFO - [2024-10-14T21:20:23.924+0000] {dagbag.py:538} INFO - Filling up the DagBag from /home/airflow/.local/lib/python3.8/site-packages/airflow/example_dags/example_sla_dag.py
[2024-10-14T21:20:23.931+0000] {processor.py:840} INFO - DAG(s) 'example_sla_dag' retrieved from /home/airflow/.local/lib/python3.8/site-packages/airflow/example_dags/example_sla_dag.py
[2024-10-14T21:20:23.948+0000] {logging_mixin.py:188} INFO - [2024-10-14T21:20:23.947+0000] {dag.py:3036} INFO - Sync 1 DAGs
[2024-10-14T21:20:23.980+0000] {logging_mixin.py:188} INFO - [2024-10-14T21:20:23.979+0000] {dag.py:3823} INFO - Setting next_dagrun for example_sla_dag to 2024-10-14 21:18:00+00:00, run_after=2024-10-14 21:20:00+00:00
[2024-10-14T21:20:23.995+0000] {processor.py:183} INFO - Processing /home/airflow/.local/lib/python3.8/site-packages/airflow/example_dags/example_sla_dag.py took 0.075 seconds
[2024-10-14T21:20:54.743+0000] {processor.py:161} INFO - Started process (PID=269) to work on /home/airflow/.local/lib/python3.8/site-packages/airflow/example_dags/example_sla_dag.py
[2024-10-14T21:20:54.744+0000] {processor.py:830} INFO - Processing file /home/airflow/.local/lib/python3.8/site-packages/airflow/example_dags/example_sla_dag.py for tasks to queue
[2024-10-14T21:20:54.745+0000] {logging_mixin.py:188} INFO - [2024-10-14T21:20:54.745+0000] {dagbag.py:538} INFO - Filling up the DagBag from /home/airflow/.local/lib/python3.8/site-packages/airflow/example_dags/example_sla_dag.py
[2024-10-14T21:20:54.752+0000] {processor.py:840} INFO - DAG(s) 'example_sla_dag' retrieved from /home/airflow/.local/lib/python3.8/site-packages/airflow/example_dags/example_sla_dag.py
[2024-10-14T21:20:54.770+0000] {logging_mixin.py:188} INFO - [2024-10-14T21:20:54.770+0000] {dag.py:3036} INFO - Sync 1 DAGs
[2024-10-14T21:20:54.797+0000] {logging_mixin.py:188} INFO - [2024-10-14T21:20:54.797+0000] {dag.py:3823} INFO - Setting next_dagrun for example_sla_dag to 2024-10-14 21:18:00+00:00, run_after=2024-10-14 21:20:00+00:00
[2024-10-14T21:20:54.818+0000] {processor.py:183} INFO - Processing /home/airflow/.local/lib/python3.8/site-packages/airflow/example_dags/example_sla_dag.py took 0.078 seconds
[2024-10-14T21:21:25.733+0000] {processor.py:161} INFO - Started process (PID=343) to work on /home/airflow/.local/lib/python3.8/site-packages/airflow/example_dags/example_sla_dag.py
[2024-10-14T21:21:25.734+0000] {processor.py:830} INFO - Processing file /home/airflow/.local/lib/python3.8/site-packages/airflow/example_dags/example_sla_dag.py for tasks to queue
[2024-10-14T21:21:25.735+0000] {logging_mixin.py:188} INFO - [2024-10-14T21:21:25.735+0000] {dagbag.py:538} INFO - Filling up the DagBag from /home/airflow/.local/lib/python3.8/site-packages/airflow/example_dags/example_sla_dag.py
[2024-10-14T21:21:25.741+0000] {processor.py:840} INFO - DAG(s) 'example_sla_dag' retrieved from /home/airflow/.local/lib/python3.8/site-packages/airflow/example_dags/example_sla_dag.py
[2024-10-14T21:21:25.754+0000] {logging_mixin.py:188} INFO - [2024-10-14T21:21:25.754+0000] {dag.py:3036} INFO - Sync 1 DAGs
[2024-10-14T21:21:25.770+0000] {logging_mixin.py:188} INFO - [2024-10-14T21:21:25.770+0000] {dag.py:3823} INFO - Setting next_dagrun for example_sla_dag to 2024-10-14 21:18:00+00:00, run_after=2024-10-14 21:20:00+00:00
[2024-10-14T21:21:25.785+0000] {processor.py:183} INFO - Processing /home/airflow/.local/lib/python3.8/site-packages/airflow/example_dags/example_sla_dag.py took 0.054 seconds
[2024-10-14T21:21:56.853+0000] {processor.py:161} INFO - Started process (PID=424) to work on /home/airflow/.local/lib/python3.8/site-packages/airflow/example_dags/example_sla_dag.py
[2024-10-14T21:21:56.854+0000] {processor.py:830} INFO - Processing file /home/airflow/.local/lib/python3.8/site-packages/airflow/example_dags/example_sla_dag.py for tasks to queue
[2024-10-14T21:21:56.858+0000] {logging_mixin.py:188} INFO - [2024-10-14T21:21:56.857+0000] {dagbag.py:538} INFO - Filling up the DagBag from /home/airflow/.local/lib/python3.8/site-packages/airflow/example_dags/example_sla_dag.py
[2024-10-14T21:21:56.866+0000] {processor.py:840} INFO - DAG(s) 'example_sla_dag' retrieved from /home/airflow/.local/lib/python3.8/site-packages/airflow/example_dags/example_sla_dag.py
[2024-10-14T21:21:56.884+0000] {logging_mixin.py:188} INFO - [2024-10-14T21:21:56.884+0000] {dag.py:3036} INFO - Sync 1 DAGs
[2024-10-14T21:21:56.904+0000] {logging_mixin.py:188} INFO - [2024-10-14T21:21:56.904+0000] {dag.py:3823} INFO - Setting next_dagrun for example_sla_dag to 2024-10-14 21:18:00+00:00, run_after=2024-10-14 21:20:00+00:00
[2024-10-14T21:21:56.930+0000] {processor.py:183} INFO - Processing /home/airflow/.local/lib/python3.8/site-packages/airflow/example_dags/example_sla_dag.py took 0.079 seconds
[2024-10-14T21:22:27.198+0000] {processor.py:161} INFO - Started process (PID=491) to work on /home/airflow/.local/lib/python3.8/site-packages/airflow/example_dags/example_sla_dag.py
[2024-10-14T21:22:27.199+0000] {processor.py:830} INFO - Processing file /home/airflow/.local/lib/python3.8/site-packages/airflow/example_dags/example_sla_dag.py for tasks to queue
[2024-10-14T21:22:27.200+0000] {logging_mixin.py:188} INFO - [2024-10-14T21:22:27.200+0000] {dagbag.py:538} INFO - Filling up the DagBag from /home/airflow/.local/lib/python3.8/site-packages/airflow/example_dags/example_sla_dag.py
[2024-10-14T21:22:27.207+0000] {processor.py:840} INFO - DAG(s) 'example_sla_dag' retrieved from /home/airflow/.local/lib/python3.8/site-packages/airflow/example_dags/example_sla_dag.py
[2024-10-14T21:22:27.223+0000] {logging_mixin.py:188} INFO - [2024-10-14T21:22:27.222+0000] {dag.py:3036} INFO - Sync 1 DAGs
[2024-10-14T21:22:27.247+0000] {logging_mixin.py:188} INFO - [2024-10-14T21:22:27.247+0000] {dag.py:3823} INFO - Setting next_dagrun for example_sla_dag to 2024-10-14 21:20:00+00:00, run_after=2024-10-14 21:22:00+00:00
[2024-10-14T21:22:27.264+0000] {processor.py:183} INFO - Processing /home/airflow/.local/lib/python3.8/site-packages/airflow/example_dags/example_sla_dag.py took 0.069 seconds
[2024-10-14T21:22:57.910+0000] {processor.py:161} INFO - Started process (PID=571) to work on /home/airflow/.local/lib/python3.8/site-packages/airflow/example_dags/example_sla_dag.py
[2024-10-14T21:22:57.913+0000] {processor.py:830} INFO - Processing file /home/airflow/.local/lib/python3.8/site-packages/airflow/example_dags/example_sla_dag.py for tasks to queue
[2024-10-14T21:22:57.915+0000] {logging_mixin.py:188} INFO - [2024-10-14T21:22:57.915+0000] {dagbag.py:538} INFO - Filling up the DagBag from /home/airflow/.local/lib/python3.8/site-packages/airflow/example_dags/example_sla_dag.py
[2024-10-14T21:22:57.922+0000] {processor.py:840} INFO - DAG(s) 'example_sla_dag' retrieved from /home/airflow/.local/lib/python3.8/site-packages/airflow/example_dags/example_sla_dag.py
[2024-10-14T21:22:57.948+0000] {logging_mixin.py:188} INFO - [2024-10-14T21:22:57.948+0000] {dag.py:3036} INFO - Sync 1 DAGs
[2024-10-14T21:22:57.975+0000] {logging_mixin.py:188} INFO - [2024-10-14T21:22:57.974+0000] {dag.py:3823} INFO - Setting next_dagrun for example_sla_dag to 2024-10-14 21:20:00+00:00, run_after=2024-10-14 21:22:00+00:00
[2024-10-14T21:22:58.005+0000] {processor.py:183} INFO - Processing /home/airflow/.local/lib/python3.8/site-packages/airflow/example_dags/example_sla_dag.py took 0.102 seconds
[2024-10-14T21:23:28.063+0000] {processor.py:161} INFO - Started process (PID=645) to work on /home/airflow/.local/lib/python3.8/site-packages/airflow/example_dags/example_sla_dag.py
[2024-10-14T21:23:28.064+0000] {processor.py:830} INFO - Processing file /home/airflow/.local/lib/python3.8/site-packages/airflow/example_dags/example_sla_dag.py for tasks to queue
[2024-10-14T21:23:28.065+0000] {logging_mixin.py:188} INFO - [2024-10-14T21:23:28.065+0000] {dagbag.py:538} INFO - Filling up the DagBag from /home/airflow/.local/lib/python3.8/site-packages/airflow/example_dags/example_sla_dag.py
[2024-10-14T21:23:28.077+0000] {processor.py:840} INFO - DAG(s) 'example_sla_dag' retrieved from /home/airflow/.local/lib/python3.8/site-packages/airflow/example_dags/example_sla_dag.py
[2024-10-14T21:23:28.102+0000] {logging_mixin.py:188} INFO - [2024-10-14T21:23:28.102+0000] {dag.py:3036} INFO - Sync 1 DAGs
[2024-10-14T21:23:28.130+0000] {logging_mixin.py:188} INFO - [2024-10-14T21:23:28.129+0000] {dag.py:3823} INFO - Setting next_dagrun for example_sla_dag to 2024-10-14 21:20:00+00:00, run_after=2024-10-14 21:22:00+00:00
[2024-10-14T21:23:28.152+0000] {processor.py:183} INFO - Processing /home/airflow/.local/lib/python3.8/site-packages/airflow/example_dags/example_sla_dag.py took 0.097 seconds
[2024-10-14T21:23:58.207+0000] {processor.py:161} INFO - Started process (PID=719) to work on /home/airflow/.local/lib/python3.8/site-packages/airflow/example_dags/example_sla_dag.py
[2024-10-14T21:23:58.207+0000] {processor.py:830} INFO - Processing file /home/airflow/.local/lib/python3.8/site-packages/airflow/example_dags/example_sla_dag.py for tasks to queue
[2024-10-14T21:23:58.209+0000] {logging_mixin.py:188} INFO - [2024-10-14T21:23:58.208+0000] {dagbag.py:538} INFO - Filling up the DagBag from /home/airflow/.local/lib/python3.8/site-packages/airflow/example_dags/example_sla_dag.py
[2024-10-14T21:23:58.215+0000] {processor.py:840} INFO - DAG(s) 'example_sla_dag' retrieved from /home/airflow/.local/lib/python3.8/site-packages/airflow/example_dags/example_sla_dag.py
[2024-10-14T21:23:58.229+0000] {logging_mixin.py:188} INFO - [2024-10-14T21:23:58.229+0000] {dag.py:3036} INFO - Sync 1 DAGs
[2024-10-14T21:23:58.247+0000] {logging_mixin.py:188} INFO - [2024-10-14T21:23:58.246+0000] {dag.py:3823} INFO - Setting next_dagrun for example_sla_dag to 2024-10-14 21:20:00+00:00, run_after=2024-10-14 21:22:00+00:00
[2024-10-14T21:23:58.262+0000] {processor.py:183} INFO - Processing /home/airflow/.local/lib/python3.8/site-packages/airflow/example_dags/example_sla_dag.py took 0.058 seconds
[2024-10-14T21:24:29.135+0000] {processor.py:161} INFO - Started process (PID=801) to work on /home/airflow/.local/lib/python3.8/site-packages/airflow/example_dags/example_sla_dag.py
[2024-10-14T21:24:29.136+0000] {processor.py:830} INFO - Processing file /home/airflow/.local/lib/python3.8/site-packages/airflow/example_dags/example_sla_dag.py for tasks to queue
[2024-10-14T21:24:29.137+0000] {logging_mixin.py:188} INFO - [2024-10-14T21:24:29.137+0000] {dagbag.py:538} INFO - Filling up the DagBag from /home/airflow/.local/lib/python3.8/site-packages/airflow/example_dags/example_sla_dag.py
[2024-10-14T21:24:29.148+0000] {processor.py:840} INFO - DAG(s) 'example_sla_dag' retrieved from /home/airflow/.local/lib/python3.8/site-packages/airflow/example_dags/example_sla_dag.py
[2024-10-14T21:24:29.166+0000] {logging_mixin.py:188} INFO - [2024-10-14T21:24:29.166+0000] {dag.py:3036} INFO - Sync 1 DAGs
[2024-10-14T21:24:29.188+0000] {logging_mixin.py:188} INFO - [2024-10-14T21:24:29.188+0000] {dag.py:3823} INFO - Setting next_dagrun for example_sla_dag to 2024-10-14 21:22:00+00:00, run_after=2024-10-14 21:24:00+00:00
[2024-10-14T21:24:29.215+0000] {processor.py:183} INFO - Processing /home/airflow/.local/lib/python3.8/site-packages/airflow/example_dags/example_sla_dag.py took 0.082 seconds
[2024-10-14T21:24:59.393+0000] {processor.py:161} INFO - Started process (PID=874) to work on /home/airflow/.local/lib/python3.8/site-packages/airflow/example_dags/example_sla_dag.py
[2024-10-14T21:24:59.395+0000] {processor.py:830} INFO - Processing file /home/airflow/.local/lib/python3.8/site-packages/airflow/example_dags/example_sla_dag.py for tasks to queue
[2024-10-14T21:24:59.396+0000] {logging_mixin.py:188} INFO - [2024-10-14T21:24:59.396+0000] {dagbag.py:538} INFO - Filling up the DagBag from /home/airflow/.local/lib/python3.8/site-packages/airflow/example_dags/example_sla_dag.py
[2024-10-14T21:24:59.402+0000] {processor.py:840} INFO - DAG(s) 'example_sla_dag' retrieved from /home/airflow/.local/lib/python3.8/site-packages/airflow/example_dags/example_sla_dag.py
[2024-10-14T21:24:59.424+0000] {logging_mixin.py:188} INFO - [2024-10-14T21:24:59.424+0000] {dag.py:3036} INFO - Sync 1 DAGs
[2024-10-14T21:24:59.452+0000] {logging_mixin.py:188} INFO - [2024-10-14T21:24:59.451+0000] {dag.py:3823} INFO - Setting next_dagrun for example_sla_dag to 2024-10-14 21:22:00+00:00, run_after=2024-10-14 21:24:00+00:00
[2024-10-14T21:24:59.472+0000] {processor.py:183} INFO - Processing /home/airflow/.local/lib/python3.8/site-packages/airflow/example_dags/example_sla_dag.py took 0.084 seconds
[2024-10-14T21:25:30.017+0000] {processor.py:161} INFO - Started process (PID=956) to work on /home/airflow/.local/lib/python3.8/site-packages/airflow/example_dags/example_sla_dag.py
[2024-10-14T21:25:30.017+0000] {processor.py:830} INFO - Processing file /home/airflow/.local/lib/python3.8/site-packages/airflow/example_dags/example_sla_dag.py for tasks to queue
[2024-10-14T21:25:30.019+0000] {logging_mixin.py:188} INFO - [2024-10-14T21:25:30.018+0000] {dagbag.py:538} INFO - Filling up the DagBag from /home/airflow/.local/lib/python3.8/site-packages/airflow/example_dags/example_sla_dag.py
[2024-10-14T21:25:30.031+0000] {processor.py:840} INFO - DAG(s) 'example_sla_dag' retrieved from /home/airflow/.local/lib/python3.8/site-packages/airflow/example_dags/example_sla_dag.py
[2024-10-14T21:25:30.050+0000] {logging_mixin.py:188} INFO - [2024-10-14T21:25:30.050+0000] {dag.py:3036} INFO - Sync 1 DAGs
[2024-10-14T21:25:30.079+0000] {logging_mixin.py:188} INFO - [2024-10-14T21:25:30.078+0000] {dag.py:3823} INFO - Setting next_dagrun for example_sla_dag to 2024-10-14 21:22:00+00:00, run_after=2024-10-14 21:24:00+00:00
[2024-10-14T21:25:30.102+0000] {processor.py:183} INFO - Processing /home/airflow/.local/lib/python3.8/site-packages/airflow/example_dags/example_sla_dag.py took 0.087 seconds
[2024-10-14T21:26:00.305+0000] {processor.py:161} INFO - Started process (PID=1030) to work on /home/airflow/.local/lib/python3.8/site-packages/airflow/example_dags/example_sla_dag.py
[2024-10-14T21:26:00.307+0000] {processor.py:830} INFO - Processing file /home/airflow/.local/lib/python3.8/site-packages/airflow/example_dags/example_sla_dag.py for tasks to queue
[2024-10-14T21:26:00.313+0000] {logging_mixin.py:188} INFO - [2024-10-14T21:26:00.312+0000] {dagbag.py:538} INFO - Filling up the DagBag from /home/airflow/.local/lib/python3.8/site-packages/airflow/example_dags/example_sla_dag.py
[2024-10-14T21:26:00.320+0000] {processor.py:840} INFO - DAG(s) 'example_sla_dag' retrieved from /home/airflow/.local/lib/python3.8/site-packages/airflow/example_dags/example_sla_dag.py
[2024-10-14T21:26:00.345+0000] {logging_mixin.py:188} INFO - [2024-10-14T21:26:00.344+0000] {dag.py:3036} INFO - Sync 1 DAGs
[2024-10-14T21:26:00.375+0000] {logging_mixin.py:188} INFO - [2024-10-14T21:26:00.374+0000] {dag.py:3823} INFO - Setting next_dagrun for example_sla_dag to 2024-10-14 21:24:00+00:00, run_after=2024-10-14 21:26:00+00:00
[2024-10-14T21:26:00.403+0000] {processor.py:183} INFO - Processing /home/airflow/.local/lib/python3.8/site-packages/airflow/example_dags/example_sla_dag.py took 0.100 seconds
[2024-10-14T21:26:30.644+0000] {processor.py:161} INFO - Started process (PID=1112) to work on /home/airflow/.local/lib/python3.8/site-packages/airflow/example_dags/example_sla_dag.py
[2024-10-14T21:26:30.644+0000] {processor.py:830} INFO - Processing file /home/airflow/.local/lib/python3.8/site-packages/airflow/example_dags/example_sla_dag.py for tasks to queue
[2024-10-14T21:26:30.648+0000] {logging_mixin.py:188} INFO - [2024-10-14T21:26:30.647+0000] {dagbag.py:538} INFO - Filling up the DagBag from /home/airflow/.local/lib/python3.8/site-packages/airflow/example_dags/example_sla_dag.py
[2024-10-14T21:26:30.655+0000] {processor.py:840} INFO - DAG(s) 'example_sla_dag' retrieved from /home/airflow/.local/lib/python3.8/site-packages/airflow/example_dags/example_sla_dag.py
[2024-10-14T21:26:30.679+0000] {logging_mixin.py:188} INFO - [2024-10-14T21:26:30.678+0000] {dag.py:3036} INFO - Sync 1 DAGs
[2024-10-14T21:26:30.704+0000] {logging_mixin.py:188} INFO - [2024-10-14T21:26:30.704+0000] {dag.py:3823} INFO - Setting next_dagrun for example_sla_dag to 2024-10-14 21:24:00+00:00, run_after=2024-10-14 21:26:00+00:00
[2024-10-14T21:26:30.743+0000] {processor.py:183} INFO - Processing /home/airflow/.local/lib/python3.8/site-packages/airflow/example_dags/example_sla_dag.py took 0.103 seconds
[2024-10-14T21:27:00.922+0000] {processor.py:161} INFO - Started process (PID=1186) to work on /home/airflow/.local/lib/python3.8/site-packages/airflow/example_dags/example_sla_dag.py
[2024-10-14T21:27:00.924+0000] {processor.py:830} INFO - Processing file /home/airflow/.local/lib/python3.8/site-packages/airflow/example_dags/example_sla_dag.py for tasks to queue
[2024-10-14T21:27:00.925+0000] {logging_mixin.py:188} INFO - [2024-10-14T21:27:00.925+0000] {dagbag.py:538} INFO - Filling up the DagBag from /home/airflow/.local/lib/python3.8/site-packages/airflow/example_dags/example_sla_dag.py
[2024-10-14T21:27:00.932+0000] {processor.py:840} INFO - DAG(s) 'example_sla_dag' retrieved from /home/airflow/.local/lib/python3.8/site-packages/airflow/example_dags/example_sla_dag.py
[2024-10-14T21:27:00.947+0000] {logging_mixin.py:188} INFO - [2024-10-14T21:27:00.947+0000] {dag.py:3036} INFO - Sync 1 DAGs
[2024-10-14T21:27:00.966+0000] {logging_mixin.py:188} INFO - [2024-10-14T21:27:00.966+0000] {dag.py:3823} INFO - Setting next_dagrun for example_sla_dag to 2024-10-14 21:24:00+00:00, run_after=2024-10-14 21:26:00+00:00
[2024-10-14T21:27:00.982+0000] {processor.py:183} INFO - Processing /home/airflow/.local/lib/python3.8/site-packages/airflow/example_dags/example_sla_dag.py took 0.062 seconds
[2024-10-14T21:27:31.732+0000] {processor.py:161} INFO - Started process (PID=1268) to work on /home/airflow/.local/lib/python3.8/site-packages/airflow/example_dags/example_sla_dag.py
[2024-10-14T21:27:31.733+0000] {processor.py:830} INFO - Processing file /home/airflow/.local/lib/python3.8/site-packages/airflow/example_dags/example_sla_dag.py for tasks to queue
[2024-10-14T21:27:31.734+0000] {logging_mixin.py:188} INFO - [2024-10-14T21:27:31.734+0000] {dagbag.py:538} INFO - Filling up the DagBag from /home/airflow/.local/lib/python3.8/site-packages/airflow/example_dags/example_sla_dag.py
[2024-10-14T21:27:31.740+0000] {processor.py:840} INFO - DAG(s) 'example_sla_dag' retrieved from /home/airflow/.local/lib/python3.8/site-packages/airflow/example_dags/example_sla_dag.py
[2024-10-14T21:27:31.758+0000] {logging_mixin.py:188} INFO - [2024-10-14T21:27:31.758+0000] {dag.py:3036} INFO - Sync 1 DAGs
[2024-10-14T21:27:31.778+0000] {logging_mixin.py:188} INFO - [2024-10-14T21:27:31.778+0000] {dag.py:3823} INFO - Setting next_dagrun for example_sla_dag to 2024-10-14 21:24:00+00:00, run_after=2024-10-14 21:26:00+00:00
[2024-10-14T21:27:31.799+0000] {processor.py:183} INFO - Processing /home/airflow/.local/lib/python3.8/site-packages/airflow/example_dags/example_sla_dag.py took 0.070 seconds
[2024-10-14T21:28:01.857+0000] {processor.py:161} INFO - Started process (PID=1342) to work on /home/airflow/.local/lib/python3.8/site-packages/airflow/example_dags/example_sla_dag.py
[2024-10-14T21:28:01.858+0000] {processor.py:830} INFO - Processing file /home/airflow/.local/lib/python3.8/site-packages/airflow/example_dags/example_sla_dag.py for tasks to queue
[2024-10-14T21:28:01.859+0000] {logging_mixin.py:188} INFO - [2024-10-14T21:28:01.859+0000] {dagbag.py:538} INFO - Filling up the DagBag from /home/airflow/.local/lib/python3.8/site-packages/airflow/example_dags/example_sla_dag.py
[2024-10-14T21:28:01.866+0000] {processor.py:840} INFO - DAG(s) 'example_sla_dag' retrieved from /home/airflow/.local/lib/python3.8/site-packages/airflow/example_dags/example_sla_dag.py
[2024-10-14T21:28:01.879+0000] {logging_mixin.py:188} INFO - [2024-10-14T21:28:01.879+0000] {dag.py:3036} INFO - Sync 1 DAGs
[2024-10-14T21:28:01.899+0000] {logging_mixin.py:188} INFO - [2024-10-14T21:28:01.898+0000] {dag.py:3823} INFO - Setting next_dagrun for example_sla_dag to 2024-10-14 21:26:00+00:00, run_after=2024-10-14 21:28:00+00:00
[2024-10-14T21:28:01.916+0000] {processor.py:183} INFO - Processing /home/airflow/.local/lib/python3.8/site-packages/airflow/example_dags/example_sla_dag.py took 0.062 seconds
[2024-10-14T21:28:32.010+0000] {processor.py:161} INFO - Started process (PID=1424) to work on /home/airflow/.local/lib/python3.8/site-packages/airflow/example_dags/example_sla_dag.py
[2024-10-14T21:28:32.010+0000] {processor.py:830} INFO - Processing file /home/airflow/.local/lib/python3.8/site-packages/airflow/example_dags/example_sla_dag.py for tasks to queue
[2024-10-14T21:28:32.012+0000] {logging_mixin.py:188} INFO - [2024-10-14T21:28:32.012+0000] {dagbag.py:538} INFO - Filling up the DagBag from /home/airflow/.local/lib/python3.8/site-packages/airflow/example_dags/example_sla_dag.py
[2024-10-14T21:28:32.019+0000] {processor.py:840} INFO - DAG(s) 'example_sla_dag' retrieved from /home/airflow/.local/lib/python3.8/site-packages/airflow/example_dags/example_sla_dag.py
[2024-10-14T21:28:32.035+0000] {logging_mixin.py:188} INFO - [2024-10-14T21:28:32.035+0000] {dag.py:3036} INFO - Sync 1 DAGs
[2024-10-14T21:28:32.056+0000] {logging_mixin.py:188} INFO - [2024-10-14T21:28:32.055+0000] {dag.py:3823} INFO - Setting next_dagrun for example_sla_dag to 2024-10-14 21:26:00+00:00, run_after=2024-10-14 21:28:00+00:00
[2024-10-14T21:28:32.074+0000] {processor.py:183} INFO - Processing /home/airflow/.local/lib/python3.8/site-packages/airflow/example_dags/example_sla_dag.py took 0.068 seconds
[2024-10-14T21:29:02.646+0000] {processor.py:161} INFO - Started process (PID=1498) to work on /home/airflow/.local/lib/python3.8/site-packages/airflow/example_dags/example_sla_dag.py
[2024-10-14T21:29:02.647+0000] {processor.py:830} INFO - Processing file /home/airflow/.local/lib/python3.8/site-packages/airflow/example_dags/example_sla_dag.py for tasks to queue
[2024-10-14T21:29:02.648+0000] {logging_mixin.py:188} INFO - [2024-10-14T21:29:02.648+0000] {dagbag.py:538} INFO - Filling up the DagBag from /home/airflow/.local/lib/python3.8/site-packages/airflow/example_dags/example_sla_dag.py
[2024-10-14T21:29:02.654+0000] {processor.py:840} INFO - DAG(s) 'example_sla_dag' retrieved from /home/airflow/.local/lib/python3.8/site-packages/airflow/example_dags/example_sla_dag.py
[2024-10-14T21:29:02.668+0000] {logging_mixin.py:188} INFO - [2024-10-14T21:29:02.667+0000] {dag.py:3036} INFO - Sync 1 DAGs
[2024-10-14T21:29:02.684+0000] {logging_mixin.py:188} INFO - [2024-10-14T21:29:02.684+0000] {dag.py:3823} INFO - Setting next_dagrun for example_sla_dag to 2024-10-14 21:26:00+00:00, run_after=2024-10-14 21:28:00+00:00
[2024-10-14T21:29:02.701+0000] {processor.py:183} INFO - Processing /home/airflow/.local/lib/python3.8/site-packages/airflow/example_dags/example_sla_dag.py took 0.057 seconds
[2024-10-14T21:29:33.059+0000] {processor.py:161} INFO - Started process (PID=1580) to work on /home/airflow/.local/lib/python3.8/site-packages/airflow/example_dags/example_sla_dag.py
[2024-10-14T21:29:33.060+0000] {processor.py:830} INFO - Processing file /home/airflow/.local/lib/python3.8/site-packages/airflow/example_dags/example_sla_dag.py for tasks to queue
[2024-10-14T21:29:33.062+0000] {logging_mixin.py:188} INFO - [2024-10-14T21:29:33.062+0000] {dagbag.py:538} INFO - Filling up the DagBag from /home/airflow/.local/lib/python3.8/site-packages/airflow/example_dags/example_sla_dag.py
[2024-10-14T21:29:33.069+0000] {processor.py:840} INFO - DAG(s) 'example_sla_dag' retrieved from /home/airflow/.local/lib/python3.8/site-packages/airflow/example_dags/example_sla_dag.py
[2024-10-14T21:29:33.082+0000] {logging_mixin.py:188} INFO - [2024-10-14T21:29:33.082+0000] {dag.py:3036} INFO - Sync 1 DAGs
[2024-10-14T21:29:33.100+0000] {logging_mixin.py:188} INFO - [2024-10-14T21:29:33.100+0000] {dag.py:3823} INFO - Setting next_dagrun for example_sla_dag to 2024-10-14 21:26:00+00:00, run_after=2024-10-14 21:28:00+00:00
[2024-10-14T21:29:33.118+0000] {processor.py:183} INFO - Processing /home/airflow/.local/lib/python3.8/site-packages/airflow/example_dags/example_sla_dag.py took 0.062 seconds
[2024-10-14T21:30:03.375+0000] {processor.py:161} INFO - Started process (PID=1661) to work on /home/airflow/.local/lib/python3.8/site-packages/airflow/example_dags/example_sla_dag.py
[2024-10-14T21:30:03.376+0000] {processor.py:830} INFO - Processing file /home/airflow/.local/lib/python3.8/site-packages/airflow/example_dags/example_sla_dag.py for tasks to queue
[2024-10-14T21:30:03.377+0000] {logging_mixin.py:188} INFO - [2024-10-14T21:30:03.377+0000] {dagbag.py:538} INFO - Filling up the DagBag from /home/airflow/.local/lib/python3.8/site-packages/airflow/example_dags/example_sla_dag.py
[2024-10-14T21:30:03.383+0000] {processor.py:840} INFO - DAG(s) 'example_sla_dag' retrieved from /home/airflow/.local/lib/python3.8/site-packages/airflow/example_dags/example_sla_dag.py
[2024-10-14T21:30:03.397+0000] {logging_mixin.py:188} INFO - [2024-10-14T21:30:03.397+0000] {dag.py:3036} INFO - Sync 1 DAGs
[2024-10-14T21:30:03.414+0000] {logging_mixin.py:188} INFO - [2024-10-14T21:30:03.414+0000] {dag.py:3823} INFO - Setting next_dagrun for example_sla_dag to 2024-10-14 21:28:00+00:00, run_after=2024-10-14 21:30:00+00:00
[2024-10-14T21:30:03.428+0000] {processor.py:183} INFO - Processing /home/airflow/.local/lib/python3.8/site-packages/airflow/example_dags/example_sla_dag.py took 0.056 seconds
[2024-10-14T21:30:33.703+0000] {processor.py:161} INFO - Started process (PID=1735) to work on /home/airflow/.local/lib/python3.8/site-packages/airflow/example_dags/example_sla_dag.py
[2024-10-14T21:30:33.704+0000] {processor.py:830} INFO - Processing file /home/airflow/.local/lib/python3.8/site-packages/airflow/example_dags/example_sla_dag.py for tasks to queue
[2024-10-14T21:30:33.705+0000] {logging_mixin.py:188} INFO - [2024-10-14T21:30:33.705+0000] {dagbag.py:538} INFO - Filling up the DagBag from /home/airflow/.local/lib/python3.8/site-packages/airflow/example_dags/example_sla_dag.py
[2024-10-14T21:30:33.712+0000] {processor.py:840} INFO - DAG(s) 'example_sla_dag' retrieved from /home/airflow/.local/lib/python3.8/site-packages/airflow/example_dags/example_sla_dag.py
[2024-10-14T21:30:33.725+0000] {logging_mixin.py:188} INFO - [2024-10-14T21:30:33.725+0000] {dag.py:3036} INFO - Sync 1 DAGs
[2024-10-14T21:30:33.743+0000] {logging_mixin.py:188} INFO - [2024-10-14T21:30:33.742+0000] {dag.py:3823} INFO - Setting next_dagrun for example_sla_dag to 2024-10-14 21:28:00+00:00, run_after=2024-10-14 21:30:00+00:00
[2024-10-14T21:30:33.758+0000] {processor.py:183} INFO - Processing /home/airflow/.local/lib/python3.8/site-packages/airflow/example_dags/example_sla_dag.py took 0.057 seconds
[2024-10-14T21:31:04.104+0000] {processor.py:161} INFO - Started process (PID=1817) to work on /home/airflow/.local/lib/python3.8/site-packages/airflow/example_dags/example_sla_dag.py
[2024-10-14T21:31:04.105+0000] {processor.py:830} INFO - Processing file /home/airflow/.local/lib/python3.8/site-packages/airflow/example_dags/example_sla_dag.py for tasks to queue
[2024-10-14T21:31:04.106+0000] {logging_mixin.py:188} INFO - [2024-10-14T21:31:04.106+0000] {dagbag.py:538} INFO - Filling up the DagBag from /home/airflow/.local/lib/python3.8/site-packages/airflow/example_dags/example_sla_dag.py
[2024-10-14T21:31:04.114+0000] {processor.py:840} INFO - DAG(s) 'example_sla_dag' retrieved from /home/airflow/.local/lib/python3.8/site-packages/airflow/example_dags/example_sla_dag.py
[2024-10-14T21:31:04.132+0000] {logging_mixin.py:188} INFO - [2024-10-14T21:31:04.131+0000] {dag.py:3036} INFO - Sync 1 DAGs
[2024-10-14T21:31:04.153+0000] {logging_mixin.py:188} INFO - [2024-10-14T21:31:04.152+0000] {dag.py:3823} INFO - Setting next_dagrun for example_sla_dag to 2024-10-14 21:28:00+00:00, run_after=2024-10-14 21:30:00+00:00
[2024-10-14T21:31:04.171+0000] {processor.py:183} INFO - Processing /home/airflow/.local/lib/python3.8/site-packages/airflow/example_dags/example_sla_dag.py took 0.071 seconds
[2024-10-14T21:31:34.456+0000] {processor.py:161} INFO - Started process (PID=1890) to work on /home/airflow/.local/lib/python3.8/site-packages/airflow/example_dags/example_sla_dag.py
[2024-10-14T21:31:34.457+0000] {processor.py:830} INFO - Processing file /home/airflow/.local/lib/python3.8/site-packages/airflow/example_dags/example_sla_dag.py for tasks to queue
[2024-10-14T21:31:34.458+0000] {logging_mixin.py:188} INFO - [2024-10-14T21:31:34.458+0000] {dagbag.py:538} INFO - Filling up the DagBag from /home/airflow/.local/lib/python3.8/site-packages/airflow/example_dags/example_sla_dag.py
[2024-10-14T21:31:34.464+0000] {processor.py:840} INFO - DAG(s) 'example_sla_dag' retrieved from /home/airflow/.local/lib/python3.8/site-packages/airflow/example_dags/example_sla_dag.py
[2024-10-14T21:31:34.476+0000] {logging_mixin.py:188} INFO - [2024-10-14T21:31:34.476+0000] {dag.py:3036} INFO - Sync 1 DAGs
[2024-10-14T21:31:34.499+0000] {logging_mixin.py:188} INFO - [2024-10-14T21:31:34.498+0000] {dag.py:3823} INFO - Setting next_dagrun for example_sla_dag to 2024-10-14 21:28:00+00:00, run_after=2024-10-14 21:30:00+00:00
[2024-10-14T21:31:34.513+0000] {processor.py:183} INFO - Processing /home/airflow/.local/lib/python3.8/site-packages/airflow/example_dags/example_sla_dag.py took 0.059 seconds
[2024-10-14T21:32:04.675+0000] {processor.py:161} INFO - Started process (PID=1972) to work on /home/airflow/.local/lib/python3.8/site-packages/airflow/example_dags/example_sla_dag.py
[2024-10-14T21:32:04.676+0000] {processor.py:830} INFO - Processing file /home/airflow/.local/lib/python3.8/site-packages/airflow/example_dags/example_sla_dag.py for tasks to queue
[2024-10-14T21:32:04.678+0000] {logging_mixin.py:188} INFO - [2024-10-14T21:32:04.677+0000] {dagbag.py:538} INFO - Filling up the DagBag from /home/airflow/.local/lib/python3.8/site-packages/airflow/example_dags/example_sla_dag.py
[2024-10-14T21:32:04.683+0000] {processor.py:840} INFO - DAG(s) 'example_sla_dag' retrieved from /home/airflow/.local/lib/python3.8/site-packages/airflow/example_dags/example_sla_dag.py
[2024-10-14T21:32:04.697+0000] {logging_mixin.py:188} INFO - [2024-10-14T21:32:04.696+0000] {dag.py:3036} INFO - Sync 1 DAGs
[2024-10-14T21:32:04.714+0000] {logging_mixin.py:188} INFO - [2024-10-14T21:32:04.714+0000] {dag.py:3823} INFO - Setting next_dagrun for example_sla_dag to 2024-10-14 21:30:00+00:00, run_after=2024-10-14 21:32:00+00:00
[2024-10-14T21:32:04.729+0000] {processor.py:183} INFO - Processing /home/airflow/.local/lib/python3.8/site-packages/airflow/example_dags/example_sla_dag.py took 0.056 seconds
[2024-10-14T21:32:35.059+0000] {processor.py:161} INFO - Started process (PID=2054) to work on /home/airflow/.local/lib/python3.8/site-packages/airflow/example_dags/example_sla_dag.py
[2024-10-14T21:32:35.060+0000] {processor.py:830} INFO - Processing file /home/airflow/.local/lib/python3.8/site-packages/airflow/example_dags/example_sla_dag.py for tasks to queue
[2024-10-14T21:32:35.061+0000] {logging_mixin.py:188} INFO - [2024-10-14T21:32:35.061+0000] {dagbag.py:538} INFO - Filling up the DagBag from /home/airflow/.local/lib/python3.8/site-packages/airflow/example_dags/example_sla_dag.py
[2024-10-14T21:32:35.068+0000] {processor.py:840} INFO - DAG(s) 'example_sla_dag' retrieved from /home/airflow/.local/lib/python3.8/site-packages/airflow/example_dags/example_sla_dag.py
[2024-10-14T21:32:35.082+0000] {logging_mixin.py:188} INFO - [2024-10-14T21:32:35.082+0000] {dag.py:3036} INFO - Sync 1 DAGs
[2024-10-14T21:32:35.101+0000] {logging_mixin.py:188} INFO - [2024-10-14T21:32:35.101+0000] {dag.py:3823} INFO - Setting next_dagrun for example_sla_dag to 2024-10-14 21:30:00+00:00, run_after=2024-10-14 21:32:00+00:00
[2024-10-14T21:32:35.117+0000] {processor.py:183} INFO - Processing /home/airflow/.local/lib/python3.8/site-packages/airflow/example_dags/example_sla_dag.py took 0.061 seconds
[2024-10-14T21:33:05.679+0000] {processor.py:161} INFO - Started process (PID=2127) to work on /home/airflow/.local/lib/python3.8/site-packages/airflow/example_dags/example_sla_dag.py
[2024-10-14T21:33:05.680+0000] {processor.py:830} INFO - Processing file /home/airflow/.local/lib/python3.8/site-packages/airflow/example_dags/example_sla_dag.py for tasks to queue
[2024-10-14T21:33:05.682+0000] {logging_mixin.py:188} INFO - [2024-10-14T21:33:05.682+0000] {dagbag.py:538} INFO - Filling up the DagBag from /home/airflow/.local/lib/python3.8/site-packages/airflow/example_dags/example_sla_dag.py
[2024-10-14T21:33:05.691+0000] {processor.py:840} INFO - DAG(s) 'example_sla_dag' retrieved from /home/airflow/.local/lib/python3.8/site-packages/airflow/example_dags/example_sla_dag.py
[2024-10-14T21:33:05.713+0000] {logging_mixin.py:188} INFO - [2024-10-14T21:33:05.712+0000] {dag.py:3036} INFO - Sync 1 DAGs
[2024-10-14T21:33:05.738+0000] {logging_mixin.py:188} INFO - [2024-10-14T21:33:05.738+0000] {dag.py:3823} INFO - Setting next_dagrun for example_sla_dag to 2024-10-14 21:30:00+00:00, run_after=2024-10-14 21:32:00+00:00
[2024-10-14T21:33:05.762+0000] {processor.py:183} INFO - Processing /home/airflow/.local/lib/python3.8/site-packages/airflow/example_dags/example_sla_dag.py took 0.086 seconds
[2024-10-14T21:33:35.784+0000] {processor.py:161} INFO - Started process (PID=2208) to work on /home/airflow/.local/lib/python3.8/site-packages/airflow/example_dags/example_sla_dag.py
[2024-10-14T21:33:35.785+0000] {processor.py:830} INFO - Processing file /home/airflow/.local/lib/python3.8/site-packages/airflow/example_dags/example_sla_dag.py for tasks to queue
[2024-10-14T21:33:35.786+0000] {logging_mixin.py:188} INFO - [2024-10-14T21:33:35.786+0000] {dagbag.py:538} INFO - Filling up the DagBag from /home/airflow/.local/lib/python3.8/site-packages/airflow/example_dags/example_sla_dag.py
[2024-10-14T21:33:35.793+0000] {processor.py:840} INFO - DAG(s) 'example_sla_dag' retrieved from /home/airflow/.local/lib/python3.8/site-packages/airflow/example_dags/example_sla_dag.py
[2024-10-14T21:33:35.812+0000] {logging_mixin.py:188} INFO - [2024-10-14T21:33:35.811+0000] {dag.py:3036} INFO - Sync 1 DAGs
[2024-10-14T21:33:35.836+0000] {logging_mixin.py:188} INFO - [2024-10-14T21:33:35.836+0000] {dag.py:3823} INFO - Setting next_dagrun for example_sla_dag to 2024-10-14 21:30:00+00:00, run_after=2024-10-14 21:32:00+00:00
[2024-10-14T21:33:35.849+0000] {processor.py:183} INFO - Processing /home/airflow/.local/lib/python3.8/site-packages/airflow/example_dags/example_sla_dag.py took 0.067 seconds
[2024-10-14T21:34:05.948+0000] {processor.py:161} INFO - Started process (PID=2282) to work on /home/airflow/.local/lib/python3.8/site-packages/airflow/example_dags/example_sla_dag.py
[2024-10-14T21:34:05.950+0000] {processor.py:830} INFO - Processing file /home/airflow/.local/lib/python3.8/site-packages/airflow/example_dags/example_sla_dag.py for tasks to queue
[2024-10-14T21:34:05.953+0000] {logging_mixin.py:188} INFO - [2024-10-14T21:34:05.952+0000] {dagbag.py:538} INFO - Filling up the DagBag from /home/airflow/.local/lib/python3.8/site-packages/airflow/example_dags/example_sla_dag.py
[2024-10-14T21:34:05.961+0000] {processor.py:840} INFO - DAG(s) 'example_sla_dag' retrieved from /home/airflow/.local/lib/python3.8/site-packages/airflow/example_dags/example_sla_dag.py
[2024-10-14T21:34:05.981+0000] {logging_mixin.py:188} INFO - [2024-10-14T21:34:05.981+0000] {dag.py:3036} INFO - Sync 1 DAGs
[2024-10-14T21:34:06.006+0000] {logging_mixin.py:188} INFO - [2024-10-14T21:34:06.006+0000] {dag.py:3823} INFO - Setting next_dagrun for example_sla_dag to 2024-10-14 21:32:00+00:00, run_after=2024-10-14 21:34:00+00:00
[2024-10-14T21:34:06.032+0000] {processor.py:183} INFO - Processing /home/airflow/.local/lib/python3.8/site-packages/airflow/example_dags/example_sla_dag.py took 0.089 seconds
[2024-10-14T21:34:36.241+0000] {processor.py:161} INFO - Started process (PID=2364) to work on /home/airflow/.local/lib/python3.8/site-packages/airflow/example_dags/example_sla_dag.py
[2024-10-14T21:34:36.242+0000] {processor.py:830} INFO - Processing file /home/airflow/.local/lib/python3.8/site-packages/airflow/example_dags/example_sla_dag.py for tasks to queue
[2024-10-14T21:34:36.243+0000] {logging_mixin.py:188} INFO - [2024-10-14T21:34:36.243+0000] {dagbag.py:538} INFO - Filling up the DagBag from /home/airflow/.local/lib/python3.8/site-packages/airflow/example_dags/example_sla_dag.py
[2024-10-14T21:34:36.249+0000] {processor.py:840} INFO - DAG(s) 'example_sla_dag' retrieved from /home/airflow/.local/lib/python3.8/site-packages/airflow/example_dags/example_sla_dag.py
[2024-10-14T21:34:36.262+0000] {logging_mixin.py:188} INFO - [2024-10-14T21:34:36.262+0000] {dag.py:3036} INFO - Sync 1 DAGs
[2024-10-14T21:34:36.279+0000] {logging_mixin.py:188} INFO - [2024-10-14T21:34:36.279+0000] {dag.py:3823} INFO - Setting next_dagrun for example_sla_dag to 2024-10-14 21:32:00+00:00, run_after=2024-10-14 21:34:00+00:00
[2024-10-14T21:34:36.294+0000] {processor.py:183} INFO - Processing /home/airflow/.local/lib/python3.8/site-packages/airflow/example_dags/example_sla_dag.py took 0.055 seconds
[2024-10-14T21:35:06.548+0000] {processor.py:161} INFO - Started process (PID=2437) to work on /home/airflow/.local/lib/python3.8/site-packages/airflow/example_dags/example_sla_dag.py
[2024-10-14T21:35:06.548+0000] {processor.py:830} INFO - Processing file /home/airflow/.local/lib/python3.8/site-packages/airflow/example_dags/example_sla_dag.py for tasks to queue
[2024-10-14T21:35:06.550+0000] {logging_mixin.py:188} INFO - [2024-10-14T21:35:06.549+0000] {dagbag.py:538} INFO - Filling up the DagBag from /home/airflow/.local/lib/python3.8/site-packages/airflow/example_dags/example_sla_dag.py
[2024-10-14T21:35:06.556+0000] {processor.py:840} INFO - DAG(s) 'example_sla_dag' retrieved from /home/airflow/.local/lib/python3.8/site-packages/airflow/example_dags/example_sla_dag.py
[2024-10-14T21:35:06.571+0000] {logging_mixin.py:188} INFO - [2024-10-14T21:35:06.570+0000] {dag.py:3036} INFO - Sync 1 DAGs
[2024-10-14T21:35:06.593+0000] {logging_mixin.py:188} INFO - [2024-10-14T21:35:06.593+0000] {dag.py:3823} INFO - Setting next_dagrun for example_sla_dag to 2024-10-14 21:32:00+00:00, run_after=2024-10-14 21:34:00+00:00
[2024-10-14T21:35:06.608+0000] {processor.py:183} INFO - Processing /home/airflow/.local/lib/python3.8/site-packages/airflow/example_dags/example_sla_dag.py took 0.063 seconds
[2024-10-14T21:35:37.051+0000] {processor.py:161} INFO - Started process (PID=2519) to work on /home/airflow/.local/lib/python3.8/site-packages/airflow/example_dags/example_sla_dag.py
[2024-10-14T21:35:37.052+0000] {processor.py:830} INFO - Processing file /home/airflow/.local/lib/python3.8/site-packages/airflow/example_dags/example_sla_dag.py for tasks to queue
[2024-10-14T21:35:37.053+0000] {logging_mixin.py:188} INFO - [2024-10-14T21:35:37.053+0000] {dagbag.py:538} INFO - Filling up the DagBag from /home/airflow/.local/lib/python3.8/site-packages/airflow/example_dags/example_sla_dag.py
[2024-10-14T21:35:37.060+0000] {processor.py:840} INFO - DAG(s) 'example_sla_dag' retrieved from /home/airflow/.local/lib/python3.8/site-packages/airflow/example_dags/example_sla_dag.py
[2024-10-14T21:35:37.074+0000] {logging_mixin.py:188} INFO - [2024-10-14T21:35:37.074+0000] {dag.py:3036} INFO - Sync 1 DAGs
[2024-10-14T21:35:37.093+0000] {logging_mixin.py:188} INFO - [2024-10-14T21:35:37.093+0000] {dag.py:3823} INFO - Setting next_dagrun for example_sla_dag to 2024-10-14 21:32:00+00:00, run_after=2024-10-14 21:34:00+00:00
[2024-10-14T21:35:37.110+0000] {processor.py:183} INFO - Processing /home/airflow/.local/lib/python3.8/site-packages/airflow/example_dags/example_sla_dag.py took 0.061 seconds
[2024-10-14T21:36:07.175+0000] {processor.py:161} INFO - Started process (PID=2593) to work on /home/airflow/.local/lib/python3.8/site-packages/airflow/example_dags/example_sla_dag.py
[2024-10-14T21:36:07.176+0000] {processor.py:830} INFO - Processing file /home/airflow/.local/lib/python3.8/site-packages/airflow/example_dags/example_sla_dag.py for tasks to queue
[2024-10-14T21:36:07.177+0000] {logging_mixin.py:188} INFO - [2024-10-14T21:36:07.177+0000] {dagbag.py:538} INFO - Filling up the DagBag from /home/airflow/.local/lib/python3.8/site-packages/airflow/example_dags/example_sla_dag.py
[2024-10-14T21:36:07.184+0000] {processor.py:840} INFO - DAG(s) 'example_sla_dag' retrieved from /home/airflow/.local/lib/python3.8/site-packages/airflow/example_dags/example_sla_dag.py
[2024-10-14T21:36:07.198+0000] {logging_mixin.py:188} INFO - [2024-10-14T21:36:07.198+0000] {dag.py:3036} INFO - Sync 1 DAGs
[2024-10-14T21:36:07.217+0000] {logging_mixin.py:188} INFO - [2024-10-14T21:36:07.217+0000] {dag.py:3823} INFO - Setting next_dagrun for example_sla_dag to 2024-10-14 21:34:00+00:00, run_after=2024-10-14 21:36:00+00:00
[2024-10-14T21:36:07.234+0000] {processor.py:183} INFO - Processing /home/airflow/.local/lib/python3.8/site-packages/airflow/example_dags/example_sla_dag.py took 0.062 seconds
[2024-10-14T21:36:37.412+0000] {processor.py:161} INFO - Started process (PID=2675) to work on /home/airflow/.local/lib/python3.8/site-packages/airflow/example_dags/example_sla_dag.py
[2024-10-14T21:36:37.413+0000] {processor.py:830} INFO - Processing file /home/airflow/.local/lib/python3.8/site-packages/airflow/example_dags/example_sla_dag.py for tasks to queue
[2024-10-14T21:36:37.414+0000] {logging_mixin.py:188} INFO - [2024-10-14T21:36:37.414+0000] {dagbag.py:538} INFO - Filling up the DagBag from /home/airflow/.local/lib/python3.8/site-packages/airflow/example_dags/example_sla_dag.py
[2024-10-14T21:36:37.420+0000] {processor.py:840} INFO - DAG(s) 'example_sla_dag' retrieved from /home/airflow/.local/lib/python3.8/site-packages/airflow/example_dags/example_sla_dag.py
[2024-10-14T21:36:37.433+0000] {logging_mixin.py:188} INFO - [2024-10-14T21:36:37.433+0000] {dag.py:3036} INFO - Sync 1 DAGs
[2024-10-14T21:36:37.451+0000] {logging_mixin.py:188} INFO - [2024-10-14T21:36:37.451+0000] {dag.py:3823} INFO - Setting next_dagrun for example_sla_dag to 2024-10-14 21:34:00+00:00, run_after=2024-10-14 21:36:00+00:00
[2024-10-14T21:36:37.469+0000] {processor.py:183} INFO - Processing /home/airflow/.local/lib/python3.8/site-packages/airflow/example_dags/example_sla_dag.py took 0.059 seconds
[2024-10-14T21:37:07.910+0000] {processor.py:161} INFO - Started process (PID=2756) to work on /home/airflow/.local/lib/python3.8/site-packages/airflow/example_dags/example_sla_dag.py
[2024-10-14T21:37:07.911+0000] {processor.py:830} INFO - Processing file /home/airflow/.local/lib/python3.8/site-packages/airflow/example_dags/example_sla_dag.py for tasks to queue
[2024-10-14T21:37:07.913+0000] {logging_mixin.py:188} INFO - [2024-10-14T21:37:07.912+0000] {dagbag.py:538} INFO - Filling up the DagBag from /home/airflow/.local/lib/python3.8/site-packages/airflow/example_dags/example_sla_dag.py
[2024-10-14T21:37:07.919+0000] {processor.py:840} INFO - DAG(s) 'example_sla_dag' retrieved from /home/airflow/.local/lib/python3.8/site-packages/airflow/example_dags/example_sla_dag.py
[2024-10-14T21:37:07.933+0000] {logging_mixin.py:188} INFO - [2024-10-14T21:37:07.933+0000] {dag.py:3036} INFO - Sync 1 DAGs
[2024-10-14T21:37:07.951+0000] {logging_mixin.py:188} INFO - [2024-10-14T21:37:07.951+0000] {dag.py:3823} INFO - Setting next_dagrun for example_sla_dag to 2024-10-14 21:34:00+00:00, run_after=2024-10-14 21:36:00+00:00
[2024-10-14T21:37:07.977+0000] {processor.py:183} INFO - Processing /home/airflow/.local/lib/python3.8/site-packages/airflow/example_dags/example_sla_dag.py took 0.069 seconds
[2024-10-14T21:37:38.364+0000] {processor.py:161} INFO - Started process (PID=2829) to work on /home/airflow/.local/lib/python3.8/site-packages/airflow/example_dags/example_sla_dag.py
[2024-10-14T21:37:38.364+0000] {processor.py:830} INFO - Processing file /home/airflow/.local/lib/python3.8/site-packages/airflow/example_dags/example_sla_dag.py for tasks to queue
[2024-10-14T21:37:38.366+0000] {logging_mixin.py:188} INFO - [2024-10-14T21:37:38.365+0000] {dagbag.py:538} INFO - Filling up the DagBag from /home/airflow/.local/lib/python3.8/site-packages/airflow/example_dags/example_sla_dag.py
[2024-10-14T21:37:38.372+0000] {processor.py:840} INFO - DAG(s) 'example_sla_dag' retrieved from /home/airflow/.local/lib/python3.8/site-packages/airflow/example_dags/example_sla_dag.py
[2024-10-14T21:37:38.387+0000] {logging_mixin.py:188} INFO - [2024-10-14T21:37:38.387+0000] {dag.py:3036} INFO - Sync 1 DAGs
[2024-10-14T21:37:38.405+0000] {logging_mixin.py:188} INFO - [2024-10-14T21:37:38.405+0000] {dag.py:3823} INFO - Setting next_dagrun for example_sla_dag to 2024-10-14 21:34:00+00:00, run_after=2024-10-14 21:36:00+00:00
[2024-10-14T21:37:38.420+0000] {processor.py:183} INFO - Processing /home/airflow/.local/lib/python3.8/site-packages/airflow/example_dags/example_sla_dag.py took 0.059 seconds
[2024-10-14T21:38:08.986+0000] {processor.py:161} INFO - Started process (PID=2911) to work on /home/airflow/.local/lib/python3.8/site-packages/airflow/example_dags/example_sla_dag.py
[2024-10-14T21:38:08.987+0000] {processor.py:830} INFO - Processing file /home/airflow/.local/lib/python3.8/site-packages/airflow/example_dags/example_sla_dag.py for tasks to queue
[2024-10-14T21:38:08.988+0000] {logging_mixin.py:188} INFO - [2024-10-14T21:38:08.988+0000] {dagbag.py:538} INFO - Filling up the DagBag from /home/airflow/.local/lib/python3.8/site-packages/airflow/example_dags/example_sla_dag.py
[2024-10-14T21:38:08.996+0000] {processor.py:840} INFO - DAG(s) 'example_sla_dag' retrieved from /home/airflow/.local/lib/python3.8/site-packages/airflow/example_dags/example_sla_dag.py
[2024-10-14T21:38:09.014+0000] {logging_mixin.py:188} INFO - [2024-10-14T21:38:09.014+0000] {dag.py:3036} INFO - Sync 1 DAGs
[2024-10-14T21:38:09.036+0000] {logging_mixin.py:188} INFO - [2024-10-14T21:38:09.036+0000] {dag.py:3823} INFO - Setting next_dagrun for example_sla_dag to 2024-10-14 21:36:00+00:00, run_after=2024-10-14 21:38:00+00:00
[2024-10-14T21:38:09.057+0000] {processor.py:183} INFO - Processing /home/airflow/.local/lib/python3.8/site-packages/airflow/example_dags/example_sla_dag.py took 0.074 seconds
[2024-10-14T21:38:39.139+0000] {processor.py:161} INFO - Started process (PID=2985) to work on /home/airflow/.local/lib/python3.8/site-packages/airflow/example_dags/example_sla_dag.py
[2024-10-14T21:38:39.140+0000] {processor.py:830} INFO - Processing file /home/airflow/.local/lib/python3.8/site-packages/airflow/example_dags/example_sla_dag.py for tasks to queue
[2024-10-14T21:38:39.141+0000] {logging_mixin.py:188} INFO - [2024-10-14T21:38:39.141+0000] {dagbag.py:538} INFO - Filling up the DagBag from /home/airflow/.local/lib/python3.8/site-packages/airflow/example_dags/example_sla_dag.py
[2024-10-14T21:38:39.151+0000] {processor.py:840} INFO - DAG(s) 'example_sla_dag' retrieved from /home/airflow/.local/lib/python3.8/site-packages/airflow/example_dags/example_sla_dag.py
[2024-10-14T21:38:39.170+0000] {logging_mixin.py:188} INFO - [2024-10-14T21:38:39.170+0000] {dag.py:3036} INFO - Sync 1 DAGs
[2024-10-14T21:38:39.221+0000] {logging_mixin.py:188} INFO - [2024-10-14T21:38:39.220+0000] {dag.py:3823} INFO - Setting next_dagrun for example_sla_dag to 2024-10-14 21:36:00+00:00, run_after=2024-10-14 21:38:00+00:00
[2024-10-14T21:38:39.248+0000] {processor.py:183} INFO - Processing /home/airflow/.local/lib/python3.8/site-packages/airflow/example_dags/example_sla_dag.py took 0.112 seconds
[2024-10-14T21:39:10.050+0000] {processor.py:161} INFO - Started process (PID=3059) to work on /home/airflow/.local/lib/python3.8/site-packages/airflow/example_dags/example_sla_dag.py
[2024-10-14T21:39:10.051+0000] {processor.py:830} INFO - Processing file /home/airflow/.local/lib/python3.8/site-packages/airflow/example_dags/example_sla_dag.py for tasks to queue
[2024-10-14T21:39:10.052+0000] {logging_mixin.py:188} INFO - [2024-10-14T21:39:10.052+0000] {dagbag.py:538} INFO - Filling up the DagBag from /home/airflow/.local/lib/python3.8/site-packages/airflow/example_dags/example_sla_dag.py
[2024-10-14T21:39:10.059+0000] {processor.py:840} INFO - DAG(s) 'example_sla_dag' retrieved from /home/airflow/.local/lib/python3.8/site-packages/airflow/example_dags/example_sla_dag.py
[2024-10-14T21:39:10.072+0000] {logging_mixin.py:188} INFO - [2024-10-14T21:39:10.072+0000] {dag.py:3036} INFO - Sync 1 DAGs
[2024-10-14T21:39:10.089+0000] {logging_mixin.py:188} INFO - [2024-10-14T21:39:10.089+0000] {dag.py:3823} INFO - Setting next_dagrun for example_sla_dag to 2024-10-14 21:36:00+00:00, run_after=2024-10-14 21:38:00+00:00
[2024-10-14T21:39:10.103+0000] {processor.py:183} INFO - Processing /home/airflow/.local/lib/python3.8/site-packages/airflow/example_dags/example_sla_dag.py took 0.055 seconds
[2024-10-14T21:44:05.137+0000] {processor.py:161} INFO - Started process (PID=98) to work on /home/airflow/.local/lib/python3.8/site-packages/airflow/example_dags/example_sla_dag.py
[2024-10-14T21:44:05.138+0000] {processor.py:830} INFO - Processing file /home/airflow/.local/lib/python3.8/site-packages/airflow/example_dags/example_sla_dag.py for tasks to queue
[2024-10-14T21:44:05.139+0000] {logging_mixin.py:188} INFO - [2024-10-14T21:44:05.139+0000] {dagbag.py:538} INFO - Filling up the DagBag from /home/airflow/.local/lib/python3.8/site-packages/airflow/example_dags/example_sla_dag.py
[2024-10-14T21:44:05.147+0000] {processor.py:840} INFO - DAG(s) 'example_sla_dag' retrieved from /home/airflow/.local/lib/python3.8/site-packages/airflow/example_dags/example_sla_dag.py
[2024-10-14T21:44:05.244+0000] {logging_mixin.py:188} INFO - [2024-10-14T21:44:05.244+0000] {dag.py:3036} INFO - Sync 1 DAGs
[2024-10-14T21:44:05.262+0000] {logging_mixin.py:188} INFO - [2024-10-14T21:44:05.262+0000] {dag.py:3823} INFO - Setting next_dagrun for example_sla_dag to 2024-10-14 21:42:00+00:00, run_after=2024-10-14 21:44:00+00:00
[2024-10-14T21:44:05.278+0000] {processor.py:183} INFO - Processing /home/airflow/.local/lib/python3.8/site-packages/airflow/example_dags/example_sla_dag.py took 0.143 seconds
[2024-10-14T21:44:35.543+0000] {processor.py:161} INFO - Started process (PID=164) to work on /home/airflow/.local/lib/python3.8/site-packages/airflow/example_dags/example_sla_dag.py
[2024-10-14T21:44:35.543+0000] {processor.py:830} INFO - Processing file /home/airflow/.local/lib/python3.8/site-packages/airflow/example_dags/example_sla_dag.py for tasks to queue
[2024-10-14T21:44:35.545+0000] {logging_mixin.py:188} INFO - [2024-10-14T21:44:35.544+0000] {dagbag.py:538} INFO - Filling up the DagBag from /home/airflow/.local/lib/python3.8/site-packages/airflow/example_dags/example_sla_dag.py
[2024-10-14T21:44:35.551+0000] {processor.py:840} INFO - DAG(s) 'example_sla_dag' retrieved from /home/airflow/.local/lib/python3.8/site-packages/airflow/example_dags/example_sla_dag.py
[2024-10-14T21:44:35.564+0000] {logging_mixin.py:188} INFO - [2024-10-14T21:44:35.564+0000] {dag.py:3036} INFO - Sync 1 DAGs
[2024-10-14T21:44:35.581+0000] {logging_mixin.py:188} INFO - [2024-10-14T21:44:35.581+0000] {dag.py:3823} INFO - Setting next_dagrun for example_sla_dag to 2024-10-14 21:42:00+00:00, run_after=2024-10-14 21:44:00+00:00
[2024-10-14T21:44:35.596+0000] {processor.py:183} INFO - Processing /home/airflow/.local/lib/python3.8/site-packages/airflow/example_dags/example_sla_dag.py took 0.055 seconds
[2024-10-14T21:45:06.107+0000] {processor.py:161} INFO - Started process (PID=238) to work on /home/airflow/.local/lib/python3.8/site-packages/airflow/example_dags/example_sla_dag.py
[2024-10-14T21:45:06.108+0000] {processor.py:830} INFO - Processing file /home/airflow/.local/lib/python3.8/site-packages/airflow/example_dags/example_sla_dag.py for tasks to queue
[2024-10-14T21:45:06.110+0000] {logging_mixin.py:188} INFO - [2024-10-14T21:45:06.109+0000] {dagbag.py:538} INFO - Filling up the DagBag from /home/airflow/.local/lib/python3.8/site-packages/airflow/example_dags/example_sla_dag.py
[2024-10-14T21:45:06.116+0000] {processor.py:840} INFO - DAG(s) 'example_sla_dag' retrieved from /home/airflow/.local/lib/python3.8/site-packages/airflow/example_dags/example_sla_dag.py
[2024-10-14T21:45:06.137+0000] {logging_mixin.py:188} INFO - [2024-10-14T21:45:06.137+0000] {dag.py:3036} INFO - Sync 1 DAGs
[2024-10-14T21:45:06.159+0000] {logging_mixin.py:188} INFO - [2024-10-14T21:45:06.159+0000] {dag.py:3823} INFO - Setting next_dagrun for example_sla_dag to 2024-10-14 21:42:00+00:00, run_after=2024-10-14 21:44:00+00:00
[2024-10-14T21:45:06.175+0000] {processor.py:183} INFO - Processing /home/airflow/.local/lib/python3.8/site-packages/airflow/example_dags/example_sla_dag.py took 0.070 seconds
[2024-10-14T21:45:36.374+0000] {processor.py:161} INFO - Started process (PID=305) to work on /home/airflow/.local/lib/python3.8/site-packages/airflow/example_dags/example_sla_dag.py
[2024-10-14T21:45:36.374+0000] {processor.py:830} INFO - Processing file /home/airflow/.local/lib/python3.8/site-packages/airflow/example_dags/example_sla_dag.py for tasks to queue
[2024-10-14T21:45:36.376+0000] {logging_mixin.py:188} INFO - [2024-10-14T21:45:36.375+0000] {dagbag.py:538} INFO - Filling up the DagBag from /home/airflow/.local/lib/python3.8/site-packages/airflow/example_dags/example_sla_dag.py
[2024-10-14T21:45:36.382+0000] {processor.py:840} INFO - DAG(s) 'example_sla_dag' retrieved from /home/airflow/.local/lib/python3.8/site-packages/airflow/example_dags/example_sla_dag.py
[2024-10-14T21:45:36.395+0000] {logging_mixin.py:188} INFO - [2024-10-14T21:45:36.395+0000] {dag.py:3036} INFO - Sync 1 DAGs
[2024-10-14T21:45:36.417+0000] {logging_mixin.py:188} INFO - [2024-10-14T21:45:36.417+0000] {dag.py:3823} INFO - Setting next_dagrun for example_sla_dag to 2024-10-14 21:42:00+00:00, run_after=2024-10-14 21:44:00+00:00
[2024-10-14T21:45:36.433+0000] {processor.py:183} INFO - Processing /home/airflow/.local/lib/python3.8/site-packages/airflow/example_dags/example_sla_dag.py took 0.062 seconds
[2024-10-14T21:46:06.866+0000] {processor.py:161} INFO - Started process (PID=378) to work on /home/airflow/.local/lib/python3.8/site-packages/airflow/example_dags/example_sla_dag.py
[2024-10-14T21:46:06.867+0000] {processor.py:830} INFO - Processing file /home/airflow/.local/lib/python3.8/site-packages/airflow/example_dags/example_sla_dag.py for tasks to queue
[2024-10-14T21:46:06.869+0000] {logging_mixin.py:188} INFO - [2024-10-14T21:46:06.868+0000] {dagbag.py:538} INFO - Filling up the DagBag from /home/airflow/.local/lib/python3.8/site-packages/airflow/example_dags/example_sla_dag.py
[2024-10-14T21:46:06.875+0000] {processor.py:840} INFO - DAG(s) 'example_sla_dag' retrieved from /home/airflow/.local/lib/python3.8/site-packages/airflow/example_dags/example_sla_dag.py
[2024-10-14T21:46:06.888+0000] {logging_mixin.py:188} INFO - [2024-10-14T21:46:06.888+0000] {dag.py:3036} INFO - Sync 1 DAGs
[2024-10-14T21:46:06.907+0000] {logging_mixin.py:188} INFO - [2024-10-14T21:46:06.907+0000] {dag.py:3823} INFO - Setting next_dagrun for example_sla_dag to 2024-10-14 21:44:00+00:00, run_after=2024-10-14 21:46:00+00:00
[2024-10-14T21:46:06.921+0000] {processor.py:183} INFO - Processing /home/airflow/.local/lib/python3.8/site-packages/airflow/example_dags/example_sla_dag.py took 0.057 seconds
[2024-10-14T21:46:37.110+0000] {processor.py:161} INFO - Started process (PID=452) to work on /home/airflow/.local/lib/python3.8/site-packages/airflow/example_dags/example_sla_dag.py
[2024-10-14T21:46:37.112+0000] {processor.py:830} INFO - Processing file /home/airflow/.local/lib/python3.8/site-packages/airflow/example_dags/example_sla_dag.py for tasks to queue
[2024-10-14T21:46:37.118+0000] {logging_mixin.py:188} INFO - [2024-10-14T21:46:37.116+0000] {dagbag.py:538} INFO - Filling up the DagBag from /home/airflow/.local/lib/python3.8/site-packages/airflow/example_dags/example_sla_dag.py
[2024-10-14T21:46:37.130+0000] {processor.py:840} INFO - DAG(s) 'example_sla_dag' retrieved from /home/airflow/.local/lib/python3.8/site-packages/airflow/example_dags/example_sla_dag.py
[2024-10-14T21:46:37.149+0000] {logging_mixin.py:188} INFO - [2024-10-14T21:46:37.149+0000] {dag.py:3036} INFO - Sync 1 DAGs
[2024-10-14T21:46:37.172+0000] {logging_mixin.py:188} INFO - [2024-10-14T21:46:37.172+0000] {dag.py:3823} INFO - Setting next_dagrun for example_sla_dag to 2024-10-14 21:44:00+00:00, run_after=2024-10-14 21:46:00+00:00
[2024-10-14T21:46:37.197+0000] {processor.py:183} INFO - Processing /home/airflow/.local/lib/python3.8/site-packages/airflow/example_dags/example_sla_dag.py took 0.092 seconds
[2024-10-14T21:50:42.574+0000] {processor.py:161} INFO - Started process (PID=107) to work on /home/airflow/.local/lib/python3.8/site-packages/airflow/example_dags/example_sla_dag.py
[2024-10-14T21:50:42.575+0000] {processor.py:830} INFO - Processing file /home/airflow/.local/lib/python3.8/site-packages/airflow/example_dags/example_sla_dag.py for tasks to queue
[2024-10-14T21:50:42.576+0000] {logging_mixin.py:188} INFO - [2024-10-14T21:50:42.576+0000] {dagbag.py:538} INFO - Filling up the DagBag from /home/airflow/.local/lib/python3.8/site-packages/airflow/example_dags/example_sla_dag.py
[2024-10-14T21:50:42.585+0000] {processor.py:840} INFO - DAG(s) 'example_sla_dag' retrieved from /home/airflow/.local/lib/python3.8/site-packages/airflow/example_dags/example_sla_dag.py
[2024-10-14T21:50:42.597+0000] {logging_mixin.py:188} INFO - [2024-10-14T21:50:42.596+0000] {dag.py:3036} INFO - Sync 1 DAGs
[2024-10-14T21:50:42.619+0000] {logging_mixin.py:188} INFO - [2024-10-14T21:50:42.619+0000] {dag.py:3823} INFO - Setting next_dagrun for example_sla_dag to 2024-10-14 21:48:00+00:00, run_after=2024-10-14 21:50:00+00:00
[2024-10-14T21:50:42.635+0000] {processor.py:183} INFO - Processing /home/airflow/.local/lib/python3.8/site-packages/airflow/example_dags/example_sla_dag.py took 0.064 seconds
[2024-10-14T21:51:13.130+0000] {processor.py:161} INFO - Started process (PID=173) to work on /home/airflow/.local/lib/python3.8/site-packages/airflow/example_dags/example_sla_dag.py
[2024-10-14T21:51:13.133+0000] {processor.py:830} INFO - Processing file /home/airflow/.local/lib/python3.8/site-packages/airflow/example_dags/example_sla_dag.py for tasks to queue
[2024-10-14T21:51:13.136+0000] {logging_mixin.py:188} INFO - [2024-10-14T21:51:13.136+0000] {dagbag.py:538} INFO - Filling up the DagBag from /home/airflow/.local/lib/python3.8/site-packages/airflow/example_dags/example_sla_dag.py
[2024-10-14T21:51:13.148+0000] {processor.py:840} INFO - DAG(s) 'example_sla_dag' retrieved from /home/airflow/.local/lib/python3.8/site-packages/airflow/example_dags/example_sla_dag.py
[2024-10-14T21:51:13.277+0000] {logging_mixin.py:188} INFO - [2024-10-14T21:51:13.277+0000] {dag.py:3036} INFO - Sync 1 DAGs
[2024-10-14T21:51:13.309+0000] {logging_mixin.py:188} INFO - [2024-10-14T21:51:13.309+0000] {dag.py:3823} INFO - Setting next_dagrun for example_sla_dag to 2024-10-14 21:48:00+00:00, run_after=2024-10-14 21:50:00+00:00
[2024-10-14T21:51:13.334+0000] {processor.py:183} INFO - Processing /home/airflow/.local/lib/python3.8/site-packages/airflow/example_dags/example_sla_dag.py took 0.208 seconds
[2024-10-14T21:51:43.945+0000] {processor.py:161} INFO - Started process (PID=245) to work on /home/airflow/.local/lib/python3.8/site-packages/airflow/example_dags/example_sla_dag.py
[2024-10-14T21:51:43.946+0000] {processor.py:830} INFO - Processing file /home/airflow/.local/lib/python3.8/site-packages/airflow/example_dags/example_sla_dag.py for tasks to queue
[2024-10-14T21:51:43.947+0000] {logging_mixin.py:188} INFO - [2024-10-14T21:51:43.947+0000] {dagbag.py:538} INFO - Filling up the DagBag from /home/airflow/.local/lib/python3.8/site-packages/airflow/example_dags/example_sla_dag.py
[2024-10-14T21:51:43.953+0000] {processor.py:840} INFO - DAG(s) 'example_sla_dag' retrieved from /home/airflow/.local/lib/python3.8/site-packages/airflow/example_dags/example_sla_dag.py
[2024-10-14T21:51:43.967+0000] {logging_mixin.py:188} INFO - [2024-10-14T21:51:43.967+0000] {dag.py:3036} INFO - Sync 1 DAGs
[2024-10-14T21:51:43.986+0000] {logging_mixin.py:188} INFO - [2024-10-14T21:51:43.986+0000] {dag.py:3823} INFO - Setting next_dagrun for example_sla_dag to 2024-10-14 21:48:00+00:00, run_after=2024-10-14 21:50:00+00:00
[2024-10-14T21:51:44.002+0000] {processor.py:183} INFO - Processing /home/airflow/.local/lib/python3.8/site-packages/airflow/example_dags/example_sla_dag.py took 0.059 seconds
[2024-10-14T21:52:14.338+0000] {processor.py:161} INFO - Started process (PID=327) to work on /home/airflow/.local/lib/python3.8/site-packages/airflow/example_dags/example_sla_dag.py
[2024-10-14T21:52:14.339+0000] {processor.py:830} INFO - Processing file /home/airflow/.local/lib/python3.8/site-packages/airflow/example_dags/example_sla_dag.py for tasks to queue
[2024-10-14T21:52:14.340+0000] {logging_mixin.py:188} INFO - [2024-10-14T21:52:14.340+0000] {dagbag.py:538} INFO - Filling up the DagBag from /home/airflow/.local/lib/python3.8/site-packages/airflow/example_dags/example_sla_dag.py
[2024-10-14T21:52:14.346+0000] {processor.py:840} INFO - DAG(s) 'example_sla_dag' retrieved from /home/airflow/.local/lib/python3.8/site-packages/airflow/example_dags/example_sla_dag.py
[2024-10-14T21:52:14.362+0000] {logging_mixin.py:188} INFO - [2024-10-14T21:52:14.362+0000] {dag.py:3036} INFO - Sync 1 DAGs
[2024-10-14T21:52:14.380+0000] {logging_mixin.py:188} INFO - [2024-10-14T21:52:14.380+0000] {dag.py:3823} INFO - Setting next_dagrun for example_sla_dag to 2024-10-14 21:50:00+00:00, run_after=2024-10-14 21:52:00+00:00
[2024-10-14T21:52:14.396+0000] {processor.py:183} INFO - Processing /home/airflow/.local/lib/python3.8/site-packages/airflow/example_dags/example_sla_dag.py took 0.062 seconds
[2024-10-14T21:52:45.102+0000] {processor.py:161} INFO - Started process (PID=408) to work on /home/airflow/.local/lib/python3.8/site-packages/airflow/example_dags/example_sla_dag.py
[2024-10-14T21:52:45.105+0000] {processor.py:830} INFO - Processing file /home/airflow/.local/lib/python3.8/site-packages/airflow/example_dags/example_sla_dag.py for tasks to queue
[2024-10-14T21:52:45.106+0000] {logging_mixin.py:188} INFO - [2024-10-14T21:52:45.106+0000] {dagbag.py:538} INFO - Filling up the DagBag from /home/airflow/.local/lib/python3.8/site-packages/airflow/example_dags/example_sla_dag.py
[2024-10-14T21:52:45.113+0000] {processor.py:840} INFO - DAG(s) 'example_sla_dag' retrieved from /home/airflow/.local/lib/python3.8/site-packages/airflow/example_dags/example_sla_dag.py
[2024-10-14T21:52:45.140+0000] {logging_mixin.py:188} INFO - [2024-10-14T21:52:45.140+0000] {dag.py:3036} INFO - Sync 1 DAGs
[2024-10-14T21:52:45.172+0000] {logging_mixin.py:188} INFO - [2024-10-14T21:52:45.171+0000] {dag.py:3823} INFO - Setting next_dagrun for example_sla_dag to 2024-10-14 21:50:00+00:00, run_after=2024-10-14 21:52:00+00:00
[2024-10-14T21:52:45.197+0000] {processor.py:183} INFO - Processing /home/airflow/.local/lib/python3.8/site-packages/airflow/example_dags/example_sla_dag.py took 0.101 seconds
[2024-10-14T21:53:15.447+0000] {processor.py:161} INFO - Started process (PID=481) to work on /home/airflow/.local/lib/python3.8/site-packages/airflow/example_dags/example_sla_dag.py
[2024-10-14T21:53:15.449+0000] {processor.py:830} INFO - Processing file /home/airflow/.local/lib/python3.8/site-packages/airflow/example_dags/example_sla_dag.py for tasks to queue
[2024-10-14T21:53:15.453+0000] {logging_mixin.py:188} INFO - [2024-10-14T21:53:15.452+0000] {dagbag.py:538} INFO - Filling up the DagBag from /home/airflow/.local/lib/python3.8/site-packages/airflow/example_dags/example_sla_dag.py
[2024-10-14T21:53:15.460+0000] {processor.py:840} INFO - DAG(s) 'example_sla_dag' retrieved from /home/airflow/.local/lib/python3.8/site-packages/airflow/example_dags/example_sla_dag.py
[2024-10-14T21:53:15.479+0000] {logging_mixin.py:188} INFO - [2024-10-14T21:53:15.479+0000] {dag.py:3036} INFO - Sync 1 DAGs
[2024-10-14T21:53:15.505+0000] {logging_mixin.py:188} INFO - [2024-10-14T21:53:15.505+0000] {dag.py:3823} INFO - Setting next_dagrun for example_sla_dag to 2024-10-14 21:50:00+00:00, run_after=2024-10-14 21:52:00+00:00
[2024-10-14T21:53:15.525+0000] {processor.py:183} INFO - Processing /home/airflow/.local/lib/python3.8/site-packages/airflow/example_dags/example_sla_dag.py took 0.080 seconds
[2024-10-14T21:53:45.785+0000] {processor.py:161} INFO - Started process (PID=561) to work on /home/airflow/.local/lib/python3.8/site-packages/airflow/example_dags/example_sla_dag.py
[2024-10-14T21:53:45.788+0000] {processor.py:830} INFO - Processing file /home/airflow/.local/lib/python3.8/site-packages/airflow/example_dags/example_sla_dag.py for tasks to queue
[2024-10-14T21:53:45.790+0000] {logging_mixin.py:188} INFO - [2024-10-14T21:53:45.790+0000] {dagbag.py:538} INFO - Filling up the DagBag from /home/airflow/.local/lib/python3.8/site-packages/airflow/example_dags/example_sla_dag.py
[2024-10-14T21:53:45.797+0000] {processor.py:840} INFO - DAG(s) 'example_sla_dag' retrieved from /home/airflow/.local/lib/python3.8/site-packages/airflow/example_dags/example_sla_dag.py
[2024-10-14T21:53:45.828+0000] {logging_mixin.py:188} INFO - [2024-10-14T21:53:45.827+0000] {dag.py:3036} INFO - Sync 1 DAGs
[2024-10-14T21:53:45.872+0000] {logging_mixin.py:188} INFO - [2024-10-14T21:53:45.872+0000] {dag.py:3823} INFO - Setting next_dagrun for example_sla_dag to 2024-10-14 21:50:00+00:00, run_after=2024-10-14 21:52:00+00:00
[2024-10-14T21:53:45.897+0000] {processor.py:183} INFO - Processing /home/airflow/.local/lib/python3.8/site-packages/airflow/example_dags/example_sla_dag.py took 0.117 seconds
[2024-10-14T21:54:16.309+0000] {processor.py:161} INFO - Started process (PID=645) to work on /home/airflow/.local/lib/python3.8/site-packages/airflow/example_dags/example_sla_dag.py
[2024-10-14T21:54:16.310+0000] {processor.py:830} INFO - Processing file /home/airflow/.local/lib/python3.8/site-packages/airflow/example_dags/example_sla_dag.py for tasks to queue
[2024-10-14T21:54:16.311+0000] {logging_mixin.py:188} INFO - [2024-10-14T21:54:16.311+0000] {dagbag.py:538} INFO - Filling up the DagBag from /home/airflow/.local/lib/python3.8/site-packages/airflow/example_dags/example_sla_dag.py
[2024-10-14T21:54:16.322+0000] {processor.py:840} INFO - DAG(s) 'example_sla_dag' retrieved from /home/airflow/.local/lib/python3.8/site-packages/airflow/example_dags/example_sla_dag.py
[2024-10-14T21:54:16.342+0000] {logging_mixin.py:188} INFO - [2024-10-14T21:54:16.342+0000] {dag.py:3036} INFO - Sync 1 DAGs
[2024-10-14T21:54:16.370+0000] {logging_mixin.py:188} INFO - [2024-10-14T21:54:16.369+0000] {dag.py:3823} INFO - Setting next_dagrun for example_sla_dag to 2024-10-14 21:52:00+00:00, run_after=2024-10-14 21:54:00+00:00
[2024-10-14T21:54:16.392+0000] {processor.py:183} INFO - Processing /home/airflow/.local/lib/python3.8/site-packages/airflow/example_dags/example_sla_dag.py took 0.085 seconds
[2024-10-14T21:58:42.179+0000] {processor.py:161} INFO - Started process (PID=98) to work on /home/airflow/.local/lib/python3.8/site-packages/airflow/example_dags/example_sla_dag.py
[2024-10-14T21:58:42.180+0000] {processor.py:830} INFO - Processing file /home/airflow/.local/lib/python3.8/site-packages/airflow/example_dags/example_sla_dag.py for tasks to queue
[2024-10-14T21:58:42.182+0000] {logging_mixin.py:188} INFO - [2024-10-14T21:58:42.181+0000] {dagbag.py:538} INFO - Filling up the DagBag from /home/airflow/.local/lib/python3.8/site-packages/airflow/example_dags/example_sla_dag.py
[2024-10-14T21:58:42.197+0000] {processor.py:840} INFO - DAG(s) 'example_sla_dag' retrieved from /home/airflow/.local/lib/python3.8/site-packages/airflow/example_dags/example_sla_dag.py
[2024-10-14T21:58:42.214+0000] {logging_mixin.py:188} INFO - [2024-10-14T21:58:42.214+0000] {dag.py:3036} INFO - Sync 1 DAGs
[2024-10-14T21:58:42.251+0000] {logging_mixin.py:188} INFO - [2024-10-14T21:58:42.251+0000] {dag.py:3823} INFO - Setting next_dagrun for example_sla_dag to 2024-10-14 21:56:00+00:00, run_after=2024-10-14 21:58:00+00:00
[2024-10-14T21:58:42.283+0000] {processor.py:183} INFO - Processing /home/airflow/.local/lib/python3.8/site-packages/airflow/example_dags/example_sla_dag.py took 0.108 seconds
[2024-10-14T21:59:12.319+0000] {processor.py:161} INFO - Started process (PID=171) to work on /home/airflow/.local/lib/python3.8/site-packages/airflow/example_dags/example_sla_dag.py
[2024-10-14T21:59:12.320+0000] {processor.py:830} INFO - Processing file /home/airflow/.local/lib/python3.8/site-packages/airflow/example_dags/example_sla_dag.py for tasks to queue
[2024-10-14T21:59:12.321+0000] {logging_mixin.py:188} INFO - [2024-10-14T21:59:12.321+0000] {dagbag.py:538} INFO - Filling up the DagBag from /home/airflow/.local/lib/python3.8/site-packages/airflow/example_dags/example_sla_dag.py
[2024-10-14T21:59:12.327+0000] {processor.py:840} INFO - DAG(s) 'example_sla_dag' retrieved from /home/airflow/.local/lib/python3.8/site-packages/airflow/example_dags/example_sla_dag.py
[2024-10-14T21:59:12.407+0000] {logging_mixin.py:188} INFO - [2024-10-14T21:59:12.407+0000] {dag.py:3036} INFO - Sync 1 DAGs
[2024-10-14T21:59:12.423+0000] {logging_mixin.py:188} INFO - [2024-10-14T21:59:12.422+0000] {dag.py:3823} INFO - Setting next_dagrun for example_sla_dag to 2024-10-14 21:56:00+00:00, run_after=2024-10-14 21:58:00+00:00
[2024-10-14T21:59:12.438+0000] {processor.py:183} INFO - Processing /home/airflow/.local/lib/python3.8/site-packages/airflow/example_dags/example_sla_dag.py took 0.122 seconds
[2024-10-14T21:59:43.130+0000] {processor.py:161} INFO - Started process (PID=245) to work on /home/airflow/.local/lib/python3.8/site-packages/airflow/example_dags/example_sla_dag.py
[2024-10-14T21:59:43.131+0000] {processor.py:830} INFO - Processing file /home/airflow/.local/lib/python3.8/site-packages/airflow/example_dags/example_sla_dag.py for tasks to queue
[2024-10-14T21:59:43.133+0000] {logging_mixin.py:188} INFO - [2024-10-14T21:59:43.132+0000] {dagbag.py:538} INFO - Filling up the DagBag from /home/airflow/.local/lib/python3.8/site-packages/airflow/example_dags/example_sla_dag.py
[2024-10-14T21:59:43.143+0000] {processor.py:840} INFO - DAG(s) 'example_sla_dag' retrieved from /home/airflow/.local/lib/python3.8/site-packages/airflow/example_dags/example_sla_dag.py
[2024-10-14T21:59:43.159+0000] {logging_mixin.py:188} INFO - [2024-10-14T21:59:43.159+0000] {dag.py:3036} INFO - Sync 1 DAGs
[2024-10-14T21:59:43.180+0000] {logging_mixin.py:188} INFO - [2024-10-14T21:59:43.180+0000] {dag.py:3823} INFO - Setting next_dagrun for example_sla_dag to 2024-10-14 21:56:00+00:00, run_after=2024-10-14 21:58:00+00:00
[2024-10-14T21:59:43.197+0000] {processor.py:183} INFO - Processing /home/airflow/.local/lib/python3.8/site-packages/airflow/example_dags/example_sla_dag.py took 0.069 seconds
[2024-10-14T22:00:13.651+0000] {processor.py:161} INFO - Started process (PID=327) to work on /home/airflow/.local/lib/python3.8/site-packages/airflow/example_dags/example_sla_dag.py
[2024-10-14T22:00:13.652+0000] {processor.py:830} INFO - Processing file /home/airflow/.local/lib/python3.8/site-packages/airflow/example_dags/example_sla_dag.py for tasks to queue
[2024-10-14T22:00:13.654+0000] {logging_mixin.py:188} INFO - [2024-10-14T22:00:13.653+0000] {dagbag.py:538} INFO - Filling up the DagBag from /home/airflow/.local/lib/python3.8/site-packages/airflow/example_dags/example_sla_dag.py
[2024-10-14T22:00:13.660+0000] {processor.py:840} INFO - DAG(s) 'example_sla_dag' retrieved from /home/airflow/.local/lib/python3.8/site-packages/airflow/example_dags/example_sla_dag.py
[2024-10-14T22:00:13.675+0000] {logging_mixin.py:188} INFO - [2024-10-14T22:00:13.675+0000] {dag.py:3036} INFO - Sync 1 DAGs
[2024-10-14T22:00:13.695+0000] {logging_mixin.py:188} INFO - [2024-10-14T22:00:13.695+0000] {dag.py:3823} INFO - Setting next_dagrun for example_sla_dag to 2024-10-14 21:58:00+00:00, run_after=2024-10-14 22:00:00+00:00
[2024-10-14T22:00:13.711+0000] {processor.py:183} INFO - Processing /home/airflow/.local/lib/python3.8/site-packages/airflow/example_dags/example_sla_dag.py took 0.063 seconds
[2024-10-14T22:00:44.032+0000] {processor.py:161} INFO - Started process (PID=401) to work on /home/airflow/.local/lib/python3.8/site-packages/airflow/example_dags/example_sla_dag.py
[2024-10-14T22:00:44.032+0000] {processor.py:830} INFO - Processing file /home/airflow/.local/lib/python3.8/site-packages/airflow/example_dags/example_sla_dag.py for tasks to queue
[2024-10-14T22:00:44.034+0000] {logging_mixin.py:188} INFO - [2024-10-14T22:00:44.033+0000] {dagbag.py:538} INFO - Filling up the DagBag from /home/airflow/.local/lib/python3.8/site-packages/airflow/example_dags/example_sla_dag.py
[2024-10-14T22:00:44.046+0000] {processor.py:840} INFO - DAG(s) 'example_sla_dag' retrieved from /home/airflow/.local/lib/python3.8/site-packages/airflow/example_dags/example_sla_dag.py
[2024-10-14T22:00:44.068+0000] {logging_mixin.py:188} INFO - [2024-10-14T22:00:44.067+0000] {dag.py:3036} INFO - Sync 1 DAGs
[2024-10-14T22:00:44.098+0000] {logging_mixin.py:188} INFO - [2024-10-14T22:00:44.098+0000] {dag.py:3823} INFO - Setting next_dagrun for example_sla_dag to 2024-10-14 21:58:00+00:00, run_after=2024-10-14 22:00:00+00:00
[2024-10-14T22:00:44.125+0000] {processor.py:183} INFO - Processing /home/airflow/.local/lib/python3.8/site-packages/airflow/example_dags/example_sla_dag.py took 0.096 seconds
[2024-10-14T22:01:14.261+0000] {processor.py:161} INFO - Started process (PID=475) to work on /home/airflow/.local/lib/python3.8/site-packages/airflow/example_dags/example_sla_dag.py
[2024-10-14T22:01:14.263+0000] {processor.py:830} INFO - Processing file /home/airflow/.local/lib/python3.8/site-packages/airflow/example_dags/example_sla_dag.py for tasks to queue
[2024-10-14T22:01:14.264+0000] {logging_mixin.py:188} INFO - [2024-10-14T22:01:14.264+0000] {dagbag.py:538} INFO - Filling up the DagBag from /home/airflow/.local/lib/python3.8/site-packages/airflow/example_dags/example_sla_dag.py
[2024-10-14T22:01:14.275+0000] {processor.py:840} INFO - DAG(s) 'example_sla_dag' retrieved from /home/airflow/.local/lib/python3.8/site-packages/airflow/example_dags/example_sla_dag.py
[2024-10-14T22:01:14.299+0000] {logging_mixin.py:188} INFO - [2024-10-14T22:01:14.299+0000] {dag.py:3036} INFO - Sync 1 DAGs
[2024-10-14T22:01:14.331+0000] {logging_mixin.py:188} INFO - [2024-10-14T22:01:14.330+0000] {dag.py:3823} INFO - Setting next_dagrun for example_sla_dag to 2024-10-14 21:58:00+00:00, run_after=2024-10-14 22:00:00+00:00
[2024-10-14T22:01:14.362+0000] {processor.py:183} INFO - Processing /home/airflow/.local/lib/python3.8/site-packages/airflow/example_dags/example_sla_dag.py took 0.103 seconds
[2024-10-14T22:01:44.763+0000] {processor.py:161} INFO - Started process (PID=557) to work on /home/airflow/.local/lib/python3.8/site-packages/airflow/example_dags/example_sla_dag.py
[2024-10-14T22:01:44.764+0000] {processor.py:830} INFO - Processing file /home/airflow/.local/lib/python3.8/site-packages/airflow/example_dags/example_sla_dag.py for tasks to queue
[2024-10-14T22:01:44.765+0000] {logging_mixin.py:188} INFO - [2024-10-14T22:01:44.765+0000] {dagbag.py:538} INFO - Filling up the DagBag from /home/airflow/.local/lib/python3.8/site-packages/airflow/example_dags/example_sla_dag.py
[2024-10-14T22:01:44.776+0000] {processor.py:840} INFO - DAG(s) 'example_sla_dag' retrieved from /home/airflow/.local/lib/python3.8/site-packages/airflow/example_dags/example_sla_dag.py
[2024-10-14T22:01:44.795+0000] {logging_mixin.py:188} INFO - [2024-10-14T22:01:44.795+0000] {dag.py:3036} INFO - Sync 1 DAGs
[2024-10-14T22:01:44.817+0000] {logging_mixin.py:188} INFO - [2024-10-14T22:01:44.817+0000] {dag.py:3823} INFO - Setting next_dagrun for example_sla_dag to 2024-10-14 21:58:00+00:00, run_after=2024-10-14 22:00:00+00:00
[2024-10-14T22:01:44.834+0000] {processor.py:183} INFO - Processing /home/airflow/.local/lib/python3.8/site-packages/airflow/example_dags/example_sla_dag.py took 0.073 seconds
[2024-10-14T22:02:15.167+0000] {processor.py:161} INFO - Started process (PID=631) to work on /home/airflow/.local/lib/python3.8/site-packages/airflow/example_dags/example_sla_dag.py
[2024-10-14T22:02:15.168+0000] {processor.py:830} INFO - Processing file /home/airflow/.local/lib/python3.8/site-packages/airflow/example_dags/example_sla_dag.py for tasks to queue
[2024-10-14T22:02:15.171+0000] {logging_mixin.py:188} INFO - [2024-10-14T22:02:15.170+0000] {dagbag.py:538} INFO - Filling up the DagBag from /home/airflow/.local/lib/python3.8/site-packages/airflow/example_dags/example_sla_dag.py
[2024-10-14T22:02:15.178+0000] {processor.py:840} INFO - DAG(s) 'example_sla_dag' retrieved from /home/airflow/.local/lib/python3.8/site-packages/airflow/example_dags/example_sla_dag.py
[2024-10-14T22:02:15.195+0000] {logging_mixin.py:188} INFO - [2024-10-14T22:02:15.194+0000] {dag.py:3036} INFO - Sync 1 DAGs
[2024-10-14T22:02:15.215+0000] {logging_mixin.py:188} INFO - [2024-10-14T22:02:15.215+0000] {dag.py:3823} INFO - Setting next_dagrun for example_sla_dag to 2024-10-14 22:00:00+00:00, run_after=2024-10-14 22:02:00+00:00
[2024-10-14T22:02:15.231+0000] {processor.py:183} INFO - Processing /home/airflow/.local/lib/python3.8/site-packages/airflow/example_dags/example_sla_dag.py took 0.066 seconds
[2024-10-14T22:02:45.895+0000] {processor.py:161} INFO - Started process (PID=713) to work on /home/airflow/.local/lib/python3.8/site-packages/airflow/example_dags/example_sla_dag.py
[2024-10-14T22:02:45.896+0000] {processor.py:830} INFO - Processing file /home/airflow/.local/lib/python3.8/site-packages/airflow/example_dags/example_sla_dag.py for tasks to queue
[2024-10-14T22:02:45.897+0000] {logging_mixin.py:188} INFO - [2024-10-14T22:02:45.896+0000] {dagbag.py:538} INFO - Filling up the DagBag from /home/airflow/.local/lib/python3.8/site-packages/airflow/example_dags/example_sla_dag.py
[2024-10-14T22:02:45.903+0000] {processor.py:840} INFO - DAG(s) 'example_sla_dag' retrieved from /home/airflow/.local/lib/python3.8/site-packages/airflow/example_dags/example_sla_dag.py
[2024-10-14T22:02:45.925+0000] {logging_mixin.py:188} INFO - [2024-10-14T22:02:45.925+0000] {dag.py:3036} INFO - Sync 1 DAGs
[2024-10-14T22:02:45.945+0000] {logging_mixin.py:188} INFO - [2024-10-14T22:02:45.944+0000] {dag.py:3823} INFO - Setting next_dagrun for example_sla_dag to 2024-10-14 22:00:00+00:00, run_after=2024-10-14 22:02:00+00:00
[2024-10-14T22:02:45.960+0000] {processor.py:183} INFO - Processing /home/airflow/.local/lib/python3.8/site-packages/airflow/example_dags/example_sla_dag.py took 0.067 seconds
[2024-10-14T22:03:16.366+0000] {processor.py:161} INFO - Started process (PID=787) to work on /home/airflow/.local/lib/python3.8/site-packages/airflow/example_dags/example_sla_dag.py
[2024-10-14T22:03:16.366+0000] {processor.py:830} INFO - Processing file /home/airflow/.local/lib/python3.8/site-packages/airflow/example_dags/example_sla_dag.py for tasks to queue
[2024-10-14T22:03:16.368+0000] {logging_mixin.py:188} INFO - [2024-10-14T22:03:16.367+0000] {dagbag.py:538} INFO - Filling up the DagBag from /home/airflow/.local/lib/python3.8/site-packages/airflow/example_dags/example_sla_dag.py
[2024-10-14T22:03:16.378+0000] {processor.py:840} INFO - DAG(s) 'example_sla_dag' retrieved from /home/airflow/.local/lib/python3.8/site-packages/airflow/example_dags/example_sla_dag.py
[2024-10-14T22:03:16.394+0000] {logging_mixin.py:188} INFO - [2024-10-14T22:03:16.394+0000] {dag.py:3036} INFO - Sync 1 DAGs
[2024-10-14T22:03:16.415+0000] {logging_mixin.py:188} INFO - [2024-10-14T22:03:16.415+0000] {dag.py:3823} INFO - Setting next_dagrun for example_sla_dag to 2024-10-14 22:00:00+00:00, run_after=2024-10-14 22:02:00+00:00
[2024-10-14T22:03:16.442+0000] {processor.py:183} INFO - Processing /home/airflow/.local/lib/python3.8/site-packages/airflow/example_dags/example_sla_dag.py took 0.079 seconds
[2024-10-14T22:03:47.295+0000] {processor.py:161} INFO - Started process (PID=868) to work on /home/airflow/.local/lib/python3.8/site-packages/airflow/example_dags/example_sla_dag.py
[2024-10-14T22:03:47.296+0000] {processor.py:830} INFO - Processing file /home/airflow/.local/lib/python3.8/site-packages/airflow/example_dags/example_sla_dag.py for tasks to queue
[2024-10-14T22:03:47.297+0000] {logging_mixin.py:188} INFO - [2024-10-14T22:03:47.297+0000] {dagbag.py:538} INFO - Filling up the DagBag from /home/airflow/.local/lib/python3.8/site-packages/airflow/example_dags/example_sla_dag.py
[2024-10-14T22:03:47.302+0000] {processor.py:840} INFO - DAG(s) 'example_sla_dag' retrieved from /home/airflow/.local/lib/python3.8/site-packages/airflow/example_dags/example_sla_dag.py
[2024-10-14T22:03:47.315+0000] {logging_mixin.py:188} INFO - [2024-10-14T22:03:47.315+0000] {dag.py:3036} INFO - Sync 1 DAGs
[2024-10-14T22:03:47.331+0000] {logging_mixin.py:188} INFO - [2024-10-14T22:03:47.331+0000] {dag.py:3823} INFO - Setting next_dagrun for example_sla_dag to 2024-10-14 22:00:00+00:00, run_after=2024-10-14 22:02:00+00:00
[2024-10-14T22:03:47.342+0000] {processor.py:183} INFO - Processing /home/airflow/.local/lib/python3.8/site-packages/airflow/example_dags/example_sla_dag.py took 0.049 seconds
[2024-10-14T22:04:17.541+0000] {processor.py:161} INFO - Started process (PID=942) to work on /home/airflow/.local/lib/python3.8/site-packages/airflow/example_dags/example_sla_dag.py
[2024-10-14T22:04:17.542+0000] {processor.py:830} INFO - Processing file /home/airflow/.local/lib/python3.8/site-packages/airflow/example_dags/example_sla_dag.py for tasks to queue
[2024-10-14T22:04:17.543+0000] {logging_mixin.py:188} INFO - [2024-10-14T22:04:17.543+0000] {dagbag.py:538} INFO - Filling up the DagBag from /home/airflow/.local/lib/python3.8/site-packages/airflow/example_dags/example_sla_dag.py
[2024-10-14T22:04:17.549+0000] {processor.py:840} INFO - DAG(s) 'example_sla_dag' retrieved from /home/airflow/.local/lib/python3.8/site-packages/airflow/example_dags/example_sla_dag.py
[2024-10-14T22:04:17.564+0000] {logging_mixin.py:188} INFO - [2024-10-14T22:04:17.564+0000] {dag.py:3036} INFO - Sync 1 DAGs
[2024-10-14T22:04:17.584+0000] {logging_mixin.py:188} INFO - [2024-10-14T22:04:17.583+0000] {dag.py:3823} INFO - Setting next_dagrun for example_sla_dag to 2024-10-14 22:02:00+00:00, run_after=2024-10-14 22:04:00+00:00
[2024-10-14T22:04:17.597+0000] {processor.py:183} INFO - Processing /home/airflow/.local/lib/python3.8/site-packages/airflow/example_dags/example_sla_dag.py took 0.059 seconds
[2024-10-14T22:04:48.349+0000] {processor.py:161} INFO - Started process (PID=1022) to work on /home/airflow/.local/lib/python3.8/site-packages/airflow/example_dags/example_sla_dag.py
[2024-10-14T22:04:48.351+0000] {processor.py:830} INFO - Processing file /home/airflow/.local/lib/python3.8/site-packages/airflow/example_dags/example_sla_dag.py for tasks to queue
[2024-10-14T22:04:48.357+0000] {logging_mixin.py:188} INFO - [2024-10-14T22:04:48.355+0000] {dagbag.py:538} INFO - Filling up the DagBag from /home/airflow/.local/lib/python3.8/site-packages/airflow/example_dags/example_sla_dag.py
[2024-10-14T22:04:48.373+0000] {processor.py:840} INFO - DAG(s) 'example_sla_dag' retrieved from /home/airflow/.local/lib/python3.8/site-packages/airflow/example_dags/example_sla_dag.py
[2024-10-14T22:04:48.394+0000] {logging_mixin.py:188} INFO - [2024-10-14T22:04:48.393+0000] {dag.py:3036} INFO - Sync 1 DAGs
[2024-10-14T22:04:48.416+0000] {logging_mixin.py:188} INFO - [2024-10-14T22:04:48.416+0000] {dag.py:3823} INFO - Setting next_dagrun for example_sla_dag to 2024-10-14 22:02:00+00:00, run_after=2024-10-14 22:04:00+00:00
[2024-10-14T22:04:48.440+0000] {processor.py:183} INFO - Processing /home/airflow/.local/lib/python3.8/site-packages/airflow/example_dags/example_sla_dag.py took 0.096 seconds
[2024-10-14T22:05:19.235+0000] {processor.py:161} INFO - Started process (PID=1096) to work on /home/airflow/.local/lib/python3.8/site-packages/airflow/example_dags/example_sla_dag.py
[2024-10-14T22:05:19.237+0000] {processor.py:830} INFO - Processing file /home/airflow/.local/lib/python3.8/site-packages/airflow/example_dags/example_sla_dag.py for tasks to queue
[2024-10-14T22:05:19.238+0000] {logging_mixin.py:188} INFO - [2024-10-14T22:05:19.238+0000] {dagbag.py:538} INFO - Filling up the DagBag from /home/airflow/.local/lib/python3.8/site-packages/airflow/example_dags/example_sla_dag.py
[2024-10-14T22:05:19.245+0000] {processor.py:840} INFO - DAG(s) 'example_sla_dag' retrieved from /home/airflow/.local/lib/python3.8/site-packages/airflow/example_dags/example_sla_dag.py
[2024-10-14T22:05:19.260+0000] {logging_mixin.py:188} INFO - [2024-10-14T22:05:19.260+0000] {dag.py:3036} INFO - Sync 1 DAGs
[2024-10-14T22:05:19.280+0000] {logging_mixin.py:188} INFO - [2024-10-14T22:05:19.280+0000] {dag.py:3823} INFO - Setting next_dagrun for example_sla_dag to 2024-10-14 22:02:00+00:00, run_after=2024-10-14 22:04:00+00:00
[2024-10-14T22:05:19.293+0000] {processor.py:183} INFO - Processing /home/airflow/.local/lib/python3.8/site-packages/airflow/example_dags/example_sla_dag.py took 0.060 seconds
[2024-10-14T22:05:49.402+0000] {processor.py:161} INFO - Started process (PID=1178) to work on /home/airflow/.local/lib/python3.8/site-packages/airflow/example_dags/example_sla_dag.py
[2024-10-14T22:05:49.403+0000] {processor.py:830} INFO - Processing file /home/airflow/.local/lib/python3.8/site-packages/airflow/example_dags/example_sla_dag.py for tasks to queue
[2024-10-14T22:05:49.404+0000] {logging_mixin.py:188} INFO - [2024-10-14T22:05:49.404+0000] {dagbag.py:538} INFO - Filling up the DagBag from /home/airflow/.local/lib/python3.8/site-packages/airflow/example_dags/example_sla_dag.py
[2024-10-14T22:05:49.410+0000] {processor.py:840} INFO - DAG(s) 'example_sla_dag' retrieved from /home/airflow/.local/lib/python3.8/site-packages/airflow/example_dags/example_sla_dag.py
[2024-10-14T22:05:49.422+0000] {logging_mixin.py:188} INFO - [2024-10-14T22:05:49.422+0000] {dag.py:3036} INFO - Sync 1 DAGs
[2024-10-14T22:05:49.438+0000] {logging_mixin.py:188} INFO - [2024-10-14T22:05:49.438+0000] {dag.py:3823} INFO - Setting next_dagrun for example_sla_dag to 2024-10-14 22:02:00+00:00, run_after=2024-10-14 22:04:00+00:00
[2024-10-14T22:05:49.452+0000] {processor.py:183} INFO - Processing /home/airflow/.local/lib/python3.8/site-packages/airflow/example_dags/example_sla_dag.py took 0.052 seconds
[2024-10-14T22:06:19.521+0000] {processor.py:161} INFO - Started process (PID=1252) to work on /home/airflow/.local/lib/python3.8/site-packages/airflow/example_dags/example_sla_dag.py
[2024-10-14T22:06:19.522+0000] {processor.py:830} INFO - Processing file /home/airflow/.local/lib/python3.8/site-packages/airflow/example_dags/example_sla_dag.py for tasks to queue
[2024-10-14T22:06:19.523+0000] {logging_mixin.py:188} INFO - [2024-10-14T22:06:19.523+0000] {dagbag.py:538} INFO - Filling up the DagBag from /home/airflow/.local/lib/python3.8/site-packages/airflow/example_dags/example_sla_dag.py
[2024-10-14T22:06:19.529+0000] {processor.py:840} INFO - DAG(s) 'example_sla_dag' retrieved from /home/airflow/.local/lib/python3.8/site-packages/airflow/example_dags/example_sla_dag.py
[2024-10-14T22:06:19.541+0000] {logging_mixin.py:188} INFO - [2024-10-14T22:06:19.541+0000] {dag.py:3036} INFO - Sync 1 DAGs
[2024-10-14T22:06:19.557+0000] {logging_mixin.py:188} INFO - [2024-10-14T22:06:19.557+0000] {dag.py:3823} INFO - Setting next_dagrun for example_sla_dag to 2024-10-14 22:04:00+00:00, run_after=2024-10-14 22:06:00+00:00
[2024-10-14T22:06:19.569+0000] {processor.py:183} INFO - Processing /home/airflow/.local/lib/python3.8/site-packages/airflow/example_dags/example_sla_dag.py took 0.051 seconds
[2024-10-14T22:06:49.911+0000] {processor.py:161} INFO - Started process (PID=1334) to work on /home/airflow/.local/lib/python3.8/site-packages/airflow/example_dags/example_sla_dag.py
[2024-10-14T22:06:49.911+0000] {processor.py:830} INFO - Processing file /home/airflow/.local/lib/python3.8/site-packages/airflow/example_dags/example_sla_dag.py for tasks to queue
[2024-10-14T22:06:49.912+0000] {logging_mixin.py:188} INFO - [2024-10-14T22:06:49.912+0000] {dagbag.py:538} INFO - Filling up the DagBag from /home/airflow/.local/lib/python3.8/site-packages/airflow/example_dags/example_sla_dag.py
[2024-10-14T22:06:49.918+0000] {processor.py:840} INFO - DAG(s) 'example_sla_dag' retrieved from /home/airflow/.local/lib/python3.8/site-packages/airflow/example_dags/example_sla_dag.py
[2024-10-14T22:06:49.932+0000] {logging_mixin.py:188} INFO - [2024-10-14T22:06:49.931+0000] {dag.py:3036} INFO - Sync 1 DAGs
[2024-10-14T22:06:49.948+0000] {logging_mixin.py:188} INFO - [2024-10-14T22:06:49.947+0000] {dag.py:3823} INFO - Setting next_dagrun for example_sla_dag to 2024-10-14 22:04:00+00:00, run_after=2024-10-14 22:06:00+00:00
[2024-10-14T22:06:49.960+0000] {processor.py:183} INFO - Processing /home/airflow/.local/lib/python3.8/site-packages/airflow/example_dags/example_sla_dag.py took 0.052 seconds
[2024-10-14T22:07:20.432+0000] {processor.py:161} INFO - Started process (PID=1417) to work on /home/airflow/.local/lib/python3.8/site-packages/airflow/example_dags/example_sla_dag.py
[2024-10-14T22:07:20.433+0000] {processor.py:830} INFO - Processing file /home/airflow/.local/lib/python3.8/site-packages/airflow/example_dags/example_sla_dag.py for tasks to queue
[2024-10-14T22:07:20.434+0000] {logging_mixin.py:188} INFO - [2024-10-14T22:07:20.434+0000] {dagbag.py:538} INFO - Filling up the DagBag from /home/airflow/.local/lib/python3.8/site-packages/airflow/example_dags/example_sla_dag.py
[2024-10-14T22:07:20.444+0000] {processor.py:840} INFO - DAG(s) 'example_sla_dag' retrieved from /home/airflow/.local/lib/python3.8/site-packages/airflow/example_dags/example_sla_dag.py
[2024-10-14T22:07:20.459+0000] {logging_mixin.py:188} INFO - [2024-10-14T22:07:20.459+0000] {dag.py:3036} INFO - Sync 1 DAGs
[2024-10-14T22:07:20.478+0000] {logging_mixin.py:188} INFO - [2024-10-14T22:07:20.478+0000] {dag.py:3823} INFO - Setting next_dagrun for example_sla_dag to 2024-10-14 22:04:00+00:00, run_after=2024-10-14 22:06:00+00:00
[2024-10-14T22:07:20.498+0000] {processor.py:183} INFO - Processing /home/airflow/.local/lib/python3.8/site-packages/airflow/example_dags/example_sla_dag.py took 0.068 seconds
[2024-10-14T22:07:50.645+0000] {processor.py:161} INFO - Started process (PID=1491) to work on /home/airflow/.local/lib/python3.8/site-packages/airflow/example_dags/example_sla_dag.py
[2024-10-14T22:07:50.645+0000] {processor.py:830} INFO - Processing file /home/airflow/.local/lib/python3.8/site-packages/airflow/example_dags/example_sla_dag.py for tasks to queue
[2024-10-14T22:07:50.647+0000] {logging_mixin.py:188} INFO - [2024-10-14T22:07:50.647+0000] {dagbag.py:538} INFO - Filling up the DagBag from /home/airflow/.local/lib/python3.8/site-packages/airflow/example_dags/example_sla_dag.py
[2024-10-14T22:07:50.653+0000] {processor.py:840} INFO - DAG(s) 'example_sla_dag' retrieved from /home/airflow/.local/lib/python3.8/site-packages/airflow/example_dags/example_sla_dag.py
[2024-10-14T22:07:50.667+0000] {logging_mixin.py:188} INFO - [2024-10-14T22:07:50.667+0000] {dag.py:3036} INFO - Sync 1 DAGs
[2024-10-14T22:07:50.686+0000] {logging_mixin.py:188} INFO - [2024-10-14T22:07:50.686+0000] {dag.py:3823} INFO - Setting next_dagrun for example_sla_dag to 2024-10-14 22:04:00+00:00, run_after=2024-10-14 22:06:00+00:00
[2024-10-14T22:07:50.699+0000] {processor.py:183} INFO - Processing /home/airflow/.local/lib/python3.8/site-packages/airflow/example_dags/example_sla_dag.py took 0.057 seconds
[2024-10-14T22:08:21.241+0000] {processor.py:161} INFO - Started process (PID=1573) to work on /home/airflow/.local/lib/python3.8/site-packages/airflow/example_dags/example_sla_dag.py
[2024-10-14T22:08:21.241+0000] {processor.py:830} INFO - Processing file /home/airflow/.local/lib/python3.8/site-packages/airflow/example_dags/example_sla_dag.py for tasks to queue
[2024-10-14T22:08:21.243+0000] {logging_mixin.py:188} INFO - [2024-10-14T22:08:21.242+0000] {dagbag.py:538} INFO - Filling up the DagBag from /home/airflow/.local/lib/python3.8/site-packages/airflow/example_dags/example_sla_dag.py
[2024-10-14T22:08:21.248+0000] {processor.py:840} INFO - DAG(s) 'example_sla_dag' retrieved from /home/airflow/.local/lib/python3.8/site-packages/airflow/example_dags/example_sla_dag.py
[2024-10-14T22:08:21.261+0000] {logging_mixin.py:188} INFO - [2024-10-14T22:08:21.261+0000] {dag.py:3036} INFO - Sync 1 DAGs
[2024-10-14T22:08:21.276+0000] {logging_mixin.py:188} INFO - [2024-10-14T22:08:21.276+0000] {dag.py:3823} INFO - Setting next_dagrun for example_sla_dag to 2024-10-14 22:06:00+00:00, run_after=2024-10-14 22:08:00+00:00
[2024-10-14T22:08:21.288+0000] {processor.py:183} INFO - Processing /home/airflow/.local/lib/python3.8/site-packages/airflow/example_dags/example_sla_dag.py took 0.050 seconds
[2024-10-14T22:08:51.753+0000] {processor.py:161} INFO - Started process (PID=1646) to work on /home/airflow/.local/lib/python3.8/site-packages/airflow/example_dags/example_sla_dag.py
[2024-10-14T22:08:51.754+0000] {processor.py:830} INFO - Processing file /home/airflow/.local/lib/python3.8/site-packages/airflow/example_dags/example_sla_dag.py for tasks to queue
[2024-10-14T22:08:51.756+0000] {logging_mixin.py:188} INFO - [2024-10-14T22:08:51.755+0000] {dagbag.py:538} INFO - Filling up the DagBag from /home/airflow/.local/lib/python3.8/site-packages/airflow/example_dags/example_sla_dag.py
[2024-10-14T22:08:51.762+0000] {processor.py:840} INFO - DAG(s) 'example_sla_dag' retrieved from /home/airflow/.local/lib/python3.8/site-packages/airflow/example_dags/example_sla_dag.py
[2024-10-14T22:08:51.777+0000] {logging_mixin.py:188} INFO - [2024-10-14T22:08:51.777+0000] {dag.py:3036} INFO - Sync 1 DAGs
[2024-10-14T22:08:51.795+0000] {logging_mixin.py:188} INFO - [2024-10-14T22:08:51.795+0000] {dag.py:3823} INFO - Setting next_dagrun for example_sla_dag to 2024-10-14 22:06:00+00:00, run_after=2024-10-14 22:08:00+00:00
[2024-10-14T22:08:51.809+0000] {processor.py:183} INFO - Processing /home/airflow/.local/lib/python3.8/site-packages/airflow/example_dags/example_sla_dag.py took 0.058 seconds
