[2024-10-14T21:19:55.700+0000] {processor.py:161} INFO - Started process (PID=138) to work on /home/airflow/.local/lib/python3.8/site-packages/airflow/example_dags/example_complex.py
[2024-10-14T21:19:55.701+0000] {processor.py:830} INFO - Processing file /home/airflow/.local/lib/python3.8/site-packages/airflow/example_dags/example_complex.py for tasks to queue
[2024-10-14T21:19:55.703+0000] {logging_mixin.py:188} INFO - [2024-10-14T21:19:55.703+0000] {dagbag.py:538} INFO - Filling up the DagBag from /home/airflow/.local/lib/python3.8/site-packages/airflow/example_dags/example_complex.py
[2024-10-14T21:19:55.713+0000] {processor.py:840} INFO - DAG(s) 'example_complex' retrieved from /home/airflow/.local/lib/python3.8/site-packages/airflow/example_dags/example_complex.py
[2024-10-14T21:19:55.816+0000] {logging_mixin.py:188} INFO - [2024-10-14T21:19:55.815+0000] {dag.py:3036} INFO - Sync 1 DAGs
[2024-10-14T21:19:55.829+0000] {logging_mixin.py:188} INFO - [2024-10-14T21:19:55.828+0000] {dag.py:3823} INFO - Setting next_dagrun for example_complex to None, run_after=None
[2024-10-14T21:19:55.850+0000] {processor.py:183} INFO - Processing /home/airflow/.local/lib/python3.8/site-packages/airflow/example_dags/example_complex.py took 0.153 seconds
[2024-10-14T21:20:26.127+0000] {processor.py:161} INFO - Started process (PID=212) to work on /home/airflow/.local/lib/python3.8/site-packages/airflow/example_dags/example_complex.py
[2024-10-14T21:20:26.128+0000] {processor.py:830} INFO - Processing file /home/airflow/.local/lib/python3.8/site-packages/airflow/example_dags/example_complex.py for tasks to queue
[2024-10-14T21:20:26.129+0000] {logging_mixin.py:188} INFO - [2024-10-14T21:20:26.129+0000] {dagbag.py:538} INFO - Filling up the DagBag from /home/airflow/.local/lib/python3.8/site-packages/airflow/example_dags/example_complex.py
[2024-10-14T21:20:26.137+0000] {processor.py:840} INFO - DAG(s) 'example_complex' retrieved from /home/airflow/.local/lib/python3.8/site-packages/airflow/example_dags/example_complex.py
[2024-10-14T21:20:26.166+0000] {logging_mixin.py:188} INFO - [2024-10-14T21:20:26.166+0000] {dag.py:3036} INFO - Sync 1 DAGs
[2024-10-14T21:20:26.177+0000] {logging_mixin.py:188} INFO - [2024-10-14T21:20:26.177+0000] {dag.py:3823} INFO - Setting next_dagrun for example_complex to None, run_after=None
[2024-10-14T21:20:26.192+0000] {processor.py:183} INFO - Processing /home/airflow/.local/lib/python3.8/site-packages/airflow/example_dags/example_complex.py took 0.067 seconds
[2024-10-14T21:20:57.081+0000] {processor.py:161} INFO - Started process (PID=293) to work on /home/airflow/.local/lib/python3.8/site-packages/airflow/example_dags/example_complex.py
[2024-10-14T21:20:57.082+0000] {processor.py:830} INFO - Processing file /home/airflow/.local/lib/python3.8/site-packages/airflow/example_dags/example_complex.py for tasks to queue
[2024-10-14T21:20:57.083+0000] {logging_mixin.py:188} INFO - [2024-10-14T21:20:57.083+0000] {dagbag.py:538} INFO - Filling up the DagBag from /home/airflow/.local/lib/python3.8/site-packages/airflow/example_dags/example_complex.py
[2024-10-14T21:20:57.091+0000] {processor.py:840} INFO - DAG(s) 'example_complex' retrieved from /home/airflow/.local/lib/python3.8/site-packages/airflow/example_dags/example_complex.py
[2024-10-14T21:20:57.117+0000] {logging_mixin.py:188} INFO - [2024-10-14T21:20:57.116+0000] {dag.py:3036} INFO - Sync 1 DAGs
[2024-10-14T21:20:57.126+0000] {logging_mixin.py:188} INFO - [2024-10-14T21:20:57.126+0000] {dag.py:3823} INFO - Setting next_dagrun for example_complex to None, run_after=None
[2024-10-14T21:20:57.141+0000] {processor.py:183} INFO - Processing /home/airflow/.local/lib/python3.8/site-packages/airflow/example_dags/example_complex.py took 0.061 seconds
[2024-10-14T21:21:27.794+0000] {processor.py:161} INFO - Started process (PID=367) to work on /home/airflow/.local/lib/python3.8/site-packages/airflow/example_dags/example_complex.py
[2024-10-14T21:21:27.795+0000] {processor.py:830} INFO - Processing file /home/airflow/.local/lib/python3.8/site-packages/airflow/example_dags/example_complex.py for tasks to queue
[2024-10-14T21:21:27.797+0000] {logging_mixin.py:188} INFO - [2024-10-14T21:21:27.797+0000] {dagbag.py:538} INFO - Filling up the DagBag from /home/airflow/.local/lib/python3.8/site-packages/airflow/example_dags/example_complex.py
[2024-10-14T21:21:27.805+0000] {processor.py:840} INFO - DAG(s) 'example_complex' retrieved from /home/airflow/.local/lib/python3.8/site-packages/airflow/example_dags/example_complex.py
[2024-10-14T21:21:27.827+0000] {logging_mixin.py:188} INFO - [2024-10-14T21:21:27.827+0000] {dag.py:3036} INFO - Sync 1 DAGs
[2024-10-14T21:21:27.836+0000] {logging_mixin.py:188} INFO - [2024-10-14T21:21:27.835+0000] {dag.py:3823} INFO - Setting next_dagrun for example_complex to None, run_after=None
[2024-10-14T21:21:27.850+0000] {processor.py:183} INFO - Processing /home/airflow/.local/lib/python3.8/site-packages/airflow/example_dags/example_complex.py took 0.058 seconds
[2024-10-14T21:21:58.642+0000] {processor.py:161} INFO - Started process (PID=448) to work on /home/airflow/.local/lib/python3.8/site-packages/airflow/example_dags/example_complex.py
[2024-10-14T21:21:58.643+0000] {processor.py:830} INFO - Processing file /home/airflow/.local/lib/python3.8/site-packages/airflow/example_dags/example_complex.py for tasks to queue
[2024-10-14T21:21:58.644+0000] {logging_mixin.py:188} INFO - [2024-10-14T21:21:58.644+0000] {dagbag.py:538} INFO - Filling up the DagBag from /home/airflow/.local/lib/python3.8/site-packages/airflow/example_dags/example_complex.py
[2024-10-14T21:21:58.652+0000] {processor.py:840} INFO - DAG(s) 'example_complex' retrieved from /home/airflow/.local/lib/python3.8/site-packages/airflow/example_dags/example_complex.py
[2024-10-14T21:21:58.675+0000] {logging_mixin.py:188} INFO - [2024-10-14T21:21:58.675+0000] {dag.py:3036} INFO - Sync 1 DAGs
[2024-10-14T21:21:58.684+0000] {logging_mixin.py:188} INFO - [2024-10-14T21:21:58.684+0000] {dag.py:3823} INFO - Setting next_dagrun for example_complex to None, run_after=None
[2024-10-14T21:21:58.700+0000] {processor.py:183} INFO - Processing /home/airflow/.local/lib/python3.8/site-packages/airflow/example_dags/example_complex.py took 0.060 seconds
[2024-10-14T21:22:28.865+0000] {processor.py:161} INFO - Started process (PID=522) to work on /home/airflow/.local/lib/python3.8/site-packages/airflow/example_dags/example_complex.py
[2024-10-14T21:22:28.867+0000] {processor.py:830} INFO - Processing file /home/airflow/.local/lib/python3.8/site-packages/airflow/example_dags/example_complex.py for tasks to queue
[2024-10-14T21:22:28.869+0000] {logging_mixin.py:188} INFO - [2024-10-14T21:22:28.869+0000] {dagbag.py:538} INFO - Filling up the DagBag from /home/airflow/.local/lib/python3.8/site-packages/airflow/example_dags/example_complex.py
[2024-10-14T21:22:28.891+0000] {processor.py:840} INFO - DAG(s) 'example_complex' retrieved from /home/airflow/.local/lib/python3.8/site-packages/airflow/example_dags/example_complex.py
[2024-10-14T21:22:28.945+0000] {logging_mixin.py:188} INFO - [2024-10-14T21:22:28.943+0000] {dag.py:3036} INFO - Sync 1 DAGs
[2024-10-14T21:22:28.966+0000] {logging_mixin.py:188} INFO - [2024-10-14T21:22:28.964+0000] {dag.py:3823} INFO - Setting next_dagrun for example_complex to None, run_after=None
[2024-10-14T21:22:29.010+0000] {processor.py:183} INFO - Processing /home/airflow/.local/lib/python3.8/site-packages/airflow/example_dags/example_complex.py took 0.152 seconds
[2024-10-14T21:23:00.313+0000] {processor.py:161} INFO - Started process (PID=604) to work on /home/airflow/.local/lib/python3.8/site-packages/airflow/example_dags/example_complex.py
[2024-10-14T21:23:00.314+0000] {processor.py:830} INFO - Processing file /home/airflow/.local/lib/python3.8/site-packages/airflow/example_dags/example_complex.py for tasks to queue
[2024-10-14T21:23:00.316+0000] {logging_mixin.py:188} INFO - [2024-10-14T21:23:00.315+0000] {dagbag.py:538} INFO - Filling up the DagBag from /home/airflow/.local/lib/python3.8/site-packages/airflow/example_dags/example_complex.py
[2024-10-14T21:23:00.329+0000] {processor.py:840} INFO - DAG(s) 'example_complex' retrieved from /home/airflow/.local/lib/python3.8/site-packages/airflow/example_dags/example_complex.py
[2024-10-14T21:23:00.365+0000] {logging_mixin.py:188} INFO - [2024-10-14T21:23:00.365+0000] {dag.py:3036} INFO - Sync 1 DAGs
[2024-10-14T21:23:00.380+0000] {logging_mixin.py:188} INFO - [2024-10-14T21:23:00.380+0000] {dag.py:3823} INFO - Setting next_dagrun for example_complex to None, run_after=None
[2024-10-14T21:23:00.400+0000] {processor.py:183} INFO - Processing /home/airflow/.local/lib/python3.8/site-packages/airflow/example_dags/example_complex.py took 0.092 seconds
[2024-10-14T21:23:31.105+0000] {processor.py:161} INFO - Started process (PID=678) to work on /home/airflow/.local/lib/python3.8/site-packages/airflow/example_dags/example_complex.py
[2024-10-14T21:23:31.108+0000] {processor.py:830} INFO - Processing file /home/airflow/.local/lib/python3.8/site-packages/airflow/example_dags/example_complex.py for tasks to queue
[2024-10-14T21:23:31.114+0000] {logging_mixin.py:188} INFO - [2024-10-14T21:23:31.112+0000] {dagbag.py:538} INFO - Filling up the DagBag from /home/airflow/.local/lib/python3.8/site-packages/airflow/example_dags/example_complex.py
[2024-10-14T21:23:31.128+0000] {processor.py:840} INFO - DAG(s) 'example_complex' retrieved from /home/airflow/.local/lib/python3.8/site-packages/airflow/example_dags/example_complex.py
[2024-10-14T21:23:31.153+0000] {logging_mixin.py:188} INFO - [2024-10-14T21:23:31.153+0000] {dag.py:3036} INFO - Sync 1 DAGs
[2024-10-14T21:23:31.166+0000] {logging_mixin.py:188} INFO - [2024-10-14T21:23:31.166+0000] {dag.py:3823} INFO - Setting next_dagrun for example_complex to None, run_after=None
[2024-10-14T21:23:31.186+0000] {processor.py:183} INFO - Processing /home/airflow/.local/lib/python3.8/site-packages/airflow/example_dags/example_complex.py took 0.084 seconds
[2024-10-14T21:24:01.850+0000] {processor.py:161} INFO - Started process (PID=760) to work on /home/airflow/.local/lib/python3.8/site-packages/airflow/example_dags/example_complex.py
[2024-10-14T21:24:01.850+0000] {processor.py:830} INFO - Processing file /home/airflow/.local/lib/python3.8/site-packages/airflow/example_dags/example_complex.py for tasks to queue
[2024-10-14T21:24:01.851+0000] {logging_mixin.py:188} INFO - [2024-10-14T21:24:01.851+0000] {dagbag.py:538} INFO - Filling up the DagBag from /home/airflow/.local/lib/python3.8/site-packages/airflow/example_dags/example_complex.py
[2024-10-14T21:24:01.859+0000] {processor.py:840} INFO - DAG(s) 'example_complex' retrieved from /home/airflow/.local/lib/python3.8/site-packages/airflow/example_dags/example_complex.py
[2024-10-14T21:24:01.883+0000] {logging_mixin.py:188} INFO - [2024-10-14T21:24:01.883+0000] {dag.py:3036} INFO - Sync 1 DAGs
[2024-10-14T21:24:01.892+0000] {logging_mixin.py:188} INFO - [2024-10-14T21:24:01.892+0000] {dag.py:3823} INFO - Setting next_dagrun for example_complex to None, run_after=None
[2024-10-14T21:24:01.905+0000] {processor.py:183} INFO - Processing /home/airflow/.local/lib/python3.8/site-packages/airflow/example_dags/example_complex.py took 0.058 seconds
[2024-10-14T21:24:33.232+0000] {processor.py:161} INFO - Started process (PID=827) to work on /home/airflow/.local/lib/python3.8/site-packages/airflow/example_dags/example_complex.py
[2024-10-14T21:24:33.233+0000] {processor.py:830} INFO - Processing file /home/airflow/.local/lib/python3.8/site-packages/airflow/example_dags/example_complex.py for tasks to queue
[2024-10-14T21:24:33.234+0000] {logging_mixin.py:188} INFO - [2024-10-14T21:24:33.234+0000] {dagbag.py:538} INFO - Filling up the DagBag from /home/airflow/.local/lib/python3.8/site-packages/airflow/example_dags/example_complex.py
[2024-10-14T21:24:33.244+0000] {processor.py:840} INFO - DAG(s) 'example_complex' retrieved from /home/airflow/.local/lib/python3.8/site-packages/airflow/example_dags/example_complex.py
[2024-10-14T21:24:33.268+0000] {logging_mixin.py:188} INFO - [2024-10-14T21:24:33.268+0000] {dag.py:3036} INFO - Sync 1 DAGs
[2024-10-14T21:24:33.282+0000] {logging_mixin.py:188} INFO - [2024-10-14T21:24:33.282+0000] {dag.py:3823} INFO - Setting next_dagrun for example_complex to None, run_after=None
[2024-10-14T21:24:33.304+0000] {processor.py:183} INFO - Processing /home/airflow/.local/lib/python3.8/site-packages/airflow/example_dags/example_complex.py took 0.074 seconds
[2024-10-14T21:25:03.701+0000] {processor.py:161} INFO - Started process (PID=906) to work on /home/airflow/.local/lib/python3.8/site-packages/airflow/example_dags/example_complex.py
[2024-10-14T21:25:03.701+0000] {processor.py:830} INFO - Processing file /home/airflow/.local/lib/python3.8/site-packages/airflow/example_dags/example_complex.py for tasks to queue
[2024-10-14T21:25:03.703+0000] {logging_mixin.py:188} INFO - [2024-10-14T21:25:03.702+0000] {dagbag.py:538} INFO - Filling up the DagBag from /home/airflow/.local/lib/python3.8/site-packages/airflow/example_dags/example_complex.py
[2024-10-14T21:25:03.712+0000] {processor.py:840} INFO - DAG(s) 'example_complex' retrieved from /home/airflow/.local/lib/python3.8/site-packages/airflow/example_dags/example_complex.py
[2024-10-14T21:25:03.735+0000] {logging_mixin.py:188} INFO - [2024-10-14T21:25:03.735+0000] {dag.py:3036} INFO - Sync 1 DAGs
[2024-10-14T21:25:03.747+0000] {logging_mixin.py:188} INFO - [2024-10-14T21:25:03.747+0000] {dag.py:3823} INFO - Setting next_dagrun for example_complex to None, run_after=None
[2024-10-14T21:25:03.764+0000] {processor.py:183} INFO - Processing /home/airflow/.local/lib/python3.8/site-packages/airflow/example_dags/example_complex.py took 0.066 seconds
[2024-10-14T21:25:34.517+0000] {processor.py:161} INFO - Started process (PID=980) to work on /home/airflow/.local/lib/python3.8/site-packages/airflow/example_dags/example_complex.py
[2024-10-14T21:25:34.518+0000] {processor.py:830} INFO - Processing file /home/airflow/.local/lib/python3.8/site-packages/airflow/example_dags/example_complex.py for tasks to queue
[2024-10-14T21:25:34.520+0000] {logging_mixin.py:188} INFO - [2024-10-14T21:25:34.519+0000] {dagbag.py:538} INFO - Filling up the DagBag from /home/airflow/.local/lib/python3.8/site-packages/airflow/example_dags/example_complex.py
[2024-10-14T21:25:34.534+0000] {processor.py:840} INFO - DAG(s) 'example_complex' retrieved from /home/airflow/.local/lib/python3.8/site-packages/airflow/example_dags/example_complex.py
[2024-10-14T21:25:34.568+0000] {logging_mixin.py:188} INFO - [2024-10-14T21:25:34.568+0000] {dag.py:3036} INFO - Sync 1 DAGs
[2024-10-14T21:25:34.583+0000] {logging_mixin.py:188} INFO - [2024-10-14T21:25:34.583+0000] {dag.py:3823} INFO - Setting next_dagrun for example_complex to None, run_after=None
[2024-10-14T21:25:34.603+0000] {processor.py:183} INFO - Processing /home/airflow/.local/lib/python3.8/site-packages/airflow/example_dags/example_complex.py took 0.089 seconds
[2024-10-14T21:26:04.670+0000] {processor.py:161} INFO - Started process (PID=1062) to work on /home/airflow/.local/lib/python3.8/site-packages/airflow/example_dags/example_complex.py
[2024-10-14T21:26:04.671+0000] {processor.py:830} INFO - Processing file /home/airflow/.local/lib/python3.8/site-packages/airflow/example_dags/example_complex.py for tasks to queue
[2024-10-14T21:26:04.672+0000] {logging_mixin.py:188} INFO - [2024-10-14T21:26:04.672+0000] {dagbag.py:538} INFO - Filling up the DagBag from /home/airflow/.local/lib/python3.8/site-packages/airflow/example_dags/example_complex.py
[2024-10-14T21:26:04.679+0000] {processor.py:840} INFO - DAG(s) 'example_complex' retrieved from /home/airflow/.local/lib/python3.8/site-packages/airflow/example_dags/example_complex.py
[2024-10-14T21:26:04.701+0000] {logging_mixin.py:188} INFO - [2024-10-14T21:26:04.700+0000] {dag.py:3036} INFO - Sync 1 DAGs
[2024-10-14T21:26:04.708+0000] {logging_mixin.py:188} INFO - [2024-10-14T21:26:04.708+0000] {dag.py:3823} INFO - Setting next_dagrun for example_complex to None, run_after=None
[2024-10-14T21:26:04.722+0000] {processor.py:183} INFO - Processing /home/airflow/.local/lib/python3.8/site-packages/airflow/example_dags/example_complex.py took 0.055 seconds
[2024-10-14T21:26:34.977+0000] {processor.py:161} INFO - Started process (PID=1136) to work on /home/airflow/.local/lib/python3.8/site-packages/airflow/example_dags/example_complex.py
[2024-10-14T21:26:34.978+0000] {processor.py:830} INFO - Processing file /home/airflow/.local/lib/python3.8/site-packages/airflow/example_dags/example_complex.py for tasks to queue
[2024-10-14T21:26:34.980+0000] {logging_mixin.py:188} INFO - [2024-10-14T21:26:34.979+0000] {dagbag.py:538} INFO - Filling up the DagBag from /home/airflow/.local/lib/python3.8/site-packages/airflow/example_dags/example_complex.py
[2024-10-14T21:26:34.988+0000] {processor.py:840} INFO - DAG(s) 'example_complex' retrieved from /home/airflow/.local/lib/python3.8/site-packages/airflow/example_dags/example_complex.py
[2024-10-14T21:26:35.014+0000] {logging_mixin.py:188} INFO - [2024-10-14T21:26:35.014+0000] {dag.py:3036} INFO - Sync 1 DAGs
[2024-10-14T21:26:35.026+0000] {logging_mixin.py:188} INFO - [2024-10-14T21:26:35.025+0000] {dag.py:3823} INFO - Setting next_dagrun for example_complex to None, run_after=None
[2024-10-14T21:26:35.046+0000] {processor.py:183} INFO - Processing /home/airflow/.local/lib/python3.8/site-packages/airflow/example_dags/example_complex.py took 0.074 seconds
[2024-10-14T21:27:06.003+0000] {processor.py:161} INFO - Started process (PID=1218) to work on /home/airflow/.local/lib/python3.8/site-packages/airflow/example_dags/example_complex.py
[2024-10-14T21:27:06.004+0000] {processor.py:830} INFO - Processing file /home/airflow/.local/lib/python3.8/site-packages/airflow/example_dags/example_complex.py for tasks to queue
[2024-10-14T21:27:06.005+0000] {logging_mixin.py:188} INFO - [2024-10-14T21:27:06.005+0000] {dagbag.py:538} INFO - Filling up the DagBag from /home/airflow/.local/lib/python3.8/site-packages/airflow/example_dags/example_complex.py
[2024-10-14T21:27:06.013+0000] {processor.py:840} INFO - DAG(s) 'example_complex' retrieved from /home/airflow/.local/lib/python3.8/site-packages/airflow/example_dags/example_complex.py
[2024-10-14T21:27:06.037+0000] {logging_mixin.py:188} INFO - [2024-10-14T21:27:06.036+0000] {dag.py:3036} INFO - Sync 1 DAGs
[2024-10-14T21:27:06.045+0000] {logging_mixin.py:188} INFO - [2024-10-14T21:27:06.045+0000] {dag.py:3823} INFO - Setting next_dagrun for example_complex to None, run_after=None
[2024-10-14T21:27:06.059+0000] {processor.py:183} INFO - Processing /home/airflow/.local/lib/python3.8/site-packages/airflow/example_dags/example_complex.py took 0.057 seconds
[2024-10-14T21:27:37.029+0000] {processor.py:161} INFO - Started process (PID=1292) to work on /home/airflow/.local/lib/python3.8/site-packages/airflow/example_dags/example_complex.py
[2024-10-14T21:27:37.030+0000] {processor.py:830} INFO - Processing file /home/airflow/.local/lib/python3.8/site-packages/airflow/example_dags/example_complex.py for tasks to queue
[2024-10-14T21:27:37.031+0000] {logging_mixin.py:188} INFO - [2024-10-14T21:27:37.031+0000] {dagbag.py:538} INFO - Filling up the DagBag from /home/airflow/.local/lib/python3.8/site-packages/airflow/example_dags/example_complex.py
[2024-10-14T21:27:37.039+0000] {processor.py:840} INFO - DAG(s) 'example_complex' retrieved from /home/airflow/.local/lib/python3.8/site-packages/airflow/example_dags/example_complex.py
[2024-10-14T21:27:37.065+0000] {logging_mixin.py:188} INFO - [2024-10-14T21:27:37.065+0000] {dag.py:3036} INFO - Sync 1 DAGs
[2024-10-14T21:27:37.074+0000] {logging_mixin.py:188} INFO - [2024-10-14T21:27:37.074+0000] {dag.py:3823} INFO - Setting next_dagrun for example_complex to None, run_after=None
[2024-10-14T21:27:37.090+0000] {processor.py:183} INFO - Processing /home/airflow/.local/lib/python3.8/site-packages/airflow/example_dags/example_complex.py took 0.063 seconds
[2024-10-14T21:28:07.231+0000] {processor.py:161} INFO - Started process (PID=1374) to work on /home/airflow/.local/lib/python3.8/site-packages/airflow/example_dags/example_complex.py
[2024-10-14T21:28:07.232+0000] {processor.py:830} INFO - Processing file /home/airflow/.local/lib/python3.8/site-packages/airflow/example_dags/example_complex.py for tasks to queue
[2024-10-14T21:28:07.233+0000] {logging_mixin.py:188} INFO - [2024-10-14T21:28:07.233+0000] {dagbag.py:538} INFO - Filling up the DagBag from /home/airflow/.local/lib/python3.8/site-packages/airflow/example_dags/example_complex.py
[2024-10-14T21:28:07.241+0000] {processor.py:840} INFO - DAG(s) 'example_complex' retrieved from /home/airflow/.local/lib/python3.8/site-packages/airflow/example_dags/example_complex.py
[2024-10-14T21:28:07.263+0000] {logging_mixin.py:188} INFO - [2024-10-14T21:28:07.263+0000] {dag.py:3036} INFO - Sync 1 DAGs
[2024-10-14T21:28:07.271+0000] {logging_mixin.py:188} INFO - [2024-10-14T21:28:07.271+0000] {dag.py:3823} INFO - Setting next_dagrun for example_complex to None, run_after=None
[2024-10-14T21:28:07.287+0000] {processor.py:183} INFO - Processing /home/airflow/.local/lib/python3.8/site-packages/airflow/example_dags/example_complex.py took 0.058 seconds
[2024-10-14T21:28:38.235+0000] {processor.py:161} INFO - Started process (PID=1448) to work on /home/airflow/.local/lib/python3.8/site-packages/airflow/example_dags/example_complex.py
[2024-10-14T21:28:38.236+0000] {processor.py:830} INFO - Processing file /home/airflow/.local/lib/python3.8/site-packages/airflow/example_dags/example_complex.py for tasks to queue
[2024-10-14T21:28:38.237+0000] {logging_mixin.py:188} INFO - [2024-10-14T21:28:38.237+0000] {dagbag.py:538} INFO - Filling up the DagBag from /home/airflow/.local/lib/python3.8/site-packages/airflow/example_dags/example_complex.py
[2024-10-14T21:28:38.245+0000] {processor.py:840} INFO - DAG(s) 'example_complex' retrieved from /home/airflow/.local/lib/python3.8/site-packages/airflow/example_dags/example_complex.py
[2024-10-14T21:28:38.266+0000] {logging_mixin.py:188} INFO - [2024-10-14T21:28:38.266+0000] {dag.py:3036} INFO - Sync 1 DAGs
[2024-10-14T21:28:38.275+0000] {logging_mixin.py:188} INFO - [2024-10-14T21:28:38.275+0000] {dag.py:3823} INFO - Setting next_dagrun for example_complex to None, run_after=None
[2024-10-14T21:28:38.290+0000] {processor.py:183} INFO - Processing /home/airflow/.local/lib/python3.8/site-packages/airflow/example_dags/example_complex.py took 0.057 seconds
[2024-10-14T21:29:08.741+0000] {processor.py:161} INFO - Started process (PID=1530) to work on /home/airflow/.local/lib/python3.8/site-packages/airflow/example_dags/example_complex.py
[2024-10-14T21:29:08.742+0000] {processor.py:830} INFO - Processing file /home/airflow/.local/lib/python3.8/site-packages/airflow/example_dags/example_complex.py for tasks to queue
[2024-10-14T21:29:08.744+0000] {logging_mixin.py:188} INFO - [2024-10-14T21:29:08.743+0000] {dagbag.py:538} INFO - Filling up the DagBag from /home/airflow/.local/lib/python3.8/site-packages/airflow/example_dags/example_complex.py
[2024-10-14T21:29:08.752+0000] {processor.py:840} INFO - DAG(s) 'example_complex' retrieved from /home/airflow/.local/lib/python3.8/site-packages/airflow/example_dags/example_complex.py
[2024-10-14T21:29:08.778+0000] {logging_mixin.py:188} INFO - [2024-10-14T21:29:08.777+0000] {dag.py:3036} INFO - Sync 1 DAGs
[2024-10-14T21:29:08.789+0000] {logging_mixin.py:188} INFO - [2024-10-14T21:29:08.789+0000] {dag.py:3823} INFO - Setting next_dagrun for example_complex to None, run_after=None
[2024-10-14T21:29:08.808+0000] {processor.py:183} INFO - Processing /home/airflow/.local/lib/python3.8/site-packages/airflow/example_dags/example_complex.py took 0.070 seconds
[2024-10-14T21:29:39.190+0000] {processor.py:161} INFO - Started process (PID=1612) to work on /home/airflow/.local/lib/python3.8/site-packages/airflow/example_dags/example_complex.py
[2024-10-14T21:29:39.191+0000] {processor.py:830} INFO - Processing file /home/airflow/.local/lib/python3.8/site-packages/airflow/example_dags/example_complex.py for tasks to queue
[2024-10-14T21:29:39.192+0000] {logging_mixin.py:188} INFO - [2024-10-14T21:29:39.192+0000] {dagbag.py:538} INFO - Filling up the DagBag from /home/airflow/.local/lib/python3.8/site-packages/airflow/example_dags/example_complex.py
[2024-10-14T21:29:39.200+0000] {processor.py:840} INFO - DAG(s) 'example_complex' retrieved from /home/airflow/.local/lib/python3.8/site-packages/airflow/example_dags/example_complex.py
[2024-10-14T21:29:39.221+0000] {logging_mixin.py:188} INFO - [2024-10-14T21:29:39.221+0000] {dag.py:3036} INFO - Sync 1 DAGs
[2024-10-14T21:29:39.229+0000] {logging_mixin.py:188} INFO - [2024-10-14T21:29:39.229+0000] {dag.py:3823} INFO - Setting next_dagrun for example_complex to None, run_after=None
[2024-10-14T21:29:39.244+0000] {processor.py:183} INFO - Processing /home/airflow/.local/lib/python3.8/site-packages/airflow/example_dags/example_complex.py took 0.056 seconds
[2024-10-14T21:30:09.376+0000] {processor.py:161} INFO - Started process (PID=1685) to work on /home/airflow/.local/lib/python3.8/site-packages/airflow/example_dags/example_complex.py
[2024-10-14T21:30:09.376+0000] {processor.py:830} INFO - Processing file /home/airflow/.local/lib/python3.8/site-packages/airflow/example_dags/example_complex.py for tasks to queue
[2024-10-14T21:30:09.378+0000] {logging_mixin.py:188} INFO - [2024-10-14T21:30:09.377+0000] {dagbag.py:538} INFO - Filling up the DagBag from /home/airflow/.local/lib/python3.8/site-packages/airflow/example_dags/example_complex.py
[2024-10-14T21:30:09.385+0000] {processor.py:840} INFO - DAG(s) 'example_complex' retrieved from /home/airflow/.local/lib/python3.8/site-packages/airflow/example_dags/example_complex.py
[2024-10-14T21:30:09.407+0000] {logging_mixin.py:188} INFO - [2024-10-14T21:30:09.406+0000] {dag.py:3036} INFO - Sync 1 DAGs
[2024-10-14T21:30:09.415+0000] {logging_mixin.py:188} INFO - [2024-10-14T21:30:09.415+0000] {dag.py:3823} INFO - Setting next_dagrun for example_complex to None, run_after=None
[2024-10-14T21:30:09.431+0000] {processor.py:183} INFO - Processing /home/airflow/.local/lib/python3.8/site-packages/airflow/example_dags/example_complex.py took 0.058 seconds
[2024-10-14T21:30:39.690+0000] {processor.py:161} INFO - Started process (PID=1766) to work on /home/airflow/.local/lib/python3.8/site-packages/airflow/example_dags/example_complex.py
[2024-10-14T21:30:39.691+0000] {processor.py:830} INFO - Processing file /home/airflow/.local/lib/python3.8/site-packages/airflow/example_dags/example_complex.py for tasks to queue
[2024-10-14T21:30:39.692+0000] {logging_mixin.py:188} INFO - [2024-10-14T21:30:39.692+0000] {dagbag.py:538} INFO - Filling up the DagBag from /home/airflow/.local/lib/python3.8/site-packages/airflow/example_dags/example_complex.py
[2024-10-14T21:30:39.700+0000] {processor.py:840} INFO - DAG(s) 'example_complex' retrieved from /home/airflow/.local/lib/python3.8/site-packages/airflow/example_dags/example_complex.py
[2024-10-14T21:30:39.721+0000] {logging_mixin.py:188} INFO - [2024-10-14T21:30:39.721+0000] {dag.py:3036} INFO - Sync 1 DAGs
[2024-10-14T21:30:39.730+0000] {logging_mixin.py:188} INFO - [2024-10-14T21:30:39.730+0000] {dag.py:3823} INFO - Setting next_dagrun for example_complex to None, run_after=None
[2024-10-14T21:30:39.748+0000] {processor.py:183} INFO - Processing /home/airflow/.local/lib/python3.8/site-packages/airflow/example_dags/example_complex.py took 0.061 seconds
[2024-10-14T21:31:09.995+0000] {processor.py:161} INFO - Started process (PID=1840) to work on /home/airflow/.local/lib/python3.8/site-packages/airflow/example_dags/example_complex.py
[2024-10-14T21:31:09.996+0000] {processor.py:830} INFO - Processing file /home/airflow/.local/lib/python3.8/site-packages/airflow/example_dags/example_complex.py for tasks to queue
[2024-10-14T21:31:09.998+0000] {logging_mixin.py:188} INFO - [2024-10-14T21:31:09.997+0000] {dagbag.py:538} INFO - Filling up the DagBag from /home/airflow/.local/lib/python3.8/site-packages/airflow/example_dags/example_complex.py
[2024-10-14T21:31:10.005+0000] {processor.py:840} INFO - DAG(s) 'example_complex' retrieved from /home/airflow/.local/lib/python3.8/site-packages/airflow/example_dags/example_complex.py
[2024-10-14T21:31:10.026+0000] {logging_mixin.py:188} INFO - [2024-10-14T21:31:10.026+0000] {dag.py:3036} INFO - Sync 1 DAGs
[2024-10-14T21:31:10.035+0000] {logging_mixin.py:188} INFO - [2024-10-14T21:31:10.035+0000] {dag.py:3823} INFO - Setting next_dagrun for example_complex to None, run_after=None
[2024-10-14T21:31:10.051+0000] {processor.py:183} INFO - Processing /home/airflow/.local/lib/python3.8/site-packages/airflow/example_dags/example_complex.py took 0.058 seconds
[2024-10-14T21:31:40.380+0000] {processor.py:161} INFO - Started process (PID=1921) to work on /home/airflow/.local/lib/python3.8/site-packages/airflow/example_dags/example_complex.py
[2024-10-14T21:31:40.381+0000] {processor.py:830} INFO - Processing file /home/airflow/.local/lib/python3.8/site-packages/airflow/example_dags/example_complex.py for tasks to queue
[2024-10-14T21:31:40.382+0000] {logging_mixin.py:188} INFO - [2024-10-14T21:31:40.382+0000] {dagbag.py:538} INFO - Filling up the DagBag from /home/airflow/.local/lib/python3.8/site-packages/airflow/example_dags/example_complex.py
[2024-10-14T21:31:40.390+0000] {processor.py:840} INFO - DAG(s) 'example_complex' retrieved from /home/airflow/.local/lib/python3.8/site-packages/airflow/example_dags/example_complex.py
[2024-10-14T21:31:40.411+0000] {logging_mixin.py:188} INFO - [2024-10-14T21:31:40.411+0000] {dag.py:3036} INFO - Sync 1 DAGs
[2024-10-14T21:31:40.421+0000] {logging_mixin.py:188} INFO - [2024-10-14T21:31:40.420+0000] {dag.py:3823} INFO - Setting next_dagrun for example_complex to None, run_after=None
[2024-10-14T21:31:40.436+0000] {processor.py:183} INFO - Processing /home/airflow/.local/lib/python3.8/site-packages/airflow/example_dags/example_complex.py took 0.058 seconds
[2024-10-14T21:32:10.861+0000] {processor.py:161} INFO - Started process (PID=2002) to work on /home/airflow/.local/lib/python3.8/site-packages/airflow/example_dags/example_complex.py
[2024-10-14T21:32:10.862+0000] {processor.py:830} INFO - Processing file /home/airflow/.local/lib/python3.8/site-packages/airflow/example_dags/example_complex.py for tasks to queue
[2024-10-14T21:32:10.864+0000] {logging_mixin.py:188} INFO - [2024-10-14T21:32:10.863+0000] {dagbag.py:538} INFO - Filling up the DagBag from /home/airflow/.local/lib/python3.8/site-packages/airflow/example_dags/example_complex.py
[2024-10-14T21:32:10.875+0000] {processor.py:840} INFO - DAG(s) 'example_complex' retrieved from /home/airflow/.local/lib/python3.8/site-packages/airflow/example_dags/example_complex.py
[2024-10-14T21:32:10.906+0000] {logging_mixin.py:188} INFO - [2024-10-14T21:32:10.906+0000] {dag.py:3036} INFO - Sync 1 DAGs
[2024-10-14T21:32:10.919+0000] {logging_mixin.py:188} INFO - [2024-10-14T21:32:10.919+0000] {dag.py:3823} INFO - Setting next_dagrun for example_complex to None, run_after=None
[2024-10-14T21:32:10.941+0000] {processor.py:183} INFO - Processing /home/airflow/.local/lib/python3.8/site-packages/airflow/example_dags/example_complex.py took 0.082 seconds
[2024-10-14T21:32:41.059+0000] {processor.py:161} INFO - Started process (PID=2077) to work on /home/airflow/.local/lib/python3.8/site-packages/airflow/example_dags/example_complex.py
[2024-10-14T21:32:41.059+0000] {processor.py:830} INFO - Processing file /home/airflow/.local/lib/python3.8/site-packages/airflow/example_dags/example_complex.py for tasks to queue
[2024-10-14T21:32:41.061+0000] {logging_mixin.py:188} INFO - [2024-10-14T21:32:41.060+0000] {dagbag.py:538} INFO - Filling up the DagBag from /home/airflow/.local/lib/python3.8/site-packages/airflow/example_dags/example_complex.py
[2024-10-14T21:32:41.069+0000] {processor.py:840} INFO - DAG(s) 'example_complex' retrieved from /home/airflow/.local/lib/python3.8/site-packages/airflow/example_dags/example_complex.py
[2024-10-14T21:32:41.090+0000] {logging_mixin.py:188} INFO - [2024-10-14T21:32:41.090+0000] {dag.py:3036} INFO - Sync 1 DAGs
[2024-10-14T21:32:41.099+0000] {logging_mixin.py:188} INFO - [2024-10-14T21:32:41.099+0000] {dag.py:3823} INFO - Setting next_dagrun for example_complex to None, run_after=None
[2024-10-14T21:32:41.115+0000] {processor.py:183} INFO - Processing /home/airflow/.local/lib/python3.8/site-packages/airflow/example_dags/example_complex.py took 0.059 seconds
[2024-10-14T21:33:11.724+0000] {processor.py:161} INFO - Started process (PID=2158) to work on /home/airflow/.local/lib/python3.8/site-packages/airflow/example_dags/example_complex.py
[2024-10-14T21:33:11.724+0000] {processor.py:830} INFO - Processing file /home/airflow/.local/lib/python3.8/site-packages/airflow/example_dags/example_complex.py for tasks to queue
[2024-10-14T21:33:11.726+0000] {logging_mixin.py:188} INFO - [2024-10-14T21:33:11.726+0000] {dagbag.py:538} INFO - Filling up the DagBag from /home/airflow/.local/lib/python3.8/site-packages/airflow/example_dags/example_complex.py
[2024-10-14T21:33:11.735+0000] {processor.py:840} INFO - DAG(s) 'example_complex' retrieved from /home/airflow/.local/lib/python3.8/site-packages/airflow/example_dags/example_complex.py
[2024-10-14T21:33:11.759+0000] {logging_mixin.py:188} INFO - [2024-10-14T21:33:11.759+0000] {dag.py:3036} INFO - Sync 1 DAGs
[2024-10-14T21:33:11.768+0000] {logging_mixin.py:188} INFO - [2024-10-14T21:33:11.768+0000] {dag.py:3823} INFO - Setting next_dagrun for example_complex to None, run_after=None
[2024-10-14T21:33:11.786+0000] {processor.py:183} INFO - Processing /home/airflow/.local/lib/python3.8/site-packages/airflow/example_dags/example_complex.py took 0.065 seconds
[2024-10-14T21:33:41.900+0000] {processor.py:161} INFO - Started process (PID=2231) to work on /home/airflow/.local/lib/python3.8/site-packages/airflow/example_dags/example_complex.py
[2024-10-14T21:33:41.900+0000] {processor.py:830} INFO - Processing file /home/airflow/.local/lib/python3.8/site-packages/airflow/example_dags/example_complex.py for tasks to queue
[2024-10-14T21:33:41.901+0000] {logging_mixin.py:188} INFO - [2024-10-14T21:33:41.901+0000] {dagbag.py:538} INFO - Filling up the DagBag from /home/airflow/.local/lib/python3.8/site-packages/airflow/example_dags/example_complex.py
[2024-10-14T21:33:41.909+0000] {processor.py:840} INFO - DAG(s) 'example_complex' retrieved from /home/airflow/.local/lib/python3.8/site-packages/airflow/example_dags/example_complex.py
[2024-10-14T21:33:41.931+0000] {logging_mixin.py:188} INFO - [2024-10-14T21:33:41.930+0000] {dag.py:3036} INFO - Sync 1 DAGs
[2024-10-14T21:33:41.940+0000] {logging_mixin.py:188} INFO - [2024-10-14T21:33:41.939+0000] {dag.py:3823} INFO - Setting next_dagrun for example_complex to None, run_after=None
[2024-10-14T21:33:41.956+0000] {processor.py:183} INFO - Processing /home/airflow/.local/lib/python3.8/site-packages/airflow/example_dags/example_complex.py took 0.059 seconds
[2024-10-14T21:34:12.085+0000] {processor.py:161} INFO - Started process (PID=2313) to work on /home/airflow/.local/lib/python3.8/site-packages/airflow/example_dags/example_complex.py
[2024-10-14T21:34:12.086+0000] {processor.py:830} INFO - Processing file /home/airflow/.local/lib/python3.8/site-packages/airflow/example_dags/example_complex.py for tasks to queue
[2024-10-14T21:34:12.088+0000] {logging_mixin.py:188} INFO - [2024-10-14T21:34:12.087+0000] {dagbag.py:538} INFO - Filling up the DagBag from /home/airflow/.local/lib/python3.8/site-packages/airflow/example_dags/example_complex.py
[2024-10-14T21:34:12.099+0000] {processor.py:840} INFO - DAG(s) 'example_complex' retrieved from /home/airflow/.local/lib/python3.8/site-packages/airflow/example_dags/example_complex.py
[2024-10-14T21:34:12.130+0000] {logging_mixin.py:188} INFO - [2024-10-14T21:34:12.129+0000] {dag.py:3036} INFO - Sync 1 DAGs
[2024-10-14T21:34:12.141+0000] {logging_mixin.py:188} INFO - [2024-10-14T21:34:12.140+0000] {dag.py:3823} INFO - Setting next_dagrun for example_complex to None, run_after=None
[2024-10-14T21:34:12.158+0000] {processor.py:183} INFO - Processing /home/airflow/.local/lib/python3.8/site-packages/airflow/example_dags/example_complex.py took 0.076 seconds
[2024-10-14T21:34:42.348+0000] {processor.py:161} INFO - Started process (PID=2387) to work on /home/airflow/.local/lib/python3.8/site-packages/airflow/example_dags/example_complex.py
[2024-10-14T21:34:42.349+0000] {processor.py:830} INFO - Processing file /home/airflow/.local/lib/python3.8/site-packages/airflow/example_dags/example_complex.py for tasks to queue
[2024-10-14T21:34:42.350+0000] {logging_mixin.py:188} INFO - [2024-10-14T21:34:42.350+0000] {dagbag.py:538} INFO - Filling up the DagBag from /home/airflow/.local/lib/python3.8/site-packages/airflow/example_dags/example_complex.py
[2024-10-14T21:34:42.357+0000] {processor.py:840} INFO - DAG(s) 'example_complex' retrieved from /home/airflow/.local/lib/python3.8/site-packages/airflow/example_dags/example_complex.py
[2024-10-14T21:34:42.379+0000] {logging_mixin.py:188} INFO - [2024-10-14T21:34:42.378+0000] {dag.py:3036} INFO - Sync 1 DAGs
[2024-10-14T21:34:42.387+0000] {logging_mixin.py:188} INFO - [2024-10-14T21:34:42.386+0000] {dag.py:3823} INFO - Setting next_dagrun for example_complex to None, run_after=None
[2024-10-14T21:34:42.402+0000] {processor.py:183} INFO - Processing /home/airflow/.local/lib/python3.8/site-packages/airflow/example_dags/example_complex.py took 0.056 seconds
[2024-10-14T21:35:12.656+0000] {processor.py:161} INFO - Started process (PID=2468) to work on /home/airflow/.local/lib/python3.8/site-packages/airflow/example_dags/example_complex.py
[2024-10-14T21:35:12.657+0000] {processor.py:830} INFO - Processing file /home/airflow/.local/lib/python3.8/site-packages/airflow/example_dags/example_complex.py for tasks to queue
[2024-10-14T21:35:12.658+0000] {logging_mixin.py:188} INFO - [2024-10-14T21:35:12.658+0000] {dagbag.py:538} INFO - Filling up the DagBag from /home/airflow/.local/lib/python3.8/site-packages/airflow/example_dags/example_complex.py
[2024-10-14T21:35:12.666+0000] {processor.py:840} INFO - DAG(s) 'example_complex' retrieved from /home/airflow/.local/lib/python3.8/site-packages/airflow/example_dags/example_complex.py
[2024-10-14T21:35:12.687+0000] {logging_mixin.py:188} INFO - [2024-10-14T21:35:12.687+0000] {dag.py:3036} INFO - Sync 1 DAGs
[2024-10-14T21:35:12.696+0000] {logging_mixin.py:188} INFO - [2024-10-14T21:35:12.696+0000] {dag.py:3823} INFO - Setting next_dagrun for example_complex to None, run_after=None
[2024-10-14T21:35:12.712+0000] {processor.py:183} INFO - Processing /home/airflow/.local/lib/python3.8/site-packages/airflow/example_dags/example_complex.py took 0.059 seconds
[2024-10-14T21:35:42.978+0000] {processor.py:161} INFO - Started process (PID=2542) to work on /home/airflow/.local/lib/python3.8/site-packages/airflow/example_dags/example_complex.py
[2024-10-14T21:35:42.979+0000] {processor.py:830} INFO - Processing file /home/airflow/.local/lib/python3.8/site-packages/airflow/example_dags/example_complex.py for tasks to queue
[2024-10-14T21:35:42.980+0000] {logging_mixin.py:188} INFO - [2024-10-14T21:35:42.980+0000] {dagbag.py:538} INFO - Filling up the DagBag from /home/airflow/.local/lib/python3.8/site-packages/airflow/example_dags/example_complex.py
[2024-10-14T21:35:42.988+0000] {processor.py:840} INFO - DAG(s) 'example_complex' retrieved from /home/airflow/.local/lib/python3.8/site-packages/airflow/example_dags/example_complex.py
[2024-10-14T21:35:43.009+0000] {logging_mixin.py:188} INFO - [2024-10-14T21:35:43.008+0000] {dag.py:3036} INFO - Sync 1 DAGs
[2024-10-14T21:35:43.018+0000] {logging_mixin.py:188} INFO - [2024-10-14T21:35:43.018+0000] {dag.py:3823} INFO - Setting next_dagrun for example_complex to None, run_after=None
[2024-10-14T21:35:43.034+0000] {processor.py:183} INFO - Processing /home/airflow/.local/lib/python3.8/site-packages/airflow/example_dags/example_complex.py took 0.058 seconds
[2024-10-14T21:36:13.109+0000] {processor.py:161} INFO - Started process (PID=2624) to work on /home/airflow/.local/lib/python3.8/site-packages/airflow/example_dags/example_complex.py
[2024-10-14T21:36:13.110+0000] {processor.py:830} INFO - Processing file /home/airflow/.local/lib/python3.8/site-packages/airflow/example_dags/example_complex.py for tasks to queue
[2024-10-14T21:36:13.111+0000] {logging_mixin.py:188} INFO - [2024-10-14T21:36:13.111+0000] {dagbag.py:538} INFO - Filling up the DagBag from /home/airflow/.local/lib/python3.8/site-packages/airflow/example_dags/example_complex.py
[2024-10-14T21:36:13.119+0000] {processor.py:840} INFO - DAG(s) 'example_complex' retrieved from /home/airflow/.local/lib/python3.8/site-packages/airflow/example_dags/example_complex.py
[2024-10-14T21:36:13.140+0000] {logging_mixin.py:188} INFO - [2024-10-14T21:36:13.140+0000] {dag.py:3036} INFO - Sync 1 DAGs
[2024-10-14T21:36:13.149+0000] {logging_mixin.py:188} INFO - [2024-10-14T21:36:13.149+0000] {dag.py:3823} INFO - Setting next_dagrun for example_complex to None, run_after=None
[2024-10-14T21:36:13.165+0000] {processor.py:183} INFO - Processing /home/airflow/.local/lib/python3.8/site-packages/airflow/example_dags/example_complex.py took 0.059 seconds
[2024-10-14T21:36:43.359+0000] {processor.py:161} INFO - Started process (PID=2698) to work on /home/airflow/.local/lib/python3.8/site-packages/airflow/example_dags/example_complex.py
[2024-10-14T21:36:43.360+0000] {processor.py:830} INFO - Processing file /home/airflow/.local/lib/python3.8/site-packages/airflow/example_dags/example_complex.py for tasks to queue
[2024-10-14T21:36:43.361+0000] {logging_mixin.py:188} INFO - [2024-10-14T21:36:43.361+0000] {dagbag.py:538} INFO - Filling up the DagBag from /home/airflow/.local/lib/python3.8/site-packages/airflow/example_dags/example_complex.py
[2024-10-14T21:36:43.368+0000] {processor.py:840} INFO - DAG(s) 'example_complex' retrieved from /home/airflow/.local/lib/python3.8/site-packages/airflow/example_dags/example_complex.py
[2024-10-14T21:36:43.389+0000] {logging_mixin.py:188} INFO - [2024-10-14T21:36:43.389+0000] {dag.py:3036} INFO - Sync 1 DAGs
[2024-10-14T21:36:43.397+0000] {logging_mixin.py:188} INFO - [2024-10-14T21:36:43.397+0000] {dag.py:3823} INFO - Setting next_dagrun for example_complex to None, run_after=None
[2024-10-14T21:36:43.411+0000] {processor.py:183} INFO - Processing /home/airflow/.local/lib/python3.8/site-packages/airflow/example_dags/example_complex.py took 0.054 seconds
[2024-10-14T21:37:14.030+0000] {processor.py:161} INFO - Started process (PID=2780) to work on /home/airflow/.local/lib/python3.8/site-packages/airflow/example_dags/example_complex.py
[2024-10-14T21:37:14.031+0000] {processor.py:830} INFO - Processing file /home/airflow/.local/lib/python3.8/site-packages/airflow/example_dags/example_complex.py for tasks to queue
[2024-10-14T21:37:14.032+0000] {logging_mixin.py:188} INFO - [2024-10-14T21:37:14.032+0000] {dagbag.py:538} INFO - Filling up the DagBag from /home/airflow/.local/lib/python3.8/site-packages/airflow/example_dags/example_complex.py
[2024-10-14T21:37:14.040+0000] {processor.py:840} INFO - DAG(s) 'example_complex' retrieved from /home/airflow/.local/lib/python3.8/site-packages/airflow/example_dags/example_complex.py
[2024-10-14T21:37:14.067+0000] {logging_mixin.py:188} INFO - [2024-10-14T21:37:14.067+0000] {dag.py:3036} INFO - Sync 1 DAGs
[2024-10-14T21:37:14.075+0000] {logging_mixin.py:188} INFO - [2024-10-14T21:37:14.075+0000] {dag.py:3823} INFO - Setting next_dagrun for example_complex to None, run_after=None
[2024-10-14T21:37:14.095+0000] {processor.py:183} INFO - Processing /home/airflow/.local/lib/python3.8/site-packages/airflow/example_dags/example_complex.py took 0.067 seconds
[2024-10-14T21:37:44.462+0000] {processor.py:161} INFO - Started process (PID=2860) to work on /home/airflow/.local/lib/python3.8/site-packages/airflow/example_dags/example_complex.py
[2024-10-14T21:37:44.463+0000] {processor.py:830} INFO - Processing file /home/airflow/.local/lib/python3.8/site-packages/airflow/example_dags/example_complex.py for tasks to queue
[2024-10-14T21:37:44.464+0000] {logging_mixin.py:188} INFO - [2024-10-14T21:37:44.464+0000] {dagbag.py:538} INFO - Filling up the DagBag from /home/airflow/.local/lib/python3.8/site-packages/airflow/example_dags/example_complex.py
[2024-10-14T21:37:44.472+0000] {processor.py:840} INFO - DAG(s) 'example_complex' retrieved from /home/airflow/.local/lib/python3.8/site-packages/airflow/example_dags/example_complex.py
[2024-10-14T21:37:44.504+0000] {logging_mixin.py:188} INFO - [2024-10-14T21:37:44.503+0000] {dag.py:3036} INFO - Sync 1 DAGs
[2024-10-14T21:37:44.514+0000] {logging_mixin.py:188} INFO - [2024-10-14T21:37:44.513+0000] {dag.py:3823} INFO - Setting next_dagrun for example_complex to None, run_after=None
[2024-10-14T21:37:44.535+0000] {processor.py:183} INFO - Processing /home/airflow/.local/lib/python3.8/site-packages/airflow/example_dags/example_complex.py took 0.075 seconds
[2024-10-14T21:38:15.003+0000] {processor.py:161} INFO - Started process (PID=2934) to work on /home/airflow/.local/lib/python3.8/site-packages/airflow/example_dags/example_complex.py
[2024-10-14T21:38:15.003+0000] {processor.py:830} INFO - Processing file /home/airflow/.local/lib/python3.8/site-packages/airflow/example_dags/example_complex.py for tasks to queue
[2024-10-14T21:38:15.005+0000] {logging_mixin.py:188} INFO - [2024-10-14T21:38:15.005+0000] {dagbag.py:538} INFO - Filling up the DagBag from /home/airflow/.local/lib/python3.8/site-packages/airflow/example_dags/example_complex.py
[2024-10-14T21:38:15.012+0000] {processor.py:840} INFO - DAG(s) 'example_complex' retrieved from /home/airflow/.local/lib/python3.8/site-packages/airflow/example_dags/example_complex.py
[2024-10-14T21:38:15.034+0000] {logging_mixin.py:188} INFO - [2024-10-14T21:38:15.034+0000] {dag.py:3036} INFO - Sync 1 DAGs
[2024-10-14T21:38:15.043+0000] {logging_mixin.py:188} INFO - [2024-10-14T21:38:15.043+0000] {dag.py:3823} INFO - Setting next_dagrun for example_complex to None, run_after=None
[2024-10-14T21:38:15.198+0000] {processor.py:183} INFO - Processing /home/airflow/.local/lib/python3.8/site-packages/airflow/example_dags/example_complex.py took 0.198 seconds
[2024-10-14T21:38:45.286+0000] {processor.py:161} INFO - Started process (PID=3016) to work on /home/airflow/.local/lib/python3.8/site-packages/airflow/example_dags/example_complex.py
[2024-10-14T21:38:45.287+0000] {processor.py:830} INFO - Processing file /home/airflow/.local/lib/python3.8/site-packages/airflow/example_dags/example_complex.py for tasks to queue
[2024-10-14T21:38:45.288+0000] {logging_mixin.py:188} INFO - [2024-10-14T21:38:45.288+0000] {dagbag.py:538} INFO - Filling up the DagBag from /home/airflow/.local/lib/python3.8/site-packages/airflow/example_dags/example_complex.py
[2024-10-14T21:38:45.296+0000] {processor.py:840} INFO - DAG(s) 'example_complex' retrieved from /home/airflow/.local/lib/python3.8/site-packages/airflow/example_dags/example_complex.py
[2024-10-14T21:38:45.318+0000] {logging_mixin.py:188} INFO - [2024-10-14T21:38:45.317+0000] {dag.py:3036} INFO - Sync 1 DAGs
[2024-10-14T21:38:45.326+0000] {logging_mixin.py:188} INFO - [2024-10-14T21:38:45.326+0000] {dag.py:3823} INFO - Setting next_dagrun for example_complex to None, run_after=None
[2024-10-14T21:38:45.342+0000] {processor.py:183} INFO - Processing /home/airflow/.local/lib/python3.8/site-packages/airflow/example_dags/example_complex.py took 0.058 seconds
[2024-10-14T21:39:16.123+0000] {processor.py:161} INFO - Started process (PID=3082) to work on /home/airflow/.local/lib/python3.8/site-packages/airflow/example_dags/example_complex.py
[2024-10-14T21:39:16.125+0000] {processor.py:830} INFO - Processing file /home/airflow/.local/lib/python3.8/site-packages/airflow/example_dags/example_complex.py for tasks to queue
[2024-10-14T21:39:16.127+0000] {logging_mixin.py:188} INFO - [2024-10-14T21:39:16.126+0000] {dagbag.py:538} INFO - Filling up the DagBag from /home/airflow/.local/lib/python3.8/site-packages/airflow/example_dags/example_complex.py
[2024-10-14T21:39:16.140+0000] {processor.py:840} INFO - DAG(s) 'example_complex' retrieved from /home/airflow/.local/lib/python3.8/site-packages/airflow/example_dags/example_complex.py
[2024-10-14T21:39:16.172+0000] {logging_mixin.py:188} INFO - [2024-10-14T21:39:16.172+0000] {dag.py:3036} INFO - Sync 1 DAGs
[2024-10-14T21:39:16.184+0000] {logging_mixin.py:188} INFO - [2024-10-14T21:39:16.183+0000] {dag.py:3823} INFO - Setting next_dagrun for example_complex to None, run_after=None
[2024-10-14T21:39:16.208+0000] {processor.py:183} INFO - Processing /home/airflow/.local/lib/python3.8/site-packages/airflow/example_dags/example_complex.py took 0.089 seconds
[2024-10-14T21:44:07.146+0000] {processor.py:161} INFO - Started process (PID=122) to work on /home/airflow/.local/lib/python3.8/site-packages/airflow/example_dags/example_complex.py
[2024-10-14T21:44:07.147+0000] {processor.py:830} INFO - Processing file /home/airflow/.local/lib/python3.8/site-packages/airflow/example_dags/example_complex.py for tasks to queue
[2024-10-14T21:44:07.148+0000] {logging_mixin.py:188} INFO - [2024-10-14T21:44:07.148+0000] {dagbag.py:538} INFO - Filling up the DagBag from /home/airflow/.local/lib/python3.8/site-packages/airflow/example_dags/example_complex.py
[2024-10-14T21:44:07.157+0000] {processor.py:840} INFO - DAG(s) 'example_complex' retrieved from /home/airflow/.local/lib/python3.8/site-packages/airflow/example_dags/example_complex.py
[2024-10-14T21:44:07.266+0000] {logging_mixin.py:188} INFO - [2024-10-14T21:44:07.266+0000] {dag.py:3036} INFO - Sync 1 DAGs
[2024-10-14T21:44:07.278+0000] {logging_mixin.py:188} INFO - [2024-10-14T21:44:07.277+0000] {dag.py:3823} INFO - Setting next_dagrun for example_complex to None, run_after=None
[2024-10-14T21:44:07.302+0000] {processor.py:183} INFO - Processing /home/airflow/.local/lib/python3.8/site-packages/airflow/example_dags/example_complex.py took 0.158 seconds
[2024-10-14T21:44:38.182+0000] {processor.py:161} INFO - Started process (PID=196) to work on /home/airflow/.local/lib/python3.8/site-packages/airflow/example_dags/example_complex.py
[2024-10-14T21:44:38.183+0000] {processor.py:830} INFO - Processing file /home/airflow/.local/lib/python3.8/site-packages/airflow/example_dags/example_complex.py for tasks to queue
[2024-10-14T21:44:38.185+0000] {logging_mixin.py:188} INFO - [2024-10-14T21:44:38.185+0000] {dagbag.py:538} INFO - Filling up the DagBag from /home/airflow/.local/lib/python3.8/site-packages/airflow/example_dags/example_complex.py
[2024-10-14T21:44:38.194+0000] {processor.py:840} INFO - DAG(s) 'example_complex' retrieved from /home/airflow/.local/lib/python3.8/site-packages/airflow/example_dags/example_complex.py
[2024-10-14T21:44:38.225+0000] {logging_mixin.py:188} INFO - [2024-10-14T21:44:38.225+0000] {dag.py:3036} INFO - Sync 1 DAGs
[2024-10-14T21:44:38.238+0000] {logging_mixin.py:188} INFO - [2024-10-14T21:44:38.238+0000] {dag.py:3823} INFO - Setting next_dagrun for example_complex to None, run_after=None
[2024-10-14T21:44:38.263+0000] {processor.py:183} INFO - Processing /home/airflow/.local/lib/python3.8/site-packages/airflow/example_dags/example_complex.py took 0.084 seconds
[2024-10-14T21:45:08.320+0000] {processor.py:161} INFO - Started process (PID=262) to work on /home/airflow/.local/lib/python3.8/site-packages/airflow/example_dags/example_complex.py
[2024-10-14T21:45:08.320+0000] {processor.py:830} INFO - Processing file /home/airflow/.local/lib/python3.8/site-packages/airflow/example_dags/example_complex.py for tasks to queue
[2024-10-14T21:45:08.321+0000] {logging_mixin.py:188} INFO - [2024-10-14T21:45:08.321+0000] {dagbag.py:538} INFO - Filling up the DagBag from /home/airflow/.local/lib/python3.8/site-packages/airflow/example_dags/example_complex.py
[2024-10-14T21:45:08.328+0000] {processor.py:840} INFO - DAG(s) 'example_complex' retrieved from /home/airflow/.local/lib/python3.8/site-packages/airflow/example_dags/example_complex.py
[2024-10-14T21:45:08.349+0000] {logging_mixin.py:188} INFO - [2024-10-14T21:45:08.348+0000] {dag.py:3036} INFO - Sync 1 DAGs
[2024-10-14T21:45:08.356+0000] {logging_mixin.py:188} INFO - [2024-10-14T21:45:08.356+0000] {dag.py:3823} INFO - Setting next_dagrun for example_complex to None, run_after=None
[2024-10-14T21:45:08.368+0000] {processor.py:183} INFO - Processing /home/airflow/.local/lib/python3.8/site-packages/airflow/example_dags/example_complex.py took 0.051 seconds
[2024-10-14T21:45:38.742+0000] {processor.py:161} INFO - Started process (PID=337) to work on /home/airflow/.local/lib/python3.8/site-packages/airflow/example_dags/example_complex.py
[2024-10-14T21:45:38.743+0000] {processor.py:830} INFO - Processing file /home/airflow/.local/lib/python3.8/site-packages/airflow/example_dags/example_complex.py for tasks to queue
[2024-10-14T21:45:38.744+0000] {logging_mixin.py:188} INFO - [2024-10-14T21:45:38.744+0000] {dagbag.py:538} INFO - Filling up the DagBag from /home/airflow/.local/lib/python3.8/site-packages/airflow/example_dags/example_complex.py
[2024-10-14T21:45:38.752+0000] {processor.py:840} INFO - DAG(s) 'example_complex' retrieved from /home/airflow/.local/lib/python3.8/site-packages/airflow/example_dags/example_complex.py
[2024-10-14T21:45:38.774+0000] {logging_mixin.py:188} INFO - [2024-10-14T21:45:38.774+0000] {dag.py:3036} INFO - Sync 1 DAGs
[2024-10-14T21:45:38.783+0000] {logging_mixin.py:188} INFO - [2024-10-14T21:45:38.782+0000] {dag.py:3823} INFO - Setting next_dagrun for example_complex to None, run_after=None
[2024-10-14T21:45:38.797+0000] {processor.py:183} INFO - Processing /home/airflow/.local/lib/python3.8/site-packages/airflow/example_dags/example_complex.py took 0.058 seconds
[2024-10-14T21:46:08.865+0000] {processor.py:161} INFO - Started process (PID=402) to work on /home/airflow/.local/lib/python3.8/site-packages/airflow/example_dags/example_complex.py
[2024-10-14T21:46:08.866+0000] {processor.py:830} INFO - Processing file /home/airflow/.local/lib/python3.8/site-packages/airflow/example_dags/example_complex.py for tasks to queue
[2024-10-14T21:46:08.867+0000] {logging_mixin.py:188} INFO - [2024-10-14T21:46:08.867+0000] {dagbag.py:538} INFO - Filling up the DagBag from /home/airflow/.local/lib/python3.8/site-packages/airflow/example_dags/example_complex.py
[2024-10-14T21:46:08.875+0000] {processor.py:840} INFO - DAG(s) 'example_complex' retrieved from /home/airflow/.local/lib/python3.8/site-packages/airflow/example_dags/example_complex.py
[2024-10-14T21:46:08.898+0000] {logging_mixin.py:188} INFO - [2024-10-14T21:46:08.897+0000] {dag.py:3036} INFO - Sync 1 DAGs
[2024-10-14T21:46:08.907+0000] {logging_mixin.py:188} INFO - [2024-10-14T21:46:08.906+0000] {dag.py:3823} INFO - Setting next_dagrun for example_complex to None, run_after=None
[2024-10-14T21:46:08.920+0000] {processor.py:183} INFO - Processing /home/airflow/.local/lib/python3.8/site-packages/airflow/example_dags/example_complex.py took 0.057 seconds
[2024-10-14T21:46:40.467+0000] {processor.py:161} INFO - Started process (PID=485) to work on /home/airflow/.local/lib/python3.8/site-packages/airflow/example_dags/example_complex.py
[2024-10-14T21:46:40.469+0000] {processor.py:830} INFO - Processing file /home/airflow/.local/lib/python3.8/site-packages/airflow/example_dags/example_complex.py for tasks to queue
[2024-10-14T21:46:40.471+0000] {logging_mixin.py:188} INFO - [2024-10-14T21:46:40.471+0000] {dagbag.py:538} INFO - Filling up the DagBag from /home/airflow/.local/lib/python3.8/site-packages/airflow/example_dags/example_complex.py
[2024-10-14T21:46:40.486+0000] {processor.py:840} INFO - DAG(s) 'example_complex' retrieved from /home/airflow/.local/lib/python3.8/site-packages/airflow/example_dags/example_complex.py
[2024-10-14T21:46:40.512+0000] {logging_mixin.py:188} INFO - [2024-10-14T21:46:40.512+0000] {dag.py:3036} INFO - Sync 1 DAGs
[2024-10-14T21:46:40.526+0000] {logging_mixin.py:188} INFO - [2024-10-14T21:46:40.526+0000] {dag.py:3823} INFO - Setting next_dagrun for example_complex to None, run_after=None
[2024-10-14T21:46:40.546+0000] {processor.py:183} INFO - Processing /home/airflow/.local/lib/python3.8/site-packages/airflow/example_dags/example_complex.py took 0.084 seconds
[2024-10-14T21:50:45.032+0000] {processor.py:161} INFO - Started process (PID=131) to work on /home/airflow/.local/lib/python3.8/site-packages/airflow/example_dags/example_complex.py
[2024-10-14T21:50:45.033+0000] {processor.py:830} INFO - Processing file /home/airflow/.local/lib/python3.8/site-packages/airflow/example_dags/example_complex.py for tasks to queue
[2024-10-14T21:50:45.035+0000] {logging_mixin.py:188} INFO - [2024-10-14T21:50:45.034+0000] {dagbag.py:538} INFO - Filling up the DagBag from /home/airflow/.local/lib/python3.8/site-packages/airflow/example_dags/example_complex.py
[2024-10-14T21:50:45.047+0000] {processor.py:840} INFO - DAG(s) 'example_complex' retrieved from /home/airflow/.local/lib/python3.8/site-packages/airflow/example_dags/example_complex.py
[2024-10-14T21:50:45.056+0000] {logging_mixin.py:188} INFO - [2024-10-14T21:50:45.056+0000] {dag.py:3036} INFO - Sync 1 DAGs
[2024-10-14T21:50:45.066+0000] {logging_mixin.py:188} INFO - [2024-10-14T21:50:45.065+0000] {dag.py:3823} INFO - Setting next_dagrun for example_complex to None, run_after=None
[2024-10-14T21:50:45.080+0000] {processor.py:183} INFO - Processing /home/airflow/.local/lib/python3.8/site-packages/airflow/example_dags/example_complex.py took 0.051 seconds
[2024-10-14T21:51:15.633+0000] {processor.py:161} INFO - Started process (PID=205) to work on /home/airflow/.local/lib/python3.8/site-packages/airflow/example_dags/example_complex.py
[2024-10-14T21:51:15.633+0000] {processor.py:830} INFO - Processing file /home/airflow/.local/lib/python3.8/site-packages/airflow/example_dags/example_complex.py for tasks to queue
[2024-10-14T21:51:15.635+0000] {logging_mixin.py:188} INFO - [2024-10-14T21:51:15.634+0000] {dagbag.py:538} INFO - Filling up the DagBag from /home/airflow/.local/lib/python3.8/site-packages/airflow/example_dags/example_complex.py
[2024-10-14T21:51:15.643+0000] {processor.py:840} INFO - DAG(s) 'example_complex' retrieved from /home/airflow/.local/lib/python3.8/site-packages/airflow/example_dags/example_complex.py
[2024-10-14T21:51:15.736+0000] {logging_mixin.py:188} INFO - [2024-10-14T21:51:15.735+0000] {dag.py:3036} INFO - Sync 1 DAGs
[2024-10-14T21:51:15.744+0000] {logging_mixin.py:188} INFO - [2024-10-14T21:51:15.743+0000] {dag.py:3823} INFO - Setting next_dagrun for example_complex to None, run_after=None
[2024-10-14T21:51:15.761+0000] {processor.py:183} INFO - Processing /home/airflow/.local/lib/python3.8/site-packages/airflow/example_dags/example_complex.py took 0.130 seconds
[2024-10-14T21:51:46.742+0000] {processor.py:161} INFO - Started process (PID=286) to work on /home/airflow/.local/lib/python3.8/site-packages/airflow/example_dags/example_complex.py
[2024-10-14T21:51:46.742+0000] {processor.py:830} INFO - Processing file /home/airflow/.local/lib/python3.8/site-packages/airflow/example_dags/example_complex.py for tasks to queue
[2024-10-14T21:51:46.744+0000] {logging_mixin.py:188} INFO - [2024-10-14T21:51:46.744+0000] {dagbag.py:538} INFO - Filling up the DagBag from /home/airflow/.local/lib/python3.8/site-packages/airflow/example_dags/example_complex.py
[2024-10-14T21:51:46.758+0000] {processor.py:840} INFO - DAG(s) 'example_complex' retrieved from /home/airflow/.local/lib/python3.8/site-packages/airflow/example_dags/example_complex.py
[2024-10-14T21:51:46.791+0000] {logging_mixin.py:188} INFO - [2024-10-14T21:51:46.790+0000] {dag.py:3036} INFO - Sync 1 DAGs
[2024-10-14T21:51:46.804+0000] {logging_mixin.py:188} INFO - [2024-10-14T21:51:46.804+0000] {dag.py:3823} INFO - Setting next_dagrun for example_complex to None, run_after=None
[2024-10-14T21:51:46.824+0000] {processor.py:183} INFO - Processing /home/airflow/.local/lib/python3.8/site-packages/airflow/example_dags/example_complex.py took 0.085 seconds
[2024-10-14T21:52:17.801+0000] {processor.py:161} INFO - Started process (PID=360) to work on /home/airflow/.local/lib/python3.8/site-packages/airflow/example_dags/example_complex.py
[2024-10-14T21:52:17.802+0000] {processor.py:830} INFO - Processing file /home/airflow/.local/lib/python3.8/site-packages/airflow/example_dags/example_complex.py for tasks to queue
[2024-10-14T21:52:17.805+0000] {logging_mixin.py:188} INFO - [2024-10-14T21:52:17.805+0000] {dagbag.py:538} INFO - Filling up the DagBag from /home/airflow/.local/lib/python3.8/site-packages/airflow/example_dags/example_complex.py
[2024-10-14T21:52:17.814+0000] {processor.py:840} INFO - DAG(s) 'example_complex' retrieved from /home/airflow/.local/lib/python3.8/site-packages/airflow/example_dags/example_complex.py
[2024-10-14T21:52:17.856+0000] {logging_mixin.py:188} INFO - [2024-10-14T21:52:17.855+0000] {dag.py:3036} INFO - Sync 1 DAGs
[2024-10-14T21:52:17.870+0000] {logging_mixin.py:188} INFO - [2024-10-14T21:52:17.870+0000] {dag.py:3823} INFO - Setting next_dagrun for example_complex to None, run_after=None
[2024-10-14T21:52:17.892+0000] {processor.py:183} INFO - Processing /home/airflow/.local/lib/python3.8/site-packages/airflow/example_dags/example_complex.py took 0.096 seconds
[2024-10-14T21:52:48.234+0000] {processor.py:161} INFO - Started process (PID=441) to work on /home/airflow/.local/lib/python3.8/site-packages/airflow/example_dags/example_complex.py
[2024-10-14T21:52:48.236+0000] {processor.py:830} INFO - Processing file /home/airflow/.local/lib/python3.8/site-packages/airflow/example_dags/example_complex.py for tasks to queue
[2024-10-14T21:52:48.239+0000] {logging_mixin.py:188} INFO - [2024-10-14T21:52:48.239+0000] {dagbag.py:538} INFO - Filling up the DagBag from /home/airflow/.local/lib/python3.8/site-packages/airflow/example_dags/example_complex.py
[2024-10-14T21:52:48.248+0000] {processor.py:840} INFO - DAG(s) 'example_complex' retrieved from /home/airflow/.local/lib/python3.8/site-packages/airflow/example_dags/example_complex.py
[2024-10-14T21:52:48.277+0000] {logging_mixin.py:188} INFO - [2024-10-14T21:52:48.277+0000] {dag.py:3036} INFO - Sync 1 DAGs
[2024-10-14T21:52:48.293+0000] {logging_mixin.py:188} INFO - [2024-10-14T21:52:48.293+0000] {dag.py:3823} INFO - Setting next_dagrun for example_complex to None, run_after=None
[2024-10-14T21:52:48.313+0000] {processor.py:183} INFO - Processing /home/airflow/.local/lib/python3.8/site-packages/airflow/example_dags/example_complex.py took 0.084 seconds
[2024-10-14T21:53:19.342+0000] {processor.py:161} INFO - Started process (PID=514) to work on /home/airflow/.local/lib/python3.8/site-packages/airflow/example_dags/example_complex.py
[2024-10-14T21:53:19.343+0000] {processor.py:830} INFO - Processing file /home/airflow/.local/lib/python3.8/site-packages/airflow/example_dags/example_complex.py for tasks to queue
[2024-10-14T21:53:19.344+0000] {logging_mixin.py:188} INFO - [2024-10-14T21:53:19.344+0000] {dagbag.py:538} INFO - Filling up the DagBag from /home/airflow/.local/lib/python3.8/site-packages/airflow/example_dags/example_complex.py
[2024-10-14T21:53:19.354+0000] {processor.py:840} INFO - DAG(s) 'example_complex' retrieved from /home/airflow/.local/lib/python3.8/site-packages/airflow/example_dags/example_complex.py
[2024-10-14T21:53:19.377+0000] {logging_mixin.py:188} INFO - [2024-10-14T21:53:19.377+0000] {dag.py:3036} INFO - Sync 1 DAGs
[2024-10-14T21:53:19.391+0000] {logging_mixin.py:188} INFO - [2024-10-14T21:53:19.391+0000] {dag.py:3823} INFO - Setting next_dagrun for example_complex to None, run_after=None
[2024-10-14T21:53:19.410+0000] {processor.py:183} INFO - Processing /home/airflow/.local/lib/python3.8/site-packages/airflow/example_dags/example_complex.py took 0.071 seconds
[2024-10-14T21:53:49.753+0000] {processor.py:161} INFO - Started process (PID=595) to work on /home/airflow/.local/lib/python3.8/site-packages/airflow/example_dags/example_complex.py
[2024-10-14T21:53:49.755+0000] {processor.py:830} INFO - Processing file /home/airflow/.local/lib/python3.8/site-packages/airflow/example_dags/example_complex.py for tasks to queue
[2024-10-14T21:53:49.756+0000] {logging_mixin.py:188} INFO - [2024-10-14T21:53:49.756+0000] {dagbag.py:538} INFO - Filling up the DagBag from /home/airflow/.local/lib/python3.8/site-packages/airflow/example_dags/example_complex.py
[2024-10-14T21:53:49.764+0000] {processor.py:840} INFO - DAG(s) 'example_complex' retrieved from /home/airflow/.local/lib/python3.8/site-packages/airflow/example_dags/example_complex.py
[2024-10-14T21:53:49.793+0000] {logging_mixin.py:188} INFO - [2024-10-14T21:53:49.792+0000] {dag.py:3036} INFO - Sync 1 DAGs
[2024-10-14T21:53:49.806+0000] {logging_mixin.py:188} INFO - [2024-10-14T21:53:49.806+0000] {dag.py:3823} INFO - Setting next_dagrun for example_complex to None, run_after=None
[2024-10-14T21:53:49.826+0000] {processor.py:183} INFO - Processing /home/airflow/.local/lib/python3.8/site-packages/airflow/example_dags/example_complex.py took 0.079 seconds
[2024-10-14T21:54:20.654+0000] {processor.py:161} INFO - Started process (PID=669) to work on /home/airflow/.local/lib/python3.8/site-packages/airflow/example_dags/example_complex.py
[2024-10-14T21:54:20.655+0000] {processor.py:830} INFO - Processing file /home/airflow/.local/lib/python3.8/site-packages/airflow/example_dags/example_complex.py for tasks to queue
[2024-10-14T21:54:20.656+0000] {logging_mixin.py:188} INFO - [2024-10-14T21:54:20.656+0000] {dagbag.py:538} INFO - Filling up the DagBag from /home/airflow/.local/lib/python3.8/site-packages/airflow/example_dags/example_complex.py
[2024-10-14T21:54:20.664+0000] {processor.py:840} INFO - DAG(s) 'example_complex' retrieved from /home/airflow/.local/lib/python3.8/site-packages/airflow/example_dags/example_complex.py
[2024-10-14T21:54:20.697+0000] {logging_mixin.py:188} INFO - [2024-10-14T21:54:20.697+0000] {dag.py:3036} INFO - Sync 1 DAGs
[2024-10-14T21:54:20.711+0000] {logging_mixin.py:188} INFO - [2024-10-14T21:54:20.711+0000] {dag.py:3823} INFO - Setting next_dagrun for example_complex to None, run_after=None
[2024-10-14T21:54:20.731+0000] {processor.py:183} INFO - Processing /home/airflow/.local/lib/python3.8/site-packages/airflow/example_dags/example_complex.py took 0.082 seconds
[2024-10-14T21:58:44.513+0000] {processor.py:161} INFO - Started process (PID=130) to work on /home/airflow/.local/lib/python3.8/site-packages/airflow/example_dags/example_complex.py
[2024-10-14T21:58:44.515+0000] {processor.py:830} INFO - Processing file /home/airflow/.local/lib/python3.8/site-packages/airflow/example_dags/example_complex.py for tasks to queue
[2024-10-14T21:58:44.525+0000] {logging_mixin.py:188} INFO - [2024-10-14T21:58:44.521+0000] {dagbag.py:538} INFO - Filling up the DagBag from /home/airflow/.local/lib/python3.8/site-packages/airflow/example_dags/example_complex.py
[2024-10-14T21:58:44.545+0000] {processor.py:840} INFO - DAG(s) 'example_complex' retrieved from /home/airflow/.local/lib/python3.8/site-packages/airflow/example_dags/example_complex.py
[2024-10-14T21:58:44.567+0000] {logging_mixin.py:188} INFO - [2024-10-14T21:58:44.567+0000] {dag.py:3036} INFO - Sync 1 DAGs
[2024-10-14T21:58:44.598+0000] {logging_mixin.py:188} INFO - [2024-10-14T21:58:44.598+0000] {dag.py:3823} INFO - Setting next_dagrun for example_complex to None, run_after=None
[2024-10-14T21:58:44.649+0000] {processor.py:183} INFO - Processing /home/airflow/.local/lib/python3.8/site-packages/airflow/example_dags/example_complex.py took 0.142 seconds
[2024-10-14T21:59:17.432+0000] {processor.py:161} INFO - Started process (PID=204) to work on /home/airflow/.local/lib/python3.8/site-packages/airflow/example_dags/example_complex.py
[2024-10-14T21:59:17.434+0000] {processor.py:830} INFO - Processing file /home/airflow/.local/lib/python3.8/site-packages/airflow/example_dags/example_complex.py for tasks to queue
[2024-10-14T21:59:17.437+0000] {logging_mixin.py:188} INFO - [2024-10-14T21:59:17.436+0000] {dagbag.py:538} INFO - Filling up the DagBag from /home/airflow/.local/lib/python3.8/site-packages/airflow/example_dags/example_complex.py
[2024-10-14T21:59:17.447+0000] {processor.py:840} INFO - DAG(s) 'example_complex' retrieved from /home/airflow/.local/lib/python3.8/site-packages/airflow/example_dags/example_complex.py
[2024-10-14T21:59:17.546+0000] {logging_mixin.py:188} INFO - [2024-10-14T21:59:17.546+0000] {dag.py:3036} INFO - Sync 1 DAGs
[2024-10-14T21:59:17.555+0000] {logging_mixin.py:188} INFO - [2024-10-14T21:59:17.555+0000] {dag.py:3823} INFO - Setting next_dagrun for example_complex to None, run_after=None
[2024-10-14T21:59:17.574+0000] {processor.py:183} INFO - Processing /home/airflow/.local/lib/python3.8/site-packages/airflow/example_dags/example_complex.py took 0.144 seconds
[2024-10-14T21:59:48.362+0000] {processor.py:161} INFO - Started process (PID=286) to work on /home/airflow/.local/lib/python3.8/site-packages/airflow/example_dags/example_complex.py
[2024-10-14T21:59:48.364+0000] {processor.py:830} INFO - Processing file /home/airflow/.local/lib/python3.8/site-packages/airflow/example_dags/example_complex.py for tasks to queue
[2024-10-14T21:59:48.366+0000] {logging_mixin.py:188} INFO - [2024-10-14T21:59:48.366+0000] {dagbag.py:538} INFO - Filling up the DagBag from /home/airflow/.local/lib/python3.8/site-packages/airflow/example_dags/example_complex.py
[2024-10-14T21:59:48.378+0000] {processor.py:840} INFO - DAG(s) 'example_complex' retrieved from /home/airflow/.local/lib/python3.8/site-packages/airflow/example_dags/example_complex.py
[2024-10-14T21:59:48.405+0000] {logging_mixin.py:188} INFO - [2024-10-14T21:59:48.405+0000] {dag.py:3036} INFO - Sync 1 DAGs
[2024-10-14T21:59:48.415+0000] {logging_mixin.py:188} INFO - [2024-10-14T21:59:48.415+0000] {dag.py:3823} INFO - Setting next_dagrun for example_complex to None, run_after=None
[2024-10-14T21:59:48.433+0000] {processor.py:183} INFO - Processing /home/airflow/.local/lib/python3.8/site-packages/airflow/example_dags/example_complex.py took 0.074 seconds
[2024-10-14T22:00:18.533+0000] {processor.py:161} INFO - Started process (PID=360) to work on /home/airflow/.local/lib/python3.8/site-packages/airflow/example_dags/example_complex.py
[2024-10-14T22:00:18.534+0000] {processor.py:830} INFO - Processing file /home/airflow/.local/lib/python3.8/site-packages/airflow/example_dags/example_complex.py for tasks to queue
[2024-10-14T22:00:18.539+0000] {logging_mixin.py:188} INFO - [2024-10-14T22:00:18.537+0000] {dagbag.py:538} INFO - Filling up the DagBag from /home/airflow/.local/lib/python3.8/site-packages/airflow/example_dags/example_complex.py
[2024-10-14T22:00:18.549+0000] {processor.py:840} INFO - DAG(s) 'example_complex' retrieved from /home/airflow/.local/lib/python3.8/site-packages/airflow/example_dags/example_complex.py
[2024-10-14T22:00:18.577+0000] {logging_mixin.py:188} INFO - [2024-10-14T22:00:18.577+0000] {dag.py:3036} INFO - Sync 1 DAGs
[2024-10-14T22:00:18.588+0000] {logging_mixin.py:188} INFO - [2024-10-14T22:00:18.587+0000] {dag.py:3823} INFO - Setting next_dagrun for example_complex to None, run_after=None
[2024-10-14T22:00:18.607+0000] {processor.py:183} INFO - Processing /home/airflow/.local/lib/python3.8/site-packages/airflow/example_dags/example_complex.py took 0.077 seconds
[2024-10-14T22:00:49.194+0000] {processor.py:161} INFO - Started process (PID=434) to work on /home/airflow/.local/lib/python3.8/site-packages/airflow/example_dags/example_complex.py
[2024-10-14T22:00:49.195+0000] {processor.py:830} INFO - Processing file /home/airflow/.local/lib/python3.8/site-packages/airflow/example_dags/example_complex.py for tasks to queue
[2024-10-14T22:00:49.196+0000] {logging_mixin.py:188} INFO - [2024-10-14T22:00:49.196+0000] {dagbag.py:538} INFO - Filling up the DagBag from /home/airflow/.local/lib/python3.8/site-packages/airflow/example_dags/example_complex.py
[2024-10-14T22:00:49.206+0000] {processor.py:840} INFO - DAG(s) 'example_complex' retrieved from /home/airflow/.local/lib/python3.8/site-packages/airflow/example_dags/example_complex.py
[2024-10-14T22:00:49.231+0000] {logging_mixin.py:188} INFO - [2024-10-14T22:00:49.231+0000] {dag.py:3036} INFO - Sync 1 DAGs
[2024-10-14T22:00:49.244+0000] {logging_mixin.py:188} INFO - [2024-10-14T22:00:49.244+0000] {dag.py:3823} INFO - Setting next_dagrun for example_complex to None, run_after=None
[2024-10-14T22:00:49.264+0000] {processor.py:183} INFO - Processing /home/airflow/.local/lib/python3.8/site-packages/airflow/example_dags/example_complex.py took 0.072 seconds
[2024-10-14T22:01:19.826+0000] {processor.py:161} INFO - Started process (PID=507) to work on /home/airflow/.local/lib/python3.8/site-packages/airflow/example_dags/example_complex.py
[2024-10-14T22:01:19.827+0000] {processor.py:830} INFO - Processing file /home/airflow/.local/lib/python3.8/site-packages/airflow/example_dags/example_complex.py for tasks to queue
[2024-10-14T22:01:19.828+0000] {logging_mixin.py:188} INFO - [2024-10-14T22:01:19.828+0000] {dagbag.py:538} INFO - Filling up the DagBag from /home/airflow/.local/lib/python3.8/site-packages/airflow/example_dags/example_complex.py
[2024-10-14T22:01:19.837+0000] {processor.py:840} INFO - DAG(s) 'example_complex' retrieved from /home/airflow/.local/lib/python3.8/site-packages/airflow/example_dags/example_complex.py
[2024-10-14T22:01:19.864+0000] {logging_mixin.py:188} INFO - [2024-10-14T22:01:19.863+0000] {dag.py:3036} INFO - Sync 1 DAGs
[2024-10-14T22:01:19.877+0000] {logging_mixin.py:188} INFO - [2024-10-14T22:01:19.877+0000] {dag.py:3823} INFO - Setting next_dagrun for example_complex to None, run_after=None
[2024-10-14T22:01:19.899+0000] {processor.py:183} INFO - Processing /home/airflow/.local/lib/python3.8/site-packages/airflow/example_dags/example_complex.py took 0.079 seconds
[2024-10-14T22:01:50.115+0000] {processor.py:161} INFO - Started process (PID=581) to work on /home/airflow/.local/lib/python3.8/site-packages/airflow/example_dags/example_complex.py
[2024-10-14T22:01:50.115+0000] {processor.py:830} INFO - Processing file /home/airflow/.local/lib/python3.8/site-packages/airflow/example_dags/example_complex.py for tasks to queue
[2024-10-14T22:01:50.117+0000] {logging_mixin.py:188} INFO - [2024-10-14T22:01:50.117+0000] {dagbag.py:538} INFO - Filling up the DagBag from /home/airflow/.local/lib/python3.8/site-packages/airflow/example_dags/example_complex.py
[2024-10-14T22:01:50.132+0000] {processor.py:840} INFO - DAG(s) 'example_complex' retrieved from /home/airflow/.local/lib/python3.8/site-packages/airflow/example_dags/example_complex.py
[2024-10-14T22:01:50.164+0000] {logging_mixin.py:188} INFO - [2024-10-14T22:01:50.163+0000] {dag.py:3036} INFO - Sync 1 DAGs
[2024-10-14T22:01:50.179+0000] {logging_mixin.py:188} INFO - [2024-10-14T22:01:50.179+0000] {dag.py:3823} INFO - Setting next_dagrun for example_complex to None, run_after=None
[2024-10-14T22:01:50.203+0000] {processor.py:183} INFO - Processing /home/airflow/.local/lib/python3.8/site-packages/airflow/example_dags/example_complex.py took 0.091 seconds
[2024-10-14T22:02:20.464+0000] {processor.py:161} INFO - Started process (PID=663) to work on /home/airflow/.local/lib/python3.8/site-packages/airflow/example_dags/example_complex.py
[2024-10-14T22:02:20.465+0000] {processor.py:830} INFO - Processing file /home/airflow/.local/lib/python3.8/site-packages/airflow/example_dags/example_complex.py for tasks to queue
[2024-10-14T22:02:20.466+0000] {logging_mixin.py:188} INFO - [2024-10-14T22:02:20.466+0000] {dagbag.py:538} INFO - Filling up the DagBag from /home/airflow/.local/lib/python3.8/site-packages/airflow/example_dags/example_complex.py
[2024-10-14T22:02:20.477+0000] {processor.py:840} INFO - DAG(s) 'example_complex' retrieved from /home/airflow/.local/lib/python3.8/site-packages/airflow/example_dags/example_complex.py
[2024-10-14T22:02:20.508+0000] {logging_mixin.py:188} INFO - [2024-10-14T22:02:20.508+0000] {dag.py:3036} INFO - Sync 1 DAGs
[2024-10-14T22:02:20.519+0000] {logging_mixin.py:188} INFO - [2024-10-14T22:02:20.519+0000] {dag.py:3823} INFO - Setting next_dagrun for example_complex to None, run_after=None
[2024-10-14T22:02:20.536+0000] {processor.py:183} INFO - Processing /home/airflow/.local/lib/python3.8/site-packages/airflow/example_dags/example_complex.py took 0.074 seconds
[2024-10-14T22:02:51.181+0000] {processor.py:161} INFO - Started process (PID=737) to work on /home/airflow/.local/lib/python3.8/site-packages/airflow/example_dags/example_complex.py
[2024-10-14T22:02:51.181+0000] {processor.py:830} INFO - Processing file /home/airflow/.local/lib/python3.8/site-packages/airflow/example_dags/example_complex.py for tasks to queue
[2024-10-14T22:02:51.182+0000] {logging_mixin.py:188} INFO - [2024-10-14T22:02:51.182+0000] {dagbag.py:538} INFO - Filling up the DagBag from /home/airflow/.local/lib/python3.8/site-packages/airflow/example_dags/example_complex.py
[2024-10-14T22:02:51.192+0000] {processor.py:840} INFO - DAG(s) 'example_complex' retrieved from /home/airflow/.local/lib/python3.8/site-packages/airflow/example_dags/example_complex.py
[2024-10-14T22:02:51.216+0000] {logging_mixin.py:188} INFO - [2024-10-14T22:02:51.215+0000] {dag.py:3036} INFO - Sync 1 DAGs
[2024-10-14T22:02:51.230+0000] {logging_mixin.py:188} INFO - [2024-10-14T22:02:51.230+0000] {dag.py:3823} INFO - Setting next_dagrun for example_complex to None, run_after=None
[2024-10-14T22:02:51.249+0000] {processor.py:183} INFO - Processing /home/airflow/.local/lib/python3.8/site-packages/airflow/example_dags/example_complex.py took 0.070 seconds
[2024-10-14T22:03:22.151+0000] {processor.py:161} INFO - Started process (PID=819) to work on /home/airflow/.local/lib/python3.8/site-packages/airflow/example_dags/example_complex.py
[2024-10-14T22:03:22.156+0000] {processor.py:830} INFO - Processing file /home/airflow/.local/lib/python3.8/site-packages/airflow/example_dags/example_complex.py for tasks to queue
[2024-10-14T22:03:22.163+0000] {logging_mixin.py:188} INFO - [2024-10-14T22:03:22.161+0000] {dagbag.py:538} INFO - Filling up the DagBag from /home/airflow/.local/lib/python3.8/site-packages/airflow/example_dags/example_complex.py
[2024-10-14T22:03:22.182+0000] {processor.py:840} INFO - DAG(s) 'example_complex' retrieved from /home/airflow/.local/lib/python3.8/site-packages/airflow/example_dags/example_complex.py
[2024-10-14T22:03:22.249+0000] {logging_mixin.py:188} INFO - [2024-10-14T22:03:22.249+0000] {dag.py:3036} INFO - Sync 1 DAGs
[2024-10-14T22:03:22.268+0000] {logging_mixin.py:188} INFO - [2024-10-14T22:03:22.268+0000] {dag.py:3823} INFO - Setting next_dagrun for example_complex to None, run_after=None
[2024-10-14T22:03:22.309+0000] {processor.py:183} INFO - Processing /home/airflow/.local/lib/python3.8/site-packages/airflow/example_dags/example_complex.py took 0.161 seconds
[2024-10-14T22:03:52.357+0000] {processor.py:161} INFO - Started process (PID=892) to work on /home/airflow/.local/lib/python3.8/site-packages/airflow/example_dags/example_complex.py
[2024-10-14T22:03:52.359+0000] {processor.py:830} INFO - Processing file /home/airflow/.local/lib/python3.8/site-packages/airflow/example_dags/example_complex.py for tasks to queue
[2024-10-14T22:03:52.362+0000] {logging_mixin.py:188} INFO - [2024-10-14T22:03:52.362+0000] {dagbag.py:538} INFO - Filling up the DagBag from /home/airflow/.local/lib/python3.8/site-packages/airflow/example_dags/example_complex.py
[2024-10-14T22:03:52.373+0000] {processor.py:840} INFO - DAG(s) 'example_complex' retrieved from /home/airflow/.local/lib/python3.8/site-packages/airflow/example_dags/example_complex.py
[2024-10-14T22:03:52.415+0000] {logging_mixin.py:188} INFO - [2024-10-14T22:03:52.415+0000] {dag.py:3036} INFO - Sync 1 DAGs
[2024-10-14T22:03:52.433+0000] {logging_mixin.py:188} INFO - [2024-10-14T22:03:52.433+0000] {dag.py:3823} INFO - Setting next_dagrun for example_complex to None, run_after=None
[2024-10-14T22:03:52.461+0000] {processor.py:183} INFO - Processing /home/airflow/.local/lib/python3.8/site-packages/airflow/example_dags/example_complex.py took 0.110 seconds
[2024-10-14T22:04:22.733+0000] {processor.py:161} INFO - Started process (PID=973) to work on /home/airflow/.local/lib/python3.8/site-packages/airflow/example_dags/example_complex.py
[2024-10-14T22:04:22.734+0000] {processor.py:830} INFO - Processing file /home/airflow/.local/lib/python3.8/site-packages/airflow/example_dags/example_complex.py for tasks to queue
[2024-10-14T22:04:22.735+0000] {logging_mixin.py:188} INFO - [2024-10-14T22:04:22.735+0000] {dagbag.py:538} INFO - Filling up the DagBag from /home/airflow/.local/lib/python3.8/site-packages/airflow/example_dags/example_complex.py
[2024-10-14T22:04:22.743+0000] {processor.py:840} INFO - DAG(s) 'example_complex' retrieved from /home/airflow/.local/lib/python3.8/site-packages/airflow/example_dags/example_complex.py
[2024-10-14T22:04:22.767+0000] {logging_mixin.py:188} INFO - [2024-10-14T22:04:22.767+0000] {dag.py:3036} INFO - Sync 1 DAGs
[2024-10-14T22:04:22.777+0000] {logging_mixin.py:188} INFO - [2024-10-14T22:04:22.776+0000] {dag.py:3823} INFO - Setting next_dagrun for example_complex to None, run_after=None
[2024-10-14T22:04:22.791+0000] {processor.py:183} INFO - Processing /home/airflow/.local/lib/python3.8/site-packages/airflow/example_dags/example_complex.py took 0.062 seconds
[2024-10-14T22:04:53.315+0000] {processor.py:161} INFO - Started process (PID=1046) to work on /home/airflow/.local/lib/python3.8/site-packages/airflow/example_dags/example_complex.py
[2024-10-14T22:04:53.316+0000] {processor.py:830} INFO - Processing file /home/airflow/.local/lib/python3.8/site-packages/airflow/example_dags/example_complex.py for tasks to queue
[2024-10-14T22:04:53.317+0000] {logging_mixin.py:188} INFO - [2024-10-14T22:04:53.317+0000] {dagbag.py:538} INFO - Filling up the DagBag from /home/airflow/.local/lib/python3.8/site-packages/airflow/example_dags/example_complex.py
[2024-10-14T22:04:53.325+0000] {processor.py:840} INFO - DAG(s) 'example_complex' retrieved from /home/airflow/.local/lib/python3.8/site-packages/airflow/example_dags/example_complex.py
[2024-10-14T22:04:53.348+0000] {logging_mixin.py:188} INFO - [2024-10-14T22:04:53.347+0000] {dag.py:3036} INFO - Sync 1 DAGs
[2024-10-14T22:04:53.356+0000] {logging_mixin.py:188} INFO - [2024-10-14T22:04:53.356+0000] {dag.py:3823} INFO - Setting next_dagrun for example_complex to None, run_after=None
[2024-10-14T22:04:53.369+0000] {processor.py:183} INFO - Processing /home/airflow/.local/lib/python3.8/site-packages/airflow/example_dags/example_complex.py took 0.056 seconds
[2024-10-14T22:05:24.346+0000] {processor.py:161} INFO - Started process (PID=1128) to work on /home/airflow/.local/lib/python3.8/site-packages/airflow/example_dags/example_complex.py
[2024-10-14T22:05:24.347+0000] {processor.py:830} INFO - Processing file /home/airflow/.local/lib/python3.8/site-packages/airflow/example_dags/example_complex.py for tasks to queue
[2024-10-14T22:05:24.349+0000] {logging_mixin.py:188} INFO - [2024-10-14T22:05:24.348+0000] {dagbag.py:538} INFO - Filling up the DagBag from /home/airflow/.local/lib/python3.8/site-packages/airflow/example_dags/example_complex.py
[2024-10-14T22:05:24.356+0000] {processor.py:840} INFO - DAG(s) 'example_complex' retrieved from /home/airflow/.local/lib/python3.8/site-packages/airflow/example_dags/example_complex.py
[2024-10-14T22:05:24.380+0000] {logging_mixin.py:188} INFO - [2024-10-14T22:05:24.380+0000] {dag.py:3036} INFO - Sync 1 DAGs
[2024-10-14T22:05:24.388+0000] {logging_mixin.py:188} INFO - [2024-10-14T22:05:24.388+0000] {dag.py:3823} INFO - Setting next_dagrun for example_complex to None, run_after=None
[2024-10-14T22:05:24.401+0000] {processor.py:183} INFO - Processing /home/airflow/.local/lib/python3.8/site-packages/airflow/example_dags/example_complex.py took 0.057 seconds
[2024-10-14T22:05:55.408+0000] {processor.py:161} INFO - Started process (PID=1202) to work on /home/airflow/.local/lib/python3.8/site-packages/airflow/example_dags/example_complex.py
[2024-10-14T22:05:55.409+0000] {processor.py:830} INFO - Processing file /home/airflow/.local/lib/python3.8/site-packages/airflow/example_dags/example_complex.py for tasks to queue
[2024-10-14T22:05:55.410+0000] {logging_mixin.py:188} INFO - [2024-10-14T22:05:55.410+0000] {dagbag.py:538} INFO - Filling up the DagBag from /home/airflow/.local/lib/python3.8/site-packages/airflow/example_dags/example_complex.py
[2024-10-14T22:05:55.418+0000] {processor.py:840} INFO - DAG(s) 'example_complex' retrieved from /home/airflow/.local/lib/python3.8/site-packages/airflow/example_dags/example_complex.py
[2024-10-14T22:05:55.442+0000] {logging_mixin.py:188} INFO - [2024-10-14T22:05:55.442+0000] {dag.py:3036} INFO - Sync 1 DAGs
[2024-10-14T22:05:55.451+0000] {logging_mixin.py:188} INFO - [2024-10-14T22:05:55.451+0000] {dag.py:3823} INFO - Setting next_dagrun for example_complex to None, run_after=None
[2024-10-14T22:05:55.468+0000] {processor.py:183} INFO - Processing /home/airflow/.local/lib/python3.8/site-packages/airflow/example_dags/example_complex.py took 0.062 seconds
[2024-10-14T22:06:26.541+0000] {processor.py:161} INFO - Started process (PID=1283) to work on /home/airflow/.local/lib/python3.8/site-packages/airflow/example_dags/example_complex.py
[2024-10-14T22:06:26.542+0000] {processor.py:830} INFO - Processing file /home/airflow/.local/lib/python3.8/site-packages/airflow/example_dags/example_complex.py for tasks to queue
[2024-10-14T22:06:26.543+0000] {logging_mixin.py:188} INFO - [2024-10-14T22:06:26.543+0000] {dagbag.py:538} INFO - Filling up the DagBag from /home/airflow/.local/lib/python3.8/site-packages/airflow/example_dags/example_complex.py
[2024-10-14T22:06:26.552+0000] {processor.py:840} INFO - DAG(s) 'example_complex' retrieved from /home/airflow/.local/lib/python3.8/site-packages/airflow/example_dags/example_complex.py
[2024-10-14T22:06:26.581+0000] {logging_mixin.py:188} INFO - [2024-10-14T22:06:26.581+0000] {dag.py:3036} INFO - Sync 1 DAGs
[2024-10-14T22:06:26.593+0000] {logging_mixin.py:188} INFO - [2024-10-14T22:06:26.593+0000] {dag.py:3823} INFO - Setting next_dagrun for example_complex to None, run_after=None
[2024-10-14T22:06:26.610+0000] {processor.py:183} INFO - Processing /home/airflow/.local/lib/python3.8/site-packages/airflow/example_dags/example_complex.py took 0.072 seconds
[2024-10-14T22:06:56.854+0000] {processor.py:161} INFO - Started process (PID=1366) to work on /home/airflow/.local/lib/python3.8/site-packages/airflow/example_dags/example_complex.py
[2024-10-14T22:06:56.855+0000] {processor.py:830} INFO - Processing file /home/airflow/.local/lib/python3.8/site-packages/airflow/example_dags/example_complex.py for tasks to queue
[2024-10-14T22:06:56.856+0000] {logging_mixin.py:188} INFO - [2024-10-14T22:06:56.856+0000] {dagbag.py:538} INFO - Filling up the DagBag from /home/airflow/.local/lib/python3.8/site-packages/airflow/example_dags/example_complex.py
[2024-10-14T22:06:56.864+0000] {processor.py:840} INFO - DAG(s) 'example_complex' retrieved from /home/airflow/.local/lib/python3.8/site-packages/airflow/example_dags/example_complex.py
[2024-10-14T22:06:56.885+0000] {logging_mixin.py:188} INFO - [2024-10-14T22:06:56.884+0000] {dag.py:3036} INFO - Sync 1 DAGs
[2024-10-14T22:06:56.893+0000] {logging_mixin.py:188} INFO - [2024-10-14T22:06:56.892+0000] {dag.py:3823} INFO - Setting next_dagrun for example_complex to None, run_after=None
[2024-10-14T22:06:56.907+0000] {processor.py:183} INFO - Processing /home/airflow/.local/lib/python3.8/site-packages/airflow/example_dags/example_complex.py took 0.055 seconds
[2024-10-14T22:07:27.667+0000] {processor.py:161} INFO - Started process (PID=1441) to work on /home/airflow/.local/lib/python3.8/site-packages/airflow/example_dags/example_complex.py
[2024-10-14T22:07:27.668+0000] {processor.py:830} INFO - Processing file /home/airflow/.local/lib/python3.8/site-packages/airflow/example_dags/example_complex.py for tasks to queue
[2024-10-14T22:07:27.669+0000] {logging_mixin.py:188} INFO - [2024-10-14T22:07:27.669+0000] {dagbag.py:538} INFO - Filling up the DagBag from /home/airflow/.local/lib/python3.8/site-packages/airflow/example_dags/example_complex.py
[2024-10-14T22:07:27.677+0000] {processor.py:840} INFO - DAG(s) 'example_complex' retrieved from /home/airflow/.local/lib/python3.8/site-packages/airflow/example_dags/example_complex.py
[2024-10-14T22:07:27.698+0000] {logging_mixin.py:188} INFO - [2024-10-14T22:07:27.698+0000] {dag.py:3036} INFO - Sync 1 DAGs
[2024-10-14T22:07:27.707+0000] {logging_mixin.py:188} INFO - [2024-10-14T22:07:27.706+0000] {dag.py:3823} INFO - Setting next_dagrun for example_complex to None, run_after=None
[2024-10-14T22:07:27.723+0000] {processor.py:183} INFO - Processing /home/airflow/.local/lib/python3.8/site-packages/airflow/example_dags/example_complex.py took 0.058 seconds
[2024-10-14T22:07:58.791+0000] {processor.py:161} INFO - Started process (PID=1523) to work on /home/airflow/.local/lib/python3.8/site-packages/airflow/example_dags/example_complex.py
[2024-10-14T22:07:58.792+0000] {processor.py:830} INFO - Processing file /home/airflow/.local/lib/python3.8/site-packages/airflow/example_dags/example_complex.py for tasks to queue
[2024-10-14T22:07:58.793+0000] {logging_mixin.py:188} INFO - [2024-10-14T22:07:58.793+0000] {dagbag.py:538} INFO - Filling up the DagBag from /home/airflow/.local/lib/python3.8/site-packages/airflow/example_dags/example_complex.py
[2024-10-14T22:07:58.801+0000] {processor.py:840} INFO - DAG(s) 'example_complex' retrieved from /home/airflow/.local/lib/python3.8/site-packages/airflow/example_dags/example_complex.py
[2024-10-14T22:07:58.824+0000] {logging_mixin.py:188} INFO - [2024-10-14T22:07:58.824+0000] {dag.py:3036} INFO - Sync 1 DAGs
[2024-10-14T22:07:58.833+0000] {logging_mixin.py:188} INFO - [2024-10-14T22:07:58.833+0000] {dag.py:3823} INFO - Setting next_dagrun for example_complex to None, run_after=None
[2024-10-14T22:07:58.848+0000] {processor.py:183} INFO - Processing /home/airflow/.local/lib/python3.8/site-packages/airflow/example_dags/example_complex.py took 0.059 seconds
[2024-10-14T22:08:29.320+0000] {processor.py:161} INFO - Started process (PID=1597) to work on /home/airflow/.local/lib/python3.8/site-packages/airflow/example_dags/example_complex.py
[2024-10-14T22:08:29.321+0000] {processor.py:830} INFO - Processing file /home/airflow/.local/lib/python3.8/site-packages/airflow/example_dags/example_complex.py for tasks to queue
[2024-10-14T22:08:29.322+0000] {logging_mixin.py:188} INFO - [2024-10-14T22:08:29.322+0000] {dagbag.py:538} INFO - Filling up the DagBag from /home/airflow/.local/lib/python3.8/site-packages/airflow/example_dags/example_complex.py
[2024-10-14T22:08:29.330+0000] {processor.py:840} INFO - DAG(s) 'example_complex' retrieved from /home/airflow/.local/lib/python3.8/site-packages/airflow/example_dags/example_complex.py
[2024-10-14T22:08:29.351+0000] {logging_mixin.py:188} INFO - [2024-10-14T22:08:29.351+0000] {dag.py:3036} INFO - Sync 1 DAGs
[2024-10-14T22:08:29.360+0000] {logging_mixin.py:188} INFO - [2024-10-14T22:08:29.360+0000] {dag.py:3823} INFO - Setting next_dagrun for example_complex to None, run_after=None
[2024-10-14T22:08:29.375+0000] {processor.py:183} INFO - Processing /home/airflow/.local/lib/python3.8/site-packages/airflow/example_dags/example_complex.py took 0.057 seconds
[2024-10-14T22:08:59.874+0000] {processor.py:161} INFO - Started process (PID=1678) to work on /home/airflow/.local/lib/python3.8/site-packages/airflow/example_dags/example_complex.py
[2024-10-14T22:08:59.875+0000] {processor.py:830} INFO - Processing file /home/airflow/.local/lib/python3.8/site-packages/airflow/example_dags/example_complex.py for tasks to queue
[2024-10-14T22:08:59.876+0000] {logging_mixin.py:188} INFO - [2024-10-14T22:08:59.876+0000] {dagbag.py:538} INFO - Filling up the DagBag from /home/airflow/.local/lib/python3.8/site-packages/airflow/example_dags/example_complex.py
[2024-10-14T22:08:59.885+0000] {processor.py:840} INFO - DAG(s) 'example_complex' retrieved from /home/airflow/.local/lib/python3.8/site-packages/airflow/example_dags/example_complex.py
[2024-10-14T22:08:59.907+0000] {logging_mixin.py:188} INFO - [2024-10-14T22:08:59.907+0000] {dag.py:3036} INFO - Sync 1 DAGs
[2024-10-14T22:08:59.916+0000] {logging_mixin.py:188} INFO - [2024-10-14T22:08:59.916+0000] {dag.py:3823} INFO - Setting next_dagrun for example_complex to None, run_after=None
[2024-10-14T22:08:59.931+0000] {processor.py:183} INFO - Processing /home/airflow/.local/lib/python3.8/site-packages/airflow/example_dags/example_complex.py took 0.059 seconds
