[2024-10-14T21:19:55.782+0000] {processor.py:161} INFO - Started process (PID=139) to work on /home/airflow/.local/lib/python3.8/site-packages/airflow/example_dags/example_sensors.py
[2024-10-14T21:19:55.782+0000] {processor.py:830} INFO - Processing file /home/airflow/.local/lib/python3.8/site-packages/airflow/example_dags/example_sensors.py for tasks to queue
[2024-10-14T21:19:55.784+0000] {logging_mixin.py:188} INFO - [2024-10-14T21:19:55.784+0000] {dagbag.py:538} INFO - Filling up the DagBag from /home/airflow/.local/lib/python3.8/site-packages/airflow/example_dags/example_sensors.py
[2024-10-14T21:19:55.792+0000] {processor.py:840} INFO - DAG(s) 'example_sensors' retrieved from /home/airflow/.local/lib/python3.8/site-packages/airflow/example_dags/example_sensors.py
[2024-10-14T21:19:55.897+0000] {logging_mixin.py:188} INFO - [2024-10-14T21:19:55.897+0000] {dag.py:3036} INFO - Sync 1 DAGs
[2024-10-14T21:19:55.910+0000] {logging_mixin.py:188} INFO - [2024-10-14T21:19:55.910+0000] {dag.py:3823} INFO - Setting next_dagrun for example_sensors to None, run_after=None
[2024-10-14T21:19:55.933+0000] {processor.py:183} INFO - Processing /home/airflow/.local/lib/python3.8/site-packages/airflow/example_dags/example_sensors.py took 0.153 seconds
[2024-10-14T21:20:26.157+0000] {processor.py:161} INFO - Started process (PID=213) to work on /home/airflow/.local/lib/python3.8/site-packages/airflow/example_dags/example_sensors.py
[2024-10-14T21:20:26.158+0000] {processor.py:830} INFO - Processing file /home/airflow/.local/lib/python3.8/site-packages/airflow/example_dags/example_sensors.py for tasks to queue
[2024-10-14T21:20:26.159+0000] {logging_mixin.py:188} INFO - [2024-10-14T21:20:26.159+0000] {dagbag.py:538} INFO - Filling up the DagBag from /home/airflow/.local/lib/python3.8/site-packages/airflow/example_dags/example_sensors.py
[2024-10-14T21:20:26.168+0000] {processor.py:840} INFO - DAG(s) 'example_sensors' retrieved from /home/airflow/.local/lib/python3.8/site-packages/airflow/example_dags/example_sensors.py
[2024-10-14T21:20:26.188+0000] {logging_mixin.py:188} INFO - [2024-10-14T21:20:26.188+0000] {dag.py:3036} INFO - Sync 1 DAGs
[2024-10-14T21:20:26.198+0000] {logging_mixin.py:188} INFO - [2024-10-14T21:20:26.198+0000] {dag.py:3823} INFO - Setting next_dagrun for example_sensors to None, run_after=None
[2024-10-14T21:20:26.213+0000] {processor.py:183} INFO - Processing /home/airflow/.local/lib/python3.8/site-packages/airflow/example_dags/example_sensors.py took 0.058 seconds
[2024-10-14T21:20:57.110+0000] {processor.py:161} INFO - Started process (PID=294) to work on /home/airflow/.local/lib/python3.8/site-packages/airflow/example_dags/example_sensors.py
[2024-10-14T21:20:57.111+0000] {processor.py:830} INFO - Processing file /home/airflow/.local/lib/python3.8/site-packages/airflow/example_dags/example_sensors.py for tasks to queue
[2024-10-14T21:20:57.112+0000] {logging_mixin.py:188} INFO - [2024-10-14T21:20:57.112+0000] {dagbag.py:538} INFO - Filling up the DagBag from /home/airflow/.local/lib/python3.8/site-packages/airflow/example_dags/example_sensors.py
[2024-10-14T21:20:57.119+0000] {processor.py:840} INFO - DAG(s) 'example_sensors' retrieved from /home/airflow/.local/lib/python3.8/site-packages/airflow/example_dags/example_sensors.py
[2024-10-14T21:20:57.137+0000] {logging_mixin.py:188} INFO - [2024-10-14T21:20:57.137+0000] {dag.py:3036} INFO - Sync 1 DAGs
[2024-10-14T21:20:57.146+0000] {logging_mixin.py:188} INFO - [2024-10-14T21:20:57.146+0000] {dag.py:3823} INFO - Setting next_dagrun for example_sensors to None, run_after=None
[2024-10-14T21:20:57.160+0000] {processor.py:183} INFO - Processing /home/airflow/.local/lib/python3.8/site-packages/airflow/example_dags/example_sensors.py took 0.053 seconds
[2024-10-14T21:21:27.811+0000] {processor.py:161} INFO - Started process (PID=368) to work on /home/airflow/.local/lib/python3.8/site-packages/airflow/example_dags/example_sensors.py
[2024-10-14T21:21:27.812+0000] {processor.py:830} INFO - Processing file /home/airflow/.local/lib/python3.8/site-packages/airflow/example_dags/example_sensors.py for tasks to queue
[2024-10-14T21:21:27.813+0000] {logging_mixin.py:188} INFO - [2024-10-14T21:21:27.813+0000] {dagbag.py:538} INFO - Filling up the DagBag from /home/airflow/.local/lib/python3.8/site-packages/airflow/example_dags/example_sensors.py
[2024-10-14T21:21:27.819+0000] {processor.py:840} INFO - DAG(s) 'example_sensors' retrieved from /home/airflow/.local/lib/python3.8/site-packages/airflow/example_dags/example_sensors.py
[2024-10-14T21:21:27.837+0000] {logging_mixin.py:188} INFO - [2024-10-14T21:21:27.836+0000] {dag.py:3036} INFO - Sync 1 DAGs
[2024-10-14T21:21:27.846+0000] {logging_mixin.py:188} INFO - [2024-10-14T21:21:27.845+0000] {dag.py:3823} INFO - Setting next_dagrun for example_sensors to None, run_after=None
[2024-10-14T21:21:27.864+0000] {processor.py:183} INFO - Processing /home/airflow/.local/lib/python3.8/site-packages/airflow/example_dags/example_sensors.py took 0.055 seconds
[2024-10-14T21:21:58.685+0000] {processor.py:161} INFO - Started process (PID=449) to work on /home/airflow/.local/lib/python3.8/site-packages/airflow/example_dags/example_sensors.py
[2024-10-14T21:21:58.685+0000] {processor.py:830} INFO - Processing file /home/airflow/.local/lib/python3.8/site-packages/airflow/example_dags/example_sensors.py for tasks to queue
[2024-10-14T21:21:58.687+0000] {logging_mixin.py:188} INFO - [2024-10-14T21:21:58.686+0000] {dagbag.py:538} INFO - Filling up the DagBag from /home/airflow/.local/lib/python3.8/site-packages/airflow/example_dags/example_sensors.py
[2024-10-14T21:21:58.694+0000] {processor.py:840} INFO - DAG(s) 'example_sensors' retrieved from /home/airflow/.local/lib/python3.8/site-packages/airflow/example_dags/example_sensors.py
[2024-10-14T21:21:58.714+0000] {logging_mixin.py:188} INFO - [2024-10-14T21:21:58.714+0000] {dag.py:3036} INFO - Sync 1 DAGs
[2024-10-14T21:21:58.729+0000] {logging_mixin.py:188} INFO - [2024-10-14T21:21:58.729+0000] {dag.py:3823} INFO - Setting next_dagrun for example_sensors to None, run_after=None
[2024-10-14T21:21:58.760+0000] {processor.py:183} INFO - Processing /home/airflow/.local/lib/python3.8/site-packages/airflow/example_dags/example_sensors.py took 0.078 seconds
[2024-10-14T21:22:29.007+0000] {processor.py:161} INFO - Started process (PID=523) to work on /home/airflow/.local/lib/python3.8/site-packages/airflow/example_dags/example_sensors.py
[2024-10-14T21:22:29.010+0000] {processor.py:830} INFO - Processing file /home/airflow/.local/lib/python3.8/site-packages/airflow/example_dags/example_sensors.py for tasks to queue
[2024-10-14T21:22:29.014+0000] {logging_mixin.py:188} INFO - [2024-10-14T21:22:29.013+0000] {dagbag.py:538} INFO - Filling up the DagBag from /home/airflow/.local/lib/python3.8/site-packages/airflow/example_dags/example_sensors.py
[2024-10-14T21:22:29.032+0000] {processor.py:840} INFO - DAG(s) 'example_sensors' retrieved from /home/airflow/.local/lib/python3.8/site-packages/airflow/example_dags/example_sensors.py
[2024-10-14T21:22:29.083+0000] {logging_mixin.py:188} INFO - [2024-10-14T21:22:29.083+0000] {dag.py:3036} INFO - Sync 1 DAGs
[2024-10-14T21:22:29.103+0000] {logging_mixin.py:188} INFO - [2024-10-14T21:22:29.102+0000] {dag.py:3823} INFO - Setting next_dagrun for example_sensors to None, run_after=None
[2024-10-14T21:22:29.132+0000] {processor.py:183} INFO - Processing /home/airflow/.local/lib/python3.8/site-packages/airflow/example_dags/example_sensors.py took 0.146 seconds
[2024-10-14T21:23:00.367+0000] {processor.py:161} INFO - Started process (PID=605) to work on /home/airflow/.local/lib/python3.8/site-packages/airflow/example_dags/example_sensors.py
[2024-10-14T21:23:00.367+0000] {processor.py:830} INFO - Processing file /home/airflow/.local/lib/python3.8/site-packages/airflow/example_dags/example_sensors.py for tasks to queue
[2024-10-14T21:23:00.368+0000] {logging_mixin.py:188} INFO - [2024-10-14T21:23:00.368+0000] {dagbag.py:538} INFO - Filling up the DagBag from /home/airflow/.local/lib/python3.8/site-packages/airflow/example_dags/example_sensors.py
[2024-10-14T21:23:00.380+0000] {processor.py:840} INFO - DAG(s) 'example_sensors' retrieved from /home/airflow/.local/lib/python3.8/site-packages/airflow/example_dags/example_sensors.py
[2024-10-14T21:23:00.404+0000] {logging_mixin.py:188} INFO - [2024-10-14T21:23:00.404+0000] {dag.py:3036} INFO - Sync 1 DAGs
[2024-10-14T21:23:00.420+0000] {logging_mixin.py:188} INFO - [2024-10-14T21:23:00.420+0000] {dag.py:3823} INFO - Setting next_dagrun for example_sensors to None, run_after=None
[2024-10-14T21:23:00.446+0000] {processor.py:183} INFO - Processing /home/airflow/.local/lib/python3.8/site-packages/airflow/example_dags/example_sensors.py took 0.082 seconds
[2024-10-14T21:23:31.134+0000] {processor.py:161} INFO - Started process (PID=679) to work on /home/airflow/.local/lib/python3.8/site-packages/airflow/example_dags/example_sensors.py
[2024-10-14T21:23:31.135+0000] {processor.py:830} INFO - Processing file /home/airflow/.local/lib/python3.8/site-packages/airflow/example_dags/example_sensors.py for tasks to queue
[2024-10-14T21:23:31.136+0000] {logging_mixin.py:188} INFO - [2024-10-14T21:23:31.136+0000] {dagbag.py:538} INFO - Filling up the DagBag from /home/airflow/.local/lib/python3.8/site-packages/airflow/example_dags/example_sensors.py
[2024-10-14T21:23:31.147+0000] {processor.py:840} INFO - DAG(s) 'example_sensors' retrieved from /home/airflow/.local/lib/python3.8/site-packages/airflow/example_dags/example_sensors.py
[2024-10-14T21:23:31.170+0000] {logging_mixin.py:188} INFO - [2024-10-14T21:23:31.170+0000] {dag.py:3036} INFO - Sync 1 DAGs
[2024-10-14T21:23:31.185+0000] {logging_mixin.py:188} INFO - [2024-10-14T21:23:31.185+0000] {dag.py:3823} INFO - Setting next_dagrun for example_sensors to None, run_after=None
[2024-10-14T21:23:31.215+0000] {processor.py:183} INFO - Processing /home/airflow/.local/lib/python3.8/site-packages/airflow/example_dags/example_sensors.py took 0.083 seconds
[2024-10-14T21:24:01.925+0000] {processor.py:161} INFO - Started process (PID=761) to work on /home/airflow/.local/lib/python3.8/site-packages/airflow/example_dags/example_sensors.py
[2024-10-14T21:24:01.926+0000] {processor.py:830} INFO - Processing file /home/airflow/.local/lib/python3.8/site-packages/airflow/example_dags/example_sensors.py for tasks to queue
[2024-10-14T21:24:01.927+0000] {logging_mixin.py:188} INFO - [2024-10-14T21:24:01.927+0000] {dagbag.py:538} INFO - Filling up the DagBag from /home/airflow/.local/lib/python3.8/site-packages/airflow/example_dags/example_sensors.py
[2024-10-14T21:24:01.933+0000] {processor.py:840} INFO - DAG(s) 'example_sensors' retrieved from /home/airflow/.local/lib/python3.8/site-packages/airflow/example_dags/example_sensors.py
[2024-10-14T21:24:01.950+0000] {logging_mixin.py:188} INFO - [2024-10-14T21:24:01.950+0000] {dag.py:3036} INFO - Sync 1 DAGs
[2024-10-14T21:24:01.958+0000] {logging_mixin.py:188} INFO - [2024-10-14T21:24:01.958+0000] {dag.py:3823} INFO - Setting next_dagrun for example_sensors to None, run_after=None
[2024-10-14T21:24:01.972+0000] {processor.py:183} INFO - Processing /home/airflow/.local/lib/python3.8/site-packages/airflow/example_dags/example_sensors.py took 0.051 seconds
[2024-10-14T21:24:33.334+0000] {processor.py:161} INFO - Started process (PID=828) to work on /home/airflow/.local/lib/python3.8/site-packages/airflow/example_dags/example_sensors.py
[2024-10-14T21:24:33.335+0000] {processor.py:830} INFO - Processing file /home/airflow/.local/lib/python3.8/site-packages/airflow/example_dags/example_sensors.py for tasks to queue
[2024-10-14T21:24:33.336+0000] {logging_mixin.py:188} INFO - [2024-10-14T21:24:33.336+0000] {dagbag.py:538} INFO - Filling up the DagBag from /home/airflow/.local/lib/python3.8/site-packages/airflow/example_dags/example_sensors.py
[2024-10-14T21:24:33.350+0000] {processor.py:840} INFO - DAG(s) 'example_sensors' retrieved from /home/airflow/.local/lib/python3.8/site-packages/airflow/example_dags/example_sensors.py
[2024-10-14T21:24:33.384+0000] {logging_mixin.py:188} INFO - [2024-10-14T21:24:33.384+0000] {dag.py:3036} INFO - Sync 1 DAGs
[2024-10-14T21:24:33.399+0000] {logging_mixin.py:188} INFO - [2024-10-14T21:24:33.398+0000] {dag.py:3823} INFO - Setting next_dagrun for example_sensors to None, run_after=None
[2024-10-14T21:24:33.432+0000] {processor.py:183} INFO - Processing /home/airflow/.local/lib/python3.8/site-packages/airflow/example_dags/example_sensors.py took 0.100 seconds
[2024-10-14T21:25:03.745+0000] {processor.py:161} INFO - Started process (PID=907) to work on /home/airflow/.local/lib/python3.8/site-packages/airflow/example_dags/example_sensors.py
[2024-10-14T21:25:03.746+0000] {processor.py:830} INFO - Processing file /home/airflow/.local/lib/python3.8/site-packages/airflow/example_dags/example_sensors.py for tasks to queue
[2024-10-14T21:25:03.747+0000] {logging_mixin.py:188} INFO - [2024-10-14T21:25:03.747+0000] {dagbag.py:538} INFO - Filling up the DagBag from /home/airflow/.local/lib/python3.8/site-packages/airflow/example_dags/example_sensors.py
[2024-10-14T21:25:03.754+0000] {processor.py:840} INFO - DAG(s) 'example_sensors' retrieved from /home/airflow/.local/lib/python3.8/site-packages/airflow/example_dags/example_sensors.py
[2024-10-14T21:25:03.780+0000] {logging_mixin.py:188} INFO - [2024-10-14T21:25:03.780+0000] {dag.py:3036} INFO - Sync 1 DAGs
[2024-10-14T21:25:03.789+0000] {logging_mixin.py:188} INFO - [2024-10-14T21:25:03.788+0000] {dag.py:3823} INFO - Setting next_dagrun for example_sensors to None, run_after=None
[2024-10-14T21:25:03.806+0000] {processor.py:183} INFO - Processing /home/airflow/.local/lib/python3.8/site-packages/airflow/example_dags/example_sensors.py took 0.065 seconds
[2024-10-14T21:25:34.538+0000] {processor.py:161} INFO - Started process (PID=981) to work on /home/airflow/.local/lib/python3.8/site-packages/airflow/example_dags/example_sensors.py
[2024-10-14T21:25:34.540+0000] {processor.py:830} INFO - Processing file /home/airflow/.local/lib/python3.8/site-packages/airflow/example_dags/example_sensors.py for tasks to queue
[2024-10-14T21:25:34.545+0000] {logging_mixin.py:188} INFO - [2024-10-14T21:25:34.543+0000] {dagbag.py:538} INFO - Filling up the DagBag from /home/airflow/.local/lib/python3.8/site-packages/airflow/example_dags/example_sensors.py
[2024-10-14T21:25:34.553+0000] {processor.py:840} INFO - DAG(s) 'example_sensors' retrieved from /home/airflow/.local/lib/python3.8/site-packages/airflow/example_dags/example_sensors.py
[2024-10-14T21:25:34.582+0000] {logging_mixin.py:188} INFO - [2024-10-14T21:25:34.582+0000] {dag.py:3036} INFO - Sync 1 DAGs
[2024-10-14T21:25:34.597+0000] {logging_mixin.py:188} INFO - [2024-10-14T21:25:34.596+0000] {dag.py:3823} INFO - Setting next_dagrun for example_sensors to None, run_after=None
[2024-10-14T21:25:34.622+0000] {processor.py:183} INFO - Processing /home/airflow/.local/lib/python3.8/site-packages/airflow/example_dags/example_sensors.py took 0.086 seconds
[2024-10-14T21:26:04.675+0000] {processor.py:161} INFO - Started process (PID=1063) to work on /home/airflow/.local/lib/python3.8/site-packages/airflow/example_dags/example_sensors.py
[2024-10-14T21:26:04.676+0000] {processor.py:830} INFO - Processing file /home/airflow/.local/lib/python3.8/site-packages/airflow/example_dags/example_sensors.py for tasks to queue
[2024-10-14T21:26:04.677+0000] {logging_mixin.py:188} INFO - [2024-10-14T21:26:04.677+0000] {dagbag.py:538} INFO - Filling up the DagBag from /home/airflow/.local/lib/python3.8/site-packages/airflow/example_dags/example_sensors.py
[2024-10-14T21:26:04.683+0000] {processor.py:840} INFO - DAG(s) 'example_sensors' retrieved from /home/airflow/.local/lib/python3.8/site-packages/airflow/example_dags/example_sensors.py
[2024-10-14T21:26:04.700+0000] {logging_mixin.py:188} INFO - [2024-10-14T21:26:04.700+0000] {dag.py:3036} INFO - Sync 1 DAGs
[2024-10-14T21:26:04.708+0000] {logging_mixin.py:188} INFO - [2024-10-14T21:26:04.708+0000] {dag.py:3823} INFO - Setting next_dagrun for example_sensors to None, run_after=None
[2024-10-14T21:26:04.724+0000] {processor.py:183} INFO - Processing /home/airflow/.local/lib/python3.8/site-packages/airflow/example_dags/example_sensors.py took 0.051 seconds
[2024-10-14T21:26:35.040+0000] {processor.py:161} INFO - Started process (PID=1137) to work on /home/airflow/.local/lib/python3.8/site-packages/airflow/example_dags/example_sensors.py
[2024-10-14T21:26:35.042+0000] {processor.py:830} INFO - Processing file /home/airflow/.local/lib/python3.8/site-packages/airflow/example_dags/example_sensors.py for tasks to queue
[2024-10-14T21:26:35.043+0000] {logging_mixin.py:188} INFO - [2024-10-14T21:26:35.043+0000] {dagbag.py:538} INFO - Filling up the DagBag from /home/airflow/.local/lib/python3.8/site-packages/airflow/example_dags/example_sensors.py
[2024-10-14T21:26:35.052+0000] {processor.py:840} INFO - DAG(s) 'example_sensors' retrieved from /home/airflow/.local/lib/python3.8/site-packages/airflow/example_dags/example_sensors.py
[2024-10-14T21:26:35.081+0000] {logging_mixin.py:188} INFO - [2024-10-14T21:26:35.080+0000] {dag.py:3036} INFO - Sync 1 DAGs
[2024-10-14T21:26:35.092+0000] {logging_mixin.py:188} INFO - [2024-10-14T21:26:35.092+0000] {dag.py:3823} INFO - Setting next_dagrun for example_sensors to None, run_after=None
[2024-10-14T21:26:35.111+0000] {processor.py:183} INFO - Processing /home/airflow/.local/lib/python3.8/site-packages/airflow/example_dags/example_sensors.py took 0.073 seconds
[2024-10-14T21:27:06.046+0000] {processor.py:161} INFO - Started process (PID=1219) to work on /home/airflow/.local/lib/python3.8/site-packages/airflow/example_dags/example_sensors.py
[2024-10-14T21:27:06.047+0000] {processor.py:830} INFO - Processing file /home/airflow/.local/lib/python3.8/site-packages/airflow/example_dags/example_sensors.py for tasks to queue
[2024-10-14T21:27:06.049+0000] {logging_mixin.py:188} INFO - [2024-10-14T21:27:06.048+0000] {dagbag.py:538} INFO - Filling up the DagBag from /home/airflow/.local/lib/python3.8/site-packages/airflow/example_dags/example_sensors.py
[2024-10-14T21:27:06.055+0000] {processor.py:840} INFO - DAG(s) 'example_sensors' retrieved from /home/airflow/.local/lib/python3.8/site-packages/airflow/example_dags/example_sensors.py
[2024-10-14T21:27:06.073+0000] {logging_mixin.py:188} INFO - [2024-10-14T21:27:06.073+0000] {dag.py:3036} INFO - Sync 1 DAGs
[2024-10-14T21:27:06.082+0000] {logging_mixin.py:188} INFO - [2024-10-14T21:27:06.082+0000] {dag.py:3823} INFO - Setting next_dagrun for example_sensors to None, run_after=None
[2024-10-14T21:27:06.096+0000] {processor.py:183} INFO - Processing /home/airflow/.local/lib/python3.8/site-packages/airflow/example_dags/example_sensors.py took 0.052 seconds
[2024-10-14T21:27:37.098+0000] {processor.py:161} INFO - Started process (PID=1293) to work on /home/airflow/.local/lib/python3.8/site-packages/airflow/example_dags/example_sensors.py
[2024-10-14T21:27:37.099+0000] {processor.py:830} INFO - Processing file /home/airflow/.local/lib/python3.8/site-packages/airflow/example_dags/example_sensors.py for tasks to queue
[2024-10-14T21:27:37.101+0000] {logging_mixin.py:188} INFO - [2024-10-14T21:27:37.100+0000] {dagbag.py:538} INFO - Filling up the DagBag from /home/airflow/.local/lib/python3.8/site-packages/airflow/example_dags/example_sensors.py
[2024-10-14T21:27:37.109+0000] {processor.py:840} INFO - DAG(s) 'example_sensors' retrieved from /home/airflow/.local/lib/python3.8/site-packages/airflow/example_dags/example_sensors.py
[2024-10-14T21:27:37.135+0000] {logging_mixin.py:188} INFO - [2024-10-14T21:27:37.135+0000] {dag.py:3036} INFO - Sync 1 DAGs
[2024-10-14T21:27:37.144+0000] {logging_mixin.py:188} INFO - [2024-10-14T21:27:37.144+0000] {dag.py:3823} INFO - Setting next_dagrun for example_sensors to None, run_after=None
[2024-10-14T21:27:37.158+0000] {processor.py:183} INFO - Processing /home/airflow/.local/lib/python3.8/site-packages/airflow/example_dags/example_sensors.py took 0.063 seconds
[2024-10-14T21:28:07.292+0000] {processor.py:161} INFO - Started process (PID=1375) to work on /home/airflow/.local/lib/python3.8/site-packages/airflow/example_dags/example_sensors.py
[2024-10-14T21:28:07.293+0000] {processor.py:830} INFO - Processing file /home/airflow/.local/lib/python3.8/site-packages/airflow/example_dags/example_sensors.py for tasks to queue
[2024-10-14T21:28:07.294+0000] {logging_mixin.py:188} INFO - [2024-10-14T21:28:07.294+0000] {dagbag.py:538} INFO - Filling up the DagBag from /home/airflow/.local/lib/python3.8/site-packages/airflow/example_dags/example_sensors.py
[2024-10-14T21:28:07.300+0000] {processor.py:840} INFO - DAG(s) 'example_sensors' retrieved from /home/airflow/.local/lib/python3.8/site-packages/airflow/example_dags/example_sensors.py
[2024-10-14T21:28:07.319+0000] {logging_mixin.py:188} INFO - [2024-10-14T21:28:07.319+0000] {dag.py:3036} INFO - Sync 1 DAGs
[2024-10-14T21:28:07.330+0000] {logging_mixin.py:188} INFO - [2024-10-14T21:28:07.329+0000] {dag.py:3823} INFO - Setting next_dagrun for example_sensors to None, run_after=None
[2024-10-14T21:28:07.345+0000] {processor.py:183} INFO - Processing /home/airflow/.local/lib/python3.8/site-packages/airflow/example_dags/example_sensors.py took 0.055 seconds
[2024-10-14T21:28:38.289+0000] {processor.py:161} INFO - Started process (PID=1449) to work on /home/airflow/.local/lib/python3.8/site-packages/airflow/example_dags/example_sensors.py
[2024-10-14T21:28:38.290+0000] {processor.py:830} INFO - Processing file /home/airflow/.local/lib/python3.8/site-packages/airflow/example_dags/example_sensors.py for tasks to queue
[2024-10-14T21:28:38.292+0000] {logging_mixin.py:188} INFO - [2024-10-14T21:28:38.292+0000] {dagbag.py:538} INFO - Filling up the DagBag from /home/airflow/.local/lib/python3.8/site-packages/airflow/example_dags/example_sensors.py
[2024-10-14T21:28:38.300+0000] {processor.py:840} INFO - DAG(s) 'example_sensors' retrieved from /home/airflow/.local/lib/python3.8/site-packages/airflow/example_dags/example_sensors.py
[2024-10-14T21:28:38.319+0000] {logging_mixin.py:188} INFO - [2024-10-14T21:28:38.319+0000] {dag.py:3036} INFO - Sync 1 DAGs
[2024-10-14T21:28:38.332+0000] {logging_mixin.py:188} INFO - [2024-10-14T21:28:38.332+0000] {dag.py:3823} INFO - Setting next_dagrun for example_sensors to None, run_after=None
[2024-10-14T21:28:38.346+0000] {processor.py:183} INFO - Processing /home/airflow/.local/lib/python3.8/site-packages/airflow/example_dags/example_sensors.py took 0.059 seconds
[2024-10-14T21:29:08.819+0000] {processor.py:161} INFO - Started process (PID=1531) to work on /home/airflow/.local/lib/python3.8/site-packages/airflow/example_dags/example_sensors.py
[2024-10-14T21:29:08.820+0000] {processor.py:830} INFO - Processing file /home/airflow/.local/lib/python3.8/site-packages/airflow/example_dags/example_sensors.py for tasks to queue
[2024-10-14T21:29:08.822+0000] {logging_mixin.py:188} INFO - [2024-10-14T21:29:08.822+0000] {dagbag.py:538} INFO - Filling up the DagBag from /home/airflow/.local/lib/python3.8/site-packages/airflow/example_dags/example_sensors.py
[2024-10-14T21:29:08.831+0000] {processor.py:840} INFO - DAG(s) 'example_sensors' retrieved from /home/airflow/.local/lib/python3.8/site-packages/airflow/example_dags/example_sensors.py
[2024-10-14T21:29:08.851+0000] {logging_mixin.py:188} INFO - [2024-10-14T21:29:08.851+0000] {dag.py:3036} INFO - Sync 1 DAGs
[2024-10-14T21:29:08.860+0000] {logging_mixin.py:188} INFO - [2024-10-14T21:29:08.860+0000] {dag.py:3823} INFO - Setting next_dagrun for example_sensors to None, run_after=None
[2024-10-14T21:29:08.873+0000] {processor.py:183} INFO - Processing /home/airflow/.local/lib/python3.8/site-packages/airflow/example_dags/example_sensors.py took 0.058 seconds
[2024-10-14T21:29:39.260+0000] {processor.py:161} INFO - Started process (PID=1613) to work on /home/airflow/.local/lib/python3.8/site-packages/airflow/example_dags/example_sensors.py
[2024-10-14T21:29:39.261+0000] {processor.py:830} INFO - Processing file /home/airflow/.local/lib/python3.8/site-packages/airflow/example_dags/example_sensors.py for tasks to queue
[2024-10-14T21:29:39.262+0000] {logging_mixin.py:188} INFO - [2024-10-14T21:29:39.262+0000] {dagbag.py:538} INFO - Filling up the DagBag from /home/airflow/.local/lib/python3.8/site-packages/airflow/example_dags/example_sensors.py
[2024-10-14T21:29:39.269+0000] {processor.py:840} INFO - DAG(s) 'example_sensors' retrieved from /home/airflow/.local/lib/python3.8/site-packages/airflow/example_dags/example_sensors.py
[2024-10-14T21:29:39.294+0000] {logging_mixin.py:188} INFO - [2024-10-14T21:29:39.293+0000] {dag.py:3036} INFO - Sync 1 DAGs
[2024-10-14T21:29:39.305+0000] {logging_mixin.py:188} INFO - [2024-10-14T21:29:39.304+0000] {dag.py:3823} INFO - Setting next_dagrun for example_sensors to None, run_after=None
[2024-10-14T21:29:39.320+0000] {processor.py:183} INFO - Processing /home/airflow/.local/lib/python3.8/site-packages/airflow/example_dags/example_sensors.py took 0.063 seconds
[2024-10-14T21:30:09.449+0000] {processor.py:161} INFO - Started process (PID=1686) to work on /home/airflow/.local/lib/python3.8/site-packages/airflow/example_dags/example_sensors.py
[2024-10-14T21:30:09.450+0000] {processor.py:830} INFO - Processing file /home/airflow/.local/lib/python3.8/site-packages/airflow/example_dags/example_sensors.py for tasks to queue
[2024-10-14T21:30:09.451+0000] {logging_mixin.py:188} INFO - [2024-10-14T21:30:09.451+0000] {dagbag.py:538} INFO - Filling up the DagBag from /home/airflow/.local/lib/python3.8/site-packages/airflow/example_dags/example_sensors.py
[2024-10-14T21:30:09.457+0000] {processor.py:840} INFO - DAG(s) 'example_sensors' retrieved from /home/airflow/.local/lib/python3.8/site-packages/airflow/example_dags/example_sensors.py
[2024-10-14T21:30:09.475+0000] {logging_mixin.py:188} INFO - [2024-10-14T21:30:09.475+0000] {dag.py:3036} INFO - Sync 1 DAGs
[2024-10-14T21:30:09.485+0000] {logging_mixin.py:188} INFO - [2024-10-14T21:30:09.485+0000] {dag.py:3823} INFO - Setting next_dagrun for example_sensors to None, run_after=None
[2024-10-14T21:30:09.505+0000] {processor.py:183} INFO - Processing /home/airflow/.local/lib/python3.8/site-packages/airflow/example_dags/example_sensors.py took 0.059 seconds
[2024-10-14T21:30:39.754+0000] {processor.py:161} INFO - Started process (PID=1767) to work on /home/airflow/.local/lib/python3.8/site-packages/airflow/example_dags/example_sensors.py
[2024-10-14T21:30:39.755+0000] {processor.py:830} INFO - Processing file /home/airflow/.local/lib/python3.8/site-packages/airflow/example_dags/example_sensors.py for tasks to queue
[2024-10-14T21:30:39.757+0000] {logging_mixin.py:188} INFO - [2024-10-14T21:30:39.757+0000] {dagbag.py:538} INFO - Filling up the DagBag from /home/airflow/.local/lib/python3.8/site-packages/airflow/example_dags/example_sensors.py
[2024-10-14T21:30:39.764+0000] {processor.py:840} INFO - DAG(s) 'example_sensors' retrieved from /home/airflow/.local/lib/python3.8/site-packages/airflow/example_dags/example_sensors.py
[2024-10-14T21:30:39.784+0000] {logging_mixin.py:188} INFO - [2024-10-14T21:30:39.783+0000] {dag.py:3036} INFO - Sync 1 DAGs
[2024-10-14T21:30:39.795+0000] {logging_mixin.py:188} INFO - [2024-10-14T21:30:39.795+0000] {dag.py:3823} INFO - Setting next_dagrun for example_sensors to None, run_after=None
[2024-10-14T21:30:39.820+0000] {processor.py:183} INFO - Processing /home/airflow/.local/lib/python3.8/site-packages/airflow/example_dags/example_sensors.py took 0.069 seconds
[2024-10-14T21:31:10.056+0000] {processor.py:161} INFO - Started process (PID=1841) to work on /home/airflow/.local/lib/python3.8/site-packages/airflow/example_dags/example_sensors.py
[2024-10-14T21:31:10.057+0000] {processor.py:830} INFO - Processing file /home/airflow/.local/lib/python3.8/site-packages/airflow/example_dags/example_sensors.py for tasks to queue
[2024-10-14T21:31:10.059+0000] {logging_mixin.py:188} INFO - [2024-10-14T21:31:10.058+0000] {dagbag.py:538} INFO - Filling up the DagBag from /home/airflow/.local/lib/python3.8/site-packages/airflow/example_dags/example_sensors.py
[2024-10-14T21:31:10.065+0000] {processor.py:840} INFO - DAG(s) 'example_sensors' retrieved from /home/airflow/.local/lib/python3.8/site-packages/airflow/example_dags/example_sensors.py
[2024-10-14T21:31:10.084+0000] {logging_mixin.py:188} INFO - [2024-10-14T21:31:10.084+0000] {dag.py:3036} INFO - Sync 1 DAGs
[2024-10-14T21:31:10.093+0000] {logging_mixin.py:188} INFO - [2024-10-14T21:31:10.092+0000] {dag.py:3823} INFO - Setting next_dagrun for example_sensors to None, run_after=None
[2024-10-14T21:31:10.106+0000] {processor.py:183} INFO - Processing /home/airflow/.local/lib/python3.8/site-packages/airflow/example_dags/example_sensors.py took 0.052 seconds
[2024-10-14T21:31:40.440+0000] {processor.py:161} INFO - Started process (PID=1922) to work on /home/airflow/.local/lib/python3.8/site-packages/airflow/example_dags/example_sensors.py
[2024-10-14T21:31:40.441+0000] {processor.py:830} INFO - Processing file /home/airflow/.local/lib/python3.8/site-packages/airflow/example_dags/example_sensors.py for tasks to queue
[2024-10-14T21:31:40.443+0000] {logging_mixin.py:188} INFO - [2024-10-14T21:31:40.442+0000] {dagbag.py:538} INFO - Filling up the DagBag from /home/airflow/.local/lib/python3.8/site-packages/airflow/example_dags/example_sensors.py
[2024-10-14T21:31:40.449+0000] {processor.py:840} INFO - DAG(s) 'example_sensors' retrieved from /home/airflow/.local/lib/python3.8/site-packages/airflow/example_dags/example_sensors.py
[2024-10-14T21:31:40.467+0000] {logging_mixin.py:188} INFO - [2024-10-14T21:31:40.467+0000] {dag.py:3036} INFO - Sync 1 DAGs
[2024-10-14T21:31:40.479+0000] {logging_mixin.py:188} INFO - [2024-10-14T21:31:40.479+0000] {dag.py:3823} INFO - Setting next_dagrun for example_sensors to None, run_after=None
[2024-10-14T21:31:40.500+0000] {processor.py:183} INFO - Processing /home/airflow/.local/lib/python3.8/site-packages/airflow/example_dags/example_sensors.py took 0.062 seconds
[2024-10-14T21:32:10.940+0000] {processor.py:161} INFO - Started process (PID=2003) to work on /home/airflow/.local/lib/python3.8/site-packages/airflow/example_dags/example_sensors.py
[2024-10-14T21:32:10.941+0000] {processor.py:830} INFO - Processing file /home/airflow/.local/lib/python3.8/site-packages/airflow/example_dags/example_sensors.py for tasks to queue
[2024-10-14T21:32:10.942+0000] {logging_mixin.py:188} INFO - [2024-10-14T21:32:10.942+0000] {dagbag.py:538} INFO - Filling up the DagBag from /home/airflow/.local/lib/python3.8/site-packages/airflow/example_dags/example_sensors.py
[2024-10-14T21:32:10.950+0000] {processor.py:840} INFO - DAG(s) 'example_sensors' retrieved from /home/airflow/.local/lib/python3.8/site-packages/airflow/example_dags/example_sensors.py
[2024-10-14T21:32:10.969+0000] {logging_mixin.py:188} INFO - [2024-10-14T21:32:10.969+0000] {dag.py:3036} INFO - Sync 1 DAGs
[2024-10-14T21:32:10.978+0000] {logging_mixin.py:188} INFO - [2024-10-14T21:32:10.978+0000] {dag.py:3823} INFO - Setting next_dagrun for example_sensors to None, run_after=None
[2024-10-14T21:32:10.992+0000] {processor.py:183} INFO - Processing /home/airflow/.local/lib/python3.8/site-packages/airflow/example_dags/example_sensors.py took 0.054 seconds
[2024-10-14T21:32:41.121+0000] {processor.py:161} INFO - Started process (PID=2078) to work on /home/airflow/.local/lib/python3.8/site-packages/airflow/example_dags/example_sensors.py
[2024-10-14T21:32:41.122+0000] {processor.py:830} INFO - Processing file /home/airflow/.local/lib/python3.8/site-packages/airflow/example_dags/example_sensors.py for tasks to queue
[2024-10-14T21:32:41.124+0000] {logging_mixin.py:188} INFO - [2024-10-14T21:32:41.123+0000] {dagbag.py:538} INFO - Filling up the DagBag from /home/airflow/.local/lib/python3.8/site-packages/airflow/example_dags/example_sensors.py
[2024-10-14T21:32:41.130+0000] {processor.py:840} INFO - DAG(s) 'example_sensors' retrieved from /home/airflow/.local/lib/python3.8/site-packages/airflow/example_dags/example_sensors.py
[2024-10-14T21:32:41.150+0000] {logging_mixin.py:188} INFO - [2024-10-14T21:32:41.150+0000] {dag.py:3036} INFO - Sync 1 DAGs
[2024-10-14T21:32:41.159+0000] {logging_mixin.py:188} INFO - [2024-10-14T21:32:41.159+0000] {dag.py:3823} INFO - Setting next_dagrun for example_sensors to None, run_after=None
[2024-10-14T21:32:41.174+0000] {processor.py:183} INFO - Processing /home/airflow/.local/lib/python3.8/site-packages/airflow/example_dags/example_sensors.py took 0.055 seconds
[2024-10-14T21:33:11.799+0000] {processor.py:161} INFO - Started process (PID=2159) to work on /home/airflow/.local/lib/python3.8/site-packages/airflow/example_dags/example_sensors.py
[2024-10-14T21:33:11.800+0000] {processor.py:830} INFO - Processing file /home/airflow/.local/lib/python3.8/site-packages/airflow/example_dags/example_sensors.py for tasks to queue
[2024-10-14T21:33:11.801+0000] {logging_mixin.py:188} INFO - [2024-10-14T21:33:11.801+0000] {dagbag.py:538} INFO - Filling up the DagBag from /home/airflow/.local/lib/python3.8/site-packages/airflow/example_dags/example_sensors.py
[2024-10-14T21:33:11.807+0000] {processor.py:840} INFO - DAG(s) 'example_sensors' retrieved from /home/airflow/.local/lib/python3.8/site-packages/airflow/example_dags/example_sensors.py
[2024-10-14T21:33:11.827+0000] {logging_mixin.py:188} INFO - [2024-10-14T21:33:11.827+0000] {dag.py:3036} INFO - Sync 1 DAGs
[2024-10-14T21:33:11.840+0000] {logging_mixin.py:188} INFO - [2024-10-14T21:33:11.839+0000] {dag.py:3823} INFO - Setting next_dagrun for example_sensors to None, run_after=None
[2024-10-14T21:33:11.862+0000] {processor.py:183} INFO - Processing /home/airflow/.local/lib/python3.8/site-packages/airflow/example_dags/example_sensors.py took 0.066 seconds
[2024-10-14T21:33:41.959+0000] {processor.py:161} INFO - Started process (PID=2232) to work on /home/airflow/.local/lib/python3.8/site-packages/airflow/example_dags/example_sensors.py
[2024-10-14T21:33:41.959+0000] {processor.py:830} INFO - Processing file /home/airflow/.local/lib/python3.8/site-packages/airflow/example_dags/example_sensors.py for tasks to queue
[2024-10-14T21:33:41.961+0000] {logging_mixin.py:188} INFO - [2024-10-14T21:33:41.961+0000] {dagbag.py:538} INFO - Filling up the DagBag from /home/airflow/.local/lib/python3.8/site-packages/airflow/example_dags/example_sensors.py
[2024-10-14T21:33:41.968+0000] {processor.py:840} INFO - DAG(s) 'example_sensors' retrieved from /home/airflow/.local/lib/python3.8/site-packages/airflow/example_dags/example_sensors.py
[2024-10-14T21:33:41.986+0000] {logging_mixin.py:188} INFO - [2024-10-14T21:33:41.985+0000] {dag.py:3036} INFO - Sync 1 DAGs
[2024-10-14T21:33:41.996+0000] {logging_mixin.py:188} INFO - [2024-10-14T21:33:41.995+0000] {dag.py:3823} INFO - Setting next_dagrun for example_sensors to None, run_after=None
[2024-10-14T21:33:42.009+0000] {processor.py:183} INFO - Processing /home/airflow/.local/lib/python3.8/site-packages/airflow/example_dags/example_sensors.py took 0.053 seconds
[2024-10-14T21:34:12.115+0000] {processor.py:161} INFO - Started process (PID=2314) to work on /home/airflow/.local/lib/python3.8/site-packages/airflow/example_dags/example_sensors.py
[2024-10-14T21:34:12.115+0000] {processor.py:830} INFO - Processing file /home/airflow/.local/lib/python3.8/site-packages/airflow/example_dags/example_sensors.py for tasks to queue
[2024-10-14T21:34:12.117+0000] {logging_mixin.py:188} INFO - [2024-10-14T21:34:12.117+0000] {dagbag.py:538} INFO - Filling up the DagBag from /home/airflow/.local/lib/python3.8/site-packages/airflow/example_dags/example_sensors.py
[2024-10-14T21:34:12.125+0000] {processor.py:840} INFO - DAG(s) 'example_sensors' retrieved from /home/airflow/.local/lib/python3.8/site-packages/airflow/example_dags/example_sensors.py
[2024-10-14T21:34:12.147+0000] {logging_mixin.py:188} INFO - [2024-10-14T21:34:12.147+0000] {dag.py:3036} INFO - Sync 1 DAGs
[2024-10-14T21:34:12.159+0000] {logging_mixin.py:188} INFO - [2024-10-14T21:34:12.158+0000] {dag.py:3823} INFO - Setting next_dagrun for example_sensors to None, run_after=None
[2024-10-14T21:34:12.179+0000] {processor.py:183} INFO - Processing /home/airflow/.local/lib/python3.8/site-packages/airflow/example_dags/example_sensors.py took 0.068 seconds
[2024-10-14T21:34:42.353+0000] {processor.py:161} INFO - Started process (PID=2388) to work on /home/airflow/.local/lib/python3.8/site-packages/airflow/example_dags/example_sensors.py
[2024-10-14T21:34:42.354+0000] {processor.py:830} INFO - Processing file /home/airflow/.local/lib/python3.8/site-packages/airflow/example_dags/example_sensors.py for tasks to queue
[2024-10-14T21:34:42.355+0000] {logging_mixin.py:188} INFO - [2024-10-14T21:34:42.355+0000] {dagbag.py:538} INFO - Filling up the DagBag from /home/airflow/.local/lib/python3.8/site-packages/airflow/example_dags/example_sensors.py
[2024-10-14T21:34:42.361+0000] {processor.py:840} INFO - DAG(s) 'example_sensors' retrieved from /home/airflow/.local/lib/python3.8/site-packages/airflow/example_dags/example_sensors.py
[2024-10-14T21:34:42.378+0000] {logging_mixin.py:188} INFO - [2024-10-14T21:34:42.378+0000] {dag.py:3036} INFO - Sync 1 DAGs
[2024-10-14T21:34:42.387+0000] {logging_mixin.py:188} INFO - [2024-10-14T21:34:42.386+0000] {dag.py:3823} INFO - Setting next_dagrun for example_sensors to None, run_after=None
[2024-10-14T21:34:42.403+0000] {processor.py:183} INFO - Processing /home/airflow/.local/lib/python3.8/site-packages/airflow/example_dags/example_sensors.py took 0.052 seconds
[2024-10-14T21:35:12.718+0000] {processor.py:161} INFO - Started process (PID=2469) to work on /home/airflow/.local/lib/python3.8/site-packages/airflow/example_dags/example_sensors.py
[2024-10-14T21:35:12.719+0000] {processor.py:830} INFO - Processing file /home/airflow/.local/lib/python3.8/site-packages/airflow/example_dags/example_sensors.py for tasks to queue
[2024-10-14T21:35:12.721+0000] {logging_mixin.py:188} INFO - [2024-10-14T21:35:12.720+0000] {dagbag.py:538} INFO - Filling up the DagBag from /home/airflow/.local/lib/python3.8/site-packages/airflow/example_dags/example_sensors.py
[2024-10-14T21:35:12.727+0000] {processor.py:840} INFO - DAG(s) 'example_sensors' retrieved from /home/airflow/.local/lib/python3.8/site-packages/airflow/example_dags/example_sensors.py
[2024-10-14T21:35:12.745+0000] {logging_mixin.py:188} INFO - [2024-10-14T21:35:12.744+0000] {dag.py:3036} INFO - Sync 1 DAGs
[2024-10-14T21:35:12.753+0000] {logging_mixin.py:188} INFO - [2024-10-14T21:35:12.753+0000] {dag.py:3823} INFO - Setting next_dagrun for example_sensors to None, run_after=None
[2024-10-14T21:35:12.770+0000] {processor.py:183} INFO - Processing /home/airflow/.local/lib/python3.8/site-packages/airflow/example_dags/example_sensors.py took 0.054 seconds
[2024-10-14T21:35:43.035+0000] {processor.py:161} INFO - Started process (PID=2543) to work on /home/airflow/.local/lib/python3.8/site-packages/airflow/example_dags/example_sensors.py
[2024-10-14T21:35:43.036+0000] {processor.py:830} INFO - Processing file /home/airflow/.local/lib/python3.8/site-packages/airflow/example_dags/example_sensors.py for tasks to queue
[2024-10-14T21:35:43.037+0000] {logging_mixin.py:188} INFO - [2024-10-14T21:35:43.037+0000] {dagbag.py:538} INFO - Filling up the DagBag from /home/airflow/.local/lib/python3.8/site-packages/airflow/example_dags/example_sensors.py
[2024-10-14T21:35:43.045+0000] {processor.py:840} INFO - DAG(s) 'example_sensors' retrieved from /home/airflow/.local/lib/python3.8/site-packages/airflow/example_dags/example_sensors.py
[2024-10-14T21:35:43.063+0000] {logging_mixin.py:188} INFO - [2024-10-14T21:35:43.063+0000] {dag.py:3036} INFO - Sync 1 DAGs
[2024-10-14T21:35:43.072+0000] {logging_mixin.py:188} INFO - [2024-10-14T21:35:43.072+0000] {dag.py:3823} INFO - Setting next_dagrun for example_sensors to None, run_after=None
[2024-10-14T21:35:43.086+0000] {processor.py:183} INFO - Processing /home/airflow/.local/lib/python3.8/site-packages/airflow/example_dags/example_sensors.py took 0.053 seconds
[2024-10-14T21:36:13.171+0000] {processor.py:161} INFO - Started process (PID=2625) to work on /home/airflow/.local/lib/python3.8/site-packages/airflow/example_dags/example_sensors.py
[2024-10-14T21:36:13.172+0000] {processor.py:830} INFO - Processing file /home/airflow/.local/lib/python3.8/site-packages/airflow/example_dags/example_sensors.py for tasks to queue
[2024-10-14T21:36:13.174+0000] {logging_mixin.py:188} INFO - [2024-10-14T21:36:13.173+0000] {dagbag.py:538} INFO - Filling up the DagBag from /home/airflow/.local/lib/python3.8/site-packages/airflow/example_dags/example_sensors.py
[2024-10-14T21:36:13.180+0000] {processor.py:840} INFO - DAG(s) 'example_sensors' retrieved from /home/airflow/.local/lib/python3.8/site-packages/airflow/example_dags/example_sensors.py
[2024-10-14T21:36:13.198+0000] {logging_mixin.py:188} INFO - [2024-10-14T21:36:13.198+0000] {dag.py:3036} INFO - Sync 1 DAGs
[2024-10-14T21:36:13.207+0000] {logging_mixin.py:188} INFO - [2024-10-14T21:36:13.207+0000] {dag.py:3823} INFO - Setting next_dagrun for example_sensors to None, run_after=None
[2024-10-14T21:36:13.221+0000] {processor.py:183} INFO - Processing /home/airflow/.local/lib/python3.8/site-packages/airflow/example_dags/example_sensors.py took 0.052 seconds
[2024-10-14T21:36:43.427+0000] {processor.py:161} INFO - Started process (PID=2699) to work on /home/airflow/.local/lib/python3.8/site-packages/airflow/example_dags/example_sensors.py
[2024-10-14T21:36:43.428+0000] {processor.py:830} INFO - Processing file /home/airflow/.local/lib/python3.8/site-packages/airflow/example_dags/example_sensors.py for tasks to queue
[2024-10-14T21:36:43.429+0000] {logging_mixin.py:188} INFO - [2024-10-14T21:36:43.429+0000] {dagbag.py:538} INFO - Filling up the DagBag from /home/airflow/.local/lib/python3.8/site-packages/airflow/example_dags/example_sensors.py
[2024-10-14T21:36:43.436+0000] {processor.py:840} INFO - DAG(s) 'example_sensors' retrieved from /home/airflow/.local/lib/python3.8/site-packages/airflow/example_dags/example_sensors.py
[2024-10-14T21:36:43.456+0000] {logging_mixin.py:188} INFO - [2024-10-14T21:36:43.455+0000] {dag.py:3036} INFO - Sync 1 DAGs
[2024-10-14T21:36:43.465+0000] {logging_mixin.py:188} INFO - [2024-10-14T21:36:43.464+0000] {dag.py:3823} INFO - Setting next_dagrun for example_sensors to None, run_after=None
[2024-10-14T21:36:43.480+0000] {processor.py:183} INFO - Processing /home/airflow/.local/lib/python3.8/site-packages/airflow/example_dags/example_sensors.py took 0.055 seconds
[2024-10-14T21:37:14.100+0000] {processor.py:161} INFO - Started process (PID=2781) to work on /home/airflow/.local/lib/python3.8/site-packages/airflow/example_dags/example_sensors.py
[2024-10-14T21:37:14.102+0000] {processor.py:830} INFO - Processing file /home/airflow/.local/lib/python3.8/site-packages/airflow/example_dags/example_sensors.py for tasks to queue
[2024-10-14T21:37:14.103+0000] {logging_mixin.py:188} INFO - [2024-10-14T21:37:14.103+0000] {dagbag.py:538} INFO - Filling up the DagBag from /home/airflow/.local/lib/python3.8/site-packages/airflow/example_dags/example_sensors.py
[2024-10-14T21:37:14.111+0000] {processor.py:840} INFO - DAG(s) 'example_sensors' retrieved from /home/airflow/.local/lib/python3.8/site-packages/airflow/example_dags/example_sensors.py
[2024-10-14T21:37:14.131+0000] {logging_mixin.py:188} INFO - [2024-10-14T21:37:14.131+0000] {dag.py:3036} INFO - Sync 1 DAGs
[2024-10-14T21:37:14.139+0000] {logging_mixin.py:188} INFO - [2024-10-14T21:37:14.139+0000] {dag.py:3823} INFO - Setting next_dagrun for example_sensors to None, run_after=None
[2024-10-14T21:37:14.154+0000] {processor.py:183} INFO - Processing /home/airflow/.local/lib/python3.8/site-packages/airflow/example_dags/example_sensors.py took 0.056 seconds
[2024-10-14T21:37:44.557+0000] {processor.py:161} INFO - Started process (PID=2861) to work on /home/airflow/.local/lib/python3.8/site-packages/airflow/example_dags/example_sensors.py
[2024-10-14T21:37:44.559+0000] {processor.py:830} INFO - Processing file /home/airflow/.local/lib/python3.8/site-packages/airflow/example_dags/example_sensors.py for tasks to queue
[2024-10-14T21:37:44.565+0000] {logging_mixin.py:188} INFO - [2024-10-14T21:37:44.565+0000] {dagbag.py:538} INFO - Filling up the DagBag from /home/airflow/.local/lib/python3.8/site-packages/airflow/example_dags/example_sensors.py
[2024-10-14T21:37:44.575+0000] {processor.py:840} INFO - DAG(s) 'example_sensors' retrieved from /home/airflow/.local/lib/python3.8/site-packages/airflow/example_dags/example_sensors.py
[2024-10-14T21:37:44.599+0000] {logging_mixin.py:188} INFO - [2024-10-14T21:37:44.599+0000] {dag.py:3036} INFO - Sync 1 DAGs
[2024-10-14T21:37:44.609+0000] {logging_mixin.py:188} INFO - [2024-10-14T21:37:44.609+0000] {dag.py:3823} INFO - Setting next_dagrun for example_sensors to None, run_after=None
[2024-10-14T21:37:44.624+0000] {processor.py:183} INFO - Processing /home/airflow/.local/lib/python3.8/site-packages/airflow/example_dags/example_sensors.py took 0.071 seconds
[2024-10-14T21:38:15.155+0000] {processor.py:161} INFO - Started process (PID=2935) to work on /home/airflow/.local/lib/python3.8/site-packages/airflow/example_dags/example_sensors.py
[2024-10-14T21:38:15.156+0000] {processor.py:830} INFO - Processing file /home/airflow/.local/lib/python3.8/site-packages/airflow/example_dags/example_sensors.py for tasks to queue
[2024-10-14T21:38:15.160+0000] {logging_mixin.py:188} INFO - [2024-10-14T21:38:15.159+0000] {dagbag.py:538} INFO - Filling up the DagBag from /home/airflow/.local/lib/python3.8/site-packages/airflow/example_dags/example_sensors.py
[2024-10-14T21:38:15.170+0000] {processor.py:840} INFO - DAG(s) 'example_sensors' retrieved from /home/airflow/.local/lib/python3.8/site-packages/airflow/example_dags/example_sensors.py
[2024-10-14T21:38:15.192+0000] {logging_mixin.py:188} INFO - [2024-10-14T21:38:15.192+0000] {dag.py:3036} INFO - Sync 1 DAGs
[2024-10-14T21:38:15.202+0000] {logging_mixin.py:188} INFO - [2024-10-14T21:38:15.202+0000] {dag.py:3823} INFO - Setting next_dagrun for example_sensors to None, run_after=None
[2024-10-14T21:38:15.355+0000] {processor.py:183} INFO - Processing /home/airflow/.local/lib/python3.8/site-packages/airflow/example_dags/example_sensors.py took 0.203 seconds
[2024-10-14T21:38:45.503+0000] {processor.py:161} INFO - Started process (PID=3020) to work on /home/airflow/.local/lib/python3.8/site-packages/airflow/example_dags/example_sensors.py
[2024-10-14T21:38:45.504+0000] {processor.py:830} INFO - Processing file /home/airflow/.local/lib/python3.8/site-packages/airflow/example_dags/example_sensors.py for tasks to queue
[2024-10-14T21:38:45.505+0000] {logging_mixin.py:188} INFO - [2024-10-14T21:38:45.505+0000] {dagbag.py:538} INFO - Filling up the DagBag from /home/airflow/.local/lib/python3.8/site-packages/airflow/example_dags/example_sensors.py
[2024-10-14T21:38:45.511+0000] {processor.py:840} INFO - DAG(s) 'example_sensors' retrieved from /home/airflow/.local/lib/python3.8/site-packages/airflow/example_dags/example_sensors.py
[2024-10-14T21:38:45.529+0000] {logging_mixin.py:188} INFO - [2024-10-14T21:38:45.528+0000] {dag.py:3036} INFO - Sync 1 DAGs
[2024-10-14T21:38:45.538+0000] {logging_mixin.py:188} INFO - [2024-10-14T21:38:45.537+0000] {dag.py:3823} INFO - Setting next_dagrun for example_sensors to None, run_after=None
[2024-10-14T21:38:45.665+0000] {processor.py:183} INFO - Processing /home/airflow/.local/lib/python3.8/site-packages/airflow/example_dags/example_sensors.py took 0.164 seconds
[2024-10-14T21:39:16.217+0000] {processor.py:161} INFO - Started process (PID=3083) to work on /home/airflow/.local/lib/python3.8/site-packages/airflow/example_dags/example_sensors.py
[2024-10-14T21:39:16.218+0000] {processor.py:830} INFO - Processing file /home/airflow/.local/lib/python3.8/site-packages/airflow/example_dags/example_sensors.py for tasks to queue
[2024-10-14T21:39:16.220+0000] {logging_mixin.py:188} INFO - [2024-10-14T21:39:16.220+0000] {dagbag.py:538} INFO - Filling up the DagBag from /home/airflow/.local/lib/python3.8/site-packages/airflow/example_dags/example_sensors.py
[2024-10-14T21:39:16.228+0000] {processor.py:840} INFO - DAG(s) 'example_sensors' retrieved from /home/airflow/.local/lib/python3.8/site-packages/airflow/example_dags/example_sensors.py
[2024-10-14T21:39:16.259+0000] {logging_mixin.py:188} INFO - [2024-10-14T21:39:16.259+0000] {dag.py:3036} INFO - Sync 1 DAGs
[2024-10-14T21:39:16.275+0000] {logging_mixin.py:188} INFO - [2024-10-14T21:39:16.275+0000] {dag.py:3823} INFO - Setting next_dagrun for example_sensors to None, run_after=None
[2024-10-14T21:39:16.302+0000] {processor.py:183} INFO - Processing /home/airflow/.local/lib/python3.8/site-packages/airflow/example_dags/example_sensors.py took 0.091 seconds
[2024-10-14T21:44:07.286+0000] {processor.py:161} INFO - Started process (PID=123) to work on /home/airflow/.local/lib/python3.8/site-packages/airflow/example_dags/example_sensors.py
[2024-10-14T21:44:07.287+0000] {processor.py:830} INFO - Processing file /home/airflow/.local/lib/python3.8/site-packages/airflow/example_dags/example_sensors.py for tasks to queue
[2024-10-14T21:44:07.288+0000] {logging_mixin.py:188} INFO - [2024-10-14T21:44:07.288+0000] {dagbag.py:538} INFO - Filling up the DagBag from /home/airflow/.local/lib/python3.8/site-packages/airflow/example_dags/example_sensors.py
[2024-10-14T21:44:07.297+0000] {processor.py:840} INFO - DAG(s) 'example_sensors' retrieved from /home/airflow/.local/lib/python3.8/site-packages/airflow/example_dags/example_sensors.py
[2024-10-14T21:44:07.418+0000] {logging_mixin.py:188} INFO - [2024-10-14T21:44:07.418+0000] {dag.py:3036} INFO - Sync 1 DAGs
[2024-10-14T21:44:07.430+0000] {logging_mixin.py:188} INFO - [2024-10-14T21:44:07.429+0000] {dag.py:3823} INFO - Setting next_dagrun for example_sensors to None, run_after=None
[2024-10-14T21:44:07.450+0000] {processor.py:183} INFO - Processing /home/airflow/.local/lib/python3.8/site-packages/airflow/example_dags/example_sensors.py took 0.167 seconds
[2024-10-14T21:44:38.220+0000] {processor.py:161} INFO - Started process (PID=197) to work on /home/airflow/.local/lib/python3.8/site-packages/airflow/example_dags/example_sensors.py
[2024-10-14T21:44:38.221+0000] {processor.py:830} INFO - Processing file /home/airflow/.local/lib/python3.8/site-packages/airflow/example_dags/example_sensors.py for tasks to queue
[2024-10-14T21:44:38.223+0000] {logging_mixin.py:188} INFO - [2024-10-14T21:44:38.223+0000] {dagbag.py:538} INFO - Filling up the DagBag from /home/airflow/.local/lib/python3.8/site-packages/airflow/example_dags/example_sensors.py
[2024-10-14T21:44:38.232+0000] {processor.py:840} INFO - DAG(s) 'example_sensors' retrieved from /home/airflow/.local/lib/python3.8/site-packages/airflow/example_dags/example_sensors.py
[2024-10-14T21:44:38.259+0000] {logging_mixin.py:188} INFO - [2024-10-14T21:44:38.259+0000] {dag.py:3036} INFO - Sync 1 DAGs
[2024-10-14T21:44:38.275+0000] {logging_mixin.py:188} INFO - [2024-10-14T21:44:38.275+0000] {dag.py:3823} INFO - Setting next_dagrun for example_sensors to None, run_after=None
[2024-10-14T21:44:38.302+0000] {processor.py:183} INFO - Processing /home/airflow/.local/lib/python3.8/site-packages/airflow/example_dags/example_sensors.py took 0.087 seconds
[2024-10-14T21:45:08.386+0000] {processor.py:161} INFO - Started process (PID=263) to work on /home/airflow/.local/lib/python3.8/site-packages/airflow/example_dags/example_sensors.py
[2024-10-14T21:45:08.387+0000] {processor.py:830} INFO - Processing file /home/airflow/.local/lib/python3.8/site-packages/airflow/example_dags/example_sensors.py for tasks to queue
[2024-10-14T21:45:08.388+0000] {logging_mixin.py:188} INFO - [2024-10-14T21:45:08.388+0000] {dagbag.py:538} INFO - Filling up the DagBag from /home/airflow/.local/lib/python3.8/site-packages/airflow/example_dags/example_sensors.py
[2024-10-14T21:45:08.394+0000] {processor.py:840} INFO - DAG(s) 'example_sensors' retrieved from /home/airflow/.local/lib/python3.8/site-packages/airflow/example_dags/example_sensors.py
[2024-10-14T21:45:08.412+0000] {logging_mixin.py:188} INFO - [2024-10-14T21:45:08.412+0000] {dag.py:3036} INFO - Sync 1 DAGs
[2024-10-14T21:45:08.421+0000] {logging_mixin.py:188} INFO - [2024-10-14T21:45:08.421+0000] {dag.py:3823} INFO - Setting next_dagrun for example_sensors to None, run_after=None
[2024-10-14T21:45:08.435+0000] {processor.py:183} INFO - Processing /home/airflow/.local/lib/python3.8/site-packages/airflow/example_dags/example_sensors.py took 0.051 seconds
[2024-10-14T21:45:38.759+0000] {processor.py:161} INFO - Started process (PID=338) to work on /home/airflow/.local/lib/python3.8/site-packages/airflow/example_dags/example_sensors.py
[2024-10-14T21:45:38.760+0000] {processor.py:830} INFO - Processing file /home/airflow/.local/lib/python3.8/site-packages/airflow/example_dags/example_sensors.py for tasks to queue
[2024-10-14T21:45:38.761+0000] {logging_mixin.py:188} INFO - [2024-10-14T21:45:38.761+0000] {dagbag.py:538} INFO - Filling up the DagBag from /home/airflow/.local/lib/python3.8/site-packages/airflow/example_dags/example_sensors.py
[2024-10-14T21:45:38.767+0000] {processor.py:840} INFO - DAG(s) 'example_sensors' retrieved from /home/airflow/.local/lib/python3.8/site-packages/airflow/example_dags/example_sensors.py
[2024-10-14T21:45:38.786+0000] {logging_mixin.py:188} INFO - [2024-10-14T21:45:38.785+0000] {dag.py:3036} INFO - Sync 1 DAGs
[2024-10-14T21:45:38.794+0000] {logging_mixin.py:188} INFO - [2024-10-14T21:45:38.794+0000] {dag.py:3823} INFO - Setting next_dagrun for example_sensors to None, run_after=None
[2024-10-14T21:45:38.810+0000] {processor.py:183} INFO - Processing /home/airflow/.local/lib/python3.8/site-packages/airflow/example_dags/example_sensors.py took 0.052 seconds
[2024-10-14T21:46:08.894+0000] {processor.py:161} INFO - Started process (PID=403) to work on /home/airflow/.local/lib/python3.8/site-packages/airflow/example_dags/example_sensors.py
[2024-10-14T21:46:08.894+0000] {processor.py:830} INFO - Processing file /home/airflow/.local/lib/python3.8/site-packages/airflow/example_dags/example_sensors.py for tasks to queue
[2024-10-14T21:46:08.895+0000] {logging_mixin.py:188} INFO - [2024-10-14T21:46:08.895+0000] {dagbag.py:538} INFO - Filling up the DagBag from /home/airflow/.local/lib/python3.8/site-packages/airflow/example_dags/example_sensors.py
[2024-10-14T21:46:08.902+0000] {processor.py:840} INFO - DAG(s) 'example_sensors' retrieved from /home/airflow/.local/lib/python3.8/site-packages/airflow/example_dags/example_sensors.py
[2024-10-14T21:46:08.919+0000] {logging_mixin.py:188} INFO - [2024-10-14T21:46:08.918+0000] {dag.py:3036} INFO - Sync 1 DAGs
[2024-10-14T21:46:08.929+0000] {logging_mixin.py:188} INFO - [2024-10-14T21:46:08.928+0000] {dag.py:3823} INFO - Setting next_dagrun for example_sensors to None, run_after=None
[2024-10-14T21:46:08.943+0000] {processor.py:183} INFO - Processing /home/airflow/.local/lib/python3.8/site-packages/airflow/example_dags/example_sensors.py took 0.051 seconds
[2024-10-14T21:46:40.489+0000] {processor.py:161} INFO - Started process (PID=486) to work on /home/airflow/.local/lib/python3.8/site-packages/airflow/example_dags/example_sensors.py
[2024-10-14T21:46:40.490+0000] {processor.py:830} INFO - Processing file /home/airflow/.local/lib/python3.8/site-packages/airflow/example_dags/example_sensors.py for tasks to queue
[2024-10-14T21:46:40.491+0000] {logging_mixin.py:188} INFO - [2024-10-14T21:46:40.491+0000] {dagbag.py:538} INFO - Filling up the DagBag from /home/airflow/.local/lib/python3.8/site-packages/airflow/example_dags/example_sensors.py
[2024-10-14T21:46:40.502+0000] {processor.py:840} INFO - DAG(s) 'example_sensors' retrieved from /home/airflow/.local/lib/python3.8/site-packages/airflow/example_dags/example_sensors.py
[2024-10-14T21:46:40.524+0000] {logging_mixin.py:188} INFO - [2024-10-14T21:46:40.524+0000] {dag.py:3036} INFO - Sync 1 DAGs
[2024-10-14T21:46:40.537+0000] {logging_mixin.py:188} INFO - [2024-10-14T21:46:40.536+0000] {dag.py:3823} INFO - Setting next_dagrun for example_sensors to None, run_after=None
[2024-10-14T21:46:40.559+0000] {processor.py:183} INFO - Processing /home/airflow/.local/lib/python3.8/site-packages/airflow/example_dags/example_sensors.py took 0.074 seconds
[2024-10-14T21:50:45.109+0000] {processor.py:161} INFO - Started process (PID=132) to work on /home/airflow/.local/lib/python3.8/site-packages/airflow/example_dags/example_sensors.py
[2024-10-14T21:50:45.110+0000] {processor.py:830} INFO - Processing file /home/airflow/.local/lib/python3.8/site-packages/airflow/example_dags/example_sensors.py for tasks to queue
[2024-10-14T21:50:45.112+0000] {logging_mixin.py:188} INFO - [2024-10-14T21:50:45.112+0000] {dagbag.py:538} INFO - Filling up the DagBag from /home/airflow/.local/lib/python3.8/site-packages/airflow/example_dags/example_sensors.py
[2024-10-14T21:50:45.122+0000] {processor.py:840} INFO - DAG(s) 'example_sensors' retrieved from /home/airflow/.local/lib/python3.8/site-packages/airflow/example_dags/example_sensors.py
[2024-10-14T21:50:45.137+0000] {logging_mixin.py:188} INFO - [2024-10-14T21:50:45.136+0000] {dag.py:3036} INFO - Sync 1 DAGs
[2024-10-14T21:50:45.152+0000] {logging_mixin.py:188} INFO - [2024-10-14T21:50:45.151+0000] {dag.py:3823} INFO - Setting next_dagrun for example_sensors to None, run_after=None
[2024-10-14T21:50:45.177+0000] {processor.py:183} INFO - Processing /home/airflow/.local/lib/python3.8/site-packages/airflow/example_dags/example_sensors.py took 0.072 seconds
[2024-10-14T21:51:15.696+0000] {processor.py:161} INFO - Started process (PID=206) to work on /home/airflow/.local/lib/python3.8/site-packages/airflow/example_dags/example_sensors.py
[2024-10-14T21:51:15.696+0000] {processor.py:830} INFO - Processing file /home/airflow/.local/lib/python3.8/site-packages/airflow/example_dags/example_sensors.py for tasks to queue
[2024-10-14T21:51:15.698+0000] {logging_mixin.py:188} INFO - [2024-10-14T21:51:15.697+0000] {dagbag.py:538} INFO - Filling up the DagBag from /home/airflow/.local/lib/python3.8/site-packages/airflow/example_dags/example_sensors.py
[2024-10-14T21:51:15.704+0000] {processor.py:840} INFO - DAG(s) 'example_sensors' retrieved from /home/airflow/.local/lib/python3.8/site-packages/airflow/example_dags/example_sensors.py
[2024-10-14T21:51:15.805+0000] {logging_mixin.py:188} INFO - [2024-10-14T21:51:15.805+0000] {dag.py:3036} INFO - Sync 1 DAGs
[2024-10-14T21:51:15.814+0000] {logging_mixin.py:188} INFO - [2024-10-14T21:51:15.813+0000] {dag.py:3823} INFO - Setting next_dagrun for example_sensors to None, run_after=None
[2024-10-14T21:51:15.829+0000] {processor.py:183} INFO - Processing /home/airflow/.local/lib/python3.8/site-packages/airflow/example_dags/example_sensors.py took 0.135 seconds
[2024-10-14T21:51:46.767+0000] {processor.py:161} INFO - Started process (PID=287) to work on /home/airflow/.local/lib/python3.8/site-packages/airflow/example_dags/example_sensors.py
[2024-10-14T21:51:46.768+0000] {processor.py:830} INFO - Processing file /home/airflow/.local/lib/python3.8/site-packages/airflow/example_dags/example_sensors.py for tasks to queue
[2024-10-14T21:51:46.772+0000] {logging_mixin.py:188} INFO - [2024-10-14T21:51:46.772+0000] {dagbag.py:538} INFO - Filling up the DagBag from /home/airflow/.local/lib/python3.8/site-packages/airflow/example_dags/example_sensors.py
[2024-10-14T21:51:46.778+0000] {processor.py:840} INFO - DAG(s) 'example_sensors' retrieved from /home/airflow/.local/lib/python3.8/site-packages/airflow/example_dags/example_sensors.py
[2024-10-14T21:51:46.805+0000] {logging_mixin.py:188} INFO - [2024-10-14T21:51:46.805+0000] {dag.py:3036} INFO - Sync 1 DAGs
[2024-10-14T21:51:46.817+0000] {logging_mixin.py:188} INFO - [2024-10-14T21:51:46.815+0000] {dag.py:3823} INFO - Setting next_dagrun for example_sensors to None, run_after=None
[2024-10-14T21:51:46.840+0000] {processor.py:183} INFO - Processing /home/airflow/.local/lib/python3.8/site-packages/airflow/example_dags/example_sensors.py took 0.077 seconds
[2024-10-14T21:52:17.818+0000] {processor.py:161} INFO - Started process (PID=361) to work on /home/airflow/.local/lib/python3.8/site-packages/airflow/example_dags/example_sensors.py
[2024-10-14T21:52:17.821+0000] {processor.py:830} INFO - Processing file /home/airflow/.local/lib/python3.8/site-packages/airflow/example_dags/example_sensors.py for tasks to queue
[2024-10-14T21:52:17.823+0000] {logging_mixin.py:188} INFO - [2024-10-14T21:52:17.822+0000] {dagbag.py:538} INFO - Filling up the DagBag from /home/airflow/.local/lib/python3.8/site-packages/airflow/example_dags/example_sensors.py
[2024-10-14T21:52:17.829+0000] {processor.py:840} INFO - DAG(s) 'example_sensors' retrieved from /home/airflow/.local/lib/python3.8/site-packages/airflow/example_dags/example_sensors.py
[2024-10-14T21:52:17.856+0000] {logging_mixin.py:188} INFO - [2024-10-14T21:52:17.855+0000] {dag.py:3036} INFO - Sync 1 DAGs
[2024-10-14T21:52:17.865+0000] {logging_mixin.py:188} INFO - [2024-10-14T21:52:17.865+0000] {dag.py:3823} INFO - Setting next_dagrun for example_sensors to None, run_after=None
[2024-10-14T21:52:17.886+0000] {processor.py:183} INFO - Processing /home/airflow/.local/lib/python3.8/site-packages/airflow/example_dags/example_sensors.py took 0.073 seconds
[2024-10-14T21:52:48.258+0000] {processor.py:161} INFO - Started process (PID=442) to work on /home/airflow/.local/lib/python3.8/site-packages/airflow/example_dags/example_sensors.py
[2024-10-14T21:52:48.259+0000] {processor.py:830} INFO - Processing file /home/airflow/.local/lib/python3.8/site-packages/airflow/example_dags/example_sensors.py for tasks to queue
[2024-10-14T21:52:48.260+0000] {logging_mixin.py:188} INFO - [2024-10-14T21:52:48.260+0000] {dagbag.py:538} INFO - Filling up the DagBag from /home/airflow/.local/lib/python3.8/site-packages/airflow/example_dags/example_sensors.py
[2024-10-14T21:52:48.270+0000] {processor.py:840} INFO - DAG(s) 'example_sensors' retrieved from /home/airflow/.local/lib/python3.8/site-packages/airflow/example_dags/example_sensors.py
[2024-10-14T21:52:48.296+0000] {logging_mixin.py:188} INFO - [2024-10-14T21:52:48.296+0000] {dag.py:3036} INFO - Sync 1 DAGs
[2024-10-14T21:52:48.310+0000] {logging_mixin.py:188} INFO - [2024-10-14T21:52:48.310+0000] {dag.py:3823} INFO - Setting next_dagrun for example_sensors to None, run_after=None
[2024-10-14T21:52:48.333+0000] {processor.py:183} INFO - Processing /home/airflow/.local/lib/python3.8/site-packages/airflow/example_dags/example_sensors.py took 0.077 seconds
[2024-10-14T21:53:19.398+0000] {processor.py:161} INFO - Started process (PID=515) to work on /home/airflow/.local/lib/python3.8/site-packages/airflow/example_dags/example_sensors.py
[2024-10-14T21:53:19.399+0000] {processor.py:830} INFO - Processing file /home/airflow/.local/lib/python3.8/site-packages/airflow/example_dags/example_sensors.py for tasks to queue
[2024-10-14T21:53:19.404+0000] {logging_mixin.py:188} INFO - [2024-10-14T21:53:19.404+0000] {dagbag.py:538} INFO - Filling up the DagBag from /home/airflow/.local/lib/python3.8/site-packages/airflow/example_dags/example_sensors.py
[2024-10-14T21:53:19.411+0000] {processor.py:840} INFO - DAG(s) 'example_sensors' retrieved from /home/airflow/.local/lib/python3.8/site-packages/airflow/example_dags/example_sensors.py
[2024-10-14T21:53:19.440+0000] {logging_mixin.py:188} INFO - [2024-10-14T21:53:19.440+0000] {dag.py:3036} INFO - Sync 1 DAGs
[2024-10-14T21:53:19.454+0000] {logging_mixin.py:188} INFO - [2024-10-14T21:53:19.453+0000] {dag.py:3823} INFO - Setting next_dagrun for example_sensors to None, run_after=None
[2024-10-14T21:53:19.473+0000] {processor.py:183} INFO - Processing /home/airflow/.local/lib/python3.8/site-packages/airflow/example_dags/example_sensors.py took 0.078 seconds
[2024-10-14T21:53:49.848+0000] {processor.py:161} INFO - Started process (PID=596) to work on /home/airflow/.local/lib/python3.8/site-packages/airflow/example_dags/example_sensors.py
[2024-10-14T21:53:49.851+0000] {processor.py:830} INFO - Processing file /home/airflow/.local/lib/python3.8/site-packages/airflow/example_dags/example_sensors.py for tasks to queue
[2024-10-14T21:53:49.852+0000] {logging_mixin.py:188} INFO - [2024-10-14T21:53:49.852+0000] {dagbag.py:538} INFO - Filling up the DagBag from /home/airflow/.local/lib/python3.8/site-packages/airflow/example_dags/example_sensors.py
[2024-10-14T21:53:49.859+0000] {processor.py:840} INFO - DAG(s) 'example_sensors' retrieved from /home/airflow/.local/lib/python3.8/site-packages/airflow/example_dags/example_sensors.py
[2024-10-14T21:53:49.881+0000] {logging_mixin.py:188} INFO - [2024-10-14T21:53:49.880+0000] {dag.py:3036} INFO - Sync 1 DAGs
[2024-10-14T21:53:49.893+0000] {logging_mixin.py:188} INFO - [2024-10-14T21:53:49.893+0000] {dag.py:3823} INFO - Setting next_dagrun for example_sensors to None, run_after=None
[2024-10-14T21:53:49.913+0000] {processor.py:183} INFO - Processing /home/airflow/.local/lib/python3.8/site-packages/airflow/example_dags/example_sensors.py took 0.067 seconds
[2024-10-14T21:54:20.744+0000] {processor.py:161} INFO - Started process (PID=670) to work on /home/airflow/.local/lib/python3.8/site-packages/airflow/example_dags/example_sensors.py
[2024-10-14T21:54:20.746+0000] {processor.py:830} INFO - Processing file /home/airflow/.local/lib/python3.8/site-packages/airflow/example_dags/example_sensors.py for tasks to queue
[2024-10-14T21:54:20.747+0000] {logging_mixin.py:188} INFO - [2024-10-14T21:54:20.747+0000] {dagbag.py:538} INFO - Filling up the DagBag from /home/airflow/.local/lib/python3.8/site-packages/airflow/example_dags/example_sensors.py
[2024-10-14T21:54:20.759+0000] {processor.py:840} INFO - DAG(s) 'example_sensors' retrieved from /home/airflow/.local/lib/python3.8/site-packages/airflow/example_dags/example_sensors.py
[2024-10-14T21:54:20.789+0000] {logging_mixin.py:188} INFO - [2024-10-14T21:54:20.789+0000] {dag.py:3036} INFO - Sync 1 DAGs
[2024-10-14T21:54:20.799+0000] {logging_mixin.py:188} INFO - [2024-10-14T21:54:20.799+0000] {dag.py:3823} INFO - Setting next_dagrun for example_sensors to None, run_after=None
[2024-10-14T21:54:20.818+0000] {processor.py:183} INFO - Processing /home/airflow/.local/lib/python3.8/site-packages/airflow/example_dags/example_sensors.py took 0.077 seconds
[2024-10-14T21:58:44.724+0000] {processor.py:161} INFO - Started process (PID=131) to work on /home/airflow/.local/lib/python3.8/site-packages/airflow/example_dags/example_sensors.py
[2024-10-14T21:58:44.727+0000] {processor.py:830} INFO - Processing file /home/airflow/.local/lib/python3.8/site-packages/airflow/example_dags/example_sensors.py for tasks to queue
[2024-10-14T21:58:44.729+0000] {logging_mixin.py:188} INFO - [2024-10-14T21:58:44.729+0000] {dagbag.py:538} INFO - Filling up the DagBag from /home/airflow/.local/lib/python3.8/site-packages/airflow/example_dags/example_sensors.py
[2024-10-14T21:58:44.749+0000] {processor.py:840} INFO - DAG(s) 'example_sensors' retrieved from /home/airflow/.local/lib/python3.8/site-packages/airflow/example_dags/example_sensors.py
[2024-10-14T21:58:44.785+0000] {logging_mixin.py:188} INFO - [2024-10-14T21:58:44.782+0000] {dag.py:3036} INFO - Sync 1 DAGs
[2024-10-14T21:58:44.808+0000] {logging_mixin.py:188} INFO - [2024-10-14T21:58:44.808+0000] {dag.py:3823} INFO - Setting next_dagrun for example_sensors to None, run_after=None
[2024-10-14T21:58:44.848+0000] {processor.py:183} INFO - Processing /home/airflow/.local/lib/python3.8/site-packages/airflow/example_dags/example_sensors.py took 0.135 seconds
[2024-10-14T21:59:17.503+0000] {processor.py:161} INFO - Started process (PID=205) to work on /home/airflow/.local/lib/python3.8/site-packages/airflow/example_dags/example_sensors.py
[2024-10-14T21:59:17.504+0000] {processor.py:830} INFO - Processing file /home/airflow/.local/lib/python3.8/site-packages/airflow/example_dags/example_sensors.py for tasks to queue
[2024-10-14T21:59:17.505+0000] {logging_mixin.py:188} INFO - [2024-10-14T21:59:17.505+0000] {dagbag.py:538} INFO - Filling up the DagBag from /home/airflow/.local/lib/python3.8/site-packages/airflow/example_dags/example_sensors.py
[2024-10-14T21:59:17.513+0000] {processor.py:840} INFO - DAG(s) 'example_sensors' retrieved from /home/airflow/.local/lib/python3.8/site-packages/airflow/example_dags/example_sensors.py
[2024-10-14T21:59:17.602+0000] {logging_mixin.py:188} INFO - [2024-10-14T21:59:17.602+0000] {dag.py:3036} INFO - Sync 1 DAGs
[2024-10-14T21:59:17.611+0000] {logging_mixin.py:188} INFO - [2024-10-14T21:59:17.610+0000] {dag.py:3823} INFO - Setting next_dagrun for example_sensors to None, run_after=None
[2024-10-14T21:59:17.626+0000] {processor.py:183} INFO - Processing /home/airflow/.local/lib/python3.8/site-packages/airflow/example_dags/example_sensors.py took 0.125 seconds
[2024-10-14T21:59:48.452+0000] {processor.py:161} INFO - Started process (PID=287) to work on /home/airflow/.local/lib/python3.8/site-packages/airflow/example_dags/example_sensors.py
[2024-10-14T21:59:48.453+0000] {processor.py:830} INFO - Processing file /home/airflow/.local/lib/python3.8/site-packages/airflow/example_dags/example_sensors.py for tasks to queue
[2024-10-14T21:59:48.455+0000] {logging_mixin.py:188} INFO - [2024-10-14T21:59:48.455+0000] {dagbag.py:538} INFO - Filling up the DagBag from /home/airflow/.local/lib/python3.8/site-packages/airflow/example_dags/example_sensors.py
[2024-10-14T21:59:48.463+0000] {processor.py:840} INFO - DAG(s) 'example_sensors' retrieved from /home/airflow/.local/lib/python3.8/site-packages/airflow/example_dags/example_sensors.py
[2024-10-14T21:59:48.486+0000] {logging_mixin.py:188} INFO - [2024-10-14T21:59:48.485+0000] {dag.py:3036} INFO - Sync 1 DAGs
[2024-10-14T21:59:48.497+0000] {logging_mixin.py:188} INFO - [2024-10-14T21:59:48.496+0000] {dag.py:3823} INFO - Setting next_dagrun for example_sensors to None, run_after=None
[2024-10-14T21:59:48.514+0000] {processor.py:183} INFO - Processing /home/airflow/.local/lib/python3.8/site-packages/airflow/example_dags/example_sensors.py took 0.065 seconds
[2024-10-14T22:00:18.630+0000] {processor.py:161} INFO - Started process (PID=361) to work on /home/airflow/.local/lib/python3.8/site-packages/airflow/example_dags/example_sensors.py
[2024-10-14T22:00:18.631+0000] {processor.py:830} INFO - Processing file /home/airflow/.local/lib/python3.8/site-packages/airflow/example_dags/example_sensors.py for tasks to queue
[2024-10-14T22:00:18.633+0000] {logging_mixin.py:188} INFO - [2024-10-14T22:00:18.632+0000] {dagbag.py:538} INFO - Filling up the DagBag from /home/airflow/.local/lib/python3.8/site-packages/airflow/example_dags/example_sensors.py
[2024-10-14T22:00:18.648+0000] {processor.py:840} INFO - DAG(s) 'example_sensors' retrieved from /home/airflow/.local/lib/python3.8/site-packages/airflow/example_dags/example_sensors.py
[2024-10-14T22:00:18.688+0000] {logging_mixin.py:188} INFO - [2024-10-14T22:00:18.688+0000] {dag.py:3036} INFO - Sync 1 DAGs
[2024-10-14T22:00:18.710+0000] {logging_mixin.py:188} INFO - [2024-10-14T22:00:18.710+0000] {dag.py:3823} INFO - Setting next_dagrun for example_sensors to None, run_after=None
[2024-10-14T22:00:18.737+0000] {processor.py:183} INFO - Processing /home/airflow/.local/lib/python3.8/site-packages/airflow/example_dags/example_sensors.py took 0.110 seconds
[2024-10-14T22:00:49.294+0000] {processor.py:161} INFO - Started process (PID=435) to work on /home/airflow/.local/lib/python3.8/site-packages/airflow/example_dags/example_sensors.py
[2024-10-14T22:00:49.295+0000] {processor.py:830} INFO - Processing file /home/airflow/.local/lib/python3.8/site-packages/airflow/example_dags/example_sensors.py for tasks to queue
[2024-10-14T22:00:49.296+0000] {logging_mixin.py:188} INFO - [2024-10-14T22:00:49.296+0000] {dagbag.py:538} INFO - Filling up the DagBag from /home/airflow/.local/lib/python3.8/site-packages/airflow/example_dags/example_sensors.py
[2024-10-14T22:00:49.307+0000] {processor.py:840} INFO - DAG(s) 'example_sensors' retrieved from /home/airflow/.local/lib/python3.8/site-packages/airflow/example_dags/example_sensors.py
[2024-10-14T22:00:49.329+0000] {logging_mixin.py:188} INFO - [2024-10-14T22:00:49.329+0000] {dag.py:3036} INFO - Sync 1 DAGs
[2024-10-14T22:00:49.343+0000] {logging_mixin.py:188} INFO - [2024-10-14T22:00:49.343+0000] {dag.py:3823} INFO - Setting next_dagrun for example_sensors to None, run_after=None
[2024-10-14T22:00:49.363+0000] {processor.py:183} INFO - Processing /home/airflow/.local/lib/python3.8/site-packages/airflow/example_dags/example_sensors.py took 0.071 seconds
[2024-10-14T22:01:19.931+0000] {processor.py:161} INFO - Started process (PID=509) to work on /home/airflow/.local/lib/python3.8/site-packages/airflow/example_dags/example_sensors.py
[2024-10-14T22:01:19.932+0000] {processor.py:830} INFO - Processing file /home/airflow/.local/lib/python3.8/site-packages/airflow/example_dags/example_sensors.py for tasks to queue
[2024-10-14T22:01:19.933+0000] {logging_mixin.py:188} INFO - [2024-10-14T22:01:19.933+0000] {dagbag.py:538} INFO - Filling up the DagBag from /home/airflow/.local/lib/python3.8/site-packages/airflow/example_dags/example_sensors.py
[2024-10-14T22:01:19.944+0000] {processor.py:840} INFO - DAG(s) 'example_sensors' retrieved from /home/airflow/.local/lib/python3.8/site-packages/airflow/example_dags/example_sensors.py
[2024-10-14T22:01:19.966+0000] {logging_mixin.py:188} INFO - [2024-10-14T22:01:19.966+0000] {dag.py:3036} INFO - Sync 1 DAGs
[2024-10-14T22:01:19.980+0000] {logging_mixin.py:188} INFO - [2024-10-14T22:01:19.980+0000] {dag.py:3823} INFO - Setting next_dagrun for example_sensors to None, run_after=None
[2024-10-14T22:01:20.000+0000] {processor.py:183} INFO - Processing /home/airflow/.local/lib/python3.8/site-packages/airflow/example_dags/example_sensors.py took 0.071 seconds
[2024-10-14T22:01:50.195+0000] {processor.py:161} INFO - Started process (PID=582) to work on /home/airflow/.local/lib/python3.8/site-packages/airflow/example_dags/example_sensors.py
[2024-10-14T22:01:50.196+0000] {processor.py:830} INFO - Processing file /home/airflow/.local/lib/python3.8/site-packages/airflow/example_dags/example_sensors.py for tasks to queue
[2024-10-14T22:01:50.197+0000] {logging_mixin.py:188} INFO - [2024-10-14T22:01:50.197+0000] {dagbag.py:538} INFO - Filling up the DagBag from /home/airflow/.local/lib/python3.8/site-packages/airflow/example_dags/example_sensors.py
[2024-10-14T22:01:50.209+0000] {processor.py:840} INFO - DAG(s) 'example_sensors' retrieved from /home/airflow/.local/lib/python3.8/site-packages/airflow/example_dags/example_sensors.py
[2024-10-14T22:01:50.238+0000] {logging_mixin.py:188} INFO - [2024-10-14T22:01:50.236+0000] {dag.py:3036} INFO - Sync 1 DAGs
[2024-10-14T22:01:50.250+0000] {logging_mixin.py:188} INFO - [2024-10-14T22:01:50.250+0000] {dag.py:3823} INFO - Setting next_dagrun for example_sensors to None, run_after=None
[2024-10-14T22:01:50.277+0000] {processor.py:183} INFO - Processing /home/airflow/.local/lib/python3.8/site-packages/airflow/example_dags/example_sensors.py took 0.085 seconds
[2024-10-14T22:02:20.500+0000] {processor.py:161} INFO - Started process (PID=664) to work on /home/airflow/.local/lib/python3.8/site-packages/airflow/example_dags/example_sensors.py
[2024-10-14T22:02:20.501+0000] {processor.py:830} INFO - Processing file /home/airflow/.local/lib/python3.8/site-packages/airflow/example_dags/example_sensors.py for tasks to queue
[2024-10-14T22:02:20.504+0000] {logging_mixin.py:188} INFO - [2024-10-14T22:02:20.503+0000] {dagbag.py:538} INFO - Filling up the DagBag from /home/airflow/.local/lib/python3.8/site-packages/airflow/example_dags/example_sensors.py
[2024-10-14T22:02:20.513+0000] {processor.py:840} INFO - DAG(s) 'example_sensors' retrieved from /home/airflow/.local/lib/python3.8/site-packages/airflow/example_dags/example_sensors.py
[2024-10-14T22:02:20.536+0000] {logging_mixin.py:188} INFO - [2024-10-14T22:02:20.535+0000] {dag.py:3036} INFO - Sync 1 DAGs
[2024-10-14T22:02:20.548+0000] {logging_mixin.py:188} INFO - [2024-10-14T22:02:20.548+0000] {dag.py:3823} INFO - Setting next_dagrun for example_sensors to None, run_after=None
[2024-10-14T22:02:20.567+0000] {processor.py:183} INFO - Processing /home/airflow/.local/lib/python3.8/site-packages/airflow/example_dags/example_sensors.py took 0.069 seconds
[2024-10-14T22:02:51.243+0000] {processor.py:161} INFO - Started process (PID=738) to work on /home/airflow/.local/lib/python3.8/site-packages/airflow/example_dags/example_sensors.py
[2024-10-14T22:02:51.244+0000] {processor.py:830} INFO - Processing file /home/airflow/.local/lib/python3.8/site-packages/airflow/example_dags/example_sensors.py for tasks to queue
[2024-10-14T22:02:51.245+0000] {logging_mixin.py:188} INFO - [2024-10-14T22:02:51.245+0000] {dagbag.py:538} INFO - Filling up the DagBag from /home/airflow/.local/lib/python3.8/site-packages/airflow/example_dags/example_sensors.py
[2024-10-14T22:02:51.254+0000] {processor.py:840} INFO - DAG(s) 'example_sensors' retrieved from /home/airflow/.local/lib/python3.8/site-packages/airflow/example_dags/example_sensors.py
[2024-10-14T22:02:51.277+0000] {logging_mixin.py:188} INFO - [2024-10-14T22:02:51.277+0000] {dag.py:3036} INFO - Sync 1 DAGs
[2024-10-14T22:02:51.289+0000] {logging_mixin.py:188} INFO - [2024-10-14T22:02:51.288+0000] {dag.py:3823} INFO - Setting next_dagrun for example_sensors to None, run_after=None
[2024-10-14T22:02:51.311+0000] {processor.py:183} INFO - Processing /home/airflow/.local/lib/python3.8/site-packages/airflow/example_dags/example_sensors.py took 0.070 seconds
[2024-10-14T22:03:22.215+0000] {processor.py:161} INFO - Started process (PID=820) to work on /home/airflow/.local/lib/python3.8/site-packages/airflow/example_dags/example_sensors.py
[2024-10-14T22:03:22.216+0000] {processor.py:830} INFO - Processing file /home/airflow/.local/lib/python3.8/site-packages/airflow/example_dags/example_sensors.py for tasks to queue
[2024-10-14T22:03:22.218+0000] {logging_mixin.py:188} INFO - [2024-10-14T22:03:22.218+0000] {dagbag.py:538} INFO - Filling up the DagBag from /home/airflow/.local/lib/python3.8/site-packages/airflow/example_dags/example_sensors.py
[2024-10-14T22:03:22.233+0000] {processor.py:840} INFO - DAG(s) 'example_sensors' retrieved from /home/airflow/.local/lib/python3.8/site-packages/airflow/example_dags/example_sensors.py
[2024-10-14T22:03:22.293+0000] {logging_mixin.py:188} INFO - [2024-10-14T22:03:22.291+0000] {dag.py:3036} INFO - Sync 1 DAGs
[2024-10-14T22:03:22.329+0000] {logging_mixin.py:188} INFO - [2024-10-14T22:03:22.327+0000] {dag.py:3823} INFO - Setting next_dagrun for example_sensors to None, run_after=None
[2024-10-14T22:03:22.361+0000] {processor.py:183} INFO - Processing /home/airflow/.local/lib/python3.8/site-packages/airflow/example_dags/example_sensors.py took 0.150 seconds
[2024-10-14T22:03:52.428+0000] {processor.py:161} INFO - Started process (PID=893) to work on /home/airflow/.local/lib/python3.8/site-packages/airflow/example_dags/example_sensors.py
[2024-10-14T22:03:52.429+0000] {processor.py:830} INFO - Processing file /home/airflow/.local/lib/python3.8/site-packages/airflow/example_dags/example_sensors.py for tasks to queue
[2024-10-14T22:03:52.430+0000] {logging_mixin.py:188} INFO - [2024-10-14T22:03:52.430+0000] {dagbag.py:538} INFO - Filling up the DagBag from /home/airflow/.local/lib/python3.8/site-packages/airflow/example_dags/example_sensors.py
[2024-10-14T22:03:52.441+0000] {processor.py:840} INFO - DAG(s) 'example_sensors' retrieved from /home/airflow/.local/lib/python3.8/site-packages/airflow/example_dags/example_sensors.py
[2024-10-14T22:03:52.464+0000] {logging_mixin.py:188} INFO - [2024-10-14T22:03:52.464+0000] {dag.py:3036} INFO - Sync 1 DAGs
[2024-10-14T22:03:52.480+0000] {logging_mixin.py:188} INFO - [2024-10-14T22:03:52.480+0000] {dag.py:3823} INFO - Setting next_dagrun for example_sensors to None, run_after=None
[2024-10-14T22:03:52.510+0000] {processor.py:183} INFO - Processing /home/airflow/.local/lib/python3.8/site-packages/airflow/example_dags/example_sensors.py took 0.084 seconds
[2024-10-14T22:04:22.785+0000] {processor.py:161} INFO - Started process (PID=974) to work on /home/airflow/.local/lib/python3.8/site-packages/airflow/example_dags/example_sensors.py
[2024-10-14T22:04:22.786+0000] {processor.py:830} INFO - Processing file /home/airflow/.local/lib/python3.8/site-packages/airflow/example_dags/example_sensors.py for tasks to queue
[2024-10-14T22:04:22.787+0000] {logging_mixin.py:188} INFO - [2024-10-14T22:04:22.787+0000] {dagbag.py:538} INFO - Filling up the DagBag from /home/airflow/.local/lib/python3.8/site-packages/airflow/example_dags/example_sensors.py
[2024-10-14T22:04:22.794+0000] {processor.py:840} INFO - DAG(s) 'example_sensors' retrieved from /home/airflow/.local/lib/python3.8/site-packages/airflow/example_dags/example_sensors.py
[2024-10-14T22:04:22.813+0000] {logging_mixin.py:188} INFO - [2024-10-14T22:04:22.813+0000] {dag.py:3036} INFO - Sync 1 DAGs
[2024-10-14T22:04:22.823+0000] {logging_mixin.py:188} INFO - [2024-10-14T22:04:22.822+0000] {dag.py:3823} INFO - Setting next_dagrun for example_sensors to None, run_after=None
[2024-10-14T22:04:22.836+0000] {processor.py:183} INFO - Processing /home/airflow/.local/lib/python3.8/site-packages/airflow/example_dags/example_sensors.py took 0.054 seconds
[2024-10-14T22:04:53.343+0000] {processor.py:161} INFO - Started process (PID=1047) to work on /home/airflow/.local/lib/python3.8/site-packages/airflow/example_dags/example_sensors.py
[2024-10-14T22:04:53.343+0000] {processor.py:830} INFO - Processing file /home/airflow/.local/lib/python3.8/site-packages/airflow/example_dags/example_sensors.py for tasks to queue
[2024-10-14T22:04:53.344+0000] {logging_mixin.py:188} INFO - [2024-10-14T22:04:53.344+0000] {dagbag.py:538} INFO - Filling up the DagBag from /home/airflow/.local/lib/python3.8/site-packages/airflow/example_dags/example_sensors.py
[2024-10-14T22:04:53.351+0000] {processor.py:840} INFO - DAG(s) 'example_sensors' retrieved from /home/airflow/.local/lib/python3.8/site-packages/airflow/example_dags/example_sensors.py
[2024-10-14T22:04:53.369+0000] {logging_mixin.py:188} INFO - [2024-10-14T22:04:53.369+0000] {dag.py:3036} INFO - Sync 1 DAGs
[2024-10-14T22:04:53.379+0000] {logging_mixin.py:188} INFO - [2024-10-14T22:04:53.379+0000] {dag.py:3823} INFO - Setting next_dagrun for example_sensors to None, run_after=None
[2024-10-14T22:04:53.393+0000] {processor.py:183} INFO - Processing /home/airflow/.local/lib/python3.8/site-packages/airflow/example_dags/example_sensors.py took 0.053 seconds
[2024-10-14T22:05:24.380+0000] {processor.py:161} INFO - Started process (PID=1129) to work on /home/airflow/.local/lib/python3.8/site-packages/airflow/example_dags/example_sensors.py
[2024-10-14T22:05:24.380+0000] {processor.py:830} INFO - Processing file /home/airflow/.local/lib/python3.8/site-packages/airflow/example_dags/example_sensors.py for tasks to queue
[2024-10-14T22:05:24.381+0000] {logging_mixin.py:188} INFO - [2024-10-14T22:05:24.381+0000] {dagbag.py:538} INFO - Filling up the DagBag from /home/airflow/.local/lib/python3.8/site-packages/airflow/example_dags/example_sensors.py
[2024-10-14T22:05:24.388+0000] {processor.py:840} INFO - DAG(s) 'example_sensors' retrieved from /home/airflow/.local/lib/python3.8/site-packages/airflow/example_dags/example_sensors.py
[2024-10-14T22:05:24.405+0000] {logging_mixin.py:188} INFO - [2024-10-14T22:05:24.405+0000] {dag.py:3036} INFO - Sync 1 DAGs
[2024-10-14T22:05:24.415+0000] {logging_mixin.py:188} INFO - [2024-10-14T22:05:24.415+0000] {dag.py:3823} INFO - Setting next_dagrun for example_sensors to None, run_after=None
[2024-10-14T22:05:24.428+0000] {processor.py:183} INFO - Processing /home/airflow/.local/lib/python3.8/site-packages/airflow/example_dags/example_sensors.py took 0.051 seconds
[2024-10-14T22:05:55.443+0000] {processor.py:161} INFO - Started process (PID=1203) to work on /home/airflow/.local/lib/python3.8/site-packages/airflow/example_dags/example_sensors.py
[2024-10-14T22:05:55.444+0000] {processor.py:830} INFO - Processing file /home/airflow/.local/lib/python3.8/site-packages/airflow/example_dags/example_sensors.py for tasks to queue
[2024-10-14T22:05:55.445+0000] {logging_mixin.py:188} INFO - [2024-10-14T22:05:55.445+0000] {dagbag.py:538} INFO - Filling up the DagBag from /home/airflow/.local/lib/python3.8/site-packages/airflow/example_dags/example_sensors.py
[2024-10-14T22:05:55.452+0000] {processor.py:840} INFO - DAG(s) 'example_sensors' retrieved from /home/airflow/.local/lib/python3.8/site-packages/airflow/example_dags/example_sensors.py
[2024-10-14T22:05:55.477+0000] {logging_mixin.py:188} INFO - [2024-10-14T22:05:55.476+0000] {dag.py:3036} INFO - Sync 1 DAGs
[2024-10-14T22:05:55.491+0000] {logging_mixin.py:188} INFO - [2024-10-14T22:05:55.490+0000] {dag.py:3823} INFO - Setting next_dagrun for example_sensors to None, run_after=None
[2024-10-14T22:05:55.506+0000] {processor.py:183} INFO - Processing /home/airflow/.local/lib/python3.8/site-packages/airflow/example_dags/example_sensors.py took 0.065 seconds
[2024-10-14T22:06:26.595+0000] {processor.py:161} INFO - Started process (PID=1284) to work on /home/airflow/.local/lib/python3.8/site-packages/airflow/example_dags/example_sensors.py
[2024-10-14T22:06:26.596+0000] {processor.py:830} INFO - Processing file /home/airflow/.local/lib/python3.8/site-packages/airflow/example_dags/example_sensors.py for tasks to queue
[2024-10-14T22:06:26.597+0000] {logging_mixin.py:188} INFO - [2024-10-14T22:06:26.597+0000] {dagbag.py:538} INFO - Filling up the DagBag from /home/airflow/.local/lib/python3.8/site-packages/airflow/example_dags/example_sensors.py
[2024-10-14T22:06:26.605+0000] {processor.py:840} INFO - DAG(s) 'example_sensors' retrieved from /home/airflow/.local/lib/python3.8/site-packages/airflow/example_dags/example_sensors.py
[2024-10-14T22:06:26.629+0000] {logging_mixin.py:188} INFO - [2024-10-14T22:06:26.629+0000] {dag.py:3036} INFO - Sync 1 DAGs
[2024-10-14T22:06:26.641+0000] {logging_mixin.py:188} INFO - [2024-10-14T22:06:26.641+0000] {dag.py:3823} INFO - Setting next_dagrun for example_sensors to None, run_after=None
[2024-10-14T22:06:26.660+0000] {processor.py:183} INFO - Processing /home/airflow/.local/lib/python3.8/site-packages/airflow/example_dags/example_sensors.py took 0.067 seconds
[2024-10-14T22:06:56.924+0000] {processor.py:161} INFO - Started process (PID=1367) to work on /home/airflow/.local/lib/python3.8/site-packages/airflow/example_dags/example_sensors.py
[2024-10-14T22:06:56.925+0000] {processor.py:830} INFO - Processing file /home/airflow/.local/lib/python3.8/site-packages/airflow/example_dags/example_sensors.py for tasks to queue
[2024-10-14T22:06:56.926+0000] {logging_mixin.py:188} INFO - [2024-10-14T22:06:56.926+0000] {dagbag.py:538} INFO - Filling up the DagBag from /home/airflow/.local/lib/python3.8/site-packages/airflow/example_dags/example_sensors.py
[2024-10-14T22:06:56.932+0000] {processor.py:840} INFO - DAG(s) 'example_sensors' retrieved from /home/airflow/.local/lib/python3.8/site-packages/airflow/example_dags/example_sensors.py
[2024-10-14T22:06:56.949+0000] {logging_mixin.py:188} INFO - [2024-10-14T22:06:56.949+0000] {dag.py:3036} INFO - Sync 1 DAGs
[2024-10-14T22:06:56.958+0000] {logging_mixin.py:188} INFO - [2024-10-14T22:06:56.958+0000] {dag.py:3823} INFO - Setting next_dagrun for example_sensors to None, run_after=None
[2024-10-14T22:06:56.976+0000] {processor.py:183} INFO - Processing /home/airflow/.local/lib/python3.8/site-packages/airflow/example_dags/example_sensors.py took 0.055 seconds
[2024-10-14T22:07:27.728+0000] {processor.py:161} INFO - Started process (PID=1442) to work on /home/airflow/.local/lib/python3.8/site-packages/airflow/example_dags/example_sensors.py
[2024-10-14T22:07:27.728+0000] {processor.py:830} INFO - Processing file /home/airflow/.local/lib/python3.8/site-packages/airflow/example_dags/example_sensors.py for tasks to queue
[2024-10-14T22:07:27.730+0000] {logging_mixin.py:188} INFO - [2024-10-14T22:07:27.729+0000] {dagbag.py:538} INFO - Filling up the DagBag from /home/airflow/.local/lib/python3.8/site-packages/airflow/example_dags/example_sensors.py
[2024-10-14T22:07:27.737+0000] {processor.py:840} INFO - DAG(s) 'example_sensors' retrieved from /home/airflow/.local/lib/python3.8/site-packages/airflow/example_dags/example_sensors.py
[2024-10-14T22:07:27.755+0000] {logging_mixin.py:188} INFO - [2024-10-14T22:07:27.754+0000] {dag.py:3036} INFO - Sync 1 DAGs
[2024-10-14T22:07:27.763+0000] {logging_mixin.py:188} INFO - [2024-10-14T22:07:27.763+0000] {dag.py:3823} INFO - Setting next_dagrun for example_sensors to None, run_after=None
[2024-10-14T22:07:27.778+0000] {processor.py:183} INFO - Processing /home/airflow/.local/lib/python3.8/site-packages/airflow/example_dags/example_sensors.py took 0.054 seconds
[2024-10-14T22:07:58.825+0000] {processor.py:161} INFO - Started process (PID=1524) to work on /home/airflow/.local/lib/python3.8/site-packages/airflow/example_dags/example_sensors.py
[2024-10-14T22:07:58.826+0000] {processor.py:830} INFO - Processing file /home/airflow/.local/lib/python3.8/site-packages/airflow/example_dags/example_sensors.py for tasks to queue
[2024-10-14T22:07:58.827+0000] {logging_mixin.py:188} INFO - [2024-10-14T22:07:58.827+0000] {dagbag.py:538} INFO - Filling up the DagBag from /home/airflow/.local/lib/python3.8/site-packages/airflow/example_dags/example_sensors.py
[2024-10-14T22:07:58.835+0000] {processor.py:840} INFO - DAG(s) 'example_sensors' retrieved from /home/airflow/.local/lib/python3.8/site-packages/airflow/example_dags/example_sensors.py
[2024-10-14T22:07:58.854+0000] {logging_mixin.py:188} INFO - [2024-10-14T22:07:58.854+0000] {dag.py:3036} INFO - Sync 1 DAGs
[2024-10-14T22:07:58.864+0000] {logging_mixin.py:188} INFO - [2024-10-14T22:07:58.864+0000] {dag.py:3823} INFO - Setting next_dagrun for example_sensors to None, run_after=None
[2024-10-14T22:07:58.880+0000] {processor.py:183} INFO - Processing /home/airflow/.local/lib/python3.8/site-packages/airflow/example_dags/example_sensors.py took 0.057 seconds
[2024-10-14T22:08:29.330+0000] {processor.py:161} INFO - Started process (PID=1598) to work on /home/airflow/.local/lib/python3.8/site-packages/airflow/example_dags/example_sensors.py
[2024-10-14T22:08:29.330+0000] {processor.py:830} INFO - Processing file /home/airflow/.local/lib/python3.8/site-packages/airflow/example_dags/example_sensors.py for tasks to queue
[2024-10-14T22:08:29.332+0000] {logging_mixin.py:188} INFO - [2024-10-14T22:08:29.331+0000] {dagbag.py:538} INFO - Filling up the DagBag from /home/airflow/.local/lib/python3.8/site-packages/airflow/example_dags/example_sensors.py
[2024-10-14T22:08:29.338+0000] {processor.py:840} INFO - DAG(s) 'example_sensors' retrieved from /home/airflow/.local/lib/python3.8/site-packages/airflow/example_dags/example_sensors.py
[2024-10-14T22:08:29.355+0000] {logging_mixin.py:188} INFO - [2024-10-14T22:08:29.355+0000] {dag.py:3036} INFO - Sync 1 DAGs
[2024-10-14T22:08:29.364+0000] {logging_mixin.py:188} INFO - [2024-10-14T22:08:29.364+0000] {dag.py:3823} INFO - Setting next_dagrun for example_sensors to None, run_after=None
[2024-10-14T22:08:29.378+0000] {processor.py:183} INFO - Processing /home/airflow/.local/lib/python3.8/site-packages/airflow/example_dags/example_sensors.py took 0.051 seconds
[2024-10-14T22:08:59.893+0000] {processor.py:161} INFO - Started process (PID=1679) to work on /home/airflow/.local/lib/python3.8/site-packages/airflow/example_dags/example_sensors.py
[2024-10-14T22:08:59.893+0000] {processor.py:830} INFO - Processing file /home/airflow/.local/lib/python3.8/site-packages/airflow/example_dags/example_sensors.py for tasks to queue
[2024-10-14T22:08:59.895+0000] {logging_mixin.py:188} INFO - [2024-10-14T22:08:59.894+0000] {dagbag.py:538} INFO - Filling up the DagBag from /home/airflow/.local/lib/python3.8/site-packages/airflow/example_dags/example_sensors.py
[2024-10-14T22:08:59.901+0000] {processor.py:840} INFO - DAG(s) 'example_sensors' retrieved from /home/airflow/.local/lib/python3.8/site-packages/airflow/example_dags/example_sensors.py
[2024-10-14T22:08:59.920+0000] {logging_mixin.py:188} INFO - [2024-10-14T22:08:59.919+0000] {dag.py:3036} INFO - Sync 1 DAGs
[2024-10-14T22:08:59.929+0000] {logging_mixin.py:188} INFO - [2024-10-14T22:08:59.928+0000] {dag.py:3823} INFO - Setting next_dagrun for example_sensors to None, run_after=None
[2024-10-14T22:08:59.943+0000] {processor.py:183} INFO - Processing /home/airflow/.local/lib/python3.8/site-packages/airflow/example_dags/example_sensors.py took 0.053 seconds
