[2024-10-14T21:19:53.112+0000] {processor.py:161} INFO - Started process (PID=104) to work on /home/airflow/.local/lib/python3.8/site-packages/airflow/example_dags/example_python_operator.py
[2024-10-14T21:19:53.113+0000] {processor.py:830} INFO - Processing file /home/airflow/.local/lib/python3.8/site-packages/airflow/example_dags/example_python_operator.py for tasks to queue
[2024-10-14T21:19:53.114+0000] {logging_mixin.py:188} INFO - [2024-10-14T21:19:53.114+0000] {dagbag.py:538} INFO - Filling up the DagBag from /home/airflow/.local/lib/python3.8/site-packages/airflow/example_dags/example_python_operator.py
[2024-10-14T21:19:53.124+0000] {processor.py:840} INFO - DAG(s) 'example_python_operator' retrieved from /home/airflow/.local/lib/python3.8/site-packages/airflow/example_dags/example_python_operator.py
[2024-10-14T21:19:53.209+0000] {logging_mixin.py:188} INFO - [2024-10-14T21:19:53.208+0000] {dag.py:3036} INFO - Sync 1 DAGs
[2024-10-14T21:19:53.217+0000] {logging_mixin.py:188} INFO - [2024-10-14T21:19:53.217+0000] {dag.py:3823} INFO - Setting next_dagrun for example_python_operator to None, run_after=None
[2024-10-14T21:19:53.235+0000] {processor.py:183} INFO - Processing /home/airflow/.local/lib/python3.8/site-packages/airflow/example_dags/example_python_operator.py took 0.126 seconds
[2024-10-14T21:20:23.808+0000] {processor.py:161} INFO - Started process (PID=186) to work on /home/airflow/.local/lib/python3.8/site-packages/airflow/example_dags/example_python_operator.py
[2024-10-14T21:20:23.810+0000] {processor.py:830} INFO - Processing file /home/airflow/.local/lib/python3.8/site-packages/airflow/example_dags/example_python_operator.py for tasks to queue
[2024-10-14T21:20:23.814+0000] {logging_mixin.py:188} INFO - [2024-10-14T21:20:23.813+0000] {dagbag.py:538} INFO - Filling up the DagBag from /home/airflow/.local/lib/python3.8/site-packages/airflow/example_dags/example_python_operator.py
[2024-10-14T21:20:23.823+0000] {processor.py:840} INFO - DAG(s) 'example_python_operator' retrieved from /home/airflow/.local/lib/python3.8/site-packages/airflow/example_dags/example_python_operator.py
[2024-10-14T21:20:23.850+0000] {logging_mixin.py:188} INFO - [2024-10-14T21:20:23.850+0000] {dag.py:3036} INFO - Sync 1 DAGs
[2024-10-14T21:20:23.865+0000] {logging_mixin.py:188} INFO - [2024-10-14T21:20:23.865+0000] {dag.py:3823} INFO - Setting next_dagrun for example_python_operator to None, run_after=None
[2024-10-14T21:20:23.896+0000] {processor.py:183} INFO - Processing /home/airflow/.local/lib/python3.8/site-packages/airflow/example_dags/example_python_operator.py took 0.093 seconds
[2024-10-14T21:20:54.592+0000] {processor.py:161} INFO - Started process (PID=267) to work on /home/airflow/.local/lib/python3.8/site-packages/airflow/example_dags/example_python_operator.py
[2024-10-14T21:20:54.592+0000] {processor.py:830} INFO - Processing file /home/airflow/.local/lib/python3.8/site-packages/airflow/example_dags/example_python_operator.py for tasks to queue
[2024-10-14T21:20:54.593+0000] {logging_mixin.py:188} INFO - [2024-10-14T21:20:54.593+0000] {dagbag.py:538} INFO - Filling up the DagBag from /home/airflow/.local/lib/python3.8/site-packages/airflow/example_dags/example_python_operator.py
[2024-10-14T21:20:54.601+0000] {processor.py:840} INFO - DAG(s) 'example_python_operator' retrieved from /home/airflow/.local/lib/python3.8/site-packages/airflow/example_dags/example_python_operator.py
[2024-10-14T21:20:54.619+0000] {logging_mixin.py:188} INFO - [2024-10-14T21:20:54.619+0000] {dag.py:3036} INFO - Sync 1 DAGs
[2024-10-14T21:20:54.628+0000] {logging_mixin.py:188} INFO - [2024-10-14T21:20:54.628+0000] {dag.py:3823} INFO - Setting next_dagrun for example_python_operator to None, run_after=None
[2024-10-14T21:20:54.643+0000] {processor.py:183} INFO - Processing /home/airflow/.local/lib/python3.8/site-packages/airflow/example_dags/example_python_operator.py took 0.054 seconds
[2024-10-14T21:21:25.570+0000] {processor.py:161} INFO - Started process (PID=341) to work on /home/airflow/.local/lib/python3.8/site-packages/airflow/example_dags/example_python_operator.py
[2024-10-14T21:21:25.574+0000] {processor.py:830} INFO - Processing file /home/airflow/.local/lib/python3.8/site-packages/airflow/example_dags/example_python_operator.py for tasks to queue
[2024-10-14T21:21:25.575+0000] {logging_mixin.py:188} INFO - [2024-10-14T21:21:25.575+0000] {dagbag.py:538} INFO - Filling up the DagBag from /home/airflow/.local/lib/python3.8/site-packages/airflow/example_dags/example_python_operator.py
[2024-10-14T21:21:25.598+0000] {processor.py:840} INFO - DAG(s) 'example_python_operator' retrieved from /home/airflow/.local/lib/python3.8/site-packages/airflow/example_dags/example_python_operator.py
[2024-10-14T21:21:25.629+0000] {logging_mixin.py:188} INFO - [2024-10-14T21:21:25.629+0000] {dag.py:3036} INFO - Sync 1 DAGs
[2024-10-14T21:21:25.637+0000] {logging_mixin.py:188} INFO - [2024-10-14T21:21:25.637+0000] {dag.py:3823} INFO - Setting next_dagrun for example_python_operator to None, run_after=None
[2024-10-14T21:21:25.650+0000] {processor.py:183} INFO - Processing /home/airflow/.local/lib/python3.8/site-packages/airflow/example_dags/example_python_operator.py took 0.084 seconds
[2024-10-14T21:21:55.785+0000] {processor.py:161} INFO - Started process (PID=413) to work on /home/airflow/.local/lib/python3.8/site-packages/airflow/example_dags/example_python_operator.py
[2024-10-14T21:21:55.787+0000] {processor.py:830} INFO - Processing file /home/airflow/.local/lib/python3.8/site-packages/airflow/example_dags/example_python_operator.py for tasks to queue
[2024-10-14T21:21:55.792+0000] {logging_mixin.py:188} INFO - [2024-10-14T21:21:55.790+0000] {dagbag.py:538} INFO - Filling up the DagBag from /home/airflow/.local/lib/python3.8/site-packages/airflow/example_dags/example_python_operator.py
[2024-10-14T21:21:55.814+0000] {processor.py:840} INFO - DAG(s) 'example_python_operator' retrieved from /home/airflow/.local/lib/python3.8/site-packages/airflow/example_dags/example_python_operator.py
[2024-10-14T21:21:55.849+0000] {logging_mixin.py:188} INFO - [2024-10-14T21:21:55.848+0000] {dag.py:3036} INFO - Sync 1 DAGs
[2024-10-14T21:21:55.864+0000] {logging_mixin.py:188} INFO - [2024-10-14T21:21:55.864+0000] {dag.py:3823} INFO - Setting next_dagrun for example_python_operator to None, run_after=None
[2024-10-14T21:21:55.899+0000] {processor.py:183} INFO - Processing /home/airflow/.local/lib/python3.8/site-packages/airflow/example_dags/example_python_operator.py took 0.121 seconds
[2024-10-14T21:22:26.064+0000] {processor.py:161} INFO - Started process (PID=487) to work on /home/airflow/.local/lib/python3.8/site-packages/airflow/example_dags/example_python_operator.py
[2024-10-14T21:22:26.065+0000] {processor.py:830} INFO - Processing file /home/airflow/.local/lib/python3.8/site-packages/airflow/example_dags/example_python_operator.py for tasks to queue
[2024-10-14T21:22:26.066+0000] {logging_mixin.py:188} INFO - [2024-10-14T21:22:26.066+0000] {dagbag.py:538} INFO - Filling up the DagBag from /home/airflow/.local/lib/python3.8/site-packages/airflow/example_dags/example_python_operator.py
[2024-10-14T21:22:26.078+0000] {processor.py:840} INFO - DAG(s) 'example_python_operator' retrieved from /home/airflow/.local/lib/python3.8/site-packages/airflow/example_dags/example_python_operator.py
[2024-10-14T21:22:26.096+0000] {logging_mixin.py:188} INFO - [2024-10-14T21:22:26.096+0000] {dag.py:3036} INFO - Sync 1 DAGs
[2024-10-14T21:22:26.104+0000] {logging_mixin.py:188} INFO - [2024-10-14T21:22:26.103+0000] {dag.py:3823} INFO - Setting next_dagrun for example_python_operator to None, run_after=None
[2024-10-14T21:22:26.120+0000] {processor.py:183} INFO - Processing /home/airflow/.local/lib/python3.8/site-packages/airflow/example_dags/example_python_operator.py took 0.059 seconds
[2024-10-14T21:22:56.887+0000] {processor.py:161} INFO - Started process (PID=561) to work on /home/airflow/.local/lib/python3.8/site-packages/airflow/example_dags/example_python_operator.py
[2024-10-14T21:22:56.889+0000] {processor.py:830} INFO - Processing file /home/airflow/.local/lib/python3.8/site-packages/airflow/example_dags/example_python_operator.py for tasks to queue
[2024-10-14T21:22:56.894+0000] {logging_mixin.py:188} INFO - [2024-10-14T21:22:56.892+0000] {dagbag.py:538} INFO - Filling up the DagBag from /home/airflow/.local/lib/python3.8/site-packages/airflow/example_dags/example_python_operator.py
[2024-10-14T21:22:56.904+0000] {processor.py:840} INFO - DAG(s) 'example_python_operator' retrieved from /home/airflow/.local/lib/python3.8/site-packages/airflow/example_dags/example_python_operator.py
[2024-10-14T21:22:56.940+0000] {logging_mixin.py:188} INFO - [2024-10-14T21:22:56.940+0000] {dag.py:3036} INFO - Sync 1 DAGs
[2024-10-14T21:22:56.960+0000] {logging_mixin.py:188} INFO - [2024-10-14T21:22:56.959+0000] {dag.py:3823} INFO - Setting next_dagrun for example_python_operator to None, run_after=None
[2024-10-14T21:22:56.987+0000] {processor.py:183} INFO - Processing /home/airflow/.local/lib/python3.8/site-packages/airflow/example_dags/example_python_operator.py took 0.103 seconds
[2024-10-14T21:23:27.034+0000] {processor.py:161} INFO - Started process (PID=643) to work on /home/airflow/.local/lib/python3.8/site-packages/airflow/example_dags/example_python_operator.py
[2024-10-14T21:23:27.034+0000] {processor.py:830} INFO - Processing file /home/airflow/.local/lib/python3.8/site-packages/airflow/example_dags/example_python_operator.py for tasks to queue
[2024-10-14T21:23:27.036+0000] {logging_mixin.py:188} INFO - [2024-10-14T21:23:27.035+0000] {dagbag.py:538} INFO - Filling up the DagBag from /home/airflow/.local/lib/python3.8/site-packages/airflow/example_dags/example_python_operator.py
[2024-10-14T21:23:27.047+0000] {processor.py:840} INFO - DAG(s) 'example_python_operator' retrieved from /home/airflow/.local/lib/python3.8/site-packages/airflow/example_dags/example_python_operator.py
[2024-10-14T21:23:27.067+0000] {logging_mixin.py:188} INFO - [2024-10-14T21:23:27.067+0000] {dag.py:3036} INFO - Sync 1 DAGs
[2024-10-14T21:23:27.079+0000] {logging_mixin.py:188} INFO - [2024-10-14T21:23:27.079+0000] {dag.py:3823} INFO - Setting next_dagrun for example_python_operator to None, run_after=None
[2024-10-14T21:23:27.097+0000] {processor.py:183} INFO - Processing /home/airflow/.local/lib/python3.8/site-packages/airflow/example_dags/example_python_operator.py took 0.066 seconds
[2024-10-14T21:23:57.178+0000] {processor.py:161} INFO - Started process (PID=717) to work on /home/airflow/.local/lib/python3.8/site-packages/airflow/example_dags/example_python_operator.py
[2024-10-14T21:23:57.179+0000] {processor.py:830} INFO - Processing file /home/airflow/.local/lib/python3.8/site-packages/airflow/example_dags/example_python_operator.py for tasks to queue
[2024-10-14T21:23:57.181+0000] {logging_mixin.py:188} INFO - [2024-10-14T21:23:57.181+0000] {dagbag.py:538} INFO - Filling up the DagBag from /home/airflow/.local/lib/python3.8/site-packages/airflow/example_dags/example_python_operator.py
[2024-10-14T21:23:57.190+0000] {processor.py:840} INFO - DAG(s) 'example_python_operator' retrieved from /home/airflow/.local/lib/python3.8/site-packages/airflow/example_dags/example_python_operator.py
[2024-10-14T21:23:57.206+0000] {logging_mixin.py:188} INFO - [2024-10-14T21:23:57.206+0000] {dag.py:3036} INFO - Sync 1 DAGs
[2024-10-14T21:23:57.216+0000] {logging_mixin.py:188} INFO - [2024-10-14T21:23:57.216+0000] {dag.py:3823} INFO - Setting next_dagrun for example_python_operator to None, run_after=None
[2024-10-14T21:23:57.231+0000] {processor.py:183} INFO - Processing /home/airflow/.local/lib/python3.8/site-packages/airflow/example_dags/example_python_operator.py took 0.056 seconds
[2024-10-14T21:24:28.108+0000] {processor.py:161} INFO - Started process (PID=799) to work on /home/airflow/.local/lib/python3.8/site-packages/airflow/example_dags/example_python_operator.py
[2024-10-14T21:24:28.111+0000] {processor.py:830} INFO - Processing file /home/airflow/.local/lib/python3.8/site-packages/airflow/example_dags/example_python_operator.py for tasks to queue
[2024-10-14T21:24:28.113+0000] {logging_mixin.py:188} INFO - [2024-10-14T21:24:28.112+0000] {dagbag.py:538} INFO - Filling up the DagBag from /home/airflow/.local/lib/python3.8/site-packages/airflow/example_dags/example_python_operator.py
[2024-10-14T21:24:28.119+0000] {processor.py:840} INFO - DAG(s) 'example_python_operator' retrieved from /home/airflow/.local/lib/python3.8/site-packages/airflow/example_dags/example_python_operator.py
[2024-10-14T21:24:28.139+0000] {logging_mixin.py:188} INFO - [2024-10-14T21:24:28.139+0000] {dag.py:3036} INFO - Sync 1 DAGs
[2024-10-14T21:24:28.152+0000] {logging_mixin.py:188} INFO - [2024-10-14T21:24:28.152+0000] {dag.py:3823} INFO - Setting next_dagrun for example_python_operator to None, run_after=None
[2024-10-14T21:24:28.170+0000] {processor.py:183} INFO - Processing /home/airflow/.local/lib/python3.8/site-packages/airflow/example_dags/example_python_operator.py took 0.066 seconds
[2024-10-14T21:24:58.279+0000] {processor.py:161} INFO - Started process (PID=872) to work on /home/airflow/.local/lib/python3.8/site-packages/airflow/example_dags/example_python_operator.py
[2024-10-14T21:24:58.279+0000] {processor.py:830} INFO - Processing file /home/airflow/.local/lib/python3.8/site-packages/airflow/example_dags/example_python_operator.py for tasks to queue
[2024-10-14T21:24:58.281+0000] {logging_mixin.py:188} INFO - [2024-10-14T21:24:58.280+0000] {dagbag.py:538} INFO - Filling up the DagBag from /home/airflow/.local/lib/python3.8/site-packages/airflow/example_dags/example_python_operator.py
[2024-10-14T21:24:58.289+0000] {processor.py:840} INFO - DAG(s) 'example_python_operator' retrieved from /home/airflow/.local/lib/python3.8/site-packages/airflow/example_dags/example_python_operator.py
[2024-10-14T21:24:58.313+0000] {logging_mixin.py:188} INFO - [2024-10-14T21:24:58.313+0000] {dag.py:3036} INFO - Sync 1 DAGs
[2024-10-14T21:24:58.325+0000] {logging_mixin.py:188} INFO - [2024-10-14T21:24:58.324+0000] {dag.py:3823} INFO - Setting next_dagrun for example_python_operator to None, run_after=None
[2024-10-14T21:24:58.348+0000] {processor.py:183} INFO - Processing /home/airflow/.local/lib/python3.8/site-packages/airflow/example_dags/example_python_operator.py took 0.075 seconds
[2024-10-14T21:25:28.995+0000] {processor.py:161} INFO - Started process (PID=954) to work on /home/airflow/.local/lib/python3.8/site-packages/airflow/example_dags/example_python_operator.py
[2024-10-14T21:25:28.997+0000] {processor.py:830} INFO - Processing file /home/airflow/.local/lib/python3.8/site-packages/airflow/example_dags/example_python_operator.py for tasks to queue
[2024-10-14T21:25:28.998+0000] {logging_mixin.py:188} INFO - [2024-10-14T21:25:28.998+0000] {dagbag.py:538} INFO - Filling up the DagBag from /home/airflow/.local/lib/python3.8/site-packages/airflow/example_dags/example_python_operator.py
[2024-10-14T21:25:29.013+0000] {processor.py:840} INFO - DAG(s) 'example_python_operator' retrieved from /home/airflow/.local/lib/python3.8/site-packages/airflow/example_dags/example_python_operator.py
[2024-10-14T21:25:29.038+0000] {logging_mixin.py:188} INFO - [2024-10-14T21:25:29.037+0000] {dag.py:3036} INFO - Sync 1 DAGs
[2024-10-14T21:25:29.053+0000] {logging_mixin.py:188} INFO - [2024-10-14T21:25:29.052+0000] {dag.py:3823} INFO - Setting next_dagrun for example_python_operator to None, run_after=None
[2024-10-14T21:25:29.075+0000] {processor.py:183} INFO - Processing /home/airflow/.local/lib/python3.8/site-packages/airflow/example_dags/example_python_operator.py took 0.087 seconds
[2024-10-14T21:25:59.275+0000] {processor.py:161} INFO - Started process (PID=1028) to work on /home/airflow/.local/lib/python3.8/site-packages/airflow/example_dags/example_python_operator.py
[2024-10-14T21:25:59.277+0000] {processor.py:830} INFO - Processing file /home/airflow/.local/lib/python3.8/site-packages/airflow/example_dags/example_python_operator.py for tasks to queue
[2024-10-14T21:25:59.282+0000] {logging_mixin.py:188} INFO - [2024-10-14T21:25:59.282+0000] {dagbag.py:538} INFO - Filling up the DagBag from /home/airflow/.local/lib/python3.8/site-packages/airflow/example_dags/example_python_operator.py
[2024-10-14T21:25:59.290+0000] {processor.py:840} INFO - DAG(s) 'example_python_operator' retrieved from /home/airflow/.local/lib/python3.8/site-packages/airflow/example_dags/example_python_operator.py
[2024-10-14T21:25:59.313+0000] {logging_mixin.py:188} INFO - [2024-10-14T21:25:59.313+0000] {dag.py:3036} INFO - Sync 1 DAGs
[2024-10-14T21:25:59.323+0000] {logging_mixin.py:188} INFO - [2024-10-14T21:25:59.322+0000] {dag.py:3823} INFO - Setting next_dagrun for example_python_operator to None, run_after=None
[2024-10-14T21:25:59.349+0000] {processor.py:183} INFO - Processing /home/airflow/.local/lib/python3.8/site-packages/airflow/example_dags/example_python_operator.py took 0.079 seconds
[2024-10-14T21:26:29.617+0000] {processor.py:161} INFO - Started process (PID=1110) to work on /home/airflow/.local/lib/python3.8/site-packages/airflow/example_dags/example_python_operator.py
[2024-10-14T21:26:29.618+0000] {processor.py:830} INFO - Processing file /home/airflow/.local/lib/python3.8/site-packages/airflow/example_dags/example_python_operator.py for tasks to queue
[2024-10-14T21:26:29.619+0000] {logging_mixin.py:188} INFO - [2024-10-14T21:26:29.619+0000] {dagbag.py:538} INFO - Filling up the DagBag from /home/airflow/.local/lib/python3.8/site-packages/airflow/example_dags/example_python_operator.py
[2024-10-14T21:26:29.626+0000] {processor.py:840} INFO - DAG(s) 'example_python_operator' retrieved from /home/airflow/.local/lib/python3.8/site-packages/airflow/example_dags/example_python_operator.py
[2024-10-14T21:26:29.640+0000] {logging_mixin.py:188} INFO - [2024-10-14T21:26:29.640+0000] {dag.py:3036} INFO - Sync 1 DAGs
[2024-10-14T21:26:29.648+0000] {logging_mixin.py:188} INFO - [2024-10-14T21:26:29.648+0000] {dag.py:3823} INFO - Setting next_dagrun for example_python_operator to None, run_after=None
[2024-10-14T21:26:29.661+0000] {processor.py:183} INFO - Processing /home/airflow/.local/lib/python3.8/site-packages/airflow/example_dags/example_python_operator.py took 0.046 seconds
[2024-10-14T21:26:59.906+0000] {processor.py:161} INFO - Started process (PID=1184) to work on /home/airflow/.local/lib/python3.8/site-packages/airflow/example_dags/example_python_operator.py
[2024-10-14T21:26:59.907+0000] {processor.py:830} INFO - Processing file /home/airflow/.local/lib/python3.8/site-packages/airflow/example_dags/example_python_operator.py for tasks to queue
[2024-10-14T21:26:59.908+0000] {logging_mixin.py:188} INFO - [2024-10-14T21:26:59.908+0000] {dagbag.py:538} INFO - Filling up the DagBag from /home/airflow/.local/lib/python3.8/site-packages/airflow/example_dags/example_python_operator.py
[2024-10-14T21:26:59.915+0000] {processor.py:840} INFO - DAG(s) 'example_python_operator' retrieved from /home/airflow/.local/lib/python3.8/site-packages/airflow/example_dags/example_python_operator.py
[2024-10-14T21:26:59.929+0000] {logging_mixin.py:188} INFO - [2024-10-14T21:26:59.928+0000] {dag.py:3036} INFO - Sync 1 DAGs
[2024-10-14T21:26:59.936+0000] {logging_mixin.py:188} INFO - [2024-10-14T21:26:59.936+0000] {dag.py:3823} INFO - Setting next_dagrun for example_python_operator to None, run_after=None
[2024-10-14T21:26:59.948+0000] {processor.py:183} INFO - Processing /home/airflow/.local/lib/python3.8/site-packages/airflow/example_dags/example_python_operator.py took 0.044 seconds
[2024-10-14T21:27:30.626+0000] {processor.py:161} INFO - Started process (PID=1266) to work on /home/airflow/.local/lib/python3.8/site-packages/airflow/example_dags/example_python_operator.py
[2024-10-14T21:27:30.628+0000] {processor.py:830} INFO - Processing file /home/airflow/.local/lib/python3.8/site-packages/airflow/example_dags/example_python_operator.py for tasks to queue
[2024-10-14T21:27:30.629+0000] {logging_mixin.py:188} INFO - [2024-10-14T21:27:30.629+0000] {dagbag.py:538} INFO - Filling up the DagBag from /home/airflow/.local/lib/python3.8/site-packages/airflow/example_dags/example_python_operator.py
[2024-10-14T21:27:30.643+0000] {processor.py:840} INFO - DAG(s) 'example_python_operator' retrieved from /home/airflow/.local/lib/python3.8/site-packages/airflow/example_dags/example_python_operator.py
[2024-10-14T21:27:30.670+0000] {logging_mixin.py:188} INFO - [2024-10-14T21:27:30.670+0000] {dag.py:3036} INFO - Sync 1 DAGs
[2024-10-14T21:27:30.686+0000] {logging_mixin.py:188} INFO - [2024-10-14T21:27:30.686+0000] {dag.py:3823} INFO - Setting next_dagrun for example_python_operator to None, run_after=None
[2024-10-14T21:27:30.712+0000] {processor.py:183} INFO - Processing /home/airflow/.local/lib/python3.8/site-packages/airflow/example_dags/example_python_operator.py took 0.092 seconds
[2024-10-14T21:28:00.790+0000] {processor.py:161} INFO - Started process (PID=1340) to work on /home/airflow/.local/lib/python3.8/site-packages/airflow/example_dags/example_python_operator.py
[2024-10-14T21:28:00.790+0000] {processor.py:830} INFO - Processing file /home/airflow/.local/lib/python3.8/site-packages/airflow/example_dags/example_python_operator.py for tasks to queue
[2024-10-14T21:28:00.792+0000] {logging_mixin.py:188} INFO - [2024-10-14T21:28:00.792+0000] {dagbag.py:538} INFO - Filling up the DagBag from /home/airflow/.local/lib/python3.8/site-packages/airflow/example_dags/example_python_operator.py
[2024-10-14T21:28:00.799+0000] {processor.py:840} INFO - DAG(s) 'example_python_operator' retrieved from /home/airflow/.local/lib/python3.8/site-packages/airflow/example_dags/example_python_operator.py
[2024-10-14T21:28:00.814+0000] {logging_mixin.py:188} INFO - [2024-10-14T21:28:00.814+0000] {dag.py:3036} INFO - Sync 1 DAGs
[2024-10-14T21:28:00.823+0000] {logging_mixin.py:188} INFO - [2024-10-14T21:28:00.822+0000] {dag.py:3823} INFO - Setting next_dagrun for example_python_operator to None, run_after=None
[2024-10-14T21:28:00.838+0000] {processor.py:183} INFO - Processing /home/airflow/.local/lib/python3.8/site-packages/airflow/example_dags/example_python_operator.py took 0.051 seconds
[2024-10-14T21:28:30.995+0000] {processor.py:161} INFO - Started process (PID=1422) to work on /home/airflow/.local/lib/python3.8/site-packages/airflow/example_dags/example_python_operator.py
[2024-10-14T21:28:30.996+0000] {processor.py:830} INFO - Processing file /home/airflow/.local/lib/python3.8/site-packages/airflow/example_dags/example_python_operator.py for tasks to queue
[2024-10-14T21:28:30.997+0000] {logging_mixin.py:188} INFO - [2024-10-14T21:28:30.997+0000] {dagbag.py:538} INFO - Filling up the DagBag from /home/airflow/.local/lib/python3.8/site-packages/airflow/example_dags/example_python_operator.py
[2024-10-14T21:28:31.005+0000] {processor.py:840} INFO - DAG(s) 'example_python_operator' retrieved from /home/airflow/.local/lib/python3.8/site-packages/airflow/example_dags/example_python_operator.py
[2024-10-14T21:28:31.021+0000] {logging_mixin.py:188} INFO - [2024-10-14T21:28:31.021+0000] {dag.py:3036} INFO - Sync 1 DAGs
[2024-10-14T21:28:31.029+0000] {logging_mixin.py:188} INFO - [2024-10-14T21:28:31.029+0000] {dag.py:3823} INFO - Setting next_dagrun for example_python_operator to None, run_after=None
[2024-10-14T21:28:31.041+0000] {processor.py:183} INFO - Processing /home/airflow/.local/lib/python3.8/site-packages/airflow/example_dags/example_python_operator.py took 0.048 seconds
[2024-10-14T21:29:01.584+0000] {processor.py:161} INFO - Started process (PID=1496) to work on /home/airflow/.local/lib/python3.8/site-packages/airflow/example_dags/example_python_operator.py
[2024-10-14T21:29:01.585+0000] {processor.py:830} INFO - Processing file /home/airflow/.local/lib/python3.8/site-packages/airflow/example_dags/example_python_operator.py for tasks to queue
[2024-10-14T21:29:01.586+0000] {logging_mixin.py:188} INFO - [2024-10-14T21:29:01.586+0000] {dagbag.py:538} INFO - Filling up the DagBag from /home/airflow/.local/lib/python3.8/site-packages/airflow/example_dags/example_python_operator.py
[2024-10-14T21:29:01.593+0000] {processor.py:840} INFO - DAG(s) 'example_python_operator' retrieved from /home/airflow/.local/lib/python3.8/site-packages/airflow/example_dags/example_python_operator.py
[2024-10-14T21:29:01.609+0000] {logging_mixin.py:188} INFO - [2024-10-14T21:29:01.608+0000] {dag.py:3036} INFO - Sync 1 DAGs
[2024-10-14T21:29:01.617+0000] {logging_mixin.py:188} INFO - [2024-10-14T21:29:01.617+0000] {dag.py:3823} INFO - Setting next_dagrun for example_python_operator to None, run_after=None
[2024-10-14T21:29:01.631+0000] {processor.py:183} INFO - Processing /home/airflow/.local/lib/python3.8/site-packages/airflow/example_dags/example_python_operator.py took 0.048 seconds
[2024-10-14T21:29:31.991+0000] {processor.py:161} INFO - Started process (PID=1578) to work on /home/airflow/.local/lib/python3.8/site-packages/airflow/example_dags/example_python_operator.py
[2024-10-14T21:29:31.991+0000] {processor.py:830} INFO - Processing file /home/airflow/.local/lib/python3.8/site-packages/airflow/example_dags/example_python_operator.py for tasks to queue
[2024-10-14T21:29:31.993+0000] {logging_mixin.py:188} INFO - [2024-10-14T21:29:31.993+0000] {dagbag.py:538} INFO - Filling up the DagBag from /home/airflow/.local/lib/python3.8/site-packages/airflow/example_dags/example_python_operator.py
[2024-10-14T21:29:32.006+0000] {processor.py:840} INFO - DAG(s) 'example_python_operator' retrieved from /home/airflow/.local/lib/python3.8/site-packages/airflow/example_dags/example_python_operator.py
[2024-10-14T21:29:32.034+0000] {logging_mixin.py:188} INFO - [2024-10-14T21:29:32.033+0000] {dag.py:3036} INFO - Sync 1 DAGs
[2024-10-14T21:29:32.045+0000] {logging_mixin.py:188} INFO - [2024-10-14T21:29:32.044+0000] {dag.py:3823} INFO - Setting next_dagrun for example_python_operator to None, run_after=None
[2024-10-14T21:29:32.058+0000] {processor.py:183} INFO - Processing /home/airflow/.local/lib/python3.8/site-packages/airflow/example_dags/example_python_operator.py took 0.071 seconds
[2024-10-14T21:30:02.361+0000] {processor.py:161} INFO - Started process (PID=1659) to work on /home/airflow/.local/lib/python3.8/site-packages/airflow/example_dags/example_python_operator.py
[2024-10-14T21:30:02.362+0000] {processor.py:830} INFO - Processing file /home/airflow/.local/lib/python3.8/site-packages/airflow/example_dags/example_python_operator.py for tasks to queue
[2024-10-14T21:30:02.363+0000] {logging_mixin.py:188} INFO - [2024-10-14T21:30:02.363+0000] {dagbag.py:538} INFO - Filling up the DagBag from /home/airflow/.local/lib/python3.8/site-packages/airflow/example_dags/example_python_operator.py
[2024-10-14T21:30:02.371+0000] {processor.py:840} INFO - DAG(s) 'example_python_operator' retrieved from /home/airflow/.local/lib/python3.8/site-packages/airflow/example_dags/example_python_operator.py
[2024-10-14T21:30:02.386+0000] {logging_mixin.py:188} INFO - [2024-10-14T21:30:02.386+0000] {dag.py:3036} INFO - Sync 1 DAGs
[2024-10-14T21:30:02.395+0000] {logging_mixin.py:188} INFO - [2024-10-14T21:30:02.394+0000] {dag.py:3823} INFO - Setting next_dagrun for example_python_operator to None, run_after=None
[2024-10-14T21:30:02.410+0000] {processor.py:183} INFO - Processing /home/airflow/.local/lib/python3.8/site-packages/airflow/example_dags/example_python_operator.py took 0.051 seconds
[2024-10-14T21:30:32.636+0000] {processor.py:161} INFO - Started process (PID=1733) to work on /home/airflow/.local/lib/python3.8/site-packages/airflow/example_dags/example_python_operator.py
[2024-10-14T21:30:32.636+0000] {processor.py:830} INFO - Processing file /home/airflow/.local/lib/python3.8/site-packages/airflow/example_dags/example_python_operator.py for tasks to queue
[2024-10-14T21:30:32.638+0000] {logging_mixin.py:188} INFO - [2024-10-14T21:30:32.637+0000] {dagbag.py:538} INFO - Filling up the DagBag from /home/airflow/.local/lib/python3.8/site-packages/airflow/example_dags/example_python_operator.py
[2024-10-14T21:30:32.645+0000] {processor.py:840} INFO - DAG(s) 'example_python_operator' retrieved from /home/airflow/.local/lib/python3.8/site-packages/airflow/example_dags/example_python_operator.py
[2024-10-14T21:30:32.661+0000] {logging_mixin.py:188} INFO - [2024-10-14T21:30:32.660+0000] {dag.py:3036} INFO - Sync 1 DAGs
[2024-10-14T21:30:32.670+0000] {logging_mixin.py:188} INFO - [2024-10-14T21:30:32.670+0000] {dag.py:3823} INFO - Setting next_dagrun for example_python_operator to None, run_after=None
[2024-10-14T21:30:32.684+0000] {processor.py:183} INFO - Processing /home/airflow/.local/lib/python3.8/site-packages/airflow/example_dags/example_python_operator.py took 0.051 seconds
[2024-10-14T21:31:03.037+0000] {processor.py:161} INFO - Started process (PID=1815) to work on /home/airflow/.local/lib/python3.8/site-packages/airflow/example_dags/example_python_operator.py
[2024-10-14T21:31:03.037+0000] {processor.py:830} INFO - Processing file /home/airflow/.local/lib/python3.8/site-packages/airflow/example_dags/example_python_operator.py for tasks to queue
[2024-10-14T21:31:03.039+0000] {logging_mixin.py:188} INFO - [2024-10-14T21:31:03.039+0000] {dagbag.py:538} INFO - Filling up the DagBag from /home/airflow/.local/lib/python3.8/site-packages/airflow/example_dags/example_python_operator.py
[2024-10-14T21:31:03.047+0000] {processor.py:840} INFO - DAG(s) 'example_python_operator' retrieved from /home/airflow/.local/lib/python3.8/site-packages/airflow/example_dags/example_python_operator.py
[2024-10-14T21:31:03.063+0000] {logging_mixin.py:188} INFO - [2024-10-14T21:31:03.063+0000] {dag.py:3036} INFO - Sync 1 DAGs
[2024-10-14T21:31:03.076+0000] {logging_mixin.py:188} INFO - [2024-10-14T21:31:03.075+0000] {dag.py:3823} INFO - Setting next_dagrun for example_python_operator to None, run_after=None
[2024-10-14T21:31:03.092+0000] {processor.py:183} INFO - Processing /home/airflow/.local/lib/python3.8/site-packages/airflow/example_dags/example_python_operator.py took 0.058 seconds
[2024-10-14T21:31:33.396+0000] {processor.py:161} INFO - Started process (PID=1888) to work on /home/airflow/.local/lib/python3.8/site-packages/airflow/example_dags/example_python_operator.py
[2024-10-14T21:31:33.397+0000] {processor.py:830} INFO - Processing file /home/airflow/.local/lib/python3.8/site-packages/airflow/example_dags/example_python_operator.py for tasks to queue
[2024-10-14T21:31:33.398+0000] {logging_mixin.py:188} INFO - [2024-10-14T21:31:33.398+0000] {dagbag.py:538} INFO - Filling up the DagBag from /home/airflow/.local/lib/python3.8/site-packages/airflow/example_dags/example_python_operator.py
[2024-10-14T21:31:33.406+0000] {processor.py:840} INFO - DAG(s) 'example_python_operator' retrieved from /home/airflow/.local/lib/python3.8/site-packages/airflow/example_dags/example_python_operator.py
[2024-10-14T21:31:33.422+0000] {logging_mixin.py:188} INFO - [2024-10-14T21:31:33.422+0000] {dag.py:3036} INFO - Sync 1 DAGs
[2024-10-14T21:31:33.431+0000] {logging_mixin.py:188} INFO - [2024-10-14T21:31:33.431+0000] {dag.py:3823} INFO - Setting next_dagrun for example_python_operator to None, run_after=None
[2024-10-14T21:31:33.443+0000] {processor.py:183} INFO - Processing /home/airflow/.local/lib/python3.8/site-packages/airflow/example_dags/example_python_operator.py took 0.049 seconds
[2024-10-14T21:32:03.613+0000] {processor.py:161} INFO - Started process (PID=1970) to work on /home/airflow/.local/lib/python3.8/site-packages/airflow/example_dags/example_python_operator.py
[2024-10-14T21:32:03.614+0000] {processor.py:830} INFO - Processing file /home/airflow/.local/lib/python3.8/site-packages/airflow/example_dags/example_python_operator.py for tasks to queue
[2024-10-14T21:32:03.615+0000] {logging_mixin.py:188} INFO - [2024-10-14T21:32:03.615+0000] {dagbag.py:538} INFO - Filling up the DagBag from /home/airflow/.local/lib/python3.8/site-packages/airflow/example_dags/example_python_operator.py
[2024-10-14T21:32:03.622+0000] {processor.py:840} INFO - DAG(s) 'example_python_operator' retrieved from /home/airflow/.local/lib/python3.8/site-packages/airflow/example_dags/example_python_operator.py
[2024-10-14T21:32:03.638+0000] {logging_mixin.py:188} INFO - [2024-10-14T21:32:03.638+0000] {dag.py:3036} INFO - Sync 1 DAGs
[2024-10-14T21:32:03.649+0000] {logging_mixin.py:188} INFO - [2024-10-14T21:32:03.649+0000] {dag.py:3823} INFO - Setting next_dagrun for example_python_operator to None, run_after=None
[2024-10-14T21:32:03.663+0000] {processor.py:183} INFO - Processing /home/airflow/.local/lib/python3.8/site-packages/airflow/example_dags/example_python_operator.py took 0.053 seconds
[2024-10-14T21:32:34.001+0000] {processor.py:161} INFO - Started process (PID=2044) to work on /home/airflow/.local/lib/python3.8/site-packages/airflow/example_dags/example_python_operator.py
[2024-10-14T21:32:34.002+0000] {processor.py:830} INFO - Processing file /home/airflow/.local/lib/python3.8/site-packages/airflow/example_dags/example_python_operator.py for tasks to queue
[2024-10-14T21:32:34.003+0000] {logging_mixin.py:188} INFO - [2024-10-14T21:32:34.003+0000] {dagbag.py:538} INFO - Filling up the DagBag from /home/airflow/.local/lib/python3.8/site-packages/airflow/example_dags/example_python_operator.py
[2024-10-14T21:32:34.011+0000] {processor.py:840} INFO - DAG(s) 'example_python_operator' retrieved from /home/airflow/.local/lib/python3.8/site-packages/airflow/example_dags/example_python_operator.py
[2024-10-14T21:32:34.026+0000] {logging_mixin.py:188} INFO - [2024-10-14T21:32:34.026+0000] {dag.py:3036} INFO - Sync 1 DAGs
[2024-10-14T21:32:34.035+0000] {logging_mixin.py:188} INFO - [2024-10-14T21:32:34.034+0000] {dag.py:3823} INFO - Setting next_dagrun for example_python_operator to None, run_after=None
[2024-10-14T21:32:34.048+0000] {processor.py:183} INFO - Processing /home/airflow/.local/lib/python3.8/site-packages/airflow/example_dags/example_python_operator.py took 0.050 seconds
[2024-10-14T21:33:04.582+0000] {processor.py:161} INFO - Started process (PID=2125) to work on /home/airflow/.local/lib/python3.8/site-packages/airflow/example_dags/example_python_operator.py
[2024-10-14T21:33:04.584+0000] {processor.py:830} INFO - Processing file /home/airflow/.local/lib/python3.8/site-packages/airflow/example_dags/example_python_operator.py for tasks to queue
[2024-10-14T21:33:04.586+0000] {logging_mixin.py:188} INFO - [2024-10-14T21:33:04.586+0000] {dagbag.py:538} INFO - Filling up the DagBag from /home/airflow/.local/lib/python3.8/site-packages/airflow/example_dags/example_python_operator.py
[2024-10-14T21:33:04.597+0000] {processor.py:840} INFO - DAG(s) 'example_python_operator' retrieved from /home/airflow/.local/lib/python3.8/site-packages/airflow/example_dags/example_python_operator.py
[2024-10-14T21:33:04.621+0000] {logging_mixin.py:188} INFO - [2024-10-14T21:33:04.621+0000] {dag.py:3036} INFO - Sync 1 DAGs
[2024-10-14T21:33:04.635+0000] {logging_mixin.py:188} INFO - [2024-10-14T21:33:04.634+0000] {dag.py:3823} INFO - Setting next_dagrun for example_python_operator to None, run_after=None
[2024-10-14T21:33:04.657+0000] {processor.py:183} INFO - Processing /home/airflow/.local/lib/python3.8/site-packages/airflow/example_dags/example_python_operator.py took 0.078 seconds
[2024-10-14T21:33:34.712+0000] {processor.py:161} INFO - Started process (PID=2205) to work on /home/airflow/.local/lib/python3.8/site-packages/airflow/example_dags/example_python_operator.py
[2024-10-14T21:33:34.712+0000] {processor.py:830} INFO - Processing file /home/airflow/.local/lib/python3.8/site-packages/airflow/example_dags/example_python_operator.py for tasks to queue
[2024-10-14T21:33:34.714+0000] {logging_mixin.py:188} INFO - [2024-10-14T21:33:34.713+0000] {dagbag.py:538} INFO - Filling up the DagBag from /home/airflow/.local/lib/python3.8/site-packages/airflow/example_dags/example_python_operator.py
[2024-10-14T21:33:34.721+0000] {processor.py:840} INFO - DAG(s) 'example_python_operator' retrieved from /home/airflow/.local/lib/python3.8/site-packages/airflow/example_dags/example_python_operator.py
[2024-10-14T21:33:34.738+0000] {logging_mixin.py:188} INFO - [2024-10-14T21:33:34.737+0000] {dag.py:3036} INFO - Sync 1 DAGs
[2024-10-14T21:33:34.747+0000] {logging_mixin.py:188} INFO - [2024-10-14T21:33:34.747+0000] {dag.py:3823} INFO - Setting next_dagrun for example_python_operator to None, run_after=None
[2024-10-14T21:33:34.763+0000] {processor.py:183} INFO - Processing /home/airflow/.local/lib/python3.8/site-packages/airflow/example_dags/example_python_operator.py took 0.053 seconds
[2024-10-14T21:34:04.883+0000] {processor.py:161} INFO - Started process (PID=2280) to work on /home/airflow/.local/lib/python3.8/site-packages/airflow/example_dags/example_python_operator.py
[2024-10-14T21:34:04.884+0000] {processor.py:830} INFO - Processing file /home/airflow/.local/lib/python3.8/site-packages/airflow/example_dags/example_python_operator.py for tasks to queue
[2024-10-14T21:34:04.885+0000] {logging_mixin.py:188} INFO - [2024-10-14T21:34:04.885+0000] {dagbag.py:538} INFO - Filling up the DagBag from /home/airflow/.local/lib/python3.8/site-packages/airflow/example_dags/example_python_operator.py
[2024-10-14T21:34:04.895+0000] {processor.py:840} INFO - DAG(s) 'example_python_operator' retrieved from /home/airflow/.local/lib/python3.8/site-packages/airflow/example_dags/example_python_operator.py
[2024-10-14T21:34:04.913+0000] {logging_mixin.py:188} INFO - [2024-10-14T21:34:04.913+0000] {dag.py:3036} INFO - Sync 1 DAGs
[2024-10-14T21:34:04.924+0000] {logging_mixin.py:188} INFO - [2024-10-14T21:34:04.924+0000] {dag.py:3823} INFO - Setting next_dagrun for example_python_operator to None, run_after=None
[2024-10-14T21:34:04.936+0000] {processor.py:183} INFO - Processing /home/airflow/.local/lib/python3.8/site-packages/airflow/example_dags/example_python_operator.py took 0.055 seconds
[2024-10-14T21:34:35.163+0000] {processor.py:161} INFO - Started process (PID=2362) to work on /home/airflow/.local/lib/python3.8/site-packages/airflow/example_dags/example_python_operator.py
[2024-10-14T21:34:35.164+0000] {processor.py:830} INFO - Processing file /home/airflow/.local/lib/python3.8/site-packages/airflow/example_dags/example_python_operator.py for tasks to queue
[2024-10-14T21:34:35.165+0000] {logging_mixin.py:188} INFO - [2024-10-14T21:34:35.165+0000] {dagbag.py:538} INFO - Filling up the DagBag from /home/airflow/.local/lib/python3.8/site-packages/airflow/example_dags/example_python_operator.py
[2024-10-14T21:34:35.173+0000] {processor.py:840} INFO - DAG(s) 'example_python_operator' retrieved from /home/airflow/.local/lib/python3.8/site-packages/airflow/example_dags/example_python_operator.py
[2024-10-14T21:34:35.189+0000] {logging_mixin.py:188} INFO - [2024-10-14T21:34:35.189+0000] {dag.py:3036} INFO - Sync 1 DAGs
[2024-10-14T21:34:35.199+0000] {logging_mixin.py:188} INFO - [2024-10-14T21:34:35.199+0000] {dag.py:3823} INFO - Setting next_dagrun for example_python_operator to None, run_after=None
[2024-10-14T21:34:35.216+0000] {processor.py:183} INFO - Processing /home/airflow/.local/lib/python3.8/site-packages/airflow/example_dags/example_python_operator.py took 0.055 seconds
[2024-10-14T21:35:05.476+0000] {processor.py:161} INFO - Started process (PID=2435) to work on /home/airflow/.local/lib/python3.8/site-packages/airflow/example_dags/example_python_operator.py
[2024-10-14T21:35:05.477+0000] {processor.py:830} INFO - Processing file /home/airflow/.local/lib/python3.8/site-packages/airflow/example_dags/example_python_operator.py for tasks to queue
[2024-10-14T21:35:05.478+0000] {logging_mixin.py:188} INFO - [2024-10-14T21:35:05.478+0000] {dagbag.py:538} INFO - Filling up the DagBag from /home/airflow/.local/lib/python3.8/site-packages/airflow/example_dags/example_python_operator.py
[2024-10-14T21:35:05.486+0000] {processor.py:840} INFO - DAG(s) 'example_python_operator' retrieved from /home/airflow/.local/lib/python3.8/site-packages/airflow/example_dags/example_python_operator.py
[2024-10-14T21:35:05.501+0000] {logging_mixin.py:188} INFO - [2024-10-14T21:35:05.501+0000] {dag.py:3036} INFO - Sync 1 DAGs
[2024-10-14T21:35:05.510+0000] {logging_mixin.py:188} INFO - [2024-10-14T21:35:05.510+0000] {dag.py:3823} INFO - Setting next_dagrun for example_python_operator to None, run_after=None
[2024-10-14T21:35:05.526+0000] {processor.py:183} INFO - Processing /home/airflow/.local/lib/python3.8/site-packages/airflow/example_dags/example_python_operator.py took 0.052 seconds
[2024-10-14T21:35:35.998+0000] {processor.py:161} INFO - Started process (PID=2517) to work on /home/airflow/.local/lib/python3.8/site-packages/airflow/example_dags/example_python_operator.py
[2024-10-14T21:35:35.999+0000] {processor.py:830} INFO - Processing file /home/airflow/.local/lib/python3.8/site-packages/airflow/example_dags/example_python_operator.py for tasks to queue
[2024-10-14T21:35:36.000+0000] {logging_mixin.py:188} INFO - [2024-10-14T21:35:36.000+0000] {dagbag.py:538} INFO - Filling up the DagBag from /home/airflow/.local/lib/python3.8/site-packages/airflow/example_dags/example_python_operator.py
[2024-10-14T21:35:36.008+0000] {processor.py:840} INFO - DAG(s) 'example_python_operator' retrieved from /home/airflow/.local/lib/python3.8/site-packages/airflow/example_dags/example_python_operator.py
[2024-10-14T21:35:36.024+0000] {logging_mixin.py:188} INFO - [2024-10-14T21:35:36.024+0000] {dag.py:3036} INFO - Sync 1 DAGs
[2024-10-14T21:35:36.035+0000] {logging_mixin.py:188} INFO - [2024-10-14T21:35:36.035+0000] {dag.py:3823} INFO - Setting next_dagrun for example_python_operator to None, run_after=None
[2024-10-14T21:35:36.048+0000] {processor.py:183} INFO - Processing /home/airflow/.local/lib/python3.8/site-packages/airflow/example_dags/example_python_operator.py took 0.053 seconds
[2024-10-14T21:36:06.103+0000] {processor.py:161} INFO - Started process (PID=2591) to work on /home/airflow/.local/lib/python3.8/site-packages/airflow/example_dags/example_python_operator.py
[2024-10-14T21:36:06.105+0000] {processor.py:830} INFO - Processing file /home/airflow/.local/lib/python3.8/site-packages/airflow/example_dags/example_python_operator.py for tasks to queue
[2024-10-14T21:36:06.106+0000] {logging_mixin.py:188} INFO - [2024-10-14T21:36:06.106+0000] {dagbag.py:538} INFO - Filling up the DagBag from /home/airflow/.local/lib/python3.8/site-packages/airflow/example_dags/example_python_operator.py
[2024-10-14T21:36:06.116+0000] {processor.py:840} INFO - DAG(s) 'example_python_operator' retrieved from /home/airflow/.local/lib/python3.8/site-packages/airflow/example_dags/example_python_operator.py
[2024-10-14T21:36:06.132+0000] {logging_mixin.py:188} INFO - [2024-10-14T21:36:06.132+0000] {dag.py:3036} INFO - Sync 1 DAGs
[2024-10-14T21:36:06.140+0000] {logging_mixin.py:188} INFO - [2024-10-14T21:36:06.140+0000] {dag.py:3823} INFO - Setting next_dagrun for example_python_operator to None, run_after=None
[2024-10-14T21:36:06.156+0000] {processor.py:183} INFO - Processing /home/airflow/.local/lib/python3.8/site-packages/airflow/example_dags/example_python_operator.py took 0.056 seconds
[2024-10-14T21:36:36.352+0000] {processor.py:161} INFO - Started process (PID=2673) to work on /home/airflow/.local/lib/python3.8/site-packages/airflow/example_dags/example_python_operator.py
[2024-10-14T21:36:36.353+0000] {processor.py:830} INFO - Processing file /home/airflow/.local/lib/python3.8/site-packages/airflow/example_dags/example_python_operator.py for tasks to queue
[2024-10-14T21:36:36.354+0000] {logging_mixin.py:188} INFO - [2024-10-14T21:36:36.354+0000] {dagbag.py:538} INFO - Filling up the DagBag from /home/airflow/.local/lib/python3.8/site-packages/airflow/example_dags/example_python_operator.py
[2024-10-14T21:36:36.362+0000] {processor.py:840} INFO - DAG(s) 'example_python_operator' retrieved from /home/airflow/.local/lib/python3.8/site-packages/airflow/example_dags/example_python_operator.py
[2024-10-14T21:36:36.377+0000] {logging_mixin.py:188} INFO - [2024-10-14T21:36:36.377+0000] {dag.py:3036} INFO - Sync 1 DAGs
[2024-10-14T21:36:36.387+0000] {logging_mixin.py:188} INFO - [2024-10-14T21:36:36.387+0000] {dag.py:3823} INFO - Setting next_dagrun for example_python_operator to None, run_after=None
[2024-10-14T21:36:36.398+0000] {processor.py:183} INFO - Processing /home/airflow/.local/lib/python3.8/site-packages/airflow/example_dags/example_python_operator.py took 0.048 seconds
[2024-10-14T21:37:06.833+0000] {processor.py:161} INFO - Started process (PID=2747) to work on /home/airflow/.local/lib/python3.8/site-packages/airflow/example_dags/example_python_operator.py
[2024-10-14T21:37:06.834+0000] {processor.py:830} INFO - Processing file /home/airflow/.local/lib/python3.8/site-packages/airflow/example_dags/example_python_operator.py for tasks to queue
[2024-10-14T21:37:06.835+0000] {logging_mixin.py:188} INFO - [2024-10-14T21:37:06.835+0000] {dagbag.py:538} INFO - Filling up the DagBag from /home/airflow/.local/lib/python3.8/site-packages/airflow/example_dags/example_python_operator.py
[2024-10-14T21:37:06.843+0000] {processor.py:840} INFO - DAG(s) 'example_python_operator' retrieved from /home/airflow/.local/lib/python3.8/site-packages/airflow/example_dags/example_python_operator.py
[2024-10-14T21:37:06.860+0000] {logging_mixin.py:188} INFO - [2024-10-14T21:37:06.860+0000] {dag.py:3036} INFO - Sync 1 DAGs
[2024-10-14T21:37:06.870+0000] {logging_mixin.py:188} INFO - [2024-10-14T21:37:06.870+0000] {dag.py:3823} INFO - Setting next_dagrun for example_python_operator to None, run_after=None
[2024-10-14T21:37:06.885+0000] {processor.py:183} INFO - Processing /home/airflow/.local/lib/python3.8/site-packages/airflow/example_dags/example_python_operator.py took 0.054 seconds
[2024-10-14T21:37:37.301+0000] {processor.py:161} INFO - Started process (PID=2827) to work on /home/airflow/.local/lib/python3.8/site-packages/airflow/example_dags/example_python_operator.py
[2024-10-14T21:37:37.302+0000] {processor.py:830} INFO - Processing file /home/airflow/.local/lib/python3.8/site-packages/airflow/example_dags/example_python_operator.py for tasks to queue
[2024-10-14T21:37:37.303+0000] {logging_mixin.py:188} INFO - [2024-10-14T21:37:37.303+0000] {dagbag.py:538} INFO - Filling up the DagBag from /home/airflow/.local/lib/python3.8/site-packages/airflow/example_dags/example_python_operator.py
[2024-10-14T21:37:37.311+0000] {processor.py:840} INFO - DAG(s) 'example_python_operator' retrieved from /home/airflow/.local/lib/python3.8/site-packages/airflow/example_dags/example_python_operator.py
[2024-10-14T21:37:37.327+0000] {logging_mixin.py:188} INFO - [2024-10-14T21:37:37.327+0000] {dag.py:3036} INFO - Sync 1 DAGs
[2024-10-14T21:37:37.335+0000] {logging_mixin.py:188} INFO - [2024-10-14T21:37:37.335+0000] {dag.py:3823} INFO - Setting next_dagrun for example_python_operator to None, run_after=None
[2024-10-14T21:37:37.350+0000] {processor.py:183} INFO - Processing /home/airflow/.local/lib/python3.8/site-packages/airflow/example_dags/example_python_operator.py took 0.052 seconds
[2024-10-14T21:38:07.889+0000] {processor.py:161} INFO - Started process (PID=2909) to work on /home/airflow/.local/lib/python3.8/site-packages/airflow/example_dags/example_python_operator.py
[2024-10-14T21:38:07.889+0000] {processor.py:830} INFO - Processing file /home/airflow/.local/lib/python3.8/site-packages/airflow/example_dags/example_python_operator.py for tasks to queue
[2024-10-14T21:38:07.891+0000] {logging_mixin.py:188} INFO - [2024-10-14T21:38:07.891+0000] {dagbag.py:538} INFO - Filling up the DagBag from /home/airflow/.local/lib/python3.8/site-packages/airflow/example_dags/example_python_operator.py
[2024-10-14T21:38:07.906+0000] {processor.py:840} INFO - DAG(s) 'example_python_operator' retrieved from /home/airflow/.local/lib/python3.8/site-packages/airflow/example_dags/example_python_operator.py
[2024-10-14T21:38:07.932+0000] {logging_mixin.py:188} INFO - [2024-10-14T21:38:07.932+0000] {dag.py:3036} INFO - Sync 1 DAGs
[2024-10-14T21:38:07.952+0000] {logging_mixin.py:188} INFO - [2024-10-14T21:38:07.952+0000] {dag.py:3823} INFO - Setting next_dagrun for example_python_operator to None, run_after=None
[2024-10-14T21:38:07.975+0000] {processor.py:183} INFO - Processing /home/airflow/.local/lib/python3.8/site-packages/airflow/example_dags/example_python_operator.py took 0.092 seconds
[2024-10-14T21:38:38.114+0000] {processor.py:161} INFO - Started process (PID=2983) to work on /home/airflow/.local/lib/python3.8/site-packages/airflow/example_dags/example_python_operator.py
[2024-10-14T21:38:38.115+0000] {processor.py:830} INFO - Processing file /home/airflow/.local/lib/python3.8/site-packages/airflow/example_dags/example_python_operator.py for tasks to queue
[2024-10-14T21:38:38.117+0000] {logging_mixin.py:188} INFO - [2024-10-14T21:38:38.117+0000] {dagbag.py:538} INFO - Filling up the DagBag from /home/airflow/.local/lib/python3.8/site-packages/airflow/example_dags/example_python_operator.py
[2024-10-14T21:38:38.128+0000] {processor.py:840} INFO - DAG(s) 'example_python_operator' retrieved from /home/airflow/.local/lib/python3.8/site-packages/airflow/example_dags/example_python_operator.py
[2024-10-14T21:38:38.150+0000] {logging_mixin.py:188} INFO - [2024-10-14T21:38:38.150+0000] {dag.py:3036} INFO - Sync 1 DAGs
[2024-10-14T21:38:38.159+0000] {logging_mixin.py:188} INFO - [2024-10-14T21:38:38.159+0000] {dag.py:3823} INFO - Setting next_dagrun for example_python_operator to None, run_after=None
[2024-10-14T21:38:38.172+0000] {processor.py:183} INFO - Processing /home/airflow/.local/lib/python3.8/site-packages/airflow/example_dags/example_python_operator.py took 0.061 seconds
[2024-10-14T21:39:08.973+0000] {processor.py:161} INFO - Started process (PID=3057) to work on /home/airflow/.local/lib/python3.8/site-packages/airflow/example_dags/example_python_operator.py
[2024-10-14T21:39:08.974+0000] {processor.py:830} INFO - Processing file /home/airflow/.local/lib/python3.8/site-packages/airflow/example_dags/example_python_operator.py for tasks to queue
[2024-10-14T21:39:08.975+0000] {logging_mixin.py:188} INFO - [2024-10-14T21:39:08.975+0000] {dagbag.py:538} INFO - Filling up the DagBag from /home/airflow/.local/lib/python3.8/site-packages/airflow/example_dags/example_python_operator.py
[2024-10-14T21:39:08.983+0000] {processor.py:840} INFO - DAG(s) 'example_python_operator' retrieved from /home/airflow/.local/lib/python3.8/site-packages/airflow/example_dags/example_python_operator.py
[2024-10-14T21:39:09.001+0000] {logging_mixin.py:188} INFO - [2024-10-14T21:39:09.001+0000] {dag.py:3036} INFO - Sync 1 DAGs
[2024-10-14T21:39:09.010+0000] {logging_mixin.py:188} INFO - [2024-10-14T21:39:09.010+0000] {dag.py:3823} INFO - Setting next_dagrun for example_python_operator to None, run_after=None
[2024-10-14T21:39:09.025+0000] {processor.py:183} INFO - Processing /home/airflow/.local/lib/python3.8/site-packages/airflow/example_dags/example_python_operator.py took 0.055 seconds
[2024-10-14T21:44:05.008+0000] {processor.py:161} INFO - Started process (PID=96) to work on /home/airflow/.local/lib/python3.8/site-packages/airflow/example_dags/example_python_operator.py
[2024-10-14T21:44:05.009+0000] {processor.py:830} INFO - Processing file /home/airflow/.local/lib/python3.8/site-packages/airflow/example_dags/example_python_operator.py for tasks to queue
[2024-10-14T21:44:05.010+0000] {logging_mixin.py:188} INFO - [2024-10-14T21:44:05.010+0000] {dagbag.py:538} INFO - Filling up the DagBag from /home/airflow/.local/lib/python3.8/site-packages/airflow/example_dags/example_python_operator.py
[2024-10-14T21:44:05.020+0000] {processor.py:840} INFO - DAG(s) 'example_python_operator' retrieved from /home/airflow/.local/lib/python3.8/site-packages/airflow/example_dags/example_python_operator.py
[2024-10-14T21:44:05.094+0000] {logging_mixin.py:188} INFO - [2024-10-14T21:44:05.094+0000] {dag.py:3036} INFO - Sync 1 DAGs
[2024-10-14T21:44:05.102+0000] {logging_mixin.py:188} INFO - [2024-10-14T21:44:05.102+0000] {dag.py:3823} INFO - Setting next_dagrun for example_python_operator to None, run_after=None
[2024-10-14T21:44:05.116+0000] {processor.py:183} INFO - Processing /home/airflow/.local/lib/python3.8/site-packages/airflow/example_dags/example_python_operator.py took 0.111 seconds
[2024-10-14T21:44:35.477+0000] {processor.py:161} INFO - Started process (PID=162) to work on /home/airflow/.local/lib/python3.8/site-packages/airflow/example_dags/example_python_operator.py
[2024-10-14T21:44:35.478+0000] {processor.py:830} INFO - Processing file /home/airflow/.local/lib/python3.8/site-packages/airflow/example_dags/example_python_operator.py for tasks to queue
[2024-10-14T21:44:35.479+0000] {logging_mixin.py:188} INFO - [2024-10-14T21:44:35.479+0000] {dagbag.py:538} INFO - Filling up the DagBag from /home/airflow/.local/lib/python3.8/site-packages/airflow/example_dags/example_python_operator.py
[2024-10-14T21:44:35.486+0000] {processor.py:840} INFO - DAG(s) 'example_python_operator' retrieved from /home/airflow/.local/lib/python3.8/site-packages/airflow/example_dags/example_python_operator.py
[2024-10-14T21:44:35.502+0000] {logging_mixin.py:188} INFO - [2024-10-14T21:44:35.502+0000] {dag.py:3036} INFO - Sync 1 DAGs
[2024-10-14T21:44:35.511+0000] {logging_mixin.py:188} INFO - [2024-10-14T21:44:35.510+0000] {dag.py:3823} INFO - Setting next_dagrun for example_python_operator to None, run_after=None
[2024-10-14T21:44:35.524+0000] {processor.py:183} INFO - Processing /home/airflow/.local/lib/python3.8/site-packages/airflow/example_dags/example_python_operator.py took 0.050 seconds
[2024-10-14T21:45:06.043+0000] {processor.py:161} INFO - Started process (PID=236) to work on /home/airflow/.local/lib/python3.8/site-packages/airflow/example_dags/example_python_operator.py
[2024-10-14T21:45:06.044+0000] {processor.py:830} INFO - Processing file /home/airflow/.local/lib/python3.8/site-packages/airflow/example_dags/example_python_operator.py for tasks to queue
[2024-10-14T21:45:06.045+0000] {logging_mixin.py:188} INFO - [2024-10-14T21:45:06.045+0000] {dagbag.py:538} INFO - Filling up the DagBag from /home/airflow/.local/lib/python3.8/site-packages/airflow/example_dags/example_python_operator.py
[2024-10-14T21:45:06.052+0000] {processor.py:840} INFO - DAG(s) 'example_python_operator' retrieved from /home/airflow/.local/lib/python3.8/site-packages/airflow/example_dags/example_python_operator.py
[2024-10-14T21:45:06.068+0000] {logging_mixin.py:188} INFO - [2024-10-14T21:45:06.068+0000] {dag.py:3036} INFO - Sync 1 DAGs
[2024-10-14T21:45:06.076+0000] {logging_mixin.py:188} INFO - [2024-10-14T21:45:06.076+0000] {dag.py:3823} INFO - Setting next_dagrun for example_python_operator to None, run_after=None
[2024-10-14T21:45:06.091+0000] {processor.py:183} INFO - Processing /home/airflow/.local/lib/python3.8/site-packages/airflow/example_dags/example_python_operator.py took 0.051 seconds
[2024-10-14T21:45:36.308+0000] {processor.py:161} INFO - Started process (PID=303) to work on /home/airflow/.local/lib/python3.8/site-packages/airflow/example_dags/example_python_operator.py
[2024-10-14T21:45:36.308+0000] {processor.py:830} INFO - Processing file /home/airflow/.local/lib/python3.8/site-packages/airflow/example_dags/example_python_operator.py for tasks to queue
[2024-10-14T21:45:36.310+0000] {logging_mixin.py:188} INFO - [2024-10-14T21:45:36.309+0000] {dagbag.py:538} INFO - Filling up the DagBag from /home/airflow/.local/lib/python3.8/site-packages/airflow/example_dags/example_python_operator.py
[2024-10-14T21:45:36.317+0000] {processor.py:840} INFO - DAG(s) 'example_python_operator' retrieved from /home/airflow/.local/lib/python3.8/site-packages/airflow/example_dags/example_python_operator.py
[2024-10-14T21:45:36.332+0000] {logging_mixin.py:188} INFO - [2024-10-14T21:45:36.332+0000] {dag.py:3036} INFO - Sync 1 DAGs
[2024-10-14T21:45:36.341+0000] {logging_mixin.py:188} INFO - [2024-10-14T21:45:36.341+0000] {dag.py:3823} INFO - Setting next_dagrun for example_python_operator to None, run_after=None
[2024-10-14T21:45:36.356+0000] {processor.py:183} INFO - Processing /home/airflow/.local/lib/python3.8/site-packages/airflow/example_dags/example_python_operator.py took 0.051 seconds
[2024-10-14T21:46:06.799+0000] {processor.py:161} INFO - Started process (PID=376) to work on /home/airflow/.local/lib/python3.8/site-packages/airflow/example_dags/example_python_operator.py
[2024-10-14T21:46:06.800+0000] {processor.py:830} INFO - Processing file /home/airflow/.local/lib/python3.8/site-packages/airflow/example_dags/example_python_operator.py for tasks to queue
[2024-10-14T21:46:06.801+0000] {logging_mixin.py:188} INFO - [2024-10-14T21:46:06.801+0000] {dagbag.py:538} INFO - Filling up the DagBag from /home/airflow/.local/lib/python3.8/site-packages/airflow/example_dags/example_python_operator.py
[2024-10-14T21:46:06.809+0000] {processor.py:840} INFO - DAG(s) 'example_python_operator' retrieved from /home/airflow/.local/lib/python3.8/site-packages/airflow/example_dags/example_python_operator.py
[2024-10-14T21:46:06.825+0000] {logging_mixin.py:188} INFO - [2024-10-14T21:46:06.825+0000] {dag.py:3036} INFO - Sync 1 DAGs
[2024-10-14T21:46:06.834+0000] {logging_mixin.py:188} INFO - [2024-10-14T21:46:06.834+0000] {dag.py:3823} INFO - Setting next_dagrun for example_python_operator to None, run_after=None
[2024-10-14T21:46:06.848+0000] {processor.py:183} INFO - Processing /home/airflow/.local/lib/python3.8/site-packages/airflow/example_dags/example_python_operator.py took 0.051 seconds
[2024-10-14T21:46:37.023+0000] {processor.py:161} INFO - Started process (PID=450) to work on /home/airflow/.local/lib/python3.8/site-packages/airflow/example_dags/example_python_operator.py
[2024-10-14T21:46:37.024+0000] {processor.py:830} INFO - Processing file /home/airflow/.local/lib/python3.8/site-packages/airflow/example_dags/example_python_operator.py for tasks to queue
[2024-10-14T21:46:37.026+0000] {logging_mixin.py:188} INFO - [2024-10-14T21:46:37.025+0000] {dagbag.py:538} INFO - Filling up the DagBag from /home/airflow/.local/lib/python3.8/site-packages/airflow/example_dags/example_python_operator.py
[2024-10-14T21:46:37.034+0000] {processor.py:840} INFO - DAG(s) 'example_python_operator' retrieved from /home/airflow/.local/lib/python3.8/site-packages/airflow/example_dags/example_python_operator.py
[2024-10-14T21:46:37.057+0000] {logging_mixin.py:188} INFO - [2024-10-14T21:46:37.056+0000] {dag.py:3036} INFO - Sync 1 DAGs
[2024-10-14T21:46:37.074+0000] {logging_mixin.py:188} INFO - [2024-10-14T21:46:37.074+0000] {dag.py:3823} INFO - Setting next_dagrun for example_python_operator to None, run_after=None
[2024-10-14T21:46:37.104+0000] {processor.py:183} INFO - Processing /home/airflow/.local/lib/python3.8/site-packages/airflow/example_dags/example_python_operator.py took 0.083 seconds
[2024-10-14T21:50:42.331+0000] {processor.py:161} INFO - Started process (PID=105) to work on /home/airflow/.local/lib/python3.8/site-packages/airflow/example_dags/example_python_operator.py
[2024-10-14T21:50:42.332+0000] {processor.py:830} INFO - Processing file /home/airflow/.local/lib/python3.8/site-packages/airflow/example_dags/example_python_operator.py for tasks to queue
[2024-10-14T21:50:42.334+0000] {logging_mixin.py:188} INFO - [2024-10-14T21:50:42.334+0000] {dagbag.py:538} INFO - Filling up the DagBag from /home/airflow/.local/lib/python3.8/site-packages/airflow/example_dags/example_python_operator.py
[2024-10-14T21:50:42.346+0000] {processor.py:840} INFO - DAG(s) 'example_python_operator' retrieved from /home/airflow/.local/lib/python3.8/site-packages/airflow/example_dags/example_python_operator.py
[2024-10-14T21:50:42.363+0000] {logging_mixin.py:188} INFO - [2024-10-14T21:50:42.362+0000] {dag.py:3036} INFO - Sync 1 DAGs
[2024-10-14T21:50:42.380+0000] {logging_mixin.py:188} INFO - [2024-10-14T21:50:42.380+0000] {dag.py:3823} INFO - Setting next_dagrun for example_python_operator to None, run_after=None
[2024-10-14T21:50:42.410+0000] {processor.py:183} INFO - Processing /home/airflow/.local/lib/python3.8/site-packages/airflow/example_dags/example_python_operator.py took 0.082 seconds
[2024-10-14T21:51:12.852+0000] {processor.py:161} INFO - Started process (PID=170) to work on /home/airflow/.local/lib/python3.8/site-packages/airflow/example_dags/example_python_operator.py
[2024-10-14T21:51:12.854+0000] {processor.py:830} INFO - Processing file /home/airflow/.local/lib/python3.8/site-packages/airflow/example_dags/example_python_operator.py for tasks to queue
[2024-10-14T21:51:12.856+0000] {logging_mixin.py:188} INFO - [2024-10-14T21:51:12.856+0000] {dagbag.py:538} INFO - Filling up the DagBag from /home/airflow/.local/lib/python3.8/site-packages/airflow/example_dags/example_python_operator.py
[2024-10-14T21:51:12.873+0000] {processor.py:840} INFO - DAG(s) 'example_python_operator' retrieved from /home/airflow/.local/lib/python3.8/site-packages/airflow/example_dags/example_python_operator.py
[2024-10-14T21:51:12.994+0000] {logging_mixin.py:188} INFO - [2024-10-14T21:51:12.993+0000] {dag.py:3036} INFO - Sync 1 DAGs
[2024-10-14T21:51:13.006+0000] {logging_mixin.py:188} INFO - [2024-10-14T21:51:13.005+0000] {dag.py:3823} INFO - Setting next_dagrun for example_python_operator to None, run_after=None
[2024-10-14T21:51:13.027+0000] {processor.py:183} INFO - Processing /home/airflow/.local/lib/python3.8/site-packages/airflow/example_dags/example_python_operator.py took 0.179 seconds
[2024-10-14T21:51:43.883+0000] {processor.py:161} INFO - Started process (PID=243) to work on /home/airflow/.local/lib/python3.8/site-packages/airflow/example_dags/example_python_operator.py
[2024-10-14T21:51:43.884+0000] {processor.py:830} INFO - Processing file /home/airflow/.local/lib/python3.8/site-packages/airflow/example_dags/example_python_operator.py for tasks to queue
[2024-10-14T21:51:43.885+0000] {logging_mixin.py:188} INFO - [2024-10-14T21:51:43.885+0000] {dagbag.py:538} INFO - Filling up the DagBag from /home/airflow/.local/lib/python3.8/site-packages/airflow/example_dags/example_python_operator.py
[2024-10-14T21:51:43.892+0000] {processor.py:840} INFO - DAG(s) 'example_python_operator' retrieved from /home/airflow/.local/lib/python3.8/site-packages/airflow/example_dags/example_python_operator.py
[2024-10-14T21:51:43.905+0000] {logging_mixin.py:188} INFO - [2024-10-14T21:51:43.905+0000] {dag.py:3036} INFO - Sync 1 DAGs
[2024-10-14T21:51:43.913+0000] {logging_mixin.py:188} INFO - [2024-10-14T21:51:43.913+0000] {dag.py:3823} INFO - Setting next_dagrun for example_python_operator to None, run_after=None
[2024-10-14T21:51:43.926+0000] {processor.py:183} INFO - Processing /home/airflow/.local/lib/python3.8/site-packages/airflow/example_dags/example_python_operator.py took 0.044 seconds
[2024-10-14T21:52:14.272+0000] {processor.py:161} INFO - Started process (PID=325) to work on /home/airflow/.local/lib/python3.8/site-packages/airflow/example_dags/example_python_operator.py
[2024-10-14T21:52:14.272+0000] {processor.py:830} INFO - Processing file /home/airflow/.local/lib/python3.8/site-packages/airflow/example_dags/example_python_operator.py for tasks to queue
[2024-10-14T21:52:14.273+0000] {logging_mixin.py:188} INFO - [2024-10-14T21:52:14.273+0000] {dagbag.py:538} INFO - Filling up the DagBag from /home/airflow/.local/lib/python3.8/site-packages/airflow/example_dags/example_python_operator.py
[2024-10-14T21:52:14.280+0000] {processor.py:840} INFO - DAG(s) 'example_python_operator' retrieved from /home/airflow/.local/lib/python3.8/site-packages/airflow/example_dags/example_python_operator.py
[2024-10-14T21:52:14.294+0000] {logging_mixin.py:188} INFO - [2024-10-14T21:52:14.294+0000] {dag.py:3036} INFO - Sync 1 DAGs
[2024-10-14T21:52:14.302+0000] {logging_mixin.py:188} INFO - [2024-10-14T21:52:14.302+0000] {dag.py:3823} INFO - Setting next_dagrun for example_python_operator to None, run_after=None
[2024-10-14T21:52:14.315+0000] {processor.py:183} INFO - Processing /home/airflow/.local/lib/python3.8/site-packages/airflow/example_dags/example_python_operator.py took 0.046 seconds
[2024-10-14T21:52:44.995+0000] {processor.py:161} INFO - Started process (PID=406) to work on /home/airflow/.local/lib/python3.8/site-packages/airflow/example_dags/example_python_operator.py
[2024-10-14T21:52:44.996+0000] {processor.py:830} INFO - Processing file /home/airflow/.local/lib/python3.8/site-packages/airflow/example_dags/example_python_operator.py for tasks to queue
[2024-10-14T21:52:44.997+0000] {logging_mixin.py:188} INFO - [2024-10-14T21:52:44.997+0000] {dagbag.py:538} INFO - Filling up the DagBag from /home/airflow/.local/lib/python3.8/site-packages/airflow/example_dags/example_python_operator.py
[2024-10-14T21:52:45.008+0000] {processor.py:840} INFO - DAG(s) 'example_python_operator' retrieved from /home/airflow/.local/lib/python3.8/site-packages/airflow/example_dags/example_python_operator.py
[2024-10-14T21:52:45.032+0000] {logging_mixin.py:188} INFO - [2024-10-14T21:52:45.032+0000] {dag.py:3036} INFO - Sync 1 DAGs
[2024-10-14T21:52:45.048+0000] {logging_mixin.py:188} INFO - [2024-10-14T21:52:45.048+0000] {dag.py:3823} INFO - Setting next_dagrun for example_python_operator to None, run_after=None
[2024-10-14T21:52:45.072+0000] {processor.py:183} INFO - Processing /home/airflow/.local/lib/python3.8/site-packages/airflow/example_dags/example_python_operator.py took 0.079 seconds
[2024-10-14T21:53:15.362+0000] {processor.py:161} INFO - Started process (PID=479) to work on /home/airflow/.local/lib/python3.8/site-packages/airflow/example_dags/example_python_operator.py
[2024-10-14T21:53:15.362+0000] {processor.py:830} INFO - Processing file /home/airflow/.local/lib/python3.8/site-packages/airflow/example_dags/example_python_operator.py for tasks to queue
[2024-10-14T21:53:15.363+0000] {logging_mixin.py:188} INFO - [2024-10-14T21:53:15.363+0000] {dagbag.py:538} INFO - Filling up the DagBag from /home/airflow/.local/lib/python3.8/site-packages/airflow/example_dags/example_python_operator.py
[2024-10-14T21:53:15.374+0000] {processor.py:840} INFO - DAG(s) 'example_python_operator' retrieved from /home/airflow/.local/lib/python3.8/site-packages/airflow/example_dags/example_python_operator.py
[2024-10-14T21:53:15.394+0000] {logging_mixin.py:188} INFO - [2024-10-14T21:53:15.393+0000] {dag.py:3036} INFO - Sync 1 DAGs
[2024-10-14T21:53:15.405+0000] {logging_mixin.py:188} INFO - [2024-10-14T21:53:15.404+0000] {dag.py:3823} INFO - Setting next_dagrun for example_python_operator to None, run_after=None
[2024-10-14T21:53:15.423+0000] {processor.py:183} INFO - Processing /home/airflow/.local/lib/python3.8/site-packages/airflow/example_dags/example_python_operator.py took 0.063 seconds
[2024-10-14T21:53:45.670+0000] {processor.py:161} INFO - Started process (PID=559) to work on /home/airflow/.local/lib/python3.8/site-packages/airflow/example_dags/example_python_operator.py
[2024-10-14T21:53:45.672+0000] {processor.py:830} INFO - Processing file /home/airflow/.local/lib/python3.8/site-packages/airflow/example_dags/example_python_operator.py for tasks to queue
[2024-10-14T21:53:45.674+0000] {logging_mixin.py:188} INFO - [2024-10-14T21:53:45.674+0000] {dagbag.py:538} INFO - Filling up the DagBag from /home/airflow/.local/lib/python3.8/site-packages/airflow/example_dags/example_python_operator.py
[2024-10-14T21:53:45.689+0000] {processor.py:840} INFO - DAG(s) 'example_python_operator' retrieved from /home/airflow/.local/lib/python3.8/site-packages/airflow/example_dags/example_python_operator.py
[2024-10-14T21:53:45.712+0000] {logging_mixin.py:188} INFO - [2024-10-14T21:53:45.711+0000] {dag.py:3036} INFO - Sync 1 DAGs
[2024-10-14T21:53:45.730+0000] {logging_mixin.py:188} INFO - [2024-10-14T21:53:45.730+0000] {dag.py:3823} INFO - Setting next_dagrun for example_python_operator to None, run_after=None
[2024-10-14T21:53:45.758+0000] {processor.py:183} INFO - Processing /home/airflow/.local/lib/python3.8/site-packages/airflow/example_dags/example_python_operator.py took 0.094 seconds
[2024-10-14T21:54:16.222+0000] {processor.py:161} INFO - Started process (PID=643) to work on /home/airflow/.local/lib/python3.8/site-packages/airflow/example_dags/example_python_operator.py
[2024-10-14T21:54:16.222+0000] {processor.py:830} INFO - Processing file /home/airflow/.local/lib/python3.8/site-packages/airflow/example_dags/example_python_operator.py for tasks to queue
[2024-10-14T21:54:16.223+0000] {logging_mixin.py:188} INFO - [2024-10-14T21:54:16.223+0000] {dagbag.py:538} INFO - Filling up the DagBag from /home/airflow/.local/lib/python3.8/site-packages/airflow/example_dags/example_python_operator.py
[2024-10-14T21:54:16.231+0000] {processor.py:840} INFO - DAG(s) 'example_python_operator' retrieved from /home/airflow/.local/lib/python3.8/site-packages/airflow/example_dags/example_python_operator.py
[2024-10-14T21:54:16.256+0000] {logging_mixin.py:188} INFO - [2024-10-14T21:54:16.256+0000] {dag.py:3036} INFO - Sync 1 DAGs
[2024-10-14T21:54:16.264+0000] {logging_mixin.py:188} INFO - [2024-10-14T21:54:16.264+0000] {dag.py:3823} INFO - Setting next_dagrun for example_python_operator to None, run_after=None
[2024-10-14T21:54:16.284+0000] {processor.py:183} INFO - Processing /home/airflow/.local/lib/python3.8/site-packages/airflow/example_dags/example_python_operator.py took 0.066 seconds
[2024-10-14T21:58:41.927+0000] {processor.py:161} INFO - Started process (PID=96) to work on /home/airflow/.local/lib/python3.8/site-packages/airflow/example_dags/example_python_operator.py
[2024-10-14T21:58:41.934+0000] {processor.py:830} INFO - Processing file /home/airflow/.local/lib/python3.8/site-packages/airflow/example_dags/example_python_operator.py for tasks to queue
[2024-10-14T21:58:41.944+0000] {logging_mixin.py:188} INFO - [2024-10-14T21:58:41.944+0000] {dagbag.py:538} INFO - Filling up the DagBag from /home/airflow/.local/lib/python3.8/site-packages/airflow/example_dags/example_python_operator.py
[2024-10-14T21:58:41.980+0000] {processor.py:840} INFO - DAG(s) 'example_python_operator' retrieved from /home/airflow/.local/lib/python3.8/site-packages/airflow/example_dags/example_python_operator.py
[2024-10-14T21:58:41.990+0000] {logging_mixin.py:188} INFO - [2024-10-14T21:58:41.989+0000] {dag.py:3036} INFO - Sync 1 DAGs
[2024-10-14T21:58:42.005+0000] {logging_mixin.py:188} INFO - [2024-10-14T21:58:42.005+0000] {dag.py:3823} INFO - Setting next_dagrun for example_python_operator to None, run_after=None
[2024-10-14T21:58:42.026+0000] {processor.py:183} INFO - Processing /home/airflow/.local/lib/python3.8/site-packages/airflow/example_dags/example_python_operator.py took 0.102 seconds
[2024-10-14T21:59:12.194+0000] {processor.py:161} INFO - Started process (PID=169) to work on /home/airflow/.local/lib/python3.8/site-packages/airflow/example_dags/example_python_operator.py
[2024-10-14T21:59:12.194+0000] {processor.py:830} INFO - Processing file /home/airflow/.local/lib/python3.8/site-packages/airflow/example_dags/example_python_operator.py for tasks to queue
[2024-10-14T21:59:12.196+0000] {logging_mixin.py:188} INFO - [2024-10-14T21:59:12.195+0000] {dagbag.py:538} INFO - Filling up the DagBag from /home/airflow/.local/lib/python3.8/site-packages/airflow/example_dags/example_python_operator.py
[2024-10-14T21:59:12.203+0000] {processor.py:840} INFO - DAG(s) 'example_python_operator' retrieved from /home/airflow/.local/lib/python3.8/site-packages/airflow/example_dags/example_python_operator.py
[2024-10-14T21:59:12.278+0000] {logging_mixin.py:188} INFO - [2024-10-14T21:59:12.278+0000] {dag.py:3036} INFO - Sync 1 DAGs
[2024-10-14T21:59:12.285+0000] {logging_mixin.py:188} INFO - [2024-10-14T21:59:12.285+0000] {dag.py:3823} INFO - Setting next_dagrun for example_python_operator to None, run_after=None
[2024-10-14T21:59:12.299+0000] {processor.py:183} INFO - Processing /home/airflow/.local/lib/python3.8/site-packages/airflow/example_dags/example_python_operator.py took 0.108 seconds
[2024-10-14T21:59:43.034+0000] {processor.py:161} INFO - Started process (PID=243) to work on /home/airflow/.local/lib/python3.8/site-packages/airflow/example_dags/example_python_operator.py
[2024-10-14T21:59:43.035+0000] {processor.py:830} INFO - Processing file /home/airflow/.local/lib/python3.8/site-packages/airflow/example_dags/example_python_operator.py for tasks to queue
[2024-10-14T21:59:43.036+0000] {logging_mixin.py:188} INFO - [2024-10-14T21:59:43.036+0000] {dagbag.py:538} INFO - Filling up the DagBag from /home/airflow/.local/lib/python3.8/site-packages/airflow/example_dags/example_python_operator.py
[2024-10-14T21:59:43.045+0000] {processor.py:840} INFO - DAG(s) 'example_python_operator' retrieved from /home/airflow/.local/lib/python3.8/site-packages/airflow/example_dags/example_python_operator.py
[2024-10-14T21:59:43.065+0000] {logging_mixin.py:188} INFO - [2024-10-14T21:59:43.065+0000] {dag.py:3036} INFO - Sync 1 DAGs
[2024-10-14T21:59:43.076+0000] {logging_mixin.py:188} INFO - [2024-10-14T21:59:43.076+0000] {dag.py:3823} INFO - Setting next_dagrun for example_python_operator to None, run_after=None
[2024-10-14T21:59:43.092+0000] {processor.py:183} INFO - Processing /home/airflow/.local/lib/python3.8/site-packages/airflow/example_dags/example_python_operator.py took 0.061 seconds
[2024-10-14T22:00:13.571+0000] {processor.py:161} INFO - Started process (PID=325) to work on /home/airflow/.local/lib/python3.8/site-packages/airflow/example_dags/example_python_operator.py
[2024-10-14T22:00:13.572+0000] {processor.py:830} INFO - Processing file /home/airflow/.local/lib/python3.8/site-packages/airflow/example_dags/example_python_operator.py for tasks to queue
[2024-10-14T22:00:13.573+0000] {logging_mixin.py:188} INFO - [2024-10-14T22:00:13.573+0000] {dagbag.py:538} INFO - Filling up the DagBag from /home/airflow/.local/lib/python3.8/site-packages/airflow/example_dags/example_python_operator.py
[2024-10-14T22:00:13.581+0000] {processor.py:840} INFO - DAG(s) 'example_python_operator' retrieved from /home/airflow/.local/lib/python3.8/site-packages/airflow/example_dags/example_python_operator.py
[2024-10-14T22:00:13.605+0000] {logging_mixin.py:188} INFO - [2024-10-14T22:00:13.604+0000] {dag.py:3036} INFO - Sync 1 DAGs
[2024-10-14T22:00:13.619+0000] {logging_mixin.py:188} INFO - [2024-10-14T22:00:13.618+0000] {dag.py:3823} INFO - Setting next_dagrun for example_python_operator to None, run_after=None
[2024-10-14T22:00:13.639+0000] {processor.py:183} INFO - Processing /home/airflow/.local/lib/python3.8/site-packages/airflow/example_dags/example_python_operator.py took 0.070 seconds
[2024-10-14T22:00:43.917+0000] {processor.py:161} INFO - Started process (PID=399) to work on /home/airflow/.local/lib/python3.8/site-packages/airflow/example_dags/example_python_operator.py
[2024-10-14T22:00:43.919+0000] {processor.py:830} INFO - Processing file /home/airflow/.local/lib/python3.8/site-packages/airflow/example_dags/example_python_operator.py for tasks to queue
[2024-10-14T22:00:43.924+0000] {logging_mixin.py:188} INFO - [2024-10-14T22:00:43.923+0000] {dagbag.py:538} INFO - Filling up the DagBag from /home/airflow/.local/lib/python3.8/site-packages/airflow/example_dags/example_python_operator.py
[2024-10-14T22:00:43.935+0000] {processor.py:840} INFO - DAG(s) 'example_python_operator' retrieved from /home/airflow/.local/lib/python3.8/site-packages/airflow/example_dags/example_python_operator.py
[2024-10-14T22:00:43.962+0000] {logging_mixin.py:188} INFO - [2024-10-14T22:00:43.961+0000] {dag.py:3036} INFO - Sync 1 DAGs
[2024-10-14T22:00:43.976+0000] {logging_mixin.py:188} INFO - [2024-10-14T22:00:43.976+0000] {dag.py:3823} INFO - Setting next_dagrun for example_python_operator to None, run_after=None
[2024-10-14T22:00:43.998+0000] {processor.py:183} INFO - Processing /home/airflow/.local/lib/python3.8/site-packages/airflow/example_dags/example_python_operator.py took 0.084 seconds
[2024-10-14T22:01:14.152+0000] {processor.py:161} INFO - Started process (PID=473) to work on /home/airflow/.local/lib/python3.8/site-packages/airflow/example_dags/example_python_operator.py
[2024-10-14T22:01:14.154+0000] {processor.py:830} INFO - Processing file /home/airflow/.local/lib/python3.8/site-packages/airflow/example_dags/example_python_operator.py for tasks to queue
[2024-10-14T22:01:14.158+0000] {logging_mixin.py:188} INFO - [2024-10-14T22:01:14.158+0000] {dagbag.py:538} INFO - Filling up the DagBag from /home/airflow/.local/lib/python3.8/site-packages/airflow/example_dags/example_python_operator.py
[2024-10-14T22:01:14.166+0000] {processor.py:840} INFO - DAG(s) 'example_python_operator' retrieved from /home/airflow/.local/lib/python3.8/site-packages/airflow/example_dags/example_python_operator.py
[2024-10-14T22:01:14.194+0000] {logging_mixin.py:188} INFO - [2024-10-14T22:01:14.193+0000] {dag.py:3036} INFO - Sync 1 DAGs
[2024-10-14T22:01:14.208+0000] {logging_mixin.py:188} INFO - [2024-10-14T22:01:14.207+0000] {dag.py:3823} INFO - Setting next_dagrun for example_python_operator to None, run_after=None
[2024-10-14T22:01:14.230+0000] {processor.py:183} INFO - Processing /home/airflow/.local/lib/python3.8/site-packages/airflow/example_dags/example_python_operator.py took 0.081 seconds
[2024-10-14T22:01:44.664+0000] {processor.py:161} INFO - Started process (PID=555) to work on /home/airflow/.local/lib/python3.8/site-packages/airflow/example_dags/example_python_operator.py
[2024-10-14T22:01:44.665+0000] {processor.py:830} INFO - Processing file /home/airflow/.local/lib/python3.8/site-packages/airflow/example_dags/example_python_operator.py for tasks to queue
[2024-10-14T22:01:44.666+0000] {logging_mixin.py:188} INFO - [2024-10-14T22:01:44.666+0000] {dagbag.py:538} INFO - Filling up the DagBag from /home/airflow/.local/lib/python3.8/site-packages/airflow/example_dags/example_python_operator.py
[2024-10-14T22:01:44.680+0000] {processor.py:840} INFO - DAG(s) 'example_python_operator' retrieved from /home/airflow/.local/lib/python3.8/site-packages/airflow/example_dags/example_python_operator.py
[2024-10-14T22:01:44.702+0000] {logging_mixin.py:188} INFO - [2024-10-14T22:01:44.702+0000] {dag.py:3036} INFO - Sync 1 DAGs
[2024-10-14T22:01:44.715+0000] {logging_mixin.py:188} INFO - [2024-10-14T22:01:44.715+0000] {dag.py:3823} INFO - Setting next_dagrun for example_python_operator to None, run_after=None
[2024-10-14T22:01:44.734+0000] {processor.py:183} INFO - Processing /home/airflow/.local/lib/python3.8/site-packages/airflow/example_dags/example_python_operator.py took 0.072 seconds
[2024-10-14T22:02:15.080+0000] {processor.py:161} INFO - Started process (PID=629) to work on /home/airflow/.local/lib/python3.8/site-packages/airflow/example_dags/example_python_operator.py
[2024-10-14T22:02:15.081+0000] {processor.py:830} INFO - Processing file /home/airflow/.local/lib/python3.8/site-packages/airflow/example_dags/example_python_operator.py for tasks to queue
[2024-10-14T22:02:15.082+0000] {logging_mixin.py:188} INFO - [2024-10-14T22:02:15.082+0000] {dagbag.py:538} INFO - Filling up the DagBag from /home/airflow/.local/lib/python3.8/site-packages/airflow/example_dags/example_python_operator.py
[2024-10-14T22:02:15.094+0000] {processor.py:840} INFO - DAG(s) 'example_python_operator' retrieved from /home/airflow/.local/lib/python3.8/site-packages/airflow/example_dags/example_python_operator.py
[2024-10-14T22:02:15.115+0000] {logging_mixin.py:188} INFO - [2024-10-14T22:02:15.115+0000] {dag.py:3036} INFO - Sync 1 DAGs
[2024-10-14T22:02:15.126+0000] {logging_mixin.py:188} INFO - [2024-10-14T22:02:15.125+0000] {dag.py:3823} INFO - Setting next_dagrun for example_python_operator to None, run_after=None
[2024-10-14T22:02:15.145+0000] {processor.py:183} INFO - Processing /home/airflow/.local/lib/python3.8/site-packages/airflow/example_dags/example_python_operator.py took 0.068 seconds
[2024-10-14T22:02:45.811+0000] {processor.py:161} INFO - Started process (PID=711) to work on /home/airflow/.local/lib/python3.8/site-packages/airflow/example_dags/example_python_operator.py
[2024-10-14T22:02:45.811+0000] {processor.py:830} INFO - Processing file /home/airflow/.local/lib/python3.8/site-packages/airflow/example_dags/example_python_operator.py for tasks to queue
[2024-10-14T22:02:45.813+0000] {logging_mixin.py:188} INFO - [2024-10-14T22:02:45.813+0000] {dagbag.py:538} INFO - Filling up the DagBag from /home/airflow/.local/lib/python3.8/site-packages/airflow/example_dags/example_python_operator.py
[2024-10-14T22:02:45.824+0000] {processor.py:840} INFO - DAG(s) 'example_python_operator' retrieved from /home/airflow/.local/lib/python3.8/site-packages/airflow/example_dags/example_python_operator.py
[2024-10-14T22:02:45.843+0000] {logging_mixin.py:188} INFO - [2024-10-14T22:02:45.843+0000] {dag.py:3036} INFO - Sync 1 DAGs
[2024-10-14T22:02:45.853+0000] {logging_mixin.py:188} INFO - [2024-10-14T22:02:45.852+0000] {dag.py:3823} INFO - Setting next_dagrun for example_python_operator to None, run_after=None
[2024-10-14T22:02:45.870+0000] {processor.py:183} INFO - Processing /home/airflow/.local/lib/python3.8/site-packages/airflow/example_dags/example_python_operator.py took 0.062 seconds
[2024-10-14T22:03:16.267+0000] {processor.py:161} INFO - Started process (PID=785) to work on /home/airflow/.local/lib/python3.8/site-packages/airflow/example_dags/example_python_operator.py
[2024-10-14T22:03:16.268+0000] {processor.py:830} INFO - Processing file /home/airflow/.local/lib/python3.8/site-packages/airflow/example_dags/example_python_operator.py for tasks to queue
[2024-10-14T22:03:16.272+0000] {logging_mixin.py:188} INFO - [2024-10-14T22:03:16.271+0000] {dagbag.py:538} INFO - Filling up the DagBag from /home/airflow/.local/lib/python3.8/site-packages/airflow/example_dags/example_python_operator.py
[2024-10-14T22:03:16.282+0000] {processor.py:840} INFO - DAG(s) 'example_python_operator' retrieved from /home/airflow/.local/lib/python3.8/site-packages/airflow/example_dags/example_python_operator.py
[2024-10-14T22:03:16.308+0000] {logging_mixin.py:188} INFO - [2024-10-14T22:03:16.308+0000] {dag.py:3036} INFO - Sync 1 DAGs
[2024-10-14T22:03:16.325+0000] {logging_mixin.py:188} INFO - [2024-10-14T22:03:16.325+0000] {dag.py:3823} INFO - Setting next_dagrun for example_python_operator to None, run_after=None
[2024-10-14T22:03:16.345+0000] {processor.py:183} INFO - Processing /home/airflow/.local/lib/python3.8/site-packages/airflow/example_dags/example_python_operator.py took 0.080 seconds
[2024-10-14T22:03:47.228+0000] {processor.py:161} INFO - Started process (PID=866) to work on /home/airflow/.local/lib/python3.8/site-packages/airflow/example_dags/example_python_operator.py
[2024-10-14T22:03:47.229+0000] {processor.py:830} INFO - Processing file /home/airflow/.local/lib/python3.8/site-packages/airflow/example_dags/example_python_operator.py for tasks to queue
[2024-10-14T22:03:47.230+0000] {logging_mixin.py:188} INFO - [2024-10-14T22:03:47.230+0000] {dagbag.py:538} INFO - Filling up the DagBag from /home/airflow/.local/lib/python3.8/site-packages/airflow/example_dags/example_python_operator.py
[2024-10-14T22:03:47.238+0000] {processor.py:840} INFO - DAG(s) 'example_python_operator' retrieved from /home/airflow/.local/lib/python3.8/site-packages/airflow/example_dags/example_python_operator.py
[2024-10-14T22:03:47.255+0000] {logging_mixin.py:188} INFO - [2024-10-14T22:03:47.255+0000] {dag.py:3036} INFO - Sync 1 DAGs
[2024-10-14T22:03:47.264+0000] {logging_mixin.py:188} INFO - [2024-10-14T22:03:47.264+0000] {dag.py:3823} INFO - Setting next_dagrun for example_python_operator to None, run_after=None
[2024-10-14T22:03:47.277+0000] {processor.py:183} INFO - Processing /home/airflow/.local/lib/python3.8/site-packages/airflow/example_dags/example_python_operator.py took 0.052 seconds
[2024-10-14T22:04:17.450+0000] {processor.py:161} INFO - Started process (PID=940) to work on /home/airflow/.local/lib/python3.8/site-packages/airflow/example_dags/example_python_operator.py
[2024-10-14T22:04:17.451+0000] {processor.py:830} INFO - Processing file /home/airflow/.local/lib/python3.8/site-packages/airflow/example_dags/example_python_operator.py for tasks to queue
[2024-10-14T22:04:17.452+0000] {logging_mixin.py:188} INFO - [2024-10-14T22:04:17.452+0000] {dagbag.py:538} INFO - Filling up the DagBag from /home/airflow/.local/lib/python3.8/site-packages/airflow/example_dags/example_python_operator.py
[2024-10-14T22:04:17.463+0000] {processor.py:840} INFO - DAG(s) 'example_python_operator' retrieved from /home/airflow/.local/lib/python3.8/site-packages/airflow/example_dags/example_python_operator.py
[2024-10-14T22:04:17.487+0000] {logging_mixin.py:188} INFO - [2024-10-14T22:04:17.487+0000] {dag.py:3036} INFO - Sync 1 DAGs
[2024-10-14T22:04:17.502+0000] {logging_mixin.py:188} INFO - [2024-10-14T22:04:17.501+0000] {dag.py:3823} INFO - Setting next_dagrun for example_python_operator to None, run_after=None
[2024-10-14T22:04:17.521+0000] {processor.py:183} INFO - Processing /home/airflow/.local/lib/python3.8/site-packages/airflow/example_dags/example_python_operator.py took 0.074 seconds
[2024-10-14T22:04:48.090+0000] {processor.py:161} INFO - Started process (PID=1020) to work on /home/airflow/.local/lib/python3.8/site-packages/airflow/example_dags/example_python_operator.py
[2024-10-14T22:04:48.091+0000] {processor.py:830} INFO - Processing file /home/airflow/.local/lib/python3.8/site-packages/airflow/example_dags/example_python_operator.py for tasks to queue
[2024-10-14T22:04:48.093+0000] {logging_mixin.py:188} INFO - [2024-10-14T22:04:48.093+0000] {dagbag.py:538} INFO - Filling up the DagBag from /home/airflow/.local/lib/python3.8/site-packages/airflow/example_dags/example_python_operator.py
[2024-10-14T22:04:48.105+0000] {processor.py:840} INFO - DAG(s) 'example_python_operator' retrieved from /home/airflow/.local/lib/python3.8/site-packages/airflow/example_dags/example_python_operator.py
[2024-10-14T22:04:48.146+0000] {logging_mixin.py:188} INFO - [2024-10-14T22:04:48.146+0000] {dag.py:3036} INFO - Sync 1 DAGs
[2024-10-14T22:04:48.169+0000] {logging_mixin.py:188} INFO - [2024-10-14T22:04:48.168+0000] {dag.py:3823} INFO - Setting next_dagrun for example_python_operator to None, run_after=None
[2024-10-14T22:04:48.208+0000] {processor.py:183} INFO - Processing /home/airflow/.local/lib/python3.8/site-packages/airflow/example_dags/example_python_operator.py took 0.121 seconds
[2024-10-14T22:05:19.161+0000] {processor.py:161} INFO - Started process (PID=1094) to work on /home/airflow/.local/lib/python3.8/site-packages/airflow/example_dags/example_python_operator.py
[2024-10-14T22:05:19.162+0000] {processor.py:830} INFO - Processing file /home/airflow/.local/lib/python3.8/site-packages/airflow/example_dags/example_python_operator.py for tasks to queue
[2024-10-14T22:05:19.163+0000] {logging_mixin.py:188} INFO - [2024-10-14T22:05:19.163+0000] {dagbag.py:538} INFO - Filling up the DagBag from /home/airflow/.local/lib/python3.8/site-packages/airflow/example_dags/example_python_operator.py
[2024-10-14T22:05:19.172+0000] {processor.py:840} INFO - DAG(s) 'example_python_operator' retrieved from /home/airflow/.local/lib/python3.8/site-packages/airflow/example_dags/example_python_operator.py
[2024-10-14T22:05:19.189+0000] {logging_mixin.py:188} INFO - [2024-10-14T22:05:19.189+0000] {dag.py:3036} INFO - Sync 1 DAGs
[2024-10-14T22:05:19.198+0000] {logging_mixin.py:188} INFO - [2024-10-14T22:05:19.198+0000] {dag.py:3823} INFO - Setting next_dagrun for example_python_operator to None, run_after=None
[2024-10-14T22:05:19.215+0000] {processor.py:183} INFO - Processing /home/airflow/.local/lib/python3.8/site-packages/airflow/example_dags/example_python_operator.py took 0.057 seconds
[2024-10-14T22:05:49.284+0000] {processor.py:161} INFO - Started process (PID=1176) to work on /home/airflow/.local/lib/python3.8/site-packages/airflow/example_dags/example_python_operator.py
[2024-10-14T22:05:49.285+0000] {processor.py:830} INFO - Processing file /home/airflow/.local/lib/python3.8/site-packages/airflow/example_dags/example_python_operator.py for tasks to queue
[2024-10-14T22:05:49.286+0000] {logging_mixin.py:188} INFO - [2024-10-14T22:05:49.286+0000] {dagbag.py:538} INFO - Filling up the DagBag from /home/airflow/.local/lib/python3.8/site-packages/airflow/example_dags/example_python_operator.py
[2024-10-14T22:05:49.294+0000] {processor.py:840} INFO - DAG(s) 'example_python_operator' retrieved from /home/airflow/.local/lib/python3.8/site-packages/airflow/example_dags/example_python_operator.py
[2024-10-14T22:05:49.309+0000] {logging_mixin.py:188} INFO - [2024-10-14T22:05:49.308+0000] {dag.py:3036} INFO - Sync 1 DAGs
[2024-10-14T22:05:49.317+0000] {logging_mixin.py:188} INFO - [2024-10-14T22:05:49.317+0000] {dag.py:3823} INFO - Setting next_dagrun for example_python_operator to None, run_after=None
[2024-10-14T22:05:49.331+0000] {processor.py:183} INFO - Processing /home/airflow/.local/lib/python3.8/site-packages/airflow/example_dags/example_python_operator.py took 0.049 seconds
[2024-10-14T22:06:19.403+0000] {processor.py:161} INFO - Started process (PID=1250) to work on /home/airflow/.local/lib/python3.8/site-packages/airflow/example_dags/example_python_operator.py
[2024-10-14T22:06:19.404+0000] {processor.py:830} INFO - Processing file /home/airflow/.local/lib/python3.8/site-packages/airflow/example_dags/example_python_operator.py for tasks to queue
[2024-10-14T22:06:19.405+0000] {logging_mixin.py:188} INFO - [2024-10-14T22:06:19.405+0000] {dagbag.py:538} INFO - Filling up the DagBag from /home/airflow/.local/lib/python3.8/site-packages/airflow/example_dags/example_python_operator.py
[2024-10-14T22:06:19.412+0000] {processor.py:840} INFO - DAG(s) 'example_python_operator' retrieved from /home/airflow/.local/lib/python3.8/site-packages/airflow/example_dags/example_python_operator.py
[2024-10-14T22:06:19.428+0000] {logging_mixin.py:188} INFO - [2024-10-14T22:06:19.427+0000] {dag.py:3036} INFO - Sync 1 DAGs
[2024-10-14T22:06:19.436+0000] {logging_mixin.py:188} INFO - [2024-10-14T22:06:19.436+0000] {dag.py:3823} INFO - Setting next_dagrun for example_python_operator to None, run_after=None
[2024-10-14T22:06:19.452+0000] {processor.py:183} INFO - Processing /home/airflow/.local/lib/python3.8/site-packages/airflow/example_dags/example_python_operator.py took 0.051 seconds
[2024-10-14T22:06:49.793+0000] {processor.py:161} INFO - Started process (PID=1332) to work on /home/airflow/.local/lib/python3.8/site-packages/airflow/example_dags/example_python_operator.py
[2024-10-14T22:06:49.794+0000] {processor.py:830} INFO - Processing file /home/airflow/.local/lib/python3.8/site-packages/airflow/example_dags/example_python_operator.py for tasks to queue
[2024-10-14T22:06:49.795+0000] {logging_mixin.py:188} INFO - [2024-10-14T22:06:49.795+0000] {dagbag.py:538} INFO - Filling up the DagBag from /home/airflow/.local/lib/python3.8/site-packages/airflow/example_dags/example_python_operator.py
[2024-10-14T22:06:49.803+0000] {processor.py:840} INFO - DAG(s) 'example_python_operator' retrieved from /home/airflow/.local/lib/python3.8/site-packages/airflow/example_dags/example_python_operator.py
[2024-10-14T22:06:49.819+0000] {logging_mixin.py:188} INFO - [2024-10-14T22:06:49.819+0000] {dag.py:3036} INFO - Sync 1 DAGs
[2024-10-14T22:06:49.828+0000] {logging_mixin.py:188} INFO - [2024-10-14T22:06:49.828+0000] {dag.py:3823} INFO - Setting next_dagrun for example_python_operator to None, run_after=None
[2024-10-14T22:06:49.845+0000] {processor.py:183} INFO - Processing /home/airflow/.local/lib/python3.8/site-packages/airflow/example_dags/example_python_operator.py took 0.054 seconds
[2024-10-14T22:07:20.240+0000] {processor.py:161} INFO - Started process (PID=1415) to work on /home/airflow/.local/lib/python3.8/site-packages/airflow/example_dags/example_python_operator.py
[2024-10-14T22:07:20.242+0000] {processor.py:830} INFO - Processing file /home/airflow/.local/lib/python3.8/site-packages/airflow/example_dags/example_python_operator.py for tasks to queue
[2024-10-14T22:07:20.245+0000] {logging_mixin.py:188} INFO - [2024-10-14T22:07:20.244+0000] {dagbag.py:538} INFO - Filling up the DagBag from /home/airflow/.local/lib/python3.8/site-packages/airflow/example_dags/example_python_operator.py
[2024-10-14T22:07:20.255+0000] {processor.py:840} INFO - DAG(s) 'example_python_operator' retrieved from /home/airflow/.local/lib/python3.8/site-packages/airflow/example_dags/example_python_operator.py
[2024-10-14T22:07:20.282+0000] {logging_mixin.py:188} INFO - [2024-10-14T22:07:20.281+0000] {dag.py:3036} INFO - Sync 1 DAGs
[2024-10-14T22:07:20.296+0000] {logging_mixin.py:188} INFO - [2024-10-14T22:07:20.295+0000] {dag.py:3823} INFO - Setting next_dagrun for example_python_operator to None, run_after=None
[2024-10-14T22:07:20.319+0000] {processor.py:183} INFO - Processing /home/airflow/.local/lib/python3.8/site-packages/airflow/example_dags/example_python_operator.py took 0.084 seconds
[2024-10-14T22:07:50.575+0000] {processor.py:161} INFO - Started process (PID=1489) to work on /home/airflow/.local/lib/python3.8/site-packages/airflow/example_dags/example_python_operator.py
[2024-10-14T22:07:50.576+0000] {processor.py:830} INFO - Processing file /home/airflow/.local/lib/python3.8/site-packages/airflow/example_dags/example_python_operator.py for tasks to queue
[2024-10-14T22:07:50.578+0000] {logging_mixin.py:188} INFO - [2024-10-14T22:07:50.577+0000] {dagbag.py:538} INFO - Filling up the DagBag from /home/airflow/.local/lib/python3.8/site-packages/airflow/example_dags/example_python_operator.py
[2024-10-14T22:07:50.586+0000] {processor.py:840} INFO - DAG(s) 'example_python_operator' retrieved from /home/airflow/.local/lib/python3.8/site-packages/airflow/example_dags/example_python_operator.py
[2024-10-14T22:07:50.602+0000] {logging_mixin.py:188} INFO - [2024-10-14T22:07:50.601+0000] {dag.py:3036} INFO - Sync 1 DAGs
[2024-10-14T22:07:50.611+0000] {logging_mixin.py:188} INFO - [2024-10-14T22:07:50.610+0000] {dag.py:3823} INFO - Setting next_dagrun for example_python_operator to None, run_after=None
[2024-10-14T22:07:50.626+0000] {processor.py:183} INFO - Processing /home/airflow/.local/lib/python3.8/site-packages/airflow/example_dags/example_python_operator.py took 0.054 seconds
[2024-10-14T22:08:21.113+0000] {processor.py:161} INFO - Started process (PID=1571) to work on /home/airflow/.local/lib/python3.8/site-packages/airflow/example_dags/example_python_operator.py
[2024-10-14T22:08:21.114+0000] {processor.py:830} INFO - Processing file /home/airflow/.local/lib/python3.8/site-packages/airflow/example_dags/example_python_operator.py for tasks to queue
[2024-10-14T22:08:21.115+0000] {logging_mixin.py:188} INFO - [2024-10-14T22:08:21.115+0000] {dagbag.py:538} INFO - Filling up the DagBag from /home/airflow/.local/lib/python3.8/site-packages/airflow/example_dags/example_python_operator.py
[2024-10-14T22:08:21.123+0000] {processor.py:840} INFO - DAG(s) 'example_python_operator' retrieved from /home/airflow/.local/lib/python3.8/site-packages/airflow/example_dags/example_python_operator.py
[2024-10-14T22:08:21.138+0000] {logging_mixin.py:188} INFO - [2024-10-14T22:08:21.138+0000] {dag.py:3036} INFO - Sync 1 DAGs
[2024-10-14T22:08:21.147+0000] {logging_mixin.py:188} INFO - [2024-10-14T22:08:21.147+0000] {dag.py:3823} INFO - Setting next_dagrun for example_python_operator to None, run_after=None
[2024-10-14T22:08:21.161+0000] {processor.py:183} INFO - Processing /home/airflow/.local/lib/python3.8/site-packages/airflow/example_dags/example_python_operator.py took 0.050 seconds
[2024-10-14T22:08:51.653+0000] {processor.py:161} INFO - Started process (PID=1644) to work on /home/airflow/.local/lib/python3.8/site-packages/airflow/example_dags/example_python_operator.py
[2024-10-14T22:08:51.654+0000] {processor.py:830} INFO - Processing file /home/airflow/.local/lib/python3.8/site-packages/airflow/example_dags/example_python_operator.py for tasks to queue
[2024-10-14T22:08:51.657+0000] {logging_mixin.py:188} INFO - [2024-10-14T22:08:51.657+0000] {dagbag.py:538} INFO - Filling up the DagBag from /home/airflow/.local/lib/python3.8/site-packages/airflow/example_dags/example_python_operator.py
[2024-10-14T22:08:51.668+0000] {processor.py:840} INFO - DAG(s) 'example_python_operator' retrieved from /home/airflow/.local/lib/python3.8/site-packages/airflow/example_dags/example_python_operator.py
[2024-10-14T22:08:51.697+0000] {logging_mixin.py:188} INFO - [2024-10-14T22:08:51.697+0000] {dag.py:3036} INFO - Sync 1 DAGs
[2024-10-14T22:08:51.711+0000] {logging_mixin.py:188} INFO - [2024-10-14T22:08:51.710+0000] {dag.py:3823} INFO - Setting next_dagrun for example_python_operator to None, run_after=None
[2024-10-14T22:08:51.731+0000] {processor.py:183} INFO - Processing /home/airflow/.local/lib/python3.8/site-packages/airflow/example_dags/example_python_operator.py took 0.080 seconds
