[2024-10-14T21:19:52.365+0000] {processor.py:161} INFO - Started process (PID=97) to work on /home/airflow/.local/lib/python3.8/site-packages/airflow/example_dags/example_latest_only.py
[2024-10-14T21:19:52.365+0000] {processor.py:830} INFO - Processing file /home/airflow/.local/lib/python3.8/site-packages/airflow/example_dags/example_latest_only.py for tasks to queue
[2024-10-14T21:19:52.367+0000] {logging_mixin.py:188} INFO - [2024-10-14T21:19:52.367+0000] {dagbag.py:538} INFO - Filling up the DagBag from /home/airflow/.local/lib/python3.8/site-packages/airflow/example_dags/example_latest_only.py
[2024-10-14T21:19:52.372+0000] {processor.py:840} INFO - DAG(s) 'latest_only' retrieved from /home/airflow/.local/lib/python3.8/site-packages/airflow/example_dags/example_latest_only.py
[2024-10-14T21:19:52.448+0000] {logging_mixin.py:188} INFO - [2024-10-14T21:19:52.448+0000] {dag.py:3036} INFO - Sync 1 DAGs
[2024-10-14T21:19:52.464+0000] {logging_mixin.py:188} INFO - [2024-10-14T21:19:52.464+0000] {dag.py:3823} INFO - Setting next_dagrun for latest_only to 2024-10-14 16:00:00+00:00, run_after=2024-10-14 20:00:00+00:00
[2024-10-14T21:19:52.480+0000] {processor.py:183} INFO - Processing /home/airflow/.local/lib/python3.8/site-packages/airflow/example_dags/example_latest_only.py took 0.118 seconds
[2024-10-14T21:20:23.418+0000] {processor.py:161} INFO - Started process (PID=179) to work on /home/airflow/.local/lib/python3.8/site-packages/airflow/example_dags/example_latest_only.py
[2024-10-14T21:20:23.419+0000] {processor.py:830} INFO - Processing file /home/airflow/.local/lib/python3.8/site-packages/airflow/example_dags/example_latest_only.py for tasks to queue
[2024-10-14T21:20:23.421+0000] {logging_mixin.py:188} INFO - [2024-10-14T21:20:23.421+0000] {dagbag.py:538} INFO - Filling up the DagBag from /home/airflow/.local/lib/python3.8/site-packages/airflow/example_dags/example_latest_only.py
[2024-10-14T21:20:23.428+0000] {processor.py:840} INFO - DAG(s) 'latest_only' retrieved from /home/airflow/.local/lib/python3.8/site-packages/airflow/example_dags/example_latest_only.py
[2024-10-14T21:20:23.453+0000] {logging_mixin.py:188} INFO - [2024-10-14T21:20:23.453+0000] {dag.py:3036} INFO - Sync 1 DAGs
[2024-10-14T21:20:23.480+0000] {logging_mixin.py:188} INFO - [2024-10-14T21:20:23.479+0000] {dag.py:3823} INFO - Setting next_dagrun for latest_only to 2024-10-14 16:00:00+00:00, run_after=2024-10-14 20:00:00+00:00
[2024-10-14T21:20:23.495+0000] {processor.py:183} INFO - Processing /home/airflow/.local/lib/python3.8/site-packages/airflow/example_dags/example_latest_only.py took 0.080 seconds
[2024-10-14T21:20:53.820+0000] {processor.py:161} INFO - Started process (PID=251) to work on /home/airflow/.local/lib/python3.8/site-packages/airflow/example_dags/example_latest_only.py
[2024-10-14T21:20:53.821+0000] {processor.py:830} INFO - Processing file /home/airflow/.local/lib/python3.8/site-packages/airflow/example_dags/example_latest_only.py for tasks to queue
[2024-10-14T21:20:53.823+0000] {logging_mixin.py:188} INFO - [2024-10-14T21:20:53.822+0000] {dagbag.py:538} INFO - Filling up the DagBag from /home/airflow/.local/lib/python3.8/site-packages/airflow/example_dags/example_latest_only.py
[2024-10-14T21:20:53.828+0000] {processor.py:840} INFO - DAG(s) 'latest_only' retrieved from /home/airflow/.local/lib/python3.8/site-packages/airflow/example_dags/example_latest_only.py
[2024-10-14T21:20:53.852+0000] {logging_mixin.py:188} INFO - [2024-10-14T21:20:53.852+0000] {dag.py:3036} INFO - Sync 1 DAGs
[2024-10-14T21:20:53.877+0000] {logging_mixin.py:188} INFO - [2024-10-14T21:20:53.877+0000] {dag.py:3823} INFO - Setting next_dagrun for latest_only to 2024-10-14 16:00:00+00:00, run_after=2024-10-14 20:00:00+00:00
[2024-10-14T21:20:53.900+0000] {processor.py:183} INFO - Processing /home/airflow/.local/lib/python3.8/site-packages/airflow/example_dags/example_latest_only.py took 0.083 seconds
[2024-10-14T21:21:24.067+0000] {processor.py:161} INFO - Started process (PID=325) to work on /home/airflow/.local/lib/python3.8/site-packages/airflow/example_dags/example_latest_only.py
[2024-10-14T21:21:24.070+0000] {processor.py:830} INFO - Processing file /home/airflow/.local/lib/python3.8/site-packages/airflow/example_dags/example_latest_only.py for tasks to queue
[2024-10-14T21:21:24.072+0000] {logging_mixin.py:188} INFO - [2024-10-14T21:21:24.072+0000] {dagbag.py:538} INFO - Filling up the DagBag from /home/airflow/.local/lib/python3.8/site-packages/airflow/example_dags/example_latest_only.py
[2024-10-14T21:21:24.076+0000] {processor.py:840} INFO - DAG(s) 'latest_only' retrieved from /home/airflow/.local/lib/python3.8/site-packages/airflow/example_dags/example_latest_only.py
[2024-10-14T21:21:24.090+0000] {logging_mixin.py:188} INFO - [2024-10-14T21:21:24.090+0000] {dag.py:3036} INFO - Sync 1 DAGs
[2024-10-14T21:21:24.105+0000] {logging_mixin.py:188} INFO - [2024-10-14T21:21:24.105+0000] {dag.py:3823} INFO - Setting next_dagrun for latest_only to 2024-10-14 16:00:00+00:00, run_after=2024-10-14 20:00:00+00:00
[2024-10-14T21:21:24.118+0000] {processor.py:183} INFO - Processing /home/airflow/.local/lib/python3.8/site-packages/airflow/example_dags/example_latest_only.py took 0.053 seconds
[2024-10-14T21:21:54.367+0000] {processor.py:161} INFO - Started process (PID=405) to work on /home/airflow/.local/lib/python3.8/site-packages/airflow/example_dags/example_latest_only.py
[2024-10-14T21:21:54.368+0000] {processor.py:830} INFO - Processing file /home/airflow/.local/lib/python3.8/site-packages/airflow/example_dags/example_latest_only.py for tasks to queue
[2024-10-14T21:21:54.370+0000] {logging_mixin.py:188} INFO - [2024-10-14T21:21:54.370+0000] {dagbag.py:538} INFO - Filling up the DagBag from /home/airflow/.local/lib/python3.8/site-packages/airflow/example_dags/example_latest_only.py
[2024-10-14T21:21:54.380+0000] {processor.py:840} INFO - DAG(s) 'latest_only' retrieved from /home/airflow/.local/lib/python3.8/site-packages/airflow/example_dags/example_latest_only.py
[2024-10-14T21:21:54.417+0000] {logging_mixin.py:188} INFO - [2024-10-14T21:21:54.416+0000] {dag.py:3036} INFO - Sync 1 DAGs
[2024-10-14T21:21:54.448+0000] {logging_mixin.py:188} INFO - [2024-10-14T21:21:54.448+0000] {dag.py:3823} INFO - Setting next_dagrun for latest_only to 2024-10-14 16:00:00+00:00, run_after=2024-10-14 20:00:00+00:00
[2024-10-14T21:21:54.468+0000] {processor.py:183} INFO - Processing /home/airflow/.local/lib/python3.8/site-packages/airflow/example_dags/example_latest_only.py took 0.108 seconds
[2024-10-14T21:22:24.666+0000] {processor.py:161} INFO - Started process (PID=480) to work on /home/airflow/.local/lib/python3.8/site-packages/airflow/example_dags/example_latest_only.py
[2024-10-14T21:22:24.669+0000] {processor.py:830} INFO - Processing file /home/airflow/.local/lib/python3.8/site-packages/airflow/example_dags/example_latest_only.py for tasks to queue
[2024-10-14T21:22:24.670+0000] {logging_mixin.py:188} INFO - [2024-10-14T21:22:24.670+0000] {dagbag.py:538} INFO - Filling up the DagBag from /home/airflow/.local/lib/python3.8/site-packages/airflow/example_dags/example_latest_only.py
[2024-10-14T21:22:24.675+0000] {processor.py:840} INFO - DAG(s) 'latest_only' retrieved from /home/airflow/.local/lib/python3.8/site-packages/airflow/example_dags/example_latest_only.py
[2024-10-14T21:22:24.689+0000] {logging_mixin.py:188} INFO - [2024-10-14T21:22:24.689+0000] {dag.py:3036} INFO - Sync 1 DAGs
[2024-10-14T21:22:24.704+0000] {logging_mixin.py:188} INFO - [2024-10-14T21:22:24.704+0000] {dag.py:3823} INFO - Setting next_dagrun for latest_only to 2024-10-14 16:00:00+00:00, run_after=2024-10-14 20:00:00+00:00
[2024-10-14T21:22:24.719+0000] {processor.py:183} INFO - Processing /home/airflow/.local/lib/python3.8/site-packages/airflow/example_dags/example_latest_only.py took 0.056 seconds
[2024-10-14T21:22:55.354+0000] {processor.py:161} INFO - Started process (PID=554) to work on /home/airflow/.local/lib/python3.8/site-packages/airflow/example_dags/example_latest_only.py
[2024-10-14T21:22:55.358+0000] {processor.py:830} INFO - Processing file /home/airflow/.local/lib/python3.8/site-packages/airflow/example_dags/example_latest_only.py for tasks to queue
[2024-10-14T21:22:55.363+0000] {logging_mixin.py:188} INFO - [2024-10-14T21:22:55.362+0000] {dagbag.py:538} INFO - Filling up the DagBag from /home/airflow/.local/lib/python3.8/site-packages/airflow/example_dags/example_latest_only.py
[2024-10-14T21:22:55.368+0000] {processor.py:840} INFO - DAG(s) 'latest_only' retrieved from /home/airflow/.local/lib/python3.8/site-packages/airflow/example_dags/example_latest_only.py
[2024-10-14T21:22:55.393+0000] {logging_mixin.py:188} INFO - [2024-10-14T21:22:55.392+0000] {dag.py:3036} INFO - Sync 1 DAGs
[2024-10-14T21:22:55.417+0000] {logging_mixin.py:188} INFO - [2024-10-14T21:22:55.416+0000] {dag.py:3823} INFO - Setting next_dagrun for latest_only to 2024-10-14 16:00:00+00:00, run_after=2024-10-14 20:00:00+00:00
[2024-10-14T21:22:55.442+0000] {processor.py:183} INFO - Processing /home/airflow/.local/lib/python3.8/site-packages/airflow/example_dags/example_latest_only.py took 0.091 seconds
[2024-10-14T21:23:25.578+0000] {processor.py:161} INFO - Started process (PID=636) to work on /home/airflow/.local/lib/python3.8/site-packages/airflow/example_dags/example_latest_only.py
[2024-10-14T21:23:25.582+0000] {processor.py:830} INFO - Processing file /home/airflow/.local/lib/python3.8/site-packages/airflow/example_dags/example_latest_only.py for tasks to queue
[2024-10-14T21:23:25.583+0000] {logging_mixin.py:188} INFO - [2024-10-14T21:23:25.583+0000] {dagbag.py:538} INFO - Filling up the DagBag from /home/airflow/.local/lib/python3.8/site-packages/airflow/example_dags/example_latest_only.py
[2024-10-14T21:23:25.587+0000] {processor.py:840} INFO - DAG(s) 'latest_only' retrieved from /home/airflow/.local/lib/python3.8/site-packages/airflow/example_dags/example_latest_only.py
[2024-10-14T21:23:25.612+0000] {logging_mixin.py:188} INFO - [2024-10-14T21:23:25.612+0000] {dag.py:3036} INFO - Sync 1 DAGs
[2024-10-14T21:23:25.635+0000] {logging_mixin.py:188} INFO - [2024-10-14T21:23:25.635+0000] {dag.py:3823} INFO - Setting next_dagrun for latest_only to 2024-10-14 16:00:00+00:00, run_after=2024-10-14 20:00:00+00:00
[2024-10-14T21:23:25.658+0000] {processor.py:183} INFO - Processing /home/airflow/.local/lib/python3.8/site-packages/airflow/example_dags/example_latest_only.py took 0.088 seconds
[2024-10-14T21:23:55.845+0000] {processor.py:161} INFO - Started process (PID=710) to work on /home/airflow/.local/lib/python3.8/site-packages/airflow/example_dags/example_latest_only.py
[2024-10-14T21:23:55.846+0000] {processor.py:830} INFO - Processing file /home/airflow/.local/lib/python3.8/site-packages/airflow/example_dags/example_latest_only.py for tasks to queue
[2024-10-14T21:23:55.848+0000] {logging_mixin.py:188} INFO - [2024-10-14T21:23:55.847+0000] {dagbag.py:538} INFO - Filling up the DagBag from /home/airflow/.local/lib/python3.8/site-packages/airflow/example_dags/example_latest_only.py
[2024-10-14T21:23:55.852+0000] {processor.py:840} INFO - DAG(s) 'latest_only' retrieved from /home/airflow/.local/lib/python3.8/site-packages/airflow/example_dags/example_latest_only.py
[2024-10-14T21:23:55.869+0000] {logging_mixin.py:188} INFO - [2024-10-14T21:23:55.869+0000] {dag.py:3036} INFO - Sync 1 DAGs
[2024-10-14T21:23:55.886+0000] {logging_mixin.py:188} INFO - [2024-10-14T21:23:55.886+0000] {dag.py:3823} INFO - Setting next_dagrun for latest_only to 2024-10-14 16:00:00+00:00, run_after=2024-10-14 20:00:00+00:00
[2024-10-14T21:23:55.902+0000] {processor.py:183} INFO - Processing /home/airflow/.local/lib/python3.8/site-packages/airflow/example_dags/example_latest_only.py took 0.062 seconds
[2024-10-14T21:24:26.671+0000] {processor.py:161} INFO - Started process (PID=792) to work on /home/airflow/.local/lib/python3.8/site-packages/airflow/example_dags/example_latest_only.py
[2024-10-14T21:24:26.672+0000] {processor.py:830} INFO - Processing file /home/airflow/.local/lib/python3.8/site-packages/airflow/example_dags/example_latest_only.py for tasks to queue
[2024-10-14T21:24:26.676+0000] {logging_mixin.py:188} INFO - [2024-10-14T21:24:26.674+0000] {dagbag.py:538} INFO - Filling up the DagBag from /home/airflow/.local/lib/python3.8/site-packages/airflow/example_dags/example_latest_only.py
[2024-10-14T21:24:26.683+0000] {processor.py:840} INFO - DAG(s) 'latest_only' retrieved from /home/airflow/.local/lib/python3.8/site-packages/airflow/example_dags/example_latest_only.py
[2024-10-14T21:24:26.704+0000] {logging_mixin.py:188} INFO - [2024-10-14T21:24:26.703+0000] {dag.py:3036} INFO - Sync 1 DAGs
[2024-10-14T21:24:26.729+0000] {logging_mixin.py:188} INFO - [2024-10-14T21:24:26.729+0000] {dag.py:3823} INFO - Setting next_dagrun for latest_only to 2024-10-14 16:00:00+00:00, run_after=2024-10-14 20:00:00+00:00
[2024-10-14T21:24:26.749+0000] {processor.py:183} INFO - Processing /home/airflow/.local/lib/python3.8/site-packages/airflow/example_dags/example_latest_only.py took 0.081 seconds
[2024-10-14T21:24:56.930+0000] {processor.py:161} INFO - Started process (PID=865) to work on /home/airflow/.local/lib/python3.8/site-packages/airflow/example_dags/example_latest_only.py
[2024-10-14T21:24:56.933+0000] {processor.py:830} INFO - Processing file /home/airflow/.local/lib/python3.8/site-packages/airflow/example_dags/example_latest_only.py for tasks to queue
[2024-10-14T21:24:56.934+0000] {logging_mixin.py:188} INFO - [2024-10-14T21:24:56.934+0000] {dagbag.py:538} INFO - Filling up the DagBag from /home/airflow/.local/lib/python3.8/site-packages/airflow/example_dags/example_latest_only.py
[2024-10-14T21:24:56.939+0000] {processor.py:840} INFO - DAG(s) 'latest_only' retrieved from /home/airflow/.local/lib/python3.8/site-packages/airflow/example_dags/example_latest_only.py
[2024-10-14T21:24:56.964+0000] {logging_mixin.py:188} INFO - [2024-10-14T21:24:56.964+0000] {dag.py:3036} INFO - Sync 1 DAGs
[2024-10-14T21:24:56.996+0000] {logging_mixin.py:188} INFO - [2024-10-14T21:24:56.996+0000] {dag.py:3823} INFO - Setting next_dagrun for latest_only to 2024-10-14 16:00:00+00:00, run_after=2024-10-14 20:00:00+00:00
[2024-10-14T21:24:57.014+0000] {processor.py:183} INFO - Processing /home/airflow/.local/lib/python3.8/site-packages/airflow/example_dags/example_latest_only.py took 0.088 seconds
[2024-10-14T21:25:27.521+0000] {processor.py:161} INFO - Started process (PID=947) to work on /home/airflow/.local/lib/python3.8/site-packages/airflow/example_dags/example_latest_only.py
[2024-10-14T21:25:27.522+0000] {processor.py:830} INFO - Processing file /home/airflow/.local/lib/python3.8/site-packages/airflow/example_dags/example_latest_only.py for tasks to queue
[2024-10-14T21:25:27.527+0000] {logging_mixin.py:188} INFO - [2024-10-14T21:25:27.527+0000] {dagbag.py:538} INFO - Filling up the DagBag from /home/airflow/.local/lib/python3.8/site-packages/airflow/example_dags/example_latest_only.py
[2024-10-14T21:25:27.536+0000] {processor.py:840} INFO - DAG(s) 'latest_only' retrieved from /home/airflow/.local/lib/python3.8/site-packages/airflow/example_dags/example_latest_only.py
[2024-10-14T21:25:27.564+0000] {logging_mixin.py:188} INFO - [2024-10-14T21:25:27.563+0000] {dag.py:3036} INFO - Sync 1 DAGs
[2024-10-14T21:25:27.597+0000] {logging_mixin.py:188} INFO - [2024-10-14T21:25:27.596+0000] {dag.py:3823} INFO - Setting next_dagrun for latest_only to 2024-10-14 16:00:00+00:00, run_after=2024-10-14 20:00:00+00:00
[2024-10-14T21:25:27.623+0000] {processor.py:183} INFO - Processing /home/airflow/.local/lib/python3.8/site-packages/airflow/example_dags/example_latest_only.py took 0.104 seconds
[2024-10-14T21:25:57.831+0000] {processor.py:161} INFO - Started process (PID=1021) to work on /home/airflow/.local/lib/python3.8/site-packages/airflow/example_dags/example_latest_only.py
[2024-10-14T21:25:57.834+0000] {processor.py:830} INFO - Processing file /home/airflow/.local/lib/python3.8/site-packages/airflow/example_dags/example_latest_only.py for tasks to queue
[2024-10-14T21:25:57.836+0000] {logging_mixin.py:188} INFO - [2024-10-14T21:25:57.835+0000] {dagbag.py:538} INFO - Filling up the DagBag from /home/airflow/.local/lib/python3.8/site-packages/airflow/example_dags/example_latest_only.py
[2024-10-14T21:25:57.840+0000] {processor.py:840} INFO - DAG(s) 'latest_only' retrieved from /home/airflow/.local/lib/python3.8/site-packages/airflow/example_dags/example_latest_only.py
[2024-10-14T21:25:57.863+0000] {logging_mixin.py:188} INFO - [2024-10-14T21:25:57.863+0000] {dag.py:3036} INFO - Sync 1 DAGs
[2024-10-14T21:25:57.883+0000] {logging_mixin.py:188} INFO - [2024-10-14T21:25:57.883+0000] {dag.py:3823} INFO - Setting next_dagrun for latest_only to 2024-10-14 16:00:00+00:00, run_after=2024-10-14 20:00:00+00:00
[2024-10-14T21:25:57.904+0000] {processor.py:183} INFO - Processing /home/airflow/.local/lib/python3.8/site-packages/airflow/example_dags/example_latest_only.py took 0.080 seconds
[2024-10-14T21:26:28.281+0000] {processor.py:161} INFO - Started process (PID=1103) to work on /home/airflow/.local/lib/python3.8/site-packages/airflow/example_dags/example_latest_only.py
[2024-10-14T21:26:28.285+0000] {processor.py:830} INFO - Processing file /home/airflow/.local/lib/python3.8/site-packages/airflow/example_dags/example_latest_only.py for tasks to queue
[2024-10-14T21:26:28.286+0000] {logging_mixin.py:188} INFO - [2024-10-14T21:26:28.286+0000] {dagbag.py:538} INFO - Filling up the DagBag from /home/airflow/.local/lib/python3.8/site-packages/airflow/example_dags/example_latest_only.py
[2024-10-14T21:26:28.292+0000] {processor.py:840} INFO - DAG(s) 'latest_only' retrieved from /home/airflow/.local/lib/python3.8/site-packages/airflow/example_dags/example_latest_only.py
[2024-10-14T21:26:28.316+0000] {logging_mixin.py:188} INFO - [2024-10-14T21:26:28.316+0000] {dag.py:3036} INFO - Sync 1 DAGs
[2024-10-14T21:26:28.338+0000] {logging_mixin.py:188} INFO - [2024-10-14T21:26:28.338+0000] {dag.py:3823} INFO - Setting next_dagrun for latest_only to 2024-10-14 16:00:00+00:00, run_after=2024-10-14 20:00:00+00:00
[2024-10-14T21:26:28.364+0000] {processor.py:183} INFO - Processing /home/airflow/.local/lib/python3.8/site-packages/airflow/example_dags/example_latest_only.py took 0.087 seconds
[2024-10-14T21:26:58.577+0000] {processor.py:161} INFO - Started process (PID=1177) to work on /home/airflow/.local/lib/python3.8/site-packages/airflow/example_dags/example_latest_only.py
[2024-10-14T21:26:58.579+0000] {processor.py:830} INFO - Processing file /home/airflow/.local/lib/python3.8/site-packages/airflow/example_dags/example_latest_only.py for tasks to queue
[2024-10-14T21:26:58.582+0000] {logging_mixin.py:188} INFO - [2024-10-14T21:26:58.581+0000] {dagbag.py:538} INFO - Filling up the DagBag from /home/airflow/.local/lib/python3.8/site-packages/airflow/example_dags/example_latest_only.py
[2024-10-14T21:26:58.586+0000] {processor.py:840} INFO - DAG(s) 'latest_only' retrieved from /home/airflow/.local/lib/python3.8/site-packages/airflow/example_dags/example_latest_only.py
[2024-10-14T21:26:58.614+0000] {logging_mixin.py:188} INFO - [2024-10-14T21:26:58.614+0000] {dag.py:3036} INFO - Sync 1 DAGs
[2024-10-14T21:26:58.638+0000] {logging_mixin.py:188} INFO - [2024-10-14T21:26:58.638+0000] {dag.py:3823} INFO - Setting next_dagrun for latest_only to 2024-10-14 16:00:00+00:00, run_after=2024-10-14 20:00:00+00:00
[2024-10-14T21:26:58.664+0000] {processor.py:183} INFO - Processing /home/airflow/.local/lib/python3.8/site-packages/airflow/example_dags/example_latest_only.py took 0.093 seconds
[2024-10-14T21:27:29.282+0000] {processor.py:161} INFO - Started process (PID=1259) to work on /home/airflow/.local/lib/python3.8/site-packages/airflow/example_dags/example_latest_only.py
[2024-10-14T21:27:29.287+0000] {processor.py:830} INFO - Processing file /home/airflow/.local/lib/python3.8/site-packages/airflow/example_dags/example_latest_only.py for tasks to queue
[2024-10-14T21:27:29.289+0000] {logging_mixin.py:188} INFO - [2024-10-14T21:27:29.288+0000] {dagbag.py:538} INFO - Filling up the DagBag from /home/airflow/.local/lib/python3.8/site-packages/airflow/example_dags/example_latest_only.py
[2024-10-14T21:27:29.301+0000] {processor.py:840} INFO - DAG(s) 'latest_only' retrieved from /home/airflow/.local/lib/python3.8/site-packages/airflow/example_dags/example_latest_only.py
[2024-10-14T21:27:29.335+0000] {logging_mixin.py:188} INFO - [2024-10-14T21:27:29.335+0000] {dag.py:3036} INFO - Sync 1 DAGs
[2024-10-14T21:27:29.367+0000] {logging_mixin.py:188} INFO - [2024-10-14T21:27:29.367+0000] {dag.py:3823} INFO - Setting next_dagrun for latest_only to 2024-10-14 16:00:00+00:00, run_after=2024-10-14 20:00:00+00:00
[2024-10-14T21:27:29.393+0000] {processor.py:183} INFO - Processing /home/airflow/.local/lib/python3.8/site-packages/airflow/example_dags/example_latest_only.py took 0.121 seconds
[2024-10-14T21:28:00.388+0000] {processor.py:161} INFO - Started process (PID=1333) to work on /home/airflow/.local/lib/python3.8/site-packages/airflow/example_dags/example_latest_only.py
[2024-10-14T21:28:00.389+0000] {processor.py:830} INFO - Processing file /home/airflow/.local/lib/python3.8/site-packages/airflow/example_dags/example_latest_only.py for tasks to queue
[2024-10-14T21:28:00.392+0000] {logging_mixin.py:188} INFO - [2024-10-14T21:28:00.391+0000] {dagbag.py:538} INFO - Filling up the DagBag from /home/airflow/.local/lib/python3.8/site-packages/airflow/example_dags/example_latest_only.py
[2024-10-14T21:28:00.401+0000] {processor.py:840} INFO - DAG(s) 'latest_only' retrieved from /home/airflow/.local/lib/python3.8/site-packages/airflow/example_dags/example_latest_only.py
[2024-10-14T21:28:00.422+0000] {logging_mixin.py:188} INFO - [2024-10-14T21:28:00.422+0000] {dag.py:3036} INFO - Sync 1 DAGs
[2024-10-14T21:28:00.451+0000] {logging_mixin.py:188} INFO - [2024-10-14T21:28:00.451+0000] {dag.py:3823} INFO - Setting next_dagrun for latest_only to 2024-10-14 16:00:00+00:00, run_after=2024-10-14 20:00:00+00:00
[2024-10-14T21:28:00.476+0000] {processor.py:183} INFO - Processing /home/airflow/.local/lib/python3.8/site-packages/airflow/example_dags/example_latest_only.py took 0.091 seconds
[2024-10-14T21:28:30.528+0000] {processor.py:161} INFO - Started process (PID=1415) to work on /home/airflow/.local/lib/python3.8/site-packages/airflow/example_dags/example_latest_only.py
[2024-10-14T21:28:30.529+0000] {processor.py:830} INFO - Processing file /home/airflow/.local/lib/python3.8/site-packages/airflow/example_dags/example_latest_only.py for tasks to queue
[2024-10-14T21:28:30.531+0000] {logging_mixin.py:188} INFO - [2024-10-14T21:28:30.531+0000] {dagbag.py:538} INFO - Filling up the DagBag from /home/airflow/.local/lib/python3.8/site-packages/airflow/example_dags/example_latest_only.py
[2024-10-14T21:28:30.536+0000] {processor.py:840} INFO - DAG(s) 'latest_only' retrieved from /home/airflow/.local/lib/python3.8/site-packages/airflow/example_dags/example_latest_only.py
[2024-10-14T21:28:30.554+0000] {logging_mixin.py:188} INFO - [2024-10-14T21:28:30.554+0000] {dag.py:3036} INFO - Sync 1 DAGs
[2024-10-14T21:28:30.577+0000] {logging_mixin.py:188} INFO - [2024-10-14T21:28:30.576+0000] {dag.py:3823} INFO - Setting next_dagrun for latest_only to 2024-10-14 16:00:00+00:00, run_after=2024-10-14 20:00:00+00:00
[2024-10-14T21:28:30.600+0000] {processor.py:183} INFO - Processing /home/airflow/.local/lib/python3.8/site-packages/airflow/example_dags/example_latest_only.py took 0.077 seconds
[2024-10-14T21:29:01.340+0000] {processor.py:161} INFO - Started process (PID=1489) to work on /home/airflow/.local/lib/python3.8/site-packages/airflow/example_dags/example_latest_only.py
[2024-10-14T21:29:01.341+0000] {processor.py:830} INFO - Processing file /home/airflow/.local/lib/python3.8/site-packages/airflow/example_dags/example_latest_only.py for tasks to queue
[2024-10-14T21:29:01.343+0000] {logging_mixin.py:188} INFO - [2024-10-14T21:29:01.343+0000] {dagbag.py:538} INFO - Filling up the DagBag from /home/airflow/.local/lib/python3.8/site-packages/airflow/example_dags/example_latest_only.py
[2024-10-14T21:29:01.348+0000] {processor.py:840} INFO - DAG(s) 'latest_only' retrieved from /home/airflow/.local/lib/python3.8/site-packages/airflow/example_dags/example_latest_only.py
[2024-10-14T21:29:01.363+0000] {logging_mixin.py:188} INFO - [2024-10-14T21:29:01.363+0000] {dag.py:3036} INFO - Sync 1 DAGs
[2024-10-14T21:29:01.379+0000] {logging_mixin.py:188} INFO - [2024-10-14T21:29:01.378+0000] {dag.py:3823} INFO - Setting next_dagrun for latest_only to 2024-10-14 16:00:00+00:00, run_after=2024-10-14 20:00:00+00:00
[2024-10-14T21:29:01.392+0000] {processor.py:183} INFO - Processing /home/airflow/.local/lib/python3.8/site-packages/airflow/example_dags/example_latest_only.py took 0.054 seconds
[2024-10-14T21:29:31.662+0000] {processor.py:161} INFO - Started process (PID=1571) to work on /home/airflow/.local/lib/python3.8/site-packages/airflow/example_dags/example_latest_only.py
[2024-10-14T21:29:31.663+0000] {processor.py:830} INFO - Processing file /home/airflow/.local/lib/python3.8/site-packages/airflow/example_dags/example_latest_only.py for tasks to queue
[2024-10-14T21:29:31.665+0000] {logging_mixin.py:188} INFO - [2024-10-14T21:29:31.665+0000] {dagbag.py:538} INFO - Filling up the DagBag from /home/airflow/.local/lib/python3.8/site-packages/airflow/example_dags/example_latest_only.py
[2024-10-14T21:29:31.669+0000] {processor.py:840} INFO - DAG(s) 'latest_only' retrieved from /home/airflow/.local/lib/python3.8/site-packages/airflow/example_dags/example_latest_only.py
[2024-10-14T21:29:31.684+0000] {logging_mixin.py:188} INFO - [2024-10-14T21:29:31.684+0000] {dag.py:3036} INFO - Sync 1 DAGs
[2024-10-14T21:29:31.702+0000] {logging_mixin.py:188} INFO - [2024-10-14T21:29:31.702+0000] {dag.py:3823} INFO - Setting next_dagrun for latest_only to 2024-10-14 16:00:00+00:00, run_after=2024-10-14 20:00:00+00:00
[2024-10-14T21:29:31.720+0000] {processor.py:183} INFO - Processing /home/airflow/.local/lib/python3.8/site-packages/airflow/example_dags/example_latest_only.py took 0.060 seconds
[2024-10-14T21:30:02.079+0000] {processor.py:161} INFO - Started process (PID=1652) to work on /home/airflow/.local/lib/python3.8/site-packages/airflow/example_dags/example_latest_only.py
[2024-10-14T21:30:02.081+0000] {processor.py:830} INFO - Processing file /home/airflow/.local/lib/python3.8/site-packages/airflow/example_dags/example_latest_only.py for tasks to queue
[2024-10-14T21:30:02.085+0000] {logging_mixin.py:188} INFO - [2024-10-14T21:30:02.084+0000] {dagbag.py:538} INFO - Filling up the DagBag from /home/airflow/.local/lib/python3.8/site-packages/airflow/example_dags/example_latest_only.py
[2024-10-14T21:30:02.090+0000] {processor.py:840} INFO - DAG(s) 'latest_only' retrieved from /home/airflow/.local/lib/python3.8/site-packages/airflow/example_dags/example_latest_only.py
[2024-10-14T21:30:02.114+0000] {logging_mixin.py:188} INFO - [2024-10-14T21:30:02.114+0000] {dag.py:3036} INFO - Sync 1 DAGs
[2024-10-14T21:30:02.141+0000] {logging_mixin.py:188} INFO - [2024-10-14T21:30:02.141+0000] {dag.py:3823} INFO - Setting next_dagrun for latest_only to 2024-10-14 16:00:00+00:00, run_after=2024-10-14 20:00:00+00:00
[2024-10-14T21:30:02.167+0000] {processor.py:183} INFO - Processing /home/airflow/.local/lib/python3.8/site-packages/airflow/example_dags/example_latest_only.py took 0.092 seconds
[2024-10-14T21:30:32.389+0000] {processor.py:161} INFO - Started process (PID=1726) to work on /home/airflow/.local/lib/python3.8/site-packages/airflow/example_dags/example_latest_only.py
[2024-10-14T21:30:32.390+0000] {processor.py:830} INFO - Processing file /home/airflow/.local/lib/python3.8/site-packages/airflow/example_dags/example_latest_only.py for tasks to queue
[2024-10-14T21:30:32.392+0000] {logging_mixin.py:188} INFO - [2024-10-14T21:30:32.392+0000] {dagbag.py:538} INFO - Filling up the DagBag from /home/airflow/.local/lib/python3.8/site-packages/airflow/example_dags/example_latest_only.py
[2024-10-14T21:30:32.397+0000] {processor.py:840} INFO - DAG(s) 'latest_only' retrieved from /home/airflow/.local/lib/python3.8/site-packages/airflow/example_dags/example_latest_only.py
[2024-10-14T21:30:32.414+0000] {logging_mixin.py:188} INFO - [2024-10-14T21:30:32.414+0000] {dag.py:3036} INFO - Sync 1 DAGs
[2024-10-14T21:30:32.429+0000] {logging_mixin.py:188} INFO - [2024-10-14T21:30:32.429+0000] {dag.py:3823} INFO - Setting next_dagrun for latest_only to 2024-10-14 16:00:00+00:00, run_after=2024-10-14 20:00:00+00:00
[2024-10-14T21:30:32.447+0000] {processor.py:183} INFO - Processing /home/airflow/.local/lib/python3.8/site-packages/airflow/example_dags/example_latest_only.py took 0.062 seconds
[2024-10-14T21:31:02.796+0000] {processor.py:161} INFO - Started process (PID=1808) to work on /home/airflow/.local/lib/python3.8/site-packages/airflow/example_dags/example_latest_only.py
[2024-10-14T21:31:02.799+0000] {processor.py:830} INFO - Processing file /home/airflow/.local/lib/python3.8/site-packages/airflow/example_dags/example_latest_only.py for tasks to queue
[2024-10-14T21:31:02.800+0000] {logging_mixin.py:188} INFO - [2024-10-14T21:31:02.800+0000] {dagbag.py:538} INFO - Filling up the DagBag from /home/airflow/.local/lib/python3.8/site-packages/airflow/example_dags/example_latest_only.py
[2024-10-14T21:31:02.805+0000] {processor.py:840} INFO - DAG(s) 'latest_only' retrieved from /home/airflow/.local/lib/python3.8/site-packages/airflow/example_dags/example_latest_only.py
[2024-10-14T21:31:02.820+0000] {logging_mixin.py:188} INFO - [2024-10-14T21:31:02.820+0000] {dag.py:3036} INFO - Sync 1 DAGs
[2024-10-14T21:31:02.836+0000] {logging_mixin.py:188} INFO - [2024-10-14T21:31:02.835+0000] {dag.py:3823} INFO - Setting next_dagrun for latest_only to 2024-10-14 16:00:00+00:00, run_after=2024-10-14 20:00:00+00:00
[2024-10-14T21:31:02.851+0000] {processor.py:183} INFO - Processing /home/airflow/.local/lib/python3.8/site-packages/airflow/example_dags/example_latest_only.py took 0.058 seconds
[2024-10-14T21:31:33.166+0000] {processor.py:161} INFO - Started process (PID=1881) to work on /home/airflow/.local/lib/python3.8/site-packages/airflow/example_dags/example_latest_only.py
[2024-10-14T21:31:33.167+0000] {processor.py:830} INFO - Processing file /home/airflow/.local/lib/python3.8/site-packages/airflow/example_dags/example_latest_only.py for tasks to queue
[2024-10-14T21:31:33.169+0000] {logging_mixin.py:188} INFO - [2024-10-14T21:31:33.169+0000] {dagbag.py:538} INFO - Filling up the DagBag from /home/airflow/.local/lib/python3.8/site-packages/airflow/example_dags/example_latest_only.py
[2024-10-14T21:31:33.173+0000] {processor.py:840} INFO - DAG(s) 'latest_only' retrieved from /home/airflow/.local/lib/python3.8/site-packages/airflow/example_dags/example_latest_only.py
[2024-10-14T21:31:33.188+0000] {logging_mixin.py:188} INFO - [2024-10-14T21:31:33.187+0000] {dag.py:3036} INFO - Sync 1 DAGs
[2024-10-14T21:31:33.204+0000] {logging_mixin.py:188} INFO - [2024-10-14T21:31:33.204+0000] {dag.py:3823} INFO - Setting next_dagrun for latest_only to 2024-10-14 16:00:00+00:00, run_after=2024-10-14 20:00:00+00:00
[2024-10-14T21:31:33.219+0000] {processor.py:183} INFO - Processing /home/airflow/.local/lib/python3.8/site-packages/airflow/example_dags/example_latest_only.py took 0.055 seconds
[2024-10-14T21:32:03.374+0000] {processor.py:161} INFO - Started process (PID=1963) to work on /home/airflow/.local/lib/python3.8/site-packages/airflow/example_dags/example_latest_only.py
[2024-10-14T21:32:03.378+0000] {processor.py:830} INFO - Processing file /home/airflow/.local/lib/python3.8/site-packages/airflow/example_dags/example_latest_only.py for tasks to queue
[2024-10-14T21:32:03.379+0000] {logging_mixin.py:188} INFO - [2024-10-14T21:32:03.379+0000] {dagbag.py:538} INFO - Filling up the DagBag from /home/airflow/.local/lib/python3.8/site-packages/airflow/example_dags/example_latest_only.py
[2024-10-14T21:32:03.384+0000] {processor.py:840} INFO - DAG(s) 'latest_only' retrieved from /home/airflow/.local/lib/python3.8/site-packages/airflow/example_dags/example_latest_only.py
[2024-10-14T21:32:03.398+0000] {logging_mixin.py:188} INFO - [2024-10-14T21:32:03.398+0000] {dag.py:3036} INFO - Sync 1 DAGs
[2024-10-14T21:32:03.413+0000] {logging_mixin.py:188} INFO - [2024-10-14T21:32:03.413+0000] {dag.py:3823} INFO - Setting next_dagrun for latest_only to 2024-10-14 16:00:00+00:00, run_after=2024-10-14 20:00:00+00:00
[2024-10-14T21:32:03.429+0000] {processor.py:183} INFO - Processing /home/airflow/.local/lib/python3.8/site-packages/airflow/example_dags/example_latest_only.py took 0.058 seconds
[2024-10-14T21:32:33.761+0000] {processor.py:161} INFO - Started process (PID=2037) to work on /home/airflow/.local/lib/python3.8/site-packages/airflow/example_dags/example_latest_only.py
[2024-10-14T21:32:33.765+0000] {processor.py:830} INFO - Processing file /home/airflow/.local/lib/python3.8/site-packages/airflow/example_dags/example_latest_only.py for tasks to queue
[2024-10-14T21:32:33.766+0000] {logging_mixin.py:188} INFO - [2024-10-14T21:32:33.766+0000] {dagbag.py:538} INFO - Filling up the DagBag from /home/airflow/.local/lib/python3.8/site-packages/airflow/example_dags/example_latest_only.py
[2024-10-14T21:32:33.772+0000] {processor.py:840} INFO - DAG(s) 'latest_only' retrieved from /home/airflow/.local/lib/python3.8/site-packages/airflow/example_dags/example_latest_only.py
[2024-10-14T21:32:33.788+0000] {logging_mixin.py:188} INFO - [2024-10-14T21:32:33.788+0000] {dag.py:3036} INFO - Sync 1 DAGs
[2024-10-14T21:32:33.803+0000] {logging_mixin.py:188} INFO - [2024-10-14T21:32:33.803+0000] {dag.py:3823} INFO - Setting next_dagrun for latest_only to 2024-10-14 16:00:00+00:00, run_after=2024-10-14 20:00:00+00:00
[2024-10-14T21:32:33.818+0000] {processor.py:183} INFO - Processing /home/airflow/.local/lib/python3.8/site-packages/airflow/example_dags/example_latest_only.py took 0.059 seconds
[2024-10-14T21:33:04.271+0000] {processor.py:161} INFO - Started process (PID=2118) to work on /home/airflow/.local/lib/python3.8/site-packages/airflow/example_dags/example_latest_only.py
[2024-10-14T21:33:04.272+0000] {processor.py:830} INFO - Processing file /home/airflow/.local/lib/python3.8/site-packages/airflow/example_dags/example_latest_only.py for tasks to queue
[2024-10-14T21:33:04.274+0000] {logging_mixin.py:188} INFO - [2024-10-14T21:33:04.273+0000] {dagbag.py:538} INFO - Filling up the DagBag from /home/airflow/.local/lib/python3.8/site-packages/airflow/example_dags/example_latest_only.py
[2024-10-14T21:33:04.278+0000] {processor.py:840} INFO - DAG(s) 'latest_only' retrieved from /home/airflow/.local/lib/python3.8/site-packages/airflow/example_dags/example_latest_only.py
[2024-10-14T21:33:04.293+0000] {logging_mixin.py:188} INFO - [2024-10-14T21:33:04.293+0000] {dag.py:3036} INFO - Sync 1 DAGs
[2024-10-14T21:33:04.314+0000] {logging_mixin.py:188} INFO - [2024-10-14T21:33:04.314+0000] {dag.py:3823} INFO - Setting next_dagrun for latest_only to 2024-10-14 16:00:00+00:00, run_after=2024-10-14 20:00:00+00:00
[2024-10-14T21:33:04.335+0000] {processor.py:183} INFO - Processing /home/airflow/.local/lib/python3.8/site-packages/airflow/example_dags/example_latest_only.py took 0.067 seconds
[2024-10-14T21:33:34.457+0000] {processor.py:161} INFO - Started process (PID=2198) to work on /home/airflow/.local/lib/python3.8/site-packages/airflow/example_dags/example_latest_only.py
[2024-10-14T21:33:34.458+0000] {processor.py:830} INFO - Processing file /home/airflow/.local/lib/python3.8/site-packages/airflow/example_dags/example_latest_only.py for tasks to queue
[2024-10-14T21:33:34.460+0000] {logging_mixin.py:188} INFO - [2024-10-14T21:33:34.460+0000] {dagbag.py:538} INFO - Filling up the DagBag from /home/airflow/.local/lib/python3.8/site-packages/airflow/example_dags/example_latest_only.py
[2024-10-14T21:33:34.465+0000] {processor.py:840} INFO - DAG(s) 'latest_only' retrieved from /home/airflow/.local/lib/python3.8/site-packages/airflow/example_dags/example_latest_only.py
[2024-10-14T21:33:34.480+0000] {logging_mixin.py:188} INFO - [2024-10-14T21:33:34.480+0000] {dag.py:3036} INFO - Sync 1 DAGs
[2024-10-14T21:33:34.497+0000] {logging_mixin.py:188} INFO - [2024-10-14T21:33:34.497+0000] {dag.py:3823} INFO - Setting next_dagrun for latest_only to 2024-10-14 16:00:00+00:00, run_after=2024-10-14 20:00:00+00:00
[2024-10-14T21:33:34.510+0000] {processor.py:183} INFO - Processing /home/airflow/.local/lib/python3.8/site-packages/airflow/example_dags/example_latest_only.py took 0.055 seconds
[2024-10-14T21:34:04.618+0000] {processor.py:161} INFO - Started process (PID=2273) to work on /home/airflow/.local/lib/python3.8/site-packages/airflow/example_dags/example_latest_only.py
[2024-10-14T21:34:04.619+0000] {processor.py:830} INFO - Processing file /home/airflow/.local/lib/python3.8/site-packages/airflow/example_dags/example_latest_only.py for tasks to queue
[2024-10-14T21:34:04.621+0000] {logging_mixin.py:188} INFO - [2024-10-14T21:34:04.620+0000] {dagbag.py:538} INFO - Filling up the DagBag from /home/airflow/.local/lib/python3.8/site-packages/airflow/example_dags/example_latest_only.py
[2024-10-14T21:34:04.624+0000] {processor.py:840} INFO - DAG(s) 'latest_only' retrieved from /home/airflow/.local/lib/python3.8/site-packages/airflow/example_dags/example_latest_only.py
[2024-10-14T21:34:04.644+0000] {logging_mixin.py:188} INFO - [2024-10-14T21:34:04.643+0000] {dag.py:3036} INFO - Sync 1 DAGs
[2024-10-14T21:34:04.661+0000] {logging_mixin.py:188} INFO - [2024-10-14T21:34:04.661+0000] {dag.py:3823} INFO - Setting next_dagrun for latest_only to 2024-10-14 16:00:00+00:00, run_after=2024-10-14 20:00:00+00:00
[2024-10-14T21:34:04.676+0000] {processor.py:183} INFO - Processing /home/airflow/.local/lib/python3.8/site-packages/airflow/example_dags/example_latest_only.py took 0.062 seconds
[2024-10-14T21:34:34.873+0000] {processor.py:161} INFO - Started process (PID=2355) to work on /home/airflow/.local/lib/python3.8/site-packages/airflow/example_dags/example_latest_only.py
[2024-10-14T21:34:34.875+0000] {processor.py:830} INFO - Processing file /home/airflow/.local/lib/python3.8/site-packages/airflow/example_dags/example_latest_only.py for tasks to queue
[2024-10-14T21:34:34.876+0000] {logging_mixin.py:188} INFO - [2024-10-14T21:34:34.876+0000] {dagbag.py:538} INFO - Filling up the DagBag from /home/airflow/.local/lib/python3.8/site-packages/airflow/example_dags/example_latest_only.py
[2024-10-14T21:34:34.881+0000] {processor.py:840} INFO - DAG(s) 'latest_only' retrieved from /home/airflow/.local/lib/python3.8/site-packages/airflow/example_dags/example_latest_only.py
[2024-10-14T21:34:34.900+0000] {logging_mixin.py:188} INFO - [2024-10-14T21:34:34.899+0000] {dag.py:3036} INFO - Sync 1 DAGs
[2024-10-14T21:34:34.924+0000] {logging_mixin.py:188} INFO - [2024-10-14T21:34:34.923+0000] {dag.py:3823} INFO - Setting next_dagrun for latest_only to 2024-10-14 16:00:00+00:00, run_after=2024-10-14 20:00:00+00:00
[2024-10-14T21:34:34.941+0000] {processor.py:183} INFO - Processing /home/airflow/.local/lib/python3.8/site-packages/airflow/example_dags/example_latest_only.py took 0.070 seconds
[2024-10-14T21:35:05.245+0000] {processor.py:161} INFO - Started process (PID=2428) to work on /home/airflow/.local/lib/python3.8/site-packages/airflow/example_dags/example_latest_only.py
[2024-10-14T21:35:05.248+0000] {processor.py:830} INFO - Processing file /home/airflow/.local/lib/python3.8/site-packages/airflow/example_dags/example_latest_only.py for tasks to queue
[2024-10-14T21:35:05.250+0000] {logging_mixin.py:188} INFO - [2024-10-14T21:35:05.250+0000] {dagbag.py:538} INFO - Filling up the DagBag from /home/airflow/.local/lib/python3.8/site-packages/airflow/example_dags/example_latest_only.py
[2024-10-14T21:35:05.255+0000] {processor.py:840} INFO - DAG(s) 'latest_only' retrieved from /home/airflow/.local/lib/python3.8/site-packages/airflow/example_dags/example_latest_only.py
[2024-10-14T21:35:05.270+0000] {logging_mixin.py:188} INFO - [2024-10-14T21:35:05.270+0000] {dag.py:3036} INFO - Sync 1 DAGs
[2024-10-14T21:35:05.286+0000] {logging_mixin.py:188} INFO - [2024-10-14T21:35:05.286+0000] {dag.py:3823} INFO - Setting next_dagrun for latest_only to 2024-10-14 16:00:00+00:00, run_after=2024-10-14 20:00:00+00:00
[2024-10-14T21:35:05.301+0000] {processor.py:183} INFO - Processing /home/airflow/.local/lib/python3.8/site-packages/airflow/example_dags/example_latest_only.py took 0.059 seconds
[2024-10-14T21:35:35.742+0000] {processor.py:161} INFO - Started process (PID=2510) to work on /home/airflow/.local/lib/python3.8/site-packages/airflow/example_dags/example_latest_only.py
[2024-10-14T21:35:35.745+0000] {processor.py:830} INFO - Processing file /home/airflow/.local/lib/python3.8/site-packages/airflow/example_dags/example_latest_only.py for tasks to queue
[2024-10-14T21:35:35.746+0000] {logging_mixin.py:188} INFO - [2024-10-14T21:35:35.746+0000] {dagbag.py:538} INFO - Filling up the DagBag from /home/airflow/.local/lib/python3.8/site-packages/airflow/example_dags/example_latest_only.py
[2024-10-14T21:35:35.750+0000] {processor.py:840} INFO - DAG(s) 'latest_only' retrieved from /home/airflow/.local/lib/python3.8/site-packages/airflow/example_dags/example_latest_only.py
[2024-10-14T21:35:35.767+0000] {logging_mixin.py:188} INFO - [2024-10-14T21:35:35.766+0000] {dag.py:3036} INFO - Sync 1 DAGs
[2024-10-14T21:35:35.787+0000] {logging_mixin.py:188} INFO - [2024-10-14T21:35:35.787+0000] {dag.py:3823} INFO - Setting next_dagrun for latest_only to 2024-10-14 16:00:00+00:00, run_after=2024-10-14 20:00:00+00:00
[2024-10-14T21:35:35.802+0000] {processor.py:183} INFO - Processing /home/airflow/.local/lib/python3.8/site-packages/airflow/example_dags/example_latest_only.py took 0.063 seconds
[2024-10-14T21:36:05.856+0000] {processor.py:161} INFO - Started process (PID=2584) to work on /home/airflow/.local/lib/python3.8/site-packages/airflow/example_dags/example_latest_only.py
[2024-10-14T21:36:05.857+0000] {processor.py:830} INFO - Processing file /home/airflow/.local/lib/python3.8/site-packages/airflow/example_dags/example_latest_only.py for tasks to queue
[2024-10-14T21:36:05.858+0000] {logging_mixin.py:188} INFO - [2024-10-14T21:36:05.858+0000] {dagbag.py:538} INFO - Filling up the DagBag from /home/airflow/.local/lib/python3.8/site-packages/airflow/example_dags/example_latest_only.py
[2024-10-14T21:36:05.862+0000] {processor.py:840} INFO - DAG(s) 'latest_only' retrieved from /home/airflow/.local/lib/python3.8/site-packages/airflow/example_dags/example_latest_only.py
[2024-10-14T21:36:05.879+0000] {logging_mixin.py:188} INFO - [2024-10-14T21:36:05.879+0000] {dag.py:3036} INFO - Sync 1 DAGs
[2024-10-14T21:36:05.900+0000] {logging_mixin.py:188} INFO - [2024-10-14T21:36:05.899+0000] {dag.py:3823} INFO - Setting next_dagrun for latest_only to 2024-10-14 16:00:00+00:00, run_after=2024-10-14 20:00:00+00:00
[2024-10-14T21:36:05.914+0000] {processor.py:183} INFO - Processing /home/airflow/.local/lib/python3.8/site-packages/airflow/example_dags/example_latest_only.py took 0.060 seconds
[2024-10-14T21:36:36.091+0000] {processor.py:161} INFO - Started process (PID=2666) to work on /home/airflow/.local/lib/python3.8/site-packages/airflow/example_dags/example_latest_only.py
[2024-10-14T21:36:36.091+0000] {processor.py:830} INFO - Processing file /home/airflow/.local/lib/python3.8/site-packages/airflow/example_dags/example_latest_only.py for tasks to queue
[2024-10-14T21:36:36.093+0000] {logging_mixin.py:188} INFO - [2024-10-14T21:36:36.093+0000] {dagbag.py:538} INFO - Filling up the DagBag from /home/airflow/.local/lib/python3.8/site-packages/airflow/example_dags/example_latest_only.py
[2024-10-14T21:36:36.097+0000] {processor.py:840} INFO - DAG(s) 'latest_only' retrieved from /home/airflow/.local/lib/python3.8/site-packages/airflow/example_dags/example_latest_only.py
[2024-10-14T21:36:36.118+0000] {logging_mixin.py:188} INFO - [2024-10-14T21:36:36.118+0000] {dag.py:3036} INFO - Sync 1 DAGs
[2024-10-14T21:36:36.135+0000] {logging_mixin.py:188} INFO - [2024-10-14T21:36:36.135+0000] {dag.py:3823} INFO - Setting next_dagrun for latest_only to 2024-10-14 16:00:00+00:00, run_after=2024-10-14 20:00:00+00:00
[2024-10-14T21:36:36.149+0000] {processor.py:183} INFO - Processing /home/airflow/.local/lib/python3.8/site-packages/airflow/example_dags/example_latest_only.py took 0.062 seconds
[2024-10-14T21:37:06.550+0000] {processor.py:161} INFO - Started process (PID=2740) to work on /home/airflow/.local/lib/python3.8/site-packages/airflow/example_dags/example_latest_only.py
[2024-10-14T21:37:06.551+0000] {processor.py:830} INFO - Processing file /home/airflow/.local/lib/python3.8/site-packages/airflow/example_dags/example_latest_only.py for tasks to queue
[2024-10-14T21:37:06.553+0000] {logging_mixin.py:188} INFO - [2024-10-14T21:37:06.553+0000] {dagbag.py:538} INFO - Filling up the DagBag from /home/airflow/.local/lib/python3.8/site-packages/airflow/example_dags/example_latest_only.py
[2024-10-14T21:37:06.561+0000] {processor.py:840} INFO - DAG(s) 'latest_only' retrieved from /home/airflow/.local/lib/python3.8/site-packages/airflow/example_dags/example_latest_only.py
[2024-10-14T21:37:06.579+0000] {logging_mixin.py:188} INFO - [2024-10-14T21:37:06.579+0000] {dag.py:3036} INFO - Sync 1 DAGs
[2024-10-14T21:37:06.596+0000] {logging_mixin.py:188} INFO - [2024-10-14T21:37:06.596+0000] {dag.py:3823} INFO - Setting next_dagrun for latest_only to 2024-10-14 16:00:00+00:00, run_after=2024-10-14 20:00:00+00:00
[2024-10-14T21:37:06.610+0000] {processor.py:183} INFO - Processing /home/airflow/.local/lib/python3.8/site-packages/airflow/example_dags/example_latest_only.py took 0.063 seconds
[2024-10-14T21:37:36.939+0000] {processor.py:161} INFO - Started process (PID=2820) to work on /home/airflow/.local/lib/python3.8/site-packages/airflow/example_dags/example_latest_only.py
[2024-10-14T21:37:36.940+0000] {processor.py:830} INFO - Processing file /home/airflow/.local/lib/python3.8/site-packages/airflow/example_dags/example_latest_only.py for tasks to queue
[2024-10-14T21:37:36.941+0000] {logging_mixin.py:188} INFO - [2024-10-14T21:37:36.941+0000] {dagbag.py:538} INFO - Filling up the DagBag from /home/airflow/.local/lib/python3.8/site-packages/airflow/example_dags/example_latest_only.py
[2024-10-14T21:37:36.946+0000] {processor.py:840} INFO - DAG(s) 'latest_only' retrieved from /home/airflow/.local/lib/python3.8/site-packages/airflow/example_dags/example_latest_only.py
[2024-10-14T21:37:36.975+0000] {logging_mixin.py:188} INFO - [2024-10-14T21:37:36.975+0000] {dag.py:3036} INFO - Sync 1 DAGs
[2024-10-14T21:37:37.005+0000] {logging_mixin.py:188} INFO - [2024-10-14T21:37:37.005+0000] {dag.py:3823} INFO - Setting next_dagrun for latest_only to 2024-10-14 16:00:00+00:00, run_after=2024-10-14 20:00:00+00:00
[2024-10-14T21:37:37.037+0000] {processor.py:183} INFO - Processing /home/airflow/.local/lib/python3.8/site-packages/airflow/example_dags/example_latest_only.py took 0.101 seconds
[2024-10-14T21:38:07.512+0000] {processor.py:161} INFO - Started process (PID=2902) to work on /home/airflow/.local/lib/python3.8/site-packages/airflow/example_dags/example_latest_only.py
[2024-10-14T21:38:07.514+0000] {processor.py:830} INFO - Processing file /home/airflow/.local/lib/python3.8/site-packages/airflow/example_dags/example_latest_only.py for tasks to queue
[2024-10-14T21:38:07.515+0000] {logging_mixin.py:188} INFO - [2024-10-14T21:38:07.515+0000] {dagbag.py:538} INFO - Filling up the DagBag from /home/airflow/.local/lib/python3.8/site-packages/airflow/example_dags/example_latest_only.py
[2024-10-14T21:38:07.519+0000] {processor.py:840} INFO - DAG(s) 'latest_only' retrieved from /home/airflow/.local/lib/python3.8/site-packages/airflow/example_dags/example_latest_only.py
[2024-10-14T21:38:07.537+0000] {logging_mixin.py:188} INFO - [2024-10-14T21:38:07.537+0000] {dag.py:3036} INFO - Sync 1 DAGs
[2024-10-14T21:38:07.560+0000] {logging_mixin.py:188} INFO - [2024-10-14T21:38:07.560+0000] {dag.py:3823} INFO - Setting next_dagrun for latest_only to 2024-10-14 16:00:00+00:00, run_after=2024-10-14 20:00:00+00:00
[2024-10-14T21:38:07.576+0000] {processor.py:183} INFO - Processing /home/airflow/.local/lib/python3.8/site-packages/airflow/example_dags/example_latest_only.py took 0.067 seconds
[2024-10-14T21:38:37.798+0000] {processor.py:161} INFO - Started process (PID=2976) to work on /home/airflow/.local/lib/python3.8/site-packages/airflow/example_dags/example_latest_only.py
[2024-10-14T21:38:37.801+0000] {processor.py:830} INFO - Processing file /home/airflow/.local/lib/python3.8/site-packages/airflow/example_dags/example_latest_only.py for tasks to queue
[2024-10-14T21:38:37.803+0000] {logging_mixin.py:188} INFO - [2024-10-14T21:38:37.803+0000] {dagbag.py:538} INFO - Filling up the DagBag from /home/airflow/.local/lib/python3.8/site-packages/airflow/example_dags/example_latest_only.py
[2024-10-14T21:38:37.807+0000] {processor.py:840} INFO - DAG(s) 'latest_only' retrieved from /home/airflow/.local/lib/python3.8/site-packages/airflow/example_dags/example_latest_only.py
[2024-10-14T21:38:37.822+0000] {logging_mixin.py:188} INFO - [2024-10-14T21:38:37.822+0000] {dag.py:3036} INFO - Sync 1 DAGs
[2024-10-14T21:38:37.839+0000] {logging_mixin.py:188} INFO - [2024-10-14T21:38:37.839+0000] {dag.py:3823} INFO - Setting next_dagrun for latest_only to 2024-10-14 16:00:00+00:00, run_after=2024-10-14 20:00:00+00:00
[2024-10-14T21:38:37.855+0000] {processor.py:183} INFO - Processing /home/airflow/.local/lib/python3.8/site-packages/airflow/example_dags/example_latest_only.py took 0.059 seconds
[2024-10-14T21:39:08.563+0000] {processor.py:161} INFO - Started process (PID=3050) to work on /home/airflow/.local/lib/python3.8/site-packages/airflow/example_dags/example_latest_only.py
[2024-10-14T21:39:08.566+0000] {processor.py:830} INFO - Processing file /home/airflow/.local/lib/python3.8/site-packages/airflow/example_dags/example_latest_only.py for tasks to queue
[2024-10-14T21:39:08.570+0000] {logging_mixin.py:188} INFO - [2024-10-14T21:39:08.570+0000] {dagbag.py:538} INFO - Filling up the DagBag from /home/airflow/.local/lib/python3.8/site-packages/airflow/example_dags/example_latest_only.py
[2024-10-14T21:39:08.576+0000] {processor.py:840} INFO - DAG(s) 'latest_only' retrieved from /home/airflow/.local/lib/python3.8/site-packages/airflow/example_dags/example_latest_only.py
[2024-10-14T21:39:08.606+0000] {logging_mixin.py:188} INFO - [2024-10-14T21:39:08.606+0000] {dag.py:3036} INFO - Sync 1 DAGs
[2024-10-14T21:39:08.638+0000] {logging_mixin.py:188} INFO - [2024-10-14T21:39:08.638+0000] {dag.py:3823} INFO - Setting next_dagrun for latest_only to 2024-10-14 16:00:00+00:00, run_after=2024-10-14 20:00:00+00:00
[2024-10-14T21:39:08.664+0000] {processor.py:183} INFO - Processing /home/airflow/.local/lib/python3.8/site-packages/airflow/example_dags/example_latest_only.py took 0.105 seconds
[2024-10-14T21:44:04.388+0000] {processor.py:161} INFO - Started process (PID=89) to work on /home/airflow/.local/lib/python3.8/site-packages/airflow/example_dags/example_latest_only.py
[2024-10-14T21:44:04.389+0000] {processor.py:830} INFO - Processing file /home/airflow/.local/lib/python3.8/site-packages/airflow/example_dags/example_latest_only.py for tasks to queue
[2024-10-14T21:44:04.390+0000] {logging_mixin.py:188} INFO - [2024-10-14T21:44:04.390+0000] {dagbag.py:538} INFO - Filling up the DagBag from /home/airflow/.local/lib/python3.8/site-packages/airflow/example_dags/example_latest_only.py
[2024-10-14T21:44:04.397+0000] {processor.py:840} INFO - DAG(s) 'latest_only' retrieved from /home/airflow/.local/lib/python3.8/site-packages/airflow/example_dags/example_latest_only.py
[2024-10-14T21:44:04.478+0000] {logging_mixin.py:188} INFO - [2024-10-14T21:44:04.477+0000] {dag.py:3036} INFO - Sync 1 DAGs
[2024-10-14T21:44:04.500+0000] {logging_mixin.py:188} INFO - [2024-10-14T21:44:04.500+0000] {dag.py:3823} INFO - Setting next_dagrun for latest_only to 2024-10-14 16:00:00+00:00, run_after=2024-10-14 20:00:00+00:00
[2024-10-14T21:44:04.521+0000] {processor.py:183} INFO - Processing /home/airflow/.local/lib/python3.8/site-packages/airflow/example_dags/example_latest_only.py took 0.135 seconds
[2024-10-14T21:44:35.084+0000] {processor.py:161} INFO - Started process (PID=155) to work on /home/airflow/.local/lib/python3.8/site-packages/airflow/example_dags/example_latest_only.py
[2024-10-14T21:44:35.085+0000] {processor.py:830} INFO - Processing file /home/airflow/.local/lib/python3.8/site-packages/airflow/example_dags/example_latest_only.py for tasks to queue
[2024-10-14T21:44:35.086+0000] {logging_mixin.py:188} INFO - [2024-10-14T21:44:35.086+0000] {dagbag.py:538} INFO - Filling up the DagBag from /home/airflow/.local/lib/python3.8/site-packages/airflow/example_dags/example_latest_only.py
[2024-10-14T21:44:35.090+0000] {processor.py:840} INFO - DAG(s) 'latest_only' retrieved from /home/airflow/.local/lib/python3.8/site-packages/airflow/example_dags/example_latest_only.py
[2024-10-14T21:44:35.107+0000] {logging_mixin.py:188} INFO - [2024-10-14T21:44:35.107+0000] {dag.py:3036} INFO - Sync 1 DAGs
[2024-10-14T21:44:35.128+0000] {logging_mixin.py:188} INFO - [2024-10-14T21:44:35.127+0000] {dag.py:3823} INFO - Setting next_dagrun for latest_only to 2024-10-14 16:00:00+00:00, run_after=2024-10-14 20:00:00+00:00
[2024-10-14T21:44:35.148+0000] {processor.py:183} INFO - Processing /home/airflow/.local/lib/python3.8/site-packages/airflow/example_dags/example_latest_only.py took 0.066 seconds
[2024-10-14T21:45:05.692+0000] {processor.py:161} INFO - Started process (PID=229) to work on /home/airflow/.local/lib/python3.8/site-packages/airflow/example_dags/example_latest_only.py
[2024-10-14T21:45:05.693+0000] {processor.py:830} INFO - Processing file /home/airflow/.local/lib/python3.8/site-packages/airflow/example_dags/example_latest_only.py for tasks to queue
[2024-10-14T21:45:05.694+0000] {logging_mixin.py:188} INFO - [2024-10-14T21:45:05.694+0000] {dagbag.py:538} INFO - Filling up the DagBag from /home/airflow/.local/lib/python3.8/site-packages/airflow/example_dags/example_latest_only.py
[2024-10-14T21:45:05.697+0000] {processor.py:840} INFO - DAG(s) 'latest_only' retrieved from /home/airflow/.local/lib/python3.8/site-packages/airflow/example_dags/example_latest_only.py
[2024-10-14T21:45:05.710+0000] {logging_mixin.py:188} INFO - [2024-10-14T21:45:05.710+0000] {dag.py:3036} INFO - Sync 1 DAGs
[2024-10-14T21:45:05.724+0000] {logging_mixin.py:188} INFO - [2024-10-14T21:45:05.723+0000] {dag.py:3823} INFO - Setting next_dagrun for latest_only to 2024-10-14 16:00:00+00:00, run_after=2024-10-14 20:00:00+00:00
[2024-10-14T21:45:05.736+0000] {processor.py:183} INFO - Processing /home/airflow/.local/lib/python3.8/site-packages/airflow/example_dags/example_latest_only.py took 0.046 seconds
[2024-10-14T21:45:36.024+0000] {processor.py:161} INFO - Started process (PID=296) to work on /home/airflow/.local/lib/python3.8/site-packages/airflow/example_dags/example_latest_only.py
[2024-10-14T21:45:36.025+0000] {processor.py:830} INFO - Processing file /home/airflow/.local/lib/python3.8/site-packages/airflow/example_dags/example_latest_only.py for tasks to queue
[2024-10-14T21:45:36.026+0000] {logging_mixin.py:188} INFO - [2024-10-14T21:45:36.026+0000] {dagbag.py:538} INFO - Filling up the DagBag from /home/airflow/.local/lib/python3.8/site-packages/airflow/example_dags/example_latest_only.py
[2024-10-14T21:45:36.030+0000] {processor.py:840} INFO - DAG(s) 'latest_only' retrieved from /home/airflow/.local/lib/python3.8/site-packages/airflow/example_dags/example_latest_only.py
[2024-10-14T21:45:36.044+0000] {logging_mixin.py:188} INFO - [2024-10-14T21:45:36.044+0000] {dag.py:3036} INFO - Sync 1 DAGs
[2024-10-14T21:45:36.062+0000] {logging_mixin.py:188} INFO - [2024-10-14T21:45:36.061+0000] {dag.py:3823} INFO - Setting next_dagrun for latest_only to 2024-10-14 16:00:00+00:00, run_after=2024-10-14 20:00:00+00:00
[2024-10-14T21:45:36.076+0000] {processor.py:183} INFO - Processing /home/airflow/.local/lib/python3.8/site-packages/airflow/example_dags/example_latest_only.py took 0.054 seconds
[2024-10-14T21:46:06.451+0000] {processor.py:161} INFO - Started process (PID=369) to work on /home/airflow/.local/lib/python3.8/site-packages/airflow/example_dags/example_latest_only.py
[2024-10-14T21:46:06.452+0000] {processor.py:830} INFO - Processing file /home/airflow/.local/lib/python3.8/site-packages/airflow/example_dags/example_latest_only.py for tasks to queue
[2024-10-14T21:46:06.453+0000] {logging_mixin.py:188} INFO - [2024-10-14T21:46:06.452+0000] {dagbag.py:538} INFO - Filling up the DagBag from /home/airflow/.local/lib/python3.8/site-packages/airflow/example_dags/example_latest_only.py
[2024-10-14T21:46:06.456+0000] {processor.py:840} INFO - DAG(s) 'latest_only' retrieved from /home/airflow/.local/lib/python3.8/site-packages/airflow/example_dags/example_latest_only.py
[2024-10-14T21:46:06.469+0000] {logging_mixin.py:188} INFO - [2024-10-14T21:46:06.468+0000] {dag.py:3036} INFO - Sync 1 DAGs
[2024-10-14T21:46:06.483+0000] {logging_mixin.py:188} INFO - [2024-10-14T21:46:06.483+0000] {dag.py:3823} INFO - Setting next_dagrun for latest_only to 2024-10-14 16:00:00+00:00, run_after=2024-10-14 20:00:00+00:00
[2024-10-14T21:46:06.495+0000] {processor.py:183} INFO - Processing /home/airflow/.local/lib/python3.8/site-packages/airflow/example_dags/example_latest_only.py took 0.047 seconds
[2024-10-14T21:46:36.618+0000] {processor.py:161} INFO - Started process (PID=443) to work on /home/airflow/.local/lib/python3.8/site-packages/airflow/example_dags/example_latest_only.py
[2024-10-14T21:46:36.619+0000] {processor.py:830} INFO - Processing file /home/airflow/.local/lib/python3.8/site-packages/airflow/example_dags/example_latest_only.py for tasks to queue
[2024-10-14T21:46:36.621+0000] {logging_mixin.py:188} INFO - [2024-10-14T21:46:36.621+0000] {dagbag.py:538} INFO - Filling up the DagBag from /home/airflow/.local/lib/python3.8/site-packages/airflow/example_dags/example_latest_only.py
[2024-10-14T21:46:36.625+0000] {processor.py:840} INFO - DAG(s) 'latest_only' retrieved from /home/airflow/.local/lib/python3.8/site-packages/airflow/example_dags/example_latest_only.py
[2024-10-14T21:46:36.645+0000] {logging_mixin.py:188} INFO - [2024-10-14T21:46:36.645+0000] {dag.py:3036} INFO - Sync 1 DAGs
[2024-10-14T21:46:36.665+0000] {logging_mixin.py:188} INFO - [2024-10-14T21:46:36.664+0000] {dag.py:3823} INFO - Setting next_dagrun for latest_only to 2024-10-14 16:00:00+00:00, run_after=2024-10-14 20:00:00+00:00
[2024-10-14T21:46:36.684+0000] {processor.py:183} INFO - Processing /home/airflow/.local/lib/python3.8/site-packages/airflow/example_dags/example_latest_only.py took 0.069 seconds
[2024-10-14T21:50:41.252+0000] {processor.py:161} INFO - Started process (PID=90) to work on /home/airflow/.local/lib/python3.8/site-packages/airflow/example_dags/example_latest_only.py
[2024-10-14T21:50:41.254+0000] {processor.py:830} INFO - Processing file /home/airflow/.local/lib/python3.8/site-packages/airflow/example_dags/example_latest_only.py for tasks to queue
[2024-10-14T21:50:41.259+0000] {logging_mixin.py:188} INFO - [2024-10-14T21:50:41.258+0000] {dagbag.py:538} INFO - Filling up the DagBag from /home/airflow/.local/lib/python3.8/site-packages/airflow/example_dags/example_latest_only.py
[2024-10-14T21:50:41.268+0000] {processor.py:840} INFO - DAG(s) 'latest_only' retrieved from /home/airflow/.local/lib/python3.8/site-packages/airflow/example_dags/example_latest_only.py
[2024-10-14T21:50:41.282+0000] {logging_mixin.py:188} INFO - [2024-10-14T21:50:41.282+0000] {dag.py:3036} INFO - Sync 1 DAGs
[2024-10-14T21:50:41.313+0000] {logging_mixin.py:188} INFO - [2024-10-14T21:50:41.312+0000] {dag.py:3823} INFO - Setting next_dagrun for latest_only to 2024-10-14 16:00:00+00:00, run_after=2024-10-14 20:00:00+00:00
[2024-10-14T21:50:41.347+0000] {processor.py:183} INFO - Processing /home/airflow/.local/lib/python3.8/site-packages/airflow/example_dags/example_latest_only.py took 0.100 seconds
[2024-10-14T21:51:11.878+0000] {processor.py:161} INFO - Started process (PID=163) to work on /home/airflow/.local/lib/python3.8/site-packages/airflow/example_dags/example_latest_only.py
[2024-10-14T21:51:11.880+0000] {processor.py:830} INFO - Processing file /home/airflow/.local/lib/python3.8/site-packages/airflow/example_dags/example_latest_only.py for tasks to queue
[2024-10-14T21:51:11.886+0000] {logging_mixin.py:188} INFO - [2024-10-14T21:51:11.885+0000] {dagbag.py:538} INFO - Filling up the DagBag from /home/airflow/.local/lib/python3.8/site-packages/airflow/example_dags/example_latest_only.py
[2024-10-14T21:51:11.892+0000] {processor.py:840} INFO - DAG(s) 'latest_only' retrieved from /home/airflow/.local/lib/python3.8/site-packages/airflow/example_dags/example_latest_only.py
[2024-10-14T21:51:12.074+0000] {logging_mixin.py:188} INFO - [2024-10-14T21:51:12.072+0000] {dag.py:3036} INFO - Sync 1 DAGs
[2024-10-14T21:51:12.107+0000] {logging_mixin.py:188} INFO - [2024-10-14T21:51:12.107+0000] {dag.py:3823} INFO - Setting next_dagrun for latest_only to 2024-10-14 16:00:00+00:00, run_after=2024-10-14 20:00:00+00:00
[2024-10-14T21:51:12.143+0000] {processor.py:183} INFO - Processing /home/airflow/.local/lib/python3.8/site-packages/airflow/example_dags/example_latest_only.py took 0.268 seconds
[2024-10-14T21:51:42.585+0000] {processor.py:161} INFO - Started process (PID=236) to work on /home/airflow/.local/lib/python3.8/site-packages/airflow/example_dags/example_latest_only.py
[2024-10-14T21:51:42.586+0000] {processor.py:830} INFO - Processing file /home/airflow/.local/lib/python3.8/site-packages/airflow/example_dags/example_latest_only.py for tasks to queue
[2024-10-14T21:51:42.587+0000] {logging_mixin.py:188} INFO - [2024-10-14T21:51:42.587+0000] {dagbag.py:538} INFO - Filling up the DagBag from /home/airflow/.local/lib/python3.8/site-packages/airflow/example_dags/example_latest_only.py
[2024-10-14T21:51:42.592+0000] {processor.py:840} INFO - DAG(s) 'latest_only' retrieved from /home/airflow/.local/lib/python3.8/site-packages/airflow/example_dags/example_latest_only.py
[2024-10-14T21:51:42.612+0000] {logging_mixin.py:188} INFO - [2024-10-14T21:51:42.612+0000] {dag.py:3036} INFO - Sync 1 DAGs
[2024-10-14T21:51:42.629+0000] {logging_mixin.py:188} INFO - [2024-10-14T21:51:42.629+0000] {dag.py:3823} INFO - Setting next_dagrun for latest_only to 2024-10-14 16:00:00+00:00, run_after=2024-10-14 20:00:00+00:00
[2024-10-14T21:51:42.645+0000] {processor.py:183} INFO - Processing /home/airflow/.local/lib/python3.8/site-packages/airflow/example_dags/example_latest_only.py took 0.064 seconds
[2024-10-14T21:52:12.981+0000] {processor.py:161} INFO - Started process (PID=318) to work on /home/airflow/.local/lib/python3.8/site-packages/airflow/example_dags/example_latest_only.py
[2024-10-14T21:52:12.982+0000] {processor.py:830} INFO - Processing file /home/airflow/.local/lib/python3.8/site-packages/airflow/example_dags/example_latest_only.py for tasks to queue
[2024-10-14T21:52:12.983+0000] {logging_mixin.py:188} INFO - [2024-10-14T21:52:12.983+0000] {dagbag.py:538} INFO - Filling up the DagBag from /home/airflow/.local/lib/python3.8/site-packages/airflow/example_dags/example_latest_only.py
[2024-10-14T21:52:12.986+0000] {processor.py:840} INFO - DAG(s) 'latest_only' retrieved from /home/airflow/.local/lib/python3.8/site-packages/airflow/example_dags/example_latest_only.py
[2024-10-14T21:52:13.000+0000] {logging_mixin.py:188} INFO - [2024-10-14T21:52:13.000+0000] {dag.py:3036} INFO - Sync 1 DAGs
[2024-10-14T21:52:13.016+0000] {logging_mixin.py:188} INFO - [2024-10-14T21:52:13.016+0000] {dag.py:3823} INFO - Setting next_dagrun for latest_only to 2024-10-14 16:00:00+00:00, run_after=2024-10-14 20:00:00+00:00
[2024-10-14T21:52:13.031+0000] {processor.py:183} INFO - Processing /home/airflow/.local/lib/python3.8/site-packages/airflow/example_dags/example_latest_only.py took 0.052 seconds
[2024-10-14T21:52:43.538+0000] {processor.py:161} INFO - Started process (PID=391) to work on /home/airflow/.local/lib/python3.8/site-packages/airflow/example_dags/example_latest_only.py
[2024-10-14T21:52:43.539+0000] {processor.py:830} INFO - Processing file /home/airflow/.local/lib/python3.8/site-packages/airflow/example_dags/example_latest_only.py for tasks to queue
[2024-10-14T21:52:43.540+0000] {logging_mixin.py:188} INFO - [2024-10-14T21:52:43.540+0000] {dagbag.py:538} INFO - Filling up the DagBag from /home/airflow/.local/lib/python3.8/site-packages/airflow/example_dags/example_latest_only.py
[2024-10-14T21:52:43.544+0000] {processor.py:840} INFO - DAG(s) 'latest_only' retrieved from /home/airflow/.local/lib/python3.8/site-packages/airflow/example_dags/example_latest_only.py
[2024-10-14T21:52:43.574+0000] {logging_mixin.py:188} INFO - [2024-10-14T21:52:43.574+0000] {dag.py:3036} INFO - Sync 1 DAGs
[2024-10-14T21:52:43.606+0000] {logging_mixin.py:188} INFO - [2024-10-14T21:52:43.605+0000] {dag.py:3823} INFO - Setting next_dagrun for latest_only to 2024-10-14 16:00:00+00:00, run_after=2024-10-14 20:00:00+00:00
[2024-10-14T21:52:43.632+0000] {processor.py:183} INFO - Processing /home/airflow/.local/lib/python3.8/site-packages/airflow/example_dags/example_latest_only.py took 0.102 seconds
[2024-10-14T21:53:13.946+0000] {processor.py:161} INFO - Started process (PID=472) to work on /home/airflow/.local/lib/python3.8/site-packages/airflow/example_dags/example_latest_only.py
[2024-10-14T21:53:13.947+0000] {processor.py:830} INFO - Processing file /home/airflow/.local/lib/python3.8/site-packages/airflow/example_dags/example_latest_only.py for tasks to queue
[2024-10-14T21:53:13.951+0000] {logging_mixin.py:188} INFO - [2024-10-14T21:53:13.950+0000] {dagbag.py:538} INFO - Filling up the DagBag from /home/airflow/.local/lib/python3.8/site-packages/airflow/example_dags/example_latest_only.py
[2024-10-14T21:53:13.957+0000] {processor.py:840} INFO - DAG(s) 'latest_only' retrieved from /home/airflow/.local/lib/python3.8/site-packages/airflow/example_dags/example_latest_only.py
[2024-10-14T21:53:13.977+0000] {logging_mixin.py:188} INFO - [2024-10-14T21:53:13.976+0000] {dag.py:3036} INFO - Sync 1 DAGs
[2024-10-14T21:53:13.997+0000] {logging_mixin.py:188} INFO - [2024-10-14T21:53:13.996+0000] {dag.py:3823} INFO - Setting next_dagrun for latest_only to 2024-10-14 16:00:00+00:00, run_after=2024-10-14 20:00:00+00:00
[2024-10-14T21:53:14.021+0000] {processor.py:183} INFO - Processing /home/airflow/.local/lib/python3.8/site-packages/airflow/example_dags/example_latest_only.py took 0.077 seconds
[2024-10-14T21:53:44.257+0000] {processor.py:161} INFO - Started process (PID=545) to work on /home/airflow/.local/lib/python3.8/site-packages/airflow/example_dags/example_latest_only.py
[2024-10-14T21:53:44.258+0000] {processor.py:830} INFO - Processing file /home/airflow/.local/lib/python3.8/site-packages/airflow/example_dags/example_latest_only.py for tasks to queue
[2024-10-14T21:53:44.259+0000] {logging_mixin.py:188} INFO - [2024-10-14T21:53:44.259+0000] {dagbag.py:538} INFO - Filling up the DagBag from /home/airflow/.local/lib/python3.8/site-packages/airflow/example_dags/example_latest_only.py
[2024-10-14T21:53:44.263+0000] {processor.py:840} INFO - DAG(s) 'latest_only' retrieved from /home/airflow/.local/lib/python3.8/site-packages/airflow/example_dags/example_latest_only.py
[2024-10-14T21:53:44.288+0000] {logging_mixin.py:188} INFO - [2024-10-14T21:53:44.288+0000] {dag.py:3036} INFO - Sync 1 DAGs
[2024-10-14T21:53:44.311+0000] {logging_mixin.py:188} INFO - [2024-10-14T21:53:44.311+0000] {dag.py:3823} INFO - Setting next_dagrun for latest_only to 2024-10-14 16:00:00+00:00, run_after=2024-10-14 20:00:00+00:00
[2024-10-14T21:53:44.334+0000] {processor.py:183} INFO - Processing /home/airflow/.local/lib/python3.8/site-packages/airflow/example_dags/example_latest_only.py took 0.082 seconds
[2024-10-14T21:54:14.832+0000] {processor.py:161} INFO - Started process (PID=636) to work on /home/airflow/.local/lib/python3.8/site-packages/airflow/example_dags/example_latest_only.py
[2024-10-14T21:54:14.834+0000] {processor.py:830} INFO - Processing file /home/airflow/.local/lib/python3.8/site-packages/airflow/example_dags/example_latest_only.py for tasks to queue
[2024-10-14T21:54:14.837+0000] {logging_mixin.py:188} INFO - [2024-10-14T21:54:14.836+0000] {dagbag.py:538} INFO - Filling up the DagBag from /home/airflow/.local/lib/python3.8/site-packages/airflow/example_dags/example_latest_only.py
[2024-10-14T21:54:14.841+0000] {processor.py:840} INFO - DAG(s) 'latest_only' retrieved from /home/airflow/.local/lib/python3.8/site-packages/airflow/example_dags/example_latest_only.py
[2024-10-14T21:54:14.861+0000] {logging_mixin.py:188} INFO - [2024-10-14T21:54:14.861+0000] {dag.py:3036} INFO - Sync 1 DAGs
[2024-10-14T21:54:14.881+0000] {logging_mixin.py:188} INFO - [2024-10-14T21:54:14.880+0000] {dag.py:3823} INFO - Setting next_dagrun for latest_only to 2024-10-14 16:00:00+00:00, run_after=2024-10-14 20:00:00+00:00
[2024-10-14T21:54:14.905+0000] {processor.py:183} INFO - Processing /home/airflow/.local/lib/python3.8/site-packages/airflow/example_dags/example_latest_only.py took 0.076 seconds
[2024-10-14T21:58:41.141+0000] {processor.py:161} INFO - Started process (PID=82) to work on /home/airflow/.local/lib/python3.8/site-packages/airflow/example_dags/example_latest_only.py
[2024-10-14T21:58:41.142+0000] {processor.py:830} INFO - Processing file /home/airflow/.local/lib/python3.8/site-packages/airflow/example_dags/example_latest_only.py for tasks to queue
[2024-10-14T21:58:41.144+0000] {logging_mixin.py:188} INFO - [2024-10-14T21:58:41.144+0000] {dagbag.py:538} INFO - Filling up the DagBag from /home/airflow/.local/lib/python3.8/site-packages/airflow/example_dags/example_latest_only.py
[2024-10-14T21:58:41.157+0000] {processor.py:840} INFO - DAG(s) 'latest_only' retrieved from /home/airflow/.local/lib/python3.8/site-packages/airflow/example_dags/example_latest_only.py
[2024-10-14T21:58:41.177+0000] {logging_mixin.py:188} INFO - [2024-10-14T21:58:41.177+0000] {dag.py:3036} INFO - Sync 1 DAGs
[2024-10-14T21:58:41.214+0000] {logging_mixin.py:188} INFO - [2024-10-14T21:58:41.213+0000] {dag.py:3823} INFO - Setting next_dagrun for latest_only to 2024-10-14 16:00:00+00:00, run_after=2024-10-14 20:00:00+00:00
[2024-10-14T21:58:41.242+0000] {processor.py:183} INFO - Processing /home/airflow/.local/lib/python3.8/site-packages/airflow/example_dags/example_latest_only.py took 0.105 seconds
[2024-10-14T21:59:11.634+0000] {processor.py:161} INFO - Started process (PID=162) to work on /home/airflow/.local/lib/python3.8/site-packages/airflow/example_dags/example_latest_only.py
[2024-10-14T21:59:11.635+0000] {processor.py:830} INFO - Processing file /home/airflow/.local/lib/python3.8/site-packages/airflow/example_dags/example_latest_only.py for tasks to queue
[2024-10-14T21:59:11.637+0000] {logging_mixin.py:188} INFO - [2024-10-14T21:59:11.636+0000] {dagbag.py:538} INFO - Filling up the DagBag from /home/airflow/.local/lib/python3.8/site-packages/airflow/example_dags/example_latest_only.py
[2024-10-14T21:59:11.640+0000] {processor.py:840} INFO - DAG(s) 'latest_only' retrieved from /home/airflow/.local/lib/python3.8/site-packages/airflow/example_dags/example_latest_only.py
[2024-10-14T21:59:11.716+0000] {logging_mixin.py:188} INFO - [2024-10-14T21:59:11.716+0000] {dag.py:3036} INFO - Sync 1 DAGs
[2024-10-14T21:59:11.731+0000] {logging_mixin.py:188} INFO - [2024-10-14T21:59:11.731+0000] {dag.py:3823} INFO - Setting next_dagrun for latest_only to 2024-10-14 16:00:00+00:00, run_after=2024-10-14 20:00:00+00:00
[2024-10-14T21:59:11.745+0000] {processor.py:183} INFO - Processing /home/airflow/.local/lib/python3.8/site-packages/airflow/example_dags/example_latest_only.py took 0.113 seconds
[2024-10-14T21:59:42.654+0000] {processor.py:161} INFO - Started process (PID=236) to work on /home/airflow/.local/lib/python3.8/site-packages/airflow/example_dags/example_latest_only.py
[2024-10-14T21:59:42.654+0000] {processor.py:830} INFO - Processing file /home/airflow/.local/lib/python3.8/site-packages/airflow/example_dags/example_latest_only.py for tasks to queue
[2024-10-14T21:59:42.656+0000] {logging_mixin.py:188} INFO - [2024-10-14T21:59:42.655+0000] {dagbag.py:538} INFO - Filling up the DagBag from /home/airflow/.local/lib/python3.8/site-packages/airflow/example_dags/example_latest_only.py
[2024-10-14T21:59:42.659+0000] {processor.py:840} INFO - DAG(s) 'latest_only' retrieved from /home/airflow/.local/lib/python3.8/site-packages/airflow/example_dags/example_latest_only.py
[2024-10-14T21:59:42.672+0000] {logging_mixin.py:188} INFO - [2024-10-14T21:59:42.672+0000] {dag.py:3036} INFO - Sync 1 DAGs
[2024-10-14T21:59:42.686+0000] {logging_mixin.py:188} INFO - [2024-10-14T21:59:42.685+0000] {dag.py:3823} INFO - Setting next_dagrun for latest_only to 2024-10-14 16:00:00+00:00, run_after=2024-10-14 20:00:00+00:00
[2024-10-14T21:59:42.697+0000] {processor.py:183} INFO - Processing /home/airflow/.local/lib/python3.8/site-packages/airflow/example_dags/example_latest_only.py took 0.046 seconds
[2024-10-14T22:00:13.090+0000] {processor.py:161} INFO - Started process (PID=318) to work on /home/airflow/.local/lib/python3.8/site-packages/airflow/example_dags/example_latest_only.py
[2024-10-14T22:00:13.091+0000] {processor.py:830} INFO - Processing file /home/airflow/.local/lib/python3.8/site-packages/airflow/example_dags/example_latest_only.py for tasks to queue
[2024-10-14T22:00:13.093+0000] {logging_mixin.py:188} INFO - [2024-10-14T22:00:13.093+0000] {dagbag.py:538} INFO - Filling up the DagBag from /home/airflow/.local/lib/python3.8/site-packages/airflow/example_dags/example_latest_only.py
[2024-10-14T22:00:13.098+0000] {processor.py:840} INFO - DAG(s) 'latest_only' retrieved from /home/airflow/.local/lib/python3.8/site-packages/airflow/example_dags/example_latest_only.py
[2024-10-14T22:00:13.123+0000] {logging_mixin.py:188} INFO - [2024-10-14T22:00:13.123+0000] {dag.py:3036} INFO - Sync 1 DAGs
[2024-10-14T22:00:13.160+0000] {logging_mixin.py:188} INFO - [2024-10-14T22:00:13.160+0000] {dag.py:3823} INFO - Setting next_dagrun for latest_only to 2024-10-14 16:00:00+00:00, run_after=2024-10-14 20:00:00+00:00
[2024-10-14T22:00:13.189+0000] {processor.py:183} INFO - Processing /home/airflow/.local/lib/python3.8/site-packages/airflow/example_dags/example_latest_only.py took 0.102 seconds
[2024-10-14T22:00:43.565+0000] {processor.py:161} INFO - Started process (PID=392) to work on /home/airflow/.local/lib/python3.8/site-packages/airflow/example_dags/example_latest_only.py
[2024-10-14T22:00:43.566+0000] {processor.py:830} INFO - Processing file /home/airflow/.local/lib/python3.8/site-packages/airflow/example_dags/example_latest_only.py for tasks to queue
[2024-10-14T22:00:43.568+0000] {logging_mixin.py:188} INFO - [2024-10-14T22:00:43.567+0000] {dagbag.py:538} INFO - Filling up the DagBag from /home/airflow/.local/lib/python3.8/site-packages/airflow/example_dags/example_latest_only.py
[2024-10-14T22:00:43.576+0000] {processor.py:840} INFO - DAG(s) 'latest_only' retrieved from /home/airflow/.local/lib/python3.8/site-packages/airflow/example_dags/example_latest_only.py
[2024-10-14T22:00:43.596+0000] {logging_mixin.py:188} INFO - [2024-10-14T22:00:43.595+0000] {dag.py:3036} INFO - Sync 1 DAGs
[2024-10-14T22:00:43.616+0000] {logging_mixin.py:188} INFO - [2024-10-14T22:00:43.616+0000] {dag.py:3823} INFO - Setting next_dagrun for latest_only to 2024-10-14 16:00:00+00:00, run_after=2024-10-14 20:00:00+00:00
[2024-10-14T22:00:43.636+0000] {processor.py:183} INFO - Processing /home/airflow/.local/lib/python3.8/site-packages/airflow/example_dags/example_latest_only.py took 0.074 seconds
[2024-10-14T22:01:13.747+0000] {processor.py:161} INFO - Started process (PID=466) to work on /home/airflow/.local/lib/python3.8/site-packages/airflow/example_dags/example_latest_only.py
[2024-10-14T22:01:13.748+0000] {processor.py:830} INFO - Processing file /home/airflow/.local/lib/python3.8/site-packages/airflow/example_dags/example_latest_only.py for tasks to queue
[2024-10-14T22:01:13.749+0000] {logging_mixin.py:188} INFO - [2024-10-14T22:01:13.749+0000] {dagbag.py:538} INFO - Filling up the DagBag from /home/airflow/.local/lib/python3.8/site-packages/airflow/example_dags/example_latest_only.py
[2024-10-14T22:01:13.760+0000] {processor.py:840} INFO - DAG(s) 'latest_only' retrieved from /home/airflow/.local/lib/python3.8/site-packages/airflow/example_dags/example_latest_only.py
[2024-10-14T22:01:13.780+0000] {logging_mixin.py:188} INFO - [2024-10-14T22:01:13.780+0000] {dag.py:3036} INFO - Sync 1 DAGs
[2024-10-14T22:01:13.804+0000] {logging_mixin.py:188} INFO - [2024-10-14T22:01:13.804+0000] {dag.py:3823} INFO - Setting next_dagrun for latest_only to 2024-10-14 16:00:00+00:00, run_after=2024-10-14 20:00:00+00:00
[2024-10-14T22:01:13.826+0000] {processor.py:183} INFO - Processing /home/airflow/.local/lib/python3.8/site-packages/airflow/example_dags/example_latest_only.py took 0.082 seconds
[2024-10-14T22:01:44.257+0000] {processor.py:161} INFO - Started process (PID=548) to work on /home/airflow/.local/lib/python3.8/site-packages/airflow/example_dags/example_latest_only.py
[2024-10-14T22:01:44.258+0000] {processor.py:830} INFO - Processing file /home/airflow/.local/lib/python3.8/site-packages/airflow/example_dags/example_latest_only.py for tasks to queue
[2024-10-14T22:01:44.259+0000] {logging_mixin.py:188} INFO - [2024-10-14T22:01:44.259+0000] {dagbag.py:538} INFO - Filling up the DagBag from /home/airflow/.local/lib/python3.8/site-packages/airflow/example_dags/example_latest_only.py
[2024-10-14T22:01:44.262+0000] {processor.py:840} INFO - DAG(s) 'latest_only' retrieved from /home/airflow/.local/lib/python3.8/site-packages/airflow/example_dags/example_latest_only.py
[2024-10-14T22:01:44.281+0000] {logging_mixin.py:188} INFO - [2024-10-14T22:01:44.281+0000] {dag.py:3036} INFO - Sync 1 DAGs
[2024-10-14T22:01:44.299+0000] {logging_mixin.py:188} INFO - [2024-10-14T22:01:44.299+0000] {dag.py:3823} INFO - Setting next_dagrun for latest_only to 2024-10-14 16:00:00+00:00, run_after=2024-10-14 20:00:00+00:00
[2024-10-14T22:01:44.317+0000] {processor.py:183} INFO - Processing /home/airflow/.local/lib/python3.8/site-packages/airflow/example_dags/example_latest_only.py took 0.066 seconds
[2024-10-14T22:02:14.642+0000] {processor.py:161} INFO - Started process (PID=622) to work on /home/airflow/.local/lib/python3.8/site-packages/airflow/example_dags/example_latest_only.py
[2024-10-14T22:02:14.642+0000] {processor.py:830} INFO - Processing file /home/airflow/.local/lib/python3.8/site-packages/airflow/example_dags/example_latest_only.py for tasks to queue
[2024-10-14T22:02:14.644+0000] {logging_mixin.py:188} INFO - [2024-10-14T22:02:14.643+0000] {dagbag.py:538} INFO - Filling up the DagBag from /home/airflow/.local/lib/python3.8/site-packages/airflow/example_dags/example_latest_only.py
[2024-10-14T22:02:14.647+0000] {processor.py:840} INFO - DAG(s) 'latest_only' retrieved from /home/airflow/.local/lib/python3.8/site-packages/airflow/example_dags/example_latest_only.py
[2024-10-14T22:02:14.664+0000] {logging_mixin.py:188} INFO - [2024-10-14T22:02:14.663+0000] {dag.py:3036} INFO - Sync 1 DAGs
[2024-10-14T22:02:14.682+0000] {logging_mixin.py:188} INFO - [2024-10-14T22:02:14.682+0000] {dag.py:3823} INFO - Setting next_dagrun for latest_only to 2024-10-14 16:00:00+00:00, run_after=2024-10-14 20:00:00+00:00
[2024-10-14T22:02:14.699+0000] {processor.py:183} INFO - Processing /home/airflow/.local/lib/python3.8/site-packages/airflow/example_dags/example_latest_only.py took 0.061 seconds
[2024-10-14T22:02:45.364+0000] {processor.py:161} INFO - Started process (PID=704) to work on /home/airflow/.local/lib/python3.8/site-packages/airflow/example_dags/example_latest_only.py
[2024-10-14T22:02:45.365+0000] {processor.py:830} INFO - Processing file /home/airflow/.local/lib/python3.8/site-packages/airflow/example_dags/example_latest_only.py for tasks to queue
[2024-10-14T22:02:45.366+0000] {logging_mixin.py:188} INFO - [2024-10-14T22:02:45.366+0000] {dagbag.py:538} INFO - Filling up the DagBag from /home/airflow/.local/lib/python3.8/site-packages/airflow/example_dags/example_latest_only.py
[2024-10-14T22:02:45.371+0000] {processor.py:840} INFO - DAG(s) 'latest_only' retrieved from /home/airflow/.local/lib/python3.8/site-packages/airflow/example_dags/example_latest_only.py
[2024-10-14T22:02:45.388+0000] {logging_mixin.py:188} INFO - [2024-10-14T22:02:45.388+0000] {dag.py:3036} INFO - Sync 1 DAGs
[2024-10-14T22:02:45.409+0000] {logging_mixin.py:188} INFO - [2024-10-14T22:02:45.409+0000] {dag.py:3823} INFO - Setting next_dagrun for latest_only to 2024-10-14 16:00:00+00:00, run_after=2024-10-14 20:00:00+00:00
[2024-10-14T22:02:45.426+0000] {processor.py:183} INFO - Processing /home/airflow/.local/lib/python3.8/site-packages/airflow/example_dags/example_latest_only.py took 0.064 seconds
[2024-10-14T22:03:15.579+0000] {processor.py:161} INFO - Started process (PID=778) to work on /home/airflow/.local/lib/python3.8/site-packages/airflow/example_dags/example_latest_only.py
[2024-10-14T22:03:15.580+0000] {processor.py:830} INFO - Processing file /home/airflow/.local/lib/python3.8/site-packages/airflow/example_dags/example_latest_only.py for tasks to queue
[2024-10-14T22:03:15.581+0000] {logging_mixin.py:188} INFO - [2024-10-14T22:03:15.581+0000] {dagbag.py:538} INFO - Filling up the DagBag from /home/airflow/.local/lib/python3.8/site-packages/airflow/example_dags/example_latest_only.py
[2024-10-14T22:03:15.586+0000] {processor.py:840} INFO - DAG(s) 'latest_only' retrieved from /home/airflow/.local/lib/python3.8/site-packages/airflow/example_dags/example_latest_only.py
[2024-10-14T22:03:15.617+0000] {logging_mixin.py:188} INFO - [2024-10-14T22:03:15.617+0000] {dag.py:3036} INFO - Sync 1 DAGs
[2024-10-14T22:03:15.651+0000] {logging_mixin.py:188} INFO - [2024-10-14T22:03:15.651+0000] {dag.py:3823} INFO - Setting next_dagrun for latest_only to 2024-10-14 16:00:00+00:00, run_after=2024-10-14 20:00:00+00:00
[2024-10-14T22:03:15.685+0000] {processor.py:183} INFO - Processing /home/airflow/.local/lib/python3.8/site-packages/airflow/example_dags/example_latest_only.py took 0.114 seconds
[2024-10-14T22:03:45.924+0000] {processor.py:161} INFO - Started process (PID=859) to work on /home/airflow/.local/lib/python3.8/site-packages/airflow/example_dags/example_latest_only.py
[2024-10-14T22:03:45.924+0000] {processor.py:830} INFO - Processing file /home/airflow/.local/lib/python3.8/site-packages/airflow/example_dags/example_latest_only.py for tasks to queue
[2024-10-14T22:03:45.926+0000] {logging_mixin.py:188} INFO - [2024-10-14T22:03:45.925+0000] {dagbag.py:538} INFO - Filling up the DagBag from /home/airflow/.local/lib/python3.8/site-packages/airflow/example_dags/example_latest_only.py
[2024-10-14T22:03:45.929+0000] {processor.py:840} INFO - DAG(s) 'latest_only' retrieved from /home/airflow/.local/lib/python3.8/site-packages/airflow/example_dags/example_latest_only.py
[2024-10-14T22:03:45.947+0000] {logging_mixin.py:188} INFO - [2024-10-14T22:03:45.946+0000] {dag.py:3036} INFO - Sync 1 DAGs
[2024-10-14T22:03:45.968+0000] {logging_mixin.py:188} INFO - [2024-10-14T22:03:45.967+0000] {dag.py:3823} INFO - Setting next_dagrun for latest_only to 2024-10-14 16:00:00+00:00, run_after=2024-10-14 20:00:00+00:00
[2024-10-14T22:03:45.981+0000] {processor.py:183} INFO - Processing /home/airflow/.local/lib/python3.8/site-packages/airflow/example_dags/example_latest_only.py took 0.060 seconds
[2024-10-14T22:04:16.185+0000] {processor.py:161} INFO - Started process (PID=933) to work on /home/airflow/.local/lib/python3.8/site-packages/airflow/example_dags/example_latest_only.py
[2024-10-14T22:04:16.186+0000] {processor.py:830} INFO - Processing file /home/airflow/.local/lib/python3.8/site-packages/airflow/example_dags/example_latest_only.py for tasks to queue
[2024-10-14T22:04:16.187+0000] {logging_mixin.py:188} INFO - [2024-10-14T22:04:16.187+0000] {dagbag.py:538} INFO - Filling up the DagBag from /home/airflow/.local/lib/python3.8/site-packages/airflow/example_dags/example_latest_only.py
[2024-10-14T22:04:16.191+0000] {processor.py:840} INFO - DAG(s) 'latest_only' retrieved from /home/airflow/.local/lib/python3.8/site-packages/airflow/example_dags/example_latest_only.py
[2024-10-14T22:04:16.204+0000] {logging_mixin.py:188} INFO - [2024-10-14T22:04:16.204+0000] {dag.py:3036} INFO - Sync 1 DAGs
[2024-10-14T22:04:16.219+0000] {logging_mixin.py:188} INFO - [2024-10-14T22:04:16.219+0000] {dag.py:3823} INFO - Setting next_dagrun for latest_only to 2024-10-14 16:00:00+00:00, run_after=2024-10-14 20:00:00+00:00
[2024-10-14T22:04:16.232+0000] {processor.py:183} INFO - Processing /home/airflow/.local/lib/python3.8/site-packages/airflow/example_dags/example_latest_only.py took 0.050 seconds
[2024-10-14T22:04:46.782+0000] {processor.py:161} INFO - Started process (PID=1013) to work on /home/airflow/.local/lib/python3.8/site-packages/airflow/example_dags/example_latest_only.py
[2024-10-14T22:04:46.783+0000] {processor.py:830} INFO - Processing file /home/airflow/.local/lib/python3.8/site-packages/airflow/example_dags/example_latest_only.py for tasks to queue
[2024-10-14T22:04:46.784+0000] {logging_mixin.py:188} INFO - [2024-10-14T22:04:46.784+0000] {dagbag.py:538} INFO - Filling up the DagBag from /home/airflow/.local/lib/python3.8/site-packages/airflow/example_dags/example_latest_only.py
[2024-10-14T22:04:46.788+0000] {processor.py:840} INFO - DAG(s) 'latest_only' retrieved from /home/airflow/.local/lib/python3.8/site-packages/airflow/example_dags/example_latest_only.py
[2024-10-14T22:04:46.802+0000] {logging_mixin.py:188} INFO - [2024-10-14T22:04:46.802+0000] {dag.py:3036} INFO - Sync 1 DAGs
[2024-10-14T22:04:46.817+0000] {logging_mixin.py:188} INFO - [2024-10-14T22:04:46.817+0000] {dag.py:3823} INFO - Setting next_dagrun for latest_only to 2024-10-14 16:00:00+00:00, run_after=2024-10-14 20:00:00+00:00
[2024-10-14T22:04:46.833+0000] {processor.py:183} INFO - Processing /home/airflow/.local/lib/python3.8/site-packages/airflow/example_dags/example_latest_only.py took 0.054 seconds
[2024-10-14T22:05:16.935+0000] {processor.py:161} INFO - Started process (PID=1087) to work on /home/airflow/.local/lib/python3.8/site-packages/airflow/example_dags/example_latest_only.py
[2024-10-14T22:05:16.936+0000] {processor.py:830} INFO - Processing file /home/airflow/.local/lib/python3.8/site-packages/airflow/example_dags/example_latest_only.py for tasks to queue
[2024-10-14T22:05:16.937+0000] {logging_mixin.py:188} INFO - [2024-10-14T22:05:16.936+0000] {dagbag.py:538} INFO - Filling up the DagBag from /home/airflow/.local/lib/python3.8/site-packages/airflow/example_dags/example_latest_only.py
[2024-10-14T22:05:16.940+0000] {processor.py:840} INFO - DAG(s) 'latest_only' retrieved from /home/airflow/.local/lib/python3.8/site-packages/airflow/example_dags/example_latest_only.py
[2024-10-14T22:05:16.953+0000] {logging_mixin.py:188} INFO - [2024-10-14T22:05:16.953+0000] {dag.py:3036} INFO - Sync 1 DAGs
[2024-10-14T22:05:16.967+0000] {logging_mixin.py:188} INFO - [2024-10-14T22:05:16.967+0000] {dag.py:3823} INFO - Setting next_dagrun for latest_only to 2024-10-14 16:00:00+00:00, run_after=2024-10-14 20:00:00+00:00
[2024-10-14T22:05:16.981+0000] {processor.py:183} INFO - Processing /home/airflow/.local/lib/python3.8/site-packages/airflow/example_dags/example_latest_only.py took 0.048 seconds
[2024-10-14T22:05:47.048+0000] {processor.py:161} INFO - Started process (PID=1169) to work on /home/airflow/.local/lib/python3.8/site-packages/airflow/example_dags/example_latest_only.py
[2024-10-14T22:05:47.049+0000] {processor.py:830} INFO - Processing file /home/airflow/.local/lib/python3.8/site-packages/airflow/example_dags/example_latest_only.py for tasks to queue
[2024-10-14T22:05:47.050+0000] {logging_mixin.py:188} INFO - [2024-10-14T22:05:47.050+0000] {dagbag.py:538} INFO - Filling up the DagBag from /home/airflow/.local/lib/python3.8/site-packages/airflow/example_dags/example_latest_only.py
[2024-10-14T22:05:47.054+0000] {processor.py:840} INFO - DAG(s) 'latest_only' retrieved from /home/airflow/.local/lib/python3.8/site-packages/airflow/example_dags/example_latest_only.py
[2024-10-14T22:05:47.067+0000] {logging_mixin.py:188} INFO - [2024-10-14T22:05:47.067+0000] {dag.py:3036} INFO - Sync 1 DAGs
[2024-10-14T22:05:47.081+0000] {logging_mixin.py:188} INFO - [2024-10-14T22:05:47.081+0000] {dag.py:3823} INFO - Setting next_dagrun for latest_only to 2024-10-14 16:00:00+00:00, run_after=2024-10-14 20:00:00+00:00
[2024-10-14T22:05:47.093+0000] {processor.py:183} INFO - Processing /home/airflow/.local/lib/python3.8/site-packages/airflow/example_dags/example_latest_only.py took 0.047 seconds
[2024-10-14T22:06:17.170+0000] {processor.py:161} INFO - Started process (PID=1243) to work on /home/airflow/.local/lib/python3.8/site-packages/airflow/example_dags/example_latest_only.py
[2024-10-14T22:06:17.171+0000] {processor.py:830} INFO - Processing file /home/airflow/.local/lib/python3.8/site-packages/airflow/example_dags/example_latest_only.py for tasks to queue
[2024-10-14T22:06:17.172+0000] {logging_mixin.py:188} INFO - [2024-10-14T22:06:17.172+0000] {dagbag.py:538} INFO - Filling up the DagBag from /home/airflow/.local/lib/python3.8/site-packages/airflow/example_dags/example_latest_only.py
[2024-10-14T22:06:17.175+0000] {processor.py:840} INFO - DAG(s) 'latest_only' retrieved from /home/airflow/.local/lib/python3.8/site-packages/airflow/example_dags/example_latest_only.py
[2024-10-14T22:06:17.189+0000] {logging_mixin.py:188} INFO - [2024-10-14T22:06:17.189+0000] {dag.py:3036} INFO - Sync 1 DAGs
[2024-10-14T22:06:17.203+0000] {logging_mixin.py:188} INFO - [2024-10-14T22:06:17.203+0000] {dag.py:3823} INFO - Setting next_dagrun for latest_only to 2024-10-14 16:00:00+00:00, run_after=2024-10-14 20:00:00+00:00
[2024-10-14T22:06:17.215+0000] {processor.py:183} INFO - Processing /home/airflow/.local/lib/python3.8/site-packages/airflow/example_dags/example_latest_only.py took 0.048 seconds
[2024-10-14T22:06:47.572+0000] {processor.py:161} INFO - Started process (PID=1325) to work on /home/airflow/.local/lib/python3.8/site-packages/airflow/example_dags/example_latest_only.py
[2024-10-14T22:06:47.573+0000] {processor.py:830} INFO - Processing file /home/airflow/.local/lib/python3.8/site-packages/airflow/example_dags/example_latest_only.py for tasks to queue
[2024-10-14T22:06:47.574+0000] {logging_mixin.py:188} INFO - [2024-10-14T22:06:47.574+0000] {dagbag.py:538} INFO - Filling up the DagBag from /home/airflow/.local/lib/python3.8/site-packages/airflow/example_dags/example_latest_only.py
[2024-10-14T22:06:47.577+0000] {processor.py:840} INFO - DAG(s) 'latest_only' retrieved from /home/airflow/.local/lib/python3.8/site-packages/airflow/example_dags/example_latest_only.py
[2024-10-14T22:06:47.591+0000] {logging_mixin.py:188} INFO - [2024-10-14T22:06:47.590+0000] {dag.py:3036} INFO - Sync 1 DAGs
[2024-10-14T22:06:47.604+0000] {logging_mixin.py:188} INFO - [2024-10-14T22:06:47.604+0000] {dag.py:3823} INFO - Setting next_dagrun for latest_only to 2024-10-14 16:00:00+00:00, run_after=2024-10-14 20:00:00+00:00
[2024-10-14T22:06:47.617+0000] {processor.py:183} INFO - Processing /home/airflow/.local/lib/python3.8/site-packages/airflow/example_dags/example_latest_only.py took 0.046 seconds
[2024-10-14T22:07:17.998+0000] {processor.py:161} INFO - Started process (PID=1399) to work on /home/airflow/.local/lib/python3.8/site-packages/airflow/example_dags/example_latest_only.py
[2024-10-14T22:07:17.999+0000] {processor.py:830} INFO - Processing file /home/airflow/.local/lib/python3.8/site-packages/airflow/example_dags/example_latest_only.py for tasks to queue
[2024-10-14T22:07:18.000+0000] {logging_mixin.py:188} INFO - [2024-10-14T22:07:18.000+0000] {dagbag.py:538} INFO - Filling up the DagBag from /home/airflow/.local/lib/python3.8/site-packages/airflow/example_dags/example_latest_only.py
[2024-10-14T22:07:18.003+0000] {processor.py:840} INFO - DAG(s) 'latest_only' retrieved from /home/airflow/.local/lib/python3.8/site-packages/airflow/example_dags/example_latest_only.py
[2024-10-14T22:07:18.018+0000] {logging_mixin.py:188} INFO - [2024-10-14T22:07:18.018+0000] {dag.py:3036} INFO - Sync 1 DAGs
[2024-10-14T22:07:18.039+0000] {logging_mixin.py:188} INFO - [2024-10-14T22:07:18.039+0000] {dag.py:3823} INFO - Setting next_dagrun for latest_only to 2024-10-14 16:00:00+00:00, run_after=2024-10-14 20:00:00+00:00
[2024-10-14T22:07:18.055+0000] {processor.py:183} INFO - Processing /home/airflow/.local/lib/python3.8/site-packages/airflow/example_dags/example_latest_only.py took 0.059 seconds
[2024-10-14T22:07:48.331+0000] {processor.py:161} INFO - Started process (PID=1482) to work on /home/airflow/.local/lib/python3.8/site-packages/airflow/example_dags/example_latest_only.py
[2024-10-14T22:07:48.332+0000] {processor.py:830} INFO - Processing file /home/airflow/.local/lib/python3.8/site-packages/airflow/example_dags/example_latest_only.py for tasks to queue
[2024-10-14T22:07:48.334+0000] {logging_mixin.py:188} INFO - [2024-10-14T22:07:48.333+0000] {dagbag.py:538} INFO - Filling up the DagBag from /home/airflow/.local/lib/python3.8/site-packages/airflow/example_dags/example_latest_only.py
[2024-10-14T22:07:48.338+0000] {processor.py:840} INFO - DAG(s) 'latest_only' retrieved from /home/airflow/.local/lib/python3.8/site-packages/airflow/example_dags/example_latest_only.py
[2024-10-14T22:07:48.355+0000] {logging_mixin.py:188} INFO - [2024-10-14T22:07:48.354+0000] {dag.py:3036} INFO - Sync 1 DAGs
[2024-10-14T22:07:48.373+0000] {logging_mixin.py:188} INFO - [2024-10-14T22:07:48.372+0000] {dag.py:3823} INFO - Setting next_dagrun for latest_only to 2024-10-14 16:00:00+00:00, run_after=2024-10-14 20:00:00+00:00
[2024-10-14T22:07:48.389+0000] {processor.py:183} INFO - Processing /home/airflow/.local/lib/python3.8/site-packages/airflow/example_dags/example_latest_only.py took 0.061 seconds
[2024-10-14T22:08:18.827+0000] {processor.py:161} INFO - Started process (PID=1564) to work on /home/airflow/.local/lib/python3.8/site-packages/airflow/example_dags/example_latest_only.py
[2024-10-14T22:08:18.828+0000] {processor.py:830} INFO - Processing file /home/airflow/.local/lib/python3.8/site-packages/airflow/example_dags/example_latest_only.py for tasks to queue
[2024-10-14T22:08:18.831+0000] {logging_mixin.py:188} INFO - [2024-10-14T22:08:18.830+0000] {dagbag.py:538} INFO - Filling up the DagBag from /home/airflow/.local/lib/python3.8/site-packages/airflow/example_dags/example_latest_only.py
[2024-10-14T22:08:18.836+0000] {processor.py:840} INFO - DAG(s) 'latest_only' retrieved from /home/airflow/.local/lib/python3.8/site-packages/airflow/example_dags/example_latest_only.py
[2024-10-14T22:08:18.851+0000] {logging_mixin.py:188} INFO - [2024-10-14T22:08:18.851+0000] {dag.py:3036} INFO - Sync 1 DAGs
[2024-10-14T22:08:18.869+0000] {logging_mixin.py:188} INFO - [2024-10-14T22:08:18.869+0000] {dag.py:3823} INFO - Setting next_dagrun for latest_only to 2024-10-14 16:00:00+00:00, run_after=2024-10-14 20:00:00+00:00
[2024-10-14T22:08:18.884+0000] {processor.py:183} INFO - Processing /home/airflow/.local/lib/python3.8/site-packages/airflow/example_dags/example_latest_only.py took 0.060 seconds
[2024-10-14T22:08:49.336+0000] {processor.py:161} INFO - Started process (PID=1637) to work on /home/airflow/.local/lib/python3.8/site-packages/airflow/example_dags/example_latest_only.py
[2024-10-14T22:08:49.338+0000] {processor.py:830} INFO - Processing file /home/airflow/.local/lib/python3.8/site-packages/airflow/example_dags/example_latest_only.py for tasks to queue
[2024-10-14T22:08:49.341+0000] {logging_mixin.py:188} INFO - [2024-10-14T22:08:49.340+0000] {dagbag.py:538} INFO - Filling up the DagBag from /home/airflow/.local/lib/python3.8/site-packages/airflow/example_dags/example_latest_only.py
[2024-10-14T22:08:49.347+0000] {processor.py:840} INFO - DAG(s) 'latest_only' retrieved from /home/airflow/.local/lib/python3.8/site-packages/airflow/example_dags/example_latest_only.py
[2024-10-14T22:08:49.364+0000] {logging_mixin.py:188} INFO - [2024-10-14T22:08:49.364+0000] {dag.py:3036} INFO - Sync 1 DAGs
[2024-10-14T22:08:49.383+0000] {logging_mixin.py:188} INFO - [2024-10-14T22:08:49.383+0000] {dag.py:3823} INFO - Setting next_dagrun for latest_only to 2024-10-14 16:00:00+00:00, run_after=2024-10-14 20:00:00+00:00
[2024-10-14T22:08:49.399+0000] {processor.py:183} INFO - Processing /home/airflow/.local/lib/python3.8/site-packages/airflow/example_dags/example_latest_only.py took 0.065 seconds
