[2024-10-14T21:19:52.502+0000] {processor.py:161} INFO - Started process (PID=98) to work on /home/airflow/.local/lib/python3.8/site-packages/airflow/example_dags/example_bash_operator.py
[2024-10-14T21:19:52.502+0000] {processor.py:830} INFO - Processing file /home/airflow/.local/lib/python3.8/site-packages/airflow/example_dags/example_bash_operator.py for tasks to queue
[2024-10-14T21:19:52.504+0000] {logging_mixin.py:188} INFO - [2024-10-14T21:19:52.503+0000] {dagbag.py:538} INFO - Filling up the DagBag from /home/airflow/.local/lib/python3.8/site-packages/airflow/example_dags/example_bash_operator.py
[2024-10-14T21:19:52.515+0000] {processor.py:840} INFO - DAG(s) 'example_bash_operator' retrieved from /home/airflow/.local/lib/python3.8/site-packages/airflow/example_dags/example_bash_operator.py
[2024-10-14T21:19:52.603+0000] {logging_mixin.py:188} INFO - [2024-10-14T21:19:52.603+0000] {dag.py:3036} INFO - Sync 1 DAGs
[2024-10-14T21:19:52.621+0000] {logging_mixin.py:188} INFO - [2024-10-14T21:19:52.621+0000] {dag.py:3823} INFO - Setting next_dagrun for example_bash_operator to 2024-10-13 00:00:00+00:00, run_after=2024-10-14 00:00:00+00:00
[2024-10-14T21:19:52.637+0000] {processor.py:183} INFO - Processing /home/airflow/.local/lib/python3.8/site-packages/airflow/example_dags/example_bash_operator.py took 0.138 seconds
[2024-10-14T21:20:23.429+0000] {processor.py:161} INFO - Started process (PID=180) to work on /home/airflow/.local/lib/python3.8/site-packages/airflow/example_dags/example_bash_operator.py
[2024-10-14T21:20:23.430+0000] {processor.py:830} INFO - Processing file /home/airflow/.local/lib/python3.8/site-packages/airflow/example_dags/example_bash_operator.py for tasks to queue
[2024-10-14T21:20:23.432+0000] {logging_mixin.py:188} INFO - [2024-10-14T21:20:23.432+0000] {dagbag.py:538} INFO - Filling up the DagBag from /home/airflow/.local/lib/python3.8/site-packages/airflow/example_dags/example_bash_operator.py
[2024-10-14T21:20:23.447+0000] {processor.py:840} INFO - DAG(s) 'example_bash_operator' retrieved from /home/airflow/.local/lib/python3.8/site-packages/airflow/example_dags/example_bash_operator.py
[2024-10-14T21:20:23.476+0000] {logging_mixin.py:188} INFO - [2024-10-14T21:20:23.476+0000] {dag.py:3036} INFO - Sync 1 DAGs
[2024-10-14T21:20:23.495+0000] {logging_mixin.py:188} INFO - [2024-10-14T21:20:23.495+0000] {dag.py:3823} INFO - Setting next_dagrun for example_bash_operator to 2024-10-13 00:00:00+00:00, run_after=2024-10-14 00:00:00+00:00
[2024-10-14T21:20:23.512+0000] {processor.py:183} INFO - Processing /home/airflow/.local/lib/python3.8/site-packages/airflow/example_dags/example_bash_operator.py took 0.087 seconds
[2024-10-14T21:20:53.922+0000] {processor.py:161} INFO - Started process (PID=254) to work on /home/airflow/.local/lib/python3.8/site-packages/airflow/example_dags/example_bash_operator.py
[2024-10-14T21:20:53.923+0000] {processor.py:830} INFO - Processing file /home/airflow/.local/lib/python3.8/site-packages/airflow/example_dags/example_bash_operator.py for tasks to queue
[2024-10-14T21:20:53.924+0000] {logging_mixin.py:188} INFO - [2024-10-14T21:20:53.924+0000] {dagbag.py:538} INFO - Filling up the DagBag from /home/airflow/.local/lib/python3.8/site-packages/airflow/example_dags/example_bash_operator.py
[2024-10-14T21:20:53.935+0000] {processor.py:840} INFO - DAG(s) 'example_bash_operator' retrieved from /home/airflow/.local/lib/python3.8/site-packages/airflow/example_dags/example_bash_operator.py
[2024-10-14T21:20:53.961+0000] {logging_mixin.py:188} INFO - [2024-10-14T21:20:53.961+0000] {dag.py:3036} INFO - Sync 1 DAGs
[2024-10-14T21:20:53.979+0000] {logging_mixin.py:188} INFO - [2024-10-14T21:20:53.979+0000] {dag.py:3823} INFO - Setting next_dagrun for example_bash_operator to 2024-10-13 00:00:00+00:00, run_after=2024-10-14 00:00:00+00:00
[2024-10-14T21:20:53.998+0000] {processor.py:183} INFO - Processing /home/airflow/.local/lib/python3.8/site-packages/airflow/example_dags/example_bash_operator.py took 0.079 seconds
[2024-10-14T21:21:24.073+0000] {processor.py:161} INFO - Started process (PID=326) to work on /home/airflow/.local/lib/python3.8/site-packages/airflow/example_dags/example_bash_operator.py
[2024-10-14T21:21:24.073+0000] {processor.py:830} INFO - Processing file /home/airflow/.local/lib/python3.8/site-packages/airflow/example_dags/example_bash_operator.py for tasks to queue
[2024-10-14T21:21:24.075+0000] {logging_mixin.py:188} INFO - [2024-10-14T21:21:24.075+0000] {dagbag.py:538} INFO - Filling up the DagBag from /home/airflow/.local/lib/python3.8/site-packages/airflow/example_dags/example_bash_operator.py
[2024-10-14T21:21:24.083+0000] {processor.py:840} INFO - DAG(s) 'example_bash_operator' retrieved from /home/airflow/.local/lib/python3.8/site-packages/airflow/example_dags/example_bash_operator.py
[2024-10-14T21:21:24.103+0000] {logging_mixin.py:188} INFO - [2024-10-14T21:21:24.102+0000] {dag.py:3036} INFO - Sync 1 DAGs
[2024-10-14T21:21:24.118+0000] {logging_mixin.py:188} INFO - [2024-10-14T21:21:24.118+0000] {dag.py:3823} INFO - Setting next_dagrun for example_bash_operator to 2024-10-13 00:00:00+00:00, run_after=2024-10-14 00:00:00+00:00
[2024-10-14T21:21:24.132+0000] {processor.py:183} INFO - Processing /home/airflow/.local/lib/python3.8/site-packages/airflow/example_dags/example_bash_operator.py took 0.062 seconds
[2024-10-14T21:21:54.381+0000] {processor.py:161} INFO - Started process (PID=406) to work on /home/airflow/.local/lib/python3.8/site-packages/airflow/example_dags/example_bash_operator.py
[2024-10-14T21:21:54.384+0000] {processor.py:830} INFO - Processing file /home/airflow/.local/lib/python3.8/site-packages/airflow/example_dags/example_bash_operator.py for tasks to queue
[2024-10-14T21:21:54.387+0000] {logging_mixin.py:188} INFO - [2024-10-14T21:21:54.386+0000] {dagbag.py:538} INFO - Filling up the DagBag from /home/airflow/.local/lib/python3.8/site-packages/airflow/example_dags/example_bash_operator.py
[2024-10-14T21:21:54.409+0000] {processor.py:840} INFO - DAG(s) 'example_bash_operator' retrieved from /home/airflow/.local/lib/python3.8/site-packages/airflow/example_dags/example_bash_operator.py
[2024-10-14T21:21:54.444+0000] {logging_mixin.py:188} INFO - [2024-10-14T21:21:54.443+0000] {dag.py:3036} INFO - Sync 1 DAGs
[2024-10-14T21:21:54.466+0000] {logging_mixin.py:188} INFO - [2024-10-14T21:21:54.466+0000] {dag.py:3823} INFO - Setting next_dagrun for example_bash_operator to 2024-10-13 00:00:00+00:00, run_after=2024-10-14 00:00:00+00:00
[2024-10-14T21:21:54.486+0000] {processor.py:183} INFO - Processing /home/airflow/.local/lib/python3.8/site-packages/airflow/example_dags/example_bash_operator.py took 0.109 seconds
[2024-10-14T21:22:24.671+0000] {processor.py:161} INFO - Started process (PID=481) to work on /home/airflow/.local/lib/python3.8/site-packages/airflow/example_dags/example_bash_operator.py
[2024-10-14T21:22:24.672+0000] {processor.py:830} INFO - Processing file /home/airflow/.local/lib/python3.8/site-packages/airflow/example_dags/example_bash_operator.py for tasks to queue
[2024-10-14T21:22:24.674+0000] {logging_mixin.py:188} INFO - [2024-10-14T21:22:24.673+0000] {dagbag.py:538} INFO - Filling up the DagBag from /home/airflow/.local/lib/python3.8/site-packages/airflow/example_dags/example_bash_operator.py
[2024-10-14T21:22:24.683+0000] {processor.py:840} INFO - DAG(s) 'example_bash_operator' retrieved from /home/airflow/.local/lib/python3.8/site-packages/airflow/example_dags/example_bash_operator.py
[2024-10-14T21:22:24.703+0000] {logging_mixin.py:188} INFO - [2024-10-14T21:22:24.703+0000] {dag.py:3036} INFO - Sync 1 DAGs
[2024-10-14T21:22:24.720+0000] {logging_mixin.py:188} INFO - [2024-10-14T21:22:24.719+0000] {dag.py:3823} INFO - Setting next_dagrun for example_bash_operator to 2024-10-13 00:00:00+00:00, run_after=2024-10-14 00:00:00+00:00
[2024-10-14T21:22:24.733+0000] {processor.py:183} INFO - Processing /home/airflow/.local/lib/python3.8/site-packages/airflow/example_dags/example_bash_operator.py took 0.064 seconds
[2024-10-14T21:22:55.365+0000] {processor.py:161} INFO - Started process (PID=555) to work on /home/airflow/.local/lib/python3.8/site-packages/airflow/example_dags/example_bash_operator.py
[2024-10-14T21:22:55.366+0000] {processor.py:830} INFO - Processing file /home/airflow/.local/lib/python3.8/site-packages/airflow/example_dags/example_bash_operator.py for tasks to queue
[2024-10-14T21:22:55.368+0000] {logging_mixin.py:188} INFO - [2024-10-14T21:22:55.367+0000] {dagbag.py:538} INFO - Filling up the DagBag from /home/airflow/.local/lib/python3.8/site-packages/airflow/example_dags/example_bash_operator.py
[2024-10-14T21:22:55.381+0000] {processor.py:840} INFO - DAG(s) 'example_bash_operator' retrieved from /home/airflow/.local/lib/python3.8/site-packages/airflow/example_dags/example_bash_operator.py
[2024-10-14T21:22:55.412+0000] {logging_mixin.py:188} INFO - [2024-10-14T21:22:55.412+0000] {dag.py:3036} INFO - Sync 1 DAGs
[2024-10-14T21:22:55.435+0000] {logging_mixin.py:188} INFO - [2024-10-14T21:22:55.435+0000] {dag.py:3823} INFO - Setting next_dagrun for example_bash_operator to 2024-10-13 00:00:00+00:00, run_after=2024-10-14 00:00:00+00:00
[2024-10-14T21:22:55.465+0000] {processor.py:183} INFO - Processing /home/airflow/.local/lib/python3.8/site-packages/airflow/example_dags/example_bash_operator.py took 0.103 seconds
[2024-10-14T21:23:25.584+0000] {processor.py:161} INFO - Started process (PID=637) to work on /home/airflow/.local/lib/python3.8/site-packages/airflow/example_dags/example_bash_operator.py
[2024-10-14T21:23:25.584+0000] {processor.py:830} INFO - Processing file /home/airflow/.local/lib/python3.8/site-packages/airflow/example_dags/example_bash_operator.py for tasks to queue
[2024-10-14T21:23:25.585+0000] {logging_mixin.py:188} INFO - [2024-10-14T21:23:25.585+0000] {dagbag.py:538} INFO - Filling up the DagBag from /home/airflow/.local/lib/python3.8/site-packages/airflow/example_dags/example_bash_operator.py
[2024-10-14T21:23:25.599+0000] {processor.py:840} INFO - DAG(s) 'example_bash_operator' retrieved from /home/airflow/.local/lib/python3.8/site-packages/airflow/example_dags/example_bash_operator.py
[2024-10-14T21:23:25.629+0000] {logging_mixin.py:188} INFO - [2024-10-14T21:23:25.629+0000] {dag.py:3036} INFO - Sync 1 DAGs
[2024-10-14T21:23:25.650+0000] {logging_mixin.py:188} INFO - [2024-10-14T21:23:25.649+0000] {dag.py:3823} INFO - Setting next_dagrun for example_bash_operator to 2024-10-13 00:00:00+00:00, run_after=2024-10-14 00:00:00+00:00
[2024-10-14T21:23:25.670+0000] {processor.py:183} INFO - Processing /home/airflow/.local/lib/python3.8/site-packages/airflow/example_dags/example_bash_operator.py took 0.089 seconds
[2024-10-14T21:23:55.854+0000] {processor.py:161} INFO - Started process (PID=711) to work on /home/airflow/.local/lib/python3.8/site-packages/airflow/example_dags/example_bash_operator.py
[2024-10-14T21:23:55.855+0000] {processor.py:830} INFO - Processing file /home/airflow/.local/lib/python3.8/site-packages/airflow/example_dags/example_bash_operator.py for tasks to queue
[2024-10-14T21:23:55.859+0000] {logging_mixin.py:188} INFO - [2024-10-14T21:23:55.858+0000] {dagbag.py:538} INFO - Filling up the DagBag from /home/airflow/.local/lib/python3.8/site-packages/airflow/example_dags/example_bash_operator.py
[2024-10-14T21:23:55.867+0000] {processor.py:840} INFO - DAG(s) 'example_bash_operator' retrieved from /home/airflow/.local/lib/python3.8/site-packages/airflow/example_dags/example_bash_operator.py
[2024-10-14T21:23:55.889+0000] {logging_mixin.py:188} INFO - [2024-10-14T21:23:55.888+0000] {dag.py:3036} INFO - Sync 1 DAGs
[2024-10-14T21:23:55.907+0000] {logging_mixin.py:188} INFO - [2024-10-14T21:23:55.907+0000] {dag.py:3823} INFO - Setting next_dagrun for example_bash_operator to 2024-10-13 00:00:00+00:00, run_after=2024-10-14 00:00:00+00:00
[2024-10-14T21:23:55.922+0000] {processor.py:183} INFO - Processing /home/airflow/.local/lib/python3.8/site-packages/airflow/example_dags/example_bash_operator.py took 0.071 seconds
[2024-10-14T21:24:26.681+0000] {processor.py:161} INFO - Started process (PID=793) to work on /home/airflow/.local/lib/python3.8/site-packages/airflow/example_dags/example_bash_operator.py
[2024-10-14T21:24:26.682+0000] {processor.py:830} INFO - Processing file /home/airflow/.local/lib/python3.8/site-packages/airflow/example_dags/example_bash_operator.py for tasks to queue
[2024-10-14T21:24:26.683+0000] {logging_mixin.py:188} INFO - [2024-10-14T21:24:26.683+0000] {dagbag.py:538} INFO - Filling up the DagBag from /home/airflow/.local/lib/python3.8/site-packages/airflow/example_dags/example_bash_operator.py
[2024-10-14T21:24:26.696+0000] {processor.py:840} INFO - DAG(s) 'example_bash_operator' retrieved from /home/airflow/.local/lib/python3.8/site-packages/airflow/example_dags/example_bash_operator.py
[2024-10-14T21:24:26.722+0000] {logging_mixin.py:188} INFO - [2024-10-14T21:24:26.722+0000] {dag.py:3036} INFO - Sync 1 DAGs
[2024-10-14T21:24:26.749+0000] {logging_mixin.py:188} INFO - [2024-10-14T21:24:26.749+0000] {dag.py:3823} INFO - Setting next_dagrun for example_bash_operator to 2024-10-13 00:00:00+00:00, run_after=2024-10-14 00:00:00+00:00
[2024-10-14T21:24:26.770+0000] {processor.py:183} INFO - Processing /home/airflow/.local/lib/python3.8/site-packages/airflow/example_dags/example_bash_operator.py took 0.093 seconds
[2024-10-14T21:24:56.935+0000] {processor.py:161} INFO - Started process (PID=866) to work on /home/airflow/.local/lib/python3.8/site-packages/airflow/example_dags/example_bash_operator.py
[2024-10-14T21:24:56.936+0000] {processor.py:830} INFO - Processing file /home/airflow/.local/lib/python3.8/site-packages/airflow/example_dags/example_bash_operator.py for tasks to queue
[2024-10-14T21:24:56.937+0000] {logging_mixin.py:188} INFO - [2024-10-14T21:24:56.937+0000] {dagbag.py:538} INFO - Filling up the DagBag from /home/airflow/.local/lib/python3.8/site-packages/airflow/example_dags/example_bash_operator.py
[2024-10-14T21:24:56.952+0000] {processor.py:840} INFO - DAG(s) 'example_bash_operator' retrieved from /home/airflow/.local/lib/python3.8/site-packages/airflow/example_dags/example_bash_operator.py
[2024-10-14T21:24:56.982+0000] {logging_mixin.py:188} INFO - [2024-10-14T21:24:56.981+0000] {dag.py:3036} INFO - Sync 1 DAGs
[2024-10-14T21:24:57.004+0000] {logging_mixin.py:188} INFO - [2024-10-14T21:24:57.003+0000] {dag.py:3823} INFO - Setting next_dagrun for example_bash_operator to 2024-10-13 00:00:00+00:00, run_after=2024-10-14 00:00:00+00:00
[2024-10-14T21:24:57.021+0000] {processor.py:183} INFO - Processing /home/airflow/.local/lib/python3.8/site-packages/airflow/example_dags/example_bash_operator.py took 0.088 seconds
[2024-10-14T21:25:27.535+0000] {processor.py:161} INFO - Started process (PID=948) to work on /home/airflow/.local/lib/python3.8/site-packages/airflow/example_dags/example_bash_operator.py
[2024-10-14T21:25:27.536+0000] {processor.py:830} INFO - Processing file /home/airflow/.local/lib/python3.8/site-packages/airflow/example_dags/example_bash_operator.py for tasks to queue
[2024-10-14T21:25:27.538+0000] {logging_mixin.py:188} INFO - [2024-10-14T21:25:27.538+0000] {dagbag.py:538} INFO - Filling up the DagBag from /home/airflow/.local/lib/python3.8/site-packages/airflow/example_dags/example_bash_operator.py
[2024-10-14T21:25:27.553+0000] {processor.py:840} INFO - DAG(s) 'example_bash_operator' retrieved from /home/airflow/.local/lib/python3.8/site-packages/airflow/example_dags/example_bash_operator.py
[2024-10-14T21:25:27.589+0000] {logging_mixin.py:188} INFO - [2024-10-14T21:25:27.588+0000] {dag.py:3036} INFO - Sync 1 DAGs
[2024-10-14T21:25:27.622+0000] {logging_mixin.py:188} INFO - [2024-10-14T21:25:27.621+0000] {dag.py:3823} INFO - Setting next_dagrun for example_bash_operator to 2024-10-13 00:00:00+00:00, run_after=2024-10-14 00:00:00+00:00
[2024-10-14T21:25:27.653+0000] {processor.py:183} INFO - Processing /home/airflow/.local/lib/python3.8/site-packages/airflow/example_dags/example_bash_operator.py took 0.122 seconds
[2024-10-14T21:25:57.836+0000] {processor.py:161} INFO - Started process (PID=1022) to work on /home/airflow/.local/lib/python3.8/site-packages/airflow/example_dags/example_bash_operator.py
[2024-10-14T21:25:57.837+0000] {processor.py:830} INFO - Processing file /home/airflow/.local/lib/python3.8/site-packages/airflow/example_dags/example_bash_operator.py for tasks to queue
[2024-10-14T21:25:57.838+0000] {logging_mixin.py:188} INFO - [2024-10-14T21:25:57.838+0000] {dagbag.py:538} INFO - Filling up the DagBag from /home/airflow/.local/lib/python3.8/site-packages/airflow/example_dags/example_bash_operator.py
[2024-10-14T21:25:57.851+0000] {processor.py:840} INFO - DAG(s) 'example_bash_operator' retrieved from /home/airflow/.local/lib/python3.8/site-packages/airflow/example_dags/example_bash_operator.py
[2024-10-14T21:25:57.880+0000] {logging_mixin.py:188} INFO - [2024-10-14T21:25:57.880+0000] {dag.py:3036} INFO - Sync 1 DAGs
[2024-10-14T21:25:57.901+0000] {logging_mixin.py:188} INFO - [2024-10-14T21:25:57.901+0000] {dag.py:3823} INFO - Setting next_dagrun for example_bash_operator to 2024-10-13 00:00:00+00:00, run_after=2024-10-14 00:00:00+00:00
[2024-10-14T21:25:57.937+0000] {processor.py:183} INFO - Processing /home/airflow/.local/lib/python3.8/site-packages/airflow/example_dags/example_bash_operator.py took 0.103 seconds
[2024-10-14T21:26:28.287+0000] {processor.py:161} INFO - Started process (PID=1104) to work on /home/airflow/.local/lib/python3.8/site-packages/airflow/example_dags/example_bash_operator.py
[2024-10-14T21:26:28.287+0000] {processor.py:830} INFO - Processing file /home/airflow/.local/lib/python3.8/site-packages/airflow/example_dags/example_bash_operator.py for tasks to queue
[2024-10-14T21:26:28.289+0000] {logging_mixin.py:188} INFO - [2024-10-14T21:26:28.288+0000] {dagbag.py:538} INFO - Filling up the DagBag from /home/airflow/.local/lib/python3.8/site-packages/airflow/example_dags/example_bash_operator.py
[2024-10-14T21:26:28.302+0000] {processor.py:840} INFO - DAG(s) 'example_bash_operator' retrieved from /home/airflow/.local/lib/python3.8/site-packages/airflow/example_dags/example_bash_operator.py
[2024-10-14T21:26:28.334+0000] {logging_mixin.py:188} INFO - [2024-10-14T21:26:28.334+0000] {dag.py:3036} INFO - Sync 1 DAGs
[2024-10-14T21:26:28.359+0000] {logging_mixin.py:188} INFO - [2024-10-14T21:26:28.358+0000] {dag.py:3823} INFO - Setting next_dagrun for example_bash_operator to 2024-10-13 00:00:00+00:00, run_after=2024-10-14 00:00:00+00:00
[2024-10-14T21:26:28.386+0000] {processor.py:183} INFO - Processing /home/airflow/.local/lib/python3.8/site-packages/airflow/example_dags/example_bash_operator.py took 0.101 seconds
[2024-10-14T21:26:58.585+0000] {processor.py:161} INFO - Started process (PID=1178) to work on /home/airflow/.local/lib/python3.8/site-packages/airflow/example_dags/example_bash_operator.py
[2024-10-14T21:26:58.586+0000] {processor.py:830} INFO - Processing file /home/airflow/.local/lib/python3.8/site-packages/airflow/example_dags/example_bash_operator.py for tasks to queue
[2024-10-14T21:26:58.588+0000] {logging_mixin.py:188} INFO - [2024-10-14T21:26:58.587+0000] {dagbag.py:538} INFO - Filling up the DagBag from /home/airflow/.local/lib/python3.8/site-packages/airflow/example_dags/example_bash_operator.py
[2024-10-14T21:26:58.603+0000] {processor.py:840} INFO - DAG(s) 'example_bash_operator' retrieved from /home/airflow/.local/lib/python3.8/site-packages/airflow/example_dags/example_bash_operator.py
[2024-10-14T21:26:58.636+0000] {logging_mixin.py:188} INFO - [2024-10-14T21:26:58.636+0000] {dag.py:3036} INFO - Sync 1 DAGs
[2024-10-14T21:26:58.663+0000] {logging_mixin.py:188} INFO - [2024-10-14T21:26:58.662+0000] {dag.py:3823} INFO - Setting next_dagrun for example_bash_operator to 2024-10-13 00:00:00+00:00, run_after=2024-10-14 00:00:00+00:00
[2024-10-14T21:26:58.684+0000] {processor.py:183} INFO - Processing /home/airflow/.local/lib/python3.8/site-packages/airflow/example_dags/example_bash_operator.py took 0.101 seconds
[2024-10-14T21:27:29.289+0000] {processor.py:161} INFO - Started process (PID=1260) to work on /home/airflow/.local/lib/python3.8/site-packages/airflow/example_dags/example_bash_operator.py
[2024-10-14T21:27:29.290+0000] {processor.py:830} INFO - Processing file /home/airflow/.local/lib/python3.8/site-packages/airflow/example_dags/example_bash_operator.py for tasks to queue
[2024-10-14T21:27:29.298+0000] {logging_mixin.py:188} INFO - [2024-10-14T21:27:29.296+0000] {dagbag.py:538} INFO - Filling up the DagBag from /home/airflow/.local/lib/python3.8/site-packages/airflow/example_dags/example_bash_operator.py
[2024-10-14T21:27:29.318+0000] {processor.py:840} INFO - DAG(s) 'example_bash_operator' retrieved from /home/airflow/.local/lib/python3.8/site-packages/airflow/example_dags/example_bash_operator.py
[2024-10-14T21:27:29.355+0000] {logging_mixin.py:188} INFO - [2024-10-14T21:27:29.354+0000] {dag.py:3036} INFO - Sync 1 DAGs
[2024-10-14T21:27:29.388+0000] {logging_mixin.py:188} INFO - [2024-10-14T21:27:29.387+0000] {dag.py:3823} INFO - Setting next_dagrun for example_bash_operator to 2024-10-13 00:00:00+00:00, run_after=2024-10-14 00:00:00+00:00
[2024-10-14T21:27:29.421+0000] {processor.py:183} INFO - Processing /home/airflow/.local/lib/python3.8/site-packages/airflow/example_dags/example_bash_operator.py took 0.135 seconds
[2024-10-14T21:28:00.401+0000] {processor.py:161} INFO - Started process (PID=1334) to work on /home/airflow/.local/lib/python3.8/site-packages/airflow/example_dags/example_bash_operator.py
[2024-10-14T21:28:00.402+0000] {processor.py:830} INFO - Processing file /home/airflow/.local/lib/python3.8/site-packages/airflow/example_dags/example_bash_operator.py for tasks to queue
[2024-10-14T21:28:00.404+0000] {logging_mixin.py:188} INFO - [2024-10-14T21:28:00.404+0000] {dagbag.py:538} INFO - Filling up the DagBag from /home/airflow/.local/lib/python3.8/site-packages/airflow/example_dags/example_bash_operator.py
[2024-10-14T21:28:00.422+0000] {processor.py:840} INFO - DAG(s) 'example_bash_operator' retrieved from /home/airflow/.local/lib/python3.8/site-packages/airflow/example_dags/example_bash_operator.py
[2024-10-14T21:28:00.458+0000] {logging_mixin.py:188} INFO - [2024-10-14T21:28:00.458+0000] {dag.py:3036} INFO - Sync 1 DAGs
[2024-10-14T21:28:00.490+0000] {logging_mixin.py:188} INFO - [2024-10-14T21:28:00.489+0000] {dag.py:3823} INFO - Setting next_dagrun for example_bash_operator to 2024-10-13 00:00:00+00:00, run_after=2024-10-14 00:00:00+00:00
[2024-10-14T21:28:00.526+0000] {processor.py:183} INFO - Processing /home/airflow/.local/lib/python3.8/site-packages/airflow/example_dags/example_bash_operator.py took 0.130 seconds
[2024-10-14T21:28:30.596+0000] {processor.py:161} INFO - Started process (PID=1416) to work on /home/airflow/.local/lib/python3.8/site-packages/airflow/example_dags/example_bash_operator.py
[2024-10-14T21:28:30.598+0000] {processor.py:830} INFO - Processing file /home/airflow/.local/lib/python3.8/site-packages/airflow/example_dags/example_bash_operator.py for tasks to queue
[2024-10-14T21:28:30.600+0000] {logging_mixin.py:188} INFO - [2024-10-14T21:28:30.599+0000] {dagbag.py:538} INFO - Filling up the DagBag from /home/airflow/.local/lib/python3.8/site-packages/airflow/example_dags/example_bash_operator.py
[2024-10-14T21:28:30.617+0000] {processor.py:840} INFO - DAG(s) 'example_bash_operator' retrieved from /home/airflow/.local/lib/python3.8/site-packages/airflow/example_dags/example_bash_operator.py
[2024-10-14T21:28:30.644+0000] {logging_mixin.py:188} INFO - [2024-10-14T21:28:30.643+0000] {dag.py:3036} INFO - Sync 1 DAGs
[2024-10-14T21:28:30.665+0000] {logging_mixin.py:188} INFO - [2024-10-14T21:28:30.665+0000] {dag.py:3823} INFO - Setting next_dagrun for example_bash_operator to 2024-10-13 00:00:00+00:00, run_after=2024-10-14 00:00:00+00:00
[2024-10-14T21:28:30.685+0000] {processor.py:183} INFO - Processing /home/airflow/.local/lib/python3.8/site-packages/airflow/example_dags/example_bash_operator.py took 0.096 seconds
[2024-10-14T21:29:01.346+0000] {processor.py:161} INFO - Started process (PID=1490) to work on /home/airflow/.local/lib/python3.8/site-packages/airflow/example_dags/example_bash_operator.py
[2024-10-14T21:29:01.347+0000] {processor.py:830} INFO - Processing file /home/airflow/.local/lib/python3.8/site-packages/airflow/example_dags/example_bash_operator.py for tasks to queue
[2024-10-14T21:29:01.348+0000] {logging_mixin.py:188} INFO - [2024-10-14T21:29:01.348+0000] {dagbag.py:538} INFO - Filling up the DagBag from /home/airflow/.local/lib/python3.8/site-packages/airflow/example_dags/example_bash_operator.py
[2024-10-14T21:29:01.360+0000] {processor.py:840} INFO - DAG(s) 'example_bash_operator' retrieved from /home/airflow/.local/lib/python3.8/site-packages/airflow/example_dags/example_bash_operator.py
[2024-10-14T21:29:01.379+0000] {logging_mixin.py:188} INFO - [2024-10-14T21:29:01.379+0000] {dag.py:3036} INFO - Sync 1 DAGs
[2024-10-14T21:29:01.396+0000] {logging_mixin.py:188} INFO - [2024-10-14T21:29:01.395+0000] {dag.py:3823} INFO - Setting next_dagrun for example_bash_operator to 2024-10-13 00:00:00+00:00, run_after=2024-10-14 00:00:00+00:00
[2024-10-14T21:29:01.410+0000] {processor.py:183} INFO - Processing /home/airflow/.local/lib/python3.8/site-packages/airflow/example_dags/example_bash_operator.py took 0.067 seconds
[2024-10-14T21:29:31.668+0000] {processor.py:161} INFO - Started process (PID=1572) to work on /home/airflow/.local/lib/python3.8/site-packages/airflow/example_dags/example_bash_operator.py
[2024-10-14T21:29:31.669+0000] {processor.py:830} INFO - Processing file /home/airflow/.local/lib/python3.8/site-packages/airflow/example_dags/example_bash_operator.py for tasks to queue
[2024-10-14T21:29:31.671+0000] {logging_mixin.py:188} INFO - [2024-10-14T21:29:31.671+0000] {dagbag.py:538} INFO - Filling up the DagBag from /home/airflow/.local/lib/python3.8/site-packages/airflow/example_dags/example_bash_operator.py
[2024-10-14T21:29:31.686+0000] {processor.py:840} INFO - DAG(s) 'example_bash_operator' retrieved from /home/airflow/.local/lib/python3.8/site-packages/airflow/example_dags/example_bash_operator.py
[2024-10-14T21:29:31.711+0000] {logging_mixin.py:188} INFO - [2024-10-14T21:29:31.711+0000] {dag.py:3036} INFO - Sync 1 DAGs
[2024-10-14T21:29:31.731+0000] {logging_mixin.py:188} INFO - [2024-10-14T21:29:31.731+0000] {dag.py:3823} INFO - Setting next_dagrun for example_bash_operator to 2024-10-13 00:00:00+00:00, run_after=2024-10-14 00:00:00+00:00
[2024-10-14T21:29:31.751+0000] {processor.py:183} INFO - Processing /home/airflow/.local/lib/python3.8/site-packages/airflow/example_dags/example_bash_operator.py took 0.086 seconds
[2024-10-14T21:30:02.090+0000] {processor.py:161} INFO - Started process (PID=1653) to work on /home/airflow/.local/lib/python3.8/site-packages/airflow/example_dags/example_bash_operator.py
[2024-10-14T21:30:02.090+0000] {processor.py:830} INFO - Processing file /home/airflow/.local/lib/python3.8/site-packages/airflow/example_dags/example_bash_operator.py for tasks to queue
[2024-10-14T21:30:02.092+0000] {logging_mixin.py:188} INFO - [2024-10-14T21:30:02.092+0000] {dagbag.py:538} INFO - Filling up the DagBag from /home/airflow/.local/lib/python3.8/site-packages/airflow/example_dags/example_bash_operator.py
[2024-10-14T21:30:02.107+0000] {processor.py:840} INFO - DAG(s) 'example_bash_operator' retrieved from /home/airflow/.local/lib/python3.8/site-packages/airflow/example_dags/example_bash_operator.py
[2024-10-14T21:30:02.141+0000] {logging_mixin.py:188} INFO - [2024-10-14T21:30:02.140+0000] {dag.py:3036} INFO - Sync 1 DAGs
[2024-10-14T21:30:02.170+0000] {logging_mixin.py:188} INFO - [2024-10-14T21:30:02.170+0000] {dag.py:3823} INFO - Setting next_dagrun for example_bash_operator to 2024-10-13 00:00:00+00:00, run_after=2024-10-14 00:00:00+00:00
[2024-10-14T21:30:02.188+0000] {processor.py:183} INFO - Processing /home/airflow/.local/lib/python3.8/site-packages/airflow/example_dags/example_bash_operator.py took 0.102 seconds
[2024-10-14T21:30:32.395+0000] {processor.py:161} INFO - Started process (PID=1727) to work on /home/airflow/.local/lib/python3.8/site-packages/airflow/example_dags/example_bash_operator.py
[2024-10-14T21:30:32.396+0000] {processor.py:830} INFO - Processing file /home/airflow/.local/lib/python3.8/site-packages/airflow/example_dags/example_bash_operator.py for tasks to queue
[2024-10-14T21:30:32.398+0000] {logging_mixin.py:188} INFO - [2024-10-14T21:30:32.397+0000] {dagbag.py:538} INFO - Filling up the DagBag from /home/airflow/.local/lib/python3.8/site-packages/airflow/example_dags/example_bash_operator.py
[2024-10-14T21:30:32.408+0000] {processor.py:840} INFO - DAG(s) 'example_bash_operator' retrieved from /home/airflow/.local/lib/python3.8/site-packages/airflow/example_dags/example_bash_operator.py
[2024-10-14T21:30:32.429+0000] {logging_mixin.py:188} INFO - [2024-10-14T21:30:32.429+0000] {dag.py:3036} INFO - Sync 1 DAGs
[2024-10-14T21:30:32.449+0000] {logging_mixin.py:188} INFO - [2024-10-14T21:30:32.449+0000] {dag.py:3823} INFO - Setting next_dagrun for example_bash_operator to 2024-10-13 00:00:00+00:00, run_after=2024-10-14 00:00:00+00:00
[2024-10-14T21:30:32.467+0000] {processor.py:183} INFO - Processing /home/airflow/.local/lib/python3.8/site-packages/airflow/example_dags/example_bash_operator.py took 0.075 seconds
[2024-10-14T21:31:02.800+0000] {processor.py:161} INFO - Started process (PID=1809) to work on /home/airflow/.local/lib/python3.8/site-packages/airflow/example_dags/example_bash_operator.py
[2024-10-14T21:31:02.801+0000] {processor.py:830} INFO - Processing file /home/airflow/.local/lib/python3.8/site-packages/airflow/example_dags/example_bash_operator.py for tasks to queue
[2024-10-14T21:31:02.802+0000] {logging_mixin.py:188} INFO - [2024-10-14T21:31:02.802+0000] {dagbag.py:538} INFO - Filling up the DagBag from /home/airflow/.local/lib/python3.8/site-packages/airflow/example_dags/example_bash_operator.py
[2024-10-14T21:31:02.813+0000] {processor.py:840} INFO - DAG(s) 'example_bash_operator' retrieved from /home/airflow/.local/lib/python3.8/site-packages/airflow/example_dags/example_bash_operator.py
[2024-10-14T21:31:02.833+0000] {logging_mixin.py:188} INFO - [2024-10-14T21:31:02.833+0000] {dag.py:3036} INFO - Sync 1 DAGs
[2024-10-14T21:31:02.850+0000] {logging_mixin.py:188} INFO - [2024-10-14T21:31:02.850+0000] {dag.py:3823} INFO - Setting next_dagrun for example_bash_operator to 2024-10-13 00:00:00+00:00, run_after=2024-10-14 00:00:00+00:00
[2024-10-14T21:31:02.865+0000] {processor.py:183} INFO - Processing /home/airflow/.local/lib/python3.8/site-packages/airflow/example_dags/example_bash_operator.py took 0.068 seconds
[2024-10-14T21:31:33.171+0000] {processor.py:161} INFO - Started process (PID=1882) to work on /home/airflow/.local/lib/python3.8/site-packages/airflow/example_dags/example_bash_operator.py
[2024-10-14T21:31:33.172+0000] {processor.py:830} INFO - Processing file /home/airflow/.local/lib/python3.8/site-packages/airflow/example_dags/example_bash_operator.py for tasks to queue
[2024-10-14T21:31:33.173+0000] {logging_mixin.py:188} INFO - [2024-10-14T21:31:33.173+0000] {dagbag.py:538} INFO - Filling up the DagBag from /home/airflow/.local/lib/python3.8/site-packages/airflow/example_dags/example_bash_operator.py
[2024-10-14T21:31:33.181+0000] {processor.py:840} INFO - DAG(s) 'example_bash_operator' retrieved from /home/airflow/.local/lib/python3.8/site-packages/airflow/example_dags/example_bash_operator.py
[2024-10-14T21:31:33.202+0000] {logging_mixin.py:188} INFO - [2024-10-14T21:31:33.202+0000] {dag.py:3036} INFO - Sync 1 DAGs
[2024-10-14T21:31:33.221+0000] {logging_mixin.py:188} INFO - [2024-10-14T21:31:33.221+0000] {dag.py:3823} INFO - Setting next_dagrun for example_bash_operator to 2024-10-13 00:00:00+00:00, run_after=2024-10-14 00:00:00+00:00
[2024-10-14T21:31:33.236+0000] {processor.py:183} INFO - Processing /home/airflow/.local/lib/python3.8/site-packages/airflow/example_dags/example_bash_operator.py took 0.068 seconds
[2024-10-14T21:32:03.380+0000] {processor.py:161} INFO - Started process (PID=1964) to work on /home/airflow/.local/lib/python3.8/site-packages/airflow/example_dags/example_bash_operator.py
[2024-10-14T21:32:03.381+0000] {processor.py:830} INFO - Processing file /home/airflow/.local/lib/python3.8/site-packages/airflow/example_dags/example_bash_operator.py for tasks to queue
[2024-10-14T21:32:03.382+0000] {logging_mixin.py:188} INFO - [2024-10-14T21:32:03.382+0000] {dagbag.py:538} INFO - Filling up the DagBag from /home/airflow/.local/lib/python3.8/site-packages/airflow/example_dags/example_bash_operator.py
[2024-10-14T21:32:03.391+0000] {processor.py:840} INFO - DAG(s) 'example_bash_operator' retrieved from /home/airflow/.local/lib/python3.8/site-packages/airflow/example_dags/example_bash_operator.py
[2024-10-14T21:32:03.411+0000] {logging_mixin.py:188} INFO - [2024-10-14T21:32:03.411+0000] {dag.py:3036} INFO - Sync 1 DAGs
[2024-10-14T21:32:03.428+0000] {logging_mixin.py:188} INFO - [2024-10-14T21:32:03.427+0000] {dag.py:3823} INFO - Setting next_dagrun for example_bash_operator to 2024-10-13 00:00:00+00:00, run_after=2024-10-14 00:00:00+00:00
[2024-10-14T21:32:03.446+0000] {processor.py:183} INFO - Processing /home/airflow/.local/lib/python3.8/site-packages/airflow/example_dags/example_bash_operator.py took 0.069 seconds
[2024-10-14T21:32:33.766+0000] {processor.py:161} INFO - Started process (PID=2038) to work on /home/airflow/.local/lib/python3.8/site-packages/airflow/example_dags/example_bash_operator.py
[2024-10-14T21:32:33.767+0000] {processor.py:830} INFO - Processing file /home/airflow/.local/lib/python3.8/site-packages/airflow/example_dags/example_bash_operator.py for tasks to queue
[2024-10-14T21:32:33.769+0000] {logging_mixin.py:188} INFO - [2024-10-14T21:32:33.768+0000] {dagbag.py:538} INFO - Filling up the DagBag from /home/airflow/.local/lib/python3.8/site-packages/airflow/example_dags/example_bash_operator.py
[2024-10-14T21:32:33.779+0000] {processor.py:840} INFO - DAG(s) 'example_bash_operator' retrieved from /home/airflow/.local/lib/python3.8/site-packages/airflow/example_dags/example_bash_operator.py
[2024-10-14T21:32:33.800+0000] {logging_mixin.py:188} INFO - [2024-10-14T21:32:33.799+0000] {dag.py:3036} INFO - Sync 1 DAGs
[2024-10-14T21:32:33.817+0000] {logging_mixin.py:188} INFO - [2024-10-14T21:32:33.816+0000] {dag.py:3823} INFO - Setting next_dagrun for example_bash_operator to 2024-10-13 00:00:00+00:00, run_after=2024-10-14 00:00:00+00:00
[2024-10-14T21:32:33.838+0000] {processor.py:183} INFO - Processing /home/airflow/.local/lib/python3.8/site-packages/airflow/example_dags/example_bash_operator.py took 0.075 seconds
[2024-10-14T21:33:04.276+0000] {processor.py:161} INFO - Started process (PID=2119) to work on /home/airflow/.local/lib/python3.8/site-packages/airflow/example_dags/example_bash_operator.py
[2024-10-14T21:33:04.277+0000] {processor.py:830} INFO - Processing file /home/airflow/.local/lib/python3.8/site-packages/airflow/example_dags/example_bash_operator.py for tasks to queue
[2024-10-14T21:33:04.278+0000] {logging_mixin.py:188} INFO - [2024-10-14T21:33:04.278+0000] {dagbag.py:538} INFO - Filling up the DagBag from /home/airflow/.local/lib/python3.8/site-packages/airflow/example_dags/example_bash_operator.py
[2024-10-14T21:33:04.287+0000] {processor.py:840} INFO - DAG(s) 'example_bash_operator' retrieved from /home/airflow/.local/lib/python3.8/site-packages/airflow/example_dags/example_bash_operator.py
[2024-10-14T21:33:04.307+0000] {logging_mixin.py:188} INFO - [2024-10-14T21:33:04.307+0000] {dag.py:3036} INFO - Sync 1 DAGs
[2024-10-14T21:33:04.332+0000] {logging_mixin.py:188} INFO - [2024-10-14T21:33:04.331+0000] {dag.py:3823} INFO - Setting next_dagrun for example_bash_operator to 2024-10-13 00:00:00+00:00, run_after=2024-10-14 00:00:00+00:00
[2024-10-14T21:33:04.347+0000] {processor.py:183} INFO - Processing /home/airflow/.local/lib/python3.8/site-packages/airflow/example_dags/example_bash_operator.py took 0.074 seconds
[2024-10-14T21:33:34.463+0000] {processor.py:161} INFO - Started process (PID=2199) to work on /home/airflow/.local/lib/python3.8/site-packages/airflow/example_dags/example_bash_operator.py
[2024-10-14T21:33:34.463+0000] {processor.py:830} INFO - Processing file /home/airflow/.local/lib/python3.8/site-packages/airflow/example_dags/example_bash_operator.py for tasks to queue
[2024-10-14T21:33:34.465+0000] {logging_mixin.py:188} INFO - [2024-10-14T21:33:34.465+0000] {dagbag.py:538} INFO - Filling up the DagBag from /home/airflow/.local/lib/python3.8/site-packages/airflow/example_dags/example_bash_operator.py
[2024-10-14T21:33:34.474+0000] {processor.py:840} INFO - DAG(s) 'example_bash_operator' retrieved from /home/airflow/.local/lib/python3.8/site-packages/airflow/example_dags/example_bash_operator.py
[2024-10-14T21:33:34.495+0000] {logging_mixin.py:188} INFO - [2024-10-14T21:33:34.495+0000] {dag.py:3036} INFO - Sync 1 DAGs
[2024-10-14T21:33:34.513+0000] {logging_mixin.py:188} INFO - [2024-10-14T21:33:34.512+0000] {dag.py:3823} INFO - Setting next_dagrun for example_bash_operator to 2024-10-13 00:00:00+00:00, run_after=2024-10-14 00:00:00+00:00
[2024-10-14T21:33:34.529+0000] {processor.py:183} INFO - Processing /home/airflow/.local/lib/python3.8/site-packages/airflow/example_dags/example_bash_operator.py took 0.069 seconds
[2024-10-14T21:34:04.623+0000] {processor.py:161} INFO - Started process (PID=2274) to work on /home/airflow/.local/lib/python3.8/site-packages/airflow/example_dags/example_bash_operator.py
[2024-10-14T21:34:04.624+0000] {processor.py:830} INFO - Processing file /home/airflow/.local/lib/python3.8/site-packages/airflow/example_dags/example_bash_operator.py for tasks to queue
[2024-10-14T21:34:04.625+0000] {logging_mixin.py:188} INFO - [2024-10-14T21:34:04.625+0000] {dagbag.py:538} INFO - Filling up the DagBag from /home/airflow/.local/lib/python3.8/site-packages/airflow/example_dags/example_bash_operator.py
[2024-10-14T21:34:04.637+0000] {processor.py:840} INFO - DAG(s) 'example_bash_operator' retrieved from /home/airflow/.local/lib/python3.8/site-packages/airflow/example_dags/example_bash_operator.py
[2024-10-14T21:34:04.668+0000] {logging_mixin.py:188} INFO - [2024-10-14T21:34:04.668+0000] {dag.py:3036} INFO - Sync 1 DAGs
[2024-10-14T21:34:04.692+0000] {logging_mixin.py:188} INFO - [2024-10-14T21:34:04.692+0000] {dag.py:3823} INFO - Setting next_dagrun for example_bash_operator to 2024-10-13 00:00:00+00:00, run_after=2024-10-14 00:00:00+00:00
[2024-10-14T21:34:04.709+0000] {processor.py:183} INFO - Processing /home/airflow/.local/lib/python3.8/site-packages/airflow/example_dags/example_bash_operator.py took 0.088 seconds
[2024-10-14T21:34:34.879+0000] {processor.py:161} INFO - Started process (PID=2356) to work on /home/airflow/.local/lib/python3.8/site-packages/airflow/example_dags/example_bash_operator.py
[2024-10-14T21:34:34.879+0000] {processor.py:830} INFO - Processing file /home/airflow/.local/lib/python3.8/site-packages/airflow/example_dags/example_bash_operator.py for tasks to queue
[2024-10-14T21:34:34.881+0000] {logging_mixin.py:188} INFO - [2024-10-14T21:34:34.881+0000] {dagbag.py:538} INFO - Filling up the DagBag from /home/airflow/.local/lib/python3.8/site-packages/airflow/example_dags/example_bash_operator.py
[2024-10-14T21:34:34.893+0000] {processor.py:840} INFO - DAG(s) 'example_bash_operator' retrieved from /home/airflow/.local/lib/python3.8/site-packages/airflow/example_dags/example_bash_operator.py
[2024-10-14T21:34:34.923+0000] {logging_mixin.py:188} INFO - [2024-10-14T21:34:34.923+0000] {dag.py:3036} INFO - Sync 1 DAGs
[2024-10-14T21:34:34.943+0000] {logging_mixin.py:188} INFO - [2024-10-14T21:34:34.943+0000] {dag.py:3823} INFO - Setting next_dagrun for example_bash_operator to 2024-10-13 00:00:00+00:00, run_after=2024-10-14 00:00:00+00:00
[2024-10-14T21:34:34.968+0000] {processor.py:183} INFO - Processing /home/airflow/.local/lib/python3.8/site-packages/airflow/example_dags/example_bash_operator.py took 0.092 seconds
[2024-10-14T21:35:05.249+0000] {processor.py:161} INFO - Started process (PID=2429) to work on /home/airflow/.local/lib/python3.8/site-packages/airflow/example_dags/example_bash_operator.py
[2024-10-14T21:35:05.250+0000] {processor.py:830} INFO - Processing file /home/airflow/.local/lib/python3.8/site-packages/airflow/example_dags/example_bash_operator.py for tasks to queue
[2024-10-14T21:35:05.252+0000] {logging_mixin.py:188} INFO - [2024-10-14T21:35:05.251+0000] {dagbag.py:538} INFO - Filling up the DagBag from /home/airflow/.local/lib/python3.8/site-packages/airflow/example_dags/example_bash_operator.py
[2024-10-14T21:35:05.261+0000] {processor.py:840} INFO - DAG(s) 'example_bash_operator' retrieved from /home/airflow/.local/lib/python3.8/site-packages/airflow/example_dags/example_bash_operator.py
[2024-10-14T21:35:05.282+0000] {logging_mixin.py:188} INFO - [2024-10-14T21:35:05.281+0000] {dag.py:3036} INFO - Sync 1 DAGs
[2024-10-14T21:35:05.298+0000] {logging_mixin.py:188} INFO - [2024-10-14T21:35:05.298+0000] {dag.py:3823} INFO - Setting next_dagrun for example_bash_operator to 2024-10-13 00:00:00+00:00, run_after=2024-10-14 00:00:00+00:00
[2024-10-14T21:35:05.314+0000] {processor.py:183} INFO - Processing /home/airflow/.local/lib/python3.8/site-packages/airflow/example_dags/example_bash_operator.py took 0.067 seconds
[2024-10-14T21:35:35.746+0000] {processor.py:161} INFO - Started process (PID=2511) to work on /home/airflow/.local/lib/python3.8/site-packages/airflow/example_dags/example_bash_operator.py
[2024-10-14T21:35:35.747+0000] {processor.py:830} INFO - Processing file /home/airflow/.local/lib/python3.8/site-packages/airflow/example_dags/example_bash_operator.py for tasks to queue
[2024-10-14T21:35:35.748+0000] {logging_mixin.py:188} INFO - [2024-10-14T21:35:35.748+0000] {dagbag.py:538} INFO - Filling up the DagBag from /home/airflow/.local/lib/python3.8/site-packages/airflow/example_dags/example_bash_operator.py
[2024-10-14T21:35:35.758+0000] {processor.py:840} INFO - DAG(s) 'example_bash_operator' retrieved from /home/airflow/.local/lib/python3.8/site-packages/airflow/example_dags/example_bash_operator.py
[2024-10-14T21:35:35.784+0000] {logging_mixin.py:188} INFO - [2024-10-14T21:35:35.784+0000] {dag.py:3036} INFO - Sync 1 DAGs
[2024-10-14T21:35:35.802+0000] {logging_mixin.py:188} INFO - [2024-10-14T21:35:35.801+0000] {dag.py:3823} INFO - Setting next_dagrun for example_bash_operator to 2024-10-13 00:00:00+00:00, run_after=2024-10-14 00:00:00+00:00
[2024-10-14T21:35:35.819+0000] {processor.py:183} INFO - Processing /home/airflow/.local/lib/python3.8/site-packages/airflow/example_dags/example_bash_operator.py took 0.075 seconds
[2024-10-14T21:36:05.861+0000] {processor.py:161} INFO - Started process (PID=2585) to work on /home/airflow/.local/lib/python3.8/site-packages/airflow/example_dags/example_bash_operator.py
[2024-10-14T21:36:05.861+0000] {processor.py:830} INFO - Processing file /home/airflow/.local/lib/python3.8/site-packages/airflow/example_dags/example_bash_operator.py for tasks to queue
[2024-10-14T21:36:05.863+0000] {logging_mixin.py:188} INFO - [2024-10-14T21:36:05.862+0000] {dagbag.py:538} INFO - Filling up the DagBag from /home/airflow/.local/lib/python3.8/site-packages/airflow/example_dags/example_bash_operator.py
[2024-10-14T21:36:05.873+0000] {processor.py:840} INFO - DAG(s) 'example_bash_operator' retrieved from /home/airflow/.local/lib/python3.8/site-packages/airflow/example_dags/example_bash_operator.py
[2024-10-14T21:36:05.899+0000] {logging_mixin.py:188} INFO - [2024-10-14T21:36:05.898+0000] {dag.py:3036} INFO - Sync 1 DAGs
[2024-10-14T21:36:05.915+0000] {logging_mixin.py:188} INFO - [2024-10-14T21:36:05.915+0000] {dag.py:3823} INFO - Setting next_dagrun for example_bash_operator to 2024-10-13 00:00:00+00:00, run_after=2024-10-14 00:00:00+00:00
[2024-10-14T21:36:05.931+0000] {processor.py:183} INFO - Processing /home/airflow/.local/lib/python3.8/site-packages/airflow/example_dags/example_bash_operator.py took 0.072 seconds
[2024-10-14T21:36:36.095+0000] {processor.py:161} INFO - Started process (PID=2667) to work on /home/airflow/.local/lib/python3.8/site-packages/airflow/example_dags/example_bash_operator.py
[2024-10-14T21:36:36.096+0000] {processor.py:830} INFO - Processing file /home/airflow/.local/lib/python3.8/site-packages/airflow/example_dags/example_bash_operator.py for tasks to queue
[2024-10-14T21:36:36.097+0000] {logging_mixin.py:188} INFO - [2024-10-14T21:36:36.097+0000] {dagbag.py:538} INFO - Filling up the DagBag from /home/airflow/.local/lib/python3.8/site-packages/airflow/example_dags/example_bash_operator.py
[2024-10-14T21:36:36.111+0000] {processor.py:840} INFO - DAG(s) 'example_bash_operator' retrieved from /home/airflow/.local/lib/python3.8/site-packages/airflow/example_dags/example_bash_operator.py
[2024-10-14T21:36:36.138+0000] {logging_mixin.py:188} INFO - [2024-10-14T21:36:36.138+0000] {dag.py:3036} INFO - Sync 1 DAGs
[2024-10-14T21:36:36.160+0000] {logging_mixin.py:188} INFO - [2024-10-14T21:36:36.159+0000] {dag.py:3823} INFO - Setting next_dagrun for example_bash_operator to 2024-10-13 00:00:00+00:00, run_after=2024-10-14 00:00:00+00:00
[2024-10-14T21:36:36.176+0000] {processor.py:183} INFO - Processing /home/airflow/.local/lib/python3.8/site-packages/airflow/example_dags/example_bash_operator.py took 0.083 seconds
[2024-10-14T21:37:06.557+0000] {processor.py:161} INFO - Started process (PID=2741) to work on /home/airflow/.local/lib/python3.8/site-packages/airflow/example_dags/example_bash_operator.py
[2024-10-14T21:37:06.560+0000] {processor.py:830} INFO - Processing file /home/airflow/.local/lib/python3.8/site-packages/airflow/example_dags/example_bash_operator.py for tasks to queue
[2024-10-14T21:37:06.564+0000] {logging_mixin.py:188} INFO - [2024-10-14T21:37:06.564+0000] {dagbag.py:538} INFO - Filling up the DagBag from /home/airflow/.local/lib/python3.8/site-packages/airflow/example_dags/example_bash_operator.py
[2024-10-14T21:37:06.574+0000] {processor.py:840} INFO - DAG(s) 'example_bash_operator' retrieved from /home/airflow/.local/lib/python3.8/site-packages/airflow/example_dags/example_bash_operator.py
[2024-10-14T21:37:06.596+0000] {logging_mixin.py:188} INFO - [2024-10-14T21:37:06.596+0000] {dag.py:3036} INFO - Sync 1 DAGs
[2024-10-14T21:37:06.615+0000] {logging_mixin.py:188} INFO - [2024-10-14T21:37:06.615+0000] {dag.py:3823} INFO - Setting next_dagrun for example_bash_operator to 2024-10-13 00:00:00+00:00, run_after=2024-10-14 00:00:00+00:00
[2024-10-14T21:37:06.631+0000] {processor.py:183} INFO - Processing /home/airflow/.local/lib/python3.8/site-packages/airflow/example_dags/example_bash_operator.py took 0.077 seconds
[2024-10-14T21:37:36.945+0000] {processor.py:161} INFO - Started process (PID=2821) to work on /home/airflow/.local/lib/python3.8/site-packages/airflow/example_dags/example_bash_operator.py
[2024-10-14T21:37:36.946+0000] {processor.py:830} INFO - Processing file /home/airflow/.local/lib/python3.8/site-packages/airflow/example_dags/example_bash_operator.py for tasks to queue
[2024-10-14T21:37:36.950+0000] {logging_mixin.py:188} INFO - [2024-10-14T21:37:36.949+0000] {dagbag.py:538} INFO - Filling up the DagBag from /home/airflow/.local/lib/python3.8/site-packages/airflow/example_dags/example_bash_operator.py
[2024-10-14T21:37:36.964+0000] {processor.py:840} INFO - DAG(s) 'example_bash_operator' retrieved from /home/airflow/.local/lib/python3.8/site-packages/airflow/example_dags/example_bash_operator.py
[2024-10-14T21:37:36.998+0000] {logging_mixin.py:188} INFO - [2024-10-14T21:37:36.998+0000] {dag.py:3036} INFO - Sync 1 DAGs
[2024-10-14T21:37:37.026+0000] {logging_mixin.py:188} INFO - [2024-10-14T21:37:37.026+0000] {dag.py:3823} INFO - Setting next_dagrun for example_bash_operator to 2024-10-13 00:00:00+00:00, run_after=2024-10-14 00:00:00+00:00
[2024-10-14T21:37:37.055+0000] {processor.py:183} INFO - Processing /home/airflow/.local/lib/python3.8/site-packages/airflow/example_dags/example_bash_operator.py took 0.113 seconds
[2024-10-14T21:38:07.518+0000] {processor.py:161} INFO - Started process (PID=2903) to work on /home/airflow/.local/lib/python3.8/site-packages/airflow/example_dags/example_bash_operator.py
[2024-10-14T21:38:07.518+0000] {processor.py:830} INFO - Processing file /home/airflow/.local/lib/python3.8/site-packages/airflow/example_dags/example_bash_operator.py for tasks to queue
[2024-10-14T21:38:07.520+0000] {logging_mixin.py:188} INFO - [2024-10-14T21:38:07.519+0000] {dagbag.py:538} INFO - Filling up the DagBag from /home/airflow/.local/lib/python3.8/site-packages/airflow/example_dags/example_bash_operator.py
[2024-10-14T21:38:07.530+0000] {processor.py:840} INFO - DAG(s) 'example_bash_operator' retrieved from /home/airflow/.local/lib/python3.8/site-packages/airflow/example_dags/example_bash_operator.py
[2024-10-14T21:38:07.559+0000] {logging_mixin.py:188} INFO - [2024-10-14T21:38:07.558+0000] {dag.py:3036} INFO - Sync 1 DAGs
[2024-10-14T21:38:07.578+0000] {logging_mixin.py:188} INFO - [2024-10-14T21:38:07.578+0000] {dag.py:3823} INFO - Setting next_dagrun for example_bash_operator to 2024-10-13 00:00:00+00:00, run_after=2024-10-14 00:00:00+00:00
[2024-10-14T21:38:07.595+0000] {processor.py:183} INFO - Processing /home/airflow/.local/lib/python3.8/site-packages/airflow/example_dags/example_bash_operator.py took 0.080 seconds
[2024-10-14T21:38:37.802+0000] {processor.py:161} INFO - Started process (PID=2977) to work on /home/airflow/.local/lib/python3.8/site-packages/airflow/example_dags/example_bash_operator.py
[2024-10-14T21:38:37.803+0000] {processor.py:830} INFO - Processing file /home/airflow/.local/lib/python3.8/site-packages/airflow/example_dags/example_bash_operator.py for tasks to queue
[2024-10-14T21:38:37.804+0000] {logging_mixin.py:188} INFO - [2024-10-14T21:38:37.804+0000] {dagbag.py:538} INFO - Filling up the DagBag from /home/airflow/.local/lib/python3.8/site-packages/airflow/example_dags/example_bash_operator.py
[2024-10-14T21:38:37.813+0000] {processor.py:840} INFO - DAG(s) 'example_bash_operator' retrieved from /home/airflow/.local/lib/python3.8/site-packages/airflow/example_dags/example_bash_operator.py
[2024-10-14T21:38:37.834+0000] {logging_mixin.py:188} INFO - [2024-10-14T21:38:37.833+0000] {dag.py:3036} INFO - Sync 1 DAGs
[2024-10-14T21:38:37.854+0000] {logging_mixin.py:188} INFO - [2024-10-14T21:38:37.853+0000] {dag.py:3823} INFO - Setting next_dagrun for example_bash_operator to 2024-10-13 00:00:00+00:00, run_after=2024-10-14 00:00:00+00:00
[2024-10-14T21:38:37.869+0000] {processor.py:183} INFO - Processing /home/airflow/.local/lib/python3.8/site-packages/airflow/example_dags/example_bash_operator.py took 0.069 seconds
[2024-10-14T21:39:08.575+0000] {processor.py:161} INFO - Started process (PID=3051) to work on /home/airflow/.local/lib/python3.8/site-packages/airflow/example_dags/example_bash_operator.py
[2024-10-14T21:39:08.576+0000] {processor.py:830} INFO - Processing file /home/airflow/.local/lib/python3.8/site-packages/airflow/example_dags/example_bash_operator.py for tasks to queue
[2024-10-14T21:39:08.578+0000] {logging_mixin.py:188} INFO - [2024-10-14T21:39:08.577+0000] {dagbag.py:538} INFO - Filling up the DagBag from /home/airflow/.local/lib/python3.8/site-packages/airflow/example_dags/example_bash_operator.py
[2024-10-14T21:39:08.596+0000] {processor.py:840} INFO - DAG(s) 'example_bash_operator' retrieved from /home/airflow/.local/lib/python3.8/site-packages/airflow/example_dags/example_bash_operator.py
[2024-10-14T21:39:08.638+0000] {logging_mixin.py:188} INFO - [2024-10-14T21:39:08.638+0000] {dag.py:3036} INFO - Sync 1 DAGs
[2024-10-14T21:39:08.667+0000] {logging_mixin.py:188} INFO - [2024-10-14T21:39:08.666+0000] {dag.py:3823} INFO - Setting next_dagrun for example_bash_operator to 2024-10-13 00:00:00+00:00, run_after=2024-10-14 00:00:00+00:00
[2024-10-14T21:39:08.698+0000] {processor.py:183} INFO - Processing /home/airflow/.local/lib/python3.8/site-packages/airflow/example_dags/example_bash_operator.py took 0.127 seconds
[2024-10-14T21:44:04.530+0000] {processor.py:161} INFO - Started process (PID=90) to work on /home/airflow/.local/lib/python3.8/site-packages/airflow/example_dags/example_bash_operator.py
[2024-10-14T21:44:04.531+0000] {processor.py:830} INFO - Processing file /home/airflow/.local/lib/python3.8/site-packages/airflow/example_dags/example_bash_operator.py for tasks to queue
[2024-10-14T21:44:04.534+0000] {logging_mixin.py:188} INFO - [2024-10-14T21:44:04.533+0000] {dagbag.py:538} INFO - Filling up the DagBag from /home/airflow/.local/lib/python3.8/site-packages/airflow/example_dags/example_bash_operator.py
[2024-10-14T21:44:04.544+0000] {processor.py:840} INFO - DAG(s) 'example_bash_operator' retrieved from /home/airflow/.local/lib/python3.8/site-packages/airflow/example_dags/example_bash_operator.py
[2024-10-14T21:44:04.652+0000] {logging_mixin.py:188} INFO - [2024-10-14T21:44:04.652+0000] {dag.py:3036} INFO - Sync 1 DAGs
[2024-10-14T21:44:04.670+0000] {logging_mixin.py:188} INFO - [2024-10-14T21:44:04.669+0000] {dag.py:3823} INFO - Setting next_dagrun for example_bash_operator to 2024-10-13 00:00:00+00:00, run_after=2024-10-14 00:00:00+00:00
[2024-10-14T21:44:04.685+0000] {processor.py:183} INFO - Processing /home/airflow/.local/lib/python3.8/site-packages/airflow/example_dags/example_bash_operator.py took 0.157 seconds
[2024-10-14T21:44:35.172+0000] {processor.py:161} INFO - Started process (PID=156) to work on /home/airflow/.local/lib/python3.8/site-packages/airflow/example_dags/example_bash_operator.py
[2024-10-14T21:44:35.173+0000] {processor.py:830} INFO - Processing file /home/airflow/.local/lib/python3.8/site-packages/airflow/example_dags/example_bash_operator.py for tasks to queue
[2024-10-14T21:44:35.174+0000] {logging_mixin.py:188} INFO - [2024-10-14T21:44:35.174+0000] {dagbag.py:538} INFO - Filling up the DagBag from /home/airflow/.local/lib/python3.8/site-packages/airflow/example_dags/example_bash_operator.py
[2024-10-14T21:44:35.183+0000] {processor.py:840} INFO - DAG(s) 'example_bash_operator' retrieved from /home/airflow/.local/lib/python3.8/site-packages/airflow/example_dags/example_bash_operator.py
[2024-10-14T21:44:35.213+0000] {logging_mixin.py:188} INFO - [2024-10-14T21:44:35.212+0000] {dag.py:3036} INFO - Sync 1 DAGs
[2024-10-14T21:44:35.234+0000] {logging_mixin.py:188} INFO - [2024-10-14T21:44:35.234+0000] {dag.py:3823} INFO - Setting next_dagrun for example_bash_operator to 2024-10-13 00:00:00+00:00, run_after=2024-10-14 00:00:00+00:00
[2024-10-14T21:44:35.251+0000] {processor.py:183} INFO - Processing /home/airflow/.local/lib/python3.8/site-packages/airflow/example_dags/example_bash_operator.py took 0.081 seconds
[2024-10-14T21:45:05.752+0000] {processor.py:161} INFO - Started process (PID=230) to work on /home/airflow/.local/lib/python3.8/site-packages/airflow/example_dags/example_bash_operator.py
[2024-10-14T21:45:05.753+0000] {processor.py:830} INFO - Processing file /home/airflow/.local/lib/python3.8/site-packages/airflow/example_dags/example_bash_operator.py for tasks to queue
[2024-10-14T21:45:05.754+0000] {logging_mixin.py:188} INFO - [2024-10-14T21:45:05.754+0000] {dagbag.py:538} INFO - Filling up the DagBag from /home/airflow/.local/lib/python3.8/site-packages/airflow/example_dags/example_bash_operator.py
[2024-10-14T21:45:05.763+0000] {processor.py:840} INFO - DAG(s) 'example_bash_operator' retrieved from /home/airflow/.local/lib/python3.8/site-packages/airflow/example_dags/example_bash_operator.py
[2024-10-14T21:45:05.783+0000] {logging_mixin.py:188} INFO - [2024-10-14T21:45:05.783+0000] {dag.py:3036} INFO - Sync 1 DAGs
[2024-10-14T21:45:05.799+0000] {logging_mixin.py:188} INFO - [2024-10-14T21:45:05.799+0000] {dag.py:3823} INFO - Setting next_dagrun for example_bash_operator to 2024-10-13 00:00:00+00:00, run_after=2024-10-14 00:00:00+00:00
[2024-10-14T21:45:05.814+0000] {processor.py:183} INFO - Processing /home/airflow/.local/lib/python3.8/site-packages/airflow/example_dags/example_bash_operator.py took 0.064 seconds
[2024-10-14T21:45:36.075+0000] {processor.py:161} INFO - Started process (PID=297) to work on /home/airflow/.local/lib/python3.8/site-packages/airflow/example_dags/example_bash_operator.py
[2024-10-14T21:45:36.076+0000] {processor.py:830} INFO - Processing file /home/airflow/.local/lib/python3.8/site-packages/airflow/example_dags/example_bash_operator.py for tasks to queue
[2024-10-14T21:45:36.077+0000] {logging_mixin.py:188} INFO - [2024-10-14T21:45:36.077+0000] {dagbag.py:538} INFO - Filling up the DagBag from /home/airflow/.local/lib/python3.8/site-packages/airflow/example_dags/example_bash_operator.py
[2024-10-14T21:45:36.086+0000] {processor.py:840} INFO - DAG(s) 'example_bash_operator' retrieved from /home/airflow/.local/lib/python3.8/site-packages/airflow/example_dags/example_bash_operator.py
[2024-10-14T21:45:36.107+0000] {logging_mixin.py:188} INFO - [2024-10-14T21:45:36.107+0000] {dag.py:3036} INFO - Sync 1 DAGs
[2024-10-14T21:45:36.124+0000] {logging_mixin.py:188} INFO - [2024-10-14T21:45:36.124+0000] {dag.py:3823} INFO - Setting next_dagrun for example_bash_operator to 2024-10-13 00:00:00+00:00, run_after=2024-10-14 00:00:00+00:00
[2024-10-14T21:45:36.138+0000] {processor.py:183} INFO - Processing /home/airflow/.local/lib/python3.8/site-packages/airflow/example_dags/example_bash_operator.py took 0.066 seconds
[2024-10-14T21:46:06.512+0000] {processor.py:161} INFO - Started process (PID=370) to work on /home/airflow/.local/lib/python3.8/site-packages/airflow/example_dags/example_bash_operator.py
[2024-10-14T21:46:06.513+0000] {processor.py:830} INFO - Processing file /home/airflow/.local/lib/python3.8/site-packages/airflow/example_dags/example_bash_operator.py for tasks to queue
[2024-10-14T21:46:06.514+0000] {logging_mixin.py:188} INFO - [2024-10-14T21:46:06.514+0000] {dagbag.py:538} INFO - Filling up the DagBag from /home/airflow/.local/lib/python3.8/site-packages/airflow/example_dags/example_bash_operator.py
[2024-10-14T21:46:06.523+0000] {processor.py:840} INFO - DAG(s) 'example_bash_operator' retrieved from /home/airflow/.local/lib/python3.8/site-packages/airflow/example_dags/example_bash_operator.py
[2024-10-14T21:46:06.542+0000] {logging_mixin.py:188} INFO - [2024-10-14T21:46:06.542+0000] {dag.py:3036} INFO - Sync 1 DAGs
[2024-10-14T21:46:06.559+0000] {logging_mixin.py:188} INFO - [2024-10-14T21:46:06.559+0000] {dag.py:3823} INFO - Setting next_dagrun for example_bash_operator to 2024-10-13 00:00:00+00:00, run_after=2024-10-14 00:00:00+00:00
[2024-10-14T21:46:06.575+0000] {processor.py:183} INFO - Processing /home/airflow/.local/lib/python3.8/site-packages/airflow/example_dags/example_bash_operator.py took 0.065 seconds
[2024-10-14T21:46:36.644+0000] {processor.py:161} INFO - Started process (PID=444) to work on /home/airflow/.local/lib/python3.8/site-packages/airflow/example_dags/example_bash_operator.py
[2024-10-14T21:46:36.645+0000] {processor.py:830} INFO - Processing file /home/airflow/.local/lib/python3.8/site-packages/airflow/example_dags/example_bash_operator.py for tasks to queue
[2024-10-14T21:46:36.647+0000] {logging_mixin.py:188} INFO - [2024-10-14T21:46:36.646+0000] {dagbag.py:538} INFO - Filling up the DagBag from /home/airflow/.local/lib/python3.8/site-packages/airflow/example_dags/example_bash_operator.py
[2024-10-14T21:46:36.657+0000] {processor.py:840} INFO - DAG(s) 'example_bash_operator' retrieved from /home/airflow/.local/lib/python3.8/site-packages/airflow/example_dags/example_bash_operator.py
[2024-10-14T21:46:36.686+0000] {logging_mixin.py:188} INFO - [2024-10-14T21:46:36.686+0000] {dag.py:3036} INFO - Sync 1 DAGs
[2024-10-14T21:46:36.707+0000] {logging_mixin.py:188} INFO - [2024-10-14T21:46:36.707+0000] {dag.py:3823} INFO - Setting next_dagrun for example_bash_operator to 2024-10-13 00:00:00+00:00, run_after=2024-10-14 00:00:00+00:00
[2024-10-14T21:46:36.725+0000] {processor.py:183} INFO - Processing /home/airflow/.local/lib/python3.8/site-packages/airflow/example_dags/example_bash_operator.py took 0.083 seconds
[2024-10-14T21:50:41.389+0000] {processor.py:161} INFO - Started process (PID=91) to work on /home/airflow/.local/lib/python3.8/site-packages/airflow/example_dags/example_bash_operator.py
[2024-10-14T21:50:41.392+0000] {processor.py:830} INFO - Processing file /home/airflow/.local/lib/python3.8/site-packages/airflow/example_dags/example_bash_operator.py for tasks to queue
[2024-10-14T21:50:41.394+0000] {logging_mixin.py:188} INFO - [2024-10-14T21:50:41.394+0000] {dagbag.py:538} INFO - Filling up the DagBag from /home/airflow/.local/lib/python3.8/site-packages/airflow/example_dags/example_bash_operator.py
[2024-10-14T21:50:41.415+0000] {processor.py:840} INFO - DAG(s) 'example_bash_operator' retrieved from /home/airflow/.local/lib/python3.8/site-packages/airflow/example_dags/example_bash_operator.py
[2024-10-14T21:50:41.428+0000] {logging_mixin.py:188} INFO - [2024-10-14T21:50:41.428+0000] {dag.py:3036} INFO - Sync 1 DAGs
[2024-10-14T21:50:41.466+0000] {logging_mixin.py:188} INFO - [2024-10-14T21:50:41.466+0000] {dag.py:3823} INFO - Setting next_dagrun for example_bash_operator to 2024-10-13 00:00:00+00:00, run_after=2024-10-14 00:00:00+00:00
[2024-10-14T21:50:41.509+0000] {processor.py:183} INFO - Processing /home/airflow/.local/lib/python3.8/site-packages/airflow/example_dags/example_bash_operator.py took 0.124 seconds
[2024-10-14T21:51:11.906+0000] {processor.py:161} INFO - Started process (PID=164) to work on /home/airflow/.local/lib/python3.8/site-packages/airflow/example_dags/example_bash_operator.py
[2024-10-14T21:51:11.907+0000] {processor.py:830} INFO - Processing file /home/airflow/.local/lib/python3.8/site-packages/airflow/example_dags/example_bash_operator.py for tasks to queue
[2024-10-14T21:51:11.909+0000] {logging_mixin.py:188} INFO - [2024-10-14T21:51:11.908+0000] {dagbag.py:538} INFO - Filling up the DagBag from /home/airflow/.local/lib/python3.8/site-packages/airflow/example_dags/example_bash_operator.py
[2024-10-14T21:51:11.923+0000] {processor.py:840} INFO - DAG(s) 'example_bash_operator' retrieved from /home/airflow/.local/lib/python3.8/site-packages/airflow/example_dags/example_bash_operator.py
[2024-10-14T21:51:12.071+0000] {logging_mixin.py:188} INFO - [2024-10-14T21:51:12.070+0000] {dag.py:3036} INFO - Sync 1 DAGs
[2024-10-14T21:51:12.098+0000] {logging_mixin.py:188} INFO - [2024-10-14T21:51:12.098+0000] {dag.py:3823} INFO - Setting next_dagrun for example_bash_operator to 2024-10-13 00:00:00+00:00, run_after=2024-10-14 00:00:00+00:00
[2024-10-14T21:51:12.128+0000] {processor.py:183} INFO - Processing /home/airflow/.local/lib/python3.8/site-packages/airflow/example_dags/example_bash_operator.py took 0.225 seconds
[2024-10-14T21:51:42.652+0000] {processor.py:161} INFO - Started process (PID=237) to work on /home/airflow/.local/lib/python3.8/site-packages/airflow/example_dags/example_bash_operator.py
[2024-10-14T21:51:42.652+0000] {processor.py:830} INFO - Processing file /home/airflow/.local/lib/python3.8/site-packages/airflow/example_dags/example_bash_operator.py for tasks to queue
[2024-10-14T21:51:42.654+0000] {logging_mixin.py:188} INFO - [2024-10-14T21:51:42.654+0000] {dagbag.py:538} INFO - Filling up the DagBag from /home/airflow/.local/lib/python3.8/site-packages/airflow/example_dags/example_bash_operator.py
[2024-10-14T21:51:42.663+0000] {processor.py:840} INFO - DAG(s) 'example_bash_operator' retrieved from /home/airflow/.local/lib/python3.8/site-packages/airflow/example_dags/example_bash_operator.py
[2024-10-14T21:51:42.684+0000] {logging_mixin.py:188} INFO - [2024-10-14T21:51:42.683+0000] {dag.py:3036} INFO - Sync 1 DAGs
[2024-10-14T21:51:42.700+0000] {logging_mixin.py:188} INFO - [2024-10-14T21:51:42.700+0000] {dag.py:3823} INFO - Setting next_dagrun for example_bash_operator to 2024-10-13 00:00:00+00:00, run_after=2024-10-14 00:00:00+00:00
[2024-10-14T21:51:42.714+0000] {processor.py:183} INFO - Processing /home/airflow/.local/lib/python3.8/site-packages/airflow/example_dags/example_bash_operator.py took 0.066 seconds
[2024-10-14T21:52:13.036+0000] {processor.py:161} INFO - Started process (PID=319) to work on /home/airflow/.local/lib/python3.8/site-packages/airflow/example_dags/example_bash_operator.py
[2024-10-14T21:52:13.037+0000] {processor.py:830} INFO - Processing file /home/airflow/.local/lib/python3.8/site-packages/airflow/example_dags/example_bash_operator.py for tasks to queue
[2024-10-14T21:52:13.038+0000] {logging_mixin.py:188} INFO - [2024-10-14T21:52:13.038+0000] {dagbag.py:538} INFO - Filling up the DagBag from /home/airflow/.local/lib/python3.8/site-packages/airflow/example_dags/example_bash_operator.py
[2024-10-14T21:52:13.047+0000] {processor.py:840} INFO - DAG(s) 'example_bash_operator' retrieved from /home/airflow/.local/lib/python3.8/site-packages/airflow/example_dags/example_bash_operator.py
[2024-10-14T21:52:13.071+0000] {logging_mixin.py:188} INFO - [2024-10-14T21:52:13.071+0000] {dag.py:3036} INFO - Sync 1 DAGs
[2024-10-14T21:52:13.089+0000] {logging_mixin.py:188} INFO - [2024-10-14T21:52:13.088+0000] {dag.py:3823} INFO - Setting next_dagrun for example_bash_operator to 2024-10-13 00:00:00+00:00, run_after=2024-10-14 00:00:00+00:00
[2024-10-14T21:52:13.105+0000] {processor.py:183} INFO - Processing /home/airflow/.local/lib/python3.8/site-packages/airflow/example_dags/example_bash_operator.py took 0.071 seconds
[2024-10-14T21:52:43.643+0000] {processor.py:161} INFO - Started process (PID=392) to work on /home/airflow/.local/lib/python3.8/site-packages/airflow/example_dags/example_bash_operator.py
[2024-10-14T21:52:43.644+0000] {processor.py:830} INFO - Processing file /home/airflow/.local/lib/python3.8/site-packages/airflow/example_dags/example_bash_operator.py for tasks to queue
[2024-10-14T21:52:43.645+0000] {logging_mixin.py:188} INFO - [2024-10-14T21:52:43.645+0000] {dagbag.py:538} INFO - Filling up the DagBag from /home/airflow/.local/lib/python3.8/site-packages/airflow/example_dags/example_bash_operator.py
[2024-10-14T21:52:43.662+0000] {processor.py:840} INFO - DAG(s) 'example_bash_operator' retrieved from /home/airflow/.local/lib/python3.8/site-packages/airflow/example_dags/example_bash_operator.py
[2024-10-14T21:52:43.693+0000] {logging_mixin.py:188} INFO - [2024-10-14T21:52:43.693+0000] {dag.py:3036} INFO - Sync 1 DAGs
[2024-10-14T21:52:43.726+0000] {logging_mixin.py:188} INFO - [2024-10-14T21:52:43.725+0000] {dag.py:3823} INFO - Setting next_dagrun for example_bash_operator to 2024-10-13 00:00:00+00:00, run_after=2024-10-14 00:00:00+00:00
[2024-10-14T21:52:43.750+0000] {processor.py:183} INFO - Processing /home/airflow/.local/lib/python3.8/site-packages/airflow/example_dags/example_bash_operator.py took 0.110 seconds
[2024-10-14T21:53:14.022+0000] {processor.py:161} INFO - Started process (PID=473) to work on /home/airflow/.local/lib/python3.8/site-packages/airflow/example_dags/example_bash_operator.py
[2024-10-14T21:53:14.023+0000] {processor.py:830} INFO - Processing file /home/airflow/.local/lib/python3.8/site-packages/airflow/example_dags/example_bash_operator.py for tasks to queue
[2024-10-14T21:53:14.025+0000] {logging_mixin.py:188} INFO - [2024-10-14T21:53:14.024+0000] {dagbag.py:538} INFO - Filling up the DagBag from /home/airflow/.local/lib/python3.8/site-packages/airflow/example_dags/example_bash_operator.py
[2024-10-14T21:53:14.041+0000] {processor.py:840} INFO - DAG(s) 'example_bash_operator' retrieved from /home/airflow/.local/lib/python3.8/site-packages/airflow/example_dags/example_bash_operator.py
[2024-10-14T21:53:14.078+0000] {logging_mixin.py:188} INFO - [2024-10-14T21:53:14.077+0000] {dag.py:3036} INFO - Sync 1 DAGs
[2024-10-14T21:53:14.101+0000] {logging_mixin.py:188} INFO - [2024-10-14T21:53:14.100+0000] {dag.py:3823} INFO - Setting next_dagrun for example_bash_operator to 2024-10-13 00:00:00+00:00, run_after=2024-10-14 00:00:00+00:00
[2024-10-14T21:53:14.123+0000] {processor.py:183} INFO - Processing /home/airflow/.local/lib/python3.8/site-packages/airflow/example_dags/example_bash_operator.py took 0.106 seconds
[2024-10-14T21:53:44.347+0000] {processor.py:161} INFO - Started process (PID=546) to work on /home/airflow/.local/lib/python3.8/site-packages/airflow/example_dags/example_bash_operator.py
[2024-10-14T21:53:44.349+0000] {processor.py:830} INFO - Processing file /home/airflow/.local/lib/python3.8/site-packages/airflow/example_dags/example_bash_operator.py for tasks to queue
[2024-10-14T21:53:44.354+0000] {logging_mixin.py:188} INFO - [2024-10-14T21:53:44.353+0000] {dagbag.py:538} INFO - Filling up the DagBag from /home/airflow/.local/lib/python3.8/site-packages/airflow/example_dags/example_bash_operator.py
[2024-10-14T21:53:44.364+0000] {processor.py:840} INFO - DAG(s) 'example_bash_operator' retrieved from /home/airflow/.local/lib/python3.8/site-packages/airflow/example_dags/example_bash_operator.py
[2024-10-14T21:53:44.393+0000] {logging_mixin.py:188} INFO - [2024-10-14T21:53:44.393+0000] {dag.py:3036} INFO - Sync 1 DAGs
[2024-10-14T21:53:44.414+0000] {logging_mixin.py:188} INFO - [2024-10-14T21:53:44.414+0000] {dag.py:3823} INFO - Setting next_dagrun for example_bash_operator to 2024-10-13 00:00:00+00:00, run_after=2024-10-14 00:00:00+00:00
[2024-10-14T21:53:44.438+0000] {processor.py:183} INFO - Processing /home/airflow/.local/lib/python3.8/site-packages/airflow/example_dags/example_bash_operator.py took 0.093 seconds
[2024-10-14T21:54:14.913+0000] {processor.py:161} INFO - Started process (PID=637) to work on /home/airflow/.local/lib/python3.8/site-packages/airflow/example_dags/example_bash_operator.py
[2024-10-14T21:54:14.914+0000] {processor.py:830} INFO - Processing file /home/airflow/.local/lib/python3.8/site-packages/airflow/example_dags/example_bash_operator.py for tasks to queue
[2024-10-14T21:54:14.917+0000] {logging_mixin.py:188} INFO - [2024-10-14T21:54:14.917+0000] {dagbag.py:538} INFO - Filling up the DagBag from /home/airflow/.local/lib/python3.8/site-packages/airflow/example_dags/example_bash_operator.py
[2024-10-14T21:54:14.929+0000] {processor.py:840} INFO - DAG(s) 'example_bash_operator' retrieved from /home/airflow/.local/lib/python3.8/site-packages/airflow/example_dags/example_bash_operator.py
[2024-10-14T21:54:14.959+0000] {logging_mixin.py:188} INFO - [2024-10-14T21:54:14.959+0000] {dag.py:3036} INFO - Sync 1 DAGs
[2024-10-14T21:54:14.980+0000] {logging_mixin.py:188} INFO - [2024-10-14T21:54:14.980+0000] {dag.py:3823} INFO - Setting next_dagrun for example_bash_operator to 2024-10-13 00:00:00+00:00, run_after=2024-10-14 00:00:00+00:00
[2024-10-14T21:54:14.999+0000] {processor.py:183} INFO - Processing /home/airflow/.local/lib/python3.8/site-packages/airflow/example_dags/example_bash_operator.py took 0.088 seconds
[2024-10-14T21:58:41.270+0000] {processor.py:161} INFO - Started process (PID=83) to work on /home/airflow/.local/lib/python3.8/site-packages/airflow/example_dags/example_bash_operator.py
[2024-10-14T21:58:41.271+0000] {processor.py:830} INFO - Processing file /home/airflow/.local/lib/python3.8/site-packages/airflow/example_dags/example_bash_operator.py for tasks to queue
[2024-10-14T21:58:41.273+0000] {logging_mixin.py:188} INFO - [2024-10-14T21:58:41.272+0000] {dagbag.py:538} INFO - Filling up the DagBag from /home/airflow/.local/lib/python3.8/site-packages/airflow/example_dags/example_bash_operator.py
[2024-10-14T21:58:41.287+0000] {processor.py:840} INFO - DAG(s) 'example_bash_operator' retrieved from /home/airflow/.local/lib/python3.8/site-packages/airflow/example_dags/example_bash_operator.py
[2024-10-14T21:58:41.300+0000] {logging_mixin.py:188} INFO - [2024-10-14T21:58:41.300+0000] {dag.py:3036} INFO - Sync 1 DAGs
[2024-10-14T21:58:41.327+0000] {logging_mixin.py:188} INFO - [2024-10-14T21:58:41.326+0000] {dag.py:3823} INFO - Setting next_dagrun for example_bash_operator to 2024-10-13 00:00:00+00:00, run_after=2024-10-14 00:00:00+00:00
[2024-10-14T21:58:41.349+0000] {processor.py:183} INFO - Processing /home/airflow/.local/lib/python3.8/site-packages/airflow/example_dags/example_bash_operator.py took 0.084 seconds
[2024-10-14T21:59:11.694+0000] {processor.py:161} INFO - Started process (PID=163) to work on /home/airflow/.local/lib/python3.8/site-packages/airflow/example_dags/example_bash_operator.py
[2024-10-14T21:59:11.695+0000] {processor.py:830} INFO - Processing file /home/airflow/.local/lib/python3.8/site-packages/airflow/example_dags/example_bash_operator.py for tasks to queue
[2024-10-14T21:59:11.696+0000] {logging_mixin.py:188} INFO - [2024-10-14T21:59:11.696+0000] {dagbag.py:538} INFO - Filling up the DagBag from /home/airflow/.local/lib/python3.8/site-packages/airflow/example_dags/example_bash_operator.py
[2024-10-14T21:59:11.704+0000] {processor.py:840} INFO - DAG(s) 'example_bash_operator' retrieved from /home/airflow/.local/lib/python3.8/site-packages/airflow/example_dags/example_bash_operator.py
[2024-10-14T21:59:11.790+0000] {logging_mixin.py:188} INFO - [2024-10-14T21:59:11.789+0000] {dag.py:3036} INFO - Sync 1 DAGs
[2024-10-14T21:59:11.806+0000] {logging_mixin.py:188} INFO - [2024-10-14T21:59:11.806+0000] {dag.py:3823} INFO - Setting next_dagrun for example_bash_operator to 2024-10-13 00:00:00+00:00, run_after=2024-10-14 00:00:00+00:00
[2024-10-14T21:59:11.824+0000] {processor.py:183} INFO - Processing /home/airflow/.local/lib/python3.8/site-packages/airflow/example_dags/example_bash_operator.py took 0.132 seconds
[2024-10-14T21:59:42.713+0000] {processor.py:161} INFO - Started process (PID=237) to work on /home/airflow/.local/lib/python3.8/site-packages/airflow/example_dags/example_bash_operator.py
[2024-10-14T21:59:42.714+0000] {processor.py:830} INFO - Processing file /home/airflow/.local/lib/python3.8/site-packages/airflow/example_dags/example_bash_operator.py for tasks to queue
[2024-10-14T21:59:42.715+0000] {logging_mixin.py:188} INFO - [2024-10-14T21:59:42.715+0000] {dagbag.py:538} INFO - Filling up the DagBag from /home/airflow/.local/lib/python3.8/site-packages/airflow/example_dags/example_bash_operator.py
[2024-10-14T21:59:42.724+0000] {processor.py:840} INFO - DAG(s) 'example_bash_operator' retrieved from /home/airflow/.local/lib/python3.8/site-packages/airflow/example_dags/example_bash_operator.py
[2024-10-14T21:59:42.750+0000] {logging_mixin.py:188} INFO - [2024-10-14T21:59:42.750+0000] {dag.py:3036} INFO - Sync 1 DAGs
[2024-10-14T21:59:42.768+0000] {logging_mixin.py:188} INFO - [2024-10-14T21:59:42.768+0000] {dag.py:3823} INFO - Setting next_dagrun for example_bash_operator to 2024-10-13 00:00:00+00:00, run_after=2024-10-14 00:00:00+00:00
[2024-10-14T21:59:42.783+0000] {processor.py:183} INFO - Processing /home/airflow/.local/lib/python3.8/site-packages/airflow/example_dags/example_bash_operator.py took 0.072 seconds
[2024-10-14T22:00:13.111+0000] {processor.py:161} INFO - Started process (PID=319) to work on /home/airflow/.local/lib/python3.8/site-packages/airflow/example_dags/example_bash_operator.py
[2024-10-14T22:00:13.111+0000] {processor.py:830} INFO - Processing file /home/airflow/.local/lib/python3.8/site-packages/airflow/example_dags/example_bash_operator.py for tasks to queue
[2024-10-14T22:00:13.113+0000] {logging_mixin.py:188} INFO - [2024-10-14T22:00:13.113+0000] {dagbag.py:538} INFO - Filling up the DagBag from /home/airflow/.local/lib/python3.8/site-packages/airflow/example_dags/example_bash_operator.py
[2024-10-14T22:00:13.125+0000] {processor.py:840} INFO - DAG(s) 'example_bash_operator' retrieved from /home/airflow/.local/lib/python3.8/site-packages/airflow/example_dags/example_bash_operator.py
[2024-10-14T22:00:13.166+0000] {logging_mixin.py:188} INFO - [2024-10-14T22:00:13.166+0000] {dag.py:3036} INFO - Sync 1 DAGs
[2024-10-14T22:00:13.205+0000] {logging_mixin.py:188} INFO - [2024-10-14T22:00:13.204+0000] {dag.py:3823} INFO - Setting next_dagrun for example_bash_operator to 2024-10-13 00:00:00+00:00, run_after=2024-10-14 00:00:00+00:00
[2024-10-14T22:00:13.230+0000] {processor.py:183} INFO - Processing /home/airflow/.local/lib/python3.8/site-packages/airflow/example_dags/example_bash_operator.py took 0.122 seconds
[2024-10-14T22:00:43.581+0000] {processor.py:161} INFO - Started process (PID=393) to work on /home/airflow/.local/lib/python3.8/site-packages/airflow/example_dags/example_bash_operator.py
[2024-10-14T22:00:43.582+0000] {processor.py:830} INFO - Processing file /home/airflow/.local/lib/python3.8/site-packages/airflow/example_dags/example_bash_operator.py for tasks to queue
[2024-10-14T22:00:43.583+0000] {logging_mixin.py:188} INFO - [2024-10-14T22:00:43.583+0000] {dagbag.py:538} INFO - Filling up the DagBag from /home/airflow/.local/lib/python3.8/site-packages/airflow/example_dags/example_bash_operator.py
[2024-10-14T22:00:43.596+0000] {processor.py:840} INFO - DAG(s) 'example_bash_operator' retrieved from /home/airflow/.local/lib/python3.8/site-packages/airflow/example_dags/example_bash_operator.py
[2024-10-14T22:00:43.626+0000] {logging_mixin.py:188} INFO - [2024-10-14T22:00:43.626+0000] {dag.py:3036} INFO - Sync 1 DAGs
[2024-10-14T22:00:43.650+0000] {logging_mixin.py:188} INFO - [2024-10-14T22:00:43.650+0000] {dag.py:3823} INFO - Setting next_dagrun for example_bash_operator to 2024-10-13 00:00:00+00:00, run_after=2024-10-14 00:00:00+00:00
[2024-10-14T22:00:43.677+0000] {processor.py:183} INFO - Processing /home/airflow/.local/lib/python3.8/site-packages/airflow/example_dags/example_bash_operator.py took 0.099 seconds
[2024-10-14T22:01:13.764+0000] {processor.py:161} INFO - Started process (PID=467) to work on /home/airflow/.local/lib/python3.8/site-packages/airflow/example_dags/example_bash_operator.py
[2024-10-14T22:01:13.764+0000] {processor.py:830} INFO - Processing file /home/airflow/.local/lib/python3.8/site-packages/airflow/example_dags/example_bash_operator.py for tasks to queue
[2024-10-14T22:01:13.766+0000] {logging_mixin.py:188} INFO - [2024-10-14T22:01:13.766+0000] {dagbag.py:538} INFO - Filling up the DagBag from /home/airflow/.local/lib/python3.8/site-packages/airflow/example_dags/example_bash_operator.py
[2024-10-14T22:01:13.780+0000] {processor.py:840} INFO - DAG(s) 'example_bash_operator' retrieved from /home/airflow/.local/lib/python3.8/site-packages/airflow/example_dags/example_bash_operator.py
[2024-10-14T22:01:13.811+0000] {logging_mixin.py:188} INFO - [2024-10-14T22:01:13.811+0000] {dag.py:3036} INFO - Sync 1 DAGs
[2024-10-14T22:01:13.841+0000] {logging_mixin.py:188} INFO - [2024-10-14T22:01:13.840+0000] {dag.py:3823} INFO - Setting next_dagrun for example_bash_operator to 2024-10-13 00:00:00+00:00, run_after=2024-10-14 00:00:00+00:00
[2024-10-14T22:01:13.862+0000] {processor.py:183} INFO - Processing /home/airflow/.local/lib/python3.8/site-packages/airflow/example_dags/example_bash_operator.py took 0.101 seconds
[2024-10-14T22:01:44.343+0000] {processor.py:161} INFO - Started process (PID=549) to work on /home/airflow/.local/lib/python3.8/site-packages/airflow/example_dags/example_bash_operator.py
[2024-10-14T22:01:44.344+0000] {processor.py:830} INFO - Processing file /home/airflow/.local/lib/python3.8/site-packages/airflow/example_dags/example_bash_operator.py for tasks to queue
[2024-10-14T22:01:44.345+0000] {logging_mixin.py:188} INFO - [2024-10-14T22:01:44.345+0000] {dagbag.py:538} INFO - Filling up the DagBag from /home/airflow/.local/lib/python3.8/site-packages/airflow/example_dags/example_bash_operator.py
[2024-10-14T22:01:44.359+0000] {processor.py:840} INFO - DAG(s) 'example_bash_operator' retrieved from /home/airflow/.local/lib/python3.8/site-packages/airflow/example_dags/example_bash_operator.py
[2024-10-14T22:01:44.388+0000] {logging_mixin.py:188} INFO - [2024-10-14T22:01:44.387+0000] {dag.py:3036} INFO - Sync 1 DAGs
[2024-10-14T22:01:44.412+0000] {logging_mixin.py:188} INFO - [2024-10-14T22:01:44.412+0000] {dag.py:3823} INFO - Setting next_dagrun for example_bash_operator to 2024-10-13 00:00:00+00:00, run_after=2024-10-14 00:00:00+00:00
[2024-10-14T22:01:44.433+0000] {processor.py:183} INFO - Processing /home/airflow/.local/lib/python3.8/site-packages/airflow/example_dags/example_bash_operator.py took 0.094 seconds
[2024-10-14T22:02:14.723+0000] {processor.py:161} INFO - Started process (PID=623) to work on /home/airflow/.local/lib/python3.8/site-packages/airflow/example_dags/example_bash_operator.py
[2024-10-14T22:02:14.725+0000] {processor.py:830} INFO - Processing file /home/airflow/.local/lib/python3.8/site-packages/airflow/example_dags/example_bash_operator.py for tasks to queue
[2024-10-14T22:02:14.727+0000] {logging_mixin.py:188} INFO - [2024-10-14T22:02:14.727+0000] {dagbag.py:538} INFO - Filling up the DagBag from /home/airflow/.local/lib/python3.8/site-packages/airflow/example_dags/example_bash_operator.py
[2024-10-14T22:02:14.738+0000] {processor.py:840} INFO - DAG(s) 'example_bash_operator' retrieved from /home/airflow/.local/lib/python3.8/site-packages/airflow/example_dags/example_bash_operator.py
[2024-10-14T22:02:14.763+0000] {logging_mixin.py:188} INFO - [2024-10-14T22:02:14.762+0000] {dag.py:3036} INFO - Sync 1 DAGs
[2024-10-14T22:02:14.782+0000] {logging_mixin.py:188} INFO - [2024-10-14T22:02:14.782+0000] {dag.py:3823} INFO - Setting next_dagrun for example_bash_operator to 2024-10-13 00:00:00+00:00, run_after=2024-10-14 00:00:00+00:00
[2024-10-14T22:02:14.800+0000] {processor.py:183} INFO - Processing /home/airflow/.local/lib/python3.8/site-packages/airflow/example_dags/example_bash_operator.py took 0.084 seconds
[2024-10-14T22:02:45.446+0000] {processor.py:161} INFO - Started process (PID=705) to work on /home/airflow/.local/lib/python3.8/site-packages/airflow/example_dags/example_bash_operator.py
[2024-10-14T22:02:45.447+0000] {processor.py:830} INFO - Processing file /home/airflow/.local/lib/python3.8/site-packages/airflow/example_dags/example_bash_operator.py for tasks to queue
[2024-10-14T22:02:45.448+0000] {logging_mixin.py:188} INFO - [2024-10-14T22:02:45.448+0000] {dagbag.py:538} INFO - Filling up the DagBag from /home/airflow/.local/lib/python3.8/site-packages/airflow/example_dags/example_bash_operator.py
[2024-10-14T22:02:45.461+0000] {processor.py:840} INFO - DAG(s) 'example_bash_operator' retrieved from /home/airflow/.local/lib/python3.8/site-packages/airflow/example_dags/example_bash_operator.py
[2024-10-14T22:02:45.487+0000] {logging_mixin.py:188} INFO - [2024-10-14T22:02:45.486+0000] {dag.py:3036} INFO - Sync 1 DAGs
[2024-10-14T22:02:45.509+0000] {logging_mixin.py:188} INFO - [2024-10-14T22:02:45.509+0000] {dag.py:3823} INFO - Setting next_dagrun for example_bash_operator to 2024-10-13 00:00:00+00:00, run_after=2024-10-14 00:00:00+00:00
[2024-10-14T22:02:45.529+0000] {processor.py:183} INFO - Processing /home/airflow/.local/lib/python3.8/site-packages/airflow/example_dags/example_bash_operator.py took 0.085 seconds
[2024-10-14T22:03:15.733+0000] {processor.py:161} INFO - Started process (PID=779) to work on /home/airflow/.local/lib/python3.8/site-packages/airflow/example_dags/example_bash_operator.py
[2024-10-14T22:03:15.735+0000] {processor.py:830} INFO - Processing file /home/airflow/.local/lib/python3.8/site-packages/airflow/example_dags/example_bash_operator.py for tasks to queue
[2024-10-14T22:03:15.743+0000] {logging_mixin.py:188} INFO - [2024-10-14T22:03:15.741+0000] {dagbag.py:538} INFO - Filling up the DagBag from /home/airflow/.local/lib/python3.8/site-packages/airflow/example_dags/example_bash_operator.py
[2024-10-14T22:03:15.763+0000] {processor.py:840} INFO - DAG(s) 'example_bash_operator' retrieved from /home/airflow/.local/lib/python3.8/site-packages/airflow/example_dags/example_bash_operator.py
[2024-10-14T22:03:15.815+0000] {logging_mixin.py:188} INFO - [2024-10-14T22:03:15.813+0000] {dag.py:3036} INFO - Sync 1 DAGs
[2024-10-14T22:03:15.851+0000] {logging_mixin.py:188} INFO - [2024-10-14T22:03:15.851+0000] {dag.py:3823} INFO - Setting next_dagrun for example_bash_operator to 2024-10-13 00:00:00+00:00, run_after=2024-10-14 00:00:00+00:00
[2024-10-14T22:03:15.894+0000] {processor.py:183} INFO - Processing /home/airflow/.local/lib/python3.8/site-packages/airflow/example_dags/example_bash_operator.py took 0.164 seconds
[2024-10-14T22:03:45.998+0000] {processor.py:161} INFO - Started process (PID=860) to work on /home/airflow/.local/lib/python3.8/site-packages/airflow/example_dags/example_bash_operator.py
[2024-10-14T22:03:45.999+0000] {processor.py:830} INFO - Processing file /home/airflow/.local/lib/python3.8/site-packages/airflow/example_dags/example_bash_operator.py for tasks to queue
[2024-10-14T22:03:46.000+0000] {logging_mixin.py:188} INFO - [2024-10-14T22:03:46.000+0000] {dagbag.py:538} INFO - Filling up the DagBag from /home/airflow/.local/lib/python3.8/site-packages/airflow/example_dags/example_bash_operator.py
[2024-10-14T22:03:46.010+0000] {processor.py:840} INFO - DAG(s) 'example_bash_operator' retrieved from /home/airflow/.local/lib/python3.8/site-packages/airflow/example_dags/example_bash_operator.py
[2024-10-14T22:03:46.032+0000] {logging_mixin.py:188} INFO - [2024-10-14T22:03:46.032+0000] {dag.py:3036} INFO - Sync 1 DAGs
[2024-10-14T22:03:46.054+0000] {logging_mixin.py:188} INFO - [2024-10-14T22:03:46.054+0000] {dag.py:3823} INFO - Setting next_dagrun for example_bash_operator to 2024-10-13 00:00:00+00:00, run_after=2024-10-14 00:00:00+00:00
[2024-10-14T22:03:46.068+0000] {processor.py:183} INFO - Processing /home/airflow/.local/lib/python3.8/site-packages/airflow/example_dags/example_bash_operator.py took 0.073 seconds
[2024-10-14T22:04:16.250+0000] {processor.py:161} INFO - Started process (PID=934) to work on /home/airflow/.local/lib/python3.8/site-packages/airflow/example_dags/example_bash_operator.py
[2024-10-14T22:04:16.251+0000] {processor.py:830} INFO - Processing file /home/airflow/.local/lib/python3.8/site-packages/airflow/example_dags/example_bash_operator.py for tasks to queue
[2024-10-14T22:04:16.252+0000] {logging_mixin.py:188} INFO - [2024-10-14T22:04:16.252+0000] {dagbag.py:538} INFO - Filling up the DagBag from /home/airflow/.local/lib/python3.8/site-packages/airflow/example_dags/example_bash_operator.py
[2024-10-14T22:04:16.261+0000] {processor.py:840} INFO - DAG(s) 'example_bash_operator' retrieved from /home/airflow/.local/lib/python3.8/site-packages/airflow/example_dags/example_bash_operator.py
[2024-10-14T22:04:16.282+0000] {logging_mixin.py:188} INFO - [2024-10-14T22:04:16.282+0000] {dag.py:3036} INFO - Sync 1 DAGs
[2024-10-14T22:04:16.300+0000] {logging_mixin.py:188} INFO - [2024-10-14T22:04:16.300+0000] {dag.py:3823} INFO - Setting next_dagrun for example_bash_operator to 2024-10-13 00:00:00+00:00, run_after=2024-10-14 00:00:00+00:00
[2024-10-14T22:04:16.316+0000] {processor.py:183} INFO - Processing /home/airflow/.local/lib/python3.8/site-packages/airflow/example_dags/example_bash_operator.py took 0.069 seconds
[2024-10-14T22:04:46.852+0000] {processor.py:161} INFO - Started process (PID=1014) to work on /home/airflow/.local/lib/python3.8/site-packages/airflow/example_dags/example_bash_operator.py
[2024-10-14T22:04:46.853+0000] {processor.py:830} INFO - Processing file /home/airflow/.local/lib/python3.8/site-packages/airflow/example_dags/example_bash_operator.py for tasks to queue
[2024-10-14T22:04:46.854+0000] {logging_mixin.py:188} INFO - [2024-10-14T22:04:46.854+0000] {dagbag.py:538} INFO - Filling up the DagBag from /home/airflow/.local/lib/python3.8/site-packages/airflow/example_dags/example_bash_operator.py
[2024-10-14T22:04:46.863+0000] {processor.py:840} INFO - DAG(s) 'example_bash_operator' retrieved from /home/airflow/.local/lib/python3.8/site-packages/airflow/example_dags/example_bash_operator.py
[2024-10-14T22:04:46.884+0000] {logging_mixin.py:188} INFO - [2024-10-14T22:04:46.883+0000] {dag.py:3036} INFO - Sync 1 DAGs
[2024-10-14T22:04:46.900+0000] {logging_mixin.py:188} INFO - [2024-10-14T22:04:46.900+0000] {dag.py:3823} INFO - Setting next_dagrun for example_bash_operator to 2024-10-13 00:00:00+00:00, run_after=2024-10-14 00:00:00+00:00
[2024-10-14T22:04:46.915+0000] {processor.py:183} INFO - Processing /home/airflow/.local/lib/python3.8/site-packages/airflow/example_dags/example_bash_operator.py took 0.066 seconds
[2024-10-14T22:05:16.997+0000] {processor.py:161} INFO - Started process (PID=1088) to work on /home/airflow/.local/lib/python3.8/site-packages/airflow/example_dags/example_bash_operator.py
[2024-10-14T22:05:16.998+0000] {processor.py:830} INFO - Processing file /home/airflow/.local/lib/python3.8/site-packages/airflow/example_dags/example_bash_operator.py for tasks to queue
[2024-10-14T22:05:16.999+0000] {logging_mixin.py:188} INFO - [2024-10-14T22:05:16.999+0000] {dagbag.py:538} INFO - Filling up the DagBag from /home/airflow/.local/lib/python3.8/site-packages/airflow/example_dags/example_bash_operator.py
[2024-10-14T22:05:17.008+0000] {processor.py:840} INFO - DAG(s) 'example_bash_operator' retrieved from /home/airflow/.local/lib/python3.8/site-packages/airflow/example_dags/example_bash_operator.py
[2024-10-14T22:05:17.034+0000] {logging_mixin.py:188} INFO - [2024-10-14T22:05:17.034+0000] {dag.py:3036} INFO - Sync 1 DAGs
[2024-10-14T22:05:17.054+0000] {logging_mixin.py:188} INFO - [2024-10-14T22:05:17.054+0000] {dag.py:3823} INFO - Setting next_dagrun for example_bash_operator to 2024-10-13 00:00:00+00:00, run_after=2024-10-14 00:00:00+00:00
[2024-10-14T22:05:17.071+0000] {processor.py:183} INFO - Processing /home/airflow/.local/lib/python3.8/site-packages/airflow/example_dags/example_bash_operator.py took 0.077 seconds
[2024-10-14T22:05:47.110+0000] {processor.py:161} INFO - Started process (PID=1170) to work on /home/airflow/.local/lib/python3.8/site-packages/airflow/example_dags/example_bash_operator.py
[2024-10-14T22:05:47.111+0000] {processor.py:830} INFO - Processing file /home/airflow/.local/lib/python3.8/site-packages/airflow/example_dags/example_bash_operator.py for tasks to queue
[2024-10-14T22:05:47.112+0000] {logging_mixin.py:188} INFO - [2024-10-14T22:05:47.112+0000] {dagbag.py:538} INFO - Filling up the DagBag from /home/airflow/.local/lib/python3.8/site-packages/airflow/example_dags/example_bash_operator.py
[2024-10-14T22:05:47.121+0000] {processor.py:840} INFO - DAG(s) 'example_bash_operator' retrieved from /home/airflow/.local/lib/python3.8/site-packages/airflow/example_dags/example_bash_operator.py
[2024-10-14T22:05:47.141+0000] {logging_mixin.py:188} INFO - [2024-10-14T22:05:47.141+0000] {dag.py:3036} INFO - Sync 1 DAGs
[2024-10-14T22:05:47.157+0000] {logging_mixin.py:188} INFO - [2024-10-14T22:05:47.157+0000] {dag.py:3823} INFO - Setting next_dagrun for example_bash_operator to 2024-10-13 00:00:00+00:00, run_after=2024-10-14 00:00:00+00:00
[2024-10-14T22:05:47.172+0000] {processor.py:183} INFO - Processing /home/airflow/.local/lib/python3.8/site-packages/airflow/example_dags/example_bash_operator.py took 0.065 seconds
[2024-10-14T22:06:17.232+0000] {processor.py:161} INFO - Started process (PID=1244) to work on /home/airflow/.local/lib/python3.8/site-packages/airflow/example_dags/example_bash_operator.py
[2024-10-14T22:06:17.233+0000] {processor.py:830} INFO - Processing file /home/airflow/.local/lib/python3.8/site-packages/airflow/example_dags/example_bash_operator.py for tasks to queue
[2024-10-14T22:06:17.234+0000] {logging_mixin.py:188} INFO - [2024-10-14T22:06:17.234+0000] {dagbag.py:538} INFO - Filling up the DagBag from /home/airflow/.local/lib/python3.8/site-packages/airflow/example_dags/example_bash_operator.py
[2024-10-14T22:06:17.243+0000] {processor.py:840} INFO - DAG(s) 'example_bash_operator' retrieved from /home/airflow/.local/lib/python3.8/site-packages/airflow/example_dags/example_bash_operator.py
[2024-10-14T22:06:17.266+0000] {logging_mixin.py:188} INFO - [2024-10-14T22:06:17.266+0000] {dag.py:3036} INFO - Sync 1 DAGs
[2024-10-14T22:06:17.285+0000] {logging_mixin.py:188} INFO - [2024-10-14T22:06:17.284+0000] {dag.py:3823} INFO - Setting next_dagrun for example_bash_operator to 2024-10-13 00:00:00+00:00, run_after=2024-10-14 00:00:00+00:00
[2024-10-14T22:06:17.304+0000] {processor.py:183} INFO - Processing /home/airflow/.local/lib/python3.8/site-packages/airflow/example_dags/example_bash_operator.py took 0.074 seconds
[2024-10-14T22:06:47.635+0000] {processor.py:161} INFO - Started process (PID=1326) to work on /home/airflow/.local/lib/python3.8/site-packages/airflow/example_dags/example_bash_operator.py
[2024-10-14T22:06:47.636+0000] {processor.py:830} INFO - Processing file /home/airflow/.local/lib/python3.8/site-packages/airflow/example_dags/example_bash_operator.py for tasks to queue
[2024-10-14T22:06:47.637+0000] {logging_mixin.py:188} INFO - [2024-10-14T22:06:47.637+0000] {dagbag.py:538} INFO - Filling up the DagBag from /home/airflow/.local/lib/python3.8/site-packages/airflow/example_dags/example_bash_operator.py
[2024-10-14T22:06:47.645+0000] {processor.py:840} INFO - DAG(s) 'example_bash_operator' retrieved from /home/airflow/.local/lib/python3.8/site-packages/airflow/example_dags/example_bash_operator.py
[2024-10-14T22:06:47.667+0000] {logging_mixin.py:188} INFO - [2024-10-14T22:06:47.666+0000] {dag.py:3036} INFO - Sync 1 DAGs
[2024-10-14T22:06:47.685+0000] {logging_mixin.py:188} INFO - [2024-10-14T22:06:47.685+0000] {dag.py:3823} INFO - Setting next_dagrun for example_bash_operator to 2024-10-13 00:00:00+00:00, run_after=2024-10-14 00:00:00+00:00
[2024-10-14T22:06:47.702+0000] {processor.py:183} INFO - Processing /home/airflow/.local/lib/python3.8/site-packages/airflow/example_dags/example_bash_operator.py took 0.071 seconds
[2024-10-14T22:07:18.073+0000] {processor.py:161} INFO - Started process (PID=1400) to work on /home/airflow/.local/lib/python3.8/site-packages/airflow/example_dags/example_bash_operator.py
[2024-10-14T22:07:18.074+0000] {processor.py:830} INFO - Processing file /home/airflow/.local/lib/python3.8/site-packages/airflow/example_dags/example_bash_operator.py for tasks to queue
[2024-10-14T22:07:18.076+0000] {logging_mixin.py:188} INFO - [2024-10-14T22:07:18.076+0000] {dagbag.py:538} INFO - Filling up the DagBag from /home/airflow/.local/lib/python3.8/site-packages/airflow/example_dags/example_bash_operator.py
[2024-10-14T22:07:18.085+0000] {processor.py:840} INFO - DAG(s) 'example_bash_operator' retrieved from /home/airflow/.local/lib/python3.8/site-packages/airflow/example_dags/example_bash_operator.py
[2024-10-14T22:07:18.105+0000] {logging_mixin.py:188} INFO - [2024-10-14T22:07:18.105+0000] {dag.py:3036} INFO - Sync 1 DAGs
[2024-10-14T22:07:18.121+0000] {logging_mixin.py:188} INFO - [2024-10-14T22:07:18.121+0000] {dag.py:3823} INFO - Setting next_dagrun for example_bash_operator to 2024-10-13 00:00:00+00:00, run_after=2024-10-14 00:00:00+00:00
[2024-10-14T22:07:18.137+0000] {processor.py:183} INFO - Processing /home/airflow/.local/lib/python3.8/site-packages/airflow/example_dags/example_bash_operator.py took 0.066 seconds
[2024-10-14T22:07:48.407+0000] {processor.py:161} INFO - Started process (PID=1483) to work on /home/airflow/.local/lib/python3.8/site-packages/airflow/example_dags/example_bash_operator.py
[2024-10-14T22:07:48.408+0000] {processor.py:830} INFO - Processing file /home/airflow/.local/lib/python3.8/site-packages/airflow/example_dags/example_bash_operator.py for tasks to queue
[2024-10-14T22:07:48.409+0000] {logging_mixin.py:188} INFO - [2024-10-14T22:07:48.409+0000] {dagbag.py:538} INFO - Filling up the DagBag from /home/airflow/.local/lib/python3.8/site-packages/airflow/example_dags/example_bash_operator.py
[2024-10-14T22:07:48.418+0000] {processor.py:840} INFO - DAG(s) 'example_bash_operator' retrieved from /home/airflow/.local/lib/python3.8/site-packages/airflow/example_dags/example_bash_operator.py
[2024-10-14T22:07:48.441+0000] {logging_mixin.py:188} INFO - [2024-10-14T22:07:48.441+0000] {dag.py:3036} INFO - Sync 1 DAGs
[2024-10-14T22:07:48.458+0000] {logging_mixin.py:188} INFO - [2024-10-14T22:07:48.458+0000] {dag.py:3823} INFO - Setting next_dagrun for example_bash_operator to 2024-10-13 00:00:00+00:00, run_after=2024-10-14 00:00:00+00:00
[2024-10-14T22:07:48.474+0000] {processor.py:183} INFO - Processing /home/airflow/.local/lib/python3.8/site-packages/airflow/example_dags/example_bash_operator.py took 0.070 seconds
[2024-10-14T22:08:18.844+0000] {processor.py:161} INFO - Started process (PID=1565) to work on /home/airflow/.local/lib/python3.8/site-packages/airflow/example_dags/example_bash_operator.py
[2024-10-14T22:08:18.845+0000] {processor.py:830} INFO - Processing file /home/airflow/.local/lib/python3.8/site-packages/airflow/example_dags/example_bash_operator.py for tasks to queue
[2024-10-14T22:08:18.846+0000] {logging_mixin.py:188} INFO - [2024-10-14T22:08:18.846+0000] {dagbag.py:538} INFO - Filling up the DagBag from /home/airflow/.local/lib/python3.8/site-packages/airflow/example_dags/example_bash_operator.py
[2024-10-14T22:08:18.855+0000] {processor.py:840} INFO - DAG(s) 'example_bash_operator' retrieved from /home/airflow/.local/lib/python3.8/site-packages/airflow/example_dags/example_bash_operator.py
[2024-10-14T22:08:18.879+0000] {logging_mixin.py:188} INFO - [2024-10-14T22:08:18.879+0000] {dag.py:3036} INFO - Sync 1 DAGs
[2024-10-14T22:08:18.902+0000] {logging_mixin.py:188} INFO - [2024-10-14T22:08:18.902+0000] {dag.py:3823} INFO - Setting next_dagrun for example_bash_operator to 2024-10-13 00:00:00+00:00, run_after=2024-10-14 00:00:00+00:00
[2024-10-14T22:08:18.917+0000] {processor.py:183} INFO - Processing /home/airflow/.local/lib/python3.8/site-packages/airflow/example_dags/example_bash_operator.py took 0.076 seconds
[2024-10-14T22:08:49.420+0000] {processor.py:161} INFO - Started process (PID=1638) to work on /home/airflow/.local/lib/python3.8/site-packages/airflow/example_dags/example_bash_operator.py
[2024-10-14T22:08:49.422+0000] {processor.py:830} INFO - Processing file /home/airflow/.local/lib/python3.8/site-packages/airflow/example_dags/example_bash_operator.py for tasks to queue
[2024-10-14T22:08:49.425+0000] {logging_mixin.py:188} INFO - [2024-10-14T22:08:49.425+0000] {dagbag.py:538} INFO - Filling up the DagBag from /home/airflow/.local/lib/python3.8/site-packages/airflow/example_dags/example_bash_operator.py
[2024-10-14T22:08:49.436+0000] {processor.py:840} INFO - DAG(s) 'example_bash_operator' retrieved from /home/airflow/.local/lib/python3.8/site-packages/airflow/example_dags/example_bash_operator.py
[2024-10-14T22:08:49.465+0000] {logging_mixin.py:188} INFO - [2024-10-14T22:08:49.465+0000] {dag.py:3036} INFO - Sync 1 DAGs
[2024-10-14T22:08:49.486+0000] {logging_mixin.py:188} INFO - [2024-10-14T22:08:49.486+0000] {dag.py:3823} INFO - Setting next_dagrun for example_bash_operator to 2024-10-13 00:00:00+00:00, run_after=2024-10-14 00:00:00+00:00
[2024-10-14T22:08:49.508+0000] {processor.py:183} INFO - Processing /home/airflow/.local/lib/python3.8/site-packages/airflow/example_dags/example_bash_operator.py took 0.091 seconds
