[2024-10-14T21:19:52.639+0000] {processor.py:161} INFO - Started process (PID=99) to work on /home/airflow/.local/lib/python3.8/site-packages/airflow/example_dags/example_setup_teardown.py
[2024-10-14T21:19:52.640+0000] {processor.py:830} INFO - Processing file /home/airflow/.local/lib/python3.8/site-packages/airflow/example_dags/example_setup_teardown.py for tasks to queue
[2024-10-14T21:19:52.641+0000] {logging_mixin.py:188} INFO - [2024-10-14T21:19:52.641+0000] {dagbag.py:538} INFO - Filling up the DagBag from /home/airflow/.local/lib/python3.8/site-packages/airflow/example_dags/example_setup_teardown.py
[2024-10-14T21:19:52.650+0000] {processor.py:840} INFO - DAG(s) 'example_setup_teardown' retrieved from /home/airflow/.local/lib/python3.8/site-packages/airflow/example_dags/example_setup_teardown.py
[2024-10-14T21:19:52.746+0000] {logging_mixin.py:188} INFO - [2024-10-14T21:19:52.745+0000] {dag.py:3036} INFO - Sync 1 DAGs
[2024-10-14T21:19:52.761+0000] {logging_mixin.py:188} INFO - [2024-10-14T21:19:52.760+0000] {dag.py:3823} INFO - Setting next_dagrun for example_setup_teardown to 2024-10-13 00:00:00+00:00, run_after=2024-10-14 00:00:00+00:00
[2024-10-14T21:19:52.775+0000] {processor.py:183} INFO - Processing /home/airflow/.local/lib/python3.8/site-packages/airflow/example_dags/example_setup_teardown.py took 0.139 seconds
[2024-10-14T21:20:23.516+0000] {processor.py:161} INFO - Started process (PID=181) to work on /home/airflow/.local/lib/python3.8/site-packages/airflow/example_dags/example_setup_teardown.py
[2024-10-14T21:20:23.517+0000] {processor.py:830} INFO - Processing file /home/airflow/.local/lib/python3.8/site-packages/airflow/example_dags/example_setup_teardown.py for tasks to queue
[2024-10-14T21:20:23.519+0000] {logging_mixin.py:188} INFO - [2024-10-14T21:20:23.519+0000] {dagbag.py:538} INFO - Filling up the DagBag from /home/airflow/.local/lib/python3.8/site-packages/airflow/example_dags/example_setup_teardown.py
[2024-10-14T21:20:23.524+0000] {processor.py:840} INFO - DAG(s) 'example_setup_teardown' retrieved from /home/airflow/.local/lib/python3.8/site-packages/airflow/example_dags/example_setup_teardown.py
[2024-10-14T21:20:23.538+0000] {logging_mixin.py:188} INFO - [2024-10-14T21:20:23.538+0000] {dag.py:3036} INFO - Sync 1 DAGs
[2024-10-14T21:20:23.554+0000] {logging_mixin.py:188} INFO - [2024-10-14T21:20:23.554+0000] {dag.py:3823} INFO - Setting next_dagrun for example_setup_teardown to 2024-10-13 00:00:00+00:00, run_after=2024-10-14 00:00:00+00:00
[2024-10-14T21:20:23.575+0000] {processor.py:183} INFO - Processing /home/airflow/.local/lib/python3.8/site-packages/airflow/example_dags/example_setup_teardown.py took 0.062 seconds
[2024-10-14T21:20:54.024+0000] {processor.py:161} INFO - Started process (PID=255) to work on /home/airflow/.local/lib/python3.8/site-packages/airflow/example_dags/example_setup_teardown.py
[2024-10-14T21:20:54.026+0000] {processor.py:830} INFO - Processing file /home/airflow/.local/lib/python3.8/site-packages/airflow/example_dags/example_setup_teardown.py for tasks to queue
[2024-10-14T21:20:54.029+0000] {logging_mixin.py:188} INFO - [2024-10-14T21:20:54.029+0000] {dagbag.py:538} INFO - Filling up the DagBag from /home/airflow/.local/lib/python3.8/site-packages/airflow/example_dags/example_setup_teardown.py
[2024-10-14T21:20:54.035+0000] {processor.py:840} INFO - DAG(s) 'example_setup_teardown' retrieved from /home/airflow/.local/lib/python3.8/site-packages/airflow/example_dags/example_setup_teardown.py
[2024-10-14T21:20:54.064+0000] {logging_mixin.py:188} INFO - [2024-10-14T21:20:54.064+0000] {dag.py:3036} INFO - Sync 1 DAGs
[2024-10-14T21:20:54.099+0000] {logging_mixin.py:188} INFO - [2024-10-14T21:20:54.099+0000] {dag.py:3823} INFO - Setting next_dagrun for example_setup_teardown to 2024-10-13 00:00:00+00:00, run_after=2024-10-14 00:00:00+00:00
[2024-10-14T21:20:54.133+0000] {processor.py:183} INFO - Processing /home/airflow/.local/lib/python3.8/site-packages/airflow/example_dags/example_setup_teardown.py took 0.113 seconds
[2024-10-14T21:21:25.156+0000] {processor.py:161} INFO - Started process (PID=328) to work on /home/airflow/.local/lib/python3.8/site-packages/airflow/example_dags/example_setup_teardown.py
[2024-10-14T21:21:25.156+0000] {processor.py:830} INFO - Processing file /home/airflow/.local/lib/python3.8/site-packages/airflow/example_dags/example_setup_teardown.py for tasks to queue
[2024-10-14T21:21:25.158+0000] {logging_mixin.py:188} INFO - [2024-10-14T21:21:25.157+0000] {dagbag.py:538} INFO - Filling up the DagBag from /home/airflow/.local/lib/python3.8/site-packages/airflow/example_dags/example_setup_teardown.py
[2024-10-14T21:21:25.162+0000] {processor.py:840} INFO - DAG(s) 'example_setup_teardown' retrieved from /home/airflow/.local/lib/python3.8/site-packages/airflow/example_dags/example_setup_teardown.py
[2024-10-14T21:21:25.178+0000] {logging_mixin.py:188} INFO - [2024-10-14T21:21:25.177+0000] {dag.py:3036} INFO - Sync 1 DAGs
[2024-10-14T21:21:25.193+0000] {logging_mixin.py:188} INFO - [2024-10-14T21:21:25.193+0000] {dag.py:3823} INFO - Setting next_dagrun for example_setup_teardown to 2024-10-13 00:00:00+00:00, run_after=2024-10-14 00:00:00+00:00
[2024-10-14T21:21:25.208+0000] {processor.py:183} INFO - Processing /home/airflow/.local/lib/python3.8/site-packages/airflow/example_dags/example_setup_teardown.py took 0.055 seconds
[2024-10-14T21:21:55.503+0000] {processor.py:161} INFO - Started process (PID=408) to work on /home/airflow/.local/lib/python3.8/site-packages/airflow/example_dags/example_setup_teardown.py
[2024-10-14T21:21:55.505+0000] {processor.py:830} INFO - Processing file /home/airflow/.local/lib/python3.8/site-packages/airflow/example_dags/example_setup_teardown.py for tasks to queue
[2024-10-14T21:21:55.507+0000] {logging_mixin.py:188} INFO - [2024-10-14T21:21:55.507+0000] {dagbag.py:538} INFO - Filling up the DagBag from /home/airflow/.local/lib/python3.8/site-packages/airflow/example_dags/example_setup_teardown.py
[2024-10-14T21:21:55.515+0000] {processor.py:840} INFO - DAG(s) 'example_setup_teardown' retrieved from /home/airflow/.local/lib/python3.8/site-packages/airflow/example_dags/example_setup_teardown.py
[2024-10-14T21:21:55.538+0000] {logging_mixin.py:188} INFO - [2024-10-14T21:21:55.537+0000] {dag.py:3036} INFO - Sync 1 DAGs
[2024-10-14T21:21:55.560+0000] {logging_mixin.py:188} INFO - [2024-10-14T21:21:55.560+0000] {dag.py:3823} INFO - Setting next_dagrun for example_setup_teardown to 2024-10-13 00:00:00+00:00, run_after=2024-10-14 00:00:00+00:00
[2024-10-14T21:21:55.583+0000] {processor.py:183} INFO - Processing /home/airflow/.local/lib/python3.8/site-packages/airflow/example_dags/example_setup_teardown.py took 0.084 seconds
[2024-10-14T21:22:25.739+0000] {processor.py:161} INFO - Started process (PID=482) to work on /home/airflow/.local/lib/python3.8/site-packages/airflow/example_dags/example_setup_teardown.py
[2024-10-14T21:22:25.745+0000] {processor.py:830} INFO - Processing file /home/airflow/.local/lib/python3.8/site-packages/airflow/example_dags/example_setup_teardown.py for tasks to queue
[2024-10-14T21:22:25.747+0000] {logging_mixin.py:188} INFO - [2024-10-14T21:22:25.746+0000] {dagbag.py:538} INFO - Filling up the DagBag from /home/airflow/.local/lib/python3.8/site-packages/airflow/example_dags/example_setup_teardown.py
[2024-10-14T21:22:25.752+0000] {processor.py:840} INFO - DAG(s) 'example_setup_teardown' retrieved from /home/airflow/.local/lib/python3.8/site-packages/airflow/example_dags/example_setup_teardown.py
[2024-10-14T21:22:25.771+0000] {logging_mixin.py:188} INFO - [2024-10-14T21:22:25.771+0000] {dag.py:3036} INFO - Sync 1 DAGs
[2024-10-14T21:22:25.794+0000] {logging_mixin.py:188} INFO - [2024-10-14T21:22:25.794+0000] {dag.py:3823} INFO - Setting next_dagrun for example_setup_teardown to 2024-10-13 00:00:00+00:00, run_after=2024-10-14 00:00:00+00:00
[2024-10-14T21:22:25.817+0000] {processor.py:183} INFO - Processing /home/airflow/.local/lib/python3.8/site-packages/airflow/example_dags/example_setup_teardown.py took 0.081 seconds
[2024-10-14T21:22:56.481+0000] {processor.py:161} INFO - Started process (PID=556) to work on /home/airflow/.local/lib/python3.8/site-packages/airflow/example_dags/example_setup_teardown.py
[2024-10-14T21:22:56.484+0000] {processor.py:830} INFO - Processing file /home/airflow/.local/lib/python3.8/site-packages/airflow/example_dags/example_setup_teardown.py for tasks to queue
[2024-10-14T21:22:56.486+0000] {logging_mixin.py:188} INFO - [2024-10-14T21:22:56.486+0000] {dagbag.py:538} INFO - Filling up the DagBag from /home/airflow/.local/lib/python3.8/site-packages/airflow/example_dags/example_setup_teardown.py
[2024-10-14T21:22:56.498+0000] {processor.py:840} INFO - DAG(s) 'example_setup_teardown' retrieved from /home/airflow/.local/lib/python3.8/site-packages/airflow/example_dags/example_setup_teardown.py
[2024-10-14T21:22:56.521+0000] {logging_mixin.py:188} INFO - [2024-10-14T21:22:56.521+0000] {dag.py:3036} INFO - Sync 1 DAGs
[2024-10-14T21:22:56.549+0000] {logging_mixin.py:188} INFO - [2024-10-14T21:22:56.549+0000] {dag.py:3823} INFO - Setting next_dagrun for example_setup_teardown to 2024-10-13 00:00:00+00:00, run_after=2024-10-14 00:00:00+00:00
[2024-10-14T21:22:56.572+0000] {processor.py:183} INFO - Processing /home/airflow/.local/lib/python3.8/site-packages/airflow/example_dags/example_setup_teardown.py took 0.095 seconds
[2024-10-14T21:23:26.698+0000] {processor.py:161} INFO - Started process (PID=638) to work on /home/airflow/.local/lib/python3.8/site-packages/airflow/example_dags/example_setup_teardown.py
[2024-10-14T21:23:26.699+0000] {processor.py:830} INFO - Processing file /home/airflow/.local/lib/python3.8/site-packages/airflow/example_dags/example_setup_teardown.py for tasks to queue
[2024-10-14T21:23:26.701+0000] {logging_mixin.py:188} INFO - [2024-10-14T21:23:26.701+0000] {dagbag.py:538} INFO - Filling up the DagBag from /home/airflow/.local/lib/python3.8/site-packages/airflow/example_dags/example_setup_teardown.py
[2024-10-14T21:23:26.711+0000] {processor.py:840} INFO - DAG(s) 'example_setup_teardown' retrieved from /home/airflow/.local/lib/python3.8/site-packages/airflow/example_dags/example_setup_teardown.py
[2024-10-14T21:23:26.734+0000] {logging_mixin.py:188} INFO - [2024-10-14T21:23:26.733+0000] {dag.py:3036} INFO - Sync 1 DAGs
[2024-10-14T21:23:26.755+0000] {logging_mixin.py:188} INFO - [2024-10-14T21:23:26.754+0000] {dag.py:3823} INFO - Setting next_dagrun for example_setup_teardown to 2024-10-13 00:00:00+00:00, run_after=2024-10-14 00:00:00+00:00
[2024-10-14T21:23:26.782+0000] {processor.py:183} INFO - Processing /home/airflow/.local/lib/python3.8/site-packages/airflow/example_dags/example_setup_teardown.py took 0.089 seconds
[2024-10-14T21:23:56.926+0000] {processor.py:161} INFO - Started process (PID=712) to work on /home/airflow/.local/lib/python3.8/site-packages/airflow/example_dags/example_setup_teardown.py
[2024-10-14T21:23:56.929+0000] {processor.py:830} INFO - Processing file /home/airflow/.local/lib/python3.8/site-packages/airflow/example_dags/example_setup_teardown.py for tasks to queue
[2024-10-14T21:23:56.930+0000] {logging_mixin.py:188} INFO - [2024-10-14T21:23:56.930+0000] {dagbag.py:538} INFO - Filling up the DagBag from /home/airflow/.local/lib/python3.8/site-packages/airflow/example_dags/example_setup_teardown.py
[2024-10-14T21:23:56.936+0000] {processor.py:840} INFO - DAG(s) 'example_setup_teardown' retrieved from /home/airflow/.local/lib/python3.8/site-packages/airflow/example_dags/example_setup_teardown.py
[2024-10-14T21:23:56.955+0000] {logging_mixin.py:188} INFO - [2024-10-14T21:23:56.955+0000] {dag.py:3036} INFO - Sync 1 DAGs
[2024-10-14T21:23:56.972+0000] {logging_mixin.py:188} INFO - [2024-10-14T21:23:56.972+0000] {dag.py:3823} INFO - Setting next_dagrun for example_setup_teardown to 2024-10-13 00:00:00+00:00, run_after=2024-10-14 00:00:00+00:00
[2024-10-14T21:23:56.988+0000] {processor.py:183} INFO - Processing /home/airflow/.local/lib/python3.8/site-packages/airflow/example_dags/example_setup_teardown.py took 0.065 seconds
[2024-10-14T21:24:27.786+0000] {processor.py:161} INFO - Started process (PID=794) to work on /home/airflow/.local/lib/python3.8/site-packages/airflow/example_dags/example_setup_teardown.py
[2024-10-14T21:24:27.790+0000] {processor.py:830} INFO - Processing file /home/airflow/.local/lib/python3.8/site-packages/airflow/example_dags/example_setup_teardown.py for tasks to queue
[2024-10-14T21:24:27.795+0000] {logging_mixin.py:188} INFO - [2024-10-14T21:24:27.794+0000] {dagbag.py:538} INFO - Filling up the DagBag from /home/airflow/.local/lib/python3.8/site-packages/airflow/example_dags/example_setup_teardown.py
[2024-10-14T21:24:27.801+0000] {processor.py:840} INFO - DAG(s) 'example_setup_teardown' retrieved from /home/airflow/.local/lib/python3.8/site-packages/airflow/example_dags/example_setup_teardown.py
[2024-10-14T21:24:27.820+0000] {logging_mixin.py:188} INFO - [2024-10-14T21:24:27.820+0000] {dag.py:3036} INFO - Sync 1 DAGs
[2024-10-14T21:24:27.848+0000] {logging_mixin.py:188} INFO - [2024-10-14T21:24:27.847+0000] {dag.py:3823} INFO - Setting next_dagrun for example_setup_teardown to 2024-10-13 00:00:00+00:00, run_after=2024-10-14 00:00:00+00:00
[2024-10-14T21:24:27.867+0000] {processor.py:183} INFO - Processing /home/airflow/.local/lib/python3.8/site-packages/airflow/example_dags/example_setup_teardown.py took 0.084 seconds
[2024-10-14T21:24:58.043+0000] {processor.py:161} INFO - Started process (PID=867) to work on /home/airflow/.local/lib/python3.8/site-packages/airflow/example_dags/example_setup_teardown.py
[2024-10-14T21:24:58.045+0000] {processor.py:830} INFO - Processing file /home/airflow/.local/lib/python3.8/site-packages/airflow/example_dags/example_setup_teardown.py for tasks to queue
[2024-10-14T21:24:58.047+0000] {logging_mixin.py:188} INFO - [2024-10-14T21:24:58.047+0000] {dagbag.py:538} INFO - Filling up the DagBag from /home/airflow/.local/lib/python3.8/site-packages/airflow/example_dags/example_setup_teardown.py
[2024-10-14T21:24:58.052+0000] {processor.py:840} INFO - DAG(s) 'example_setup_teardown' retrieved from /home/airflow/.local/lib/python3.8/site-packages/airflow/example_dags/example_setup_teardown.py
[2024-10-14T21:24:58.071+0000] {logging_mixin.py:188} INFO - [2024-10-14T21:24:58.071+0000] {dag.py:3036} INFO - Sync 1 DAGs
[2024-10-14T21:24:58.093+0000] {logging_mixin.py:188} INFO - [2024-10-14T21:24:58.092+0000] {dag.py:3823} INFO - Setting next_dagrun for example_setup_teardown to 2024-10-13 00:00:00+00:00, run_after=2024-10-14 00:00:00+00:00
[2024-10-14T21:24:58.112+0000] {processor.py:183} INFO - Processing /home/airflow/.local/lib/python3.8/site-packages/airflow/example_dags/example_setup_teardown.py took 0.075 seconds
[2024-10-14T21:25:28.669+0000] {processor.py:161} INFO - Started process (PID=949) to work on /home/airflow/.local/lib/python3.8/site-packages/airflow/example_dags/example_setup_teardown.py
[2024-10-14T21:25:28.669+0000] {processor.py:830} INFO - Processing file /home/airflow/.local/lib/python3.8/site-packages/airflow/example_dags/example_setup_teardown.py for tasks to queue
[2024-10-14T21:25:28.671+0000] {logging_mixin.py:188} INFO - [2024-10-14T21:25:28.671+0000] {dagbag.py:538} INFO - Filling up the DagBag from /home/airflow/.local/lib/python3.8/site-packages/airflow/example_dags/example_setup_teardown.py
[2024-10-14T21:25:28.682+0000] {processor.py:840} INFO - DAG(s) 'example_setup_teardown' retrieved from /home/airflow/.local/lib/python3.8/site-packages/airflow/example_dags/example_setup_teardown.py
[2024-10-14T21:25:28.703+0000] {logging_mixin.py:188} INFO - [2024-10-14T21:25:28.703+0000] {dag.py:3036} INFO - Sync 1 DAGs
[2024-10-14T21:25:28.733+0000] {logging_mixin.py:188} INFO - [2024-10-14T21:25:28.733+0000] {dag.py:3823} INFO - Setting next_dagrun for example_setup_teardown to 2024-10-13 00:00:00+00:00, run_after=2024-10-14 00:00:00+00:00
[2024-10-14T21:25:28.754+0000] {processor.py:183} INFO - Processing /home/airflow/.local/lib/python3.8/site-packages/airflow/example_dags/example_setup_teardown.py took 0.089 seconds
[2024-10-14T21:25:58.947+0000] {processor.py:161} INFO - Started process (PID=1023) to work on /home/airflow/.local/lib/python3.8/site-packages/airflow/example_dags/example_setup_teardown.py
[2024-10-14T21:25:58.950+0000] {processor.py:830} INFO - Processing file /home/airflow/.local/lib/python3.8/site-packages/airflow/example_dags/example_setup_teardown.py for tasks to queue
[2024-10-14T21:25:58.952+0000] {logging_mixin.py:188} INFO - [2024-10-14T21:25:58.952+0000] {dagbag.py:538} INFO - Filling up the DagBag from /home/airflow/.local/lib/python3.8/site-packages/airflow/example_dags/example_setup_teardown.py
[2024-10-14T21:25:58.963+0000] {processor.py:840} INFO - DAG(s) 'example_setup_teardown' retrieved from /home/airflow/.local/lib/python3.8/site-packages/airflow/example_dags/example_setup_teardown.py
[2024-10-14T21:25:58.992+0000] {logging_mixin.py:188} INFO - [2024-10-14T21:25:58.991+0000] {dag.py:3036} INFO - Sync 1 DAGs
[2024-10-14T21:25:59.015+0000] {logging_mixin.py:188} INFO - [2024-10-14T21:25:59.015+0000] {dag.py:3823} INFO - Setting next_dagrun for example_setup_teardown to 2024-10-13 00:00:00+00:00, run_after=2024-10-14 00:00:00+00:00
[2024-10-14T21:25:59.036+0000] {processor.py:183} INFO - Processing /home/airflow/.local/lib/python3.8/site-packages/airflow/example_dags/example_setup_teardown.py took 0.098 seconds
[2024-10-14T21:26:29.401+0000] {processor.py:161} INFO - Started process (PID=1105) to work on /home/airflow/.local/lib/python3.8/site-packages/airflow/example_dags/example_setup_teardown.py
[2024-10-14T21:26:29.405+0000] {processor.py:830} INFO - Processing file /home/airflow/.local/lib/python3.8/site-packages/airflow/example_dags/example_setup_teardown.py for tasks to queue
[2024-10-14T21:26:29.406+0000] {logging_mixin.py:188} INFO - [2024-10-14T21:26:29.406+0000] {dagbag.py:538} INFO - Filling up the DagBag from /home/airflow/.local/lib/python3.8/site-packages/airflow/example_dags/example_setup_teardown.py
[2024-10-14T21:26:29.412+0000] {processor.py:840} INFO - DAG(s) 'example_setup_teardown' retrieved from /home/airflow/.local/lib/python3.8/site-packages/airflow/example_dags/example_setup_teardown.py
[2024-10-14T21:26:29.427+0000] {logging_mixin.py:188} INFO - [2024-10-14T21:26:29.427+0000] {dag.py:3036} INFO - Sync 1 DAGs
[2024-10-14T21:26:29.443+0000] {logging_mixin.py:188} INFO - [2024-10-14T21:26:29.443+0000] {dag.py:3823} INFO - Setting next_dagrun for example_setup_teardown to 2024-10-13 00:00:00+00:00, run_after=2024-10-14 00:00:00+00:00
[2024-10-14T21:26:29.459+0000] {processor.py:183} INFO - Processing /home/airflow/.local/lib/python3.8/site-packages/airflow/example_dags/example_setup_teardown.py took 0.061 seconds
[2024-10-14T21:26:59.699+0000] {processor.py:161} INFO - Started process (PID=1179) to work on /home/airflow/.local/lib/python3.8/site-packages/airflow/example_dags/example_setup_teardown.py
[2024-10-14T21:26:59.700+0000] {processor.py:830} INFO - Processing file /home/airflow/.local/lib/python3.8/site-packages/airflow/example_dags/example_setup_teardown.py for tasks to queue
[2024-10-14T21:26:59.701+0000] {logging_mixin.py:188} INFO - [2024-10-14T21:26:59.701+0000] {dagbag.py:538} INFO - Filling up the DagBag from /home/airflow/.local/lib/python3.8/site-packages/airflow/example_dags/example_setup_teardown.py
[2024-10-14T21:26:59.706+0000] {processor.py:840} INFO - DAG(s) 'example_setup_teardown' retrieved from /home/airflow/.local/lib/python3.8/site-packages/airflow/example_dags/example_setup_teardown.py
[2024-10-14T21:26:59.721+0000] {logging_mixin.py:188} INFO - [2024-10-14T21:26:59.721+0000] {dag.py:3036} INFO - Sync 1 DAGs
[2024-10-14T21:26:59.736+0000] {logging_mixin.py:188} INFO - [2024-10-14T21:26:59.736+0000] {dag.py:3823} INFO - Setting next_dagrun for example_setup_teardown to 2024-10-13 00:00:00+00:00, run_after=2024-10-14 00:00:00+00:00
[2024-10-14T21:26:59.750+0000] {processor.py:183} INFO - Processing /home/airflow/.local/lib/python3.8/site-packages/airflow/example_dags/example_setup_teardown.py took 0.054 seconds
[2024-10-14T21:27:30.438+0000] {processor.py:161} INFO - Started process (PID=1261) to work on /home/airflow/.local/lib/python3.8/site-packages/airflow/example_dags/example_setup_teardown.py
[2024-10-14T21:27:30.439+0000] {processor.py:830} INFO - Processing file /home/airflow/.local/lib/python3.8/site-packages/airflow/example_dags/example_setup_teardown.py for tasks to queue
[2024-10-14T21:27:30.441+0000] {logging_mixin.py:188} INFO - [2024-10-14T21:27:30.440+0000] {dagbag.py:538} INFO - Filling up the DagBag from /home/airflow/.local/lib/python3.8/site-packages/airflow/example_dags/example_setup_teardown.py
[2024-10-14T21:27:30.447+0000] {processor.py:840} INFO - DAG(s) 'example_setup_teardown' retrieved from /home/airflow/.local/lib/python3.8/site-packages/airflow/example_dags/example_setup_teardown.py
[2024-10-14T21:27:30.467+0000] {logging_mixin.py:188} INFO - [2024-10-14T21:27:30.467+0000] {dag.py:3036} INFO - Sync 1 DAGs
[2024-10-14T21:27:30.483+0000] {logging_mixin.py:188} INFO - [2024-10-14T21:27:30.483+0000] {dag.py:3823} INFO - Setting next_dagrun for example_setup_teardown to 2024-10-13 00:00:00+00:00, run_after=2024-10-14 00:00:00+00:00
[2024-10-14T21:27:30.505+0000] {processor.py:183} INFO - Processing /home/airflow/.local/lib/python3.8/site-packages/airflow/example_dags/example_setup_teardown.py took 0.071 seconds
[2024-10-14T21:28:00.553+0000] {processor.py:161} INFO - Started process (PID=1335) to work on /home/airflow/.local/lib/python3.8/site-packages/airflow/example_dags/example_setup_teardown.py
[2024-10-14T21:28:00.553+0000] {processor.py:830} INFO - Processing file /home/airflow/.local/lib/python3.8/site-packages/airflow/example_dags/example_setup_teardown.py for tasks to queue
[2024-10-14T21:28:00.555+0000] {logging_mixin.py:188} INFO - [2024-10-14T21:28:00.555+0000] {dagbag.py:538} INFO - Filling up the DagBag from /home/airflow/.local/lib/python3.8/site-packages/airflow/example_dags/example_setup_teardown.py
[2024-10-14T21:28:00.565+0000] {processor.py:840} INFO - DAG(s) 'example_setup_teardown' retrieved from /home/airflow/.local/lib/python3.8/site-packages/airflow/example_dags/example_setup_teardown.py
[2024-10-14T21:28:00.594+0000] {logging_mixin.py:188} INFO - [2024-10-14T21:28:00.593+0000] {dag.py:3036} INFO - Sync 1 DAGs
[2024-10-14T21:28:00.618+0000] {logging_mixin.py:188} INFO - [2024-10-14T21:28:00.618+0000] {dag.py:3823} INFO - Setting next_dagrun for example_setup_teardown to 2024-10-13 00:00:00+00:00, run_after=2024-10-14 00:00:00+00:00
[2024-10-14T21:28:00.636+0000] {processor.py:183} INFO - Processing /home/airflow/.local/lib/python3.8/site-packages/airflow/example_dags/example_setup_teardown.py took 0.086 seconds
[2024-10-14T21:28:30.706+0000] {processor.py:161} INFO - Started process (PID=1417) to work on /home/airflow/.local/lib/python3.8/site-packages/airflow/example_dags/example_setup_teardown.py
[2024-10-14T21:28:30.707+0000] {processor.py:830} INFO - Processing file /home/airflow/.local/lib/python3.8/site-packages/airflow/example_dags/example_setup_teardown.py for tasks to queue
[2024-10-14T21:28:30.709+0000] {logging_mixin.py:188} INFO - [2024-10-14T21:28:30.708+0000] {dagbag.py:538} INFO - Filling up the DagBag from /home/airflow/.local/lib/python3.8/site-packages/airflow/example_dags/example_setup_teardown.py
[2024-10-14T21:28:30.718+0000] {processor.py:840} INFO - DAG(s) 'example_setup_teardown' retrieved from /home/airflow/.local/lib/python3.8/site-packages/airflow/example_dags/example_setup_teardown.py
[2024-10-14T21:28:30.742+0000] {logging_mixin.py:188} INFO - [2024-10-14T21:28:30.740+0000] {dag.py:3036} INFO - Sync 1 DAGs
[2024-10-14T21:28:30.766+0000] {logging_mixin.py:188} INFO - [2024-10-14T21:28:30.766+0000] {dag.py:3823} INFO - Setting next_dagrun for example_setup_teardown to 2024-10-13 00:00:00+00:00, run_after=2024-10-14 00:00:00+00:00
[2024-10-14T21:28:30.786+0000] {processor.py:183} INFO - Processing /home/airflow/.local/lib/python3.8/site-packages/airflow/example_dags/example_setup_teardown.py took 0.083 seconds
[2024-10-14T21:29:01.409+0000] {processor.py:161} INFO - Started process (PID=1491) to work on /home/airflow/.local/lib/python3.8/site-packages/airflow/example_dags/example_setup_teardown.py
[2024-10-14T21:29:01.410+0000] {processor.py:830} INFO - Processing file /home/airflow/.local/lib/python3.8/site-packages/airflow/example_dags/example_setup_teardown.py for tasks to queue
[2024-10-14T21:29:01.412+0000] {logging_mixin.py:188} INFO - [2024-10-14T21:29:01.412+0000] {dagbag.py:538} INFO - Filling up the DagBag from /home/airflow/.local/lib/python3.8/site-packages/airflow/example_dags/example_setup_teardown.py
[2024-10-14T21:29:01.417+0000] {processor.py:840} INFO - DAG(s) 'example_setup_teardown' retrieved from /home/airflow/.local/lib/python3.8/site-packages/airflow/example_dags/example_setup_teardown.py
[2024-10-14T21:29:01.432+0000] {logging_mixin.py:188} INFO - [2024-10-14T21:29:01.432+0000] {dag.py:3036} INFO - Sync 1 DAGs
[2024-10-14T21:29:01.447+0000] {logging_mixin.py:188} INFO - [2024-10-14T21:29:01.447+0000] {dag.py:3823} INFO - Setting next_dagrun for example_setup_teardown to 2024-10-13 00:00:00+00:00, run_after=2024-10-14 00:00:00+00:00
[2024-10-14T21:29:01.462+0000] {processor.py:183} INFO - Processing /home/airflow/.local/lib/python3.8/site-packages/airflow/example_dags/example_setup_teardown.py took 0.055 seconds
[2024-10-14T21:29:31.740+0000] {processor.py:161} INFO - Started process (PID=1573) to work on /home/airflow/.local/lib/python3.8/site-packages/airflow/example_dags/example_setup_teardown.py
[2024-10-14T21:29:31.741+0000] {processor.py:830} INFO - Processing file /home/airflow/.local/lib/python3.8/site-packages/airflow/example_dags/example_setup_teardown.py for tasks to queue
[2024-10-14T21:29:31.742+0000] {logging_mixin.py:188} INFO - [2024-10-14T21:29:31.742+0000] {dagbag.py:538} INFO - Filling up the DagBag from /home/airflow/.local/lib/python3.8/site-packages/airflow/example_dags/example_setup_teardown.py
[2024-10-14T21:29:31.748+0000] {processor.py:840} INFO - DAG(s) 'example_setup_teardown' retrieved from /home/airflow/.local/lib/python3.8/site-packages/airflow/example_dags/example_setup_teardown.py
[2024-10-14T21:29:31.767+0000] {logging_mixin.py:188} INFO - [2024-10-14T21:29:31.767+0000] {dag.py:3036} INFO - Sync 1 DAGs
[2024-10-14T21:29:31.791+0000] {logging_mixin.py:188} INFO - [2024-10-14T21:29:31.791+0000] {dag.py:3823} INFO - Setting next_dagrun for example_setup_teardown to 2024-10-13 00:00:00+00:00, run_after=2024-10-14 00:00:00+00:00
[2024-10-14T21:29:31.815+0000] {processor.py:183} INFO - Processing /home/airflow/.local/lib/python3.8/site-packages/airflow/example_dags/example_setup_teardown.py took 0.078 seconds
[2024-10-14T21:30:02.187+0000] {processor.py:161} INFO - Started process (PID=1654) to work on /home/airflow/.local/lib/python3.8/site-packages/airflow/example_dags/example_setup_teardown.py
[2024-10-14T21:30:02.189+0000] {processor.py:830} INFO - Processing file /home/airflow/.local/lib/python3.8/site-packages/airflow/example_dags/example_setup_teardown.py for tasks to queue
[2024-10-14T21:30:02.190+0000] {logging_mixin.py:188} INFO - [2024-10-14T21:30:02.190+0000] {dagbag.py:538} INFO - Filling up the DagBag from /home/airflow/.local/lib/python3.8/site-packages/airflow/example_dags/example_setup_teardown.py
[2024-10-14T21:30:02.197+0000] {processor.py:840} INFO - DAG(s) 'example_setup_teardown' retrieved from /home/airflow/.local/lib/python3.8/site-packages/airflow/example_dags/example_setup_teardown.py
[2024-10-14T21:30:02.213+0000] {logging_mixin.py:188} INFO - [2024-10-14T21:30:02.213+0000] {dag.py:3036} INFO - Sync 1 DAGs
[2024-10-14T21:30:02.229+0000] {logging_mixin.py:188} INFO - [2024-10-14T21:30:02.229+0000] {dag.py:3823} INFO - Setting next_dagrun for example_setup_teardown to 2024-10-13 00:00:00+00:00, run_after=2024-10-14 00:00:00+00:00
[2024-10-14T21:30:02.244+0000] {processor.py:183} INFO - Processing /home/airflow/.local/lib/python3.8/site-packages/airflow/example_dags/example_setup_teardown.py took 0.060 seconds
[2024-10-14T21:30:32.465+0000] {processor.py:161} INFO - Started process (PID=1728) to work on /home/airflow/.local/lib/python3.8/site-packages/airflow/example_dags/example_setup_teardown.py
[2024-10-14T21:30:32.466+0000] {processor.py:830} INFO - Processing file /home/airflow/.local/lib/python3.8/site-packages/airflow/example_dags/example_setup_teardown.py for tasks to queue
[2024-10-14T21:30:32.467+0000] {logging_mixin.py:188} INFO - [2024-10-14T21:30:32.467+0000] {dagbag.py:538} INFO - Filling up the DagBag from /home/airflow/.local/lib/python3.8/site-packages/airflow/example_dags/example_setup_teardown.py
[2024-10-14T21:30:32.473+0000] {processor.py:840} INFO - DAG(s) 'example_setup_teardown' retrieved from /home/airflow/.local/lib/python3.8/site-packages/airflow/example_dags/example_setup_teardown.py
[2024-10-14T21:30:32.490+0000] {logging_mixin.py:188} INFO - [2024-10-14T21:30:32.490+0000] {dag.py:3036} INFO - Sync 1 DAGs
[2024-10-14T21:30:32.508+0000] {logging_mixin.py:188} INFO - [2024-10-14T21:30:32.508+0000] {dag.py:3823} INFO - Setting next_dagrun for example_setup_teardown to 2024-10-13 00:00:00+00:00, run_after=2024-10-14 00:00:00+00:00
[2024-10-14T21:30:32.523+0000] {processor.py:183} INFO - Processing /home/airflow/.local/lib/python3.8/site-packages/airflow/example_dags/example_setup_teardown.py took 0.061 seconds
[2024-10-14T21:31:02.868+0000] {processor.py:161} INFO - Started process (PID=1810) to work on /home/airflow/.local/lib/python3.8/site-packages/airflow/example_dags/example_setup_teardown.py
[2024-10-14T21:31:02.868+0000] {processor.py:830} INFO - Processing file /home/airflow/.local/lib/python3.8/site-packages/airflow/example_dags/example_setup_teardown.py for tasks to queue
[2024-10-14T21:31:02.870+0000] {logging_mixin.py:188} INFO - [2024-10-14T21:31:02.869+0000] {dagbag.py:538} INFO - Filling up the DagBag from /home/airflow/.local/lib/python3.8/site-packages/airflow/example_dags/example_setup_teardown.py
[2024-10-14T21:31:02.875+0000] {processor.py:840} INFO - DAG(s) 'example_setup_teardown' retrieved from /home/airflow/.local/lib/python3.8/site-packages/airflow/example_dags/example_setup_teardown.py
[2024-10-14T21:31:02.890+0000] {logging_mixin.py:188} INFO - [2024-10-14T21:31:02.890+0000] {dag.py:3036} INFO - Sync 1 DAGs
[2024-10-14T21:31:02.905+0000] {logging_mixin.py:188} INFO - [2024-10-14T21:31:02.905+0000] {dag.py:3823} INFO - Setting next_dagrun for example_setup_teardown to 2024-10-13 00:00:00+00:00, run_after=2024-10-14 00:00:00+00:00
[2024-10-14T21:31:02.920+0000] {processor.py:183} INFO - Processing /home/airflow/.local/lib/python3.8/site-packages/airflow/example_dags/example_setup_teardown.py took 0.055 seconds
[2024-10-14T21:31:33.236+0000] {processor.py:161} INFO - Started process (PID=1883) to work on /home/airflow/.local/lib/python3.8/site-packages/airflow/example_dags/example_setup_teardown.py
[2024-10-14T21:31:33.237+0000] {processor.py:830} INFO - Processing file /home/airflow/.local/lib/python3.8/site-packages/airflow/example_dags/example_setup_teardown.py for tasks to queue
[2024-10-14T21:31:33.239+0000] {logging_mixin.py:188} INFO - [2024-10-14T21:31:33.239+0000] {dagbag.py:538} INFO - Filling up the DagBag from /home/airflow/.local/lib/python3.8/site-packages/airflow/example_dags/example_setup_teardown.py
[2024-10-14T21:31:33.244+0000] {processor.py:840} INFO - DAG(s) 'example_setup_teardown' retrieved from /home/airflow/.local/lib/python3.8/site-packages/airflow/example_dags/example_setup_teardown.py
[2024-10-14T21:31:33.259+0000] {logging_mixin.py:188} INFO - [2024-10-14T21:31:33.258+0000] {dag.py:3036} INFO - Sync 1 DAGs
[2024-10-14T21:31:33.274+0000] {logging_mixin.py:188} INFO - [2024-10-14T21:31:33.274+0000] {dag.py:3823} INFO - Setting next_dagrun for example_setup_teardown to 2024-10-13 00:00:00+00:00, run_after=2024-10-14 00:00:00+00:00
[2024-10-14T21:31:33.287+0000] {processor.py:183} INFO - Processing /home/airflow/.local/lib/python3.8/site-packages/airflow/example_dags/example_setup_teardown.py took 0.054 seconds
[2024-10-14T21:32:03.445+0000] {processor.py:161} INFO - Started process (PID=1965) to work on /home/airflow/.local/lib/python3.8/site-packages/airflow/example_dags/example_setup_teardown.py
[2024-10-14T21:32:03.446+0000] {processor.py:830} INFO - Processing file /home/airflow/.local/lib/python3.8/site-packages/airflow/example_dags/example_setup_teardown.py for tasks to queue
[2024-10-14T21:32:03.448+0000] {logging_mixin.py:188} INFO - [2024-10-14T21:32:03.448+0000] {dagbag.py:538} INFO - Filling up the DagBag from /home/airflow/.local/lib/python3.8/site-packages/airflow/example_dags/example_setup_teardown.py
[2024-10-14T21:32:03.454+0000] {processor.py:840} INFO - DAG(s) 'example_setup_teardown' retrieved from /home/airflow/.local/lib/python3.8/site-packages/airflow/example_dags/example_setup_teardown.py
[2024-10-14T21:32:03.469+0000] {logging_mixin.py:188} INFO - [2024-10-14T21:32:03.468+0000] {dag.py:3036} INFO - Sync 1 DAGs
[2024-10-14T21:32:03.484+0000] {logging_mixin.py:188} INFO - [2024-10-14T21:32:03.484+0000] {dag.py:3823} INFO - Setting next_dagrun for example_setup_teardown to 2024-10-13 00:00:00+00:00, run_after=2024-10-14 00:00:00+00:00
[2024-10-14T21:32:03.497+0000] {processor.py:183} INFO - Processing /home/airflow/.local/lib/python3.8/site-packages/airflow/example_dags/example_setup_teardown.py took 0.055 seconds
[2024-10-14T21:32:33.839+0000] {processor.py:161} INFO - Started process (PID=2039) to work on /home/airflow/.local/lib/python3.8/site-packages/airflow/example_dags/example_setup_teardown.py
[2024-10-14T21:32:33.840+0000] {processor.py:830} INFO - Processing file /home/airflow/.local/lib/python3.8/site-packages/airflow/example_dags/example_setup_teardown.py for tasks to queue
[2024-10-14T21:32:33.842+0000] {logging_mixin.py:188} INFO - [2024-10-14T21:32:33.841+0000] {dagbag.py:538} INFO - Filling up the DagBag from /home/airflow/.local/lib/python3.8/site-packages/airflow/example_dags/example_setup_teardown.py
[2024-10-14T21:32:33.847+0000] {processor.py:840} INFO - DAG(s) 'example_setup_teardown' retrieved from /home/airflow/.local/lib/python3.8/site-packages/airflow/example_dags/example_setup_teardown.py
[2024-10-14T21:32:33.862+0000] {logging_mixin.py:188} INFO - [2024-10-14T21:32:33.862+0000] {dag.py:3036} INFO - Sync 1 DAGs
[2024-10-14T21:32:33.877+0000] {logging_mixin.py:188} INFO - [2024-10-14T21:32:33.877+0000] {dag.py:3823} INFO - Setting next_dagrun for example_setup_teardown to 2024-10-13 00:00:00+00:00, run_after=2024-10-14 00:00:00+00:00
[2024-10-14T21:32:33.891+0000] {processor.py:183} INFO - Processing /home/airflow/.local/lib/python3.8/site-packages/airflow/example_dags/example_setup_teardown.py took 0.054 seconds
[2024-10-14T21:33:04.353+0000] {processor.py:161} INFO - Started process (PID=2120) to work on /home/airflow/.local/lib/python3.8/site-packages/airflow/example_dags/example_setup_teardown.py
[2024-10-14T21:33:04.354+0000] {processor.py:830} INFO - Processing file /home/airflow/.local/lib/python3.8/site-packages/airflow/example_dags/example_setup_teardown.py for tasks to queue
[2024-10-14T21:33:04.355+0000] {logging_mixin.py:188} INFO - [2024-10-14T21:33:04.355+0000] {dagbag.py:538} INFO - Filling up the DagBag from /home/airflow/.local/lib/python3.8/site-packages/airflow/example_dags/example_setup_teardown.py
[2024-10-14T21:33:04.361+0000] {processor.py:840} INFO - DAG(s) 'example_setup_teardown' retrieved from /home/airflow/.local/lib/python3.8/site-packages/airflow/example_dags/example_setup_teardown.py
[2024-10-14T21:33:04.377+0000] {logging_mixin.py:188} INFO - [2024-10-14T21:33:04.377+0000] {dag.py:3036} INFO - Sync 1 DAGs
[2024-10-14T21:33:04.400+0000] {logging_mixin.py:188} INFO - [2024-10-14T21:33:04.400+0000] {dag.py:3823} INFO - Setting next_dagrun for example_setup_teardown to 2024-10-13 00:00:00+00:00, run_after=2024-10-14 00:00:00+00:00
[2024-10-14T21:33:04.420+0000] {processor.py:183} INFO - Processing /home/airflow/.local/lib/python3.8/site-packages/airflow/example_dags/example_setup_teardown.py took 0.070 seconds
[2024-10-14T21:33:34.528+0000] {processor.py:161} INFO - Started process (PID=2200) to work on /home/airflow/.local/lib/python3.8/site-packages/airflow/example_dags/example_setup_teardown.py
[2024-10-14T21:33:34.529+0000] {processor.py:830} INFO - Processing file /home/airflow/.local/lib/python3.8/site-packages/airflow/example_dags/example_setup_teardown.py for tasks to queue
[2024-10-14T21:33:34.531+0000] {logging_mixin.py:188} INFO - [2024-10-14T21:33:34.530+0000] {dagbag.py:538} INFO - Filling up the DagBag from /home/airflow/.local/lib/python3.8/site-packages/airflow/example_dags/example_setup_teardown.py
[2024-10-14T21:33:34.536+0000] {processor.py:840} INFO - DAG(s) 'example_setup_teardown' retrieved from /home/airflow/.local/lib/python3.8/site-packages/airflow/example_dags/example_setup_teardown.py
[2024-10-14T21:33:34.553+0000] {logging_mixin.py:188} INFO - [2024-10-14T21:33:34.553+0000] {dag.py:3036} INFO - Sync 1 DAGs
[2024-10-14T21:33:34.569+0000] {logging_mixin.py:188} INFO - [2024-10-14T21:33:34.569+0000] {dag.py:3823} INFO - Setting next_dagrun for example_setup_teardown to 2024-10-13 00:00:00+00:00, run_after=2024-10-14 00:00:00+00:00
[2024-10-14T21:33:34.584+0000] {processor.py:183} INFO - Processing /home/airflow/.local/lib/python3.8/site-packages/airflow/example_dags/example_setup_teardown.py took 0.058 seconds
[2024-10-14T21:34:04.695+0000] {processor.py:161} INFO - Started process (PID=2275) to work on /home/airflow/.local/lib/python3.8/site-packages/airflow/example_dags/example_setup_teardown.py
[2024-10-14T21:34:04.695+0000] {processor.py:830} INFO - Processing file /home/airflow/.local/lib/python3.8/site-packages/airflow/example_dags/example_setup_teardown.py for tasks to queue
[2024-10-14T21:34:04.697+0000] {logging_mixin.py:188} INFO - [2024-10-14T21:34:04.697+0000] {dagbag.py:538} INFO - Filling up the DagBag from /home/airflow/.local/lib/python3.8/site-packages/airflow/example_dags/example_setup_teardown.py
[2024-10-14T21:34:04.703+0000] {processor.py:840} INFO - DAG(s) 'example_setup_teardown' retrieved from /home/airflow/.local/lib/python3.8/site-packages/airflow/example_dags/example_setup_teardown.py
[2024-10-14T21:34:04.720+0000] {logging_mixin.py:188} INFO - [2024-10-14T21:34:04.719+0000] {dag.py:3036} INFO - Sync 1 DAGs
[2024-10-14T21:34:04.736+0000] {logging_mixin.py:188} INFO - [2024-10-14T21:34:04.736+0000] {dag.py:3823} INFO - Setting next_dagrun for example_setup_teardown to 2024-10-13 00:00:00+00:00, run_after=2024-10-14 00:00:00+00:00
[2024-10-14T21:34:04.749+0000] {processor.py:183} INFO - Processing /home/airflow/.local/lib/python3.8/site-packages/airflow/example_dags/example_setup_teardown.py took 0.057 seconds
[2024-10-14T21:34:34.960+0000] {processor.py:161} INFO - Started process (PID=2357) to work on /home/airflow/.local/lib/python3.8/site-packages/airflow/example_dags/example_setup_teardown.py
[2024-10-14T21:34:34.961+0000] {processor.py:830} INFO - Processing file /home/airflow/.local/lib/python3.8/site-packages/airflow/example_dags/example_setup_teardown.py for tasks to queue
[2024-10-14T21:34:34.963+0000] {logging_mixin.py:188} INFO - [2024-10-14T21:34:34.962+0000] {dagbag.py:538} INFO - Filling up the DagBag from /home/airflow/.local/lib/python3.8/site-packages/airflow/example_dags/example_setup_teardown.py
[2024-10-14T21:34:34.969+0000] {processor.py:840} INFO - DAG(s) 'example_setup_teardown' retrieved from /home/airflow/.local/lib/python3.8/site-packages/airflow/example_dags/example_setup_teardown.py
[2024-10-14T21:34:34.991+0000] {logging_mixin.py:188} INFO - [2024-10-14T21:34:34.990+0000] {dag.py:3036} INFO - Sync 1 DAGs
[2024-10-14T21:34:35.012+0000] {logging_mixin.py:188} INFO - [2024-10-14T21:34:35.012+0000] {dag.py:3823} INFO - Setting next_dagrun for example_setup_teardown to 2024-10-13 00:00:00+00:00, run_after=2024-10-14 00:00:00+00:00
[2024-10-14T21:34:35.027+0000] {processor.py:183} INFO - Processing /home/airflow/.local/lib/python3.8/site-packages/airflow/example_dags/example_setup_teardown.py took 0.070 seconds
[2024-10-14T21:35:05.317+0000] {processor.py:161} INFO - Started process (PID=2430) to work on /home/airflow/.local/lib/python3.8/site-packages/airflow/example_dags/example_setup_teardown.py
[2024-10-14T21:35:05.318+0000] {processor.py:830} INFO - Processing file /home/airflow/.local/lib/python3.8/site-packages/airflow/example_dags/example_setup_teardown.py for tasks to queue
[2024-10-14T21:35:05.319+0000] {logging_mixin.py:188} INFO - [2024-10-14T21:35:05.319+0000] {dagbag.py:538} INFO - Filling up the DagBag from /home/airflow/.local/lib/python3.8/site-packages/airflow/example_dags/example_setup_teardown.py
[2024-10-14T21:35:05.325+0000] {processor.py:840} INFO - DAG(s) 'example_setup_teardown' retrieved from /home/airflow/.local/lib/python3.8/site-packages/airflow/example_dags/example_setup_teardown.py
[2024-10-14T21:35:05.340+0000] {logging_mixin.py:188} INFO - [2024-10-14T21:35:05.339+0000] {dag.py:3036} INFO - Sync 1 DAGs
[2024-10-14T21:35:05.355+0000] {logging_mixin.py:188} INFO - [2024-10-14T21:35:05.355+0000] {dag.py:3823} INFO - Setting next_dagrun for example_setup_teardown to 2024-10-13 00:00:00+00:00, run_after=2024-10-14 00:00:00+00:00
[2024-10-14T21:35:05.368+0000] {processor.py:183} INFO - Processing /home/airflow/.local/lib/python3.8/site-packages/airflow/example_dags/example_setup_teardown.py took 0.054 seconds
[2024-10-14T21:35:35.820+0000] {processor.py:161} INFO - Started process (PID=2512) to work on /home/airflow/.local/lib/python3.8/site-packages/airflow/example_dags/example_setup_teardown.py
[2024-10-14T21:35:35.821+0000] {processor.py:830} INFO - Processing file /home/airflow/.local/lib/python3.8/site-packages/airflow/example_dags/example_setup_teardown.py for tasks to queue
[2024-10-14T21:35:35.823+0000] {logging_mixin.py:188} INFO - [2024-10-14T21:35:35.822+0000] {dagbag.py:538} INFO - Filling up the DagBag from /home/airflow/.local/lib/python3.8/site-packages/airflow/example_dags/example_setup_teardown.py
[2024-10-14T21:35:35.828+0000] {processor.py:840} INFO - DAG(s) 'example_setup_teardown' retrieved from /home/airflow/.local/lib/python3.8/site-packages/airflow/example_dags/example_setup_teardown.py
[2024-10-14T21:35:35.843+0000] {logging_mixin.py:188} INFO - [2024-10-14T21:35:35.843+0000] {dag.py:3036} INFO - Sync 1 DAGs
[2024-10-14T21:35:35.859+0000] {logging_mixin.py:188} INFO - [2024-10-14T21:35:35.859+0000] {dag.py:3823} INFO - Setting next_dagrun for example_setup_teardown to 2024-10-13 00:00:00+00:00, run_after=2024-10-14 00:00:00+00:00
[2024-10-14T21:35:35.872+0000] {processor.py:183} INFO - Processing /home/airflow/.local/lib/python3.8/site-packages/airflow/example_dags/example_setup_teardown.py took 0.055 seconds
[2024-10-14T21:36:05.930+0000] {processor.py:161} INFO - Started process (PID=2586) to work on /home/airflow/.local/lib/python3.8/site-packages/airflow/example_dags/example_setup_teardown.py
[2024-10-14T21:36:05.931+0000] {processor.py:830} INFO - Processing file /home/airflow/.local/lib/python3.8/site-packages/airflow/example_dags/example_setup_teardown.py for tasks to queue
[2024-10-14T21:36:05.933+0000] {logging_mixin.py:188} INFO - [2024-10-14T21:36:05.933+0000] {dagbag.py:538} INFO - Filling up the DagBag from /home/airflow/.local/lib/python3.8/site-packages/airflow/example_dags/example_setup_teardown.py
[2024-10-14T21:36:05.938+0000] {processor.py:840} INFO - DAG(s) 'example_setup_teardown' retrieved from /home/airflow/.local/lib/python3.8/site-packages/airflow/example_dags/example_setup_teardown.py
[2024-10-14T21:36:05.954+0000] {logging_mixin.py:188} INFO - [2024-10-14T21:36:05.954+0000] {dag.py:3036} INFO - Sync 1 DAGs
[2024-10-14T21:36:05.971+0000] {logging_mixin.py:188} INFO - [2024-10-14T21:36:05.970+0000] {dag.py:3823} INFO - Setting next_dagrun for example_setup_teardown to 2024-10-13 00:00:00+00:00, run_after=2024-10-14 00:00:00+00:00
[2024-10-14T21:36:05.984+0000] {processor.py:183} INFO - Processing /home/airflow/.local/lib/python3.8/site-packages/airflow/example_dags/example_setup_teardown.py took 0.056 seconds
[2024-10-14T21:36:36.168+0000] {processor.py:161} INFO - Started process (PID=2668) to work on /home/airflow/.local/lib/python3.8/site-packages/airflow/example_dags/example_setup_teardown.py
[2024-10-14T21:36:36.169+0000] {processor.py:830} INFO - Processing file /home/airflow/.local/lib/python3.8/site-packages/airflow/example_dags/example_setup_teardown.py for tasks to queue
[2024-10-14T21:36:36.170+0000] {logging_mixin.py:188} INFO - [2024-10-14T21:36:36.170+0000] {dagbag.py:538} INFO - Filling up the DagBag from /home/airflow/.local/lib/python3.8/site-packages/airflow/example_dags/example_setup_teardown.py
[2024-10-14T21:36:36.176+0000] {processor.py:840} INFO - DAG(s) 'example_setup_teardown' retrieved from /home/airflow/.local/lib/python3.8/site-packages/airflow/example_dags/example_setup_teardown.py
[2024-10-14T21:36:36.194+0000] {logging_mixin.py:188} INFO - [2024-10-14T21:36:36.193+0000] {dag.py:3036} INFO - Sync 1 DAGs
[2024-10-14T21:36:36.217+0000] {logging_mixin.py:188} INFO - [2024-10-14T21:36:36.217+0000] {dag.py:3823} INFO - Setting next_dagrun for example_setup_teardown to 2024-10-13 00:00:00+00:00, run_after=2024-10-14 00:00:00+00:00
[2024-10-14T21:36:36.230+0000] {processor.py:183} INFO - Processing /home/airflow/.local/lib/python3.8/site-packages/airflow/example_dags/example_setup_teardown.py took 0.065 seconds
[2024-10-14T21:37:06.627+0000] {processor.py:161} INFO - Started process (PID=2742) to work on /home/airflow/.local/lib/python3.8/site-packages/airflow/example_dags/example_setup_teardown.py
[2024-10-14T21:37:06.628+0000] {processor.py:830} INFO - Processing file /home/airflow/.local/lib/python3.8/site-packages/airflow/example_dags/example_setup_teardown.py for tasks to queue
[2024-10-14T21:37:06.630+0000] {logging_mixin.py:188} INFO - [2024-10-14T21:37:06.630+0000] {dagbag.py:538} INFO - Filling up the DagBag from /home/airflow/.local/lib/python3.8/site-packages/airflow/example_dags/example_setup_teardown.py
[2024-10-14T21:37:06.635+0000] {processor.py:840} INFO - DAG(s) 'example_setup_teardown' retrieved from /home/airflow/.local/lib/python3.8/site-packages/airflow/example_dags/example_setup_teardown.py
[2024-10-14T21:37:06.653+0000] {logging_mixin.py:188} INFO - [2024-10-14T21:37:06.653+0000] {dag.py:3036} INFO - Sync 1 DAGs
[2024-10-14T21:37:06.672+0000] {logging_mixin.py:188} INFO - [2024-10-14T21:37:06.672+0000] {dag.py:3823} INFO - Setting next_dagrun for example_setup_teardown to 2024-10-13 00:00:00+00:00, run_after=2024-10-14 00:00:00+00:00
[2024-10-14T21:37:06.690+0000] {processor.py:183} INFO - Processing /home/airflow/.local/lib/python3.8/site-packages/airflow/example_dags/example_setup_teardown.py took 0.065 seconds
[2024-10-14T21:37:37.075+0000] {processor.py:161} INFO - Started process (PID=2822) to work on /home/airflow/.local/lib/python3.8/site-packages/airflow/example_dags/example_setup_teardown.py
[2024-10-14T21:37:37.076+0000] {processor.py:830} INFO - Processing file /home/airflow/.local/lib/python3.8/site-packages/airflow/example_dags/example_setup_teardown.py for tasks to queue
[2024-10-14T21:37:37.081+0000] {logging_mixin.py:188} INFO - [2024-10-14T21:37:37.080+0000] {dagbag.py:538} INFO - Filling up the DagBag from /home/airflow/.local/lib/python3.8/site-packages/airflow/example_dags/example_setup_teardown.py
[2024-10-14T21:37:37.090+0000] {processor.py:840} INFO - DAG(s) 'example_setup_teardown' retrieved from /home/airflow/.local/lib/python3.8/site-packages/airflow/example_dags/example_setup_teardown.py
[2024-10-14T21:37:37.123+0000] {logging_mixin.py:188} INFO - [2024-10-14T21:37:37.123+0000] {dag.py:3036} INFO - Sync 1 DAGs
[2024-10-14T21:37:37.152+0000] {logging_mixin.py:188} INFO - [2024-10-14T21:37:37.152+0000] {dag.py:3823} INFO - Setting next_dagrun for example_setup_teardown to 2024-10-13 00:00:00+00:00, run_after=2024-10-14 00:00:00+00:00
[2024-10-14T21:37:37.170+0000] {processor.py:183} INFO - Processing /home/airflow/.local/lib/python3.8/site-packages/airflow/example_dags/example_setup_teardown.py took 0.102 seconds
[2024-10-14T21:38:07.594+0000] {processor.py:161} INFO - Started process (PID=2904) to work on /home/airflow/.local/lib/python3.8/site-packages/airflow/example_dags/example_setup_teardown.py
[2024-10-14T21:38:07.596+0000] {processor.py:830} INFO - Processing file /home/airflow/.local/lib/python3.8/site-packages/airflow/example_dags/example_setup_teardown.py for tasks to queue
[2024-10-14T21:38:07.597+0000] {logging_mixin.py:188} INFO - [2024-10-14T21:38:07.597+0000] {dagbag.py:538} INFO - Filling up the DagBag from /home/airflow/.local/lib/python3.8/site-packages/airflow/example_dags/example_setup_teardown.py
[2024-10-14T21:38:07.603+0000] {processor.py:840} INFO - DAG(s) 'example_setup_teardown' retrieved from /home/airflow/.local/lib/python3.8/site-packages/airflow/example_dags/example_setup_teardown.py
[2024-10-14T21:38:07.620+0000] {logging_mixin.py:188} INFO - [2024-10-14T21:38:07.620+0000] {dag.py:3036} INFO - Sync 1 DAGs
[2024-10-14T21:38:07.639+0000] {logging_mixin.py:188} INFO - [2024-10-14T21:38:07.638+0000] {dag.py:3823} INFO - Setting next_dagrun for example_setup_teardown to 2024-10-13 00:00:00+00:00, run_after=2024-10-14 00:00:00+00:00
[2024-10-14T21:38:07.658+0000] {processor.py:183} INFO - Processing /home/airflow/.local/lib/python3.8/site-packages/airflow/example_dags/example_setup_teardown.py took 0.066 seconds
[2024-10-14T21:38:37.872+0000] {processor.py:161} INFO - Started process (PID=2978) to work on /home/airflow/.local/lib/python3.8/site-packages/airflow/example_dags/example_setup_teardown.py
[2024-10-14T21:38:37.873+0000] {processor.py:830} INFO - Processing file /home/airflow/.local/lib/python3.8/site-packages/airflow/example_dags/example_setup_teardown.py for tasks to queue
[2024-10-14T21:38:37.875+0000] {logging_mixin.py:188} INFO - [2024-10-14T21:38:37.875+0000] {dagbag.py:538} INFO - Filling up the DagBag from /home/airflow/.local/lib/python3.8/site-packages/airflow/example_dags/example_setup_teardown.py
[2024-10-14T21:38:37.881+0000] {processor.py:840} INFO - DAG(s) 'example_setup_teardown' retrieved from /home/airflow/.local/lib/python3.8/site-packages/airflow/example_dags/example_setup_teardown.py
[2024-10-14T21:38:37.903+0000] {logging_mixin.py:188} INFO - [2024-10-14T21:38:37.903+0000] {dag.py:3036} INFO - Sync 1 DAGs
[2024-10-14T21:38:37.923+0000] {logging_mixin.py:188} INFO - [2024-10-14T21:38:37.923+0000] {dag.py:3823} INFO - Setting next_dagrun for example_setup_teardown to 2024-10-13 00:00:00+00:00, run_after=2024-10-14 00:00:00+00:00
[2024-10-14T21:38:37.940+0000] {processor.py:183} INFO - Processing /home/airflow/.local/lib/python3.8/site-packages/airflow/example_dags/example_setup_teardown.py took 0.070 seconds
[2024-10-14T21:39:08.694+0000] {processor.py:161} INFO - Started process (PID=3052) to work on /home/airflow/.local/lib/python3.8/site-packages/airflow/example_dags/example_setup_teardown.py
[2024-10-14T21:39:08.696+0000] {processor.py:830} INFO - Processing file /home/airflow/.local/lib/python3.8/site-packages/airflow/example_dags/example_setup_teardown.py for tasks to queue
[2024-10-14T21:39:08.703+0000] {logging_mixin.py:188} INFO - [2024-10-14T21:39:08.700+0000] {dagbag.py:538} INFO - Filling up the DagBag from /home/airflow/.local/lib/python3.8/site-packages/airflow/example_dags/example_setup_teardown.py
[2024-10-14T21:39:08.713+0000] {processor.py:840} INFO - DAG(s) 'example_setup_teardown' retrieved from /home/airflow/.local/lib/python3.8/site-packages/airflow/example_dags/example_setup_teardown.py
[2024-10-14T21:39:08.748+0000] {logging_mixin.py:188} INFO - [2024-10-14T21:39:08.747+0000] {dag.py:3036} INFO - Sync 1 DAGs
[2024-10-14T21:39:08.787+0000] {logging_mixin.py:188} INFO - [2024-10-14T21:39:08.786+0000] {dag.py:3823} INFO - Setting next_dagrun for example_setup_teardown to 2024-10-13 00:00:00+00:00, run_after=2024-10-14 00:00:00+00:00
[2024-10-14T21:39:08.820+0000] {processor.py:183} INFO - Processing /home/airflow/.local/lib/python3.8/site-packages/airflow/example_dags/example_setup_teardown.py took 0.129 seconds
[2024-10-14T21:44:04.548+0000] {processor.py:161} INFO - Started process (PID=91) to work on /home/airflow/.local/lib/python3.8/site-packages/airflow/example_dags/example_setup_teardown.py
[2024-10-14T21:44:04.549+0000] {processor.py:830} INFO - Processing file /home/airflow/.local/lib/python3.8/site-packages/airflow/example_dags/example_setup_teardown.py for tasks to queue
[2024-10-14T21:44:04.550+0000] {logging_mixin.py:188} INFO - [2024-10-14T21:44:04.550+0000] {dagbag.py:538} INFO - Filling up the DagBag from /home/airflow/.local/lib/python3.8/site-packages/airflow/example_dags/example_setup_teardown.py
[2024-10-14T21:44:04.557+0000] {processor.py:840} INFO - DAG(s) 'example_setup_teardown' retrieved from /home/airflow/.local/lib/python3.8/site-packages/airflow/example_dags/example_setup_teardown.py
[2024-10-14T21:44:04.631+0000] {logging_mixin.py:188} INFO - [2024-10-14T21:44:04.631+0000] {dag.py:3036} INFO - Sync 1 DAGs
[2024-10-14T21:44:04.646+0000] {logging_mixin.py:188} INFO - [2024-10-14T21:44:04.646+0000] {dag.py:3823} INFO - Setting next_dagrun for example_setup_teardown to 2024-10-13 00:00:00+00:00, run_after=2024-10-14 00:00:00+00:00
[2024-10-14T21:44:04.661+0000] {processor.py:183} INFO - Processing /home/airflow/.local/lib/python3.8/site-packages/airflow/example_dags/example_setup_teardown.py took 0.115 seconds
[2024-10-14T21:44:35.178+0000] {processor.py:161} INFO - Started process (PID=157) to work on /home/airflow/.local/lib/python3.8/site-packages/airflow/example_dags/example_setup_teardown.py
[2024-10-14T21:44:35.179+0000] {processor.py:830} INFO - Processing file /home/airflow/.local/lib/python3.8/site-packages/airflow/example_dags/example_setup_teardown.py for tasks to queue
[2024-10-14T21:44:35.180+0000] {logging_mixin.py:188} INFO - [2024-10-14T21:44:35.180+0000] {dagbag.py:538} INFO - Filling up the DagBag from /home/airflow/.local/lib/python3.8/site-packages/airflow/example_dags/example_setup_teardown.py
[2024-10-14T21:44:35.186+0000] {processor.py:840} INFO - DAG(s) 'example_setup_teardown' retrieved from /home/airflow/.local/lib/python3.8/site-packages/airflow/example_dags/example_setup_teardown.py
[2024-10-14T21:44:35.206+0000] {logging_mixin.py:188} INFO - [2024-10-14T21:44:35.205+0000] {dag.py:3036} INFO - Sync 1 DAGs
[2024-10-14T21:44:35.228+0000] {logging_mixin.py:188} INFO - [2024-10-14T21:44:35.228+0000] {dag.py:3823} INFO - Setting next_dagrun for example_setup_teardown to 2024-10-13 00:00:00+00:00, run_after=2024-10-14 00:00:00+00:00
[2024-10-14T21:44:35.243+0000] {processor.py:183} INFO - Processing /home/airflow/.local/lib/python3.8/site-packages/airflow/example_dags/example_setup_teardown.py took 0.068 seconds
[2024-10-14T21:45:05.758+0000] {processor.py:161} INFO - Started process (PID=231) to work on /home/airflow/.local/lib/python3.8/site-packages/airflow/example_dags/example_setup_teardown.py
[2024-10-14T21:45:05.759+0000] {processor.py:830} INFO - Processing file /home/airflow/.local/lib/python3.8/site-packages/airflow/example_dags/example_setup_teardown.py for tasks to queue
[2024-10-14T21:45:05.760+0000] {logging_mixin.py:188} INFO - [2024-10-14T21:45:05.760+0000] {dagbag.py:538} INFO - Filling up the DagBag from /home/airflow/.local/lib/python3.8/site-packages/airflow/example_dags/example_setup_teardown.py
[2024-10-14T21:45:05.764+0000] {processor.py:840} INFO - DAG(s) 'example_setup_teardown' retrieved from /home/airflow/.local/lib/python3.8/site-packages/airflow/example_dags/example_setup_teardown.py
[2024-10-14T21:45:05.778+0000] {logging_mixin.py:188} INFO - [2024-10-14T21:45:05.778+0000] {dag.py:3036} INFO - Sync 1 DAGs
[2024-10-14T21:45:05.793+0000] {logging_mixin.py:188} INFO - [2024-10-14T21:45:05.793+0000] {dag.py:3823} INFO - Setting next_dagrun for example_setup_teardown to 2024-10-13 00:00:00+00:00, run_after=2024-10-14 00:00:00+00:00
[2024-10-14T21:45:05.808+0000] {processor.py:183} INFO - Processing /home/airflow/.local/lib/python3.8/site-packages/airflow/example_dags/example_setup_teardown.py took 0.052 seconds
[2024-10-14T21:45:36.095+0000] {processor.py:161} INFO - Started process (PID=298) to work on /home/airflow/.local/lib/python3.8/site-packages/airflow/example_dags/example_setup_teardown.py
[2024-10-14T21:45:36.096+0000] {processor.py:830} INFO - Processing file /home/airflow/.local/lib/python3.8/site-packages/airflow/example_dags/example_setup_teardown.py for tasks to queue
[2024-10-14T21:45:36.097+0000] {logging_mixin.py:188} INFO - [2024-10-14T21:45:36.096+0000] {dagbag.py:538} INFO - Filling up the DagBag from /home/airflow/.local/lib/python3.8/site-packages/airflow/example_dags/example_setup_teardown.py
[2024-10-14T21:45:36.101+0000] {processor.py:840} INFO - DAG(s) 'example_setup_teardown' retrieved from /home/airflow/.local/lib/python3.8/site-packages/airflow/example_dags/example_setup_teardown.py
[2024-10-14T21:45:36.115+0000] {logging_mixin.py:188} INFO - [2024-10-14T21:45:36.115+0000] {dag.py:3036} INFO - Sync 1 DAGs
[2024-10-14T21:45:36.131+0000] {logging_mixin.py:188} INFO - [2024-10-14T21:45:36.131+0000] {dag.py:3823} INFO - Setting next_dagrun for example_setup_teardown to 2024-10-13 00:00:00+00:00, run_after=2024-10-14 00:00:00+00:00
[2024-10-14T21:45:36.147+0000] {processor.py:183} INFO - Processing /home/airflow/.local/lib/python3.8/site-packages/airflow/example_dags/example_setup_teardown.py took 0.055 seconds
[2024-10-14T21:46:06.518+0000] {processor.py:161} INFO - Started process (PID=371) to work on /home/airflow/.local/lib/python3.8/site-packages/airflow/example_dags/example_setup_teardown.py
[2024-10-14T21:46:06.518+0000] {processor.py:830} INFO - Processing file /home/airflow/.local/lib/python3.8/site-packages/airflow/example_dags/example_setup_teardown.py for tasks to queue
[2024-10-14T21:46:06.520+0000] {logging_mixin.py:188} INFO - [2024-10-14T21:46:06.519+0000] {dagbag.py:538} INFO - Filling up the DagBag from /home/airflow/.local/lib/python3.8/site-packages/airflow/example_dags/example_setup_teardown.py
[2024-10-14T21:46:06.524+0000] {processor.py:840} INFO - DAG(s) 'example_setup_teardown' retrieved from /home/airflow/.local/lib/python3.8/site-packages/airflow/example_dags/example_setup_teardown.py
[2024-10-14T21:46:06.537+0000] {logging_mixin.py:188} INFO - [2024-10-14T21:46:06.537+0000] {dag.py:3036} INFO - Sync 1 DAGs
[2024-10-14T21:46:06.553+0000] {logging_mixin.py:188} INFO - [2024-10-14T21:46:06.553+0000] {dag.py:3823} INFO - Setting next_dagrun for example_setup_teardown to 2024-10-13 00:00:00+00:00, run_after=2024-10-14 00:00:00+00:00
[2024-10-14T21:46:06.568+0000] {processor.py:183} INFO - Processing /home/airflow/.local/lib/python3.8/site-packages/airflow/example_dags/example_setup_teardown.py took 0.053 seconds
[2024-10-14T21:46:36.708+0000] {processor.py:161} INFO - Started process (PID=445) to work on /home/airflow/.local/lib/python3.8/site-packages/airflow/example_dags/example_setup_teardown.py
[2024-10-14T21:46:36.709+0000] {processor.py:830} INFO - Processing file /home/airflow/.local/lib/python3.8/site-packages/airflow/example_dags/example_setup_teardown.py for tasks to queue
[2024-10-14T21:46:36.710+0000] {logging_mixin.py:188} INFO - [2024-10-14T21:46:36.710+0000] {dagbag.py:538} INFO - Filling up the DagBag from /home/airflow/.local/lib/python3.8/site-packages/airflow/example_dags/example_setup_teardown.py
[2024-10-14T21:46:36.717+0000] {processor.py:840} INFO - DAG(s) 'example_setup_teardown' retrieved from /home/airflow/.local/lib/python3.8/site-packages/airflow/example_dags/example_setup_teardown.py
[2024-10-14T21:46:36.741+0000] {logging_mixin.py:188} INFO - [2024-10-14T21:46:36.740+0000] {dag.py:3036} INFO - Sync 1 DAGs
[2024-10-14T21:46:36.770+0000] {logging_mixin.py:188} INFO - [2024-10-14T21:46:36.769+0000] {dag.py:3823} INFO - Setting next_dagrun for example_setup_teardown to 2024-10-13 00:00:00+00:00, run_after=2024-10-14 00:00:00+00:00
[2024-10-14T21:46:36.790+0000] {processor.py:183} INFO - Processing /home/airflow/.local/lib/python3.8/site-packages/airflow/example_dags/example_setup_teardown.py took 0.084 seconds
[2024-10-14T21:50:41.561+0000] {processor.py:161} INFO - Started process (PID=92) to work on /home/airflow/.local/lib/python3.8/site-packages/airflow/example_dags/example_setup_teardown.py
[2024-10-14T21:50:41.562+0000] {processor.py:830} INFO - Processing file /home/airflow/.local/lib/python3.8/site-packages/airflow/example_dags/example_setup_teardown.py for tasks to queue
[2024-10-14T21:50:41.563+0000] {logging_mixin.py:188} INFO - [2024-10-14T21:50:41.563+0000] {dagbag.py:538} INFO - Filling up the DagBag from /home/airflow/.local/lib/python3.8/site-packages/airflow/example_dags/example_setup_teardown.py
[2024-10-14T21:50:41.573+0000] {processor.py:840} INFO - DAG(s) 'example_setup_teardown' retrieved from /home/airflow/.local/lib/python3.8/site-packages/airflow/example_dags/example_setup_teardown.py
[2024-10-14T21:50:41.586+0000] {logging_mixin.py:188} INFO - [2024-10-14T21:50:41.586+0000] {dag.py:3036} INFO - Sync 1 DAGs
[2024-10-14T21:50:41.619+0000] {logging_mixin.py:188} INFO - [2024-10-14T21:50:41.619+0000] {dag.py:3823} INFO - Setting next_dagrun for example_setup_teardown to 2024-10-13 00:00:00+00:00, run_after=2024-10-14 00:00:00+00:00
[2024-10-14T21:50:41.650+0000] {processor.py:183} INFO - Processing /home/airflow/.local/lib/python3.8/site-packages/airflow/example_dags/example_setup_teardown.py took 0.093 seconds
[2024-10-14T21:51:12.166+0000] {processor.py:161} INFO - Started process (PID=165) to work on /home/airflow/.local/lib/python3.8/site-packages/airflow/example_dags/example_setup_teardown.py
[2024-10-14T21:51:12.167+0000] {processor.py:830} INFO - Processing file /home/airflow/.local/lib/python3.8/site-packages/airflow/example_dags/example_setup_teardown.py for tasks to queue
[2024-10-14T21:51:12.172+0000] {logging_mixin.py:188} INFO - [2024-10-14T21:51:12.171+0000] {dagbag.py:538} INFO - Filling up the DagBag from /home/airflow/.local/lib/python3.8/site-packages/airflow/example_dags/example_setup_teardown.py
[2024-10-14T21:51:12.178+0000] {processor.py:840} INFO - DAG(s) 'example_setup_teardown' retrieved from /home/airflow/.local/lib/python3.8/site-packages/airflow/example_dags/example_setup_teardown.py
[2024-10-14T21:51:12.277+0000] {logging_mixin.py:188} INFO - [2024-10-14T21:51:12.277+0000] {dag.py:3036} INFO - Sync 1 DAGs
[2024-10-14T21:51:12.299+0000] {logging_mixin.py:188} INFO - [2024-10-14T21:51:12.299+0000] {dag.py:3823} INFO - Setting next_dagrun for example_setup_teardown to 2024-10-13 00:00:00+00:00, run_after=2024-10-14 00:00:00+00:00
[2024-10-14T21:51:12.329+0000] {processor.py:183} INFO - Processing /home/airflow/.local/lib/python3.8/site-packages/airflow/example_dags/example_setup_teardown.py took 0.167 seconds
[2024-10-14T21:51:42.664+0000] {processor.py:161} INFO - Started process (PID=238) to work on /home/airflow/.local/lib/python3.8/site-packages/airflow/example_dags/example_setup_teardown.py
[2024-10-14T21:51:42.664+0000] {processor.py:830} INFO - Processing file /home/airflow/.local/lib/python3.8/site-packages/airflow/example_dags/example_setup_teardown.py for tasks to queue
[2024-10-14T21:51:42.665+0000] {logging_mixin.py:188} INFO - [2024-10-14T21:51:42.665+0000] {dagbag.py:538} INFO - Filling up the DagBag from /home/airflow/.local/lib/python3.8/site-packages/airflow/example_dags/example_setup_teardown.py
[2024-10-14T21:51:42.671+0000] {processor.py:840} INFO - DAG(s) 'example_setup_teardown' retrieved from /home/airflow/.local/lib/python3.8/site-packages/airflow/example_dags/example_setup_teardown.py
[2024-10-14T21:51:42.684+0000] {logging_mixin.py:188} INFO - [2024-10-14T21:51:42.684+0000] {dag.py:3036} INFO - Sync 1 DAGs
[2024-10-14T21:51:42.699+0000] {logging_mixin.py:188} INFO - [2024-10-14T21:51:42.699+0000] {dag.py:3823} INFO - Setting next_dagrun for example_setup_teardown to 2024-10-13 00:00:00+00:00, run_after=2024-10-14 00:00:00+00:00
[2024-10-14T21:51:42.714+0000] {processor.py:183} INFO - Processing /home/airflow/.local/lib/python3.8/site-packages/airflow/example_dags/example_setup_teardown.py took 0.053 seconds
[2024-10-14T21:52:13.050+0000] {processor.py:161} INFO - Started process (PID=320) to work on /home/airflow/.local/lib/python3.8/site-packages/airflow/example_dags/example_setup_teardown.py
[2024-10-14T21:52:13.051+0000] {processor.py:830} INFO - Processing file /home/airflow/.local/lib/python3.8/site-packages/airflow/example_dags/example_setup_teardown.py for tasks to queue
[2024-10-14T21:52:13.054+0000] {logging_mixin.py:188} INFO - [2024-10-14T21:52:13.053+0000] {dagbag.py:538} INFO - Filling up the DagBag from /home/airflow/.local/lib/python3.8/site-packages/airflow/example_dags/example_setup_teardown.py
[2024-10-14T21:52:13.058+0000] {processor.py:840} INFO - DAG(s) 'example_setup_teardown' retrieved from /home/airflow/.local/lib/python3.8/site-packages/airflow/example_dags/example_setup_teardown.py
[2024-10-14T21:52:13.076+0000] {logging_mixin.py:188} INFO - [2024-10-14T21:52:13.075+0000] {dag.py:3036} INFO - Sync 1 DAGs
[2024-10-14T21:52:13.092+0000] {logging_mixin.py:188} INFO - [2024-10-14T21:52:13.092+0000] {dag.py:3823} INFO - Setting next_dagrun for example_setup_teardown to 2024-10-13 00:00:00+00:00, run_after=2024-10-14 00:00:00+00:00
[2024-10-14T21:52:13.107+0000] {processor.py:183} INFO - Processing /home/airflow/.local/lib/python3.8/site-packages/airflow/example_dags/example_setup_teardown.py took 0.061 seconds
[2024-10-14T21:52:43.670+0000] {processor.py:161} INFO - Started process (PID=399) to work on /home/airflow/.local/lib/python3.8/site-packages/airflow/example_dags/example_setup_teardown.py
[2024-10-14T21:52:43.672+0000] {processor.py:830} INFO - Processing file /home/airflow/.local/lib/python3.8/site-packages/airflow/example_dags/example_setup_teardown.py for tasks to queue
[2024-10-14T21:52:43.674+0000] {logging_mixin.py:188} INFO - [2024-10-14T21:52:43.673+0000] {dagbag.py:538} INFO - Filling up the DagBag from /home/airflow/.local/lib/python3.8/site-packages/airflow/example_dags/example_setup_teardown.py
[2024-10-14T21:52:43.678+0000] {processor.py:840} INFO - DAG(s) 'example_setup_teardown' retrieved from /home/airflow/.local/lib/python3.8/site-packages/airflow/example_dags/example_setup_teardown.py
[2024-10-14T21:52:43.706+0000] {logging_mixin.py:188} INFO - [2024-10-14T21:52:43.706+0000] {dag.py:3036} INFO - Sync 1 DAGs
[2024-10-14T21:52:43.734+0000] {logging_mixin.py:188} INFO - [2024-10-14T21:52:43.733+0000] {dag.py:3823} INFO - Setting next_dagrun for example_setup_teardown to 2024-10-13 00:00:00+00:00, run_after=2024-10-14 00:00:00+00:00
[2024-10-14T21:52:43.761+0000] {processor.py:183} INFO - Processing /home/airflow/.local/lib/python3.8/site-packages/airflow/example_dags/example_setup_teardown.py took 0.097 seconds
[2024-10-14T21:53:14.048+0000] {processor.py:161} INFO - Started process (PID=474) to work on /home/airflow/.local/lib/python3.8/site-packages/airflow/example_dags/example_setup_teardown.py
[2024-10-14T21:53:14.050+0000] {processor.py:830} INFO - Processing file /home/airflow/.local/lib/python3.8/site-packages/airflow/example_dags/example_setup_teardown.py for tasks to queue
[2024-10-14T21:53:14.055+0000] {logging_mixin.py:188} INFO - [2024-10-14T21:53:14.055+0000] {dagbag.py:538} INFO - Filling up the DagBag from /home/airflow/.local/lib/python3.8/site-packages/airflow/example_dags/example_setup_teardown.py
[2024-10-14T21:53:14.061+0000] {processor.py:840} INFO - DAG(s) 'example_setup_teardown' retrieved from /home/airflow/.local/lib/python3.8/site-packages/airflow/example_dags/example_setup_teardown.py
[2024-10-14T21:53:14.092+0000] {logging_mixin.py:188} INFO - [2024-10-14T21:53:14.091+0000] {dag.py:3036} INFO - Sync 1 DAGs
[2024-10-14T21:53:14.123+0000] {logging_mixin.py:188} INFO - [2024-10-14T21:53:14.123+0000] {dag.py:3823} INFO - Setting next_dagrun for example_setup_teardown to 2024-10-13 00:00:00+00:00, run_after=2024-10-14 00:00:00+00:00
[2024-10-14T21:53:14.144+0000] {processor.py:183} INFO - Processing /home/airflow/.local/lib/python3.8/site-packages/airflow/example_dags/example_setup_teardown.py took 0.099 seconds
[2024-10-14T21:53:44.362+0000] {processor.py:161} INFO - Started process (PID=547) to work on /home/airflow/.local/lib/python3.8/site-packages/airflow/example_dags/example_setup_teardown.py
[2024-10-14T21:53:44.363+0000] {processor.py:830} INFO - Processing file /home/airflow/.local/lib/python3.8/site-packages/airflow/example_dags/example_setup_teardown.py for tasks to queue
[2024-10-14T21:53:44.364+0000] {logging_mixin.py:188} INFO - [2024-10-14T21:53:44.364+0000] {dagbag.py:538} INFO - Filling up the DagBag from /home/airflow/.local/lib/python3.8/site-packages/airflow/example_dags/example_setup_teardown.py
[2024-10-14T21:53:44.375+0000] {processor.py:840} INFO - DAG(s) 'example_setup_teardown' retrieved from /home/airflow/.local/lib/python3.8/site-packages/airflow/example_dags/example_setup_teardown.py
[2024-10-14T21:53:44.394+0000] {logging_mixin.py:188} INFO - [2024-10-14T21:53:44.394+0000] {dag.py:3036} INFO - Sync 1 DAGs
[2024-10-14T21:53:44.413+0000] {logging_mixin.py:188} INFO - [2024-10-14T21:53:44.413+0000] {dag.py:3823} INFO - Setting next_dagrun for example_setup_teardown to 2024-10-13 00:00:00+00:00, run_after=2024-10-14 00:00:00+00:00
[2024-10-14T21:53:44.435+0000] {processor.py:183} INFO - Processing /home/airflow/.local/lib/python3.8/site-packages/airflow/example_dags/example_setup_teardown.py took 0.075 seconds
[2024-10-14T21:54:14.927+0000] {processor.py:161} INFO - Started process (PID=638) to work on /home/airflow/.local/lib/python3.8/site-packages/airflow/example_dags/example_setup_teardown.py
[2024-10-14T21:54:14.928+0000] {processor.py:830} INFO - Processing file /home/airflow/.local/lib/python3.8/site-packages/airflow/example_dags/example_setup_teardown.py for tasks to queue
[2024-10-14T21:54:14.929+0000] {logging_mixin.py:188} INFO - [2024-10-14T21:54:14.929+0000] {dagbag.py:538} INFO - Filling up the DagBag from /home/airflow/.local/lib/python3.8/site-packages/airflow/example_dags/example_setup_teardown.py
[2024-10-14T21:54:14.938+0000] {processor.py:840} INFO - DAG(s) 'example_setup_teardown' retrieved from /home/airflow/.local/lib/python3.8/site-packages/airflow/example_dags/example_setup_teardown.py
[2024-10-14T21:54:14.961+0000] {logging_mixin.py:188} INFO - [2024-10-14T21:54:14.961+0000] {dag.py:3036} INFO - Sync 1 DAGs
[2024-10-14T21:54:14.980+0000] {logging_mixin.py:188} INFO - [2024-10-14T21:54:14.980+0000] {dag.py:3823} INFO - Setting next_dagrun for example_setup_teardown to 2024-10-13 00:00:00+00:00, run_after=2024-10-14 00:00:00+00:00
[2024-10-14T21:54:14.999+0000] {processor.py:183} INFO - Processing /home/airflow/.local/lib/python3.8/site-packages/airflow/example_dags/example_setup_teardown.py took 0.074 seconds
[2024-10-14T21:58:41.380+0000] {processor.py:161} INFO - Started process (PID=84) to work on /home/airflow/.local/lib/python3.8/site-packages/airflow/example_dags/example_setup_teardown.py
[2024-10-14T21:58:41.381+0000] {processor.py:830} INFO - Processing file /home/airflow/.local/lib/python3.8/site-packages/airflow/example_dags/example_setup_teardown.py for tasks to queue
[2024-10-14T21:58:41.382+0000] {logging_mixin.py:188} INFO - [2024-10-14T21:58:41.382+0000] {dagbag.py:538} INFO - Filling up the DagBag from /home/airflow/.local/lib/python3.8/site-packages/airflow/example_dags/example_setup_teardown.py
[2024-10-14T21:58:41.392+0000] {processor.py:840} INFO - DAG(s) 'example_setup_teardown' retrieved from /home/airflow/.local/lib/python3.8/site-packages/airflow/example_dags/example_setup_teardown.py
[2024-10-14T21:58:41.404+0000] {logging_mixin.py:188} INFO - [2024-10-14T21:58:41.403+0000] {dag.py:3036} INFO - Sync 1 DAGs
[2024-10-14T21:58:41.431+0000] {logging_mixin.py:188} INFO - [2024-10-14T21:58:41.431+0000] {dag.py:3823} INFO - Setting next_dagrun for example_setup_teardown to 2024-10-13 00:00:00+00:00, run_after=2024-10-14 00:00:00+00:00
[2024-10-14T21:58:41.468+0000] {processor.py:183} INFO - Processing /home/airflow/.local/lib/python3.8/site-packages/airflow/example_dags/example_setup_teardown.py took 0.091 seconds
[2024-10-14T21:59:11.770+0000] {processor.py:161} INFO - Started process (PID=164) to work on /home/airflow/.local/lib/python3.8/site-packages/airflow/example_dags/example_setup_teardown.py
[2024-10-14T21:59:11.771+0000] {processor.py:830} INFO - Processing file /home/airflow/.local/lib/python3.8/site-packages/airflow/example_dags/example_setup_teardown.py for tasks to queue
[2024-10-14T21:59:11.772+0000] {logging_mixin.py:188} INFO - [2024-10-14T21:59:11.772+0000] {dagbag.py:538} INFO - Filling up the DagBag from /home/airflow/.local/lib/python3.8/site-packages/airflow/example_dags/example_setup_teardown.py
[2024-10-14T21:59:11.778+0000] {processor.py:840} INFO - DAG(s) 'example_setup_teardown' retrieved from /home/airflow/.local/lib/python3.8/site-packages/airflow/example_dags/example_setup_teardown.py
[2024-10-14T21:59:11.869+0000] {logging_mixin.py:188} INFO - [2024-10-14T21:59:11.869+0000] {dag.py:3036} INFO - Sync 1 DAGs
[2024-10-14T21:59:11.889+0000] {logging_mixin.py:188} INFO - [2024-10-14T21:59:11.889+0000] {dag.py:3823} INFO - Setting next_dagrun for example_setup_teardown to 2024-10-13 00:00:00+00:00, run_after=2024-10-14 00:00:00+00:00
[2024-10-14T21:59:11.907+0000] {processor.py:183} INFO - Processing /home/airflow/.local/lib/python3.8/site-packages/airflow/example_dags/example_setup_teardown.py took 0.141 seconds
[2024-10-14T21:59:42.719+0000] {processor.py:161} INFO - Started process (PID=238) to work on /home/airflow/.local/lib/python3.8/site-packages/airflow/example_dags/example_setup_teardown.py
[2024-10-14T21:59:42.719+0000] {processor.py:830} INFO - Processing file /home/airflow/.local/lib/python3.8/site-packages/airflow/example_dags/example_setup_teardown.py for tasks to queue
[2024-10-14T21:59:42.720+0000] {logging_mixin.py:188} INFO - [2024-10-14T21:59:42.720+0000] {dagbag.py:538} INFO - Filling up the DagBag from /home/airflow/.local/lib/python3.8/site-packages/airflow/example_dags/example_setup_teardown.py
[2024-10-14T21:59:42.725+0000] {processor.py:840} INFO - DAG(s) 'example_setup_teardown' retrieved from /home/airflow/.local/lib/python3.8/site-packages/airflow/example_dags/example_setup_teardown.py
[2024-10-14T21:59:42.743+0000] {logging_mixin.py:188} INFO - [2024-10-14T21:59:42.742+0000] {dag.py:3036} INFO - Sync 1 DAGs
[2024-10-14T21:59:42.762+0000] {logging_mixin.py:188} INFO - [2024-10-14T21:59:42.762+0000] {dag.py:3823} INFO - Setting next_dagrun for example_setup_teardown to 2024-10-13 00:00:00+00:00, run_after=2024-10-14 00:00:00+00:00
[2024-10-14T21:59:42.777+0000] {processor.py:183} INFO - Processing /home/airflow/.local/lib/python3.8/site-packages/airflow/example_dags/example_setup_teardown.py took 0.060 seconds
[2024-10-14T22:00:13.216+0000] {processor.py:161} INFO - Started process (PID=320) to work on /home/airflow/.local/lib/python3.8/site-packages/airflow/example_dags/example_setup_teardown.py
[2024-10-14T22:00:13.218+0000] {processor.py:830} INFO - Processing file /home/airflow/.local/lib/python3.8/site-packages/airflow/example_dags/example_setup_teardown.py for tasks to queue
[2024-10-14T22:00:13.221+0000] {logging_mixin.py:188} INFO - [2024-10-14T22:00:13.221+0000] {dagbag.py:538} INFO - Filling up the DagBag from /home/airflow/.local/lib/python3.8/site-packages/airflow/example_dags/example_setup_teardown.py
[2024-10-14T22:00:13.229+0000] {processor.py:840} INFO - DAG(s) 'example_setup_teardown' retrieved from /home/airflow/.local/lib/python3.8/site-packages/airflow/example_dags/example_setup_teardown.py
[2024-10-14T22:00:13.260+0000] {logging_mixin.py:188} INFO - [2024-10-14T22:00:13.260+0000] {dag.py:3036} INFO - Sync 1 DAGs
[2024-10-14T22:00:13.292+0000] {logging_mixin.py:188} INFO - [2024-10-14T22:00:13.292+0000] {dag.py:3823} INFO - Setting next_dagrun for example_setup_teardown to 2024-10-13 00:00:00+00:00, run_after=2024-10-14 00:00:00+00:00
[2024-10-14T22:00:13.315+0000] {processor.py:183} INFO - Processing /home/airflow/.local/lib/python3.8/site-packages/airflow/example_dags/example_setup_teardown.py took 0.101 seconds
[2024-10-14T22:00:43.664+0000] {processor.py:161} INFO - Started process (PID=394) to work on /home/airflow/.local/lib/python3.8/site-packages/airflow/example_dags/example_setup_teardown.py
[2024-10-14T22:00:43.665+0000] {processor.py:830} INFO - Processing file /home/airflow/.local/lib/python3.8/site-packages/airflow/example_dags/example_setup_teardown.py for tasks to queue
[2024-10-14T22:00:43.666+0000] {logging_mixin.py:188} INFO - [2024-10-14T22:00:43.666+0000] {dagbag.py:538} INFO - Filling up the DagBag from /home/airflow/.local/lib/python3.8/site-packages/airflow/example_dags/example_setup_teardown.py
[2024-10-14T22:00:43.678+0000] {processor.py:840} INFO - DAG(s) 'example_setup_teardown' retrieved from /home/airflow/.local/lib/python3.8/site-packages/airflow/example_dags/example_setup_teardown.py
[2024-10-14T22:00:43.701+0000] {logging_mixin.py:188} INFO - [2024-10-14T22:00:43.700+0000] {dag.py:3036} INFO - Sync 1 DAGs
[2024-10-14T22:00:43.728+0000] {logging_mixin.py:188} INFO - [2024-10-14T22:00:43.728+0000] {dag.py:3823} INFO - Setting next_dagrun for example_setup_teardown to 2024-10-13 00:00:00+00:00, run_after=2024-10-14 00:00:00+00:00
[2024-10-14T22:00:43.746+0000] {processor.py:183} INFO - Processing /home/airflow/.local/lib/python3.8/site-packages/airflow/example_dags/example_setup_teardown.py took 0.084 seconds
[2024-10-14T22:01:13.850+0000] {processor.py:161} INFO - Started process (PID=468) to work on /home/airflow/.local/lib/python3.8/site-packages/airflow/example_dags/example_setup_teardown.py
[2024-10-14T22:01:13.851+0000] {processor.py:830} INFO - Processing file /home/airflow/.local/lib/python3.8/site-packages/airflow/example_dags/example_setup_teardown.py for tasks to queue
[2024-10-14T22:01:13.856+0000] {logging_mixin.py:188} INFO - [2024-10-14T22:01:13.855+0000] {dagbag.py:538} INFO - Filling up the DagBag from /home/airflow/.local/lib/python3.8/site-packages/airflow/example_dags/example_setup_teardown.py
[2024-10-14T22:01:13.863+0000] {processor.py:840} INFO - DAG(s) 'example_setup_teardown' retrieved from /home/airflow/.local/lib/python3.8/site-packages/airflow/example_dags/example_setup_teardown.py
[2024-10-14T22:01:13.892+0000] {logging_mixin.py:188} INFO - [2024-10-14T22:01:13.891+0000] {dag.py:3036} INFO - Sync 1 DAGs
[2024-10-14T22:01:13.915+0000] {logging_mixin.py:188} INFO - [2024-10-14T22:01:13.915+0000] {dag.py:3823} INFO - Setting next_dagrun for example_setup_teardown to 2024-10-13 00:00:00+00:00, run_after=2024-10-14 00:00:00+00:00
[2024-10-14T22:01:13.937+0000] {processor.py:183} INFO - Processing /home/airflow/.local/lib/python3.8/site-packages/airflow/example_dags/example_setup_teardown.py took 0.089 seconds
[2024-10-14T22:01:44.348+0000] {processor.py:161} INFO - Started process (PID=550) to work on /home/airflow/.local/lib/python3.8/site-packages/airflow/example_dags/example_setup_teardown.py
[2024-10-14T22:01:44.349+0000] {processor.py:830} INFO - Processing file /home/airflow/.local/lib/python3.8/site-packages/airflow/example_dags/example_setup_teardown.py for tasks to queue
[2024-10-14T22:01:44.350+0000] {logging_mixin.py:188} INFO - [2024-10-14T22:01:44.350+0000] {dagbag.py:538} INFO - Filling up the DagBag from /home/airflow/.local/lib/python3.8/site-packages/airflow/example_dags/example_setup_teardown.py
[2024-10-14T22:01:44.360+0000] {processor.py:840} INFO - DAG(s) 'example_setup_teardown' retrieved from /home/airflow/.local/lib/python3.8/site-packages/airflow/example_dags/example_setup_teardown.py
[2024-10-14T22:01:44.380+0000] {logging_mixin.py:188} INFO - [2024-10-14T22:01:44.379+0000] {dag.py:3036} INFO - Sync 1 DAGs
[2024-10-14T22:01:44.399+0000] {logging_mixin.py:188} INFO - [2024-10-14T22:01:44.399+0000] {dag.py:3823} INFO - Setting next_dagrun for example_setup_teardown to 2024-10-13 00:00:00+00:00, run_after=2024-10-14 00:00:00+00:00
[2024-10-14T22:01:44.421+0000] {processor.py:183} INFO - Processing /home/airflow/.local/lib/python3.8/site-packages/airflow/example_dags/example_setup_teardown.py took 0.075 seconds
[2024-10-14T22:02:14.731+0000] {processor.py:161} INFO - Started process (PID=624) to work on /home/airflow/.local/lib/python3.8/site-packages/airflow/example_dags/example_setup_teardown.py
[2024-10-14T22:02:14.731+0000] {processor.py:830} INFO - Processing file /home/airflow/.local/lib/python3.8/site-packages/airflow/example_dags/example_setup_teardown.py for tasks to queue
[2024-10-14T22:02:14.733+0000] {logging_mixin.py:188} INFO - [2024-10-14T22:02:14.732+0000] {dagbag.py:538} INFO - Filling up the DagBag from /home/airflow/.local/lib/python3.8/site-packages/airflow/example_dags/example_setup_teardown.py
[2024-10-14T22:02:14.741+0000] {processor.py:840} INFO - DAG(s) 'example_setup_teardown' retrieved from /home/airflow/.local/lib/python3.8/site-packages/airflow/example_dags/example_setup_teardown.py
[2024-10-14T22:02:14.758+0000] {logging_mixin.py:188} INFO - [2024-10-14T22:02:14.758+0000] {dag.py:3036} INFO - Sync 1 DAGs
[2024-10-14T22:02:14.777+0000] {logging_mixin.py:188} INFO - [2024-10-14T22:02:14.777+0000] {dag.py:3823} INFO - Setting next_dagrun for example_setup_teardown to 2024-10-13 00:00:00+00:00, run_after=2024-10-14 00:00:00+00:00
[2024-10-14T22:02:14.795+0000] {processor.py:183} INFO - Processing /home/airflow/.local/lib/python3.8/site-packages/airflow/example_dags/example_setup_teardown.py took 0.067 seconds
[2024-10-14T22:02:45.453+0000] {processor.py:161} INFO - Started process (PID=706) to work on /home/airflow/.local/lib/python3.8/site-packages/airflow/example_dags/example_setup_teardown.py
[2024-10-14T22:02:45.454+0000] {processor.py:830} INFO - Processing file /home/airflow/.local/lib/python3.8/site-packages/airflow/example_dags/example_setup_teardown.py for tasks to queue
[2024-10-14T22:02:45.458+0000] {logging_mixin.py:188} INFO - [2024-10-14T22:02:45.457+0000] {dagbag.py:538} INFO - Filling up the DagBag from /home/airflow/.local/lib/python3.8/site-packages/airflow/example_dags/example_setup_teardown.py
[2024-10-14T22:02:45.463+0000] {processor.py:840} INFO - DAG(s) 'example_setup_teardown' retrieved from /home/airflow/.local/lib/python3.8/site-packages/airflow/example_dags/example_setup_teardown.py
[2024-10-14T22:02:45.481+0000] {logging_mixin.py:188} INFO - [2024-10-14T22:02:45.481+0000] {dag.py:3036} INFO - Sync 1 DAGs
[2024-10-14T22:02:45.500+0000] {logging_mixin.py:188} INFO - [2024-10-14T22:02:45.500+0000] {dag.py:3823} INFO - Setting next_dagrun for example_setup_teardown to 2024-10-13 00:00:00+00:00, run_after=2024-10-14 00:00:00+00:00
[2024-10-14T22:02:45.518+0000] {processor.py:183} INFO - Processing /home/airflow/.local/lib/python3.8/site-packages/airflow/example_dags/example_setup_teardown.py took 0.069 seconds
[2024-10-14T22:03:15.750+0000] {processor.py:161} INFO - Started process (PID=780) to work on /home/airflow/.local/lib/python3.8/site-packages/airflow/example_dags/example_setup_teardown.py
[2024-10-14T22:03:15.751+0000] {processor.py:830} INFO - Processing file /home/airflow/.local/lib/python3.8/site-packages/airflow/example_dags/example_setup_teardown.py for tasks to queue
[2024-10-14T22:03:15.757+0000] {logging_mixin.py:188} INFO - [2024-10-14T22:03:15.756+0000] {dagbag.py:538} INFO - Filling up the DagBag from /home/airflow/.local/lib/python3.8/site-packages/airflow/example_dags/example_setup_teardown.py
[2024-10-14T22:03:15.765+0000] {processor.py:840} INFO - DAG(s) 'example_setup_teardown' retrieved from /home/airflow/.local/lib/python3.8/site-packages/airflow/example_dags/example_setup_teardown.py
[2024-10-14T22:03:15.806+0000] {logging_mixin.py:188} INFO - [2024-10-14T22:03:15.804+0000] {dag.py:3036} INFO - Sync 1 DAGs
[2024-10-14T22:03:15.849+0000] {logging_mixin.py:188} INFO - [2024-10-14T22:03:15.848+0000] {dag.py:3823} INFO - Setting next_dagrun for example_setup_teardown to 2024-10-13 00:00:00+00:00, run_after=2024-10-14 00:00:00+00:00
[2024-10-14T22:03:15.890+0000] {processor.py:183} INFO - Processing /home/airflow/.local/lib/python3.8/site-packages/airflow/example_dags/example_setup_teardown.py took 0.143 seconds
[2024-10-14T22:03:46.004+0000] {processor.py:161} INFO - Started process (PID=861) to work on /home/airflow/.local/lib/python3.8/site-packages/airflow/example_dags/example_setup_teardown.py
[2024-10-14T22:03:46.004+0000] {processor.py:830} INFO - Processing file /home/airflow/.local/lib/python3.8/site-packages/airflow/example_dags/example_setup_teardown.py for tasks to queue
[2024-10-14T22:03:46.006+0000] {logging_mixin.py:188} INFO - [2024-10-14T22:03:46.005+0000] {dagbag.py:538} INFO - Filling up the DagBag from /home/airflow/.local/lib/python3.8/site-packages/airflow/example_dags/example_setup_teardown.py
[2024-10-14T22:03:46.011+0000] {processor.py:840} INFO - DAG(s) 'example_setup_teardown' retrieved from /home/airflow/.local/lib/python3.8/site-packages/airflow/example_dags/example_setup_teardown.py
[2024-10-14T22:03:46.026+0000] {logging_mixin.py:188} INFO - [2024-10-14T22:03:46.026+0000] {dag.py:3036} INFO - Sync 1 DAGs
[2024-10-14T22:03:46.043+0000] {logging_mixin.py:188} INFO - [2024-10-14T22:03:46.043+0000] {dag.py:3823} INFO - Setting next_dagrun for example_setup_teardown to 2024-10-13 00:00:00+00:00, run_after=2024-10-14 00:00:00+00:00
[2024-10-14T22:03:46.057+0000] {processor.py:183} INFO - Processing /home/airflow/.local/lib/python3.8/site-packages/airflow/example_dags/example_setup_teardown.py took 0.056 seconds
[2024-10-14T22:04:16.255+0000] {processor.py:161} INFO - Started process (PID=935) to work on /home/airflow/.local/lib/python3.8/site-packages/airflow/example_dags/example_setup_teardown.py
[2024-10-14T22:04:16.256+0000] {processor.py:830} INFO - Processing file /home/airflow/.local/lib/python3.8/site-packages/airflow/example_dags/example_setup_teardown.py for tasks to queue
[2024-10-14T22:04:16.257+0000] {logging_mixin.py:188} INFO - [2024-10-14T22:04:16.257+0000] {dagbag.py:538} INFO - Filling up the DagBag from /home/airflow/.local/lib/python3.8/site-packages/airflow/example_dags/example_setup_teardown.py
[2024-10-14T22:04:16.262+0000] {processor.py:840} INFO - DAG(s) 'example_setup_teardown' retrieved from /home/airflow/.local/lib/python3.8/site-packages/airflow/example_dags/example_setup_teardown.py
[2024-10-14T22:04:16.276+0000] {logging_mixin.py:188} INFO - [2024-10-14T22:04:16.276+0000] {dag.py:3036} INFO - Sync 1 DAGs
[2024-10-14T22:04:16.293+0000] {logging_mixin.py:188} INFO - [2024-10-14T22:04:16.292+0000] {dag.py:3823} INFO - Setting next_dagrun for example_setup_teardown to 2024-10-13 00:00:00+00:00, run_after=2024-10-14 00:00:00+00:00
[2024-10-14T22:04:16.309+0000] {processor.py:183} INFO - Processing /home/airflow/.local/lib/python3.8/site-packages/airflow/example_dags/example_setup_teardown.py took 0.056 seconds
[2024-10-14T22:04:46.857+0000] {processor.py:161} INFO - Started process (PID=1015) to work on /home/airflow/.local/lib/python3.8/site-packages/airflow/example_dags/example_setup_teardown.py
[2024-10-14T22:04:46.857+0000] {processor.py:830} INFO - Processing file /home/airflow/.local/lib/python3.8/site-packages/airflow/example_dags/example_setup_teardown.py for tasks to queue
[2024-10-14T22:04:46.859+0000] {logging_mixin.py:188} INFO - [2024-10-14T22:04:46.858+0000] {dagbag.py:538} INFO - Filling up the DagBag from /home/airflow/.local/lib/python3.8/site-packages/airflow/example_dags/example_setup_teardown.py
[2024-10-14T22:04:46.863+0000] {processor.py:840} INFO - DAG(s) 'example_setup_teardown' retrieved from /home/airflow/.local/lib/python3.8/site-packages/airflow/example_dags/example_setup_teardown.py
[2024-10-14T22:04:46.882+0000] {logging_mixin.py:188} INFO - [2024-10-14T22:04:46.882+0000] {dag.py:3036} INFO - Sync 1 DAGs
[2024-10-14T22:04:46.905+0000] {logging_mixin.py:188} INFO - [2024-10-14T22:04:46.905+0000] {dag.py:3823} INFO - Setting next_dagrun for example_setup_teardown to 2024-10-13 00:00:00+00:00, run_after=2024-10-14 00:00:00+00:00
[2024-10-14T22:04:46.926+0000] {processor.py:183} INFO - Processing /home/airflow/.local/lib/python3.8/site-packages/airflow/example_dags/example_setup_teardown.py took 0.072 seconds
[2024-10-14T22:05:17.002+0000] {processor.py:161} INFO - Started process (PID=1089) to work on /home/airflow/.local/lib/python3.8/site-packages/airflow/example_dags/example_setup_teardown.py
[2024-10-14T22:05:17.003+0000] {processor.py:830} INFO - Processing file /home/airflow/.local/lib/python3.8/site-packages/airflow/example_dags/example_setup_teardown.py for tasks to queue
[2024-10-14T22:05:17.005+0000] {logging_mixin.py:188} INFO - [2024-10-14T22:05:17.004+0000] {dagbag.py:538} INFO - Filling up the DagBag from /home/airflow/.local/lib/python3.8/site-packages/airflow/example_dags/example_setup_teardown.py
[2024-10-14T22:05:17.009+0000] {processor.py:840} INFO - DAG(s) 'example_setup_teardown' retrieved from /home/airflow/.local/lib/python3.8/site-packages/airflow/example_dags/example_setup_teardown.py
[2024-10-14T22:05:17.026+0000] {logging_mixin.py:188} INFO - [2024-10-14T22:05:17.026+0000] {dag.py:3036} INFO - Sync 1 DAGs
[2024-10-14T22:05:17.046+0000] {logging_mixin.py:188} INFO - [2024-10-14T22:05:17.045+0000] {dag.py:3823} INFO - Setting next_dagrun for example_setup_teardown to 2024-10-13 00:00:00+00:00, run_after=2024-10-14 00:00:00+00:00
[2024-10-14T22:05:17.063+0000] {processor.py:183} INFO - Processing /home/airflow/.local/lib/python3.8/site-packages/airflow/example_dags/example_setup_teardown.py took 0.063 seconds
[2024-10-14T22:05:47.115+0000] {processor.py:161} INFO - Started process (PID=1171) to work on /home/airflow/.local/lib/python3.8/site-packages/airflow/example_dags/example_setup_teardown.py
[2024-10-14T22:05:47.116+0000] {processor.py:830} INFO - Processing file /home/airflow/.local/lib/python3.8/site-packages/airflow/example_dags/example_setup_teardown.py for tasks to queue
[2024-10-14T22:05:47.118+0000] {logging_mixin.py:188} INFO - [2024-10-14T22:05:47.118+0000] {dagbag.py:538} INFO - Filling up the DagBag from /home/airflow/.local/lib/python3.8/site-packages/airflow/example_dags/example_setup_teardown.py
[2024-10-14T22:05:47.123+0000] {processor.py:840} INFO - DAG(s) 'example_setup_teardown' retrieved from /home/airflow/.local/lib/python3.8/site-packages/airflow/example_dags/example_setup_teardown.py
[2024-10-14T22:05:47.137+0000] {logging_mixin.py:188} INFO - [2024-10-14T22:05:47.137+0000] {dag.py:3036} INFO - Sync 1 DAGs
[2024-10-14T22:05:47.152+0000] {logging_mixin.py:188} INFO - [2024-10-14T22:05:47.152+0000] {dag.py:3823} INFO - Setting next_dagrun for example_setup_teardown to 2024-10-13 00:00:00+00:00, run_after=2024-10-14 00:00:00+00:00
[2024-10-14T22:05:47.167+0000] {processor.py:183} INFO - Processing /home/airflow/.local/lib/python3.8/site-packages/airflow/example_dags/example_setup_teardown.py took 0.055 seconds
[2024-10-14T22:06:17.237+0000] {processor.py:161} INFO - Started process (PID=1245) to work on /home/airflow/.local/lib/python3.8/site-packages/airflow/example_dags/example_setup_teardown.py
[2024-10-14T22:06:17.238+0000] {processor.py:830} INFO - Processing file /home/airflow/.local/lib/python3.8/site-packages/airflow/example_dags/example_setup_teardown.py for tasks to queue
[2024-10-14T22:06:17.239+0000] {logging_mixin.py:188} INFO - [2024-10-14T22:06:17.239+0000] {dagbag.py:538} INFO - Filling up the DagBag from /home/airflow/.local/lib/python3.8/site-packages/airflow/example_dags/example_setup_teardown.py
[2024-10-14T22:06:17.245+0000] {processor.py:840} INFO - DAG(s) 'example_setup_teardown' retrieved from /home/airflow/.local/lib/python3.8/site-packages/airflow/example_dags/example_setup_teardown.py
[2024-10-14T22:06:17.261+0000] {logging_mixin.py:188} INFO - [2024-10-14T22:06:17.261+0000] {dag.py:3036} INFO - Sync 1 DAGs
[2024-10-14T22:06:17.276+0000] {logging_mixin.py:188} INFO - [2024-10-14T22:06:17.276+0000] {dag.py:3823} INFO - Setting next_dagrun for example_setup_teardown to 2024-10-13 00:00:00+00:00, run_after=2024-10-14 00:00:00+00:00
[2024-10-14T22:06:17.295+0000] {processor.py:183} INFO - Processing /home/airflow/.local/lib/python3.8/site-packages/airflow/example_dags/example_setup_teardown.py took 0.060 seconds
[2024-10-14T22:06:47.641+0000] {processor.py:161} INFO - Started process (PID=1327) to work on /home/airflow/.local/lib/python3.8/site-packages/airflow/example_dags/example_setup_teardown.py
[2024-10-14T22:06:47.641+0000] {processor.py:830} INFO - Processing file /home/airflow/.local/lib/python3.8/site-packages/airflow/example_dags/example_setup_teardown.py for tasks to queue
[2024-10-14T22:06:47.643+0000] {logging_mixin.py:188} INFO - [2024-10-14T22:06:47.642+0000] {dagbag.py:538} INFO - Filling up the DagBag from /home/airflow/.local/lib/python3.8/site-packages/airflow/example_dags/example_setup_teardown.py
[2024-10-14T22:06:47.647+0000] {processor.py:840} INFO - DAG(s) 'example_setup_teardown' retrieved from /home/airflow/.local/lib/python3.8/site-packages/airflow/example_dags/example_setup_teardown.py
[2024-10-14T22:06:47.662+0000] {logging_mixin.py:188} INFO - [2024-10-14T22:06:47.661+0000] {dag.py:3036} INFO - Sync 1 DAGs
[2024-10-14T22:06:47.679+0000] {logging_mixin.py:188} INFO - [2024-10-14T22:06:47.678+0000] {dag.py:3823} INFO - Setting next_dagrun for example_setup_teardown to 2024-10-13 00:00:00+00:00, run_after=2024-10-14 00:00:00+00:00
[2024-10-14T22:06:47.693+0000] {processor.py:183} INFO - Processing /home/airflow/.local/lib/python3.8/site-packages/airflow/example_dags/example_setup_teardown.py took 0.055 seconds
[2024-10-14T22:07:18.078+0000] {processor.py:161} INFO - Started process (PID=1401) to work on /home/airflow/.local/lib/python3.8/site-packages/airflow/example_dags/example_setup_teardown.py
[2024-10-14T22:07:18.079+0000] {processor.py:830} INFO - Processing file /home/airflow/.local/lib/python3.8/site-packages/airflow/example_dags/example_setup_teardown.py for tasks to queue
[2024-10-14T22:07:18.080+0000] {logging_mixin.py:188} INFO - [2024-10-14T22:07:18.080+0000] {dagbag.py:538} INFO - Filling up the DagBag from /home/airflow/.local/lib/python3.8/site-packages/airflow/example_dags/example_setup_teardown.py
[2024-10-14T22:07:18.085+0000] {processor.py:840} INFO - DAG(s) 'example_setup_teardown' retrieved from /home/airflow/.local/lib/python3.8/site-packages/airflow/example_dags/example_setup_teardown.py
[2024-10-14T22:07:18.099+0000] {logging_mixin.py:188} INFO - [2024-10-14T22:07:18.099+0000] {dag.py:3036} INFO - Sync 1 DAGs
[2024-10-14T22:07:18.114+0000] {logging_mixin.py:188} INFO - [2024-10-14T22:07:18.114+0000] {dag.py:3823} INFO - Setting next_dagrun for example_setup_teardown to 2024-10-13 00:00:00+00:00, run_after=2024-10-14 00:00:00+00:00
[2024-10-14T22:07:18.128+0000] {processor.py:183} INFO - Processing /home/airflow/.local/lib/python3.8/site-packages/airflow/example_dags/example_setup_teardown.py took 0.052 seconds
[2024-10-14T22:07:48.412+0000] {processor.py:161} INFO - Started process (PID=1484) to work on /home/airflow/.local/lib/python3.8/site-packages/airflow/example_dags/example_setup_teardown.py
[2024-10-14T22:07:48.412+0000] {processor.py:830} INFO - Processing file /home/airflow/.local/lib/python3.8/site-packages/airflow/example_dags/example_setup_teardown.py for tasks to queue
[2024-10-14T22:07:48.414+0000] {logging_mixin.py:188} INFO - [2024-10-14T22:07:48.413+0000] {dagbag.py:538} INFO - Filling up the DagBag from /home/airflow/.local/lib/python3.8/site-packages/airflow/example_dags/example_setup_teardown.py
[2024-10-14T22:07:48.418+0000] {processor.py:840} INFO - DAG(s) 'example_setup_teardown' retrieved from /home/airflow/.local/lib/python3.8/site-packages/airflow/example_dags/example_setup_teardown.py
[2024-10-14T22:07:48.433+0000] {logging_mixin.py:188} INFO - [2024-10-14T22:07:48.433+0000] {dag.py:3036} INFO - Sync 1 DAGs
[2024-10-14T22:07:48.452+0000] {logging_mixin.py:188} INFO - [2024-10-14T22:07:48.451+0000] {dag.py:3823} INFO - Setting next_dagrun for example_setup_teardown to 2024-10-13 00:00:00+00:00, run_after=2024-10-14 00:00:00+00:00
[2024-10-14T22:07:48.465+0000] {processor.py:183} INFO - Processing /home/airflow/.local/lib/python3.8/site-packages/airflow/example_dags/example_setup_teardown.py took 0.056 seconds
[2024-10-14T22:08:18.907+0000] {processor.py:161} INFO - Started process (PID=1566) to work on /home/airflow/.local/lib/python3.8/site-packages/airflow/example_dags/example_setup_teardown.py
[2024-10-14T22:08:18.908+0000] {processor.py:830} INFO - Processing file /home/airflow/.local/lib/python3.8/site-packages/airflow/example_dags/example_setup_teardown.py for tasks to queue
[2024-10-14T22:08:18.909+0000] {logging_mixin.py:188} INFO - [2024-10-14T22:08:18.909+0000] {dagbag.py:538} INFO - Filling up the DagBag from /home/airflow/.local/lib/python3.8/site-packages/airflow/example_dags/example_setup_teardown.py
[2024-10-14T22:08:18.915+0000] {processor.py:840} INFO - DAG(s) 'example_setup_teardown' retrieved from /home/airflow/.local/lib/python3.8/site-packages/airflow/example_dags/example_setup_teardown.py
[2024-10-14T22:08:18.934+0000] {logging_mixin.py:188} INFO - [2024-10-14T22:08:18.934+0000] {dag.py:3036} INFO - Sync 1 DAGs
[2024-10-14T22:08:18.951+0000] {logging_mixin.py:188} INFO - [2024-10-14T22:08:18.951+0000] {dag.py:3823} INFO - Setting next_dagrun for example_setup_teardown to 2024-10-13 00:00:00+00:00, run_after=2024-10-14 00:00:00+00:00
[2024-10-14T22:08:18.965+0000] {processor.py:183} INFO - Processing /home/airflow/.local/lib/python3.8/site-packages/airflow/example_dags/example_setup_teardown.py took 0.061 seconds
[2024-10-14T22:08:49.430+0000] {processor.py:161} INFO - Started process (PID=1639) to work on /home/airflow/.local/lib/python3.8/site-packages/airflow/example_dags/example_setup_teardown.py
[2024-10-14T22:08:49.431+0000] {processor.py:830} INFO - Processing file /home/airflow/.local/lib/python3.8/site-packages/airflow/example_dags/example_setup_teardown.py for tasks to queue
[2024-10-14T22:08:49.432+0000] {logging_mixin.py:188} INFO - [2024-10-14T22:08:49.432+0000] {dagbag.py:538} INFO - Filling up the DagBag from /home/airflow/.local/lib/python3.8/site-packages/airflow/example_dags/example_setup_teardown.py
[2024-10-14T22:08:49.438+0000] {processor.py:840} INFO - DAG(s) 'example_setup_teardown' retrieved from /home/airflow/.local/lib/python3.8/site-packages/airflow/example_dags/example_setup_teardown.py
[2024-10-14T22:08:49.461+0000] {logging_mixin.py:188} INFO - [2024-10-14T22:08:49.461+0000] {dag.py:3036} INFO - Sync 1 DAGs
[2024-10-14T22:08:49.483+0000] {logging_mixin.py:188} INFO - [2024-10-14T22:08:49.483+0000] {dag.py:3823} INFO - Setting next_dagrun for example_setup_teardown to 2024-10-13 00:00:00+00:00, run_after=2024-10-14 00:00:00+00:00
[2024-10-14T22:08:49.502+0000] {processor.py:183} INFO - Processing /home/airflow/.local/lib/python3.8/site-packages/airflow/example_dags/example_setup_teardown.py took 0.076 seconds
