[2024-10-14T21:19:54.741+0000] {processor.py:161} INFO - Started process (PID=130) to work on /home/airflow/.local/lib/python3.8/site-packages/airflow/example_dags/tutorial_dag.py
[2024-10-14T21:19:54.742+0000] {processor.py:830} INFO - Processing file /home/airflow/.local/lib/python3.8/site-packages/airflow/example_dags/tutorial_dag.py for tasks to queue
[2024-10-14T21:19:54.744+0000] {logging_mixin.py:188} INFO - [2024-10-14T21:19:54.744+0000] {dagbag.py:538} INFO - Filling up the DagBag from /home/airflow/.local/lib/python3.8/site-packages/airflow/example_dags/tutorial_dag.py
[2024-10-14T21:19:54.752+0000] {processor.py:840} INFO - DAG(s) 'tutorial_dag' retrieved from /home/airflow/.local/lib/python3.8/site-packages/airflow/example_dags/tutorial_dag.py
[2024-10-14T21:19:54.852+0000] {logging_mixin.py:188} INFO - [2024-10-14T21:19:54.852+0000] {dag.py:3036} INFO - Sync 1 DAGs
[2024-10-14T21:19:54.861+0000] {logging_mixin.py:188} INFO - [2024-10-14T21:19:54.860+0000] {dag.py:3823} INFO - Setting next_dagrun for tutorial_dag to None, run_after=None
[2024-10-14T21:19:54.878+0000] {processor.py:183} INFO - Processing /home/airflow/.local/lib/python3.8/site-packages/airflow/example_dags/tutorial_dag.py took 0.141 seconds
[2024-10-14T21:20:25.796+0000] {processor.py:161} INFO - Started process (PID=204) to work on /home/airflow/.local/lib/python3.8/site-packages/airflow/example_dags/tutorial_dag.py
[2024-10-14T21:20:25.797+0000] {processor.py:830} INFO - Processing file /home/airflow/.local/lib/python3.8/site-packages/airflow/example_dags/tutorial_dag.py for tasks to queue
[2024-10-14T21:20:25.798+0000] {logging_mixin.py:188} INFO - [2024-10-14T21:20:25.798+0000] {dagbag.py:538} INFO - Filling up the DagBag from /home/airflow/.local/lib/python3.8/site-packages/airflow/example_dags/tutorial_dag.py
[2024-10-14T21:20:25.802+0000] {processor.py:840} INFO - DAG(s) 'tutorial_dag' retrieved from /home/airflow/.local/lib/python3.8/site-packages/airflow/example_dags/tutorial_dag.py
[2024-10-14T21:20:25.815+0000] {logging_mixin.py:188} INFO - [2024-10-14T21:20:25.815+0000] {dag.py:3036} INFO - Sync 1 DAGs
[2024-10-14T21:20:25.824+0000] {logging_mixin.py:188} INFO - [2024-10-14T21:20:25.824+0000] {dag.py:3823} INFO - Setting next_dagrun for tutorial_dag to None, run_after=None
[2024-10-14T21:20:25.839+0000] {processor.py:183} INFO - Processing /home/airflow/.local/lib/python3.8/site-packages/airflow/example_dags/tutorial_dag.py took 0.045 seconds
[2024-10-14T21:20:56.749+0000] {processor.py:161} INFO - Started process (PID=285) to work on /home/airflow/.local/lib/python3.8/site-packages/airflow/example_dags/tutorial_dag.py
[2024-10-14T21:20:56.750+0000] {processor.py:830} INFO - Processing file /home/airflow/.local/lib/python3.8/site-packages/airflow/example_dags/tutorial_dag.py for tasks to queue
[2024-10-14T21:20:56.752+0000] {logging_mixin.py:188} INFO - [2024-10-14T21:20:56.751+0000] {dagbag.py:538} INFO - Filling up the DagBag from /home/airflow/.local/lib/python3.8/site-packages/airflow/example_dags/tutorial_dag.py
[2024-10-14T21:20:56.755+0000] {processor.py:840} INFO - DAG(s) 'tutorial_dag' retrieved from /home/airflow/.local/lib/python3.8/site-packages/airflow/example_dags/tutorial_dag.py
[2024-10-14T21:20:56.771+0000] {logging_mixin.py:188} INFO - [2024-10-14T21:20:56.770+0000] {dag.py:3036} INFO - Sync 1 DAGs
[2024-10-14T21:20:56.780+0000] {logging_mixin.py:188} INFO - [2024-10-14T21:20:56.779+0000] {dag.py:3823} INFO - Setting next_dagrun for tutorial_dag to None, run_after=None
[2024-10-14T21:20:56.794+0000] {processor.py:183} INFO - Processing /home/airflow/.local/lib/python3.8/site-packages/airflow/example_dags/tutorial_dag.py took 0.048 seconds
[2024-10-14T21:21:27.365+0000] {processor.py:161} INFO - Started process (PID=359) to work on /home/airflow/.local/lib/python3.8/site-packages/airflow/example_dags/tutorial_dag.py
[2024-10-14T21:21:27.366+0000] {processor.py:830} INFO - Processing file /home/airflow/.local/lib/python3.8/site-packages/airflow/example_dags/tutorial_dag.py for tasks to queue
[2024-10-14T21:21:27.367+0000] {logging_mixin.py:188} INFO - [2024-10-14T21:21:27.367+0000] {dagbag.py:538} INFO - Filling up the DagBag from /home/airflow/.local/lib/python3.8/site-packages/airflow/example_dags/tutorial_dag.py
[2024-10-14T21:21:27.370+0000] {processor.py:840} INFO - DAG(s) 'tutorial_dag' retrieved from /home/airflow/.local/lib/python3.8/site-packages/airflow/example_dags/tutorial_dag.py
[2024-10-14T21:21:27.383+0000] {logging_mixin.py:188} INFO - [2024-10-14T21:21:27.383+0000] {dag.py:3036} INFO - Sync 1 DAGs
[2024-10-14T21:21:27.391+0000] {logging_mixin.py:188} INFO - [2024-10-14T21:21:27.391+0000] {dag.py:3823} INFO - Setting next_dagrun for tutorial_dag to None, run_after=None
[2024-10-14T21:21:27.405+0000] {processor.py:183} INFO - Processing /home/airflow/.local/lib/python3.8/site-packages/airflow/example_dags/tutorial_dag.py took 0.042 seconds
[2024-10-14T21:21:58.152+0000] {processor.py:161} INFO - Started process (PID=440) to work on /home/airflow/.local/lib/python3.8/site-packages/airflow/example_dags/tutorial_dag.py
[2024-10-14T21:21:58.153+0000] {processor.py:830} INFO - Processing file /home/airflow/.local/lib/python3.8/site-packages/airflow/example_dags/tutorial_dag.py for tasks to queue
[2024-10-14T21:21:58.157+0000] {logging_mixin.py:188} INFO - [2024-10-14T21:21:58.156+0000] {dagbag.py:538} INFO - Filling up the DagBag from /home/airflow/.local/lib/python3.8/site-packages/airflow/example_dags/tutorial_dag.py
[2024-10-14T21:21:58.165+0000] {processor.py:840} INFO - DAG(s) 'tutorial_dag' retrieved from /home/airflow/.local/lib/python3.8/site-packages/airflow/example_dags/tutorial_dag.py
[2024-10-14T21:21:58.191+0000] {logging_mixin.py:188} INFO - [2024-10-14T21:21:58.190+0000] {dag.py:3036} INFO - Sync 1 DAGs
[2024-10-14T21:21:58.202+0000] {logging_mixin.py:188} INFO - [2024-10-14T21:21:58.202+0000] {dag.py:3823} INFO - Setting next_dagrun for tutorial_dag to None, run_after=None
[2024-10-14T21:21:58.232+0000] {processor.py:183} INFO - Processing /home/airflow/.local/lib/python3.8/site-packages/airflow/example_dags/tutorial_dag.py took 0.082 seconds
[2024-10-14T21:22:28.403+0000] {processor.py:161} INFO - Started process (PID=514) to work on /home/airflow/.local/lib/python3.8/site-packages/airflow/example_dags/tutorial_dag.py
[2024-10-14T21:22:28.403+0000] {processor.py:830} INFO - Processing file /home/airflow/.local/lib/python3.8/site-packages/airflow/example_dags/tutorial_dag.py for tasks to queue
[2024-10-14T21:22:28.405+0000] {logging_mixin.py:188} INFO - [2024-10-14T21:22:28.404+0000] {dagbag.py:538} INFO - Filling up the DagBag from /home/airflow/.local/lib/python3.8/site-packages/airflow/example_dags/tutorial_dag.py
[2024-10-14T21:22:28.408+0000] {processor.py:840} INFO - DAG(s) 'tutorial_dag' retrieved from /home/airflow/.local/lib/python3.8/site-packages/airflow/example_dags/tutorial_dag.py
[2024-10-14T21:22:28.422+0000] {logging_mixin.py:188} INFO - [2024-10-14T21:22:28.422+0000] {dag.py:3036} INFO - Sync 1 DAGs
[2024-10-14T21:22:28.431+0000] {logging_mixin.py:188} INFO - [2024-10-14T21:22:28.431+0000] {dag.py:3823} INFO - Setting next_dagrun for tutorial_dag to None, run_after=None
[2024-10-14T21:22:28.452+0000] {processor.py:183} INFO - Processing /home/airflow/.local/lib/python3.8/site-packages/airflow/example_dags/tutorial_dag.py took 0.051 seconds
[2024-10-14T21:22:59.729+0000] {processor.py:161} INFO - Started process (PID=596) to work on /home/airflow/.local/lib/python3.8/site-packages/airflow/example_dags/tutorial_dag.py
[2024-10-14T21:22:59.731+0000] {processor.py:830} INFO - Processing file /home/airflow/.local/lib/python3.8/site-packages/airflow/example_dags/tutorial_dag.py for tasks to queue
[2024-10-14T21:22:59.733+0000] {logging_mixin.py:188} INFO - [2024-10-14T21:22:59.733+0000] {dagbag.py:538} INFO - Filling up the DagBag from /home/airflow/.local/lib/python3.8/site-packages/airflow/example_dags/tutorial_dag.py
[2024-10-14T21:22:59.738+0000] {processor.py:840} INFO - DAG(s) 'tutorial_dag' retrieved from /home/airflow/.local/lib/python3.8/site-packages/airflow/example_dags/tutorial_dag.py
[2024-10-14T21:22:59.768+0000] {logging_mixin.py:188} INFO - [2024-10-14T21:22:59.768+0000] {dag.py:3036} INFO - Sync 1 DAGs
[2024-10-14T21:22:59.784+0000] {logging_mixin.py:188} INFO - [2024-10-14T21:22:59.784+0000] {dag.py:3823} INFO - Setting next_dagrun for tutorial_dag to None, run_after=None
[2024-10-14T21:22:59.807+0000] {processor.py:183} INFO - Processing /home/airflow/.local/lib/python3.8/site-packages/airflow/example_dags/tutorial_dag.py took 0.087 seconds
[2024-10-14T21:23:30.568+0000] {processor.py:161} INFO - Started process (PID=670) to work on /home/airflow/.local/lib/python3.8/site-packages/airflow/example_dags/tutorial_dag.py
[2024-10-14T21:23:30.568+0000] {processor.py:830} INFO - Processing file /home/airflow/.local/lib/python3.8/site-packages/airflow/example_dags/tutorial_dag.py for tasks to queue
[2024-10-14T21:23:30.570+0000] {logging_mixin.py:188} INFO - [2024-10-14T21:23:30.569+0000] {dagbag.py:538} INFO - Filling up the DagBag from /home/airflow/.local/lib/python3.8/site-packages/airflow/example_dags/tutorial_dag.py
[2024-10-14T21:23:30.577+0000] {processor.py:840} INFO - DAG(s) 'tutorial_dag' retrieved from /home/airflow/.local/lib/python3.8/site-packages/airflow/example_dags/tutorial_dag.py
[2024-10-14T21:23:30.596+0000] {logging_mixin.py:188} INFO - [2024-10-14T21:23:30.596+0000] {dag.py:3036} INFO - Sync 1 DAGs
[2024-10-14T21:23:30.605+0000] {logging_mixin.py:188} INFO - [2024-10-14T21:23:30.604+0000] {dag.py:3823} INFO - Setting next_dagrun for tutorial_dag to None, run_after=None
[2024-10-14T21:23:30.628+0000] {processor.py:183} INFO - Processing /home/airflow/.local/lib/python3.8/site-packages/airflow/example_dags/tutorial_dag.py took 0.062 seconds
[2024-10-14T21:24:01.033+0000] {processor.py:161} INFO - Started process (PID=743) to work on /home/airflow/.local/lib/python3.8/site-packages/airflow/example_dags/tutorial_dag.py
[2024-10-14T21:24:01.035+0000] {processor.py:830} INFO - Processing file /home/airflow/.local/lib/python3.8/site-packages/airflow/example_dags/tutorial_dag.py for tasks to queue
[2024-10-14T21:24:01.036+0000] {logging_mixin.py:188} INFO - [2024-10-14T21:24:01.036+0000] {dagbag.py:538} INFO - Filling up the DagBag from /home/airflow/.local/lib/python3.8/site-packages/airflow/example_dags/tutorial_dag.py
[2024-10-14T21:24:01.042+0000] {processor.py:840} INFO - DAG(s) 'tutorial_dag' retrieved from /home/airflow/.local/lib/python3.8/site-packages/airflow/example_dags/tutorial_dag.py
[2024-10-14T21:24:01.059+0000] {logging_mixin.py:188} INFO - [2024-10-14T21:24:01.059+0000] {dag.py:3036} INFO - Sync 1 DAGs
[2024-10-14T21:24:01.069+0000] {logging_mixin.py:188} INFO - [2024-10-14T21:24:01.069+0000] {dag.py:3823} INFO - Setting next_dagrun for tutorial_dag to None, run_after=None
[2024-10-14T21:24:01.085+0000] {processor.py:183} INFO - Processing /home/airflow/.local/lib/python3.8/site-packages/airflow/example_dags/tutorial_dag.py took 0.055 seconds
[2024-10-14T21:24:32.404+0000] {processor.py:161} INFO - Started process (PID=817) to work on /home/airflow/.local/lib/python3.8/site-packages/airflow/example_dags/tutorial_dag.py
[2024-10-14T21:24:32.408+0000] {processor.py:830} INFO - Processing file /home/airflow/.local/lib/python3.8/site-packages/airflow/example_dags/tutorial_dag.py for tasks to queue
[2024-10-14T21:24:32.413+0000] {logging_mixin.py:188} INFO - [2024-10-14T21:24:32.412+0000] {dagbag.py:538} INFO - Filling up the DagBag from /home/airflow/.local/lib/python3.8/site-packages/airflow/example_dags/tutorial_dag.py
[2024-10-14T21:24:32.426+0000] {processor.py:840} INFO - DAG(s) 'tutorial_dag' retrieved from /home/airflow/.local/lib/python3.8/site-packages/airflow/example_dags/tutorial_dag.py
[2024-10-14T21:24:32.459+0000] {logging_mixin.py:188} INFO - [2024-10-14T21:24:32.458+0000] {dag.py:3036} INFO - Sync 1 DAGs
[2024-10-14T21:24:32.478+0000] {logging_mixin.py:188} INFO - [2024-10-14T21:24:32.478+0000] {dag.py:3823} INFO - Setting next_dagrun for tutorial_dag to None, run_after=None
[2024-10-14T21:24:32.509+0000] {processor.py:183} INFO - Processing /home/airflow/.local/lib/python3.8/site-packages/airflow/example_dags/tutorial_dag.py took 0.111 seconds
[2024-10-14T21:25:03.220+0000] {processor.py:161} INFO - Started process (PID=898) to work on /home/airflow/.local/lib/python3.8/site-packages/airflow/example_dags/tutorial_dag.py
[2024-10-14T21:25:03.221+0000] {processor.py:830} INFO - Processing file /home/airflow/.local/lib/python3.8/site-packages/airflow/example_dags/tutorial_dag.py for tasks to queue
[2024-10-14T21:25:03.222+0000] {logging_mixin.py:188} INFO - [2024-10-14T21:25:03.222+0000] {dagbag.py:538} INFO - Filling up the DagBag from /home/airflow/.local/lib/python3.8/site-packages/airflow/example_dags/tutorial_dag.py
[2024-10-14T21:25:03.229+0000] {processor.py:840} INFO - DAG(s) 'tutorial_dag' retrieved from /home/airflow/.local/lib/python3.8/site-packages/airflow/example_dags/tutorial_dag.py
[2024-10-14T21:25:03.245+0000] {logging_mixin.py:188} INFO - [2024-10-14T21:25:03.245+0000] {dag.py:3036} INFO - Sync 1 DAGs
[2024-10-14T21:25:03.254+0000] {logging_mixin.py:188} INFO - [2024-10-14T21:25:03.253+0000] {dag.py:3823} INFO - Setting next_dagrun for tutorial_dag to None, run_after=None
[2024-10-14T21:25:03.271+0000] {processor.py:183} INFO - Processing /home/airflow/.local/lib/python3.8/site-packages/airflow/example_dags/tutorial_dag.py took 0.054 seconds
[2024-10-14T21:25:33.823+0000] {processor.py:161} INFO - Started process (PID=972) to work on /home/airflow/.local/lib/python3.8/site-packages/airflow/example_dags/tutorial_dag.py
[2024-10-14T21:25:33.826+0000] {processor.py:830} INFO - Processing file /home/airflow/.local/lib/python3.8/site-packages/airflow/example_dags/tutorial_dag.py for tasks to queue
[2024-10-14T21:25:33.829+0000] {logging_mixin.py:188} INFO - [2024-10-14T21:25:33.828+0000] {dagbag.py:538} INFO - Filling up the DagBag from /home/airflow/.local/lib/python3.8/site-packages/airflow/example_dags/tutorial_dag.py
[2024-10-14T21:25:33.833+0000] {processor.py:840} INFO - DAG(s) 'tutorial_dag' retrieved from /home/airflow/.local/lib/python3.8/site-packages/airflow/example_dags/tutorial_dag.py
[2024-10-14T21:25:33.854+0000] {logging_mixin.py:188} INFO - [2024-10-14T21:25:33.854+0000] {dag.py:3036} INFO - Sync 1 DAGs
[2024-10-14T21:25:33.871+0000] {logging_mixin.py:188} INFO - [2024-10-14T21:25:33.871+0000] {dag.py:3823} INFO - Setting next_dagrun for tutorial_dag to None, run_after=None
[2024-10-14T21:25:33.898+0000] {processor.py:183} INFO - Processing /home/airflow/.local/lib/python3.8/site-packages/airflow/example_dags/tutorial_dag.py took 0.078 seconds
[2024-10-14T21:26:04.190+0000] {processor.py:161} INFO - Started process (PID=1054) to work on /home/airflow/.local/lib/python3.8/site-packages/airflow/example_dags/tutorial_dag.py
[2024-10-14T21:26:04.191+0000] {processor.py:830} INFO - Processing file /home/airflow/.local/lib/python3.8/site-packages/airflow/example_dags/tutorial_dag.py for tasks to queue
[2024-10-14T21:26:04.192+0000] {logging_mixin.py:188} INFO - [2024-10-14T21:26:04.192+0000] {dagbag.py:538} INFO - Filling up the DagBag from /home/airflow/.local/lib/python3.8/site-packages/airflow/example_dags/tutorial_dag.py
[2024-10-14T21:26:04.196+0000] {processor.py:840} INFO - DAG(s) 'tutorial_dag' retrieved from /home/airflow/.local/lib/python3.8/site-packages/airflow/example_dags/tutorial_dag.py
[2024-10-14T21:26:04.216+0000] {logging_mixin.py:188} INFO - [2024-10-14T21:26:04.216+0000] {dag.py:3036} INFO - Sync 1 DAGs
[2024-10-14T21:26:04.229+0000] {logging_mixin.py:188} INFO - [2024-10-14T21:26:04.229+0000] {dag.py:3823} INFO - Setting next_dagrun for tutorial_dag to None, run_after=None
[2024-10-14T21:26:04.248+0000] {processor.py:183} INFO - Processing /home/airflow/.local/lib/python3.8/site-packages/airflow/example_dags/tutorial_dag.py took 0.061 seconds
[2024-10-14T21:26:34.515+0000] {processor.py:161} INFO - Started process (PID=1128) to work on /home/airflow/.local/lib/python3.8/site-packages/airflow/example_dags/tutorial_dag.py
[2024-10-14T21:26:34.515+0000] {processor.py:830} INFO - Processing file /home/airflow/.local/lib/python3.8/site-packages/airflow/example_dags/tutorial_dag.py for tasks to queue
[2024-10-14T21:26:34.517+0000] {logging_mixin.py:188} INFO - [2024-10-14T21:26:34.516+0000] {dagbag.py:538} INFO - Filling up the DagBag from /home/airflow/.local/lib/python3.8/site-packages/airflow/example_dags/tutorial_dag.py
[2024-10-14T21:26:34.521+0000] {processor.py:840} INFO - DAG(s) 'tutorial_dag' retrieved from /home/airflow/.local/lib/python3.8/site-packages/airflow/example_dags/tutorial_dag.py
[2024-10-14T21:26:34.535+0000] {logging_mixin.py:188} INFO - [2024-10-14T21:26:34.534+0000] {dag.py:3036} INFO - Sync 1 DAGs
[2024-10-14T21:26:34.543+0000] {logging_mixin.py:188} INFO - [2024-10-14T21:26:34.543+0000] {dag.py:3823} INFO - Setting next_dagrun for tutorial_dag to None, run_after=None
[2024-10-14T21:26:34.557+0000] {processor.py:183} INFO - Processing /home/airflow/.local/lib/python3.8/site-packages/airflow/example_dags/tutorial_dag.py took 0.045 seconds
[2024-10-14T21:27:04.584+0000] {processor.py:161} INFO - Started process (PID=1209) to work on /home/airflow/.local/lib/python3.8/site-packages/airflow/example_dags/tutorial_dag.py
[2024-10-14T21:27:04.585+0000] {processor.py:830} INFO - Processing file /home/airflow/.local/lib/python3.8/site-packages/airflow/example_dags/tutorial_dag.py for tasks to queue
[2024-10-14T21:27:04.586+0000] {logging_mixin.py:188} INFO - [2024-10-14T21:27:04.586+0000] {dagbag.py:538} INFO - Filling up the DagBag from /home/airflow/.local/lib/python3.8/site-packages/airflow/example_dags/tutorial_dag.py
[2024-10-14T21:27:04.590+0000] {processor.py:840} INFO - DAG(s) 'tutorial_dag' retrieved from /home/airflow/.local/lib/python3.8/site-packages/airflow/example_dags/tutorial_dag.py
[2024-10-14T21:27:04.606+0000] {logging_mixin.py:188} INFO - [2024-10-14T21:27:04.606+0000] {dag.py:3036} INFO - Sync 1 DAGs
[2024-10-14T21:27:04.618+0000] {logging_mixin.py:188} INFO - [2024-10-14T21:27:04.617+0000] {dag.py:3823} INFO - Setting next_dagrun for tutorial_dag to None, run_after=None
[2024-10-14T21:27:04.635+0000] {processor.py:183} INFO - Processing /home/airflow/.local/lib/python3.8/site-packages/airflow/example_dags/tutorial_dag.py took 0.053 seconds
[2024-10-14T21:27:35.499+0000] {processor.py:161} INFO - Started process (PID=1283) to work on /home/airflow/.local/lib/python3.8/site-packages/airflow/example_dags/tutorial_dag.py
[2024-10-14T21:27:35.501+0000] {processor.py:830} INFO - Processing file /home/airflow/.local/lib/python3.8/site-packages/airflow/example_dags/tutorial_dag.py for tasks to queue
[2024-10-14T21:27:35.502+0000] {logging_mixin.py:188} INFO - [2024-10-14T21:27:35.502+0000] {dagbag.py:538} INFO - Filling up the DagBag from /home/airflow/.local/lib/python3.8/site-packages/airflow/example_dags/tutorial_dag.py
[2024-10-14T21:27:35.507+0000] {processor.py:840} INFO - DAG(s) 'tutorial_dag' retrieved from /home/airflow/.local/lib/python3.8/site-packages/airflow/example_dags/tutorial_dag.py
[2024-10-14T21:27:35.523+0000] {logging_mixin.py:188} INFO - [2024-10-14T21:27:35.523+0000] {dag.py:3036} INFO - Sync 1 DAGs
[2024-10-14T21:27:35.532+0000] {logging_mixin.py:188} INFO - [2024-10-14T21:27:35.532+0000] {dag.py:3823} INFO - Setting next_dagrun for tutorial_dag to None, run_after=None
[2024-10-14T21:27:35.549+0000] {processor.py:183} INFO - Processing /home/airflow/.local/lib/python3.8/site-packages/airflow/example_dags/tutorial_dag.py took 0.053 seconds
[2024-10-14T21:28:05.649+0000] {processor.py:161} INFO - Started process (PID=1365) to work on /home/airflow/.local/lib/python3.8/site-packages/airflow/example_dags/tutorial_dag.py
[2024-10-14T21:28:05.650+0000] {processor.py:830} INFO - Processing file /home/airflow/.local/lib/python3.8/site-packages/airflow/example_dags/tutorial_dag.py for tasks to queue
[2024-10-14T21:28:05.651+0000] {logging_mixin.py:188} INFO - [2024-10-14T21:28:05.651+0000] {dagbag.py:538} INFO - Filling up the DagBag from /home/airflow/.local/lib/python3.8/site-packages/airflow/example_dags/tutorial_dag.py
[2024-10-14T21:28:05.655+0000] {processor.py:840} INFO - DAG(s) 'tutorial_dag' retrieved from /home/airflow/.local/lib/python3.8/site-packages/airflow/example_dags/tutorial_dag.py
[2024-10-14T21:28:05.670+0000] {logging_mixin.py:188} INFO - [2024-10-14T21:28:05.670+0000] {dag.py:3036} INFO - Sync 1 DAGs
[2024-10-14T21:28:05.680+0000] {logging_mixin.py:188} INFO - [2024-10-14T21:28:05.679+0000] {dag.py:3823} INFO - Setting next_dagrun for tutorial_dag to None, run_after=None
[2024-10-14T21:28:05.697+0000] {processor.py:183} INFO - Processing /home/airflow/.local/lib/python3.8/site-packages/airflow/example_dags/tutorial_dag.py took 0.050 seconds
[2024-10-14T21:28:35.817+0000] {processor.py:161} INFO - Started process (PID=1439) to work on /home/airflow/.local/lib/python3.8/site-packages/airflow/example_dags/tutorial_dag.py
[2024-10-14T21:28:35.817+0000] {processor.py:830} INFO - Processing file /home/airflow/.local/lib/python3.8/site-packages/airflow/example_dags/tutorial_dag.py for tasks to queue
[2024-10-14T21:28:35.819+0000] {logging_mixin.py:188} INFO - [2024-10-14T21:28:35.818+0000] {dagbag.py:538} INFO - Filling up the DagBag from /home/airflow/.local/lib/python3.8/site-packages/airflow/example_dags/tutorial_dag.py
[2024-10-14T21:28:35.823+0000] {processor.py:840} INFO - DAG(s) 'tutorial_dag' retrieved from /home/airflow/.local/lib/python3.8/site-packages/airflow/example_dags/tutorial_dag.py
[2024-10-14T21:28:35.838+0000] {logging_mixin.py:188} INFO - [2024-10-14T21:28:35.837+0000] {dag.py:3036} INFO - Sync 1 DAGs
[2024-10-14T21:28:35.846+0000] {logging_mixin.py:188} INFO - [2024-10-14T21:28:35.846+0000] {dag.py:3823} INFO - Setting next_dagrun for tutorial_dag to None, run_after=None
[2024-10-14T21:28:35.861+0000] {processor.py:183} INFO - Processing /home/airflow/.local/lib/python3.8/site-packages/airflow/example_dags/tutorial_dag.py took 0.047 seconds
[2024-10-14T21:29:06.291+0000] {processor.py:161} INFO - Started process (PID=1521) to work on /home/airflow/.local/lib/python3.8/site-packages/airflow/example_dags/tutorial_dag.py
[2024-10-14T21:29:06.292+0000] {processor.py:830} INFO - Processing file /home/airflow/.local/lib/python3.8/site-packages/airflow/example_dags/tutorial_dag.py for tasks to queue
[2024-10-14T21:29:06.293+0000] {logging_mixin.py:188} INFO - [2024-10-14T21:29:06.293+0000] {dagbag.py:538} INFO - Filling up the DagBag from /home/airflow/.local/lib/python3.8/site-packages/airflow/example_dags/tutorial_dag.py
[2024-10-14T21:29:06.298+0000] {processor.py:840} INFO - DAG(s) 'tutorial_dag' retrieved from /home/airflow/.local/lib/python3.8/site-packages/airflow/example_dags/tutorial_dag.py
[2024-10-14T21:29:06.312+0000] {logging_mixin.py:188} INFO - [2024-10-14T21:29:06.312+0000] {dag.py:3036} INFO - Sync 1 DAGs
[2024-10-14T21:29:06.321+0000] {logging_mixin.py:188} INFO - [2024-10-14T21:29:06.320+0000] {dag.py:3823} INFO - Setting next_dagrun for tutorial_dag to None, run_after=None
[2024-10-14T21:29:06.337+0000] {processor.py:183} INFO - Processing /home/airflow/.local/lib/python3.8/site-packages/airflow/example_dags/tutorial_dag.py took 0.048 seconds
[2024-10-14T21:29:36.698+0000] {processor.py:161} INFO - Started process (PID=1595) to work on /home/airflow/.local/lib/python3.8/site-packages/airflow/example_dags/tutorial_dag.py
[2024-10-14T21:29:36.698+0000] {processor.py:830} INFO - Processing file /home/airflow/.local/lib/python3.8/site-packages/airflow/example_dags/tutorial_dag.py for tasks to queue
[2024-10-14T21:29:36.700+0000] {logging_mixin.py:188} INFO - [2024-10-14T21:29:36.699+0000] {dagbag.py:538} INFO - Filling up the DagBag from /home/airflow/.local/lib/python3.8/site-packages/airflow/example_dags/tutorial_dag.py
[2024-10-14T21:29:36.704+0000] {processor.py:840} INFO - DAG(s) 'tutorial_dag' retrieved from /home/airflow/.local/lib/python3.8/site-packages/airflow/example_dags/tutorial_dag.py
[2024-10-14T21:29:36.717+0000] {logging_mixin.py:188} INFO - [2024-10-14T21:29:36.717+0000] {dag.py:3036} INFO - Sync 1 DAGs
[2024-10-14T21:29:36.726+0000] {logging_mixin.py:188} INFO - [2024-10-14T21:29:36.726+0000] {dag.py:3823} INFO - Setting next_dagrun for tutorial_dag to None, run_after=None
[2024-10-14T21:29:36.741+0000] {processor.py:183} INFO - Processing /home/airflow/.local/lib/python3.8/site-packages/airflow/example_dags/tutorial_dag.py took 0.046 seconds
[2024-10-14T21:30:06.991+0000] {processor.py:161} INFO - Started process (PID=1676) to work on /home/airflow/.local/lib/python3.8/site-packages/airflow/example_dags/tutorial_dag.py
[2024-10-14T21:30:06.991+0000] {processor.py:830} INFO - Processing file /home/airflow/.local/lib/python3.8/site-packages/airflow/example_dags/tutorial_dag.py for tasks to queue
[2024-10-14T21:30:06.993+0000] {logging_mixin.py:188} INFO - [2024-10-14T21:30:06.992+0000] {dagbag.py:538} INFO - Filling up the DagBag from /home/airflow/.local/lib/python3.8/site-packages/airflow/example_dags/tutorial_dag.py
[2024-10-14T21:30:06.997+0000] {processor.py:840} INFO - DAG(s) 'tutorial_dag' retrieved from /home/airflow/.local/lib/python3.8/site-packages/airflow/example_dags/tutorial_dag.py
[2024-10-14T21:30:07.011+0000] {logging_mixin.py:188} INFO - [2024-10-14T21:30:07.011+0000] {dag.py:3036} INFO - Sync 1 DAGs
[2024-10-14T21:30:07.020+0000] {logging_mixin.py:188} INFO - [2024-10-14T21:30:07.020+0000] {dag.py:3823} INFO - Setting next_dagrun for tutorial_dag to None, run_after=None
[2024-10-14T21:30:07.035+0000] {processor.py:183} INFO - Processing /home/airflow/.local/lib/python3.8/site-packages/airflow/example_dags/tutorial_dag.py took 0.046 seconds
[2024-10-14T21:30:37.326+0000] {processor.py:161} INFO - Started process (PID=1758) to work on /home/airflow/.local/lib/python3.8/site-packages/airflow/example_dags/tutorial_dag.py
[2024-10-14T21:30:37.327+0000] {processor.py:830} INFO - Processing file /home/airflow/.local/lib/python3.8/site-packages/airflow/example_dags/tutorial_dag.py for tasks to queue
[2024-10-14T21:30:37.328+0000] {logging_mixin.py:188} INFO - [2024-10-14T21:30:37.328+0000] {dagbag.py:538} INFO - Filling up the DagBag from /home/airflow/.local/lib/python3.8/site-packages/airflow/example_dags/tutorial_dag.py
[2024-10-14T21:30:37.333+0000] {processor.py:840} INFO - DAG(s) 'tutorial_dag' retrieved from /home/airflow/.local/lib/python3.8/site-packages/airflow/example_dags/tutorial_dag.py
[2024-10-14T21:30:37.350+0000] {logging_mixin.py:188} INFO - [2024-10-14T21:30:37.350+0000] {dag.py:3036} INFO - Sync 1 DAGs
[2024-10-14T21:30:37.364+0000] {logging_mixin.py:188} INFO - [2024-10-14T21:30:37.363+0000] {dag.py:3823} INFO - Setting next_dagrun for tutorial_dag to None, run_after=None
[2024-10-14T21:30:37.385+0000] {processor.py:183} INFO - Processing /home/airflow/.local/lib/python3.8/site-packages/airflow/example_dags/tutorial_dag.py took 0.061 seconds
[2024-10-14T21:31:07.673+0000] {processor.py:161} INFO - Started process (PID=1832) to work on /home/airflow/.local/lib/python3.8/site-packages/airflow/example_dags/tutorial_dag.py
[2024-10-14T21:31:07.673+0000] {processor.py:830} INFO - Processing file /home/airflow/.local/lib/python3.8/site-packages/airflow/example_dags/tutorial_dag.py for tasks to queue
[2024-10-14T21:31:07.675+0000] {logging_mixin.py:188} INFO - [2024-10-14T21:31:07.675+0000] {dagbag.py:538} INFO - Filling up the DagBag from /home/airflow/.local/lib/python3.8/site-packages/airflow/example_dags/tutorial_dag.py
[2024-10-14T21:31:07.679+0000] {processor.py:840} INFO - DAG(s) 'tutorial_dag' retrieved from /home/airflow/.local/lib/python3.8/site-packages/airflow/example_dags/tutorial_dag.py
[2024-10-14T21:31:07.696+0000] {logging_mixin.py:188} INFO - [2024-10-14T21:31:07.696+0000] {dag.py:3036} INFO - Sync 1 DAGs
[2024-10-14T21:31:07.707+0000] {logging_mixin.py:188} INFO - [2024-10-14T21:31:07.707+0000] {dag.py:3823} INFO - Setting next_dagrun for tutorial_dag to None, run_after=None
[2024-10-14T21:31:07.723+0000] {processor.py:183} INFO - Processing /home/airflow/.local/lib/python3.8/site-packages/airflow/example_dags/tutorial_dag.py took 0.053 seconds
[2024-10-14T21:31:38.046+0000] {processor.py:161} INFO - Started process (PID=1913) to work on /home/airflow/.local/lib/python3.8/site-packages/airflow/example_dags/tutorial_dag.py
[2024-10-14T21:31:38.047+0000] {processor.py:830} INFO - Processing file /home/airflow/.local/lib/python3.8/site-packages/airflow/example_dags/tutorial_dag.py for tasks to queue
[2024-10-14T21:31:38.048+0000] {logging_mixin.py:188} INFO - [2024-10-14T21:31:38.048+0000] {dagbag.py:538} INFO - Filling up the DagBag from /home/airflow/.local/lib/python3.8/site-packages/airflow/example_dags/tutorial_dag.py
[2024-10-14T21:31:38.052+0000] {processor.py:840} INFO - DAG(s) 'tutorial_dag' retrieved from /home/airflow/.local/lib/python3.8/site-packages/airflow/example_dags/tutorial_dag.py
[2024-10-14T21:31:38.066+0000] {logging_mixin.py:188} INFO - [2024-10-14T21:31:38.065+0000] {dag.py:3036} INFO - Sync 1 DAGs
[2024-10-14T21:31:38.074+0000] {logging_mixin.py:188} INFO - [2024-10-14T21:31:38.074+0000] {dag.py:3823} INFO - Setting next_dagrun for tutorial_dag to None, run_after=None
[2024-10-14T21:31:38.089+0000] {processor.py:183} INFO - Processing /home/airflow/.local/lib/python3.8/site-packages/airflow/example_dags/tutorial_dag.py took 0.045 seconds
[2024-10-14T21:32:08.445+0000] {processor.py:161} INFO - Started process (PID=1987) to work on /home/airflow/.local/lib/python3.8/site-packages/airflow/example_dags/tutorial_dag.py
[2024-10-14T21:32:08.446+0000] {processor.py:830} INFO - Processing file /home/airflow/.local/lib/python3.8/site-packages/airflow/example_dags/tutorial_dag.py for tasks to queue
[2024-10-14T21:32:08.448+0000] {logging_mixin.py:188} INFO - [2024-10-14T21:32:08.447+0000] {dagbag.py:538} INFO - Filling up the DagBag from /home/airflow/.local/lib/python3.8/site-packages/airflow/example_dags/tutorial_dag.py
[2024-10-14T21:32:08.452+0000] {processor.py:840} INFO - DAG(s) 'tutorial_dag' retrieved from /home/airflow/.local/lib/python3.8/site-packages/airflow/example_dags/tutorial_dag.py
[2024-10-14T21:32:08.466+0000] {logging_mixin.py:188} INFO - [2024-10-14T21:32:08.466+0000] {dag.py:3036} INFO - Sync 1 DAGs
[2024-10-14T21:32:08.475+0000] {logging_mixin.py:188} INFO - [2024-10-14T21:32:08.475+0000] {dag.py:3823} INFO - Setting next_dagrun for tutorial_dag to None, run_after=None
[2024-10-14T21:32:08.492+0000] {processor.py:183} INFO - Processing /home/airflow/.local/lib/python3.8/site-packages/airflow/example_dags/tutorial_dag.py took 0.049 seconds
[2024-10-14T21:32:38.736+0000] {processor.py:161} INFO - Started process (PID=2069) to work on /home/airflow/.local/lib/python3.8/site-packages/airflow/example_dags/tutorial_dag.py
[2024-10-14T21:32:38.737+0000] {processor.py:830} INFO - Processing file /home/airflow/.local/lib/python3.8/site-packages/airflow/example_dags/tutorial_dag.py for tasks to queue
[2024-10-14T21:32:38.738+0000] {logging_mixin.py:188} INFO - [2024-10-14T21:32:38.738+0000] {dagbag.py:538} INFO - Filling up the DagBag from /home/airflow/.local/lib/python3.8/site-packages/airflow/example_dags/tutorial_dag.py
[2024-10-14T21:32:38.742+0000] {processor.py:840} INFO - DAG(s) 'tutorial_dag' retrieved from /home/airflow/.local/lib/python3.8/site-packages/airflow/example_dags/tutorial_dag.py
[2024-10-14T21:32:38.756+0000] {logging_mixin.py:188} INFO - [2024-10-14T21:32:38.756+0000] {dag.py:3036} INFO - Sync 1 DAGs
[2024-10-14T21:32:38.764+0000] {logging_mixin.py:188} INFO - [2024-10-14T21:32:38.764+0000] {dag.py:3823} INFO - Setting next_dagrun for tutorial_dag to None, run_after=None
[2024-10-14T21:32:38.778+0000] {processor.py:183} INFO - Processing /home/airflow/.local/lib/python3.8/site-packages/airflow/example_dags/tutorial_dag.py took 0.045 seconds
[2024-10-14T21:33:09.349+0000] {processor.py:161} INFO - Started process (PID=2142) to work on /home/airflow/.local/lib/python3.8/site-packages/airflow/example_dags/tutorial_dag.py
[2024-10-14T21:33:09.350+0000] {processor.py:830} INFO - Processing file /home/airflow/.local/lib/python3.8/site-packages/airflow/example_dags/tutorial_dag.py for tasks to queue
[2024-10-14T21:33:09.351+0000] {logging_mixin.py:188} INFO - [2024-10-14T21:33:09.351+0000] {dagbag.py:538} INFO - Filling up the DagBag from /home/airflow/.local/lib/python3.8/site-packages/airflow/example_dags/tutorial_dag.py
[2024-10-14T21:33:09.355+0000] {processor.py:840} INFO - DAG(s) 'tutorial_dag' retrieved from /home/airflow/.local/lib/python3.8/site-packages/airflow/example_dags/tutorial_dag.py
[2024-10-14T21:33:09.370+0000] {logging_mixin.py:188} INFO - [2024-10-14T21:33:09.369+0000] {dag.py:3036} INFO - Sync 1 DAGs
[2024-10-14T21:33:09.378+0000] {logging_mixin.py:188} INFO - [2024-10-14T21:33:09.378+0000] {dag.py:3823} INFO - Setting next_dagrun for tutorial_dag to None, run_after=None
[2024-10-14T21:33:09.393+0000] {processor.py:183} INFO - Processing /home/airflow/.local/lib/python3.8/site-packages/airflow/example_dags/tutorial_dag.py took 0.046 seconds
[2024-10-14T21:33:39.569+0000] {processor.py:161} INFO - Started process (PID=2223) to work on /home/airflow/.local/lib/python3.8/site-packages/airflow/example_dags/tutorial_dag.py
[2024-10-14T21:33:39.570+0000] {processor.py:830} INFO - Processing file /home/airflow/.local/lib/python3.8/site-packages/airflow/example_dags/tutorial_dag.py for tasks to queue
[2024-10-14T21:33:39.571+0000] {logging_mixin.py:188} INFO - [2024-10-14T21:33:39.571+0000] {dagbag.py:538} INFO - Filling up the DagBag from /home/airflow/.local/lib/python3.8/site-packages/airflow/example_dags/tutorial_dag.py
[2024-10-14T21:33:39.575+0000] {processor.py:840} INFO - DAG(s) 'tutorial_dag' retrieved from /home/airflow/.local/lib/python3.8/site-packages/airflow/example_dags/tutorial_dag.py
[2024-10-14T21:33:39.593+0000] {logging_mixin.py:188} INFO - [2024-10-14T21:33:39.592+0000] {dag.py:3036} INFO - Sync 1 DAGs
[2024-10-14T21:33:39.605+0000] {logging_mixin.py:188} INFO - [2024-10-14T21:33:39.605+0000] {dag.py:3823} INFO - Setting next_dagrun for tutorial_dag to None, run_after=None
[2024-10-14T21:33:39.624+0000] {processor.py:183} INFO - Processing /home/airflow/.local/lib/python3.8/site-packages/airflow/example_dags/tutorial_dag.py took 0.057 seconds
[2024-10-14T21:34:09.752+0000] {processor.py:161} INFO - Started process (PID=2297) to work on /home/airflow/.local/lib/python3.8/site-packages/airflow/example_dags/tutorial_dag.py
[2024-10-14T21:34:09.753+0000] {processor.py:830} INFO - Processing file /home/airflow/.local/lib/python3.8/site-packages/airflow/example_dags/tutorial_dag.py for tasks to queue
[2024-10-14T21:34:09.754+0000] {logging_mixin.py:188} INFO - [2024-10-14T21:34:09.754+0000] {dagbag.py:538} INFO - Filling up the DagBag from /home/airflow/.local/lib/python3.8/site-packages/airflow/example_dags/tutorial_dag.py
[2024-10-14T21:34:09.758+0000] {processor.py:840} INFO - DAG(s) 'tutorial_dag' retrieved from /home/airflow/.local/lib/python3.8/site-packages/airflow/example_dags/tutorial_dag.py
[2024-10-14T21:34:09.777+0000] {logging_mixin.py:188} INFO - [2024-10-14T21:34:09.776+0000] {dag.py:3036} INFO - Sync 1 DAGs
[2024-10-14T21:34:09.786+0000] {logging_mixin.py:188} INFO - [2024-10-14T21:34:09.786+0000] {dag.py:3823} INFO - Setting next_dagrun for tutorial_dag to None, run_after=None
[2024-10-14T21:34:09.803+0000] {processor.py:183} INFO - Processing /home/airflow/.local/lib/python3.8/site-packages/airflow/example_dags/tutorial_dag.py took 0.054 seconds
[2024-10-14T21:34:39.983+0000] {processor.py:161} INFO - Started process (PID=2379) to work on /home/airflow/.local/lib/python3.8/site-packages/airflow/example_dags/tutorial_dag.py
[2024-10-14T21:34:39.984+0000] {processor.py:830} INFO - Processing file /home/airflow/.local/lib/python3.8/site-packages/airflow/example_dags/tutorial_dag.py for tasks to queue
[2024-10-14T21:34:39.985+0000] {logging_mixin.py:188} INFO - [2024-10-14T21:34:39.985+0000] {dagbag.py:538} INFO - Filling up the DagBag from /home/airflow/.local/lib/python3.8/site-packages/airflow/example_dags/tutorial_dag.py
[2024-10-14T21:34:39.989+0000] {processor.py:840} INFO - DAG(s) 'tutorial_dag' retrieved from /home/airflow/.local/lib/python3.8/site-packages/airflow/example_dags/tutorial_dag.py
[2024-10-14T21:34:40.004+0000] {logging_mixin.py:188} INFO - [2024-10-14T21:34:40.004+0000] {dag.py:3036} INFO - Sync 1 DAGs
[2024-10-14T21:34:40.013+0000] {logging_mixin.py:188} INFO - [2024-10-14T21:34:40.012+0000] {dag.py:3823} INFO - Setting next_dagrun for tutorial_dag to None, run_after=None
[2024-10-14T21:34:40.028+0000] {processor.py:183} INFO - Processing /home/airflow/.local/lib/python3.8/site-packages/airflow/example_dags/tutorial_dag.py took 0.047 seconds
[2024-10-14T21:35:10.315+0000] {processor.py:161} INFO - Started process (PID=2460) to work on /home/airflow/.local/lib/python3.8/site-packages/airflow/example_dags/tutorial_dag.py
[2024-10-14T21:35:10.316+0000] {processor.py:830} INFO - Processing file /home/airflow/.local/lib/python3.8/site-packages/airflow/example_dags/tutorial_dag.py for tasks to queue
[2024-10-14T21:35:10.318+0000] {logging_mixin.py:188} INFO - [2024-10-14T21:35:10.318+0000] {dagbag.py:538} INFO - Filling up the DagBag from /home/airflow/.local/lib/python3.8/site-packages/airflow/example_dags/tutorial_dag.py
[2024-10-14T21:35:10.322+0000] {processor.py:840} INFO - DAG(s) 'tutorial_dag' retrieved from /home/airflow/.local/lib/python3.8/site-packages/airflow/example_dags/tutorial_dag.py
[2024-10-14T21:35:10.342+0000] {logging_mixin.py:188} INFO - [2024-10-14T21:35:10.342+0000] {dag.py:3036} INFO - Sync 1 DAGs
[2024-10-14T21:35:10.356+0000] {logging_mixin.py:188} INFO - [2024-10-14T21:35:10.355+0000] {dag.py:3823} INFO - Setting next_dagrun for tutorial_dag to None, run_after=None
[2024-10-14T21:35:10.378+0000] {processor.py:183} INFO - Processing /home/airflow/.local/lib/python3.8/site-packages/airflow/example_dags/tutorial_dag.py took 0.065 seconds
[2024-10-14T21:35:40.668+0000] {processor.py:161} INFO - Started process (PID=2534) to work on /home/airflow/.local/lib/python3.8/site-packages/airflow/example_dags/tutorial_dag.py
[2024-10-14T21:35:40.669+0000] {processor.py:830} INFO - Processing file /home/airflow/.local/lib/python3.8/site-packages/airflow/example_dags/tutorial_dag.py for tasks to queue
[2024-10-14T21:35:40.670+0000] {logging_mixin.py:188} INFO - [2024-10-14T21:35:40.670+0000] {dagbag.py:538} INFO - Filling up the DagBag from /home/airflow/.local/lib/python3.8/site-packages/airflow/example_dags/tutorial_dag.py
[2024-10-14T21:35:40.675+0000] {processor.py:840} INFO - DAG(s) 'tutorial_dag' retrieved from /home/airflow/.local/lib/python3.8/site-packages/airflow/example_dags/tutorial_dag.py
[2024-10-14T21:35:40.689+0000] {logging_mixin.py:188} INFO - [2024-10-14T21:35:40.688+0000] {dag.py:3036} INFO - Sync 1 DAGs
[2024-10-14T21:35:40.697+0000] {logging_mixin.py:188} INFO - [2024-10-14T21:35:40.697+0000] {dag.py:3823} INFO - Setting next_dagrun for tutorial_dag to None, run_after=None
[2024-10-14T21:35:40.712+0000] {processor.py:183} INFO - Processing /home/airflow/.local/lib/python3.8/site-packages/airflow/example_dags/tutorial_dag.py took 0.046 seconds
[2024-10-14T21:36:10.785+0000] {processor.py:161} INFO - Started process (PID=2616) to work on /home/airflow/.local/lib/python3.8/site-packages/airflow/example_dags/tutorial_dag.py
[2024-10-14T21:36:10.786+0000] {processor.py:830} INFO - Processing file /home/airflow/.local/lib/python3.8/site-packages/airflow/example_dags/tutorial_dag.py for tasks to queue
[2024-10-14T21:36:10.787+0000] {logging_mixin.py:188} INFO - [2024-10-14T21:36:10.787+0000] {dagbag.py:538} INFO - Filling up the DagBag from /home/airflow/.local/lib/python3.8/site-packages/airflow/example_dags/tutorial_dag.py
[2024-10-14T21:36:10.792+0000] {processor.py:840} INFO - DAG(s) 'tutorial_dag' retrieved from /home/airflow/.local/lib/python3.8/site-packages/airflow/example_dags/tutorial_dag.py
[2024-10-14T21:36:10.806+0000] {logging_mixin.py:188} INFO - [2024-10-14T21:36:10.806+0000] {dag.py:3036} INFO - Sync 1 DAGs
[2024-10-14T21:36:10.815+0000] {logging_mixin.py:188} INFO - [2024-10-14T21:36:10.814+0000] {dag.py:3823} INFO - Setting next_dagrun for tutorial_dag to None, run_after=None
[2024-10-14T21:36:10.830+0000] {processor.py:183} INFO - Processing /home/airflow/.local/lib/python3.8/site-packages/airflow/example_dags/tutorial_dag.py took 0.047 seconds
[2024-10-14T21:36:41.012+0000] {processor.py:161} INFO - Started process (PID=2690) to work on /home/airflow/.local/lib/python3.8/site-packages/airflow/example_dags/tutorial_dag.py
[2024-10-14T21:36:41.013+0000] {processor.py:830} INFO - Processing file /home/airflow/.local/lib/python3.8/site-packages/airflow/example_dags/tutorial_dag.py for tasks to queue
[2024-10-14T21:36:41.014+0000] {logging_mixin.py:188} INFO - [2024-10-14T21:36:41.014+0000] {dagbag.py:538} INFO - Filling up the DagBag from /home/airflow/.local/lib/python3.8/site-packages/airflow/example_dags/tutorial_dag.py
[2024-10-14T21:36:41.018+0000] {processor.py:840} INFO - DAG(s) 'tutorial_dag' retrieved from /home/airflow/.local/lib/python3.8/site-packages/airflow/example_dags/tutorial_dag.py
[2024-10-14T21:36:41.032+0000] {logging_mixin.py:188} INFO - [2024-10-14T21:36:41.032+0000] {dag.py:3036} INFO - Sync 1 DAGs
[2024-10-14T21:36:41.041+0000] {logging_mixin.py:188} INFO - [2024-10-14T21:36:41.041+0000] {dag.py:3823} INFO - Setting next_dagrun for tutorial_dag to None, run_after=None
[2024-10-14T21:36:41.057+0000] {processor.py:183} INFO - Processing /home/airflow/.local/lib/python3.8/site-packages/airflow/example_dags/tutorial_dag.py took 0.047 seconds
[2024-10-14T21:37:11.714+0000] {processor.py:161} INFO - Started process (PID=2772) to work on /home/airflow/.local/lib/python3.8/site-packages/airflow/example_dags/tutorial_dag.py
[2024-10-14T21:37:11.714+0000] {processor.py:830} INFO - Processing file /home/airflow/.local/lib/python3.8/site-packages/airflow/example_dags/tutorial_dag.py for tasks to queue
[2024-10-14T21:37:11.716+0000] {logging_mixin.py:188} INFO - [2024-10-14T21:37:11.715+0000] {dagbag.py:538} INFO - Filling up the DagBag from /home/airflow/.local/lib/python3.8/site-packages/airflow/example_dags/tutorial_dag.py
[2024-10-14T21:37:11.720+0000] {processor.py:840} INFO - DAG(s) 'tutorial_dag' retrieved from /home/airflow/.local/lib/python3.8/site-packages/airflow/example_dags/tutorial_dag.py
[2024-10-14T21:37:11.736+0000] {logging_mixin.py:188} INFO - [2024-10-14T21:37:11.736+0000] {dag.py:3036} INFO - Sync 1 DAGs
[2024-10-14T21:37:11.745+0000] {logging_mixin.py:188} INFO - [2024-10-14T21:37:11.745+0000] {dag.py:3823} INFO - Setting next_dagrun for tutorial_dag to None, run_after=None
[2024-10-14T21:37:11.762+0000] {processor.py:183} INFO - Processing /home/airflow/.local/lib/python3.8/site-packages/airflow/example_dags/tutorial_dag.py took 0.051 seconds
[2024-10-14T21:37:42.052+0000] {processor.py:161} INFO - Started process (PID=2844) to work on /home/airflow/.local/lib/python3.8/site-packages/airflow/example_dags/tutorial_dag.py
[2024-10-14T21:37:42.052+0000] {processor.py:830} INFO - Processing file /home/airflow/.local/lib/python3.8/site-packages/airflow/example_dags/tutorial_dag.py for tasks to queue
[2024-10-14T21:37:42.054+0000] {logging_mixin.py:188} INFO - [2024-10-14T21:37:42.054+0000] {dagbag.py:538} INFO - Filling up the DagBag from /home/airflow/.local/lib/python3.8/site-packages/airflow/example_dags/tutorial_dag.py
[2024-10-14T21:37:42.058+0000] {processor.py:840} INFO - DAG(s) 'tutorial_dag' retrieved from /home/airflow/.local/lib/python3.8/site-packages/airflow/example_dags/tutorial_dag.py
[2024-10-14T21:37:42.074+0000] {logging_mixin.py:188} INFO - [2024-10-14T21:37:42.074+0000] {dag.py:3036} INFO - Sync 1 DAGs
[2024-10-14T21:37:42.084+0000] {logging_mixin.py:188} INFO - [2024-10-14T21:37:42.084+0000] {dag.py:3823} INFO - Setting next_dagrun for tutorial_dag to None, run_after=None
[2024-10-14T21:37:42.100+0000] {processor.py:183} INFO - Processing /home/airflow/.local/lib/python3.8/site-packages/airflow/example_dags/tutorial_dag.py took 0.051 seconds
[2024-10-14T21:38:12.684+0000] {processor.py:161} INFO - Started process (PID=2926) to work on /home/airflow/.local/lib/python3.8/site-packages/airflow/example_dags/tutorial_dag.py
[2024-10-14T21:38:12.685+0000] {processor.py:830} INFO - Processing file /home/airflow/.local/lib/python3.8/site-packages/airflow/example_dags/tutorial_dag.py for tasks to queue
[2024-10-14T21:38:12.686+0000] {logging_mixin.py:188} INFO - [2024-10-14T21:38:12.686+0000] {dagbag.py:538} INFO - Filling up the DagBag from /home/airflow/.local/lib/python3.8/site-packages/airflow/example_dags/tutorial_dag.py
[2024-10-14T21:38:12.690+0000] {processor.py:840} INFO - DAG(s) 'tutorial_dag' retrieved from /home/airflow/.local/lib/python3.8/site-packages/airflow/example_dags/tutorial_dag.py
[2024-10-14T21:38:12.704+0000] {logging_mixin.py:188} INFO - [2024-10-14T21:38:12.703+0000] {dag.py:3036} INFO - Sync 1 DAGs
[2024-10-14T21:38:12.712+0000] {logging_mixin.py:188} INFO - [2024-10-14T21:38:12.712+0000] {dag.py:3823} INFO - Setting next_dagrun for tutorial_dag to None, run_after=None
[2024-10-14T21:38:12.726+0000] {processor.py:183} INFO - Processing /home/airflow/.local/lib/python3.8/site-packages/airflow/example_dags/tutorial_dag.py took 0.045 seconds
[2024-10-14T21:38:42.936+0000] {processor.py:161} INFO - Started process (PID=3007) to work on /home/airflow/.local/lib/python3.8/site-packages/airflow/example_dags/tutorial_dag.py
[2024-10-14T21:38:42.937+0000] {processor.py:830} INFO - Processing file /home/airflow/.local/lib/python3.8/site-packages/airflow/example_dags/tutorial_dag.py for tasks to queue
[2024-10-14T21:38:42.941+0000] {logging_mixin.py:188} INFO - [2024-10-14T21:38:42.940+0000] {dagbag.py:538} INFO - Filling up the DagBag from /home/airflow/.local/lib/python3.8/site-packages/airflow/example_dags/tutorial_dag.py
[2024-10-14T21:38:42.952+0000] {processor.py:840} INFO - DAG(s) 'tutorial_dag' retrieved from /home/airflow/.local/lib/python3.8/site-packages/airflow/example_dags/tutorial_dag.py
[2024-10-14T21:38:42.974+0000] {logging_mixin.py:188} INFO - [2024-10-14T21:38:42.974+0000] {dag.py:3036} INFO - Sync 1 DAGs
[2024-10-14T21:38:42.989+0000] {logging_mixin.py:188} INFO - [2024-10-14T21:38:42.989+0000] {dag.py:3823} INFO - Setting next_dagrun for tutorial_dag to None, run_after=None
[2024-10-14T21:38:43.010+0000] {processor.py:183} INFO - Processing /home/airflow/.local/lib/python3.8/site-packages/airflow/example_dags/tutorial_dag.py took 0.078 seconds
[2024-10-14T21:39:13.704+0000] {processor.py:161} INFO - Started process (PID=3074) to work on /home/airflow/.local/lib/python3.8/site-packages/airflow/example_dags/tutorial_dag.py
[2024-10-14T21:39:13.705+0000] {processor.py:830} INFO - Processing file /home/airflow/.local/lib/python3.8/site-packages/airflow/example_dags/tutorial_dag.py for tasks to queue
[2024-10-14T21:39:13.706+0000] {logging_mixin.py:188} INFO - [2024-10-14T21:39:13.706+0000] {dagbag.py:538} INFO - Filling up the DagBag from /home/airflow/.local/lib/python3.8/site-packages/airflow/example_dags/tutorial_dag.py
[2024-10-14T21:39:13.710+0000] {processor.py:840} INFO - DAG(s) 'tutorial_dag' retrieved from /home/airflow/.local/lib/python3.8/site-packages/airflow/example_dags/tutorial_dag.py
[2024-10-14T21:39:13.724+0000] {logging_mixin.py:188} INFO - [2024-10-14T21:39:13.724+0000] {dag.py:3036} INFO - Sync 1 DAGs
[2024-10-14T21:39:13.733+0000] {logging_mixin.py:188} INFO - [2024-10-14T21:39:13.733+0000] {dag.py:3823} INFO - Setting next_dagrun for tutorial_dag to None, run_after=None
[2024-10-14T21:39:13.749+0000] {processor.py:183} INFO - Processing /home/airflow/.local/lib/python3.8/site-packages/airflow/example_dags/tutorial_dag.py took 0.048 seconds
[2024-10-14T21:44:06.342+0000] {processor.py:161} INFO - Started process (PID=114) to work on /home/airflow/.local/lib/python3.8/site-packages/airflow/example_dags/tutorial_dag.py
[2024-10-14T21:44:06.343+0000] {processor.py:830} INFO - Processing file /home/airflow/.local/lib/python3.8/site-packages/airflow/example_dags/tutorial_dag.py for tasks to queue
[2024-10-14T21:44:06.344+0000] {logging_mixin.py:188} INFO - [2024-10-14T21:44:06.344+0000] {dagbag.py:538} INFO - Filling up the DagBag from /home/airflow/.local/lib/python3.8/site-packages/airflow/example_dags/tutorial_dag.py
[2024-10-14T21:44:06.349+0000] {processor.py:840} INFO - DAG(s) 'tutorial_dag' retrieved from /home/airflow/.local/lib/python3.8/site-packages/airflow/example_dags/tutorial_dag.py
[2024-10-14T21:44:06.433+0000] {logging_mixin.py:188} INFO - [2024-10-14T21:44:06.432+0000] {dag.py:3036} INFO - Sync 1 DAGs
[2024-10-14T21:44:06.440+0000] {logging_mixin.py:188} INFO - [2024-10-14T21:44:06.440+0000] {dag.py:3823} INFO - Setting next_dagrun for tutorial_dag to None, run_after=None
[2024-10-14T21:44:06.456+0000] {processor.py:183} INFO - Processing /home/airflow/.local/lib/python3.8/site-packages/airflow/example_dags/tutorial_dag.py took 0.117 seconds
[2024-10-14T21:44:37.569+0000] {processor.py:161} INFO - Started process (PID=188) to work on /home/airflow/.local/lib/python3.8/site-packages/airflow/example_dags/tutorial_dag.py
[2024-10-14T21:44:37.570+0000] {processor.py:830} INFO - Processing file /home/airflow/.local/lib/python3.8/site-packages/airflow/example_dags/tutorial_dag.py for tasks to queue
[2024-10-14T21:44:37.573+0000] {logging_mixin.py:188} INFO - [2024-10-14T21:44:37.572+0000] {dagbag.py:538} INFO - Filling up the DagBag from /home/airflow/.local/lib/python3.8/site-packages/airflow/example_dags/tutorial_dag.py
[2024-10-14T21:44:37.580+0000] {processor.py:840} INFO - DAG(s) 'tutorial_dag' retrieved from /home/airflow/.local/lib/python3.8/site-packages/airflow/example_dags/tutorial_dag.py
[2024-10-14T21:44:37.607+0000] {logging_mixin.py:188} INFO - [2024-10-14T21:44:37.606+0000] {dag.py:3036} INFO - Sync 1 DAGs
[2024-10-14T21:44:37.622+0000] {logging_mixin.py:188} INFO - [2024-10-14T21:44:37.622+0000] {dag.py:3823} INFO - Setting next_dagrun for tutorial_dag to None, run_after=None
[2024-10-14T21:44:37.645+0000] {processor.py:183} INFO - Processing /home/airflow/.local/lib/python3.8/site-packages/airflow/example_dags/tutorial_dag.py took 0.080 seconds
[2024-10-14T21:45:07.752+0000] {processor.py:161} INFO - Started process (PID=254) to work on /home/airflow/.local/lib/python3.8/site-packages/airflow/example_dags/tutorial_dag.py
[2024-10-14T21:45:07.752+0000] {processor.py:830} INFO - Processing file /home/airflow/.local/lib/python3.8/site-packages/airflow/example_dags/tutorial_dag.py for tasks to queue
[2024-10-14T21:45:07.754+0000] {logging_mixin.py:188} INFO - [2024-10-14T21:45:07.753+0000] {dagbag.py:538} INFO - Filling up the DagBag from /home/airflow/.local/lib/python3.8/site-packages/airflow/example_dags/tutorial_dag.py
[2024-10-14T21:45:07.758+0000] {processor.py:840} INFO - DAG(s) 'tutorial_dag' retrieved from /home/airflow/.local/lib/python3.8/site-packages/airflow/example_dags/tutorial_dag.py
[2024-10-14T21:45:07.771+0000] {logging_mixin.py:188} INFO - [2024-10-14T21:45:07.771+0000] {dag.py:3036} INFO - Sync 1 DAGs
[2024-10-14T21:45:07.779+0000] {logging_mixin.py:188} INFO - [2024-10-14T21:45:07.778+0000] {dag.py:3823} INFO - Setting next_dagrun for tutorial_dag to None, run_after=None
[2024-10-14T21:45:07.792+0000] {processor.py:183} INFO - Processing /home/airflow/.local/lib/python3.8/site-packages/airflow/example_dags/tutorial_dag.py took 0.043 seconds
[2024-10-14T21:45:38.419+0000] {processor.py:161} INFO - Started process (PID=329) to work on /home/airflow/.local/lib/python3.8/site-packages/airflow/example_dags/tutorial_dag.py
[2024-10-14T21:45:38.420+0000] {processor.py:830} INFO - Processing file /home/airflow/.local/lib/python3.8/site-packages/airflow/example_dags/tutorial_dag.py for tasks to queue
[2024-10-14T21:45:38.421+0000] {logging_mixin.py:188} INFO - [2024-10-14T21:45:38.421+0000] {dagbag.py:538} INFO - Filling up the DagBag from /home/airflow/.local/lib/python3.8/site-packages/airflow/example_dags/tutorial_dag.py
[2024-10-14T21:45:38.426+0000] {processor.py:840} INFO - DAG(s) 'tutorial_dag' retrieved from /home/airflow/.local/lib/python3.8/site-packages/airflow/example_dags/tutorial_dag.py
[2024-10-14T21:45:38.444+0000] {logging_mixin.py:188} INFO - [2024-10-14T21:45:38.443+0000] {dag.py:3036} INFO - Sync 1 DAGs
[2024-10-14T21:45:38.453+0000] {logging_mixin.py:188} INFO - [2024-10-14T21:45:38.453+0000] {dag.py:3823} INFO - Setting next_dagrun for tutorial_dag to None, run_after=None
[2024-10-14T21:45:38.470+0000] {processor.py:183} INFO - Processing /home/airflow/.local/lib/python3.8/site-packages/airflow/example_dags/tutorial_dag.py took 0.053 seconds
[2024-10-14T21:46:08.544+0000] {processor.py:161} INFO - Started process (PID=394) to work on /home/airflow/.local/lib/python3.8/site-packages/airflow/example_dags/tutorial_dag.py
[2024-10-14T21:46:08.545+0000] {processor.py:830} INFO - Processing file /home/airflow/.local/lib/python3.8/site-packages/airflow/example_dags/tutorial_dag.py for tasks to queue
[2024-10-14T21:46:08.547+0000] {logging_mixin.py:188} INFO - [2024-10-14T21:46:08.547+0000] {dagbag.py:538} INFO - Filling up the DagBag from /home/airflow/.local/lib/python3.8/site-packages/airflow/example_dags/tutorial_dag.py
[2024-10-14T21:46:08.551+0000] {processor.py:840} INFO - DAG(s) 'tutorial_dag' retrieved from /home/airflow/.local/lib/python3.8/site-packages/airflow/example_dags/tutorial_dag.py
[2024-10-14T21:46:08.565+0000] {logging_mixin.py:188} INFO - [2024-10-14T21:46:08.565+0000] {dag.py:3036} INFO - Sync 1 DAGs
[2024-10-14T21:46:08.574+0000] {logging_mixin.py:188} INFO - [2024-10-14T21:46:08.574+0000] {dag.py:3823} INFO - Setting next_dagrun for tutorial_dag to None, run_after=None
[2024-10-14T21:46:08.588+0000] {processor.py:183} INFO - Processing /home/airflow/.local/lib/python3.8/site-packages/airflow/example_dags/tutorial_dag.py took 0.046 seconds
[2024-10-14T21:46:39.411+0000] {processor.py:161} INFO - Started process (PID=470) to work on /home/airflow/.local/lib/python3.8/site-packages/airflow/example_dags/tutorial_dag.py
[2024-10-14T21:46:39.412+0000] {processor.py:830} INFO - Processing file /home/airflow/.local/lib/python3.8/site-packages/airflow/example_dags/tutorial_dag.py for tasks to queue
[2024-10-14T21:46:39.417+0000] {logging_mixin.py:188} INFO - [2024-10-14T21:46:39.416+0000] {dagbag.py:538} INFO - Filling up the DagBag from /home/airflow/.local/lib/python3.8/site-packages/airflow/example_dags/tutorial_dag.py
[2024-10-14T21:46:39.425+0000] {processor.py:840} INFO - DAG(s) 'tutorial_dag' retrieved from /home/airflow/.local/lib/python3.8/site-packages/airflow/example_dags/tutorial_dag.py
[2024-10-14T21:46:39.458+0000] {logging_mixin.py:188} INFO - [2024-10-14T21:46:39.457+0000] {dag.py:3036} INFO - Sync 1 DAGs
[2024-10-14T21:46:39.475+0000] {logging_mixin.py:188} INFO - [2024-10-14T21:46:39.474+0000] {dag.py:3823} INFO - Setting next_dagrun for tutorial_dag to None, run_after=None
[2024-10-14T21:46:39.502+0000] {processor.py:183} INFO - Processing /home/airflow/.local/lib/python3.8/site-packages/airflow/example_dags/tutorial_dag.py took 0.096 seconds
[2024-10-14T21:50:44.249+0000] {processor.py:161} INFO - Started process (PID=123) to work on /home/airflow/.local/lib/python3.8/site-packages/airflow/example_dags/tutorial_dag.py
[2024-10-14T21:50:44.250+0000] {processor.py:830} INFO - Processing file /home/airflow/.local/lib/python3.8/site-packages/airflow/example_dags/tutorial_dag.py for tasks to queue
[2024-10-14T21:50:44.252+0000] {logging_mixin.py:188} INFO - [2024-10-14T21:50:44.252+0000] {dagbag.py:538} INFO - Filling up the DagBag from /home/airflow/.local/lib/python3.8/site-packages/airflow/example_dags/tutorial_dag.py
[2024-10-14T21:50:44.260+0000] {processor.py:840} INFO - DAG(s) 'tutorial_dag' retrieved from /home/airflow/.local/lib/python3.8/site-packages/airflow/example_dags/tutorial_dag.py
[2024-10-14T21:50:44.275+0000] {logging_mixin.py:188} INFO - [2024-10-14T21:50:44.274+0000] {dag.py:3036} INFO - Sync 1 DAGs
[2024-10-14T21:50:44.295+0000] {logging_mixin.py:188} INFO - [2024-10-14T21:50:44.294+0000] {dag.py:3823} INFO - Setting next_dagrun for tutorial_dag to None, run_after=None
[2024-10-14T21:50:44.326+0000] {processor.py:183} INFO - Processing /home/airflow/.local/lib/python3.8/site-packages/airflow/example_dags/tutorial_dag.py took 0.081 seconds
[2024-10-14T21:51:14.855+0000] {processor.py:161} INFO - Started process (PID=196) to work on /home/airflow/.local/lib/python3.8/site-packages/airflow/example_dags/tutorial_dag.py
[2024-10-14T21:51:14.855+0000] {processor.py:830} INFO - Processing file /home/airflow/.local/lib/python3.8/site-packages/airflow/example_dags/tutorial_dag.py for tasks to queue
[2024-10-14T21:51:14.856+0000] {logging_mixin.py:188} INFO - [2024-10-14T21:51:14.856+0000] {dagbag.py:538} INFO - Filling up the DagBag from /home/airflow/.local/lib/python3.8/site-packages/airflow/example_dags/tutorial_dag.py
[2024-10-14T21:51:14.861+0000] {processor.py:840} INFO - DAG(s) 'tutorial_dag' retrieved from /home/airflow/.local/lib/python3.8/site-packages/airflow/example_dags/tutorial_dag.py
[2024-10-14T21:51:14.949+0000] {logging_mixin.py:188} INFO - [2024-10-14T21:51:14.948+0000] {dag.py:3036} INFO - Sync 1 DAGs
[2024-10-14T21:51:14.960+0000] {logging_mixin.py:188} INFO - [2024-10-14T21:51:14.960+0000] {dag.py:3823} INFO - Setting next_dagrun for tutorial_dag to None, run_after=None
[2024-10-14T21:51:14.979+0000] {processor.py:183} INFO - Processing /home/airflow/.local/lib/python3.8/site-packages/airflow/example_dags/tutorial_dag.py took 0.126 seconds
[2024-10-14T21:51:45.231+0000] {processor.py:161} INFO - Started process (PID=278) to work on /home/airflow/.local/lib/python3.8/site-packages/airflow/example_dags/tutorial_dag.py
[2024-10-14T21:51:45.232+0000] {processor.py:830} INFO - Processing file /home/airflow/.local/lib/python3.8/site-packages/airflow/example_dags/tutorial_dag.py for tasks to queue
[2024-10-14T21:51:45.233+0000] {logging_mixin.py:188} INFO - [2024-10-14T21:51:45.233+0000] {dagbag.py:538} INFO - Filling up the DagBag from /home/airflow/.local/lib/python3.8/site-packages/airflow/example_dags/tutorial_dag.py
[2024-10-14T21:51:45.239+0000] {processor.py:840} INFO - DAG(s) 'tutorial_dag' retrieved from /home/airflow/.local/lib/python3.8/site-packages/airflow/example_dags/tutorial_dag.py
[2024-10-14T21:51:45.262+0000] {logging_mixin.py:188} INFO - [2024-10-14T21:51:45.262+0000] {dag.py:3036} INFO - Sync 1 DAGs
[2024-10-14T21:51:45.271+0000] {logging_mixin.py:188} INFO - [2024-10-14T21:51:45.271+0000] {dag.py:3823} INFO - Setting next_dagrun for tutorial_dag to None, run_after=None
[2024-10-14T21:51:45.290+0000] {processor.py:183} INFO - Processing /home/airflow/.local/lib/python3.8/site-packages/airflow/example_dags/tutorial_dag.py took 0.061 seconds
[2024-10-14T21:52:16.415+0000] {processor.py:161} INFO - Started process (PID=352) to work on /home/airflow/.local/lib/python3.8/site-packages/airflow/example_dags/tutorial_dag.py
[2024-10-14T21:52:16.416+0000] {processor.py:830} INFO - Processing file /home/airflow/.local/lib/python3.8/site-packages/airflow/example_dags/tutorial_dag.py for tasks to queue
[2024-10-14T21:52:16.418+0000] {logging_mixin.py:188} INFO - [2024-10-14T21:52:16.417+0000] {dagbag.py:538} INFO - Filling up the DagBag from /home/airflow/.local/lib/python3.8/site-packages/airflow/example_dags/tutorial_dag.py
[2024-10-14T21:52:16.422+0000] {processor.py:840} INFO - DAG(s) 'tutorial_dag' retrieved from /home/airflow/.local/lib/python3.8/site-packages/airflow/example_dags/tutorial_dag.py
[2024-10-14T21:52:16.436+0000] {logging_mixin.py:188} INFO - [2024-10-14T21:52:16.436+0000] {dag.py:3036} INFO - Sync 1 DAGs
[2024-10-14T21:52:16.445+0000] {logging_mixin.py:188} INFO - [2024-10-14T21:52:16.444+0000] {dag.py:3823} INFO - Setting next_dagrun for tutorial_dag to None, run_after=None
[2024-10-14T21:52:16.459+0000] {processor.py:183} INFO - Processing /home/airflow/.local/lib/python3.8/site-packages/airflow/example_dags/tutorial_dag.py took 0.047 seconds
[2024-10-14T21:52:47.796+0000] {processor.py:161} INFO - Started process (PID=433) to work on /home/airflow/.local/lib/python3.8/site-packages/airflow/example_dags/tutorial_dag.py
[2024-10-14T21:52:47.797+0000] {processor.py:830} INFO - Processing file /home/airflow/.local/lib/python3.8/site-packages/airflow/example_dags/tutorial_dag.py for tasks to queue
[2024-10-14T21:52:47.801+0000] {logging_mixin.py:188} INFO - [2024-10-14T21:52:47.800+0000] {dagbag.py:538} INFO - Filling up the DagBag from /home/airflow/.local/lib/python3.8/site-packages/airflow/example_dags/tutorial_dag.py
[2024-10-14T21:52:47.809+0000] {processor.py:840} INFO - DAG(s) 'tutorial_dag' retrieved from /home/airflow/.local/lib/python3.8/site-packages/airflow/example_dags/tutorial_dag.py
[2024-10-14T21:52:47.829+0000] {logging_mixin.py:188} INFO - [2024-10-14T21:52:47.829+0000] {dag.py:3036} INFO - Sync 1 DAGs
[2024-10-14T21:52:47.842+0000] {logging_mixin.py:188} INFO - [2024-10-14T21:52:47.842+0000] {dag.py:3823} INFO - Setting next_dagrun for tutorial_dag to None, run_after=None
[2024-10-14T21:52:47.861+0000] {processor.py:183} INFO - Processing /home/airflow/.local/lib/python3.8/site-packages/airflow/example_dags/tutorial_dag.py took 0.068 seconds
[2024-10-14T21:53:18.719+0000] {processor.py:161} INFO - Started process (PID=506) to work on /home/airflow/.local/lib/python3.8/site-packages/airflow/example_dags/tutorial_dag.py
[2024-10-14T21:53:18.721+0000] {processor.py:830} INFO - Processing file /home/airflow/.local/lib/python3.8/site-packages/airflow/example_dags/tutorial_dag.py for tasks to queue
[2024-10-14T21:53:18.722+0000] {logging_mixin.py:188} INFO - [2024-10-14T21:53:18.722+0000] {dagbag.py:538} INFO - Filling up the DagBag from /home/airflow/.local/lib/python3.8/site-packages/airflow/example_dags/tutorial_dag.py
[2024-10-14T21:53:18.726+0000] {processor.py:840} INFO - DAG(s) 'tutorial_dag' retrieved from /home/airflow/.local/lib/python3.8/site-packages/airflow/example_dags/tutorial_dag.py
[2024-10-14T21:53:18.745+0000] {logging_mixin.py:188} INFO - [2024-10-14T21:53:18.745+0000] {dag.py:3036} INFO - Sync 1 DAGs
[2024-10-14T21:53:18.758+0000] {logging_mixin.py:188} INFO - [2024-10-14T21:53:18.758+0000] {dag.py:3823} INFO - Setting next_dagrun for tutorial_dag to None, run_after=None
[2024-10-14T21:53:18.777+0000] {processor.py:183} INFO - Processing /home/airflow/.local/lib/python3.8/site-packages/airflow/example_dags/tutorial_dag.py took 0.063 seconds
[2024-10-14T21:53:48.848+0000] {processor.py:161} INFO - Started process (PID=578) to work on /home/airflow/.local/lib/python3.8/site-packages/airflow/example_dags/tutorial_dag.py
[2024-10-14T21:53:48.851+0000] {processor.py:830} INFO - Processing file /home/airflow/.local/lib/python3.8/site-packages/airflow/example_dags/tutorial_dag.py for tasks to queue
[2024-10-14T21:53:48.855+0000] {logging_mixin.py:188} INFO - [2024-10-14T21:53:48.854+0000] {dagbag.py:538} INFO - Filling up the DagBag from /home/airflow/.local/lib/python3.8/site-packages/airflow/example_dags/tutorial_dag.py
[2024-10-14T21:53:48.859+0000] {processor.py:840} INFO - DAG(s) 'tutorial_dag' retrieved from /home/airflow/.local/lib/python3.8/site-packages/airflow/example_dags/tutorial_dag.py
[2024-10-14T21:53:48.878+0000] {logging_mixin.py:188} INFO - [2024-10-14T21:53:48.878+0000] {dag.py:3036} INFO - Sync 1 DAGs
[2024-10-14T21:53:48.894+0000] {logging_mixin.py:188} INFO - [2024-10-14T21:53:48.894+0000] {dag.py:3823} INFO - Setting next_dagrun for tutorial_dag to None, run_after=None
[2024-10-14T21:53:48.923+0000] {processor.py:183} INFO - Processing /home/airflow/.local/lib/python3.8/site-packages/airflow/example_dags/tutorial_dag.py took 0.078 seconds
[2024-10-14T21:54:19.179+0000] {processor.py:161} INFO - Started process (PID=661) to work on /home/airflow/.local/lib/python3.8/site-packages/airflow/example_dags/tutorial_dag.py
[2024-10-14T21:54:19.180+0000] {processor.py:830} INFO - Processing file /home/airflow/.local/lib/python3.8/site-packages/airflow/example_dags/tutorial_dag.py for tasks to queue
[2024-10-14T21:54:19.182+0000] {logging_mixin.py:188} INFO - [2024-10-14T21:54:19.181+0000] {dagbag.py:538} INFO - Filling up the DagBag from /home/airflow/.local/lib/python3.8/site-packages/airflow/example_dags/tutorial_dag.py
[2024-10-14T21:54:19.189+0000] {processor.py:840} INFO - DAG(s) 'tutorial_dag' retrieved from /home/airflow/.local/lib/python3.8/site-packages/airflow/example_dags/tutorial_dag.py
[2024-10-14T21:54:19.208+0000] {logging_mixin.py:188} INFO - [2024-10-14T21:54:19.207+0000] {dag.py:3036} INFO - Sync 1 DAGs
[2024-10-14T21:54:19.220+0000] {logging_mixin.py:188} INFO - [2024-10-14T21:54:19.220+0000] {dag.py:3823} INFO - Setting next_dagrun for tutorial_dag to None, run_after=None
[2024-10-14T21:54:19.239+0000] {processor.py:183} INFO - Processing /home/airflow/.local/lib/python3.8/site-packages/airflow/example_dags/tutorial_dag.py took 0.062 seconds
[2024-10-14T21:58:43.553+0000] {processor.py:161} INFO - Started process (PID=122) to work on /home/airflow/.local/lib/python3.8/site-packages/airflow/example_dags/tutorial_dag.py
[2024-10-14T21:58:43.555+0000] {processor.py:830} INFO - Processing file /home/airflow/.local/lib/python3.8/site-packages/airflow/example_dags/tutorial_dag.py for tasks to queue
[2024-10-14T21:58:43.556+0000] {logging_mixin.py:188} INFO - [2024-10-14T21:58:43.556+0000] {dagbag.py:538} INFO - Filling up the DagBag from /home/airflow/.local/lib/python3.8/site-packages/airflow/example_dags/tutorial_dag.py
[2024-10-14T21:58:43.561+0000] {processor.py:840} INFO - DAG(s) 'tutorial_dag' retrieved from /home/airflow/.local/lib/python3.8/site-packages/airflow/example_dags/tutorial_dag.py
[2024-10-14T21:58:43.574+0000] {logging_mixin.py:188} INFO - [2024-10-14T21:58:43.574+0000] {dag.py:3036} INFO - Sync 1 DAGs
[2024-10-14T21:58:43.584+0000] {logging_mixin.py:188} INFO - [2024-10-14T21:58:43.584+0000] {dag.py:3823} INFO - Setting next_dagrun for tutorial_dag to None, run_after=None
[2024-10-14T21:58:43.609+0000] {processor.py:183} INFO - Processing /home/airflow/.local/lib/python3.8/site-packages/airflow/example_dags/tutorial_dag.py took 0.059 seconds
[2024-10-14T21:59:16.345+0000] {processor.py:161} INFO - Started process (PID=196) to work on /home/airflow/.local/lib/python3.8/site-packages/airflow/example_dags/tutorial_dag.py
[2024-10-14T21:59:16.346+0000] {processor.py:830} INFO - Processing file /home/airflow/.local/lib/python3.8/site-packages/airflow/example_dags/tutorial_dag.py for tasks to queue
[2024-10-14T21:59:16.348+0000] {logging_mixin.py:188} INFO - [2024-10-14T21:59:16.348+0000] {dagbag.py:538} INFO - Filling up the DagBag from /home/airflow/.local/lib/python3.8/site-packages/airflow/example_dags/tutorial_dag.py
[2024-10-14T21:59:16.360+0000] {processor.py:840} INFO - DAG(s) 'tutorial_dag' retrieved from /home/airflow/.local/lib/python3.8/site-packages/airflow/example_dags/tutorial_dag.py
[2024-10-14T21:59:16.456+0000] {logging_mixin.py:188} INFO - [2024-10-14T21:59:16.456+0000] {dag.py:3036} INFO - Sync 1 DAGs
[2024-10-14T21:59:16.466+0000] {logging_mixin.py:188} INFO - [2024-10-14T21:59:16.466+0000] {dag.py:3823} INFO - Setting next_dagrun for tutorial_dag to None, run_after=None
[2024-10-14T21:59:16.497+0000] {processor.py:183} INFO - Processing /home/airflow/.local/lib/python3.8/site-packages/airflow/example_dags/tutorial_dag.py took 0.158 seconds
[2024-10-14T21:59:46.796+0000] {processor.py:161} INFO - Started process (PID=278) to work on /home/airflow/.local/lib/python3.8/site-packages/airflow/example_dags/tutorial_dag.py
[2024-10-14T21:59:46.797+0000] {processor.py:830} INFO - Processing file /home/airflow/.local/lib/python3.8/site-packages/airflow/example_dags/tutorial_dag.py for tasks to queue
[2024-10-14T21:59:46.798+0000] {logging_mixin.py:188} INFO - [2024-10-14T21:59:46.798+0000] {dagbag.py:538} INFO - Filling up the DagBag from /home/airflow/.local/lib/python3.8/site-packages/airflow/example_dags/tutorial_dag.py
[2024-10-14T21:59:46.803+0000] {processor.py:840} INFO - DAG(s) 'tutorial_dag' retrieved from /home/airflow/.local/lib/python3.8/site-packages/airflow/example_dags/tutorial_dag.py
[2024-10-14T21:59:46.826+0000] {logging_mixin.py:188} INFO - [2024-10-14T21:59:46.826+0000] {dag.py:3036} INFO - Sync 1 DAGs
[2024-10-14T21:59:46.836+0000] {logging_mixin.py:188} INFO - [2024-10-14T21:59:46.836+0000] {dag.py:3823} INFO - Setting next_dagrun for tutorial_dag to None, run_after=None
[2024-10-14T21:59:46.853+0000] {processor.py:183} INFO - Processing /home/airflow/.local/lib/python3.8/site-packages/airflow/example_dags/tutorial_dag.py took 0.060 seconds
[2024-10-14T22:00:17.670+0000] {processor.py:161} INFO - Started process (PID=351) to work on /home/airflow/.local/lib/python3.8/site-packages/airflow/example_dags/tutorial_dag.py
[2024-10-14T22:00:17.671+0000] {processor.py:830} INFO - Processing file /home/airflow/.local/lib/python3.8/site-packages/airflow/example_dags/tutorial_dag.py for tasks to queue
[2024-10-14T22:00:17.675+0000] {logging_mixin.py:188} INFO - [2024-10-14T22:00:17.674+0000] {dagbag.py:538} INFO - Filling up the DagBag from /home/airflow/.local/lib/python3.8/site-packages/airflow/example_dags/tutorial_dag.py
[2024-10-14T22:00:17.679+0000] {processor.py:840} INFO - DAG(s) 'tutorial_dag' retrieved from /home/airflow/.local/lib/python3.8/site-packages/airflow/example_dags/tutorial_dag.py
[2024-10-14T22:00:17.698+0000] {logging_mixin.py:188} INFO - [2024-10-14T22:00:17.698+0000] {dag.py:3036} INFO - Sync 1 DAGs
[2024-10-14T22:00:17.711+0000] {logging_mixin.py:188} INFO - [2024-10-14T22:00:17.710+0000] {dag.py:3823} INFO - Setting next_dagrun for tutorial_dag to None, run_after=None
[2024-10-14T22:00:17.729+0000] {processor.py:183} INFO - Processing /home/airflow/.local/lib/python3.8/site-packages/airflow/example_dags/tutorial_dag.py took 0.065 seconds
[2024-10-14T22:00:47.941+0000] {processor.py:161} INFO - Started process (PID=416) to work on /home/airflow/.local/lib/python3.8/site-packages/airflow/example_dags/tutorial_dag.py
[2024-10-14T22:00:47.943+0000] {processor.py:830} INFO - Processing file /home/airflow/.local/lib/python3.8/site-packages/airflow/example_dags/tutorial_dag.py for tasks to queue
[2024-10-14T22:00:47.944+0000] {logging_mixin.py:188} INFO - [2024-10-14T22:00:47.944+0000] {dagbag.py:538} INFO - Filling up the DagBag from /home/airflow/.local/lib/python3.8/site-packages/airflow/example_dags/tutorial_dag.py
[2024-10-14T22:00:47.949+0000] {processor.py:840} INFO - DAG(s) 'tutorial_dag' retrieved from /home/airflow/.local/lib/python3.8/site-packages/airflow/example_dags/tutorial_dag.py
[2024-10-14T22:00:47.971+0000] {logging_mixin.py:188} INFO - [2024-10-14T22:00:47.970+0000] {dag.py:3036} INFO - Sync 1 DAGs
[2024-10-14T22:00:47.982+0000] {logging_mixin.py:188} INFO - [2024-10-14T22:00:47.982+0000] {dag.py:3823} INFO - Setting next_dagrun for tutorial_dag to None, run_after=None
[2024-10-14T22:00:48.000+0000] {processor.py:183} INFO - Processing /home/airflow/.local/lib/python3.8/site-packages/airflow/example_dags/tutorial_dag.py took 0.067 seconds
[2024-10-14T22:01:18.186+0000] {processor.py:161} INFO - Started process (PID=498) to work on /home/airflow/.local/lib/python3.8/site-packages/airflow/example_dags/tutorial_dag.py
[2024-10-14T22:01:18.189+0000] {processor.py:830} INFO - Processing file /home/airflow/.local/lib/python3.8/site-packages/airflow/example_dags/tutorial_dag.py for tasks to queue
[2024-10-14T22:01:18.194+0000] {logging_mixin.py:188} INFO - [2024-10-14T22:01:18.194+0000] {dagbag.py:538} INFO - Filling up the DagBag from /home/airflow/.local/lib/python3.8/site-packages/airflow/example_dags/tutorial_dag.py
[2024-10-14T22:01:18.203+0000] {processor.py:840} INFO - DAG(s) 'tutorial_dag' retrieved from /home/airflow/.local/lib/python3.8/site-packages/airflow/example_dags/tutorial_dag.py
[2024-10-14T22:01:18.235+0000] {logging_mixin.py:188} INFO - [2024-10-14T22:01:18.234+0000] {dag.py:3036} INFO - Sync 1 DAGs
[2024-10-14T22:01:18.250+0000] {logging_mixin.py:188} INFO - [2024-10-14T22:01:18.249+0000] {dag.py:3823} INFO - Setting next_dagrun for tutorial_dag to None, run_after=None
[2024-10-14T22:01:18.279+0000] {processor.py:183} INFO - Processing /home/airflow/.local/lib/python3.8/site-packages/airflow/example_dags/tutorial_dag.py took 0.098 seconds
[2024-10-14T22:01:48.512+0000] {processor.py:161} INFO - Started process (PID=572) to work on /home/airflow/.local/lib/python3.8/site-packages/airflow/example_dags/tutorial_dag.py
[2024-10-14T22:01:48.513+0000] {processor.py:830} INFO - Processing file /home/airflow/.local/lib/python3.8/site-packages/airflow/example_dags/tutorial_dag.py for tasks to queue
[2024-10-14T22:01:48.514+0000] {logging_mixin.py:188} INFO - [2024-10-14T22:01:48.514+0000] {dagbag.py:538} INFO - Filling up the DagBag from /home/airflow/.local/lib/python3.8/site-packages/airflow/example_dags/tutorial_dag.py
[2024-10-14T22:01:48.521+0000] {processor.py:840} INFO - DAG(s) 'tutorial_dag' retrieved from /home/airflow/.local/lib/python3.8/site-packages/airflow/example_dags/tutorial_dag.py
[2024-10-14T22:01:48.543+0000] {logging_mixin.py:188} INFO - [2024-10-14T22:01:48.543+0000] {dag.py:3036} INFO - Sync 1 DAGs
[2024-10-14T22:01:48.555+0000] {logging_mixin.py:188} INFO - [2024-10-14T22:01:48.554+0000] {dag.py:3823} INFO - Setting next_dagrun for tutorial_dag to None, run_after=None
[2024-10-14T22:01:48.576+0000] {processor.py:183} INFO - Processing /home/airflow/.local/lib/python3.8/site-packages/airflow/example_dags/tutorial_dag.py took 0.067 seconds
[2024-10-14T22:02:18.961+0000] {processor.py:161} INFO - Started process (PID=654) to work on /home/airflow/.local/lib/python3.8/site-packages/airflow/example_dags/tutorial_dag.py
[2024-10-14T22:02:18.962+0000] {processor.py:830} INFO - Processing file /home/airflow/.local/lib/python3.8/site-packages/airflow/example_dags/tutorial_dag.py for tasks to queue
[2024-10-14T22:02:18.964+0000] {logging_mixin.py:188} INFO - [2024-10-14T22:02:18.964+0000] {dagbag.py:538} INFO - Filling up the DagBag from /home/airflow/.local/lib/python3.8/site-packages/airflow/example_dags/tutorial_dag.py
[2024-10-14T22:02:18.971+0000] {processor.py:840} INFO - DAG(s) 'tutorial_dag' retrieved from /home/airflow/.local/lib/python3.8/site-packages/airflow/example_dags/tutorial_dag.py
[2024-10-14T22:02:18.995+0000] {logging_mixin.py:188} INFO - [2024-10-14T22:02:18.995+0000] {dag.py:3036} INFO - Sync 1 DAGs
[2024-10-14T22:02:19.009+0000] {logging_mixin.py:188} INFO - [2024-10-14T22:02:19.008+0000] {dag.py:3823} INFO - Setting next_dagrun for tutorial_dag to None, run_after=None
[2024-10-14T22:02:19.033+0000] {processor.py:183} INFO - Processing /home/airflow/.local/lib/python3.8/site-packages/airflow/example_dags/tutorial_dag.py took 0.076 seconds
[2024-10-14T22:02:49.645+0000] {processor.py:161} INFO - Started process (PID=728) to work on /home/airflow/.local/lib/python3.8/site-packages/airflow/example_dags/tutorial_dag.py
[2024-10-14T22:02:49.646+0000] {processor.py:830} INFO - Processing file /home/airflow/.local/lib/python3.8/site-packages/airflow/example_dags/tutorial_dag.py for tasks to queue
[2024-10-14T22:02:49.647+0000] {logging_mixin.py:188} INFO - [2024-10-14T22:02:49.647+0000] {dagbag.py:538} INFO - Filling up the DagBag from /home/airflow/.local/lib/python3.8/site-packages/airflow/example_dags/tutorial_dag.py
[2024-10-14T22:02:49.652+0000] {processor.py:840} INFO - DAG(s) 'tutorial_dag' retrieved from /home/airflow/.local/lib/python3.8/site-packages/airflow/example_dags/tutorial_dag.py
[2024-10-14T22:02:49.670+0000] {logging_mixin.py:188} INFO - [2024-10-14T22:02:49.669+0000] {dag.py:3036} INFO - Sync 1 DAGs
[2024-10-14T22:02:49.681+0000] {logging_mixin.py:188} INFO - [2024-10-14T22:02:49.680+0000] {dag.py:3823} INFO - Setting next_dagrun for tutorial_dag to None, run_after=None
[2024-10-14T22:02:49.696+0000] {processor.py:183} INFO - Processing /home/airflow/.local/lib/python3.8/site-packages/airflow/example_dags/tutorial_dag.py took 0.054 seconds
[2024-10-14T22:03:20.957+0000] {processor.py:161} INFO - Started process (PID=810) to work on /home/airflow/.local/lib/python3.8/site-packages/airflow/example_dags/tutorial_dag.py
[2024-10-14T22:03:20.960+0000] {processor.py:830} INFO - Processing file /home/airflow/.local/lib/python3.8/site-packages/airflow/example_dags/tutorial_dag.py for tasks to queue
[2024-10-14T22:03:20.964+0000] {logging_mixin.py:188} INFO - [2024-10-14T22:03:20.963+0000] {dagbag.py:538} INFO - Filling up the DagBag from /home/airflow/.local/lib/python3.8/site-packages/airflow/example_dags/tutorial_dag.py
[2024-10-14T22:03:20.971+0000] {processor.py:840} INFO - DAG(s) 'tutorial_dag' retrieved from /home/airflow/.local/lib/python3.8/site-packages/airflow/example_dags/tutorial_dag.py
[2024-10-14T22:03:21.006+0000] {logging_mixin.py:188} INFO - [2024-10-14T22:03:21.005+0000] {dag.py:3036} INFO - Sync 1 DAGs
[2024-10-14T22:03:21.026+0000] {logging_mixin.py:188} INFO - [2024-10-14T22:03:21.025+0000] {dag.py:3823} INFO - Setting next_dagrun for tutorial_dag to None, run_after=None
[2024-10-14T22:03:21.078+0000] {processor.py:183} INFO - Processing /home/airflow/.local/lib/python3.8/site-packages/airflow/example_dags/tutorial_dag.py took 0.124 seconds
[2024-10-14T22:03:51.934+0000] {processor.py:161} INFO - Started process (PID=884) to work on /home/airflow/.local/lib/python3.8/site-packages/airflow/example_dags/tutorial_dag.py
[2024-10-14T22:03:51.935+0000] {processor.py:830} INFO - Processing file /home/airflow/.local/lib/python3.8/site-packages/airflow/example_dags/tutorial_dag.py for tasks to queue
[2024-10-14T22:03:51.936+0000] {logging_mixin.py:188} INFO - [2024-10-14T22:03:51.936+0000] {dagbag.py:538} INFO - Filling up the DagBag from /home/airflow/.local/lib/python3.8/site-packages/airflow/example_dags/tutorial_dag.py
[2024-10-14T22:03:51.940+0000] {processor.py:840} INFO - DAG(s) 'tutorial_dag' retrieved from /home/airflow/.local/lib/python3.8/site-packages/airflow/example_dags/tutorial_dag.py
[2024-10-14T22:03:51.954+0000] {logging_mixin.py:188} INFO - [2024-10-14T22:03:51.954+0000] {dag.py:3036} INFO - Sync 1 DAGs
[2024-10-14T22:03:51.963+0000] {logging_mixin.py:188} INFO - [2024-10-14T22:03:51.963+0000] {dag.py:3823} INFO - Setting next_dagrun for tutorial_dag to None, run_after=None
[2024-10-14T22:03:51.977+0000] {processor.py:183} INFO - Processing /home/airflow/.local/lib/python3.8/site-packages/airflow/example_dags/tutorial_dag.py took 0.045 seconds
[2024-10-14T22:04:22.292+0000] {processor.py:161} INFO - Started process (PID=964) to work on /home/airflow/.local/lib/python3.8/site-packages/airflow/example_dags/tutorial_dag.py
[2024-10-14T22:04:22.293+0000] {processor.py:830} INFO - Processing file /home/airflow/.local/lib/python3.8/site-packages/airflow/example_dags/tutorial_dag.py for tasks to queue
[2024-10-14T22:04:22.294+0000] {logging_mixin.py:188} INFO - [2024-10-14T22:04:22.294+0000] {dagbag.py:538} INFO - Filling up the DagBag from /home/airflow/.local/lib/python3.8/site-packages/airflow/example_dags/tutorial_dag.py
[2024-10-14T22:04:22.298+0000] {processor.py:840} INFO - DAG(s) 'tutorial_dag' retrieved from /home/airflow/.local/lib/python3.8/site-packages/airflow/example_dags/tutorial_dag.py
[2024-10-14T22:04:22.312+0000] {logging_mixin.py:188} INFO - [2024-10-14T22:04:22.312+0000] {dag.py:3036} INFO - Sync 1 DAGs
[2024-10-14T22:04:22.320+0000] {logging_mixin.py:188} INFO - [2024-10-14T22:04:22.320+0000] {dag.py:3823} INFO - Setting next_dagrun for tutorial_dag to None, run_after=None
[2024-10-14T22:04:22.333+0000] {processor.py:183} INFO - Processing /home/airflow/.local/lib/python3.8/site-packages/airflow/example_dags/tutorial_dag.py took 0.043 seconds
[2024-10-14T22:04:52.922+0000] {processor.py:161} INFO - Started process (PID=1038) to work on /home/airflow/.local/lib/python3.8/site-packages/airflow/example_dags/tutorial_dag.py
[2024-10-14T22:04:52.923+0000] {processor.py:830} INFO - Processing file /home/airflow/.local/lib/python3.8/site-packages/airflow/example_dags/tutorial_dag.py for tasks to queue
[2024-10-14T22:04:52.924+0000] {logging_mixin.py:188} INFO - [2024-10-14T22:04:52.924+0000] {dagbag.py:538} INFO - Filling up the DagBag from /home/airflow/.local/lib/python3.8/site-packages/airflow/example_dags/tutorial_dag.py
[2024-10-14T22:04:52.928+0000] {processor.py:840} INFO - DAG(s) 'tutorial_dag' retrieved from /home/airflow/.local/lib/python3.8/site-packages/airflow/example_dags/tutorial_dag.py
[2024-10-14T22:04:52.941+0000] {logging_mixin.py:188} INFO - [2024-10-14T22:04:52.941+0000] {dag.py:3036} INFO - Sync 1 DAGs
[2024-10-14T22:04:52.950+0000] {logging_mixin.py:188} INFO - [2024-10-14T22:04:52.949+0000] {dag.py:3823} INFO - Setting next_dagrun for tutorial_dag to None, run_after=None
[2024-10-14T22:04:52.963+0000] {processor.py:183} INFO - Processing /home/airflow/.local/lib/python3.8/site-packages/airflow/example_dags/tutorial_dag.py took 0.043 seconds
[2024-10-14T22:05:23.850+0000] {processor.py:161} INFO - Started process (PID=1120) to work on /home/airflow/.local/lib/python3.8/site-packages/airflow/example_dags/tutorial_dag.py
[2024-10-14T22:05:23.851+0000] {processor.py:830} INFO - Processing file /home/airflow/.local/lib/python3.8/site-packages/airflow/example_dags/tutorial_dag.py for tasks to queue
[2024-10-14T22:05:23.852+0000] {logging_mixin.py:188} INFO - [2024-10-14T22:05:23.852+0000] {dagbag.py:538} INFO - Filling up the DagBag from /home/airflow/.local/lib/python3.8/site-packages/airflow/example_dags/tutorial_dag.py
[2024-10-14T22:05:23.856+0000] {processor.py:840} INFO - DAG(s) 'tutorial_dag' retrieved from /home/airflow/.local/lib/python3.8/site-packages/airflow/example_dags/tutorial_dag.py
[2024-10-14T22:05:23.874+0000] {logging_mixin.py:188} INFO - [2024-10-14T22:05:23.874+0000] {dag.py:3036} INFO - Sync 1 DAGs
[2024-10-14T22:05:23.894+0000] {logging_mixin.py:188} INFO - [2024-10-14T22:05:23.894+0000] {dag.py:3823} INFO - Setting next_dagrun for tutorial_dag to None, run_after=None
[2024-10-14T22:05:23.916+0000] {processor.py:183} INFO - Processing /home/airflow/.local/lib/python3.8/site-packages/airflow/example_dags/tutorial_dag.py took 0.068 seconds
[2024-10-14T22:05:53.952+0000] {processor.py:161} INFO - Started process (PID=1193) to work on /home/airflow/.local/lib/python3.8/site-packages/airflow/example_dags/tutorial_dag.py
[2024-10-14T22:05:53.952+0000] {processor.py:830} INFO - Processing file /home/airflow/.local/lib/python3.8/site-packages/airflow/example_dags/tutorial_dag.py for tasks to queue
[2024-10-14T22:05:53.953+0000] {logging_mixin.py:188} INFO - [2024-10-14T22:05:53.953+0000] {dagbag.py:538} INFO - Filling up the DagBag from /home/airflow/.local/lib/python3.8/site-packages/airflow/example_dags/tutorial_dag.py
[2024-10-14T22:05:53.957+0000] {processor.py:840} INFO - DAG(s) 'tutorial_dag' retrieved from /home/airflow/.local/lib/python3.8/site-packages/airflow/example_dags/tutorial_dag.py
[2024-10-14T22:05:53.970+0000] {logging_mixin.py:188} INFO - [2024-10-14T22:05:53.969+0000] {dag.py:3036} INFO - Sync 1 DAGs
[2024-10-14T22:05:53.977+0000] {logging_mixin.py:188} INFO - [2024-10-14T22:05:53.977+0000] {dag.py:3823} INFO - Setting next_dagrun for tutorial_dag to None, run_after=None
[2024-10-14T22:05:53.990+0000] {processor.py:183} INFO - Processing /home/airflow/.local/lib/python3.8/site-packages/airflow/example_dags/tutorial_dag.py took 0.041 seconds
[2024-10-14T22:06:24.074+0000] {processor.py:161} INFO - Started process (PID=1274) to work on /home/airflow/.local/lib/python3.8/site-packages/airflow/example_dags/tutorial_dag.py
[2024-10-14T22:06:24.074+0000] {processor.py:830} INFO - Processing file /home/airflow/.local/lib/python3.8/site-packages/airflow/example_dags/tutorial_dag.py for tasks to queue
[2024-10-14T22:06:24.076+0000] {logging_mixin.py:188} INFO - [2024-10-14T22:06:24.076+0000] {dagbag.py:538} INFO - Filling up the DagBag from /home/airflow/.local/lib/python3.8/site-packages/airflow/example_dags/tutorial_dag.py
[2024-10-14T22:06:24.080+0000] {processor.py:840} INFO - DAG(s) 'tutorial_dag' retrieved from /home/airflow/.local/lib/python3.8/site-packages/airflow/example_dags/tutorial_dag.py
[2024-10-14T22:06:24.092+0000] {logging_mixin.py:188} INFO - [2024-10-14T22:06:24.092+0000] {dag.py:3036} INFO - Sync 1 DAGs
[2024-10-14T22:06:24.101+0000] {logging_mixin.py:188} INFO - [2024-10-14T22:06:24.100+0000] {dag.py:3823} INFO - Setting next_dagrun for tutorial_dag to None, run_after=None
[2024-10-14T22:06:24.114+0000] {processor.py:183} INFO - Processing /home/airflow/.local/lib/python3.8/site-packages/airflow/example_dags/tutorial_dag.py took 0.044 seconds
[2024-10-14T22:06:54.430+0000] {processor.py:161} INFO - Started process (PID=1349) to work on /home/airflow/.local/lib/python3.8/site-packages/airflow/example_dags/tutorial_dag.py
[2024-10-14T22:06:54.430+0000] {processor.py:830} INFO - Processing file /home/airflow/.local/lib/python3.8/site-packages/airflow/example_dags/tutorial_dag.py for tasks to queue
[2024-10-14T22:06:54.431+0000] {logging_mixin.py:188} INFO - [2024-10-14T22:06:54.431+0000] {dagbag.py:538} INFO - Filling up the DagBag from /home/airflow/.local/lib/python3.8/site-packages/airflow/example_dags/tutorial_dag.py
[2024-10-14T22:06:54.435+0000] {processor.py:840} INFO - DAG(s) 'tutorial_dag' retrieved from /home/airflow/.local/lib/python3.8/site-packages/airflow/example_dags/tutorial_dag.py
[2024-10-14T22:06:54.447+0000] {logging_mixin.py:188} INFO - [2024-10-14T22:06:54.447+0000] {dag.py:3036} INFO - Sync 1 DAGs
[2024-10-14T22:06:54.455+0000] {logging_mixin.py:188} INFO - [2024-10-14T22:06:54.455+0000] {dag.py:3823} INFO - Setting next_dagrun for tutorial_dag to None, run_after=None
[2024-10-14T22:06:54.467+0000] {processor.py:183} INFO - Processing /home/airflow/.local/lib/python3.8/site-packages/airflow/example_dags/tutorial_dag.py took 0.040 seconds
[2024-10-14T22:07:25.138+0000] {processor.py:161} INFO - Started process (PID=1432) to work on /home/airflow/.local/lib/python3.8/site-packages/airflow/example_dags/tutorial_dag.py
[2024-10-14T22:07:25.139+0000] {processor.py:830} INFO - Processing file /home/airflow/.local/lib/python3.8/site-packages/airflow/example_dags/tutorial_dag.py for tasks to queue
[2024-10-14T22:07:25.140+0000] {logging_mixin.py:188} INFO - [2024-10-14T22:07:25.140+0000] {dagbag.py:538} INFO - Filling up the DagBag from /home/airflow/.local/lib/python3.8/site-packages/airflow/example_dags/tutorial_dag.py
[2024-10-14T22:07:25.144+0000] {processor.py:840} INFO - DAG(s) 'tutorial_dag' retrieved from /home/airflow/.local/lib/python3.8/site-packages/airflow/example_dags/tutorial_dag.py
[2024-10-14T22:07:25.159+0000] {logging_mixin.py:188} INFO - [2024-10-14T22:07:25.159+0000] {dag.py:3036} INFO - Sync 1 DAGs
[2024-10-14T22:07:25.167+0000] {logging_mixin.py:188} INFO - [2024-10-14T22:07:25.167+0000] {dag.py:3823} INFO - Setting next_dagrun for tutorial_dag to None, run_after=None
[2024-10-14T22:07:25.180+0000] {processor.py:183} INFO - Processing /home/airflow/.local/lib/python3.8/site-packages/airflow/example_dags/tutorial_dag.py took 0.044 seconds
[2024-10-14T22:07:55.260+0000] {processor.py:161} INFO - Started process (PID=1514) to work on /home/airflow/.local/lib/python3.8/site-packages/airflow/example_dags/tutorial_dag.py
[2024-10-14T22:07:55.261+0000] {processor.py:830} INFO - Processing file /home/airflow/.local/lib/python3.8/site-packages/airflow/example_dags/tutorial_dag.py for tasks to queue
[2024-10-14T22:07:55.262+0000] {logging_mixin.py:188} INFO - [2024-10-14T22:07:55.262+0000] {dagbag.py:538} INFO - Filling up the DagBag from /home/airflow/.local/lib/python3.8/site-packages/airflow/example_dags/tutorial_dag.py
[2024-10-14T22:07:55.267+0000] {processor.py:840} INFO - DAG(s) 'tutorial_dag' retrieved from /home/airflow/.local/lib/python3.8/site-packages/airflow/example_dags/tutorial_dag.py
[2024-10-14T22:07:55.280+0000] {logging_mixin.py:188} INFO - [2024-10-14T22:07:55.280+0000] {dag.py:3036} INFO - Sync 1 DAGs
[2024-10-14T22:07:55.288+0000] {logging_mixin.py:188} INFO - [2024-10-14T22:07:55.288+0000] {dag.py:3823} INFO - Setting next_dagrun for tutorial_dag to None, run_after=None
[2024-10-14T22:07:55.303+0000] {processor.py:183} INFO - Processing /home/airflow/.local/lib/python3.8/site-packages/airflow/example_dags/tutorial_dag.py took 0.045 seconds
[2024-10-14T22:08:25.848+0000] {processor.py:161} INFO - Started process (PID=1588) to work on /home/airflow/.local/lib/python3.8/site-packages/airflow/example_dags/tutorial_dag.py
[2024-10-14T22:08:25.848+0000] {processor.py:830} INFO - Processing file /home/airflow/.local/lib/python3.8/site-packages/airflow/example_dags/tutorial_dag.py for tasks to queue
[2024-10-14T22:08:25.850+0000] {logging_mixin.py:188} INFO - [2024-10-14T22:08:25.849+0000] {dagbag.py:538} INFO - Filling up the DagBag from /home/airflow/.local/lib/python3.8/site-packages/airflow/example_dags/tutorial_dag.py
[2024-10-14T22:08:25.853+0000] {processor.py:840} INFO - DAG(s) 'tutorial_dag' retrieved from /home/airflow/.local/lib/python3.8/site-packages/airflow/example_dags/tutorial_dag.py
[2024-10-14T22:08:25.866+0000] {logging_mixin.py:188} INFO - [2024-10-14T22:08:25.866+0000] {dag.py:3036} INFO - Sync 1 DAGs
[2024-10-14T22:08:25.874+0000] {logging_mixin.py:188} INFO - [2024-10-14T22:08:25.873+0000] {dag.py:3823} INFO - Setting next_dagrun for tutorial_dag to None, run_after=None
[2024-10-14T22:08:25.886+0000] {processor.py:183} INFO - Processing /home/airflow/.local/lib/python3.8/site-packages/airflow/example_dags/tutorial_dag.py took 0.041 seconds
[2024-10-14T22:08:56.419+0000] {processor.py:161} INFO - Started process (PID=1669) to work on /home/airflow/.local/lib/python3.8/site-packages/airflow/example_dags/tutorial_dag.py
[2024-10-14T22:08:56.420+0000] {processor.py:830} INFO - Processing file /home/airflow/.local/lib/python3.8/site-packages/airflow/example_dags/tutorial_dag.py for tasks to queue
[2024-10-14T22:08:56.424+0000] {logging_mixin.py:188} INFO - [2024-10-14T22:08:56.422+0000] {dagbag.py:538} INFO - Filling up the DagBag from /home/airflow/.local/lib/python3.8/site-packages/airflow/example_dags/tutorial_dag.py
[2024-10-14T22:08:56.431+0000] {processor.py:840} INFO - DAG(s) 'tutorial_dag' retrieved from /home/airflow/.local/lib/python3.8/site-packages/airflow/example_dags/tutorial_dag.py
[2024-10-14T22:08:56.450+0000] {logging_mixin.py:188} INFO - [2024-10-14T22:08:56.449+0000] {dag.py:3036} INFO - Sync 1 DAGs
[2024-10-14T22:08:56.463+0000] {logging_mixin.py:188} INFO - [2024-10-14T22:08:56.462+0000] {dag.py:3823} INFO - Setting next_dagrun for tutorial_dag to None, run_after=None
[2024-10-14T22:08:56.483+0000] {processor.py:183} INFO - Processing /home/airflow/.local/lib/python3.8/site-packages/airflow/example_dags/tutorial_dag.py took 0.068 seconds
