[2024-10-14T21:19:55.941+0000] {processor.py:161} INFO - Started process (PID=140) to work on /home/airflow/.local/lib/python3.8/site-packages/airflow/example_dags/tutorial_objectstorage.py
[2024-10-14T21:19:55.942+0000] {processor.py:830} INFO - Processing file /home/airflow/.local/lib/python3.8/site-packages/airflow/example_dags/tutorial_objectstorage.py for tasks to queue
[2024-10-14T21:19:55.944+0000] {logging_mixin.py:188} INFO - [2024-10-14T21:19:55.944+0000] {dagbag.py:538} INFO - Filling up the DagBag from /home/airflow/.local/lib/python3.8/site-packages/airflow/example_dags/tutorial_objectstorage.py
[2024-10-14T21:19:55.956+0000] {processor.py:840} INFO - DAG(s) 'tutorial_objectstorage' retrieved from /home/airflow/.local/lib/python3.8/site-packages/airflow/example_dags/tutorial_objectstorage.py
[2024-10-14T21:19:56.059+0000] {logging_mixin.py:188} INFO - [2024-10-14T21:19:56.059+0000] {dag.py:3036} INFO - Sync 1 DAGs
[2024-10-14T21:19:56.071+0000] {logging_mixin.py:188} INFO - [2024-10-14T21:19:56.071+0000] {dag.py:3823} INFO - Setting next_dagrun for tutorial_objectstorage to None, run_after=None
[2024-10-14T21:19:56.097+0000] {processor.py:183} INFO - Processing /home/airflow/.local/lib/python3.8/site-packages/airflow/example_dags/tutorial_objectstorage.py took 0.159 seconds
[2024-10-14T21:20:26.211+0000] {processor.py:161} INFO - Started process (PID=214) to work on /home/airflow/.local/lib/python3.8/site-packages/airflow/example_dags/tutorial_objectstorage.py
[2024-10-14T21:20:26.212+0000] {processor.py:830} INFO - Processing file /home/airflow/.local/lib/python3.8/site-packages/airflow/example_dags/tutorial_objectstorage.py for tasks to queue
[2024-10-14T21:20:26.213+0000] {logging_mixin.py:188} INFO - [2024-10-14T21:20:26.213+0000] {dagbag.py:538} INFO - Filling up the DagBag from /home/airflow/.local/lib/python3.8/site-packages/airflow/example_dags/tutorial_objectstorage.py
[2024-10-14T21:20:26.218+0000] {processor.py:840} INFO - DAG(s) 'tutorial_objectstorage' retrieved from /home/airflow/.local/lib/python3.8/site-packages/airflow/example_dags/tutorial_objectstorage.py
[2024-10-14T21:20:26.234+0000] {logging_mixin.py:188} INFO - [2024-10-14T21:20:26.234+0000] {dag.py:3036} INFO - Sync 1 DAGs
[2024-10-14T21:20:26.243+0000] {logging_mixin.py:188} INFO - [2024-10-14T21:20:26.243+0000] {dag.py:3823} INFO - Setting next_dagrun for tutorial_objectstorage to None, run_after=None
[2024-10-14T21:20:26.265+0000] {processor.py:183} INFO - Processing /home/airflow/.local/lib/python3.8/site-packages/airflow/example_dags/tutorial_objectstorage.py took 0.056 seconds
[2024-10-14T21:20:57.159+0000] {processor.py:161} INFO - Started process (PID=295) to work on /home/airflow/.local/lib/python3.8/site-packages/airflow/example_dags/tutorial_objectstorage.py
[2024-10-14T21:20:57.160+0000] {processor.py:830} INFO - Processing file /home/airflow/.local/lib/python3.8/site-packages/airflow/example_dags/tutorial_objectstorage.py for tasks to queue
[2024-10-14T21:20:57.161+0000] {logging_mixin.py:188} INFO - [2024-10-14T21:20:57.161+0000] {dagbag.py:538} INFO - Filling up the DagBag from /home/airflow/.local/lib/python3.8/site-packages/airflow/example_dags/tutorial_objectstorage.py
[2024-10-14T21:20:57.167+0000] {processor.py:840} INFO - DAG(s) 'tutorial_objectstorage' retrieved from /home/airflow/.local/lib/python3.8/site-packages/airflow/example_dags/tutorial_objectstorage.py
[2024-10-14T21:20:57.185+0000] {logging_mixin.py:188} INFO - [2024-10-14T21:20:57.185+0000] {dag.py:3036} INFO - Sync 1 DAGs
[2024-10-14T21:20:57.195+0000] {logging_mixin.py:188} INFO - [2024-10-14T21:20:57.195+0000] {dag.py:3823} INFO - Setting next_dagrun for tutorial_objectstorage to None, run_after=None
[2024-10-14T21:20:57.212+0000] {processor.py:183} INFO - Processing /home/airflow/.local/lib/python3.8/site-packages/airflow/example_dags/tutorial_objectstorage.py took 0.055 seconds
[2024-10-14T21:21:27.873+0000] {processor.py:161} INFO - Started process (PID=369) to work on /home/airflow/.local/lib/python3.8/site-packages/airflow/example_dags/tutorial_objectstorage.py
[2024-10-14T21:21:27.876+0000] {processor.py:830} INFO - Processing file /home/airflow/.local/lib/python3.8/site-packages/airflow/example_dags/tutorial_objectstorage.py for tasks to queue
[2024-10-14T21:21:27.878+0000] {logging_mixin.py:188} INFO - [2024-10-14T21:21:27.877+0000] {dagbag.py:538} INFO - Filling up the DagBag from /home/airflow/.local/lib/python3.8/site-packages/airflow/example_dags/tutorial_objectstorage.py
[2024-10-14T21:21:27.884+0000] {processor.py:840} INFO - DAG(s) 'tutorial_objectstorage' retrieved from /home/airflow/.local/lib/python3.8/site-packages/airflow/example_dags/tutorial_objectstorage.py
[2024-10-14T21:21:27.899+0000] {logging_mixin.py:188} INFO - [2024-10-14T21:21:27.899+0000] {dag.py:3036} INFO - Sync 1 DAGs
[2024-10-14T21:21:27.908+0000] {logging_mixin.py:188} INFO - [2024-10-14T21:21:27.908+0000] {dag.py:3823} INFO - Setting next_dagrun for tutorial_objectstorage to None, run_after=None
[2024-10-14T21:21:27.926+0000] {processor.py:183} INFO - Processing /home/airflow/.local/lib/python3.8/site-packages/airflow/example_dags/tutorial_objectstorage.py took 0.058 seconds
[2024-10-14T21:21:58.725+0000] {processor.py:161} INFO - Started process (PID=450) to work on /home/airflow/.local/lib/python3.8/site-packages/airflow/example_dags/tutorial_objectstorage.py
[2024-10-14T21:21:58.726+0000] {processor.py:830} INFO - Processing file /home/airflow/.local/lib/python3.8/site-packages/airflow/example_dags/tutorial_objectstorage.py for tasks to queue
[2024-10-14T21:21:58.727+0000] {logging_mixin.py:188} INFO - [2024-10-14T21:21:58.727+0000] {dagbag.py:538} INFO - Filling up the DagBag from /home/airflow/.local/lib/python3.8/site-packages/airflow/example_dags/tutorial_objectstorage.py
[2024-10-14T21:21:58.733+0000] {processor.py:840} INFO - DAG(s) 'tutorial_objectstorage' retrieved from /home/airflow/.local/lib/python3.8/site-packages/airflow/example_dags/tutorial_objectstorage.py
[2024-10-14T21:21:58.767+0000] {logging_mixin.py:188} INFO - [2024-10-14T21:21:58.766+0000] {dag.py:3036} INFO - Sync 1 DAGs
[2024-10-14T21:21:58.783+0000] {logging_mixin.py:188} INFO - [2024-10-14T21:21:58.783+0000] {dag.py:3823} INFO - Setting next_dagrun for tutorial_objectstorage to None, run_after=None
[2024-10-14T21:21:58.813+0000] {processor.py:183} INFO - Processing /home/airflow/.local/lib/python3.8/site-packages/airflow/example_dags/tutorial_objectstorage.py took 0.093 seconds
[2024-10-14T21:22:29.077+0000] {processor.py:161} INFO - Started process (PID=524) to work on /home/airflow/.local/lib/python3.8/site-packages/airflow/example_dags/tutorial_objectstorage.py
[2024-10-14T21:22:29.079+0000] {processor.py:830} INFO - Processing file /home/airflow/.local/lib/python3.8/site-packages/airflow/example_dags/tutorial_objectstorage.py for tasks to queue
[2024-10-14T21:22:29.082+0000] {logging_mixin.py:188} INFO - [2024-10-14T21:22:29.081+0000] {dagbag.py:538} INFO - Filling up the DagBag from /home/airflow/.local/lib/python3.8/site-packages/airflow/example_dags/tutorial_objectstorage.py
[2024-10-14T21:22:29.095+0000] {processor.py:840} INFO - DAG(s) 'tutorial_objectstorage' retrieved from /home/airflow/.local/lib/python3.8/site-packages/airflow/example_dags/tutorial_objectstorage.py
[2024-10-14T21:22:29.118+0000] {logging_mixin.py:188} INFO - [2024-10-14T21:22:29.118+0000] {dag.py:3036} INFO - Sync 1 DAGs
[2024-10-14T21:22:29.132+0000] {logging_mixin.py:188} INFO - [2024-10-14T21:22:29.132+0000] {dag.py:3823} INFO - Setting next_dagrun for tutorial_objectstorage to None, run_after=None
[2024-10-14T21:22:29.164+0000] {processor.py:183} INFO - Processing /home/airflow/.local/lib/python3.8/site-packages/airflow/example_dags/tutorial_objectstorage.py took 0.094 seconds
[2024-10-14T21:23:00.431+0000] {processor.py:161} INFO - Started process (PID=606) to work on /home/airflow/.local/lib/python3.8/site-packages/airflow/example_dags/tutorial_objectstorage.py
[2024-10-14T21:23:00.432+0000] {processor.py:830} INFO - Processing file /home/airflow/.local/lib/python3.8/site-packages/airflow/example_dags/tutorial_objectstorage.py for tasks to queue
[2024-10-14T21:23:00.433+0000] {logging_mixin.py:188} INFO - [2024-10-14T21:23:00.433+0000] {dagbag.py:538} INFO - Filling up the DagBag from /home/airflow/.local/lib/python3.8/site-packages/airflow/example_dags/tutorial_objectstorage.py
[2024-10-14T21:23:00.438+0000] {processor.py:840} INFO - DAG(s) 'tutorial_objectstorage' retrieved from /home/airflow/.local/lib/python3.8/site-packages/airflow/example_dags/tutorial_objectstorage.py
[2024-10-14T21:23:00.464+0000] {logging_mixin.py:188} INFO - [2024-10-14T21:23:00.464+0000] {dag.py:3036} INFO - Sync 1 DAGs
[2024-10-14T21:23:00.478+0000] {logging_mixin.py:188} INFO - [2024-10-14T21:23:00.477+0000] {dag.py:3823} INFO - Setting next_dagrun for tutorial_objectstorage to None, run_after=None
[2024-10-14T21:23:00.501+0000] {processor.py:183} INFO - Processing /home/airflow/.local/lib/python3.8/site-packages/airflow/example_dags/tutorial_objectstorage.py took 0.073 seconds
[2024-10-14T21:23:31.218+0000] {processor.py:161} INFO - Started process (PID=680) to work on /home/airflow/.local/lib/python3.8/site-packages/airflow/example_dags/tutorial_objectstorage.py
[2024-10-14T21:23:31.220+0000] {processor.py:830} INFO - Processing file /home/airflow/.local/lib/python3.8/site-packages/airflow/example_dags/tutorial_objectstorage.py for tasks to queue
[2024-10-14T21:23:31.221+0000] {logging_mixin.py:188} INFO - [2024-10-14T21:23:31.221+0000] {dagbag.py:538} INFO - Filling up the DagBag from /home/airflow/.local/lib/python3.8/site-packages/airflow/example_dags/tutorial_objectstorage.py
[2024-10-14T21:23:31.233+0000] {processor.py:840} INFO - DAG(s) 'tutorial_objectstorage' retrieved from /home/airflow/.local/lib/python3.8/site-packages/airflow/example_dags/tutorial_objectstorage.py
[2024-10-14T21:23:31.263+0000] {logging_mixin.py:188} INFO - [2024-10-14T21:23:31.262+0000] {dag.py:3036} INFO - Sync 1 DAGs
[2024-10-14T21:23:31.275+0000] {logging_mixin.py:188} INFO - [2024-10-14T21:23:31.274+0000] {dag.py:3823} INFO - Setting next_dagrun for tutorial_objectstorage to None, run_after=None
[2024-10-14T21:23:31.302+0000] {processor.py:183} INFO - Processing /home/airflow/.local/lib/python3.8/site-packages/airflow/example_dags/tutorial_objectstorage.py took 0.087 seconds
[2024-10-14T21:24:01.991+0000] {processor.py:161} INFO - Started process (PID=762) to work on /home/airflow/.local/lib/python3.8/site-packages/airflow/example_dags/tutorial_objectstorage.py
[2024-10-14T21:24:01.992+0000] {processor.py:830} INFO - Processing file /home/airflow/.local/lib/python3.8/site-packages/airflow/example_dags/tutorial_objectstorage.py for tasks to queue
[2024-10-14T21:24:01.993+0000] {logging_mixin.py:188} INFO - [2024-10-14T21:24:01.993+0000] {dagbag.py:538} INFO - Filling up the DagBag from /home/airflow/.local/lib/python3.8/site-packages/airflow/example_dags/tutorial_objectstorage.py
[2024-10-14T21:24:01.998+0000] {processor.py:840} INFO - DAG(s) 'tutorial_objectstorage' retrieved from /home/airflow/.local/lib/python3.8/site-packages/airflow/example_dags/tutorial_objectstorage.py
[2024-10-14T21:24:02.014+0000] {logging_mixin.py:188} INFO - [2024-10-14T21:24:02.014+0000] {dag.py:3036} INFO - Sync 1 DAGs
[2024-10-14T21:24:02.024+0000] {logging_mixin.py:188} INFO - [2024-10-14T21:24:02.023+0000] {dag.py:3823} INFO - Setting next_dagrun for tutorial_objectstorage to None, run_after=None
[2024-10-14T21:24:02.039+0000] {processor.py:183} INFO - Processing /home/airflow/.local/lib/python3.8/site-packages/airflow/example_dags/tutorial_objectstorage.py took 0.050 seconds
[2024-10-14T21:24:33.470+0000] {processor.py:161} INFO - Started process (PID=836) to work on /home/airflow/.local/lib/python3.8/site-packages/airflow/example_dags/tutorial_objectstorage.py
[2024-10-14T21:24:33.471+0000] {processor.py:830} INFO - Processing file /home/airflow/.local/lib/python3.8/site-packages/airflow/example_dags/tutorial_objectstorage.py for tasks to queue
[2024-10-14T21:24:33.472+0000] {logging_mixin.py:188} INFO - [2024-10-14T21:24:33.472+0000] {dagbag.py:538} INFO - Filling up the DagBag from /home/airflow/.local/lib/python3.8/site-packages/airflow/example_dags/tutorial_objectstorage.py
[2024-10-14T21:24:33.482+0000] {processor.py:840} INFO - DAG(s) 'tutorial_objectstorage' retrieved from /home/airflow/.local/lib/python3.8/site-packages/airflow/example_dags/tutorial_objectstorage.py
[2024-10-14T21:24:33.502+0000] {logging_mixin.py:188} INFO - [2024-10-14T21:24:33.502+0000] {dag.py:3036} INFO - Sync 1 DAGs
[2024-10-14T21:24:33.515+0000] {logging_mixin.py:188} INFO - [2024-10-14T21:24:33.515+0000] {dag.py:3823} INFO - Setting next_dagrun for tutorial_objectstorage to None, run_after=None
[2024-10-14T21:24:33.535+0000] {processor.py:183} INFO - Processing /home/airflow/.local/lib/python3.8/site-packages/airflow/example_dags/tutorial_objectstorage.py took 0.068 seconds
[2024-10-14T21:25:03.786+0000] {processor.py:161} INFO - Started process (PID=908) to work on /home/airflow/.local/lib/python3.8/site-packages/airflow/example_dags/tutorial_objectstorage.py
[2024-10-14T21:25:03.786+0000] {processor.py:830} INFO - Processing file /home/airflow/.local/lib/python3.8/site-packages/airflow/example_dags/tutorial_objectstorage.py for tasks to queue
[2024-10-14T21:25:03.788+0000] {logging_mixin.py:188} INFO - [2024-10-14T21:25:03.787+0000] {dagbag.py:538} INFO - Filling up the DagBag from /home/airflow/.local/lib/python3.8/site-packages/airflow/example_dags/tutorial_objectstorage.py
[2024-10-14T21:25:03.796+0000] {processor.py:840} INFO - DAG(s) 'tutorial_objectstorage' retrieved from /home/airflow/.local/lib/python3.8/site-packages/airflow/example_dags/tutorial_objectstorage.py
[2024-10-14T21:25:03.813+0000] {logging_mixin.py:188} INFO - [2024-10-14T21:25:03.813+0000] {dag.py:3036} INFO - Sync 1 DAGs
[2024-10-14T21:25:03.823+0000] {logging_mixin.py:188} INFO - [2024-10-14T21:25:03.823+0000] {dag.py:3823} INFO - Setting next_dagrun for tutorial_objectstorage to None, run_after=None
[2024-10-14T21:25:03.839+0000] {processor.py:183} INFO - Processing /home/airflow/.local/lib/python3.8/site-packages/airflow/example_dags/tutorial_objectstorage.py took 0.055 seconds
[2024-10-14T21:25:34.635+0000] {processor.py:161} INFO - Started process (PID=982) to work on /home/airflow/.local/lib/python3.8/site-packages/airflow/example_dags/tutorial_objectstorage.py
[2024-10-14T21:25:34.636+0000] {processor.py:830} INFO - Processing file /home/airflow/.local/lib/python3.8/site-packages/airflow/example_dags/tutorial_objectstorage.py for tasks to queue
[2024-10-14T21:25:34.638+0000] {logging_mixin.py:188} INFO - [2024-10-14T21:25:34.638+0000] {dagbag.py:538} INFO - Filling up the DagBag from /home/airflow/.local/lib/python3.8/site-packages/airflow/example_dags/tutorial_objectstorage.py
[2024-10-14T21:25:34.650+0000] {processor.py:840} INFO - DAG(s) 'tutorial_objectstorage' retrieved from /home/airflow/.local/lib/python3.8/site-packages/airflow/example_dags/tutorial_objectstorage.py
[2024-10-14T21:25:34.670+0000] {logging_mixin.py:188} INFO - [2024-10-14T21:25:34.670+0000] {dag.py:3036} INFO - Sync 1 DAGs
[2024-10-14T21:25:34.685+0000] {logging_mixin.py:188} INFO - [2024-10-14T21:25:34.684+0000] {dag.py:3823} INFO - Setting next_dagrun for tutorial_objectstorage to None, run_after=None
[2024-10-14T21:25:34.711+0000] {processor.py:183} INFO - Processing /home/airflow/.local/lib/python3.8/site-packages/airflow/example_dags/tutorial_objectstorage.py took 0.078 seconds
[2024-10-14T21:26:04.739+0000] {processor.py:161} INFO - Started process (PID=1064) to work on /home/airflow/.local/lib/python3.8/site-packages/airflow/example_dags/tutorial_objectstorage.py
[2024-10-14T21:26:04.740+0000] {processor.py:830} INFO - Processing file /home/airflow/.local/lib/python3.8/site-packages/airflow/example_dags/tutorial_objectstorage.py for tasks to queue
[2024-10-14T21:26:04.741+0000] {logging_mixin.py:188} INFO - [2024-10-14T21:26:04.741+0000] {dagbag.py:538} INFO - Filling up the DagBag from /home/airflow/.local/lib/python3.8/site-packages/airflow/example_dags/tutorial_objectstorage.py
[2024-10-14T21:26:04.746+0000] {processor.py:840} INFO - DAG(s) 'tutorial_objectstorage' retrieved from /home/airflow/.local/lib/python3.8/site-packages/airflow/example_dags/tutorial_objectstorage.py
[2024-10-14T21:26:04.760+0000] {logging_mixin.py:188} INFO - [2024-10-14T21:26:04.759+0000] {dag.py:3036} INFO - Sync 1 DAGs
[2024-10-14T21:26:04.769+0000] {logging_mixin.py:188} INFO - [2024-10-14T21:26:04.769+0000] {dag.py:3823} INFO - Setting next_dagrun for tutorial_objectstorage to None, run_after=None
[2024-10-14T21:26:04.785+0000] {processor.py:183} INFO - Processing /home/airflow/.local/lib/python3.8/site-packages/airflow/example_dags/tutorial_objectstorage.py took 0.048 seconds
[2024-10-14T21:26:35.073+0000] {processor.py:161} INFO - Started process (PID=1138) to work on /home/airflow/.local/lib/python3.8/site-packages/airflow/example_dags/tutorial_objectstorage.py
[2024-10-14T21:26:35.076+0000] {processor.py:830} INFO - Processing file /home/airflow/.local/lib/python3.8/site-packages/airflow/example_dags/tutorial_objectstorage.py for tasks to queue
[2024-10-14T21:26:35.078+0000] {logging_mixin.py:188} INFO - [2024-10-14T21:26:35.077+0000] {dagbag.py:538} INFO - Filling up the DagBag from /home/airflow/.local/lib/python3.8/site-packages/airflow/example_dags/tutorial_objectstorage.py
[2024-10-14T21:26:35.084+0000] {processor.py:840} INFO - DAG(s) 'tutorial_objectstorage' retrieved from /home/airflow/.local/lib/python3.8/site-packages/airflow/example_dags/tutorial_objectstorage.py
[2024-10-14T21:26:35.109+0000] {logging_mixin.py:188} INFO - [2024-10-14T21:26:35.108+0000] {dag.py:3036} INFO - Sync 1 DAGs
[2024-10-14T21:26:35.131+0000] {logging_mixin.py:188} INFO - [2024-10-14T21:26:35.131+0000] {dag.py:3823} INFO - Setting next_dagrun for tutorial_objectstorage to None, run_after=None
[2024-10-14T21:26:35.147+0000] {processor.py:183} INFO - Processing /home/airflow/.local/lib/python3.8/site-packages/airflow/example_dags/tutorial_objectstorage.py took 0.076 seconds
[2024-10-14T21:27:06.076+0000] {processor.py:161} INFO - Started process (PID=1220) to work on /home/airflow/.local/lib/python3.8/site-packages/airflow/example_dags/tutorial_objectstorage.py
[2024-10-14T21:27:06.076+0000] {processor.py:830} INFO - Processing file /home/airflow/.local/lib/python3.8/site-packages/airflow/example_dags/tutorial_objectstorage.py for tasks to queue
[2024-10-14T21:27:06.078+0000] {logging_mixin.py:188} INFO - [2024-10-14T21:27:06.077+0000] {dagbag.py:538} INFO - Filling up the DagBag from /home/airflow/.local/lib/python3.8/site-packages/airflow/example_dags/tutorial_objectstorage.py
[2024-10-14T21:27:06.082+0000] {processor.py:840} INFO - DAG(s) 'tutorial_objectstorage' retrieved from /home/airflow/.local/lib/python3.8/site-packages/airflow/example_dags/tutorial_objectstorage.py
[2024-10-14T21:27:06.096+0000] {logging_mixin.py:188} INFO - [2024-10-14T21:27:06.096+0000] {dag.py:3036} INFO - Sync 1 DAGs
[2024-10-14T21:27:06.105+0000] {logging_mixin.py:188} INFO - [2024-10-14T21:27:06.105+0000] {dag.py:3823} INFO - Setting next_dagrun for tutorial_objectstorage to None, run_after=None
[2024-10-14T21:27:06.118+0000] {processor.py:183} INFO - Processing /home/airflow/.local/lib/python3.8/site-packages/airflow/example_dags/tutorial_objectstorage.py took 0.045 seconds
[2024-10-14T21:27:37.113+0000] {processor.py:161} INFO - Started process (PID=1294) to work on /home/airflow/.local/lib/python3.8/site-packages/airflow/example_dags/tutorial_objectstorage.py
[2024-10-14T21:27:37.114+0000] {processor.py:830} INFO - Processing file /home/airflow/.local/lib/python3.8/site-packages/airflow/example_dags/tutorial_objectstorage.py for tasks to queue
[2024-10-14T21:27:37.116+0000] {logging_mixin.py:188} INFO - [2024-10-14T21:27:37.116+0000] {dagbag.py:538} INFO - Filling up the DagBag from /home/airflow/.local/lib/python3.8/site-packages/airflow/example_dags/tutorial_objectstorage.py
[2024-10-14T21:27:37.126+0000] {processor.py:840} INFO - DAG(s) 'tutorial_objectstorage' retrieved from /home/airflow/.local/lib/python3.8/site-packages/airflow/example_dags/tutorial_objectstorage.py
[2024-10-14T21:27:37.142+0000] {logging_mixin.py:188} INFO - [2024-10-14T21:27:37.142+0000] {dag.py:3036} INFO - Sync 1 DAGs
[2024-10-14T21:27:37.151+0000] {logging_mixin.py:188} INFO - [2024-10-14T21:27:37.151+0000] {dag.py:3823} INFO - Setting next_dagrun for tutorial_objectstorage to None, run_after=None
[2024-10-14T21:27:37.166+0000] {processor.py:183} INFO - Processing /home/airflow/.local/lib/python3.8/site-packages/airflow/example_dags/tutorial_objectstorage.py took 0.056 seconds
[2024-10-14T21:28:07.306+0000] {processor.py:161} INFO - Started process (PID=1376) to work on /home/airflow/.local/lib/python3.8/site-packages/airflow/example_dags/tutorial_objectstorage.py
[2024-10-14T21:28:07.307+0000] {processor.py:830} INFO - Processing file /home/airflow/.local/lib/python3.8/site-packages/airflow/example_dags/tutorial_objectstorage.py for tasks to queue
[2024-10-14T21:28:07.308+0000] {logging_mixin.py:188} INFO - [2024-10-14T21:28:07.308+0000] {dagbag.py:538} INFO - Filling up the DagBag from /home/airflow/.local/lib/python3.8/site-packages/airflow/example_dags/tutorial_objectstorage.py
[2024-10-14T21:28:07.312+0000] {processor.py:840} INFO - DAG(s) 'tutorial_objectstorage' retrieved from /home/airflow/.local/lib/python3.8/site-packages/airflow/example_dags/tutorial_objectstorage.py
[2024-10-14T21:28:07.332+0000] {logging_mixin.py:188} INFO - [2024-10-14T21:28:07.331+0000] {dag.py:3036} INFO - Sync 1 DAGs
[2024-10-14T21:28:07.341+0000] {logging_mixin.py:188} INFO - [2024-10-14T21:28:07.341+0000] {dag.py:3823} INFO - Setting next_dagrun for tutorial_objectstorage to None, run_after=None
[2024-10-14T21:28:07.356+0000] {processor.py:183} INFO - Processing /home/airflow/.local/lib/python3.8/site-packages/airflow/example_dags/tutorial_objectstorage.py took 0.053 seconds
[2024-10-14T21:28:38.311+0000] {processor.py:161} INFO - Started process (PID=1450) to work on /home/airflow/.local/lib/python3.8/site-packages/airflow/example_dags/tutorial_objectstorage.py
[2024-10-14T21:28:38.312+0000] {processor.py:830} INFO - Processing file /home/airflow/.local/lib/python3.8/site-packages/airflow/example_dags/tutorial_objectstorage.py for tasks to queue
[2024-10-14T21:28:38.313+0000] {logging_mixin.py:188} INFO - [2024-10-14T21:28:38.313+0000] {dagbag.py:538} INFO - Filling up the DagBag from /home/airflow/.local/lib/python3.8/site-packages/airflow/example_dags/tutorial_objectstorage.py
[2024-10-14T21:28:38.319+0000] {processor.py:840} INFO - DAG(s) 'tutorial_objectstorage' retrieved from /home/airflow/.local/lib/python3.8/site-packages/airflow/example_dags/tutorial_objectstorage.py
[2024-10-14T21:28:38.338+0000] {logging_mixin.py:188} INFO - [2024-10-14T21:28:38.338+0000] {dag.py:3036} INFO - Sync 1 DAGs
[2024-10-14T21:28:38.347+0000] {logging_mixin.py:188} INFO - [2024-10-14T21:28:38.347+0000] {dag.py:3823} INFO - Setting next_dagrun for tutorial_objectstorage to None, run_after=None
[2024-10-14T21:28:38.366+0000] {processor.py:183} INFO - Processing /home/airflow/.local/lib/python3.8/site-packages/airflow/example_dags/tutorial_objectstorage.py took 0.057 seconds
[2024-10-14T21:29:08.835+0000] {processor.py:161} INFO - Started process (PID=1532) to work on /home/airflow/.local/lib/python3.8/site-packages/airflow/example_dags/tutorial_objectstorage.py
[2024-10-14T21:29:08.835+0000] {processor.py:830} INFO - Processing file /home/airflow/.local/lib/python3.8/site-packages/airflow/example_dags/tutorial_objectstorage.py for tasks to queue
[2024-10-14T21:29:08.837+0000] {logging_mixin.py:188} INFO - [2024-10-14T21:29:08.837+0000] {dagbag.py:538} INFO - Filling up the DagBag from /home/airflow/.local/lib/python3.8/site-packages/airflow/example_dags/tutorial_objectstorage.py
[2024-10-14T21:29:08.842+0000] {processor.py:840} INFO - DAG(s) 'tutorial_objectstorage' retrieved from /home/airflow/.local/lib/python3.8/site-packages/airflow/example_dags/tutorial_objectstorage.py
[2024-10-14T21:29:08.857+0000] {logging_mixin.py:188} INFO - [2024-10-14T21:29:08.856+0000] {dag.py:3036} INFO - Sync 1 DAGs
[2024-10-14T21:29:08.865+0000] {logging_mixin.py:188} INFO - [2024-10-14T21:29:08.865+0000] {dag.py:3823} INFO - Setting next_dagrun for tutorial_objectstorage to None, run_after=None
[2024-10-14T21:29:08.880+0000] {processor.py:183} INFO - Processing /home/airflow/.local/lib/python3.8/site-packages/airflow/example_dags/tutorial_objectstorage.py took 0.049 seconds
[2024-10-14T21:29:39.266+0000] {processor.py:161} INFO - Started process (PID=1614) to work on /home/airflow/.local/lib/python3.8/site-packages/airflow/example_dags/tutorial_objectstorage.py
[2024-10-14T21:29:39.266+0000] {processor.py:830} INFO - Processing file /home/airflow/.local/lib/python3.8/site-packages/airflow/example_dags/tutorial_objectstorage.py for tasks to queue
[2024-10-14T21:29:39.268+0000] {logging_mixin.py:188} INFO - [2024-10-14T21:29:39.267+0000] {dagbag.py:538} INFO - Filling up the DagBag from /home/airflow/.local/lib/python3.8/site-packages/airflow/example_dags/tutorial_objectstorage.py
[2024-10-14T21:29:39.273+0000] {processor.py:840} INFO - DAG(s) 'tutorial_objectstorage' retrieved from /home/airflow/.local/lib/python3.8/site-packages/airflow/example_dags/tutorial_objectstorage.py
[2024-10-14T21:29:39.286+0000] {logging_mixin.py:188} INFO - [2024-10-14T21:29:39.286+0000] {dag.py:3036} INFO - Sync 1 DAGs
[2024-10-14T21:29:39.294+0000] {logging_mixin.py:188} INFO - [2024-10-14T21:29:39.294+0000] {dag.py:3823} INFO - Setting next_dagrun for tutorial_objectstorage to None, run_after=None
[2024-10-14T21:29:39.307+0000] {processor.py:183} INFO - Processing /home/airflow/.local/lib/python3.8/site-packages/airflow/example_dags/tutorial_objectstorage.py took 0.044 seconds
[2024-10-14T21:30:09.526+0000] {processor.py:161} INFO - Started process (PID=1687) to work on /home/airflow/.local/lib/python3.8/site-packages/airflow/example_dags/tutorial_objectstorage.py
[2024-10-14T21:30:09.527+0000] {processor.py:830} INFO - Processing file /home/airflow/.local/lib/python3.8/site-packages/airflow/example_dags/tutorial_objectstorage.py for tasks to queue
[2024-10-14T21:30:09.529+0000] {logging_mixin.py:188} INFO - [2024-10-14T21:30:09.528+0000] {dagbag.py:538} INFO - Filling up the DagBag from /home/airflow/.local/lib/python3.8/site-packages/airflow/example_dags/tutorial_objectstorage.py
[2024-10-14T21:30:09.534+0000] {processor.py:840} INFO - DAG(s) 'tutorial_objectstorage' retrieved from /home/airflow/.local/lib/python3.8/site-packages/airflow/example_dags/tutorial_objectstorage.py
[2024-10-14T21:30:09.549+0000] {logging_mixin.py:188} INFO - [2024-10-14T21:30:09.548+0000] {dag.py:3036} INFO - Sync 1 DAGs
[2024-10-14T21:30:09.558+0000] {logging_mixin.py:188} INFO - [2024-10-14T21:30:09.557+0000] {dag.py:3823} INFO - Setting next_dagrun for tutorial_objectstorage to None, run_after=None
[2024-10-14T21:30:09.570+0000] {processor.py:183} INFO - Processing /home/airflow/.local/lib/python3.8/site-packages/airflow/example_dags/tutorial_objectstorage.py took 0.047 seconds
[2024-10-14T21:30:39.852+0000] {processor.py:161} INFO - Started process (PID=1769) to work on /home/airflow/.local/lib/python3.8/site-packages/airflow/example_dags/tutorial_objectstorage.py
[2024-10-14T21:30:39.852+0000] {processor.py:830} INFO - Processing file /home/airflow/.local/lib/python3.8/site-packages/airflow/example_dags/tutorial_objectstorage.py for tasks to queue
[2024-10-14T21:30:39.854+0000] {logging_mixin.py:188} INFO - [2024-10-14T21:30:39.853+0000] {dagbag.py:538} INFO - Filling up the DagBag from /home/airflow/.local/lib/python3.8/site-packages/airflow/example_dags/tutorial_objectstorage.py
[2024-10-14T21:30:39.861+0000] {processor.py:840} INFO - DAG(s) 'tutorial_objectstorage' retrieved from /home/airflow/.local/lib/python3.8/site-packages/airflow/example_dags/tutorial_objectstorage.py
[2024-10-14T21:30:39.887+0000] {logging_mixin.py:188} INFO - [2024-10-14T21:30:39.887+0000] {dag.py:3036} INFO - Sync 1 DAGs
[2024-10-14T21:30:39.906+0000] {logging_mixin.py:188} INFO - [2024-10-14T21:30:39.906+0000] {dag.py:3823} INFO - Setting next_dagrun for tutorial_objectstorage to None, run_after=None
[2024-10-14T21:30:39.936+0000] {processor.py:183} INFO - Processing /home/airflow/.local/lib/python3.8/site-packages/airflow/example_dags/tutorial_objectstorage.py took 0.089 seconds
[2024-10-14T21:31:10.070+0000] {processor.py:161} INFO - Started process (PID=1842) to work on /home/airflow/.local/lib/python3.8/site-packages/airflow/example_dags/tutorial_objectstorage.py
[2024-10-14T21:31:10.071+0000] {processor.py:830} INFO - Processing file /home/airflow/.local/lib/python3.8/site-packages/airflow/example_dags/tutorial_objectstorage.py for tasks to queue
[2024-10-14T21:31:10.073+0000] {logging_mixin.py:188} INFO - [2024-10-14T21:31:10.072+0000] {dagbag.py:538} INFO - Filling up the DagBag from /home/airflow/.local/lib/python3.8/site-packages/airflow/example_dags/tutorial_objectstorage.py
[2024-10-14T21:31:10.078+0000] {processor.py:840} INFO - DAG(s) 'tutorial_objectstorage' retrieved from /home/airflow/.local/lib/python3.8/site-packages/airflow/example_dags/tutorial_objectstorage.py
[2024-10-14T21:31:10.095+0000] {logging_mixin.py:188} INFO - [2024-10-14T21:31:10.095+0000] {dag.py:3036} INFO - Sync 1 DAGs
[2024-10-14T21:31:10.105+0000] {logging_mixin.py:188} INFO - [2024-10-14T21:31:10.105+0000] {dag.py:3823} INFO - Setting next_dagrun for tutorial_objectstorage to None, run_after=None
[2024-10-14T21:31:10.120+0000] {processor.py:183} INFO - Processing /home/airflow/.local/lib/python3.8/site-packages/airflow/example_dags/tutorial_objectstorage.py took 0.052 seconds
[2024-10-14T21:31:40.453+0000] {processor.py:161} INFO - Started process (PID=1923) to work on /home/airflow/.local/lib/python3.8/site-packages/airflow/example_dags/tutorial_objectstorage.py
[2024-10-14T21:31:40.454+0000] {processor.py:830} INFO - Processing file /home/airflow/.local/lib/python3.8/site-packages/airflow/example_dags/tutorial_objectstorage.py for tasks to queue
[2024-10-14T21:31:40.455+0000] {logging_mixin.py:188} INFO - [2024-10-14T21:31:40.455+0000] {dagbag.py:538} INFO - Filling up the DagBag from /home/airflow/.local/lib/python3.8/site-packages/airflow/example_dags/tutorial_objectstorage.py
[2024-10-14T21:31:40.460+0000] {processor.py:840} INFO - DAG(s) 'tutorial_objectstorage' retrieved from /home/airflow/.local/lib/python3.8/site-packages/airflow/example_dags/tutorial_objectstorage.py
[2024-10-14T21:31:40.477+0000] {logging_mixin.py:188} INFO - [2024-10-14T21:31:40.476+0000] {dag.py:3036} INFO - Sync 1 DAGs
[2024-10-14T21:31:40.490+0000] {logging_mixin.py:188} INFO - [2024-10-14T21:31:40.489+0000] {dag.py:3823} INFO - Setting next_dagrun for tutorial_objectstorage to None, run_after=None
[2024-10-14T21:31:40.509+0000] {processor.py:183} INFO - Processing /home/airflow/.local/lib/python3.8/site-packages/airflow/example_dags/tutorial_objectstorage.py took 0.058 seconds
[2024-10-14T21:32:10.960+0000] {processor.py:161} INFO - Started process (PID=2004) to work on /home/airflow/.local/lib/python3.8/site-packages/airflow/example_dags/tutorial_objectstorage.py
[2024-10-14T21:32:10.961+0000] {processor.py:830} INFO - Processing file /home/airflow/.local/lib/python3.8/site-packages/airflow/example_dags/tutorial_objectstorage.py for tasks to queue
[2024-10-14T21:32:10.962+0000] {logging_mixin.py:188} INFO - [2024-10-14T21:32:10.962+0000] {dagbag.py:538} INFO - Filling up the DagBag from /home/airflow/.local/lib/python3.8/site-packages/airflow/example_dags/tutorial_objectstorage.py
[2024-10-14T21:32:10.967+0000] {processor.py:840} INFO - DAG(s) 'tutorial_objectstorage' retrieved from /home/airflow/.local/lib/python3.8/site-packages/airflow/example_dags/tutorial_objectstorage.py
[2024-10-14T21:32:10.985+0000] {logging_mixin.py:188} INFO - [2024-10-14T21:32:10.985+0000] {dag.py:3036} INFO - Sync 1 DAGs
[2024-10-14T21:32:10.999+0000] {logging_mixin.py:188} INFO - [2024-10-14T21:32:10.999+0000] {dag.py:3823} INFO - Setting next_dagrun for tutorial_objectstorage to None, run_after=None
[2024-10-14T21:32:11.020+0000] {processor.py:183} INFO - Processing /home/airflow/.local/lib/python3.8/site-packages/airflow/example_dags/tutorial_objectstorage.py took 0.062 seconds
[2024-10-14T21:32:41.134+0000] {processor.py:161} INFO - Started process (PID=2079) to work on /home/airflow/.local/lib/python3.8/site-packages/airflow/example_dags/tutorial_objectstorage.py
[2024-10-14T21:32:41.135+0000] {processor.py:830} INFO - Processing file /home/airflow/.local/lib/python3.8/site-packages/airflow/example_dags/tutorial_objectstorage.py for tasks to queue
[2024-10-14T21:32:41.136+0000] {logging_mixin.py:188} INFO - [2024-10-14T21:32:41.136+0000] {dagbag.py:538} INFO - Filling up the DagBag from /home/airflow/.local/lib/python3.8/site-packages/airflow/example_dags/tutorial_objectstorage.py
[2024-10-14T21:32:41.141+0000] {processor.py:840} INFO - DAG(s) 'tutorial_objectstorage' retrieved from /home/airflow/.local/lib/python3.8/site-packages/airflow/example_dags/tutorial_objectstorage.py
[2024-10-14T21:32:41.156+0000] {logging_mixin.py:188} INFO - [2024-10-14T21:32:41.156+0000] {dag.py:3036} INFO - Sync 1 DAGs
[2024-10-14T21:32:41.164+0000] {logging_mixin.py:188} INFO - [2024-10-14T21:32:41.164+0000] {dag.py:3823} INFO - Setting next_dagrun for tutorial_objectstorage to None, run_after=None
[2024-10-14T21:32:41.179+0000] {processor.py:183} INFO - Processing /home/airflow/.local/lib/python3.8/site-packages/airflow/example_dags/tutorial_objectstorage.py took 0.048 seconds
[2024-10-14T21:33:11.884+0000] {processor.py:161} INFO - Started process (PID=2160) to work on /home/airflow/.local/lib/python3.8/site-packages/airflow/example_dags/tutorial_objectstorage.py
[2024-10-14T21:33:11.885+0000] {processor.py:830} INFO - Processing file /home/airflow/.local/lib/python3.8/site-packages/airflow/example_dags/tutorial_objectstorage.py for tasks to queue
[2024-10-14T21:33:11.887+0000] {logging_mixin.py:188} INFO - [2024-10-14T21:33:11.887+0000] {dagbag.py:538} INFO - Filling up the DagBag from /home/airflow/.local/lib/python3.8/site-packages/airflow/example_dags/tutorial_objectstorage.py
[2024-10-14T21:33:11.894+0000] {processor.py:840} INFO - DAG(s) 'tutorial_objectstorage' retrieved from /home/airflow/.local/lib/python3.8/site-packages/airflow/example_dags/tutorial_objectstorage.py
[2024-10-14T21:33:11.917+0000] {logging_mixin.py:188} INFO - [2024-10-14T21:33:11.917+0000] {dag.py:3036} INFO - Sync 1 DAGs
[2024-10-14T21:33:11.937+0000] {logging_mixin.py:188} INFO - [2024-10-14T21:33:11.937+0000] {dag.py:3823} INFO - Setting next_dagrun for tutorial_objectstorage to None, run_after=None
[2024-10-14T21:33:11.968+0000] {processor.py:183} INFO - Processing /home/airflow/.local/lib/python3.8/site-packages/airflow/example_dags/tutorial_objectstorage.py took 0.087 seconds
[2024-10-14T21:33:42.027+0000] {processor.py:161} INFO - Started process (PID=2235) to work on /home/airflow/.local/lib/python3.8/site-packages/airflow/example_dags/tutorial_objectstorage.py
[2024-10-14T21:33:42.028+0000] {processor.py:830} INFO - Processing file /home/airflow/.local/lib/python3.8/site-packages/airflow/example_dags/tutorial_objectstorage.py for tasks to queue
[2024-10-14T21:33:42.029+0000] {logging_mixin.py:188} INFO - [2024-10-14T21:33:42.029+0000] {dagbag.py:538} INFO - Filling up the DagBag from /home/airflow/.local/lib/python3.8/site-packages/airflow/example_dags/tutorial_objectstorage.py
[2024-10-14T21:33:42.034+0000] {processor.py:840} INFO - DAG(s) 'tutorial_objectstorage' retrieved from /home/airflow/.local/lib/python3.8/site-packages/airflow/example_dags/tutorial_objectstorage.py
[2024-10-14T21:33:42.047+0000] {logging_mixin.py:188} INFO - [2024-10-14T21:33:42.047+0000] {dag.py:3036} INFO - Sync 1 DAGs
[2024-10-14T21:33:42.057+0000] {logging_mixin.py:188} INFO - [2024-10-14T21:33:42.057+0000] {dag.py:3823} INFO - Setting next_dagrun for tutorial_objectstorage to None, run_after=None
[2024-10-14T21:33:42.070+0000] {processor.py:183} INFO - Processing /home/airflow/.local/lib/python3.8/site-packages/airflow/example_dags/tutorial_objectstorage.py took 0.045 seconds
[2024-10-14T21:34:12.182+0000] {processor.py:161} INFO - Started process (PID=2315) to work on /home/airflow/.local/lib/python3.8/site-packages/airflow/example_dags/tutorial_objectstorage.py
[2024-10-14T21:34:12.183+0000] {processor.py:830} INFO - Processing file /home/airflow/.local/lib/python3.8/site-packages/airflow/example_dags/tutorial_objectstorage.py for tasks to queue
[2024-10-14T21:34:12.185+0000] {logging_mixin.py:188} INFO - [2024-10-14T21:34:12.184+0000] {dagbag.py:538} INFO - Filling up the DagBag from /home/airflow/.local/lib/python3.8/site-packages/airflow/example_dags/tutorial_objectstorage.py
[2024-10-14T21:34:12.192+0000] {processor.py:840} INFO - DAG(s) 'tutorial_objectstorage' retrieved from /home/airflow/.local/lib/python3.8/site-packages/airflow/example_dags/tutorial_objectstorage.py
[2024-10-14T21:34:12.211+0000] {logging_mixin.py:188} INFO - [2024-10-14T21:34:12.210+0000] {dag.py:3036} INFO - Sync 1 DAGs
[2024-10-14T21:34:12.225+0000] {logging_mixin.py:188} INFO - [2024-10-14T21:34:12.224+0000] {dag.py:3823} INFO - Setting next_dagrun for tutorial_objectstorage to None, run_after=None
[2024-10-14T21:34:12.245+0000] {processor.py:183} INFO - Processing /home/airflow/.local/lib/python3.8/site-packages/airflow/example_dags/tutorial_objectstorage.py took 0.066 seconds
[2024-10-14T21:34:42.417+0000] {processor.py:161} INFO - Started process (PID=2389) to work on /home/airflow/.local/lib/python3.8/site-packages/airflow/example_dags/tutorial_objectstorage.py
[2024-10-14T21:34:42.418+0000] {processor.py:830} INFO - Processing file /home/airflow/.local/lib/python3.8/site-packages/airflow/example_dags/tutorial_objectstorage.py for tasks to queue
[2024-10-14T21:34:42.419+0000] {logging_mixin.py:188} INFO - [2024-10-14T21:34:42.419+0000] {dagbag.py:538} INFO - Filling up the DagBag from /home/airflow/.local/lib/python3.8/site-packages/airflow/example_dags/tutorial_objectstorage.py
[2024-10-14T21:34:42.423+0000] {processor.py:840} INFO - DAG(s) 'tutorial_objectstorage' retrieved from /home/airflow/.local/lib/python3.8/site-packages/airflow/example_dags/tutorial_objectstorage.py
[2024-10-14T21:34:42.436+0000] {logging_mixin.py:188} INFO - [2024-10-14T21:34:42.436+0000] {dag.py:3036} INFO - Sync 1 DAGs
[2024-10-14T21:34:42.443+0000] {logging_mixin.py:188} INFO - [2024-10-14T21:34:42.443+0000] {dag.py:3823} INFO - Setting next_dagrun for tutorial_objectstorage to None, run_after=None
[2024-10-14T21:34:42.455+0000] {processor.py:183} INFO - Processing /home/airflow/.local/lib/python3.8/site-packages/airflow/example_dags/tutorial_objectstorage.py took 0.040 seconds
[2024-10-14T21:35:12.730+0000] {processor.py:161} INFO - Started process (PID=2470) to work on /home/airflow/.local/lib/python3.8/site-packages/airflow/example_dags/tutorial_objectstorage.py
[2024-10-14T21:35:12.731+0000] {processor.py:830} INFO - Processing file /home/airflow/.local/lib/python3.8/site-packages/airflow/example_dags/tutorial_objectstorage.py for tasks to queue
[2024-10-14T21:35:12.732+0000] {logging_mixin.py:188} INFO - [2024-10-14T21:35:12.732+0000] {dagbag.py:538} INFO - Filling up the DagBag from /home/airflow/.local/lib/python3.8/site-packages/airflow/example_dags/tutorial_objectstorage.py
[2024-10-14T21:35:12.737+0000] {processor.py:840} INFO - DAG(s) 'tutorial_objectstorage' retrieved from /home/airflow/.local/lib/python3.8/site-packages/airflow/example_dags/tutorial_objectstorage.py
[2024-10-14T21:35:12.750+0000] {logging_mixin.py:188} INFO - [2024-10-14T21:35:12.750+0000] {dag.py:3036} INFO - Sync 1 DAGs
[2024-10-14T21:35:12.759+0000] {logging_mixin.py:188} INFO - [2024-10-14T21:35:12.759+0000] {dag.py:3823} INFO - Setting next_dagrun for tutorial_objectstorage to None, run_after=None
[2024-10-14T21:35:12.775+0000] {processor.py:183} INFO - Processing /home/airflow/.local/lib/python3.8/site-packages/airflow/example_dags/tutorial_objectstorage.py took 0.047 seconds
[2024-10-14T21:35:43.052+0000] {processor.py:161} INFO - Started process (PID=2544) to work on /home/airflow/.local/lib/python3.8/site-packages/airflow/example_dags/tutorial_objectstorage.py
[2024-10-14T21:35:43.053+0000] {processor.py:830} INFO - Processing file /home/airflow/.local/lib/python3.8/site-packages/airflow/example_dags/tutorial_objectstorage.py for tasks to queue
[2024-10-14T21:35:43.054+0000] {logging_mixin.py:188} INFO - [2024-10-14T21:35:43.054+0000] {dagbag.py:538} INFO - Filling up the DagBag from /home/airflow/.local/lib/python3.8/site-packages/airflow/example_dags/tutorial_objectstorage.py
[2024-10-14T21:35:43.059+0000] {processor.py:840} INFO - DAG(s) 'tutorial_objectstorage' retrieved from /home/airflow/.local/lib/python3.8/site-packages/airflow/example_dags/tutorial_objectstorage.py
[2024-10-14T21:35:43.073+0000] {logging_mixin.py:188} INFO - [2024-10-14T21:35:43.072+0000] {dag.py:3036} INFO - Sync 1 DAGs
[2024-10-14T21:35:43.081+0000] {logging_mixin.py:188} INFO - [2024-10-14T21:35:43.081+0000] {dag.py:3823} INFO - Setting next_dagrun for tutorial_objectstorage to None, run_after=None
[2024-10-14T21:35:43.097+0000] {processor.py:183} INFO - Processing /home/airflow/.local/lib/python3.8/site-packages/airflow/example_dags/tutorial_objectstorage.py took 0.047 seconds
[2024-10-14T21:36:13.185+0000] {processor.py:161} INFO - Started process (PID=2626) to work on /home/airflow/.local/lib/python3.8/site-packages/airflow/example_dags/tutorial_objectstorage.py
[2024-10-14T21:36:13.185+0000] {processor.py:830} INFO - Processing file /home/airflow/.local/lib/python3.8/site-packages/airflow/example_dags/tutorial_objectstorage.py for tasks to queue
[2024-10-14T21:36:13.187+0000] {logging_mixin.py:188} INFO - [2024-10-14T21:36:13.187+0000] {dagbag.py:538} INFO - Filling up the DagBag from /home/airflow/.local/lib/python3.8/site-packages/airflow/example_dags/tutorial_objectstorage.py
[2024-10-14T21:36:13.192+0000] {processor.py:840} INFO - DAG(s) 'tutorial_objectstorage' retrieved from /home/airflow/.local/lib/python3.8/site-packages/airflow/example_dags/tutorial_objectstorage.py
[2024-10-14T21:36:13.206+0000] {logging_mixin.py:188} INFO - [2024-10-14T21:36:13.206+0000] {dag.py:3036} INFO - Sync 1 DAGs
[2024-10-14T21:36:13.215+0000] {logging_mixin.py:188} INFO - [2024-10-14T21:36:13.214+0000] {dag.py:3823} INFO - Setting next_dagrun for tutorial_objectstorage to None, run_after=None
[2024-10-14T21:36:13.229+0000] {processor.py:183} INFO - Processing /home/airflow/.local/lib/python3.8/site-packages/airflow/example_dags/tutorial_objectstorage.py took 0.047 seconds
[2024-10-14T21:36:43.432+0000] {processor.py:161} INFO - Started process (PID=2700) to work on /home/airflow/.local/lib/python3.8/site-packages/airflow/example_dags/tutorial_objectstorage.py
[2024-10-14T21:36:43.433+0000] {processor.py:830} INFO - Processing file /home/airflow/.local/lib/python3.8/site-packages/airflow/example_dags/tutorial_objectstorage.py for tasks to queue
[2024-10-14T21:36:43.434+0000] {logging_mixin.py:188} INFO - [2024-10-14T21:36:43.434+0000] {dagbag.py:538} INFO - Filling up the DagBag from /home/airflow/.local/lib/python3.8/site-packages/airflow/example_dags/tutorial_objectstorage.py
[2024-10-14T21:36:43.440+0000] {processor.py:840} INFO - DAG(s) 'tutorial_objectstorage' retrieved from /home/airflow/.local/lib/python3.8/site-packages/airflow/example_dags/tutorial_objectstorage.py
[2024-10-14T21:36:43.455+0000] {logging_mixin.py:188} INFO - [2024-10-14T21:36:43.455+0000] {dag.py:3036} INFO - Sync 1 DAGs
[2024-10-14T21:36:43.464+0000] {logging_mixin.py:188} INFO - [2024-10-14T21:36:43.464+0000] {dag.py:3823} INFO - Setting next_dagrun for tutorial_objectstorage to None, run_after=None
[2024-10-14T21:36:43.482+0000] {processor.py:183} INFO - Processing /home/airflow/.local/lib/python3.8/site-packages/airflow/example_dags/tutorial_objectstorage.py took 0.051 seconds
[2024-10-14T21:37:14.119+0000] {processor.py:161} INFO - Started process (PID=2782) to work on /home/airflow/.local/lib/python3.8/site-packages/airflow/example_dags/tutorial_objectstorage.py
[2024-10-14T21:37:14.120+0000] {processor.py:830} INFO - Processing file /home/airflow/.local/lib/python3.8/site-packages/airflow/example_dags/tutorial_objectstorage.py for tasks to queue
[2024-10-14T21:37:14.121+0000] {logging_mixin.py:188} INFO - [2024-10-14T21:37:14.121+0000] {dagbag.py:538} INFO - Filling up the DagBag from /home/airflow/.local/lib/python3.8/site-packages/airflow/example_dags/tutorial_objectstorage.py
[2024-10-14T21:37:14.127+0000] {processor.py:840} INFO - DAG(s) 'tutorial_objectstorage' retrieved from /home/airflow/.local/lib/python3.8/site-packages/airflow/example_dags/tutorial_objectstorage.py
[2024-10-14T21:37:14.141+0000] {logging_mixin.py:188} INFO - [2024-10-14T21:37:14.141+0000] {dag.py:3036} INFO - Sync 1 DAGs
[2024-10-14T21:37:14.150+0000] {logging_mixin.py:188} INFO - [2024-10-14T21:37:14.150+0000] {dag.py:3823} INFO - Setting next_dagrun for tutorial_objectstorage to None, run_after=None
[2024-10-14T21:37:14.165+0000] {processor.py:183} INFO - Processing /home/airflow/.local/lib/python3.8/site-packages/airflow/example_dags/tutorial_objectstorage.py took 0.049 seconds
[2024-10-14T21:37:44.642+0000] {processor.py:161} INFO - Started process (PID=2862) to work on /home/airflow/.local/lib/python3.8/site-packages/airflow/example_dags/tutorial_objectstorage.py
[2024-10-14T21:37:44.643+0000] {processor.py:830} INFO - Processing file /home/airflow/.local/lib/python3.8/site-packages/airflow/example_dags/tutorial_objectstorage.py for tasks to queue
[2024-10-14T21:37:44.645+0000] {logging_mixin.py:188} INFO - [2024-10-14T21:37:44.645+0000] {dagbag.py:538} INFO - Filling up the DagBag from /home/airflow/.local/lib/python3.8/site-packages/airflow/example_dags/tutorial_objectstorage.py
[2024-10-14T21:37:44.650+0000] {processor.py:840} INFO - DAG(s) 'tutorial_objectstorage' retrieved from /home/airflow/.local/lib/python3.8/site-packages/airflow/example_dags/tutorial_objectstorage.py
[2024-10-14T21:37:44.667+0000] {logging_mixin.py:188} INFO - [2024-10-14T21:37:44.667+0000] {dag.py:3036} INFO - Sync 1 DAGs
[2024-10-14T21:37:44.677+0000] {logging_mixin.py:188} INFO - [2024-10-14T21:37:44.677+0000] {dag.py:3823} INFO - Setting next_dagrun for tutorial_objectstorage to None, run_after=None
[2024-10-14T21:37:44.693+0000] {processor.py:183} INFO - Processing /home/airflow/.local/lib/python3.8/site-packages/airflow/example_dags/tutorial_objectstorage.py took 0.053 seconds
[2024-10-14T21:38:15.219+0000] {processor.py:161} INFO - Started process (PID=2936) to work on /home/airflow/.local/lib/python3.8/site-packages/airflow/example_dags/tutorial_objectstorage.py
[2024-10-14T21:38:15.219+0000] {processor.py:830} INFO - Processing file /home/airflow/.local/lib/python3.8/site-packages/airflow/example_dags/tutorial_objectstorage.py for tasks to queue
[2024-10-14T21:38:15.221+0000] {logging_mixin.py:188} INFO - [2024-10-14T21:38:15.220+0000] {dagbag.py:538} INFO - Filling up the DagBag from /home/airflow/.local/lib/python3.8/site-packages/airflow/example_dags/tutorial_objectstorage.py
[2024-10-14T21:38:15.225+0000] {processor.py:840} INFO - DAG(s) 'tutorial_objectstorage' retrieved from /home/airflow/.local/lib/python3.8/site-packages/airflow/example_dags/tutorial_objectstorage.py
[2024-10-14T21:38:15.243+0000] {logging_mixin.py:188} INFO - [2024-10-14T21:38:15.243+0000] {dag.py:3036} INFO - Sync 1 DAGs
[2024-10-14T21:38:15.255+0000] {logging_mixin.py:188} INFO - [2024-10-14T21:38:15.255+0000] {dag.py:3823} INFO - Setting next_dagrun for tutorial_objectstorage to None, run_after=None
[2024-10-14T21:38:15.270+0000] {processor.py:183} INFO - Processing /home/airflow/.local/lib/python3.8/site-packages/airflow/example_dags/tutorial_objectstorage.py took 0.054 seconds
[2024-10-14T21:38:45.360+0000] {processor.py:161} INFO - Started process (PID=3017) to work on /home/airflow/.local/lib/python3.8/site-packages/airflow/example_dags/tutorial_objectstorage.py
[2024-10-14T21:38:45.361+0000] {processor.py:830} INFO - Processing file /home/airflow/.local/lib/python3.8/site-packages/airflow/example_dags/tutorial_objectstorage.py for tasks to queue
[2024-10-14T21:38:45.362+0000] {logging_mixin.py:188} INFO - [2024-10-14T21:38:45.362+0000] {dagbag.py:538} INFO - Filling up the DagBag from /home/airflow/.local/lib/python3.8/site-packages/airflow/example_dags/tutorial_objectstorage.py
[2024-10-14T21:38:45.367+0000] {processor.py:840} INFO - DAG(s) 'tutorial_objectstorage' retrieved from /home/airflow/.local/lib/python3.8/site-packages/airflow/example_dags/tutorial_objectstorage.py
[2024-10-14T21:38:45.383+0000] {logging_mixin.py:188} INFO - [2024-10-14T21:38:45.383+0000] {dag.py:3036} INFO - Sync 1 DAGs
[2024-10-14T21:38:45.392+0000] {logging_mixin.py:188} INFO - [2024-10-14T21:38:45.392+0000] {dag.py:3823} INFO - Setting next_dagrun for tutorial_objectstorage to None, run_after=None
[2024-10-14T21:38:45.409+0000] {processor.py:183} INFO - Processing /home/airflow/.local/lib/python3.8/site-packages/airflow/example_dags/tutorial_objectstorage.py took 0.052 seconds
[2024-10-14T21:39:16.239+0000] {processor.py:161} INFO - Started process (PID=3084) to work on /home/airflow/.local/lib/python3.8/site-packages/airflow/example_dags/tutorial_objectstorage.py
[2024-10-14T21:39:16.240+0000] {processor.py:830} INFO - Processing file /home/airflow/.local/lib/python3.8/site-packages/airflow/example_dags/tutorial_objectstorage.py for tasks to queue
[2024-10-14T21:39:16.242+0000] {logging_mixin.py:188} INFO - [2024-10-14T21:39:16.242+0000] {dagbag.py:538} INFO - Filling up the DagBag from /home/airflow/.local/lib/python3.8/site-packages/airflow/example_dags/tutorial_objectstorage.py
[2024-10-14T21:39:16.251+0000] {processor.py:840} INFO - DAG(s) 'tutorial_objectstorage' retrieved from /home/airflow/.local/lib/python3.8/site-packages/airflow/example_dags/tutorial_objectstorage.py
[2024-10-14T21:39:16.277+0000] {logging_mixin.py:188} INFO - [2024-10-14T21:39:16.277+0000] {dag.py:3036} INFO - Sync 1 DAGs
[2024-10-14T21:39:16.293+0000] {logging_mixin.py:188} INFO - [2024-10-14T21:39:16.293+0000] {dag.py:3823} INFO - Setting next_dagrun for tutorial_objectstorage to None, run_after=None
[2024-10-14T21:39:16.323+0000] {processor.py:183} INFO - Processing /home/airflow/.local/lib/python3.8/site-packages/airflow/example_dags/tutorial_objectstorage.py took 0.087 seconds
[2024-10-14T21:44:07.400+0000] {processor.py:161} INFO - Started process (PID=124) to work on /home/airflow/.local/lib/python3.8/site-packages/airflow/example_dags/tutorial_objectstorage.py
[2024-10-14T21:44:07.401+0000] {processor.py:830} INFO - Processing file /home/airflow/.local/lib/python3.8/site-packages/airflow/example_dags/tutorial_objectstorage.py for tasks to queue
[2024-10-14T21:44:07.402+0000] {logging_mixin.py:188} INFO - [2024-10-14T21:44:07.402+0000] {dagbag.py:538} INFO - Filling up the DagBag from /home/airflow/.local/lib/python3.8/site-packages/airflow/example_dags/tutorial_objectstorage.py
[2024-10-14T21:44:07.408+0000] {processor.py:840} INFO - DAG(s) 'tutorial_objectstorage' retrieved from /home/airflow/.local/lib/python3.8/site-packages/airflow/example_dags/tutorial_objectstorage.py
[2024-10-14T21:44:07.487+0000] {logging_mixin.py:188} INFO - [2024-10-14T21:44:07.487+0000] {dag.py:3036} INFO - Sync 1 DAGs
[2024-10-14T21:44:07.495+0000] {logging_mixin.py:188} INFO - [2024-10-14T21:44:07.495+0000] {dag.py:3823} INFO - Setting next_dagrun for tutorial_objectstorage to None, run_after=None
[2024-10-14T21:44:07.511+0000] {processor.py:183} INFO - Processing /home/airflow/.local/lib/python3.8/site-packages/airflow/example_dags/tutorial_objectstorage.py took 0.114 seconds
[2024-10-14T21:44:38.296+0000] {processor.py:161} INFO - Started process (PID=198) to work on /home/airflow/.local/lib/python3.8/site-packages/airflow/example_dags/tutorial_objectstorage.py
[2024-10-14T21:44:38.298+0000] {processor.py:830} INFO - Processing file /home/airflow/.local/lib/python3.8/site-packages/airflow/example_dags/tutorial_objectstorage.py for tasks to queue
[2024-10-14T21:44:38.301+0000] {logging_mixin.py:188} INFO - [2024-10-14T21:44:38.301+0000] {dagbag.py:538} INFO - Filling up the DagBag from /home/airflow/.local/lib/python3.8/site-packages/airflow/example_dags/tutorial_objectstorage.py
[2024-10-14T21:44:38.307+0000] {processor.py:840} INFO - DAG(s) 'tutorial_objectstorage' retrieved from /home/airflow/.local/lib/python3.8/site-packages/airflow/example_dags/tutorial_objectstorage.py
[2024-10-14T21:44:38.334+0000] {logging_mixin.py:188} INFO - [2024-10-14T21:44:38.334+0000] {dag.py:3036} INFO - Sync 1 DAGs
[2024-10-14T21:44:38.344+0000] {logging_mixin.py:188} INFO - [2024-10-14T21:44:38.344+0000] {dag.py:3823} INFO - Setting next_dagrun for tutorial_objectstorage to None, run_after=None
[2024-10-14T21:44:38.370+0000] {processor.py:183} INFO - Processing /home/airflow/.local/lib/python3.8/site-packages/airflow/example_dags/tutorial_objectstorage.py took 0.078 seconds
[2024-10-14T21:45:08.422+0000] {processor.py:161} INFO - Started process (PID=265) to work on /home/airflow/.local/lib/python3.8/site-packages/airflow/example_dags/tutorial_objectstorage.py
[2024-10-14T21:45:08.423+0000] {processor.py:830} INFO - Processing file /home/airflow/.local/lib/python3.8/site-packages/airflow/example_dags/tutorial_objectstorage.py for tasks to queue
[2024-10-14T21:45:08.424+0000] {logging_mixin.py:188} INFO - [2024-10-14T21:45:08.424+0000] {dagbag.py:538} INFO - Filling up the DagBag from /home/airflow/.local/lib/python3.8/site-packages/airflow/example_dags/tutorial_objectstorage.py
[2024-10-14T21:45:08.429+0000] {processor.py:840} INFO - DAG(s) 'tutorial_objectstorage' retrieved from /home/airflow/.local/lib/python3.8/site-packages/airflow/example_dags/tutorial_objectstorage.py
[2024-10-14T21:45:08.443+0000] {logging_mixin.py:188} INFO - [2024-10-14T21:45:08.443+0000] {dag.py:3036} INFO - Sync 1 DAGs
[2024-10-14T21:45:08.452+0000] {logging_mixin.py:188} INFO - [2024-10-14T21:45:08.451+0000] {dag.py:3823} INFO - Setting next_dagrun for tutorial_objectstorage to None, run_after=None
[2024-10-14T21:45:08.463+0000] {processor.py:183} INFO - Processing /home/airflow/.local/lib/python3.8/site-packages/airflow/example_dags/tutorial_objectstorage.py took 0.044 seconds
[2024-10-14T21:45:38.818+0000] {processor.py:161} INFO - Started process (PID=339) to work on /home/airflow/.local/lib/python3.8/site-packages/airflow/example_dags/tutorial_objectstorage.py
[2024-10-14T21:45:38.819+0000] {processor.py:830} INFO - Processing file /home/airflow/.local/lib/python3.8/site-packages/airflow/example_dags/tutorial_objectstorage.py for tasks to queue
[2024-10-14T21:45:38.820+0000] {logging_mixin.py:188} INFO - [2024-10-14T21:45:38.820+0000] {dagbag.py:538} INFO - Filling up the DagBag from /home/airflow/.local/lib/python3.8/site-packages/airflow/example_dags/tutorial_objectstorage.py
[2024-10-14T21:45:38.825+0000] {processor.py:840} INFO - DAG(s) 'tutorial_objectstorage' retrieved from /home/airflow/.local/lib/python3.8/site-packages/airflow/example_dags/tutorial_objectstorage.py
[2024-10-14T21:45:38.839+0000] {logging_mixin.py:188} INFO - [2024-10-14T21:45:38.839+0000] {dag.py:3036} INFO - Sync 1 DAGs
[2024-10-14T21:45:38.848+0000] {logging_mixin.py:188} INFO - [2024-10-14T21:45:38.848+0000] {dag.py:3823} INFO - Setting next_dagrun for tutorial_objectstorage to None, run_after=None
[2024-10-14T21:45:38.863+0000] {processor.py:183} INFO - Processing /home/airflow/.local/lib/python3.8/site-packages/airflow/example_dags/tutorial_objectstorage.py took 0.047 seconds
[2024-10-14T21:46:08.963+0000] {processor.py:161} INFO - Started process (PID=405) to work on /home/airflow/.local/lib/python3.8/site-packages/airflow/example_dags/tutorial_objectstorage.py
[2024-10-14T21:46:08.964+0000] {processor.py:830} INFO - Processing file /home/airflow/.local/lib/python3.8/site-packages/airflow/example_dags/tutorial_objectstorage.py for tasks to queue
[2024-10-14T21:46:08.965+0000] {logging_mixin.py:188} INFO - [2024-10-14T21:46:08.965+0000] {dagbag.py:538} INFO - Filling up the DagBag from /home/airflow/.local/lib/python3.8/site-packages/airflow/example_dags/tutorial_objectstorage.py
[2024-10-14T21:46:08.970+0000] {processor.py:840} INFO - DAG(s) 'tutorial_objectstorage' retrieved from /home/airflow/.local/lib/python3.8/site-packages/airflow/example_dags/tutorial_objectstorage.py
[2024-10-14T21:46:08.983+0000] {logging_mixin.py:188} INFO - [2024-10-14T21:46:08.983+0000] {dag.py:3036} INFO - Sync 1 DAGs
[2024-10-14T21:46:08.993+0000] {logging_mixin.py:188} INFO - [2024-10-14T21:46:08.993+0000] {dag.py:3823} INFO - Setting next_dagrun for tutorial_objectstorage to None, run_after=None
[2024-10-14T21:46:09.006+0000] {processor.py:183} INFO - Processing /home/airflow/.local/lib/python3.8/site-packages/airflow/example_dags/tutorial_objectstorage.py took 0.045 seconds
[2024-10-14T21:46:40.577+0000] {processor.py:161} INFO - Started process (PID=487) to work on /home/airflow/.local/lib/python3.8/site-packages/airflow/example_dags/tutorial_objectstorage.py
[2024-10-14T21:46:40.578+0000] {processor.py:830} INFO - Processing file /home/airflow/.local/lib/python3.8/site-packages/airflow/example_dags/tutorial_objectstorage.py for tasks to queue
[2024-10-14T21:46:40.581+0000] {logging_mixin.py:188} INFO - [2024-10-14T21:46:40.580+0000] {dagbag.py:538} INFO - Filling up the DagBag from /home/airflow/.local/lib/python3.8/site-packages/airflow/example_dags/tutorial_objectstorage.py
[2024-10-14T21:46:40.591+0000] {processor.py:840} INFO - DAG(s) 'tutorial_objectstorage' retrieved from /home/airflow/.local/lib/python3.8/site-packages/airflow/example_dags/tutorial_objectstorage.py
[2024-10-14T21:46:40.623+0000] {logging_mixin.py:188} INFO - [2024-10-14T21:46:40.623+0000] {dag.py:3036} INFO - Sync 1 DAGs
[2024-10-14T21:46:40.639+0000] {logging_mixin.py:188} INFO - [2024-10-14T21:46:40.639+0000] {dag.py:3823} INFO - Setting next_dagrun for tutorial_objectstorage to None, run_after=None
[2024-10-14T21:46:40.663+0000] {processor.py:183} INFO - Processing /home/airflow/.local/lib/python3.8/site-packages/airflow/example_dags/tutorial_objectstorage.py took 0.090 seconds
[2024-10-14T21:50:45.218+0000] {processor.py:161} INFO - Started process (PID=133) to work on /home/airflow/.local/lib/python3.8/site-packages/airflow/example_dags/tutorial_objectstorage.py
[2024-10-14T21:50:45.219+0000] {processor.py:830} INFO - Processing file /home/airflow/.local/lib/python3.8/site-packages/airflow/example_dags/tutorial_objectstorage.py for tasks to queue
[2024-10-14T21:50:45.220+0000] {logging_mixin.py:188} INFO - [2024-10-14T21:50:45.220+0000] {dagbag.py:538} INFO - Filling up the DagBag from /home/airflow/.local/lib/python3.8/site-packages/airflow/example_dags/tutorial_objectstorage.py
[2024-10-14T21:50:45.230+0000] {processor.py:840} INFO - DAG(s) 'tutorial_objectstorage' retrieved from /home/airflow/.local/lib/python3.8/site-packages/airflow/example_dags/tutorial_objectstorage.py
[2024-10-14T21:50:45.252+0000] {logging_mixin.py:188} INFO - [2024-10-14T21:50:45.251+0000] {dag.py:3036} INFO - Sync 1 DAGs
[2024-10-14T21:50:45.263+0000] {logging_mixin.py:188} INFO - [2024-10-14T21:50:45.263+0000] {dag.py:3823} INFO - Setting next_dagrun for tutorial_objectstorage to None, run_after=None
[2024-10-14T21:50:45.282+0000] {processor.py:183} INFO - Processing /home/airflow/.local/lib/python3.8/site-packages/airflow/example_dags/tutorial_objectstorage.py took 0.068 seconds
[2024-10-14T21:51:15.786+0000] {processor.py:161} INFO - Started process (PID=207) to work on /home/airflow/.local/lib/python3.8/site-packages/airflow/example_dags/tutorial_objectstorage.py
[2024-10-14T21:51:15.787+0000] {processor.py:830} INFO - Processing file /home/airflow/.local/lib/python3.8/site-packages/airflow/example_dags/tutorial_objectstorage.py for tasks to queue
[2024-10-14T21:51:15.788+0000] {logging_mixin.py:188} INFO - [2024-10-14T21:51:15.788+0000] {dagbag.py:538} INFO - Filling up the DagBag from /home/airflow/.local/lib/python3.8/site-packages/airflow/example_dags/tutorial_objectstorage.py
[2024-10-14T21:51:15.796+0000] {processor.py:840} INFO - DAG(s) 'tutorial_objectstorage' retrieved from /home/airflow/.local/lib/python3.8/site-packages/airflow/example_dags/tutorial_objectstorage.py
[2024-10-14T21:51:15.904+0000] {logging_mixin.py:188} INFO - [2024-10-14T21:51:15.904+0000] {dag.py:3036} INFO - Sync 1 DAGs
[2024-10-14T21:51:15.918+0000] {logging_mixin.py:188} INFO - [2024-10-14T21:51:15.918+0000] {dag.py:3823} INFO - Setting next_dagrun for tutorial_objectstorage to None, run_after=None
[2024-10-14T21:51:15.945+0000] {processor.py:183} INFO - Processing /home/airflow/.local/lib/python3.8/site-packages/airflow/example_dags/tutorial_objectstorage.py took 0.162 seconds
[2024-10-14T21:51:46.849+0000] {processor.py:161} INFO - Started process (PID=288) to work on /home/airflow/.local/lib/python3.8/site-packages/airflow/example_dags/tutorial_objectstorage.py
[2024-10-14T21:51:46.851+0000] {processor.py:830} INFO - Processing file /home/airflow/.local/lib/python3.8/site-packages/airflow/example_dags/tutorial_objectstorage.py for tasks to queue
[2024-10-14T21:51:46.856+0000] {logging_mixin.py:188} INFO - [2024-10-14T21:51:46.856+0000] {dagbag.py:538} INFO - Filling up the DagBag from /home/airflow/.local/lib/python3.8/site-packages/airflow/example_dags/tutorial_objectstorage.py
[2024-10-14T21:51:46.863+0000] {processor.py:840} INFO - DAG(s) 'tutorial_objectstorage' retrieved from /home/airflow/.local/lib/python3.8/site-packages/airflow/example_dags/tutorial_objectstorage.py
[2024-10-14T21:51:46.891+0000] {logging_mixin.py:188} INFO - [2024-10-14T21:51:46.891+0000] {dag.py:3036} INFO - Sync 1 DAGs
[2024-10-14T21:51:46.907+0000] {logging_mixin.py:188} INFO - [2024-10-14T21:51:46.906+0000] {dag.py:3823} INFO - Setting next_dagrun for tutorial_objectstorage to None, run_after=None
[2024-10-14T21:51:46.934+0000] {processor.py:183} INFO - Processing /home/airflow/.local/lib/python3.8/site-packages/airflow/example_dags/tutorial_objectstorage.py took 0.089 seconds
[2024-10-14T21:52:17.910+0000] {processor.py:161} INFO - Started process (PID=362) to work on /home/airflow/.local/lib/python3.8/site-packages/airflow/example_dags/tutorial_objectstorage.py
[2024-10-14T21:52:17.911+0000] {processor.py:830} INFO - Processing file /home/airflow/.local/lib/python3.8/site-packages/airflow/example_dags/tutorial_objectstorage.py for tasks to queue
[2024-10-14T21:52:17.912+0000] {logging_mixin.py:188} INFO - [2024-10-14T21:52:17.912+0000] {dagbag.py:538} INFO - Filling up the DagBag from /home/airflow/.local/lib/python3.8/site-packages/airflow/example_dags/tutorial_objectstorage.py
[2024-10-14T21:52:17.919+0000] {processor.py:840} INFO - DAG(s) 'tutorial_objectstorage' retrieved from /home/airflow/.local/lib/python3.8/site-packages/airflow/example_dags/tutorial_objectstorage.py
[2024-10-14T21:52:17.936+0000] {logging_mixin.py:188} INFO - [2024-10-14T21:52:17.936+0000] {dag.py:3036} INFO - Sync 1 DAGs
[2024-10-14T21:52:17.947+0000] {logging_mixin.py:188} INFO - [2024-10-14T21:52:17.947+0000] {dag.py:3823} INFO - Setting next_dagrun for tutorial_objectstorage to None, run_after=None
[2024-10-14T21:52:17.971+0000] {processor.py:183} INFO - Processing /home/airflow/.local/lib/python3.8/site-packages/airflow/example_dags/tutorial_objectstorage.py took 0.063 seconds
[2024-10-14T21:52:48.341+0000] {processor.py:161} INFO - Started process (PID=443) to work on /home/airflow/.local/lib/python3.8/site-packages/airflow/example_dags/tutorial_objectstorage.py
[2024-10-14T21:52:48.342+0000] {processor.py:830} INFO - Processing file /home/airflow/.local/lib/python3.8/site-packages/airflow/example_dags/tutorial_objectstorage.py for tasks to queue
[2024-10-14T21:52:48.344+0000] {logging_mixin.py:188} INFO - [2024-10-14T21:52:48.343+0000] {dagbag.py:538} INFO - Filling up the DagBag from /home/airflow/.local/lib/python3.8/site-packages/airflow/example_dags/tutorial_objectstorage.py
[2024-10-14T21:52:48.351+0000] {processor.py:840} INFO - DAG(s) 'tutorial_objectstorage' retrieved from /home/airflow/.local/lib/python3.8/site-packages/airflow/example_dags/tutorial_objectstorage.py
[2024-10-14T21:52:48.374+0000] {logging_mixin.py:188} INFO - [2024-10-14T21:52:48.374+0000] {dag.py:3036} INFO - Sync 1 DAGs
[2024-10-14T21:52:48.390+0000] {logging_mixin.py:188} INFO - [2024-10-14T21:52:48.390+0000] {dag.py:3823} INFO - Setting next_dagrun for tutorial_objectstorage to None, run_after=None
[2024-10-14T21:52:48.411+0000] {processor.py:183} INFO - Processing /home/airflow/.local/lib/python3.8/site-packages/airflow/example_dags/tutorial_objectstorage.py took 0.072 seconds
[2024-10-14T21:53:19.436+0000] {processor.py:161} INFO - Started process (PID=516) to work on /home/airflow/.local/lib/python3.8/site-packages/airflow/example_dags/tutorial_objectstorage.py
[2024-10-14T21:53:19.438+0000] {processor.py:830} INFO - Processing file /home/airflow/.local/lib/python3.8/site-packages/airflow/example_dags/tutorial_objectstorage.py for tasks to queue
[2024-10-14T21:53:19.439+0000] {logging_mixin.py:188} INFO - [2024-10-14T21:53:19.439+0000] {dagbag.py:538} INFO - Filling up the DagBag from /home/airflow/.local/lib/python3.8/site-packages/airflow/example_dags/tutorial_objectstorage.py
[2024-10-14T21:53:19.444+0000] {processor.py:840} INFO - DAG(s) 'tutorial_objectstorage' retrieved from /home/airflow/.local/lib/python3.8/site-packages/airflow/example_dags/tutorial_objectstorage.py
[2024-10-14T21:53:19.463+0000] {logging_mixin.py:188} INFO - [2024-10-14T21:53:19.463+0000] {dag.py:3036} INFO - Sync 1 DAGs
[2024-10-14T21:53:19.477+0000] {logging_mixin.py:188} INFO - [2024-10-14T21:53:19.476+0000] {dag.py:3823} INFO - Setting next_dagrun for tutorial_objectstorage to None, run_after=None
[2024-10-14T21:53:19.496+0000] {processor.py:183} INFO - Processing /home/airflow/.local/lib/python3.8/site-packages/airflow/example_dags/tutorial_objectstorage.py took 0.066 seconds
[2024-10-14T21:53:49.939+0000] {processor.py:161} INFO - Started process (PID=597) to work on /home/airflow/.local/lib/python3.8/site-packages/airflow/example_dags/tutorial_objectstorage.py
[2024-10-14T21:53:49.940+0000] {processor.py:830} INFO - Processing file /home/airflow/.local/lib/python3.8/site-packages/airflow/example_dags/tutorial_objectstorage.py for tasks to queue
[2024-10-14T21:53:49.941+0000] {logging_mixin.py:188} INFO - [2024-10-14T21:53:49.941+0000] {dagbag.py:538} INFO - Filling up the DagBag from /home/airflow/.local/lib/python3.8/site-packages/airflow/example_dags/tutorial_objectstorage.py
[2024-10-14T21:53:49.946+0000] {processor.py:840} INFO - DAG(s) 'tutorial_objectstorage' retrieved from /home/airflow/.local/lib/python3.8/site-packages/airflow/example_dags/tutorial_objectstorage.py
[2024-10-14T21:53:49.963+0000] {logging_mixin.py:188} INFO - [2024-10-14T21:53:49.963+0000] {dag.py:3036} INFO - Sync 1 DAGs
[2024-10-14T21:53:49.976+0000] {logging_mixin.py:188} INFO - [2024-10-14T21:53:49.976+0000] {dag.py:3823} INFO - Setting next_dagrun for tutorial_objectstorage to None, run_after=None
[2024-10-14T21:53:49.995+0000] {processor.py:183} INFO - Processing /home/airflow/.local/lib/python3.8/site-packages/airflow/example_dags/tutorial_objectstorage.py took 0.061 seconds
[2024-10-14T21:54:20.758+0000] {processor.py:161} INFO - Started process (PID=671) to work on /home/airflow/.local/lib/python3.8/site-packages/airflow/example_dags/tutorial_objectstorage.py
[2024-10-14T21:54:20.760+0000] {processor.py:830} INFO - Processing file /home/airflow/.local/lib/python3.8/site-packages/airflow/example_dags/tutorial_objectstorage.py for tasks to queue
[2024-10-14T21:54:20.761+0000] {logging_mixin.py:188} INFO - [2024-10-14T21:54:20.761+0000] {dagbag.py:538} INFO - Filling up the DagBag from /home/airflow/.local/lib/python3.8/site-packages/airflow/example_dags/tutorial_objectstorage.py
[2024-10-14T21:54:20.770+0000] {processor.py:840} INFO - DAG(s) 'tutorial_objectstorage' retrieved from /home/airflow/.local/lib/python3.8/site-packages/airflow/example_dags/tutorial_objectstorage.py
[2024-10-14T21:54:20.792+0000] {logging_mixin.py:188} INFO - [2024-10-14T21:54:20.791+0000] {dag.py:3036} INFO - Sync 1 DAGs
[2024-10-14T21:54:20.805+0000] {logging_mixin.py:188} INFO - [2024-10-14T21:54:20.805+0000] {dag.py:3823} INFO - Setting next_dagrun for tutorial_objectstorage to None, run_after=None
[2024-10-14T21:54:20.824+0000] {processor.py:183} INFO - Processing /home/airflow/.local/lib/python3.8/site-packages/airflow/example_dags/tutorial_objectstorage.py took 0.068 seconds
[2024-10-14T21:58:44.915+0000] {processor.py:161} INFO - Started process (PID=132) to work on /home/airflow/.local/lib/python3.8/site-packages/airflow/example_dags/tutorial_objectstorage.py
[2024-10-14T21:58:44.916+0000] {processor.py:830} INFO - Processing file /home/airflow/.local/lib/python3.8/site-packages/airflow/example_dags/tutorial_objectstorage.py for tasks to queue
[2024-10-14T21:58:44.919+0000] {logging_mixin.py:188} INFO - [2024-10-14T21:58:44.918+0000] {dagbag.py:538} INFO - Filling up the DagBag from /home/airflow/.local/lib/python3.8/site-packages/airflow/example_dags/tutorial_objectstorage.py
[2024-10-14T21:58:44.931+0000] {processor.py:840} INFO - DAG(s) 'tutorial_objectstorage' retrieved from /home/airflow/.local/lib/python3.8/site-packages/airflow/example_dags/tutorial_objectstorage.py
[2024-10-14T21:58:44.948+0000] {logging_mixin.py:188} INFO - [2024-10-14T21:58:44.948+0000] {dag.py:3036} INFO - Sync 1 DAGs
[2024-10-14T21:58:44.963+0000] {logging_mixin.py:188} INFO - [2024-10-14T21:58:44.963+0000] {dag.py:3823} INFO - Setting next_dagrun for tutorial_objectstorage to None, run_after=None
[2024-10-14T21:58:44.984+0000] {processor.py:183} INFO - Processing /home/airflow/.local/lib/python3.8/site-packages/airflow/example_dags/tutorial_objectstorage.py took 0.075 seconds
[2024-10-14T21:59:17.599+0000] {processor.py:161} INFO - Started process (PID=206) to work on /home/airflow/.local/lib/python3.8/site-packages/airflow/example_dags/tutorial_objectstorage.py
[2024-10-14T21:59:17.600+0000] {processor.py:830} INFO - Processing file /home/airflow/.local/lib/python3.8/site-packages/airflow/example_dags/tutorial_objectstorage.py for tasks to queue
[2024-10-14T21:59:17.601+0000] {logging_mixin.py:188} INFO - [2024-10-14T21:59:17.601+0000] {dagbag.py:538} INFO - Filling up the DagBag from /home/airflow/.local/lib/python3.8/site-packages/airflow/example_dags/tutorial_objectstorage.py
[2024-10-14T21:59:17.606+0000] {processor.py:840} INFO - DAG(s) 'tutorial_objectstorage' retrieved from /home/airflow/.local/lib/python3.8/site-packages/airflow/example_dags/tutorial_objectstorage.py
[2024-10-14T21:59:17.696+0000] {logging_mixin.py:188} INFO - [2024-10-14T21:59:17.696+0000] {dag.py:3036} INFO - Sync 1 DAGs
[2024-10-14T21:59:17.708+0000] {logging_mixin.py:188} INFO - [2024-10-14T21:59:17.708+0000] {dag.py:3823} INFO - Setting next_dagrun for tutorial_objectstorage to None, run_after=None
[2024-10-14T21:59:17.737+0000] {processor.py:183} INFO - Processing /home/airflow/.local/lib/python3.8/site-packages/airflow/example_dags/tutorial_objectstorage.py took 0.140 seconds
[2024-10-14T21:59:48.458+0000] {processor.py:161} INFO - Started process (PID=288) to work on /home/airflow/.local/lib/python3.8/site-packages/airflow/example_dags/tutorial_objectstorage.py
[2024-10-14T21:59:48.459+0000] {processor.py:830} INFO - Processing file /home/airflow/.local/lib/python3.8/site-packages/airflow/example_dags/tutorial_objectstorage.py for tasks to queue
[2024-10-14T21:59:48.461+0000] {logging_mixin.py:188} INFO - [2024-10-14T21:59:48.460+0000] {dagbag.py:538} INFO - Filling up the DagBag from /home/airflow/.local/lib/python3.8/site-packages/airflow/example_dags/tutorial_objectstorage.py
[2024-10-14T21:59:48.468+0000] {processor.py:840} INFO - DAG(s) 'tutorial_objectstorage' retrieved from /home/airflow/.local/lib/python3.8/site-packages/airflow/example_dags/tutorial_objectstorage.py
[2024-10-14T21:59:48.484+0000] {logging_mixin.py:188} INFO - [2024-10-14T21:59:48.483+0000] {dag.py:3036} INFO - Sync 1 DAGs
[2024-10-14T21:59:48.494+0000] {logging_mixin.py:188} INFO - [2024-10-14T21:59:48.494+0000] {dag.py:3823} INFO - Setting next_dagrun for tutorial_objectstorage to None, run_after=None
[2024-10-14T21:59:48.512+0000] {processor.py:183} INFO - Processing /home/airflow/.local/lib/python3.8/site-packages/airflow/example_dags/tutorial_objectstorage.py took 0.057 seconds
[2024-10-14T22:00:18.645+0000] {processor.py:161} INFO - Started process (PID=362) to work on /home/airflow/.local/lib/python3.8/site-packages/airflow/example_dags/tutorial_objectstorage.py
[2024-10-14T22:00:18.646+0000] {processor.py:830} INFO - Processing file /home/airflow/.local/lib/python3.8/site-packages/airflow/example_dags/tutorial_objectstorage.py for tasks to queue
[2024-10-14T22:00:18.647+0000] {logging_mixin.py:188} INFO - [2024-10-14T22:00:18.647+0000] {dagbag.py:538} INFO - Filling up the DagBag from /home/airflow/.local/lib/python3.8/site-packages/airflow/example_dags/tutorial_objectstorage.py
[2024-10-14T22:00:18.662+0000] {processor.py:840} INFO - DAG(s) 'tutorial_objectstorage' retrieved from /home/airflow/.local/lib/python3.8/site-packages/airflow/example_dags/tutorial_objectstorage.py
[2024-10-14T22:00:18.695+0000] {logging_mixin.py:188} INFO - [2024-10-14T22:00:18.695+0000] {dag.py:3036} INFO - Sync 1 DAGs
[2024-10-14T22:00:18.712+0000] {logging_mixin.py:188} INFO - [2024-10-14T22:00:18.712+0000] {dag.py:3823} INFO - Setting next_dagrun for tutorial_objectstorage to None, run_after=None
[2024-10-14T22:00:18.744+0000] {processor.py:183} INFO - Processing /home/airflow/.local/lib/python3.8/site-packages/airflow/example_dags/tutorial_objectstorage.py took 0.107 seconds
[2024-10-14T22:00:49.391+0000] {processor.py:161} INFO - Started process (PID=436) to work on /home/airflow/.local/lib/python3.8/site-packages/airflow/example_dags/tutorial_objectstorage.py
[2024-10-14T22:00:49.392+0000] {processor.py:830} INFO - Processing file /home/airflow/.local/lib/python3.8/site-packages/airflow/example_dags/tutorial_objectstorage.py for tasks to queue
[2024-10-14T22:00:49.393+0000] {logging_mixin.py:188} INFO - [2024-10-14T22:00:49.393+0000] {dagbag.py:538} INFO - Filling up the DagBag from /home/airflow/.local/lib/python3.8/site-packages/airflow/example_dags/tutorial_objectstorage.py
[2024-10-14T22:00:49.398+0000] {processor.py:840} INFO - DAG(s) 'tutorial_objectstorage' retrieved from /home/airflow/.local/lib/python3.8/site-packages/airflow/example_dags/tutorial_objectstorage.py
[2024-10-14T22:00:49.420+0000] {logging_mixin.py:188} INFO - [2024-10-14T22:00:49.419+0000] {dag.py:3036} INFO - Sync 1 DAGs
[2024-10-14T22:00:49.433+0000] {logging_mixin.py:188} INFO - [2024-10-14T22:00:49.433+0000] {dag.py:3823} INFO - Setting next_dagrun for tutorial_objectstorage to None, run_after=None
[2024-10-14T22:00:49.457+0000] {processor.py:183} INFO - Processing /home/airflow/.local/lib/python3.8/site-packages/airflow/example_dags/tutorial_objectstorage.py took 0.074 seconds
[2024-10-14T22:01:20.029+0000] {processor.py:161} INFO - Started process (PID=511) to work on /home/airflow/.local/lib/python3.8/site-packages/airflow/example_dags/tutorial_objectstorage.py
[2024-10-14T22:01:20.030+0000] {processor.py:830} INFO - Processing file /home/airflow/.local/lib/python3.8/site-packages/airflow/example_dags/tutorial_objectstorage.py for tasks to queue
[2024-10-14T22:01:20.031+0000] {logging_mixin.py:188} INFO - [2024-10-14T22:01:20.031+0000] {dagbag.py:538} INFO - Filling up the DagBag from /home/airflow/.local/lib/python3.8/site-packages/airflow/example_dags/tutorial_objectstorage.py
[2024-10-14T22:01:20.039+0000] {processor.py:840} INFO - DAG(s) 'tutorial_objectstorage' retrieved from /home/airflow/.local/lib/python3.8/site-packages/airflow/example_dags/tutorial_objectstorage.py
[2024-10-14T22:01:20.059+0000] {logging_mixin.py:188} INFO - [2024-10-14T22:01:20.059+0000] {dag.py:3036} INFO - Sync 1 DAGs
[2024-10-14T22:01:20.068+0000] {logging_mixin.py:188} INFO - [2024-10-14T22:01:20.068+0000] {dag.py:3823} INFO - Setting next_dagrun for tutorial_objectstorage to None, run_after=None
[2024-10-14T22:01:20.091+0000] {processor.py:183} INFO - Processing /home/airflow/.local/lib/python3.8/site-packages/airflow/example_dags/tutorial_objectstorage.py took 0.064 seconds
[2024-10-14T22:01:50.233+0000] {processor.py:161} INFO - Started process (PID=583) to work on /home/airflow/.local/lib/python3.8/site-packages/airflow/example_dags/tutorial_objectstorage.py
[2024-10-14T22:01:50.234+0000] {processor.py:830} INFO - Processing file /home/airflow/.local/lib/python3.8/site-packages/airflow/example_dags/tutorial_objectstorage.py for tasks to queue
[2024-10-14T22:01:50.239+0000] {logging_mixin.py:188} INFO - [2024-10-14T22:01:50.238+0000] {dagbag.py:538} INFO - Filling up the DagBag from /home/airflow/.local/lib/python3.8/site-packages/airflow/example_dags/tutorial_objectstorage.py
[2024-10-14T22:01:50.246+0000] {processor.py:840} INFO - DAG(s) 'tutorial_objectstorage' retrieved from /home/airflow/.local/lib/python3.8/site-packages/airflow/example_dags/tutorial_objectstorage.py
[2024-10-14T22:01:50.267+0000] {logging_mixin.py:188} INFO - [2024-10-14T22:01:50.267+0000] {dag.py:3036} INFO - Sync 1 DAGs
[2024-10-14T22:01:50.282+0000] {logging_mixin.py:188} INFO - [2024-10-14T22:01:50.282+0000] {dag.py:3823} INFO - Setting next_dagrun for tutorial_objectstorage to None, run_after=None
[2024-10-14T22:01:50.313+0000] {processor.py:183} INFO - Processing /home/airflow/.local/lib/python3.8/site-packages/airflow/example_dags/tutorial_objectstorage.py took 0.083 seconds
[2024-10-14T22:02:20.562+0000] {processor.py:161} INFO - Started process (PID=665) to work on /home/airflow/.local/lib/python3.8/site-packages/airflow/example_dags/tutorial_objectstorage.py
[2024-10-14T22:02:20.563+0000] {processor.py:830} INFO - Processing file /home/airflow/.local/lib/python3.8/site-packages/airflow/example_dags/tutorial_objectstorage.py for tasks to queue
[2024-10-14T22:02:20.564+0000] {logging_mixin.py:188} INFO - [2024-10-14T22:02:20.564+0000] {dagbag.py:538} INFO - Filling up the DagBag from /home/airflow/.local/lib/python3.8/site-packages/airflow/example_dags/tutorial_objectstorage.py
[2024-10-14T22:02:20.570+0000] {processor.py:840} INFO - DAG(s) 'tutorial_objectstorage' retrieved from /home/airflow/.local/lib/python3.8/site-packages/airflow/example_dags/tutorial_objectstorage.py
[2024-10-14T22:02:20.592+0000] {logging_mixin.py:188} INFO - [2024-10-14T22:02:20.592+0000] {dag.py:3036} INFO - Sync 1 DAGs
[2024-10-14T22:02:20.601+0000] {logging_mixin.py:188} INFO - [2024-10-14T22:02:20.601+0000] {dag.py:3823} INFO - Setting next_dagrun for tutorial_objectstorage to None, run_after=None
[2024-10-14T22:02:20.621+0000] {processor.py:183} INFO - Processing /home/airflow/.local/lib/python3.8/site-packages/airflow/example_dags/tutorial_objectstorage.py took 0.061 seconds
[2024-10-14T22:02:51.275+0000] {processor.py:161} INFO - Started process (PID=739) to work on /home/airflow/.local/lib/python3.8/site-packages/airflow/example_dags/tutorial_objectstorage.py
[2024-10-14T22:02:51.275+0000] {processor.py:830} INFO - Processing file /home/airflow/.local/lib/python3.8/site-packages/airflow/example_dags/tutorial_objectstorage.py for tasks to queue
[2024-10-14T22:02:51.277+0000] {logging_mixin.py:188} INFO - [2024-10-14T22:02:51.276+0000] {dagbag.py:538} INFO - Filling up the DagBag from /home/airflow/.local/lib/python3.8/site-packages/airflow/example_dags/tutorial_objectstorage.py
[2024-10-14T22:02:51.281+0000] {processor.py:840} INFO - DAG(s) 'tutorial_objectstorage' retrieved from /home/airflow/.local/lib/python3.8/site-packages/airflow/example_dags/tutorial_objectstorage.py
[2024-10-14T22:02:51.301+0000] {logging_mixin.py:188} INFO - [2024-10-14T22:02:51.301+0000] {dag.py:3036} INFO - Sync 1 DAGs
[2024-10-14T22:02:51.316+0000] {logging_mixin.py:188} INFO - [2024-10-14T22:02:51.316+0000] {dag.py:3823} INFO - Setting next_dagrun for tutorial_objectstorage to None, run_after=None
[2024-10-14T22:02:51.336+0000] {processor.py:183} INFO - Processing /home/airflow/.local/lib/python3.8/site-packages/airflow/example_dags/tutorial_objectstorage.py took 0.067 seconds
[2024-10-14T22:03:22.350+0000] {processor.py:161} INFO - Started process (PID=821) to work on /home/airflow/.local/lib/python3.8/site-packages/airflow/example_dags/tutorial_objectstorage.py
[2024-10-14T22:03:22.351+0000] {processor.py:830} INFO - Processing file /home/airflow/.local/lib/python3.8/site-packages/airflow/example_dags/tutorial_objectstorage.py for tasks to queue
[2024-10-14T22:03:22.354+0000] {logging_mixin.py:188} INFO - [2024-10-14T22:03:22.353+0000] {dagbag.py:538} INFO - Filling up the DagBag from /home/airflow/.local/lib/python3.8/site-packages/airflow/example_dags/tutorial_objectstorage.py
[2024-10-14T22:03:22.364+0000] {processor.py:840} INFO - DAG(s) 'tutorial_objectstorage' retrieved from /home/airflow/.local/lib/python3.8/site-packages/airflow/example_dags/tutorial_objectstorage.py
[2024-10-14T22:03:22.394+0000] {logging_mixin.py:188} INFO - [2024-10-14T22:03:22.393+0000] {dag.py:3036} INFO - Sync 1 DAGs
[2024-10-14T22:03:22.404+0000] {logging_mixin.py:188} INFO - [2024-10-14T22:03:22.404+0000] {dag.py:3823} INFO - Setting next_dagrun for tutorial_objectstorage to None, run_after=None
[2024-10-14T22:03:22.426+0000] {processor.py:183} INFO - Processing /home/airflow/.local/lib/python3.8/site-packages/airflow/example_dags/tutorial_objectstorage.py took 0.079 seconds
[2024-10-14T22:03:52.493+0000] {processor.py:161} INFO - Started process (PID=894) to work on /home/airflow/.local/lib/python3.8/site-packages/airflow/example_dags/tutorial_objectstorage.py
[2024-10-14T22:03:52.494+0000] {processor.py:830} INFO - Processing file /home/airflow/.local/lib/python3.8/site-packages/airflow/example_dags/tutorial_objectstorage.py for tasks to queue
[2024-10-14T22:03:52.495+0000] {logging_mixin.py:188} INFO - [2024-10-14T22:03:52.495+0000] {dagbag.py:538} INFO - Filling up the DagBag from /home/airflow/.local/lib/python3.8/site-packages/airflow/example_dags/tutorial_objectstorage.py
[2024-10-14T22:03:52.500+0000] {processor.py:840} INFO - DAG(s) 'tutorial_objectstorage' retrieved from /home/airflow/.local/lib/python3.8/site-packages/airflow/example_dags/tutorial_objectstorage.py
[2024-10-14T22:03:52.523+0000] {logging_mixin.py:188} INFO - [2024-10-14T22:03:52.522+0000] {dag.py:3036} INFO - Sync 1 DAGs
[2024-10-14T22:03:52.534+0000] {logging_mixin.py:188} INFO - [2024-10-14T22:03:52.534+0000] {dag.py:3823} INFO - Setting next_dagrun for tutorial_objectstorage to None, run_after=None
[2024-10-14T22:03:52.559+0000] {processor.py:183} INFO - Processing /home/airflow/.local/lib/python3.8/site-packages/airflow/example_dags/tutorial_objectstorage.py took 0.071 seconds
[2024-10-14T22:04:22.811+0000] {processor.py:161} INFO - Started process (PID=975) to work on /home/airflow/.local/lib/python3.8/site-packages/airflow/example_dags/tutorial_objectstorage.py
[2024-10-14T22:04:22.812+0000] {processor.py:830} INFO - Processing file /home/airflow/.local/lib/python3.8/site-packages/airflow/example_dags/tutorial_objectstorage.py for tasks to queue
[2024-10-14T22:04:22.813+0000] {logging_mixin.py:188} INFO - [2024-10-14T22:04:22.813+0000] {dagbag.py:538} INFO - Filling up the DagBag from /home/airflow/.local/lib/python3.8/site-packages/airflow/example_dags/tutorial_objectstorage.py
[2024-10-14T22:04:22.818+0000] {processor.py:840} INFO - DAG(s) 'tutorial_objectstorage' retrieved from /home/airflow/.local/lib/python3.8/site-packages/airflow/example_dags/tutorial_objectstorage.py
[2024-10-14T22:04:22.833+0000] {logging_mixin.py:188} INFO - [2024-10-14T22:04:22.833+0000] {dag.py:3036} INFO - Sync 1 DAGs
[2024-10-14T22:04:22.843+0000] {logging_mixin.py:188} INFO - [2024-10-14T22:04:22.842+0000] {dag.py:3823} INFO - Setting next_dagrun for tutorial_objectstorage to None, run_after=None
[2024-10-14T22:04:22.858+0000] {processor.py:183} INFO - Processing /home/airflow/.local/lib/python3.8/site-packages/airflow/example_dags/tutorial_objectstorage.py took 0.049 seconds
[2024-10-14T22:04:53.387+0000] {processor.py:161} INFO - Started process (PID=1048) to work on /home/airflow/.local/lib/python3.8/site-packages/airflow/example_dags/tutorial_objectstorage.py
[2024-10-14T22:04:53.388+0000] {processor.py:830} INFO - Processing file /home/airflow/.local/lib/python3.8/site-packages/airflow/example_dags/tutorial_objectstorage.py for tasks to queue
[2024-10-14T22:04:53.389+0000] {logging_mixin.py:188} INFO - [2024-10-14T22:04:53.389+0000] {dagbag.py:538} INFO - Filling up the DagBag from /home/airflow/.local/lib/python3.8/site-packages/airflow/example_dags/tutorial_objectstorage.py
[2024-10-14T22:04:53.394+0000] {processor.py:840} INFO - DAG(s) 'tutorial_objectstorage' retrieved from /home/airflow/.local/lib/python3.8/site-packages/airflow/example_dags/tutorial_objectstorage.py
[2024-10-14T22:04:53.409+0000] {logging_mixin.py:188} INFO - [2024-10-14T22:04:53.409+0000] {dag.py:3036} INFO - Sync 1 DAGs
[2024-10-14T22:04:53.418+0000] {logging_mixin.py:188} INFO - [2024-10-14T22:04:53.418+0000] {dag.py:3823} INFO - Setting next_dagrun for tutorial_objectstorage to None, run_after=None
[2024-10-14T22:04:53.433+0000] {processor.py:183} INFO - Processing /home/airflow/.local/lib/python3.8/site-packages/airflow/example_dags/tutorial_objectstorage.py took 0.048 seconds
[2024-10-14T22:05:24.418+0000] {processor.py:161} INFO - Started process (PID=1130) to work on /home/airflow/.local/lib/python3.8/site-packages/airflow/example_dags/tutorial_objectstorage.py
[2024-10-14T22:05:24.419+0000] {processor.py:830} INFO - Processing file /home/airflow/.local/lib/python3.8/site-packages/airflow/example_dags/tutorial_objectstorage.py for tasks to queue
[2024-10-14T22:05:24.420+0000] {logging_mixin.py:188} INFO - [2024-10-14T22:05:24.420+0000] {dagbag.py:538} INFO - Filling up the DagBag from /home/airflow/.local/lib/python3.8/site-packages/airflow/example_dags/tutorial_objectstorage.py
[2024-10-14T22:05:24.425+0000] {processor.py:840} INFO - DAG(s) 'tutorial_objectstorage' retrieved from /home/airflow/.local/lib/python3.8/site-packages/airflow/example_dags/tutorial_objectstorage.py
[2024-10-14T22:05:24.441+0000] {logging_mixin.py:188} INFO - [2024-10-14T22:05:24.440+0000] {dag.py:3036} INFO - Sync 1 DAGs
[2024-10-14T22:05:24.449+0000] {logging_mixin.py:188} INFO - [2024-10-14T22:05:24.449+0000] {dag.py:3823} INFO - Setting next_dagrun for tutorial_objectstorage to None, run_after=None
[2024-10-14T22:05:24.462+0000] {processor.py:183} INFO - Processing /home/airflow/.local/lib/python3.8/site-packages/airflow/example_dags/tutorial_objectstorage.py took 0.047 seconds
[2024-10-14T22:05:55.495+0000] {processor.py:161} INFO - Started process (PID=1204) to work on /home/airflow/.local/lib/python3.8/site-packages/airflow/example_dags/tutorial_objectstorage.py
[2024-10-14T22:05:55.496+0000] {processor.py:830} INFO - Processing file /home/airflow/.local/lib/python3.8/site-packages/airflow/example_dags/tutorial_objectstorage.py for tasks to queue
[2024-10-14T22:05:55.497+0000] {logging_mixin.py:188} INFO - [2024-10-14T22:05:55.497+0000] {dagbag.py:538} INFO - Filling up the DagBag from /home/airflow/.local/lib/python3.8/site-packages/airflow/example_dags/tutorial_objectstorage.py
[2024-10-14T22:05:55.503+0000] {processor.py:840} INFO - DAG(s) 'tutorial_objectstorage' retrieved from /home/airflow/.local/lib/python3.8/site-packages/airflow/example_dags/tutorial_objectstorage.py
[2024-10-14T22:05:55.519+0000] {logging_mixin.py:188} INFO - [2024-10-14T22:05:55.518+0000] {dag.py:3036} INFO - Sync 1 DAGs
[2024-10-14T22:05:55.528+0000] {logging_mixin.py:188} INFO - [2024-10-14T22:05:55.528+0000] {dag.py:3823} INFO - Setting next_dagrun for tutorial_objectstorage to None, run_after=None
[2024-10-14T22:05:55.543+0000] {processor.py:183} INFO - Processing /home/airflow/.local/lib/python3.8/site-packages/airflow/example_dags/tutorial_objectstorage.py took 0.050 seconds
[2024-10-14T22:06:26.636+0000] {processor.py:161} INFO - Started process (PID=1285) to work on /home/airflow/.local/lib/python3.8/site-packages/airflow/example_dags/tutorial_objectstorage.py
[2024-10-14T22:06:26.637+0000] {processor.py:830} INFO - Processing file /home/airflow/.local/lib/python3.8/site-packages/airflow/example_dags/tutorial_objectstorage.py for tasks to queue
[2024-10-14T22:06:26.638+0000] {logging_mixin.py:188} INFO - [2024-10-14T22:06:26.638+0000] {dagbag.py:538} INFO - Filling up the DagBag from /home/airflow/.local/lib/python3.8/site-packages/airflow/example_dags/tutorial_objectstorage.py
[2024-10-14T22:06:26.645+0000] {processor.py:840} INFO - DAG(s) 'tutorial_objectstorage' retrieved from /home/airflow/.local/lib/python3.8/site-packages/airflow/example_dags/tutorial_objectstorage.py
[2024-10-14T22:06:26.664+0000] {logging_mixin.py:188} INFO - [2024-10-14T22:06:26.664+0000] {dag.py:3036} INFO - Sync 1 DAGs
[2024-10-14T22:06:26.675+0000] {logging_mixin.py:188} INFO - [2024-10-14T22:06:26.675+0000] {dag.py:3823} INFO - Setting next_dagrun for tutorial_objectstorage to None, run_after=None
[2024-10-14T22:06:26.689+0000] {processor.py:183} INFO - Processing /home/airflow/.local/lib/python3.8/site-packages/airflow/example_dags/tutorial_objectstorage.py took 0.056 seconds
[2024-10-14T22:06:56.997+0000] {processor.py:161} INFO - Started process (PID=1368) to work on /home/airflow/.local/lib/python3.8/site-packages/airflow/example_dags/tutorial_objectstorage.py
[2024-10-14T22:06:56.999+0000] {processor.py:830} INFO - Processing file /home/airflow/.local/lib/python3.8/site-packages/airflow/example_dags/tutorial_objectstorage.py for tasks to queue
[2024-10-14T22:06:57.000+0000] {logging_mixin.py:188} INFO - [2024-10-14T22:06:57.000+0000] {dagbag.py:538} INFO - Filling up the DagBag from /home/airflow/.local/lib/python3.8/site-packages/airflow/example_dags/tutorial_objectstorage.py
[2024-10-14T22:06:57.006+0000] {processor.py:840} INFO - DAG(s) 'tutorial_objectstorage' retrieved from /home/airflow/.local/lib/python3.8/site-packages/airflow/example_dags/tutorial_objectstorage.py
[2024-10-14T22:06:57.024+0000] {logging_mixin.py:188} INFO - [2024-10-14T22:06:57.023+0000] {dag.py:3036} INFO - Sync 1 DAGs
[2024-10-14T22:06:57.037+0000] {logging_mixin.py:188} INFO - [2024-10-14T22:06:57.036+0000] {dag.py:3823} INFO - Setting next_dagrun for tutorial_objectstorage to None, run_after=None
[2024-10-14T22:06:57.058+0000] {processor.py:183} INFO - Processing /home/airflow/.local/lib/python3.8/site-packages/airflow/example_dags/tutorial_objectstorage.py took 0.063 seconds
[2024-10-14T22:07:27.742+0000] {processor.py:161} INFO - Started process (PID=1443) to work on /home/airflow/.local/lib/python3.8/site-packages/airflow/example_dags/tutorial_objectstorage.py
[2024-10-14T22:07:27.743+0000] {processor.py:830} INFO - Processing file /home/airflow/.local/lib/python3.8/site-packages/airflow/example_dags/tutorial_objectstorage.py for tasks to queue
[2024-10-14T22:07:27.744+0000] {logging_mixin.py:188} INFO - [2024-10-14T22:07:27.744+0000] {dagbag.py:538} INFO - Filling up the DagBag from /home/airflow/.local/lib/python3.8/site-packages/airflow/example_dags/tutorial_objectstorage.py
[2024-10-14T22:07:27.749+0000] {processor.py:840} INFO - DAG(s) 'tutorial_objectstorage' retrieved from /home/airflow/.local/lib/python3.8/site-packages/airflow/example_dags/tutorial_objectstorage.py
[2024-10-14T22:07:27.763+0000] {logging_mixin.py:188} INFO - [2024-10-14T22:07:27.763+0000] {dag.py:3036} INFO - Sync 1 DAGs
[2024-10-14T22:07:27.771+0000] {logging_mixin.py:188} INFO - [2024-10-14T22:07:27.771+0000] {dag.py:3823} INFO - Setting next_dagrun for tutorial_objectstorage to None, run_after=None
[2024-10-14T22:07:27.787+0000] {processor.py:183} INFO - Processing /home/airflow/.local/lib/python3.8/site-packages/airflow/example_dags/tutorial_objectstorage.py took 0.048 seconds
[2024-10-14T22:07:58.867+0000] {processor.py:161} INFO - Started process (PID=1525) to work on /home/airflow/.local/lib/python3.8/site-packages/airflow/example_dags/tutorial_objectstorage.py
[2024-10-14T22:07:58.867+0000] {processor.py:830} INFO - Processing file /home/airflow/.local/lib/python3.8/site-packages/airflow/example_dags/tutorial_objectstorage.py for tasks to queue
[2024-10-14T22:07:58.869+0000] {logging_mixin.py:188} INFO - [2024-10-14T22:07:58.868+0000] {dagbag.py:538} INFO - Filling up the DagBag from /home/airflow/.local/lib/python3.8/site-packages/airflow/example_dags/tutorial_objectstorage.py
[2024-10-14T22:07:58.874+0000] {processor.py:840} INFO - DAG(s) 'tutorial_objectstorage' retrieved from /home/airflow/.local/lib/python3.8/site-packages/airflow/example_dags/tutorial_objectstorage.py
[2024-10-14T22:07:58.892+0000] {logging_mixin.py:188} INFO - [2024-10-14T22:07:58.892+0000] {dag.py:3036} INFO - Sync 1 DAGs
[2024-10-14T22:07:58.903+0000] {logging_mixin.py:188} INFO - [2024-10-14T22:07:58.903+0000] {dag.py:3823} INFO - Setting next_dagrun for tutorial_objectstorage to None, run_after=None
[2024-10-14T22:07:58.918+0000] {processor.py:183} INFO - Processing /home/airflow/.local/lib/python3.8/site-packages/airflow/example_dags/tutorial_objectstorage.py took 0.054 seconds
[2024-10-14T22:08:29.392+0000] {processor.py:161} INFO - Started process (PID=1599) to work on /home/airflow/.local/lib/python3.8/site-packages/airflow/example_dags/tutorial_objectstorage.py
[2024-10-14T22:08:29.393+0000] {processor.py:830} INFO - Processing file /home/airflow/.local/lib/python3.8/site-packages/airflow/example_dags/tutorial_objectstorage.py for tasks to queue
[2024-10-14T22:08:29.394+0000] {logging_mixin.py:188} INFO - [2024-10-14T22:08:29.394+0000] {dagbag.py:538} INFO - Filling up the DagBag from /home/airflow/.local/lib/python3.8/site-packages/airflow/example_dags/tutorial_objectstorage.py
[2024-10-14T22:08:29.399+0000] {processor.py:840} INFO - DAG(s) 'tutorial_objectstorage' retrieved from /home/airflow/.local/lib/python3.8/site-packages/airflow/example_dags/tutorial_objectstorage.py
[2024-10-14T22:08:29.415+0000] {logging_mixin.py:188} INFO - [2024-10-14T22:08:29.415+0000] {dag.py:3036} INFO - Sync 1 DAGs
[2024-10-14T22:08:29.424+0000] {logging_mixin.py:188} INFO - [2024-10-14T22:08:29.423+0000] {dag.py:3823} INFO - Setting next_dagrun for tutorial_objectstorage to None, run_after=None
[2024-10-14T22:08:29.436+0000] {processor.py:183} INFO - Processing /home/airflow/.local/lib/python3.8/site-packages/airflow/example_dags/tutorial_objectstorage.py took 0.045 seconds
[2024-10-14T22:08:59.948+0000] {processor.py:161} INFO - Started process (PID=1680) to work on /home/airflow/.local/lib/python3.8/site-packages/airflow/example_dags/tutorial_objectstorage.py
[2024-10-14T22:08:59.949+0000] {processor.py:830} INFO - Processing file /home/airflow/.local/lib/python3.8/site-packages/airflow/example_dags/tutorial_objectstorage.py for tasks to queue
[2024-10-14T22:08:59.950+0000] {logging_mixin.py:188} INFO - [2024-10-14T22:08:59.950+0000] {dagbag.py:538} INFO - Filling up the DagBag from /home/airflow/.local/lib/python3.8/site-packages/airflow/example_dags/tutorial_objectstorage.py
[2024-10-14T22:08:59.956+0000] {processor.py:840} INFO - DAG(s) 'tutorial_objectstorage' retrieved from /home/airflow/.local/lib/python3.8/site-packages/airflow/example_dags/tutorial_objectstorage.py
[2024-10-14T22:08:59.970+0000] {logging_mixin.py:188} INFO - [2024-10-14T22:08:59.970+0000] {dag.py:3036} INFO - Sync 1 DAGs
[2024-10-14T22:08:59.979+0000] {logging_mixin.py:188} INFO - [2024-10-14T22:08:59.979+0000] {dag.py:3823} INFO - Setting next_dagrun for tutorial_objectstorage to None, run_after=None
[2024-10-14T22:08:59.994+0000] {processor.py:183} INFO - Processing /home/airflow/.local/lib/python3.8/site-packages/airflow/example_dags/tutorial_objectstorage.py took 0.049 seconds
