[2024-10-14T21:19:51.608+0000] {processor.py:161} INFO - Started process (PID=86) to work on /home/airflow/.local/lib/python3.8/site-packages/airflow/example_dags/tutorial.py
[2024-10-14T21:19:51.609+0000] {processor.py:830} INFO - Processing file /home/airflow/.local/lib/python3.8/site-packages/airflow/example_dags/tutorial.py for tasks to queue
[2024-10-14T21:19:51.611+0000] {logging_mixin.py:188} INFO - [2024-10-14T21:19:51.610+0000] {dagbag.py:538} INFO - Filling up the DagBag from /home/airflow/.local/lib/python3.8/site-packages/airflow/example_dags/tutorial.py
[2024-10-14T21:19:51.617+0000] {processor.py:840} INFO - DAG(s) 'tutorial' retrieved from /home/airflow/.local/lib/python3.8/site-packages/airflow/example_dags/tutorial.py
[2024-10-14T21:19:51.712+0000] {logging_mixin.py:188} INFO - [2024-10-14T21:19:51.711+0000] {dag.py:3036} INFO - Sync 1 DAGs
[2024-10-14T21:19:51.733+0000] {logging_mixin.py:188} INFO - [2024-10-14T21:19:51.733+0000] {dag.py:3823} INFO - Setting next_dagrun for tutorial to 2024-10-13 00:00:00+00:00, run_after=2024-10-14 00:00:00+00:00
[2024-10-14T21:19:51.751+0000] {processor.py:183} INFO - Processing /home/airflow/.local/lib/python3.8/site-packages/airflow/example_dags/tutorial.py took 0.145 seconds
[2024-10-14T21:20:22.481+0000] {processor.py:161} INFO - Started process (PID=166) to work on /home/airflow/.local/lib/python3.8/site-packages/airflow/example_dags/tutorial.py
[2024-10-14T21:20:22.482+0000] {processor.py:830} INFO - Processing file /home/airflow/.local/lib/python3.8/site-packages/airflow/example_dags/tutorial.py for tasks to queue
[2024-10-14T21:20:22.484+0000] {logging_mixin.py:188} INFO - [2024-10-14T21:20:22.483+0000] {dagbag.py:538} INFO - Filling up the DagBag from /home/airflow/.local/lib/python3.8/site-packages/airflow/example_dags/tutorial.py
[2024-10-14T21:20:22.488+0000] {processor.py:840} INFO - DAG(s) 'tutorial' retrieved from /home/airflow/.local/lib/python3.8/site-packages/airflow/example_dags/tutorial.py
[2024-10-14T21:20:22.502+0000] {logging_mixin.py:188} INFO - [2024-10-14T21:20:22.502+0000] {dag.py:3036} INFO - Sync 1 DAGs
[2024-10-14T21:20:22.518+0000] {logging_mixin.py:188} INFO - [2024-10-14T21:20:22.518+0000] {dag.py:3823} INFO - Setting next_dagrun for tutorial to 2024-10-13 00:00:00+00:00, run_after=2024-10-14 00:00:00+00:00
[2024-10-14T21:20:22.533+0000] {processor.py:183} INFO - Processing /home/airflow/.local/lib/python3.8/site-packages/airflow/example_dags/tutorial.py took 0.054 seconds
[2024-10-14T21:20:52.674+0000] {processor.py:161} INFO - Started process (PID=240) to work on /home/airflow/.local/lib/python3.8/site-packages/airflow/example_dags/tutorial.py
[2024-10-14T21:20:52.675+0000] {processor.py:830} INFO - Processing file /home/airflow/.local/lib/python3.8/site-packages/airflow/example_dags/tutorial.py for tasks to queue
[2024-10-14T21:20:52.676+0000] {logging_mixin.py:188} INFO - [2024-10-14T21:20:52.676+0000] {dagbag.py:538} INFO - Filling up the DagBag from /home/airflow/.local/lib/python3.8/site-packages/airflow/example_dags/tutorial.py
[2024-10-14T21:20:52.680+0000] {processor.py:840} INFO - DAG(s) 'tutorial' retrieved from /home/airflow/.local/lib/python3.8/site-packages/airflow/example_dags/tutorial.py
[2024-10-14T21:20:52.693+0000] {logging_mixin.py:188} INFO - [2024-10-14T21:20:52.693+0000] {dag.py:3036} INFO - Sync 1 DAGs
[2024-10-14T21:20:52.710+0000] {logging_mixin.py:188} INFO - [2024-10-14T21:20:52.709+0000] {dag.py:3823} INFO - Setting next_dagrun for tutorial to 2024-10-13 00:00:00+00:00, run_after=2024-10-14 00:00:00+00:00
[2024-10-14T21:20:52.729+0000] {processor.py:183} INFO - Processing /home/airflow/.local/lib/python3.8/site-packages/airflow/example_dags/tutorial.py took 0.057 seconds
[2024-10-14T21:21:22.856+0000] {processor.py:161} INFO - Started process (PID=321) to work on /home/airflow/.local/lib/python3.8/site-packages/airflow/example_dags/tutorial.py
[2024-10-14T21:21:22.857+0000] {processor.py:830} INFO - Processing file /home/airflow/.local/lib/python3.8/site-packages/airflow/example_dags/tutorial.py for tasks to queue
[2024-10-14T21:21:22.858+0000] {logging_mixin.py:188} INFO - [2024-10-14T21:21:22.857+0000] {dagbag.py:538} INFO - Filling up the DagBag from /home/airflow/.local/lib/python3.8/site-packages/airflow/example_dags/tutorial.py
[2024-10-14T21:21:22.861+0000] {processor.py:840} INFO - DAG(s) 'tutorial' retrieved from /home/airflow/.local/lib/python3.8/site-packages/airflow/example_dags/tutorial.py
[2024-10-14T21:21:22.877+0000] {logging_mixin.py:188} INFO - [2024-10-14T21:21:22.877+0000] {dag.py:3036} INFO - Sync 1 DAGs
[2024-10-14T21:21:22.896+0000] {logging_mixin.py:188} INFO - [2024-10-14T21:21:22.895+0000] {dag.py:3823} INFO - Setting next_dagrun for tutorial to 2024-10-13 00:00:00+00:00, run_after=2024-10-14 00:00:00+00:00
[2024-10-14T21:21:22.911+0000] {processor.py:183} INFO - Processing /home/airflow/.local/lib/python3.8/site-packages/airflow/example_dags/tutorial.py took 0.058 seconds
[2024-10-14T21:21:53.197+0000] {processor.py:161} INFO - Started process (PID=394) to work on /home/airflow/.local/lib/python3.8/site-packages/airflow/example_dags/tutorial.py
[2024-10-14T21:21:53.198+0000] {processor.py:830} INFO - Processing file /home/airflow/.local/lib/python3.8/site-packages/airflow/example_dags/tutorial.py for tasks to queue
[2024-10-14T21:21:53.200+0000] {logging_mixin.py:188} INFO - [2024-10-14T21:21:53.199+0000] {dagbag.py:538} INFO - Filling up the DagBag from /home/airflow/.local/lib/python3.8/site-packages/airflow/example_dags/tutorial.py
[2024-10-14T21:21:53.205+0000] {processor.py:840} INFO - DAG(s) 'tutorial' retrieved from /home/airflow/.local/lib/python3.8/site-packages/airflow/example_dags/tutorial.py
[2024-10-14T21:21:53.219+0000] {logging_mixin.py:188} INFO - [2024-10-14T21:21:53.219+0000] {dag.py:3036} INFO - Sync 1 DAGs
[2024-10-14T21:21:53.234+0000] {logging_mixin.py:188} INFO - [2024-10-14T21:21:53.234+0000] {dag.py:3823} INFO - Setting next_dagrun for tutorial to 2024-10-13 00:00:00+00:00, run_after=2024-10-14 00:00:00+00:00
[2024-10-14T21:21:53.249+0000] {processor.py:183} INFO - Processing /home/airflow/.local/lib/python3.8/site-packages/airflow/example_dags/tutorial.py took 0.054 seconds
[2024-10-14T21:22:23.483+0000] {processor.py:161} INFO - Started process (PID=476) to work on /home/airflow/.local/lib/python3.8/site-packages/airflow/example_dags/tutorial.py
[2024-10-14T21:22:23.484+0000] {processor.py:830} INFO - Processing file /home/airflow/.local/lib/python3.8/site-packages/airflow/example_dags/tutorial.py for tasks to queue
[2024-10-14T21:22:23.486+0000] {logging_mixin.py:188} INFO - [2024-10-14T21:22:23.485+0000] {dagbag.py:538} INFO - Filling up the DagBag from /home/airflow/.local/lib/python3.8/site-packages/airflow/example_dags/tutorial.py
[2024-10-14T21:22:23.491+0000] {processor.py:840} INFO - DAG(s) 'tutorial' retrieved from /home/airflow/.local/lib/python3.8/site-packages/airflow/example_dags/tutorial.py
[2024-10-14T21:22:23.512+0000] {logging_mixin.py:188} INFO - [2024-10-14T21:22:23.511+0000] {dag.py:3036} INFO - Sync 1 DAGs
[2024-10-14T21:22:23.536+0000] {logging_mixin.py:188} INFO - [2024-10-14T21:22:23.536+0000] {dag.py:3823} INFO - Setting next_dagrun for tutorial to 2024-10-13 00:00:00+00:00, run_after=2024-10-14 00:00:00+00:00
[2024-10-14T21:22:23.556+0000] {processor.py:183} INFO - Processing /home/airflow/.local/lib/python3.8/site-packages/airflow/example_dags/tutorial.py took 0.076 seconds
[2024-10-14T21:22:54.019+0000] {processor.py:161} INFO - Started process (PID=550) to work on /home/airflow/.local/lib/python3.8/site-packages/airflow/example_dags/tutorial.py
[2024-10-14T21:22:54.019+0000] {processor.py:830} INFO - Processing file /home/airflow/.local/lib/python3.8/site-packages/airflow/example_dags/tutorial.py for tasks to queue
[2024-10-14T21:22:54.021+0000] {logging_mixin.py:188} INFO - [2024-10-14T21:22:54.020+0000] {dagbag.py:538} INFO - Filling up the DagBag from /home/airflow/.local/lib/python3.8/site-packages/airflow/example_dags/tutorial.py
[2024-10-14T21:22:54.030+0000] {processor.py:840} INFO - DAG(s) 'tutorial' retrieved from /home/airflow/.local/lib/python3.8/site-packages/airflow/example_dags/tutorial.py
[2024-10-14T21:22:54.049+0000] {logging_mixin.py:188} INFO - [2024-10-14T21:22:54.048+0000] {dag.py:3036} INFO - Sync 1 DAGs
[2024-10-14T21:22:54.069+0000] {logging_mixin.py:188} INFO - [2024-10-14T21:22:54.068+0000] {dag.py:3823} INFO - Setting next_dagrun for tutorial to 2024-10-13 00:00:00+00:00, run_after=2024-10-14 00:00:00+00:00
[2024-10-14T21:22:54.097+0000] {processor.py:183} INFO - Processing /home/airflow/.local/lib/python3.8/site-packages/airflow/example_dags/tutorial.py took 0.081 seconds
[2024-10-14T21:23:24.328+0000] {processor.py:161} INFO - Started process (PID=632) to work on /home/airflow/.local/lib/python3.8/site-packages/airflow/example_dags/tutorial.py
[2024-10-14T21:23:24.331+0000] {processor.py:830} INFO - Processing file /home/airflow/.local/lib/python3.8/site-packages/airflow/example_dags/tutorial.py for tasks to queue
[2024-10-14T21:23:24.333+0000] {logging_mixin.py:188} INFO - [2024-10-14T21:23:24.333+0000] {dagbag.py:538} INFO - Filling up the DagBag from /home/airflow/.local/lib/python3.8/site-packages/airflow/example_dags/tutorial.py
[2024-10-14T21:23:24.338+0000] {processor.py:840} INFO - DAG(s) 'tutorial' retrieved from /home/airflow/.local/lib/python3.8/site-packages/airflow/example_dags/tutorial.py
[2024-10-14T21:23:24.365+0000] {logging_mixin.py:188} INFO - [2024-10-14T21:23:24.365+0000] {dag.py:3036} INFO - Sync 1 DAGs
[2024-10-14T21:23:24.389+0000] {logging_mixin.py:188} INFO - [2024-10-14T21:23:24.389+0000] {dag.py:3823} INFO - Setting next_dagrun for tutorial to 2024-10-13 00:00:00+00:00, run_after=2024-10-14 00:00:00+00:00
[2024-10-14T21:23:24.418+0000] {processor.py:183} INFO - Processing /home/airflow/.local/lib/python3.8/site-packages/airflow/example_dags/tutorial.py took 0.096 seconds
[2024-10-14T21:23:54.612+0000] {processor.py:161} INFO - Started process (PID=706) to work on /home/airflow/.local/lib/python3.8/site-packages/airflow/example_dags/tutorial.py
[2024-10-14T21:23:54.613+0000] {processor.py:830} INFO - Processing file /home/airflow/.local/lib/python3.8/site-packages/airflow/example_dags/tutorial.py for tasks to queue
[2024-10-14T21:23:54.614+0000] {logging_mixin.py:188} INFO - [2024-10-14T21:23:54.614+0000] {dagbag.py:538} INFO - Filling up the DagBag from /home/airflow/.local/lib/python3.8/site-packages/airflow/example_dags/tutorial.py
[2024-10-14T21:23:54.618+0000] {processor.py:840} INFO - DAG(s) 'tutorial' retrieved from /home/airflow/.local/lib/python3.8/site-packages/airflow/example_dags/tutorial.py
[2024-10-14T21:23:54.636+0000] {logging_mixin.py:188} INFO - [2024-10-14T21:23:54.636+0000] {dag.py:3036} INFO - Sync 1 DAGs
[2024-10-14T21:23:54.656+0000] {logging_mixin.py:188} INFO - [2024-10-14T21:23:54.656+0000] {dag.py:3823} INFO - Setting next_dagrun for tutorial to 2024-10-13 00:00:00+00:00, run_after=2024-10-14 00:00:00+00:00
[2024-10-14T21:23:54.679+0000] {processor.py:183} INFO - Processing /home/airflow/.local/lib/python3.8/site-packages/airflow/example_dags/tutorial.py took 0.073 seconds
[2024-10-14T21:24:25.358+0000] {processor.py:161} INFO - Started process (PID=788) to work on /home/airflow/.local/lib/python3.8/site-packages/airflow/example_dags/tutorial.py
[2024-10-14T21:24:25.359+0000] {processor.py:830} INFO - Processing file /home/airflow/.local/lib/python3.8/site-packages/airflow/example_dags/tutorial.py for tasks to queue
[2024-10-14T21:24:25.365+0000] {logging_mixin.py:188} INFO - [2024-10-14T21:24:25.363+0000] {dagbag.py:538} INFO - Filling up the DagBag from /home/airflow/.local/lib/python3.8/site-packages/airflow/example_dags/tutorial.py
[2024-10-14T21:24:25.371+0000] {processor.py:840} INFO - DAG(s) 'tutorial' retrieved from /home/airflow/.local/lib/python3.8/site-packages/airflow/example_dags/tutorial.py
[2024-10-14T21:24:25.404+0000] {logging_mixin.py:188} INFO - [2024-10-14T21:24:25.403+0000] {dag.py:3036} INFO - Sync 1 DAGs
[2024-10-14T21:24:25.434+0000] {logging_mixin.py:188} INFO - [2024-10-14T21:24:25.434+0000] {dag.py:3823} INFO - Setting next_dagrun for tutorial to 2024-10-13 00:00:00+00:00, run_after=2024-10-14 00:00:00+00:00
[2024-10-14T21:24:25.465+0000] {processor.py:183} INFO - Processing /home/airflow/.local/lib/python3.8/site-packages/airflow/example_dags/tutorial.py took 0.112 seconds
[2024-10-14T21:24:55.682+0000] {processor.py:161} INFO - Started process (PID=861) to work on /home/airflow/.local/lib/python3.8/site-packages/airflow/example_dags/tutorial.py
[2024-10-14T21:24:55.683+0000] {processor.py:830} INFO - Processing file /home/airflow/.local/lib/python3.8/site-packages/airflow/example_dags/tutorial.py for tasks to queue
[2024-10-14T21:24:55.684+0000] {logging_mixin.py:188} INFO - [2024-10-14T21:24:55.684+0000] {dagbag.py:538} INFO - Filling up the DagBag from /home/airflow/.local/lib/python3.8/site-packages/airflow/example_dags/tutorial.py
[2024-10-14T21:24:55.689+0000] {processor.py:840} INFO - DAG(s) 'tutorial' retrieved from /home/airflow/.local/lib/python3.8/site-packages/airflow/example_dags/tutorial.py
[2024-10-14T21:24:55.708+0000] {logging_mixin.py:188} INFO - [2024-10-14T21:24:55.707+0000] {dag.py:3036} INFO - Sync 1 DAGs
[2024-10-14T21:24:55.730+0000] {logging_mixin.py:188} INFO - [2024-10-14T21:24:55.730+0000] {dag.py:3823} INFO - Setting next_dagrun for tutorial to 2024-10-13 00:00:00+00:00, run_after=2024-10-14 00:00:00+00:00
[2024-10-14T21:24:55.748+0000] {processor.py:183} INFO - Processing /home/airflow/.local/lib/python3.8/site-packages/airflow/example_dags/tutorial.py took 0.068 seconds
[2024-10-14T21:25:26.188+0000] {processor.py:161} INFO - Started process (PID=943) to work on /home/airflow/.local/lib/python3.8/site-packages/airflow/example_dags/tutorial.py
[2024-10-14T21:25:26.188+0000] {processor.py:830} INFO - Processing file /home/airflow/.local/lib/python3.8/site-packages/airflow/example_dags/tutorial.py for tasks to queue
[2024-10-14T21:25:26.193+0000] {logging_mixin.py:188} INFO - [2024-10-14T21:25:26.192+0000] {dagbag.py:538} INFO - Filling up the DagBag from /home/airflow/.local/lib/python3.8/site-packages/airflow/example_dags/tutorial.py
[2024-10-14T21:25:26.200+0000] {processor.py:840} INFO - DAG(s) 'tutorial' retrieved from /home/airflow/.local/lib/python3.8/site-packages/airflow/example_dags/tutorial.py
[2024-10-14T21:25:26.229+0000] {logging_mixin.py:188} INFO - [2024-10-14T21:25:26.229+0000] {dag.py:3036} INFO - Sync 1 DAGs
[2024-10-14T21:25:26.259+0000] {logging_mixin.py:188} INFO - [2024-10-14T21:25:26.257+0000] {dag.py:3823} INFO - Setting next_dagrun for tutorial to 2024-10-13 00:00:00+00:00, run_after=2024-10-14 00:00:00+00:00
[2024-10-14T21:25:26.288+0000] {processor.py:183} INFO - Processing /home/airflow/.local/lib/python3.8/site-packages/airflow/example_dags/tutorial.py took 0.103 seconds
[2024-10-14T21:25:56.503+0000] {processor.py:161} INFO - Started process (PID=1017) to work on /home/airflow/.local/lib/python3.8/site-packages/airflow/example_dags/tutorial.py
[2024-10-14T21:25:56.504+0000] {processor.py:830} INFO - Processing file /home/airflow/.local/lib/python3.8/site-packages/airflow/example_dags/tutorial.py for tasks to queue
[2024-10-14T21:25:56.505+0000] {logging_mixin.py:188} INFO - [2024-10-14T21:25:56.505+0000] {dagbag.py:538} INFO - Filling up the DagBag from /home/airflow/.local/lib/python3.8/site-packages/airflow/example_dags/tutorial.py
[2024-10-14T21:25:56.515+0000] {processor.py:840} INFO - DAG(s) 'tutorial' retrieved from /home/airflow/.local/lib/python3.8/site-packages/airflow/example_dags/tutorial.py
[2024-10-14T21:25:56.537+0000] {logging_mixin.py:188} INFO - [2024-10-14T21:25:56.537+0000] {dag.py:3036} INFO - Sync 1 DAGs
[2024-10-14T21:25:56.565+0000] {logging_mixin.py:188} INFO - [2024-10-14T21:25:56.565+0000] {dag.py:3823} INFO - Setting next_dagrun for tutorial to 2024-10-13 00:00:00+00:00, run_after=2024-10-14 00:00:00+00:00
[2024-10-14T21:25:56.587+0000] {processor.py:183} INFO - Processing /home/airflow/.local/lib/python3.8/site-packages/airflow/example_dags/tutorial.py took 0.087 seconds
[2024-10-14T21:26:27.099+0000] {processor.py:161} INFO - Started process (PID=1099) to work on /home/airflow/.local/lib/python3.8/site-packages/airflow/example_dags/tutorial.py
[2024-10-14T21:26:27.100+0000] {processor.py:830} INFO - Processing file /home/airflow/.local/lib/python3.8/site-packages/airflow/example_dags/tutorial.py for tasks to queue
[2024-10-14T21:26:27.102+0000] {logging_mixin.py:188} INFO - [2024-10-14T21:26:27.102+0000] {dagbag.py:538} INFO - Filling up the DagBag from /home/airflow/.local/lib/python3.8/site-packages/airflow/example_dags/tutorial.py
[2024-10-14T21:26:27.110+0000] {processor.py:840} INFO - DAG(s) 'tutorial' retrieved from /home/airflow/.local/lib/python3.8/site-packages/airflow/example_dags/tutorial.py
[2024-10-14T21:26:27.126+0000] {logging_mixin.py:188} INFO - [2024-10-14T21:26:27.126+0000] {dag.py:3036} INFO - Sync 1 DAGs
[2024-10-14T21:26:27.145+0000] {logging_mixin.py:188} INFO - [2024-10-14T21:26:27.145+0000] {dag.py:3823} INFO - Setting next_dagrun for tutorial to 2024-10-13 00:00:00+00:00, run_after=2024-10-14 00:00:00+00:00
[2024-10-14T21:26:27.159+0000] {processor.py:183} INFO - Processing /home/airflow/.local/lib/python3.8/site-packages/airflow/example_dags/tutorial.py took 0.063 seconds
[2024-10-14T21:26:57.333+0000] {processor.py:161} INFO - Started process (PID=1173) to work on /home/airflow/.local/lib/python3.8/site-packages/airflow/example_dags/tutorial.py
[2024-10-14T21:26:57.335+0000] {processor.py:830} INFO - Processing file /home/airflow/.local/lib/python3.8/site-packages/airflow/example_dags/tutorial.py for tasks to queue
[2024-10-14T21:26:57.337+0000] {logging_mixin.py:188} INFO - [2024-10-14T21:26:57.336+0000] {dagbag.py:538} INFO - Filling up the DagBag from /home/airflow/.local/lib/python3.8/site-packages/airflow/example_dags/tutorial.py
[2024-10-14T21:26:57.342+0000] {processor.py:840} INFO - DAG(s) 'tutorial' retrieved from /home/airflow/.local/lib/python3.8/site-packages/airflow/example_dags/tutorial.py
[2024-10-14T21:26:57.357+0000] {logging_mixin.py:188} INFO - [2024-10-14T21:26:57.357+0000] {dag.py:3036} INFO - Sync 1 DAGs
[2024-10-14T21:26:57.374+0000] {logging_mixin.py:188} INFO - [2024-10-14T21:26:57.373+0000] {dag.py:3823} INFO - Setting next_dagrun for tutorial to 2024-10-13 00:00:00+00:00, run_after=2024-10-14 00:00:00+00:00
[2024-10-14T21:26:57.392+0000] {processor.py:183} INFO - Processing /home/airflow/.local/lib/python3.8/site-packages/airflow/example_dags/tutorial.py took 0.062 seconds
[2024-10-14T21:27:27.922+0000] {processor.py:161} INFO - Started process (PID=1255) to work on /home/airflow/.local/lib/python3.8/site-packages/airflow/example_dags/tutorial.py
[2024-10-14T21:27:27.926+0000] {processor.py:830} INFO - Processing file /home/airflow/.local/lib/python3.8/site-packages/airflow/example_dags/tutorial.py for tasks to queue
[2024-10-14T21:27:27.933+0000] {logging_mixin.py:188} INFO - [2024-10-14T21:27:27.933+0000] {dagbag.py:538} INFO - Filling up the DagBag from /home/airflow/.local/lib/python3.8/site-packages/airflow/example_dags/tutorial.py
[2024-10-14T21:27:27.950+0000] {processor.py:840} INFO - DAG(s) 'tutorial' retrieved from /home/airflow/.local/lib/python3.8/site-packages/airflow/example_dags/tutorial.py
[2024-10-14T21:27:27.997+0000] {logging_mixin.py:188} INFO - [2024-10-14T21:27:27.995+0000] {dag.py:3036} INFO - Sync 1 DAGs
[2024-10-14T21:27:28.037+0000] {logging_mixin.py:188} INFO - [2024-10-14T21:27:28.037+0000] {dag.py:3823} INFO - Setting next_dagrun for tutorial to 2024-10-13 00:00:00+00:00, run_after=2024-10-14 00:00:00+00:00
[2024-10-14T21:27:28.072+0000] {processor.py:183} INFO - Processing /home/airflow/.local/lib/python3.8/site-packages/airflow/example_dags/tutorial.py took 0.156 seconds
[2024-10-14T21:27:58.238+0000] {processor.py:161} INFO - Started process (PID=1329) to work on /home/airflow/.local/lib/python3.8/site-packages/airflow/example_dags/tutorial.py
[2024-10-14T21:27:58.239+0000] {processor.py:830} INFO - Processing file /home/airflow/.local/lib/python3.8/site-packages/airflow/example_dags/tutorial.py for tasks to queue
[2024-10-14T21:27:58.241+0000] {logging_mixin.py:188} INFO - [2024-10-14T21:27:58.240+0000] {dagbag.py:538} INFO - Filling up the DagBag from /home/airflow/.local/lib/python3.8/site-packages/airflow/example_dags/tutorial.py
[2024-10-14T21:27:58.245+0000] {processor.py:840} INFO - DAG(s) 'tutorial' retrieved from /home/airflow/.local/lib/python3.8/site-packages/airflow/example_dags/tutorial.py
[2024-10-14T21:27:58.259+0000] {logging_mixin.py:188} INFO - [2024-10-14T21:27:58.259+0000] {dag.py:3036} INFO - Sync 1 DAGs
[2024-10-14T21:27:58.275+0000] {logging_mixin.py:188} INFO - [2024-10-14T21:27:58.274+0000] {dag.py:3823} INFO - Setting next_dagrun for tutorial to 2024-10-13 00:00:00+00:00, run_after=2024-10-14 00:00:00+00:00
[2024-10-14T21:27:58.291+0000] {processor.py:183} INFO - Processing /home/airflow/.local/lib/python3.8/site-packages/airflow/example_dags/tutorial.py took 0.055 seconds
[2024-10-14T21:28:28.353+0000] {processor.py:161} INFO - Started process (PID=1411) to work on /home/airflow/.local/lib/python3.8/site-packages/airflow/example_dags/tutorial.py
[2024-10-14T21:28:28.354+0000] {processor.py:830} INFO - Processing file /home/airflow/.local/lib/python3.8/site-packages/airflow/example_dags/tutorial.py for tasks to queue
[2024-10-14T21:28:28.355+0000] {logging_mixin.py:188} INFO - [2024-10-14T21:28:28.355+0000] {dagbag.py:538} INFO - Filling up the DagBag from /home/airflow/.local/lib/python3.8/site-packages/airflow/example_dags/tutorial.py
[2024-10-14T21:28:28.360+0000] {processor.py:840} INFO - DAG(s) 'tutorial' retrieved from /home/airflow/.local/lib/python3.8/site-packages/airflow/example_dags/tutorial.py
[2024-10-14T21:28:28.379+0000] {logging_mixin.py:188} INFO - [2024-10-14T21:28:28.379+0000] {dag.py:3036} INFO - Sync 1 DAGs
[2024-10-14T21:28:28.402+0000] {logging_mixin.py:188} INFO - [2024-10-14T21:28:28.402+0000] {dag.py:3823} INFO - Setting next_dagrun for tutorial to 2024-10-13 00:00:00+00:00, run_after=2024-10-14 00:00:00+00:00
[2024-10-14T21:28:28.427+0000] {processor.py:183} INFO - Processing /home/airflow/.local/lib/python3.8/site-packages/airflow/example_dags/tutorial.py took 0.076 seconds
[2024-10-14T21:28:59.202+0000] {processor.py:161} INFO - Started process (PID=1485) to work on /home/airflow/.local/lib/python3.8/site-packages/airflow/example_dags/tutorial.py
[2024-10-14T21:28:59.203+0000] {processor.py:830} INFO - Processing file /home/airflow/.local/lib/python3.8/site-packages/airflow/example_dags/tutorial.py for tasks to queue
[2024-10-14T21:28:59.204+0000] {logging_mixin.py:188} INFO - [2024-10-14T21:28:59.204+0000] {dagbag.py:538} INFO - Filling up the DagBag from /home/airflow/.local/lib/python3.8/site-packages/airflow/example_dags/tutorial.py
[2024-10-14T21:28:59.211+0000] {processor.py:840} INFO - DAG(s) 'tutorial' retrieved from /home/airflow/.local/lib/python3.8/site-packages/airflow/example_dags/tutorial.py
[2024-10-14T21:28:59.230+0000] {logging_mixin.py:188} INFO - [2024-10-14T21:28:59.230+0000] {dag.py:3036} INFO - Sync 1 DAGs
[2024-10-14T21:28:59.245+0000] {logging_mixin.py:188} INFO - [2024-10-14T21:28:59.245+0000] {dag.py:3823} INFO - Setting next_dagrun for tutorial to 2024-10-13 00:00:00+00:00, run_after=2024-10-14 00:00:00+00:00
[2024-10-14T21:28:59.258+0000] {processor.py:183} INFO - Processing /home/airflow/.local/lib/python3.8/site-packages/airflow/example_dags/tutorial.py took 0.059 seconds
[2024-10-14T21:29:29.506+0000] {processor.py:161} INFO - Started process (PID=1567) to work on /home/airflow/.local/lib/python3.8/site-packages/airflow/example_dags/tutorial.py
[2024-10-14T21:29:29.506+0000] {processor.py:830} INFO - Processing file /home/airflow/.local/lib/python3.8/site-packages/airflow/example_dags/tutorial.py for tasks to queue
[2024-10-14T21:29:29.508+0000] {logging_mixin.py:188} INFO - [2024-10-14T21:29:29.507+0000] {dagbag.py:538} INFO - Filling up the DagBag from /home/airflow/.local/lib/python3.8/site-packages/airflow/example_dags/tutorial.py
[2024-10-14T21:29:29.512+0000] {processor.py:840} INFO - DAG(s) 'tutorial' retrieved from /home/airflow/.local/lib/python3.8/site-packages/airflow/example_dags/tutorial.py
[2024-10-14T21:29:29.526+0000] {logging_mixin.py:188} INFO - [2024-10-14T21:29:29.526+0000] {dag.py:3036} INFO - Sync 1 DAGs
[2024-10-14T21:29:29.541+0000] {logging_mixin.py:188} INFO - [2024-10-14T21:29:29.540+0000] {dag.py:3823} INFO - Setting next_dagrun for tutorial to 2024-10-13 00:00:00+00:00, run_after=2024-10-14 00:00:00+00:00
[2024-10-14T21:29:29.555+0000] {processor.py:183} INFO - Processing /home/airflow/.local/lib/python3.8/site-packages/airflow/example_dags/tutorial.py took 0.052 seconds
[2024-10-14T21:29:59.943+0000] {processor.py:161} INFO - Started process (PID=1640) to work on /home/airflow/.local/lib/python3.8/site-packages/airflow/example_dags/tutorial.py
[2024-10-14T21:29:59.944+0000] {processor.py:830} INFO - Processing file /home/airflow/.local/lib/python3.8/site-packages/airflow/example_dags/tutorial.py for tasks to queue
[2024-10-14T21:29:59.945+0000] {logging_mixin.py:188} INFO - [2024-10-14T21:29:59.945+0000] {dagbag.py:538} INFO - Filling up the DagBag from /home/airflow/.local/lib/python3.8/site-packages/airflow/example_dags/tutorial.py
[2024-10-14T21:29:59.949+0000] {processor.py:840} INFO - DAG(s) 'tutorial' retrieved from /home/airflow/.local/lib/python3.8/site-packages/airflow/example_dags/tutorial.py
[2024-10-14T21:29:59.964+0000] {logging_mixin.py:188} INFO - [2024-10-14T21:29:59.964+0000] {dag.py:3036} INFO - Sync 1 DAGs
[2024-10-14T21:29:59.978+0000] {logging_mixin.py:188} INFO - [2024-10-14T21:29:59.978+0000] {dag.py:3823} INFO - Setting next_dagrun for tutorial to 2024-10-13 00:00:00+00:00, run_after=2024-10-14 00:00:00+00:00
[2024-10-14T21:29:59.993+0000] {processor.py:183} INFO - Processing /home/airflow/.local/lib/python3.8/site-packages/airflow/example_dags/tutorial.py took 0.052 seconds
[2024-10-14T21:30:30.249+0000] {processor.py:161} INFO - Started process (PID=1722) to work on /home/airflow/.local/lib/python3.8/site-packages/airflow/example_dags/tutorial.py
[2024-10-14T21:30:30.250+0000] {processor.py:830} INFO - Processing file /home/airflow/.local/lib/python3.8/site-packages/airflow/example_dags/tutorial.py for tasks to queue
[2024-10-14T21:30:30.251+0000] {logging_mixin.py:188} INFO - [2024-10-14T21:30:30.251+0000] {dagbag.py:538} INFO - Filling up the DagBag from /home/airflow/.local/lib/python3.8/site-packages/airflow/example_dags/tutorial.py
[2024-10-14T21:30:30.256+0000] {processor.py:840} INFO - DAG(s) 'tutorial' retrieved from /home/airflow/.local/lib/python3.8/site-packages/airflow/example_dags/tutorial.py
[2024-10-14T21:30:30.269+0000] {logging_mixin.py:188} INFO - [2024-10-14T21:30:30.269+0000] {dag.py:3036} INFO - Sync 1 DAGs
[2024-10-14T21:30:30.285+0000] {logging_mixin.py:188} INFO - [2024-10-14T21:30:30.285+0000] {dag.py:3823} INFO - Setting next_dagrun for tutorial to 2024-10-13 00:00:00+00:00, run_after=2024-10-14 00:00:00+00:00
[2024-10-14T21:30:30.301+0000] {processor.py:183} INFO - Processing /home/airflow/.local/lib/python3.8/site-packages/airflow/example_dags/tutorial.py took 0.055 seconds
[2024-10-14T21:31:00.643+0000] {processor.py:161} INFO - Started process (PID=1804) to work on /home/airflow/.local/lib/python3.8/site-packages/airflow/example_dags/tutorial.py
[2024-10-14T21:31:00.644+0000] {processor.py:830} INFO - Processing file /home/airflow/.local/lib/python3.8/site-packages/airflow/example_dags/tutorial.py for tasks to queue
[2024-10-14T21:31:00.645+0000] {logging_mixin.py:188} INFO - [2024-10-14T21:31:00.645+0000] {dagbag.py:538} INFO - Filling up the DagBag from /home/airflow/.local/lib/python3.8/site-packages/airflow/example_dags/tutorial.py
[2024-10-14T21:31:00.650+0000] {processor.py:840} INFO - DAG(s) 'tutorial' retrieved from /home/airflow/.local/lib/python3.8/site-packages/airflow/example_dags/tutorial.py
[2024-10-14T21:31:00.668+0000] {logging_mixin.py:188} INFO - [2024-10-14T21:31:00.668+0000] {dag.py:3036} INFO - Sync 1 DAGs
[2024-10-14T21:31:00.688+0000] {logging_mixin.py:188} INFO - [2024-10-14T21:31:00.688+0000] {dag.py:3823} INFO - Setting next_dagrun for tutorial to 2024-10-13 00:00:00+00:00, run_after=2024-10-14 00:00:00+00:00
[2024-10-14T21:31:00.711+0000] {processor.py:183} INFO - Processing /home/airflow/.local/lib/python3.8/site-packages/airflow/example_dags/tutorial.py took 0.071 seconds
[2024-10-14T21:31:30.993+0000] {processor.py:161} INFO - Started process (PID=1877) to work on /home/airflow/.local/lib/python3.8/site-packages/airflow/example_dags/tutorial.py
[2024-10-14T21:31:30.994+0000] {processor.py:830} INFO - Processing file /home/airflow/.local/lib/python3.8/site-packages/airflow/example_dags/tutorial.py for tasks to queue
[2024-10-14T21:31:30.996+0000] {logging_mixin.py:188} INFO - [2024-10-14T21:31:30.996+0000] {dagbag.py:538} INFO - Filling up the DagBag from /home/airflow/.local/lib/python3.8/site-packages/airflow/example_dags/tutorial.py
[2024-10-14T21:31:31.001+0000] {processor.py:840} INFO - DAG(s) 'tutorial' retrieved from /home/airflow/.local/lib/python3.8/site-packages/airflow/example_dags/tutorial.py
[2024-10-14T21:31:31.015+0000] {logging_mixin.py:188} INFO - [2024-10-14T21:31:31.015+0000] {dag.py:3036} INFO - Sync 1 DAGs
[2024-10-14T21:31:31.030+0000] {logging_mixin.py:188} INFO - [2024-10-14T21:31:31.030+0000] {dag.py:3823} INFO - Setting next_dagrun for tutorial to 2024-10-13 00:00:00+00:00, run_after=2024-10-14 00:00:00+00:00
[2024-10-14T21:31:31.044+0000] {processor.py:183} INFO - Processing /home/airflow/.local/lib/python3.8/site-packages/airflow/example_dags/tutorial.py took 0.053 seconds
[2024-10-14T21:32:01.169+0000] {processor.py:161} INFO - Started process (PID=1959) to work on /home/airflow/.local/lib/python3.8/site-packages/airflow/example_dags/tutorial.py
[2024-10-14T21:32:01.170+0000] {processor.py:830} INFO - Processing file /home/airflow/.local/lib/python3.8/site-packages/airflow/example_dags/tutorial.py for tasks to queue
[2024-10-14T21:32:01.173+0000] {logging_mixin.py:188} INFO - [2024-10-14T21:32:01.172+0000] {dagbag.py:538} INFO - Filling up the DagBag from /home/airflow/.local/lib/python3.8/site-packages/airflow/example_dags/tutorial.py
[2024-10-14T21:32:01.182+0000] {processor.py:840} INFO - DAG(s) 'tutorial' retrieved from /home/airflow/.local/lib/python3.8/site-packages/airflow/example_dags/tutorial.py
[2024-10-14T21:32:01.217+0000] {logging_mixin.py:188} INFO - [2024-10-14T21:32:01.217+0000] {dag.py:3036} INFO - Sync 1 DAGs
[2024-10-14T21:32:01.266+0000] {logging_mixin.py:188} INFO - [2024-10-14T21:32:01.266+0000] {dag.py:3823} INFO - Setting next_dagrun for tutorial to 2024-10-13 00:00:00+00:00, run_after=2024-10-14 00:00:00+00:00
[2024-10-14T21:32:01.303+0000] {processor.py:183} INFO - Processing /home/airflow/.local/lib/python3.8/site-packages/airflow/example_dags/tutorial.py took 0.138 seconds
[2024-10-14T21:32:31.623+0000] {processor.py:161} INFO - Started process (PID=2033) to work on /home/airflow/.local/lib/python3.8/site-packages/airflow/example_dags/tutorial.py
[2024-10-14T21:32:31.624+0000] {processor.py:830} INFO - Processing file /home/airflow/.local/lib/python3.8/site-packages/airflow/example_dags/tutorial.py for tasks to queue
[2024-10-14T21:32:31.626+0000] {logging_mixin.py:188} INFO - [2024-10-14T21:32:31.626+0000] {dagbag.py:538} INFO - Filling up the DagBag from /home/airflow/.local/lib/python3.8/site-packages/airflow/example_dags/tutorial.py
[2024-10-14T21:32:31.632+0000] {processor.py:840} INFO - DAG(s) 'tutorial' retrieved from /home/airflow/.local/lib/python3.8/site-packages/airflow/example_dags/tutorial.py
[2024-10-14T21:32:31.649+0000] {logging_mixin.py:188} INFO - [2024-10-14T21:32:31.648+0000] {dag.py:3036} INFO - Sync 1 DAGs
[2024-10-14T21:32:31.664+0000] {logging_mixin.py:188} INFO - [2024-10-14T21:32:31.664+0000] {dag.py:3823} INFO - Setting next_dagrun for tutorial to 2024-10-13 00:00:00+00:00, run_after=2024-10-14 00:00:00+00:00
[2024-10-14T21:32:31.680+0000] {processor.py:183} INFO - Processing /home/airflow/.local/lib/python3.8/site-packages/airflow/example_dags/tutorial.py took 0.059 seconds
[2024-10-14T21:33:02.093+0000] {processor.py:161} INFO - Started process (PID=2114) to work on /home/airflow/.local/lib/python3.8/site-packages/airflow/example_dags/tutorial.py
[2024-10-14T21:33:02.094+0000] {processor.py:830} INFO - Processing file /home/airflow/.local/lib/python3.8/site-packages/airflow/example_dags/tutorial.py for tasks to queue
[2024-10-14T21:33:02.096+0000] {logging_mixin.py:188} INFO - [2024-10-14T21:33:02.096+0000] {dagbag.py:538} INFO - Filling up the DagBag from /home/airflow/.local/lib/python3.8/site-packages/airflow/example_dags/tutorial.py
[2024-10-14T21:33:02.102+0000] {processor.py:840} INFO - DAG(s) 'tutorial' retrieved from /home/airflow/.local/lib/python3.8/site-packages/airflow/example_dags/tutorial.py
[2024-10-14T21:33:02.120+0000] {logging_mixin.py:188} INFO - [2024-10-14T21:33:02.120+0000] {dag.py:3036} INFO - Sync 1 DAGs
[2024-10-14T21:33:02.139+0000] {logging_mixin.py:188} INFO - [2024-10-14T21:33:02.138+0000] {dag.py:3823} INFO - Setting next_dagrun for tutorial to 2024-10-13 00:00:00+00:00, run_after=2024-10-14 00:00:00+00:00
[2024-10-14T21:33:02.153+0000] {processor.py:183} INFO - Processing /home/airflow/.local/lib/python3.8/site-packages/airflow/example_dags/tutorial.py took 0.064 seconds
[2024-10-14T21:33:32.285+0000] {processor.py:161} INFO - Started process (PID=2188) to work on /home/airflow/.local/lib/python3.8/site-packages/airflow/example_dags/tutorial.py
[2024-10-14T21:33:32.285+0000] {processor.py:830} INFO - Processing file /home/airflow/.local/lib/python3.8/site-packages/airflow/example_dags/tutorial.py for tasks to queue
[2024-10-14T21:33:32.287+0000] {logging_mixin.py:188} INFO - [2024-10-14T21:33:32.287+0000] {dagbag.py:538} INFO - Filling up the DagBag from /home/airflow/.local/lib/python3.8/site-packages/airflow/example_dags/tutorial.py
[2024-10-14T21:33:32.294+0000] {processor.py:840} INFO - DAG(s) 'tutorial' retrieved from /home/airflow/.local/lib/python3.8/site-packages/airflow/example_dags/tutorial.py
[2024-10-14T21:33:32.316+0000] {logging_mixin.py:188} INFO - [2024-10-14T21:33:32.315+0000] {dag.py:3036} INFO - Sync 1 DAGs
[2024-10-14T21:33:32.332+0000] {logging_mixin.py:188} INFO - [2024-10-14T21:33:32.331+0000] {dag.py:3823} INFO - Setting next_dagrun for tutorial to 2024-10-13 00:00:00+00:00, run_after=2024-10-14 00:00:00+00:00
[2024-10-14T21:33:32.348+0000] {processor.py:183} INFO - Processing /home/airflow/.local/lib/python3.8/site-packages/airflow/example_dags/tutorial.py took 0.066 seconds
[2024-10-14T21:34:02.460+0000] {processor.py:161} INFO - Started process (PID=2269) to work on /home/airflow/.local/lib/python3.8/site-packages/airflow/example_dags/tutorial.py
[2024-10-14T21:34:02.460+0000] {processor.py:830} INFO - Processing file /home/airflow/.local/lib/python3.8/site-packages/airflow/example_dags/tutorial.py for tasks to queue
[2024-10-14T21:34:02.462+0000] {logging_mixin.py:188} INFO - [2024-10-14T21:34:02.462+0000] {dagbag.py:538} INFO - Filling up the DagBag from /home/airflow/.local/lib/python3.8/site-packages/airflow/example_dags/tutorial.py
[2024-10-14T21:34:02.466+0000] {processor.py:840} INFO - DAG(s) 'tutorial' retrieved from /home/airflow/.local/lib/python3.8/site-packages/airflow/example_dags/tutorial.py
[2024-10-14T21:34:02.485+0000] {logging_mixin.py:188} INFO - [2024-10-14T21:34:02.484+0000] {dag.py:3036} INFO - Sync 1 DAGs
[2024-10-14T21:34:02.500+0000] {logging_mixin.py:188} INFO - [2024-10-14T21:34:02.500+0000] {dag.py:3823} INFO - Setting next_dagrun for tutorial to 2024-10-13 00:00:00+00:00, run_after=2024-10-14 00:00:00+00:00
[2024-10-14T21:34:02.517+0000] {processor.py:183} INFO - Processing /home/airflow/.local/lib/python3.8/site-packages/airflow/example_dags/tutorial.py took 0.060 seconds
[2024-10-14T21:34:32.713+0000] {processor.py:161} INFO - Started process (PID=2343) to work on /home/airflow/.local/lib/python3.8/site-packages/airflow/example_dags/tutorial.py
[2024-10-14T21:34:32.714+0000] {processor.py:830} INFO - Processing file /home/airflow/.local/lib/python3.8/site-packages/airflow/example_dags/tutorial.py for tasks to queue
[2024-10-14T21:34:32.716+0000] {logging_mixin.py:188} INFO - [2024-10-14T21:34:32.715+0000] {dagbag.py:538} INFO - Filling up the DagBag from /home/airflow/.local/lib/python3.8/site-packages/airflow/example_dags/tutorial.py
[2024-10-14T21:34:32.720+0000] {processor.py:840} INFO - DAG(s) 'tutorial' retrieved from /home/airflow/.local/lib/python3.8/site-packages/airflow/example_dags/tutorial.py
[2024-10-14T21:34:32.734+0000] {logging_mixin.py:188} INFO - [2024-10-14T21:34:32.734+0000] {dag.py:3036} INFO - Sync 1 DAGs
[2024-10-14T21:34:32.750+0000] {logging_mixin.py:188} INFO - [2024-10-14T21:34:32.750+0000] {dag.py:3823} INFO - Setting next_dagrun for tutorial to 2024-10-13 00:00:00+00:00, run_after=2024-10-14 00:00:00+00:00
[2024-10-14T21:34:32.764+0000] {processor.py:183} INFO - Processing /home/airflow/.local/lib/python3.8/site-packages/airflow/example_dags/tutorial.py took 0.055 seconds
[2024-10-14T21:35:03.092+0000] {processor.py:161} INFO - Started process (PID=2424) to work on /home/airflow/.local/lib/python3.8/site-packages/airflow/example_dags/tutorial.py
[2024-10-14T21:35:03.093+0000] {processor.py:830} INFO - Processing file /home/airflow/.local/lib/python3.8/site-packages/airflow/example_dags/tutorial.py for tasks to queue
[2024-10-14T21:35:03.094+0000] {logging_mixin.py:188} INFO - [2024-10-14T21:35:03.094+0000] {dagbag.py:538} INFO - Filling up the DagBag from /home/airflow/.local/lib/python3.8/site-packages/airflow/example_dags/tutorial.py
[2024-10-14T21:35:03.099+0000] {processor.py:840} INFO - DAG(s) 'tutorial' retrieved from /home/airflow/.local/lib/python3.8/site-packages/airflow/example_dags/tutorial.py
[2024-10-14T21:35:03.114+0000] {logging_mixin.py:188} INFO - [2024-10-14T21:35:03.113+0000] {dag.py:3036} INFO - Sync 1 DAGs
[2024-10-14T21:35:03.130+0000] {logging_mixin.py:188} INFO - [2024-10-14T21:35:03.130+0000] {dag.py:3823} INFO - Setting next_dagrun for tutorial to 2024-10-13 00:00:00+00:00, run_after=2024-10-14 00:00:00+00:00
[2024-10-14T21:35:03.148+0000] {processor.py:183} INFO - Processing /home/airflow/.local/lib/python3.8/site-packages/airflow/example_dags/tutorial.py took 0.058 seconds
[2024-10-14T21:35:33.570+0000] {processor.py:161} INFO - Started process (PID=2505) to work on /home/airflow/.local/lib/python3.8/site-packages/airflow/example_dags/tutorial.py
[2024-10-14T21:35:33.570+0000] {processor.py:830} INFO - Processing file /home/airflow/.local/lib/python3.8/site-packages/airflow/example_dags/tutorial.py for tasks to queue
[2024-10-14T21:35:33.572+0000] {logging_mixin.py:188} INFO - [2024-10-14T21:35:33.572+0000] {dagbag.py:538} INFO - Filling up the DagBag from /home/airflow/.local/lib/python3.8/site-packages/airflow/example_dags/tutorial.py
[2024-10-14T21:35:33.577+0000] {processor.py:840} INFO - DAG(s) 'tutorial' retrieved from /home/airflow/.local/lib/python3.8/site-packages/airflow/example_dags/tutorial.py
[2024-10-14T21:35:33.591+0000] {logging_mixin.py:188} INFO - [2024-10-14T21:35:33.591+0000] {dag.py:3036} INFO - Sync 1 DAGs
[2024-10-14T21:35:33.607+0000] {logging_mixin.py:188} INFO - [2024-10-14T21:35:33.607+0000] {dag.py:3823} INFO - Setting next_dagrun for tutorial to 2024-10-13 00:00:00+00:00, run_after=2024-10-14 00:00:00+00:00
[2024-10-14T21:35:33.625+0000] {processor.py:183} INFO - Processing /home/airflow/.local/lib/python3.8/site-packages/airflow/example_dags/tutorial.py took 0.058 seconds
[2024-10-14T21:36:03.695+0000] {processor.py:161} INFO - Started process (PID=2580) to work on /home/airflow/.local/lib/python3.8/site-packages/airflow/example_dags/tutorial.py
[2024-10-14T21:36:03.696+0000] {processor.py:830} INFO - Processing file /home/airflow/.local/lib/python3.8/site-packages/airflow/example_dags/tutorial.py for tasks to queue
[2024-10-14T21:36:03.697+0000] {logging_mixin.py:188} INFO - [2024-10-14T21:36:03.697+0000] {dagbag.py:538} INFO - Filling up the DagBag from /home/airflow/.local/lib/python3.8/site-packages/airflow/example_dags/tutorial.py
[2024-10-14T21:36:03.702+0000] {processor.py:840} INFO - DAG(s) 'tutorial' retrieved from /home/airflow/.local/lib/python3.8/site-packages/airflow/example_dags/tutorial.py
[2024-10-14T21:36:03.716+0000] {logging_mixin.py:188} INFO - [2024-10-14T21:36:03.716+0000] {dag.py:3036} INFO - Sync 1 DAGs
[2024-10-14T21:36:03.732+0000] {logging_mixin.py:188} INFO - [2024-10-14T21:36:03.732+0000] {dag.py:3823} INFO - Setting next_dagrun for tutorial to 2024-10-13 00:00:00+00:00, run_after=2024-10-14 00:00:00+00:00
[2024-10-14T21:36:03.747+0000] {processor.py:183} INFO - Processing /home/airflow/.local/lib/python3.8/site-packages/airflow/example_dags/tutorial.py took 0.055 seconds
[2024-10-14T21:36:33.915+0000] {processor.py:161} INFO - Started process (PID=2662) to work on /home/airflow/.local/lib/python3.8/site-packages/airflow/example_dags/tutorial.py
[2024-10-14T21:36:33.916+0000] {processor.py:830} INFO - Processing file /home/airflow/.local/lib/python3.8/site-packages/airflow/example_dags/tutorial.py for tasks to queue
[2024-10-14T21:36:33.918+0000] {logging_mixin.py:188} INFO - [2024-10-14T21:36:33.918+0000] {dagbag.py:538} INFO - Filling up the DagBag from /home/airflow/.local/lib/python3.8/site-packages/airflow/example_dags/tutorial.py
[2024-10-14T21:36:33.924+0000] {processor.py:840} INFO - DAG(s) 'tutorial' retrieved from /home/airflow/.local/lib/python3.8/site-packages/airflow/example_dags/tutorial.py
[2024-10-14T21:36:33.942+0000] {logging_mixin.py:188} INFO - [2024-10-14T21:36:33.942+0000] {dag.py:3036} INFO - Sync 1 DAGs
[2024-10-14T21:36:33.959+0000] {logging_mixin.py:188} INFO - [2024-10-14T21:36:33.959+0000] {dag.py:3823} INFO - Setting next_dagrun for tutorial to 2024-10-13 00:00:00+00:00, run_after=2024-10-14 00:00:00+00:00
[2024-10-14T21:36:33.978+0000] {processor.py:183} INFO - Processing /home/airflow/.local/lib/python3.8/site-packages/airflow/example_dags/tutorial.py took 0.066 seconds
[2024-10-14T21:37:04.452+0000] {processor.py:161} INFO - Started process (PID=2736) to work on /home/airflow/.local/lib/python3.8/site-packages/airflow/example_dags/tutorial.py
[2024-10-14T21:37:04.453+0000] {processor.py:830} INFO - Processing file /home/airflow/.local/lib/python3.8/site-packages/airflow/example_dags/tutorial.py for tasks to queue
[2024-10-14T21:37:04.455+0000] {logging_mixin.py:188} INFO - [2024-10-14T21:37:04.455+0000] {dagbag.py:538} INFO - Filling up the DagBag from /home/airflow/.local/lib/python3.8/site-packages/airflow/example_dags/tutorial.py
[2024-10-14T21:37:04.461+0000] {processor.py:840} INFO - DAG(s) 'tutorial' retrieved from /home/airflow/.local/lib/python3.8/site-packages/airflow/example_dags/tutorial.py
[2024-10-14T21:37:04.475+0000] {logging_mixin.py:188} INFO - [2024-10-14T21:37:04.475+0000] {dag.py:3036} INFO - Sync 1 DAGs
[2024-10-14T21:37:04.492+0000] {logging_mixin.py:188} INFO - [2024-10-14T21:37:04.492+0000] {dag.py:3823} INFO - Setting next_dagrun for tutorial to 2024-10-13 00:00:00+00:00, run_after=2024-10-14 00:00:00+00:00
[2024-10-14T21:37:04.509+0000] {processor.py:183} INFO - Processing /home/airflow/.local/lib/python3.8/site-packages/airflow/example_dags/tutorial.py took 0.061 seconds
[2024-10-14T21:37:34.796+0000] {processor.py:161} INFO - Started process (PID=2816) to work on /home/airflow/.local/lib/python3.8/site-packages/airflow/example_dags/tutorial.py
[2024-10-14T21:37:34.796+0000] {processor.py:830} INFO - Processing file /home/airflow/.local/lib/python3.8/site-packages/airflow/example_dags/tutorial.py for tasks to queue
[2024-10-14T21:37:34.798+0000] {logging_mixin.py:188} INFO - [2024-10-14T21:37:34.798+0000] {dagbag.py:538} INFO - Filling up the DagBag from /home/airflow/.local/lib/python3.8/site-packages/airflow/example_dags/tutorial.py
[2024-10-14T21:37:34.804+0000] {processor.py:840} INFO - DAG(s) 'tutorial' retrieved from /home/airflow/.local/lib/python3.8/site-packages/airflow/example_dags/tutorial.py
[2024-10-14T21:37:34.818+0000] {logging_mixin.py:188} INFO - [2024-10-14T21:37:34.818+0000] {dag.py:3036} INFO - Sync 1 DAGs
[2024-10-14T21:37:34.833+0000] {logging_mixin.py:188} INFO - [2024-10-14T21:37:34.833+0000] {dag.py:3823} INFO - Setting next_dagrun for tutorial to 2024-10-13 00:00:00+00:00, run_after=2024-10-14 00:00:00+00:00
[2024-10-14T21:37:34.847+0000] {processor.py:183} INFO - Processing /home/airflow/.local/lib/python3.8/site-packages/airflow/example_dags/tutorial.py took 0.053 seconds
[2024-10-14T21:38:05.362+0000] {processor.py:161} INFO - Started process (PID=2890) to work on /home/airflow/.local/lib/python3.8/site-packages/airflow/example_dags/tutorial.py
[2024-10-14T21:38:05.363+0000] {processor.py:830} INFO - Processing file /home/airflow/.local/lib/python3.8/site-packages/airflow/example_dags/tutorial.py for tasks to queue
[2024-10-14T21:38:05.364+0000] {logging_mixin.py:188} INFO - [2024-10-14T21:38:05.364+0000] {dagbag.py:538} INFO - Filling up the DagBag from /home/airflow/.local/lib/python3.8/site-packages/airflow/example_dags/tutorial.py
[2024-10-14T21:38:05.369+0000] {processor.py:840} INFO - DAG(s) 'tutorial' retrieved from /home/airflow/.local/lib/python3.8/site-packages/airflow/example_dags/tutorial.py
[2024-10-14T21:38:05.386+0000] {logging_mixin.py:188} INFO - [2024-10-14T21:38:05.386+0000] {dag.py:3036} INFO - Sync 1 DAGs
[2024-10-14T21:38:05.408+0000] {logging_mixin.py:188} INFO - [2024-10-14T21:38:05.408+0000] {dag.py:3823} INFO - Setting next_dagrun for tutorial to 2024-10-13 00:00:00+00:00, run_after=2024-10-14 00:00:00+00:00
[2024-10-14T21:38:05.429+0000] {processor.py:183} INFO - Processing /home/airflow/.local/lib/python3.8/site-packages/airflow/example_dags/tutorial.py took 0.069 seconds
[2024-10-14T21:38:35.642+0000] {processor.py:161} INFO - Started process (PID=2972) to work on /home/airflow/.local/lib/python3.8/site-packages/airflow/example_dags/tutorial.py
[2024-10-14T21:38:35.644+0000] {processor.py:830} INFO - Processing file /home/airflow/.local/lib/python3.8/site-packages/airflow/example_dags/tutorial.py for tasks to queue
[2024-10-14T21:38:35.648+0000] {logging_mixin.py:188} INFO - [2024-10-14T21:38:35.648+0000] {dagbag.py:538} INFO - Filling up the DagBag from /home/airflow/.local/lib/python3.8/site-packages/airflow/example_dags/tutorial.py
[2024-10-14T21:38:35.652+0000] {processor.py:840} INFO - DAG(s) 'tutorial' retrieved from /home/airflow/.local/lib/python3.8/site-packages/airflow/example_dags/tutorial.py
[2024-10-14T21:38:35.666+0000] {logging_mixin.py:188} INFO - [2024-10-14T21:38:35.666+0000] {dag.py:3036} INFO - Sync 1 DAGs
[2024-10-14T21:38:35.681+0000] {logging_mixin.py:188} INFO - [2024-10-14T21:38:35.681+0000] {dag.py:3823} INFO - Setting next_dagrun for tutorial to 2024-10-13 00:00:00+00:00, run_after=2024-10-14 00:00:00+00:00
[2024-10-14T21:38:35.696+0000] {processor.py:183} INFO - Processing /home/airflow/.local/lib/python3.8/site-packages/airflow/example_dags/tutorial.py took 0.059 seconds
[2024-10-14T21:39:06.369+0000] {processor.py:161} INFO - Started process (PID=3038) to work on /home/airflow/.local/lib/python3.8/site-packages/airflow/example_dags/tutorial.py
[2024-10-14T21:39:06.370+0000] {processor.py:830} INFO - Processing file /home/airflow/.local/lib/python3.8/site-packages/airflow/example_dags/tutorial.py for tasks to queue
[2024-10-14T21:39:06.372+0000] {logging_mixin.py:188} INFO - [2024-10-14T21:39:06.372+0000] {dagbag.py:538} INFO - Filling up the DagBag from /home/airflow/.local/lib/python3.8/site-packages/airflow/example_dags/tutorial.py
[2024-10-14T21:39:06.377+0000] {processor.py:840} INFO - DAG(s) 'tutorial' retrieved from /home/airflow/.local/lib/python3.8/site-packages/airflow/example_dags/tutorial.py
[2024-10-14T21:39:06.394+0000] {logging_mixin.py:188} INFO - [2024-10-14T21:39:06.393+0000] {dag.py:3036} INFO - Sync 1 DAGs
[2024-10-14T21:39:06.422+0000] {logging_mixin.py:188} INFO - [2024-10-14T21:39:06.422+0000] {dag.py:3823} INFO - Setting next_dagrun for tutorial to 2024-10-13 00:00:00+00:00, run_after=2024-10-14 00:00:00+00:00
[2024-10-14T21:39:06.450+0000] {processor.py:183} INFO - Processing /home/airflow/.local/lib/python3.8/site-packages/airflow/example_dags/tutorial.py took 0.085 seconds
[2024-10-14T21:44:04.091+0000] {processor.py:161} INFO - Started process (PID=85) to work on /home/airflow/.local/lib/python3.8/site-packages/airflow/example_dags/tutorial.py
[2024-10-14T21:44:04.092+0000] {processor.py:830} INFO - Processing file /home/airflow/.local/lib/python3.8/site-packages/airflow/example_dags/tutorial.py for tasks to queue
[2024-10-14T21:44:04.093+0000] {logging_mixin.py:188} INFO - [2024-10-14T21:44:04.093+0000] {dagbag.py:538} INFO - Filling up the DagBag from /home/airflow/.local/lib/python3.8/site-packages/airflow/example_dags/tutorial.py
[2024-10-14T21:44:04.100+0000] {processor.py:840} INFO - DAG(s) 'tutorial' retrieved from /home/airflow/.local/lib/python3.8/site-packages/airflow/example_dags/tutorial.py
[2024-10-14T21:44:04.191+0000] {logging_mixin.py:188} INFO - [2024-10-14T21:44:04.191+0000] {dag.py:3036} INFO - Sync 1 DAGs
[2024-10-14T21:44:04.209+0000] {logging_mixin.py:188} INFO - [2024-10-14T21:44:04.209+0000] {dag.py:3823} INFO - Setting next_dagrun for tutorial to 2024-10-13 00:00:00+00:00, run_after=2024-10-14 00:00:00+00:00
[2024-10-14T21:44:04.224+0000] {processor.py:183} INFO - Processing /home/airflow/.local/lib/python3.8/site-packages/airflow/example_dags/tutorial.py took 0.136 seconds
[2024-10-14T21:44:34.883+0000] {processor.py:161} INFO - Started process (PID=151) to work on /home/airflow/.local/lib/python3.8/site-packages/airflow/example_dags/tutorial.py
[2024-10-14T21:44:34.884+0000] {processor.py:830} INFO - Processing file /home/airflow/.local/lib/python3.8/site-packages/airflow/example_dags/tutorial.py for tasks to queue
[2024-10-14T21:44:34.885+0000] {logging_mixin.py:188} INFO - [2024-10-14T21:44:34.885+0000] {dagbag.py:538} INFO - Filling up the DagBag from /home/airflow/.local/lib/python3.8/site-packages/airflow/example_dags/tutorial.py
[2024-10-14T21:44:34.890+0000] {processor.py:840} INFO - DAG(s) 'tutorial' retrieved from /home/airflow/.local/lib/python3.8/site-packages/airflow/example_dags/tutorial.py
[2024-10-14T21:44:34.904+0000] {logging_mixin.py:188} INFO - [2024-10-14T21:44:34.904+0000] {dag.py:3036} INFO - Sync 1 DAGs
[2024-10-14T21:44:34.920+0000] {logging_mixin.py:188} INFO - [2024-10-14T21:44:34.919+0000] {dag.py:3823} INFO - Setting next_dagrun for tutorial to 2024-10-13 00:00:00+00:00, run_after=2024-10-14 00:00:00+00:00
[2024-10-14T21:44:34.937+0000] {processor.py:183} INFO - Processing /home/airflow/.local/lib/python3.8/site-packages/airflow/example_dags/tutorial.py took 0.056 seconds
[2024-10-14T21:45:05.491+0000] {processor.py:161} INFO - Started process (PID=225) to work on /home/airflow/.local/lib/python3.8/site-packages/airflow/example_dags/tutorial.py
[2024-10-14T21:45:05.492+0000] {processor.py:830} INFO - Processing file /home/airflow/.local/lib/python3.8/site-packages/airflow/example_dags/tutorial.py for tasks to queue
[2024-10-14T21:45:05.493+0000] {logging_mixin.py:188} INFO - [2024-10-14T21:45:05.493+0000] {dagbag.py:538} INFO - Filling up the DagBag from /home/airflow/.local/lib/python3.8/site-packages/airflow/example_dags/tutorial.py
[2024-10-14T21:45:05.497+0000] {processor.py:840} INFO - DAG(s) 'tutorial' retrieved from /home/airflow/.local/lib/python3.8/site-packages/airflow/example_dags/tutorial.py
[2024-10-14T21:45:05.512+0000] {logging_mixin.py:188} INFO - [2024-10-14T21:45:05.512+0000] {dag.py:3036} INFO - Sync 1 DAGs
[2024-10-14T21:45:05.527+0000] {logging_mixin.py:188} INFO - [2024-10-14T21:45:05.527+0000] {dag.py:3823} INFO - Setting next_dagrun for tutorial to 2024-10-13 00:00:00+00:00, run_after=2024-10-14 00:00:00+00:00
[2024-10-14T21:45:05.541+0000] {processor.py:183} INFO - Processing /home/airflow/.local/lib/python3.8/site-packages/airflow/example_dags/tutorial.py took 0.053 seconds
[2024-10-14T21:45:35.871+0000] {processor.py:161} INFO - Started process (PID=292) to work on /home/airflow/.local/lib/python3.8/site-packages/airflow/example_dags/tutorial.py
[2024-10-14T21:45:35.872+0000] {processor.py:830} INFO - Processing file /home/airflow/.local/lib/python3.8/site-packages/airflow/example_dags/tutorial.py for tasks to queue
[2024-10-14T21:45:35.873+0000] {logging_mixin.py:188} INFO - [2024-10-14T21:45:35.873+0000] {dagbag.py:538} INFO - Filling up the DagBag from /home/airflow/.local/lib/python3.8/site-packages/airflow/example_dags/tutorial.py
[2024-10-14T21:45:35.878+0000] {processor.py:840} INFO - DAG(s) 'tutorial' retrieved from /home/airflow/.local/lib/python3.8/site-packages/airflow/example_dags/tutorial.py
[2024-10-14T21:45:35.892+0000] {logging_mixin.py:188} INFO - [2024-10-14T21:45:35.891+0000] {dag.py:3036} INFO - Sync 1 DAGs
[2024-10-14T21:45:35.908+0000] {logging_mixin.py:188} INFO - [2024-10-14T21:45:35.907+0000] {dag.py:3823} INFO - Setting next_dagrun for tutorial to 2024-10-13 00:00:00+00:00, run_after=2024-10-14 00:00:00+00:00
[2024-10-14T21:45:35.925+0000] {processor.py:183} INFO - Processing /home/airflow/.local/lib/python3.8/site-packages/airflow/example_dags/tutorial.py took 0.056 seconds
[2024-10-14T21:46:06.259+0000] {processor.py:161} INFO - Started process (PID=365) to work on /home/airflow/.local/lib/python3.8/site-packages/airflow/example_dags/tutorial.py
[2024-10-14T21:46:06.260+0000] {processor.py:830} INFO - Processing file /home/airflow/.local/lib/python3.8/site-packages/airflow/example_dags/tutorial.py for tasks to queue
[2024-10-14T21:46:06.261+0000] {logging_mixin.py:188} INFO - [2024-10-14T21:46:06.261+0000] {dagbag.py:538} INFO - Filling up the DagBag from /home/airflow/.local/lib/python3.8/site-packages/airflow/example_dags/tutorial.py
[2024-10-14T21:46:06.265+0000] {processor.py:840} INFO - DAG(s) 'tutorial' retrieved from /home/airflow/.local/lib/python3.8/site-packages/airflow/example_dags/tutorial.py
[2024-10-14T21:46:06.279+0000] {logging_mixin.py:188} INFO - [2024-10-14T21:46:06.279+0000] {dag.py:3036} INFO - Sync 1 DAGs
[2024-10-14T21:46:06.295+0000] {logging_mixin.py:188} INFO - [2024-10-14T21:46:06.295+0000] {dag.py:3823} INFO - Setting next_dagrun for tutorial to 2024-10-13 00:00:00+00:00, run_after=2024-10-14 00:00:00+00:00
[2024-10-14T21:46:06.311+0000] {processor.py:183} INFO - Processing /home/airflow/.local/lib/python3.8/site-packages/airflow/example_dags/tutorial.py took 0.054 seconds
[2024-10-14T21:46:36.406+0000] {processor.py:161} INFO - Started process (PID=438) to work on /home/airflow/.local/lib/python3.8/site-packages/airflow/example_dags/tutorial.py
[2024-10-14T21:46:36.407+0000] {processor.py:830} INFO - Processing file /home/airflow/.local/lib/python3.8/site-packages/airflow/example_dags/tutorial.py for tasks to queue
[2024-10-14T21:46:36.408+0000] {logging_mixin.py:188} INFO - [2024-10-14T21:46:36.408+0000] {dagbag.py:538} INFO - Filling up the DagBag from /home/airflow/.local/lib/python3.8/site-packages/airflow/example_dags/tutorial.py
[2024-10-14T21:46:36.413+0000] {processor.py:840} INFO - DAG(s) 'tutorial' retrieved from /home/airflow/.local/lib/python3.8/site-packages/airflow/example_dags/tutorial.py
[2024-10-14T21:46:36.435+0000] {logging_mixin.py:188} INFO - [2024-10-14T21:46:36.435+0000] {dag.py:3036} INFO - Sync 1 DAGs
[2024-10-14T21:46:36.462+0000] {logging_mixin.py:188} INFO - [2024-10-14T21:46:36.462+0000] {dag.py:3823} INFO - Setting next_dagrun for tutorial to 2024-10-13 00:00:00+00:00, run_after=2024-10-14 00:00:00+00:00
[2024-10-14T21:46:36.484+0000] {processor.py:183} INFO - Processing /home/airflow/.local/lib/python3.8/site-packages/airflow/example_dags/tutorial.py took 0.081 seconds
[2024-10-14T21:50:40.646+0000] {processor.py:161} INFO - Started process (PID=79) to work on /home/airflow/.local/lib/python3.8/site-packages/airflow/example_dags/tutorial.py
[2024-10-14T21:50:40.647+0000] {processor.py:830} INFO - Processing file /home/airflow/.local/lib/python3.8/site-packages/airflow/example_dags/tutorial.py for tasks to queue
[2024-10-14T21:50:40.651+0000] {logging_mixin.py:188} INFO - [2024-10-14T21:50:40.649+0000] {dagbag.py:538} INFO - Filling up the DagBag from /home/airflow/.local/lib/python3.8/site-packages/airflow/example_dags/tutorial.py
[2024-10-14T21:50:40.663+0000] {processor.py:840} INFO - DAG(s) 'tutorial' retrieved from /home/airflow/.local/lib/python3.8/site-packages/airflow/example_dags/tutorial.py
[2024-10-14T21:50:40.679+0000] {logging_mixin.py:188} INFO - [2024-10-14T21:50:40.679+0000] {dag.py:3036} INFO - Sync 1 DAGs
[2024-10-14T21:50:40.716+0000] {logging_mixin.py:188} INFO - [2024-10-14T21:50:40.715+0000] {dag.py:3823} INFO - Setting next_dagrun for tutorial to 2024-10-13 00:00:00+00:00, run_after=2024-10-14 00:00:00+00:00
[2024-10-14T21:50:40.751+0000] {processor.py:183} INFO - Processing /home/airflow/.local/lib/python3.8/site-packages/airflow/example_dags/tutorial.py took 0.108 seconds
[2024-10-14T21:51:11.415+0000] {processor.py:161} INFO - Started process (PID=159) to work on /home/airflow/.local/lib/python3.8/site-packages/airflow/example_dags/tutorial.py
[2024-10-14T21:51:11.416+0000] {processor.py:830} INFO - Processing file /home/airflow/.local/lib/python3.8/site-packages/airflow/example_dags/tutorial.py for tasks to queue
[2024-10-14T21:51:11.418+0000] {logging_mixin.py:188} INFO - [2024-10-14T21:51:11.418+0000] {dagbag.py:538} INFO - Filling up the DagBag from /home/airflow/.local/lib/python3.8/site-packages/airflow/example_dags/tutorial.py
[2024-10-14T21:51:11.424+0000] {processor.py:840} INFO - DAG(s) 'tutorial' retrieved from /home/airflow/.local/lib/python3.8/site-packages/airflow/example_dags/tutorial.py
[2024-10-14T21:51:11.539+0000] {logging_mixin.py:188} INFO - [2024-10-14T21:51:11.539+0000] {dag.py:3036} INFO - Sync 1 DAGs
[2024-10-14T21:51:11.560+0000] {logging_mixin.py:188} INFO - [2024-10-14T21:51:11.560+0000] {dag.py:3823} INFO - Setting next_dagrun for tutorial to 2024-10-13 00:00:00+00:00, run_after=2024-10-14 00:00:00+00:00
[2024-10-14T21:51:11.592+0000] {processor.py:183} INFO - Processing /home/airflow/.local/lib/python3.8/site-packages/airflow/example_dags/tutorial.py took 0.182 seconds
[2024-10-14T21:51:42.393+0000] {processor.py:161} INFO - Started process (PID=232) to work on /home/airflow/.local/lib/python3.8/site-packages/airflow/example_dags/tutorial.py
[2024-10-14T21:51:42.394+0000] {processor.py:830} INFO - Processing file /home/airflow/.local/lib/python3.8/site-packages/airflow/example_dags/tutorial.py for tasks to queue
[2024-10-14T21:51:42.395+0000] {logging_mixin.py:188} INFO - [2024-10-14T21:51:42.395+0000] {dagbag.py:538} INFO - Filling up the DagBag from /home/airflow/.local/lib/python3.8/site-packages/airflow/example_dags/tutorial.py
[2024-10-14T21:51:42.403+0000] {processor.py:840} INFO - DAG(s) 'tutorial' retrieved from /home/airflow/.local/lib/python3.8/site-packages/airflow/example_dags/tutorial.py
[2024-10-14T21:51:42.420+0000] {logging_mixin.py:188} INFO - [2024-10-14T21:51:42.420+0000] {dag.py:3036} INFO - Sync 1 DAGs
[2024-10-14T21:51:42.439+0000] {logging_mixin.py:188} INFO - [2024-10-14T21:51:42.439+0000] {dag.py:3823} INFO - Setting next_dagrun for tutorial to 2024-10-13 00:00:00+00:00, run_after=2024-10-14 00:00:00+00:00
[2024-10-14T21:51:42.456+0000] {processor.py:183} INFO - Processing /home/airflow/.local/lib/python3.8/site-packages/airflow/example_dags/tutorial.py took 0.065 seconds
[2024-10-14T21:52:12.843+0000] {processor.py:161} INFO - Started process (PID=314) to work on /home/airflow/.local/lib/python3.8/site-packages/airflow/example_dags/tutorial.py
[2024-10-14T21:52:12.844+0000] {processor.py:830} INFO - Processing file /home/airflow/.local/lib/python3.8/site-packages/airflow/example_dags/tutorial.py for tasks to queue
[2024-10-14T21:52:12.845+0000] {logging_mixin.py:188} INFO - [2024-10-14T21:52:12.845+0000] {dagbag.py:538} INFO - Filling up the DagBag from /home/airflow/.local/lib/python3.8/site-packages/airflow/example_dags/tutorial.py
[2024-10-14T21:52:12.849+0000] {processor.py:840} INFO - DAG(s) 'tutorial' retrieved from /home/airflow/.local/lib/python3.8/site-packages/airflow/example_dags/tutorial.py
[2024-10-14T21:52:12.862+0000] {logging_mixin.py:188} INFO - [2024-10-14T21:52:12.862+0000] {dag.py:3036} INFO - Sync 1 DAGs
[2024-10-14T21:52:12.876+0000] {logging_mixin.py:188} INFO - [2024-10-14T21:52:12.876+0000] {dag.py:3823} INFO - Setting next_dagrun for tutorial to 2024-10-13 00:00:00+00:00, run_after=2024-10-14 00:00:00+00:00
[2024-10-14T21:52:12.888+0000] {processor.py:183} INFO - Processing /home/airflow/.local/lib/python3.8/site-packages/airflow/example_dags/tutorial.py took 0.047 seconds
[2024-10-14T21:52:43.343+0000] {processor.py:161} INFO - Started process (PID=387) to work on /home/airflow/.local/lib/python3.8/site-packages/airflow/example_dags/tutorial.py
[2024-10-14T21:52:43.343+0000] {processor.py:830} INFO - Processing file /home/airflow/.local/lib/python3.8/site-packages/airflow/example_dags/tutorial.py for tasks to queue
[2024-10-14T21:52:43.344+0000] {logging_mixin.py:188} INFO - [2024-10-14T21:52:43.344+0000] {dagbag.py:538} INFO - Filling up the DagBag from /home/airflow/.local/lib/python3.8/site-packages/airflow/example_dags/tutorial.py
[2024-10-14T21:52:43.350+0000] {processor.py:840} INFO - DAG(s) 'tutorial' retrieved from /home/airflow/.local/lib/python3.8/site-packages/airflow/example_dags/tutorial.py
[2024-10-14T21:52:43.369+0000] {logging_mixin.py:188} INFO - [2024-10-14T21:52:43.368+0000] {dag.py:3036} INFO - Sync 1 DAGs
[2024-10-14T21:52:43.388+0000] {logging_mixin.py:188} INFO - [2024-10-14T21:52:43.388+0000] {dag.py:3823} INFO - Setting next_dagrun for tutorial to 2024-10-13 00:00:00+00:00, run_after=2024-10-14 00:00:00+00:00
[2024-10-14T21:52:43.406+0000] {processor.py:183} INFO - Processing /home/airflow/.local/lib/python3.8/site-packages/airflow/example_dags/tutorial.py took 0.066 seconds
[2024-10-14T21:53:13.741+0000] {processor.py:161} INFO - Started process (PID=468) to work on /home/airflow/.local/lib/python3.8/site-packages/airflow/example_dags/tutorial.py
[2024-10-14T21:53:13.741+0000] {processor.py:830} INFO - Processing file /home/airflow/.local/lib/python3.8/site-packages/airflow/example_dags/tutorial.py for tasks to queue
[2024-10-14T21:53:13.742+0000] {logging_mixin.py:188} INFO - [2024-10-14T21:53:13.742+0000] {dagbag.py:538} INFO - Filling up the DagBag from /home/airflow/.local/lib/python3.8/site-packages/airflow/example_dags/tutorial.py
[2024-10-14T21:53:13.746+0000] {processor.py:840} INFO - DAG(s) 'tutorial' retrieved from /home/airflow/.local/lib/python3.8/site-packages/airflow/example_dags/tutorial.py
[2024-10-14T21:53:13.763+0000] {logging_mixin.py:188} INFO - [2024-10-14T21:53:13.763+0000] {dag.py:3036} INFO - Sync 1 DAGs
[2024-10-14T21:53:13.782+0000] {logging_mixin.py:188} INFO - [2024-10-14T21:53:13.782+0000] {dag.py:3823} INFO - Setting next_dagrun for tutorial to 2024-10-13 00:00:00+00:00, run_after=2024-10-14 00:00:00+00:00
[2024-10-14T21:53:13.804+0000] {processor.py:183} INFO - Processing /home/airflow/.local/lib/python3.8/site-packages/airflow/example_dags/tutorial.py took 0.066 seconds
[2024-10-14T21:53:44.025+0000] {processor.py:161} INFO - Started process (PID=541) to work on /home/airflow/.local/lib/python3.8/site-packages/airflow/example_dags/tutorial.py
[2024-10-14T21:53:44.025+0000] {processor.py:830} INFO - Processing file /home/airflow/.local/lib/python3.8/site-packages/airflow/example_dags/tutorial.py for tasks to queue
[2024-10-14T21:53:44.027+0000] {logging_mixin.py:188} INFO - [2024-10-14T21:53:44.026+0000] {dagbag.py:538} INFO - Filling up the DagBag from /home/airflow/.local/lib/python3.8/site-packages/airflow/example_dags/tutorial.py
[2024-10-14T21:53:44.031+0000] {processor.py:840} INFO - DAG(s) 'tutorial' retrieved from /home/airflow/.local/lib/python3.8/site-packages/airflow/example_dags/tutorial.py
[2024-10-14T21:53:44.056+0000] {logging_mixin.py:188} INFO - [2024-10-14T21:53:44.055+0000] {dag.py:3036} INFO - Sync 1 DAGs
[2024-10-14T21:53:44.077+0000] {logging_mixin.py:188} INFO - [2024-10-14T21:53:44.076+0000] {dag.py:3823} INFO - Setting next_dagrun for tutorial to 2024-10-13 00:00:00+00:00, run_after=2024-10-14 00:00:00+00:00
[2024-10-14T21:53:44.096+0000] {processor.py:183} INFO - Processing /home/airflow/.local/lib/python3.8/site-packages/airflow/example_dags/tutorial.py took 0.074 seconds
[2024-10-14T21:54:14.643+0000] {processor.py:161} INFO - Started process (PID=632) to work on /home/airflow/.local/lib/python3.8/site-packages/airflow/example_dags/tutorial.py
[2024-10-14T21:54:14.643+0000] {processor.py:830} INFO - Processing file /home/airflow/.local/lib/python3.8/site-packages/airflow/example_dags/tutorial.py for tasks to queue
[2024-10-14T21:54:14.645+0000] {logging_mixin.py:188} INFO - [2024-10-14T21:54:14.644+0000] {dagbag.py:538} INFO - Filling up the DagBag from /home/airflow/.local/lib/python3.8/site-packages/airflow/example_dags/tutorial.py
[2024-10-14T21:54:14.649+0000] {processor.py:840} INFO - DAG(s) 'tutorial' retrieved from /home/airflow/.local/lib/python3.8/site-packages/airflow/example_dags/tutorial.py
[2024-10-14T21:54:14.665+0000] {logging_mixin.py:188} INFO - [2024-10-14T21:54:14.665+0000] {dag.py:3036} INFO - Sync 1 DAGs
[2024-10-14T21:54:14.684+0000] {logging_mixin.py:188} INFO - [2024-10-14T21:54:14.684+0000] {dag.py:3823} INFO - Setting next_dagrun for tutorial to 2024-10-13 00:00:00+00:00, run_after=2024-10-14 00:00:00+00:00
[2024-10-14T21:54:14.699+0000] {processor.py:183} INFO - Processing /home/airflow/.local/lib/python3.8/site-packages/airflow/example_dags/tutorial.py took 0.059 seconds
[2024-10-14T21:58:40.726+0000] {processor.py:161} INFO - Started process (PID=78) to work on /home/airflow/.local/lib/python3.8/site-packages/airflow/example_dags/tutorial.py
[2024-10-14T21:58:40.727+0000] {processor.py:830} INFO - Processing file /home/airflow/.local/lib/python3.8/site-packages/airflow/example_dags/tutorial.py for tasks to queue
[2024-10-14T21:58:40.729+0000] {logging_mixin.py:188} INFO - [2024-10-14T21:58:40.728+0000] {dagbag.py:538} INFO - Filling up the DagBag from /home/airflow/.local/lib/python3.8/site-packages/airflow/example_dags/tutorial.py
[2024-10-14T21:58:40.737+0000] {processor.py:840} INFO - DAG(s) 'tutorial' retrieved from /home/airflow/.local/lib/python3.8/site-packages/airflow/example_dags/tutorial.py
[2024-10-14T21:58:40.746+0000] {logging_mixin.py:188} INFO - [2024-10-14T21:58:40.746+0000] {dag.py:3036} INFO - Sync 1 DAGs
[2024-10-14T21:58:40.763+0000] {logging_mixin.py:188} INFO - [2024-10-14T21:58:40.763+0000] {dag.py:3823} INFO - Setting next_dagrun for tutorial to 2024-10-13 00:00:00+00:00, run_after=2024-10-14 00:00:00+00:00
[2024-10-14T21:58:40.778+0000] {processor.py:183} INFO - Processing /home/airflow/.local/lib/python3.8/site-packages/airflow/example_dags/tutorial.py took 0.055 seconds
[2024-10-14T21:59:11.331+0000] {processor.py:161} INFO - Started process (PID=158) to work on /home/airflow/.local/lib/python3.8/site-packages/airflow/example_dags/tutorial.py
[2024-10-14T21:59:11.332+0000] {processor.py:830} INFO - Processing file /home/airflow/.local/lib/python3.8/site-packages/airflow/example_dags/tutorial.py for tasks to queue
[2024-10-14T21:59:11.335+0000] {logging_mixin.py:188} INFO - [2024-10-14T21:59:11.334+0000] {dagbag.py:538} INFO - Filling up the DagBag from /home/airflow/.local/lib/python3.8/site-packages/airflow/example_dags/tutorial.py
[2024-10-14T21:59:11.343+0000] {processor.py:840} INFO - DAG(s) 'tutorial' retrieved from /home/airflow/.local/lib/python3.8/site-packages/airflow/example_dags/tutorial.py
[2024-10-14T21:59:11.426+0000] {logging_mixin.py:188} INFO - [2024-10-14T21:59:11.426+0000] {dag.py:3036} INFO - Sync 1 DAGs
[2024-10-14T21:59:11.445+0000] {logging_mixin.py:188} INFO - [2024-10-14T21:59:11.445+0000] {dag.py:3823} INFO - Setting next_dagrun for tutorial to 2024-10-13 00:00:00+00:00, run_after=2024-10-14 00:00:00+00:00
[2024-10-14T21:59:11.465+0000] {processor.py:183} INFO - Processing /home/airflow/.local/lib/python3.8/site-packages/airflow/example_dags/tutorial.py took 0.137 seconds
[2024-10-14T21:59:41.495+0000] {processor.py:161} INFO - Started process (PID=232) to work on /home/airflow/.local/lib/python3.8/site-packages/airflow/example_dags/tutorial.py
[2024-10-14T21:59:41.495+0000] {processor.py:830} INFO - Processing file /home/airflow/.local/lib/python3.8/site-packages/airflow/example_dags/tutorial.py for tasks to queue
[2024-10-14T21:59:41.496+0000] {logging_mixin.py:188} INFO - [2024-10-14T21:59:41.496+0000] {dagbag.py:538} INFO - Filling up the DagBag from /home/airflow/.local/lib/python3.8/site-packages/airflow/example_dags/tutorial.py
[2024-10-14T21:59:41.500+0000] {processor.py:840} INFO - DAG(s) 'tutorial' retrieved from /home/airflow/.local/lib/python3.8/site-packages/airflow/example_dags/tutorial.py
[2024-10-14T21:59:41.513+0000] {logging_mixin.py:188} INFO - [2024-10-14T21:59:41.513+0000] {dag.py:3036} INFO - Sync 1 DAGs
[2024-10-14T21:59:41.527+0000] {logging_mixin.py:188} INFO - [2024-10-14T21:59:41.526+0000] {dag.py:3823} INFO - Setting next_dagrun for tutorial to 2024-10-13 00:00:00+00:00, run_after=2024-10-14 00:00:00+00:00
[2024-10-14T21:59:41.538+0000] {processor.py:183} INFO - Processing /home/airflow/.local/lib/python3.8/site-packages/airflow/example_dags/tutorial.py took 0.046 seconds
[2024-10-14T22:00:11.915+0000] {processor.py:161} INFO - Started process (PID=306) to work on /home/airflow/.local/lib/python3.8/site-packages/airflow/example_dags/tutorial.py
[2024-10-14T22:00:11.915+0000] {processor.py:830} INFO - Processing file /home/airflow/.local/lib/python3.8/site-packages/airflow/example_dags/tutorial.py for tasks to queue
[2024-10-14T22:00:11.917+0000] {logging_mixin.py:188} INFO - [2024-10-14T22:00:11.916+0000] {dagbag.py:538} INFO - Filling up the DagBag from /home/airflow/.local/lib/python3.8/site-packages/airflow/example_dags/tutorial.py
[2024-10-14T22:00:11.921+0000] {processor.py:840} INFO - DAG(s) 'tutorial' retrieved from /home/airflow/.local/lib/python3.8/site-packages/airflow/example_dags/tutorial.py
[2024-10-14T22:00:11.937+0000] {logging_mixin.py:188} INFO - [2024-10-14T22:00:11.937+0000] {dag.py:3036} INFO - Sync 1 DAGs
[2024-10-14T22:00:11.956+0000] {logging_mixin.py:188} INFO - [2024-10-14T22:00:11.955+0000] {dag.py:3823} INFO - Setting next_dagrun for tutorial to 2024-10-13 00:00:00+00:00, run_after=2024-10-14 00:00:00+00:00
[2024-10-14T22:00:11.973+0000] {processor.py:183} INFO - Processing /home/airflow/.local/lib/python3.8/site-packages/airflow/example_dags/tutorial.py took 0.061 seconds
[2024-10-14T22:00:42.331+0000] {processor.py:161} INFO - Started process (PID=388) to work on /home/airflow/.local/lib/python3.8/site-packages/airflow/example_dags/tutorial.py
[2024-10-14T22:00:42.332+0000] {processor.py:830} INFO - Processing file /home/airflow/.local/lib/python3.8/site-packages/airflow/example_dags/tutorial.py for tasks to queue
[2024-10-14T22:00:42.333+0000] {logging_mixin.py:188} INFO - [2024-10-14T22:00:42.333+0000] {dagbag.py:538} INFO - Filling up the DagBag from /home/airflow/.local/lib/python3.8/site-packages/airflow/example_dags/tutorial.py
[2024-10-14T22:00:42.344+0000] {processor.py:840} INFO - DAG(s) 'tutorial' retrieved from /home/airflow/.local/lib/python3.8/site-packages/airflow/example_dags/tutorial.py
[2024-10-14T22:00:42.365+0000] {logging_mixin.py:188} INFO - [2024-10-14T22:00:42.364+0000] {dag.py:3036} INFO - Sync 1 DAGs
[2024-10-14T22:00:42.392+0000] {logging_mixin.py:188} INFO - [2024-10-14T22:00:42.392+0000] {dag.py:3823} INFO - Setting next_dagrun for tutorial to 2024-10-13 00:00:00+00:00, run_after=2024-10-14 00:00:00+00:00
[2024-10-14T22:00:42.414+0000] {processor.py:183} INFO - Processing /home/airflow/.local/lib/python3.8/site-packages/airflow/example_dags/tutorial.py took 0.085 seconds
[2024-10-14T22:01:12.525+0000] {processor.py:161} INFO - Started process (PID=462) to work on /home/airflow/.local/lib/python3.8/site-packages/airflow/example_dags/tutorial.py
[2024-10-14T22:01:12.526+0000] {processor.py:830} INFO - Processing file /home/airflow/.local/lib/python3.8/site-packages/airflow/example_dags/tutorial.py for tasks to queue
[2024-10-14T22:01:12.527+0000] {logging_mixin.py:188} INFO - [2024-10-14T22:01:12.527+0000] {dagbag.py:538} INFO - Filling up the DagBag from /home/airflow/.local/lib/python3.8/site-packages/airflow/example_dags/tutorial.py
[2024-10-14T22:01:12.531+0000] {processor.py:840} INFO - DAG(s) 'tutorial' retrieved from /home/airflow/.local/lib/python3.8/site-packages/airflow/example_dags/tutorial.py
[2024-10-14T22:01:12.553+0000] {logging_mixin.py:188} INFO - [2024-10-14T22:01:12.552+0000] {dag.py:3036} INFO - Sync 1 DAGs
[2024-10-14T22:01:12.577+0000] {logging_mixin.py:188} INFO - [2024-10-14T22:01:12.577+0000] {dag.py:3823} INFO - Setting next_dagrun for tutorial to 2024-10-13 00:00:00+00:00, run_after=2024-10-14 00:00:00+00:00
[2024-10-14T22:01:12.597+0000] {processor.py:183} INFO - Processing /home/airflow/.local/lib/python3.8/site-packages/airflow/example_dags/tutorial.py took 0.078 seconds
[2024-10-14T22:01:43.047+0000] {processor.py:161} INFO - Started process (PID=544) to work on /home/airflow/.local/lib/python3.8/site-packages/airflow/example_dags/tutorial.py
[2024-10-14T22:01:43.048+0000] {processor.py:830} INFO - Processing file /home/airflow/.local/lib/python3.8/site-packages/airflow/example_dags/tutorial.py for tasks to queue
[2024-10-14T22:01:43.049+0000] {logging_mixin.py:188} INFO - [2024-10-14T22:01:43.049+0000] {dagbag.py:538} INFO - Filling up the DagBag from /home/airflow/.local/lib/python3.8/site-packages/airflow/example_dags/tutorial.py
[2024-10-14T22:01:43.057+0000] {processor.py:840} INFO - DAG(s) 'tutorial' retrieved from /home/airflow/.local/lib/python3.8/site-packages/airflow/example_dags/tutorial.py
[2024-10-14T22:01:43.075+0000] {logging_mixin.py:188} INFO - [2024-10-14T22:01:43.075+0000] {dag.py:3036} INFO - Sync 1 DAGs
[2024-10-14T22:01:43.093+0000] {logging_mixin.py:188} INFO - [2024-10-14T22:01:43.093+0000] {dag.py:3823} INFO - Setting next_dagrun for tutorial to 2024-10-13 00:00:00+00:00, run_after=2024-10-14 00:00:00+00:00
[2024-10-14T22:01:43.111+0000] {processor.py:183} INFO - Processing /home/airflow/.local/lib/python3.8/site-packages/airflow/example_dags/tutorial.py took 0.066 seconds
[2024-10-14T22:02:13.448+0000] {processor.py:161} INFO - Started process (PID=618) to work on /home/airflow/.local/lib/python3.8/site-packages/airflow/example_dags/tutorial.py
[2024-10-14T22:02:13.449+0000] {processor.py:830} INFO - Processing file /home/airflow/.local/lib/python3.8/site-packages/airflow/example_dags/tutorial.py for tasks to queue
[2024-10-14T22:02:13.450+0000] {logging_mixin.py:188} INFO - [2024-10-14T22:02:13.450+0000] {dagbag.py:538} INFO - Filling up the DagBag from /home/airflow/.local/lib/python3.8/site-packages/airflow/example_dags/tutorial.py
[2024-10-14T22:02:13.456+0000] {processor.py:840} INFO - DAG(s) 'tutorial' retrieved from /home/airflow/.local/lib/python3.8/site-packages/airflow/example_dags/tutorial.py
[2024-10-14T22:02:13.475+0000] {logging_mixin.py:188} INFO - [2024-10-14T22:02:13.474+0000] {dag.py:3036} INFO - Sync 1 DAGs
[2024-10-14T22:02:13.493+0000] {logging_mixin.py:188} INFO - [2024-10-14T22:02:13.493+0000] {dag.py:3823} INFO - Setting next_dagrun for tutorial to 2024-10-13 00:00:00+00:00, run_after=2024-10-14 00:00:00+00:00
[2024-10-14T22:02:13.512+0000] {processor.py:183} INFO - Processing /home/airflow/.local/lib/python3.8/site-packages/airflow/example_dags/tutorial.py took 0.066 seconds
[2024-10-14T22:02:44.121+0000] {processor.py:161} INFO - Started process (PID=700) to work on /home/airflow/.local/lib/python3.8/site-packages/airflow/example_dags/tutorial.py
[2024-10-14T22:02:44.122+0000] {processor.py:830} INFO - Processing file /home/airflow/.local/lib/python3.8/site-packages/airflow/example_dags/tutorial.py for tasks to queue
[2024-10-14T22:02:44.124+0000] {logging_mixin.py:188} INFO - [2024-10-14T22:02:44.123+0000] {dagbag.py:538} INFO - Filling up the DagBag from /home/airflow/.local/lib/python3.8/site-packages/airflow/example_dags/tutorial.py
[2024-10-14T22:02:44.131+0000] {processor.py:840} INFO - DAG(s) 'tutorial' retrieved from /home/airflow/.local/lib/python3.8/site-packages/airflow/example_dags/tutorial.py
[2024-10-14T22:02:44.149+0000] {logging_mixin.py:188} INFO - [2024-10-14T22:02:44.149+0000] {dag.py:3036} INFO - Sync 1 DAGs
[2024-10-14T22:02:44.179+0000] {logging_mixin.py:188} INFO - [2024-10-14T22:02:44.179+0000] {dag.py:3823} INFO - Setting next_dagrun for tutorial to 2024-10-13 00:00:00+00:00, run_after=2024-10-14 00:00:00+00:00
[2024-10-14T22:02:44.215+0000] {processor.py:183} INFO - Processing /home/airflow/.local/lib/python3.8/site-packages/airflow/example_dags/tutorial.py took 0.097 seconds
[2024-10-14T22:03:14.280+0000] {processor.py:161} INFO - Started process (PID=774) to work on /home/airflow/.local/lib/python3.8/site-packages/airflow/example_dags/tutorial.py
[2024-10-14T22:03:14.281+0000] {processor.py:830} INFO - Processing file /home/airflow/.local/lib/python3.8/site-packages/airflow/example_dags/tutorial.py for tasks to queue
[2024-10-14T22:03:14.282+0000] {logging_mixin.py:188} INFO - [2024-10-14T22:03:14.282+0000] {dagbag.py:538} INFO - Filling up the DagBag from /home/airflow/.local/lib/python3.8/site-packages/airflow/example_dags/tutorial.py
[2024-10-14T22:03:14.289+0000] {processor.py:840} INFO - DAG(s) 'tutorial' retrieved from /home/airflow/.local/lib/python3.8/site-packages/airflow/example_dags/tutorial.py
[2024-10-14T22:03:14.309+0000] {logging_mixin.py:188} INFO - [2024-10-14T22:03:14.309+0000] {dag.py:3036} INFO - Sync 1 DAGs
[2024-10-14T22:03:14.329+0000] {logging_mixin.py:188} INFO - [2024-10-14T22:03:14.329+0000] {dag.py:3823} INFO - Setting next_dagrun for tutorial to 2024-10-13 00:00:00+00:00, run_after=2024-10-14 00:00:00+00:00
[2024-10-14T22:03:14.348+0000] {processor.py:183} INFO - Processing /home/airflow/.local/lib/python3.8/site-packages/airflow/example_dags/tutorial.py took 0.071 seconds
[2024-10-14T22:03:44.763+0000] {processor.py:161} INFO - Started process (PID=848) to work on /home/airflow/.local/lib/python3.8/site-packages/airflow/example_dags/tutorial.py
[2024-10-14T22:03:44.764+0000] {processor.py:830} INFO - Processing file /home/airflow/.local/lib/python3.8/site-packages/airflow/example_dags/tutorial.py for tasks to queue
[2024-10-14T22:03:44.765+0000] {logging_mixin.py:188} INFO - [2024-10-14T22:03:44.765+0000] {dagbag.py:538} INFO - Filling up the DagBag from /home/airflow/.local/lib/python3.8/site-packages/airflow/example_dags/tutorial.py
[2024-10-14T22:03:44.769+0000] {processor.py:840} INFO - DAG(s) 'tutorial' retrieved from /home/airflow/.local/lib/python3.8/site-packages/airflow/example_dags/tutorial.py
[2024-10-14T22:03:44.783+0000] {logging_mixin.py:188} INFO - [2024-10-14T22:03:44.783+0000] {dag.py:3036} INFO - Sync 1 DAGs
[2024-10-14T22:03:44.799+0000] {logging_mixin.py:188} INFO - [2024-10-14T22:03:44.799+0000] {dag.py:3823} INFO - Setting next_dagrun for tutorial to 2024-10-13 00:00:00+00:00, run_after=2024-10-14 00:00:00+00:00
[2024-10-14T22:03:44.813+0000] {processor.py:183} INFO - Processing /home/airflow/.local/lib/python3.8/site-packages/airflow/example_dags/tutorial.py took 0.052 seconds
[2024-10-14T22:04:14.966+0000] {processor.py:161} INFO - Started process (PID=929) to work on /home/airflow/.local/lib/python3.8/site-packages/airflow/example_dags/tutorial.py
[2024-10-14T22:04:14.967+0000] {processor.py:830} INFO - Processing file /home/airflow/.local/lib/python3.8/site-packages/airflow/example_dags/tutorial.py for tasks to queue
[2024-10-14T22:04:14.968+0000] {logging_mixin.py:188} INFO - [2024-10-14T22:04:14.968+0000] {dagbag.py:538} INFO - Filling up the DagBag from /home/airflow/.local/lib/python3.8/site-packages/airflow/example_dags/tutorial.py
[2024-10-14T22:04:14.974+0000] {processor.py:840} INFO - DAG(s) 'tutorial' retrieved from /home/airflow/.local/lib/python3.8/site-packages/airflow/example_dags/tutorial.py
[2024-10-14T22:04:14.990+0000] {logging_mixin.py:188} INFO - [2024-10-14T22:04:14.990+0000] {dag.py:3036} INFO - Sync 1 DAGs
[2024-10-14T22:04:15.008+0000] {logging_mixin.py:188} INFO - [2024-10-14T22:04:15.008+0000] {dag.py:3823} INFO - Setting next_dagrun for tutorial to 2024-10-13 00:00:00+00:00, run_after=2024-10-14 00:00:00+00:00
[2024-10-14T22:04:15.023+0000] {processor.py:183} INFO - Processing /home/airflow/.local/lib/python3.8/site-packages/airflow/example_dags/tutorial.py took 0.060 seconds
[2024-10-14T22:04:45.620+0000] {processor.py:161} INFO - Started process (PID=1008) to work on /home/airflow/.local/lib/python3.8/site-packages/airflow/example_dags/tutorial.py
[2024-10-14T22:04:45.621+0000] {processor.py:830} INFO - Processing file /home/airflow/.local/lib/python3.8/site-packages/airflow/example_dags/tutorial.py for tasks to queue
[2024-10-14T22:04:45.622+0000] {logging_mixin.py:188} INFO - [2024-10-14T22:04:45.622+0000] {dagbag.py:538} INFO - Filling up the DagBag from /home/airflow/.local/lib/python3.8/site-packages/airflow/example_dags/tutorial.py
[2024-10-14T22:04:45.627+0000] {processor.py:840} INFO - DAG(s) 'tutorial' retrieved from /home/airflow/.local/lib/python3.8/site-packages/airflow/example_dags/tutorial.py
[2024-10-14T22:04:45.644+0000] {logging_mixin.py:188} INFO - [2024-10-14T22:04:45.644+0000] {dag.py:3036} INFO - Sync 1 DAGs
[2024-10-14T22:04:45.662+0000] {logging_mixin.py:188} INFO - [2024-10-14T22:04:45.661+0000] {dag.py:3823} INFO - Setting next_dagrun for tutorial to 2024-10-13 00:00:00+00:00, run_after=2024-10-14 00:00:00+00:00
[2024-10-14T22:04:45.678+0000] {processor.py:183} INFO - Processing /home/airflow/.local/lib/python3.8/site-packages/airflow/example_dags/tutorial.py took 0.061 seconds
[2024-10-14T22:05:15.769+0000] {processor.py:161} INFO - Started process (PID=1083) to work on /home/airflow/.local/lib/python3.8/site-packages/airflow/example_dags/tutorial.py
[2024-10-14T22:05:15.770+0000] {processor.py:830} INFO - Processing file /home/airflow/.local/lib/python3.8/site-packages/airflow/example_dags/tutorial.py for tasks to queue
[2024-10-14T22:05:15.772+0000] {logging_mixin.py:188} INFO - [2024-10-14T22:05:15.771+0000] {dagbag.py:538} INFO - Filling up the DagBag from /home/airflow/.local/lib/python3.8/site-packages/airflow/example_dags/tutorial.py
[2024-10-14T22:05:15.778+0000] {processor.py:840} INFO - DAG(s) 'tutorial' retrieved from /home/airflow/.local/lib/python3.8/site-packages/airflow/example_dags/tutorial.py
[2024-10-14T22:05:15.793+0000] {logging_mixin.py:188} INFO - [2024-10-14T22:05:15.793+0000] {dag.py:3036} INFO - Sync 1 DAGs
[2024-10-14T22:05:15.811+0000] {logging_mixin.py:188} INFO - [2024-10-14T22:05:15.810+0000] {dag.py:3823} INFO - Setting next_dagrun for tutorial to 2024-10-13 00:00:00+00:00, run_after=2024-10-14 00:00:00+00:00
[2024-10-14T22:05:15.826+0000] {processor.py:183} INFO - Processing /home/airflow/.local/lib/python3.8/site-packages/airflow/example_dags/tutorial.py took 0.060 seconds
[2024-10-14T22:05:45.884+0000] {processor.py:161} INFO - Started process (PID=1165) to work on /home/airflow/.local/lib/python3.8/site-packages/airflow/example_dags/tutorial.py
[2024-10-14T22:05:45.885+0000] {processor.py:830} INFO - Processing file /home/airflow/.local/lib/python3.8/site-packages/airflow/example_dags/tutorial.py for tasks to queue
[2024-10-14T22:05:45.886+0000] {logging_mixin.py:188} INFO - [2024-10-14T22:05:45.886+0000] {dagbag.py:538} INFO - Filling up the DagBag from /home/airflow/.local/lib/python3.8/site-packages/airflow/example_dags/tutorial.py
[2024-10-14T22:05:45.891+0000] {processor.py:840} INFO - DAG(s) 'tutorial' retrieved from /home/airflow/.local/lib/python3.8/site-packages/airflow/example_dags/tutorial.py
[2024-10-14T22:05:45.906+0000] {logging_mixin.py:188} INFO - [2024-10-14T22:05:45.906+0000] {dag.py:3036} INFO - Sync 1 DAGs
[2024-10-14T22:05:45.926+0000] {logging_mixin.py:188} INFO - [2024-10-14T22:05:45.926+0000] {dag.py:3823} INFO - Setting next_dagrun for tutorial to 2024-10-13 00:00:00+00:00, run_after=2024-10-14 00:00:00+00:00
[2024-10-14T22:05:45.945+0000] {processor.py:183} INFO - Processing /home/airflow/.local/lib/python3.8/site-packages/airflow/example_dags/tutorial.py took 0.064 seconds
[2024-10-14T22:06:16.000+0000] {processor.py:161} INFO - Started process (PID=1239) to work on /home/airflow/.local/lib/python3.8/site-packages/airflow/example_dags/tutorial.py
[2024-10-14T22:06:16.001+0000] {processor.py:830} INFO - Processing file /home/airflow/.local/lib/python3.8/site-packages/airflow/example_dags/tutorial.py for tasks to queue
[2024-10-14T22:06:16.002+0000] {logging_mixin.py:188} INFO - [2024-10-14T22:06:16.002+0000] {dagbag.py:538} INFO - Filling up the DagBag from /home/airflow/.local/lib/python3.8/site-packages/airflow/example_dags/tutorial.py
[2024-10-14T22:06:16.007+0000] {processor.py:840} INFO - DAG(s) 'tutorial' retrieved from /home/airflow/.local/lib/python3.8/site-packages/airflow/example_dags/tutorial.py
[2024-10-14T22:06:16.021+0000] {logging_mixin.py:188} INFO - [2024-10-14T22:06:16.021+0000] {dag.py:3036} INFO - Sync 1 DAGs
[2024-10-14T22:06:16.037+0000] {logging_mixin.py:188} INFO - [2024-10-14T22:06:16.036+0000] {dag.py:3823} INFO - Setting next_dagrun for tutorial to 2024-10-13 00:00:00+00:00, run_after=2024-10-14 00:00:00+00:00
[2024-10-14T22:06:16.053+0000] {processor.py:183} INFO - Processing /home/airflow/.local/lib/python3.8/site-packages/airflow/example_dags/tutorial.py took 0.055 seconds
[2024-10-14T22:06:46.404+0000] {processor.py:161} INFO - Started process (PID=1321) to work on /home/airflow/.local/lib/python3.8/site-packages/airflow/example_dags/tutorial.py
[2024-10-14T22:06:46.405+0000] {processor.py:830} INFO - Processing file /home/airflow/.local/lib/python3.8/site-packages/airflow/example_dags/tutorial.py for tasks to queue
[2024-10-14T22:06:46.406+0000] {logging_mixin.py:188} INFO - [2024-10-14T22:06:46.406+0000] {dagbag.py:538} INFO - Filling up the DagBag from /home/airflow/.local/lib/python3.8/site-packages/airflow/example_dags/tutorial.py
[2024-10-14T22:06:46.411+0000] {processor.py:840} INFO - DAG(s) 'tutorial' retrieved from /home/airflow/.local/lib/python3.8/site-packages/airflow/example_dags/tutorial.py
[2024-10-14T22:06:46.425+0000] {logging_mixin.py:188} INFO - [2024-10-14T22:06:46.424+0000] {dag.py:3036} INFO - Sync 1 DAGs
[2024-10-14T22:06:46.440+0000] {logging_mixin.py:188} INFO - [2024-10-14T22:06:46.440+0000] {dag.py:3823} INFO - Setting next_dagrun for tutorial to 2024-10-13 00:00:00+00:00, run_after=2024-10-14 00:00:00+00:00
[2024-10-14T22:06:46.458+0000] {processor.py:183} INFO - Processing /home/airflow/.local/lib/python3.8/site-packages/airflow/example_dags/tutorial.py took 0.056 seconds
[2024-10-14T22:07:16.805+0000] {processor.py:161} INFO - Started process (PID=1395) to work on /home/airflow/.local/lib/python3.8/site-packages/airflow/example_dags/tutorial.py
[2024-10-14T22:07:16.806+0000] {processor.py:830} INFO - Processing file /home/airflow/.local/lib/python3.8/site-packages/airflow/example_dags/tutorial.py for tasks to queue
[2024-10-14T22:07:16.808+0000] {logging_mixin.py:188} INFO - [2024-10-14T22:07:16.807+0000] {dagbag.py:538} INFO - Filling up the DagBag from /home/airflow/.local/lib/python3.8/site-packages/airflow/example_dags/tutorial.py
[2024-10-14T22:07:16.815+0000] {processor.py:840} INFO - DAG(s) 'tutorial' retrieved from /home/airflow/.local/lib/python3.8/site-packages/airflow/example_dags/tutorial.py
[2024-10-14T22:07:16.841+0000] {logging_mixin.py:188} INFO - [2024-10-14T22:07:16.840+0000] {dag.py:3036} INFO - Sync 1 DAGs
[2024-10-14T22:07:16.866+0000] {logging_mixin.py:188} INFO - [2024-10-14T22:07:16.866+0000] {dag.py:3823} INFO - Setting next_dagrun for tutorial to 2024-10-13 00:00:00+00:00, run_after=2024-10-14 00:00:00+00:00
[2024-10-14T22:07:16.889+0000] {processor.py:183} INFO - Processing /home/airflow/.local/lib/python3.8/site-packages/airflow/example_dags/tutorial.py took 0.088 seconds
[2024-10-14T22:07:47.101+0000] {processor.py:161} INFO - Started process (PID=1478) to work on /home/airflow/.local/lib/python3.8/site-packages/airflow/example_dags/tutorial.py
[2024-10-14T22:07:47.102+0000] {processor.py:830} INFO - Processing file /home/airflow/.local/lib/python3.8/site-packages/airflow/example_dags/tutorial.py for tasks to queue
[2024-10-14T22:07:47.104+0000] {logging_mixin.py:188} INFO - [2024-10-14T22:07:47.103+0000] {dagbag.py:538} INFO - Filling up the DagBag from /home/airflow/.local/lib/python3.8/site-packages/airflow/example_dags/tutorial.py
[2024-10-14T22:07:47.113+0000] {processor.py:840} INFO - DAG(s) 'tutorial' retrieved from /home/airflow/.local/lib/python3.8/site-packages/airflow/example_dags/tutorial.py
[2024-10-14T22:07:47.130+0000] {logging_mixin.py:188} INFO - [2024-10-14T22:07:47.129+0000] {dag.py:3036} INFO - Sync 1 DAGs
[2024-10-14T22:07:47.146+0000] {logging_mixin.py:188} INFO - [2024-10-14T22:07:47.146+0000] {dag.py:3823} INFO - Setting next_dagrun for tutorial to 2024-10-13 00:00:00+00:00, run_after=2024-10-14 00:00:00+00:00
[2024-10-14T22:07:47.160+0000] {processor.py:183} INFO - Processing /home/airflow/.local/lib/python3.8/site-packages/airflow/example_dags/tutorial.py took 0.062 seconds
[2024-10-14T22:08:17.678+0000] {processor.py:161} INFO - Started process (PID=1552) to work on /home/airflow/.local/lib/python3.8/site-packages/airflow/example_dags/tutorial.py
[2024-10-14T22:08:17.679+0000] {processor.py:830} INFO - Processing file /home/airflow/.local/lib/python3.8/site-packages/airflow/example_dags/tutorial.py for tasks to queue
[2024-10-14T22:08:17.680+0000] {logging_mixin.py:188} INFO - [2024-10-14T22:08:17.680+0000] {dagbag.py:538} INFO - Filling up the DagBag from /home/airflow/.local/lib/python3.8/site-packages/airflow/example_dags/tutorial.py
[2024-10-14T22:08:17.685+0000] {processor.py:840} INFO - DAG(s) 'tutorial' retrieved from /home/airflow/.local/lib/python3.8/site-packages/airflow/example_dags/tutorial.py
[2024-10-14T22:08:17.699+0000] {logging_mixin.py:188} INFO - [2024-10-14T22:08:17.699+0000] {dag.py:3036} INFO - Sync 1 DAGs
[2024-10-14T22:08:17.714+0000] {logging_mixin.py:188} INFO - [2024-10-14T22:08:17.714+0000] {dag.py:3823} INFO - Setting next_dagrun for tutorial to 2024-10-13 00:00:00+00:00, run_after=2024-10-14 00:00:00+00:00
[2024-10-14T22:08:17.729+0000] {processor.py:183} INFO - Processing /home/airflow/.local/lib/python3.8/site-packages/airflow/example_dags/tutorial.py took 0.053 seconds
[2024-10-14T22:08:48.129+0000] {processor.py:161} INFO - Started process (PID=1633) to work on /home/airflow/.local/lib/python3.8/site-packages/airflow/example_dags/tutorial.py
[2024-10-14T22:08:48.129+0000] {processor.py:830} INFO - Processing file /home/airflow/.local/lib/python3.8/site-packages/airflow/example_dags/tutorial.py for tasks to queue
[2024-10-14T22:08:48.131+0000] {logging_mixin.py:188} INFO - [2024-10-14T22:08:48.130+0000] {dagbag.py:538} INFO - Filling up the DagBag from /home/airflow/.local/lib/python3.8/site-packages/airflow/example_dags/tutorial.py
[2024-10-14T22:08:48.135+0000] {processor.py:840} INFO - DAG(s) 'tutorial' retrieved from /home/airflow/.local/lib/python3.8/site-packages/airflow/example_dags/tutorial.py
[2024-10-14T22:08:48.150+0000] {logging_mixin.py:188} INFO - [2024-10-14T22:08:48.150+0000] {dag.py:3036} INFO - Sync 1 DAGs
[2024-10-14T22:08:48.165+0000] {logging_mixin.py:188} INFO - [2024-10-14T22:08:48.165+0000] {dag.py:3823} INFO - Setting next_dagrun for tutorial to 2024-10-13 00:00:00+00:00, run_after=2024-10-14 00:00:00+00:00
[2024-10-14T22:08:48.181+0000] {processor.py:183} INFO - Processing /home/airflow/.local/lib/python3.8/site-packages/airflow/example_dags/tutorial.py took 0.055 seconds
[2024-10-14T22:09:18.263+0000] {processor.py:161} INFO - Started process (PID=1715) to work on /home/airflow/.local/lib/python3.8/site-packages/airflow/example_dags/tutorial.py
[2024-10-14T22:09:18.264+0000] {processor.py:830} INFO - Processing file /home/airflow/.local/lib/python3.8/site-packages/airflow/example_dags/tutorial.py for tasks to queue
[2024-10-14T22:09:18.265+0000] {logging_mixin.py:188} INFO - [2024-10-14T22:09:18.265+0000] {dagbag.py:538} INFO - Filling up the DagBag from /home/airflow/.local/lib/python3.8/site-packages/airflow/example_dags/tutorial.py
[2024-10-14T22:09:18.270+0000] {processor.py:840} INFO - DAG(s) 'tutorial' retrieved from /home/airflow/.local/lib/python3.8/site-packages/airflow/example_dags/tutorial.py
[2024-10-14T22:09:18.285+0000] {logging_mixin.py:188} INFO - [2024-10-14T22:09:18.285+0000] {dag.py:3036} INFO - Sync 1 DAGs
[2024-10-14T22:09:18.302+0000] {logging_mixin.py:188} INFO - [2024-10-14T22:09:18.302+0000] {dag.py:3823} INFO - Setting next_dagrun for tutorial to 2024-10-13 00:00:00+00:00, run_after=2024-10-14 00:00:00+00:00
[2024-10-14T22:09:18.318+0000] {processor.py:183} INFO - Processing /home/airflow/.local/lib/python3.8/site-packages/airflow/example_dags/tutorial.py took 0.058 seconds
