[2024-10-14T21:22:22.174+0000] {taskinstance.py:1956} INFO - Dependencies all met for dep_context=non-requeueable deps ti=<TaskInstance: dag_get_weather_data.Variables.set_paths scheduled__2024-10-14T20:00:00+00:00 [queued]>
[2024-10-14T21:22:22.179+0000] {taskinstance.py:1956} INFO - Dependencies all met for dep_context=requeueable deps ti=<TaskInstance: dag_get_weather_data.Variables.set_paths scheduled__2024-10-14T20:00:00+00:00 [queued]>
[2024-10-14T21:22:22.179+0000] {taskinstance.py:2170} INFO - Starting attempt 1 of 2
[2024-10-14T21:22:22.187+0000] {taskinstance.py:2191} INFO - Executing <Task(_PythonDecoratedOperator): Variables.set_paths> on 2024-10-14 20:00:00+00:00
[2024-10-14T21:22:22.194+0000] {standard_task_runner.py:60} INFO - Started process 230 to run task
[2024-10-14T21:22:22.196+0000] {standard_task_runner.py:87} INFO - Running: ['***', 'tasks', 'run', 'dag_get_weather_data', 'Variables.set_paths', 'scheduled__2024-10-14T20:00:00+00:00', '--job-id', '5', '--raw', '--subdir', 'DAGS_FOLDER/dag_get_weather.py', '--cfg-path', '/tmp/tmp72luog7j']
[2024-10-14T21:22:22.197+0000] {standard_task_runner.py:88} INFO - Job 5: Subtask Variables.set_paths
[2024-10-14T21:22:22.205+0000] {warnings.py:109} WARNING - /home/***/.local/lib/python3.8/site-packages/***/settings.py:194: DeprecationWarning: The sql_alchemy_conn option in [core] has been moved to the sql_alchemy_conn option in [database] - the old setting has been used, but please update your config.
  SQL_ALCHEMY_CONN = conf.get("database", "SQL_ALCHEMY_CONN")

[2024-10-14T21:22:22.227+0000] {task_command.py:423} INFO - Running <TaskInstance: dag_get_weather_data.Variables.set_paths scheduled__2024-10-14T20:00:00+00:00 [running]> on host cc88bfa9cc01
[2024-10-14T21:22:22.272+0000] {taskinstance.py:2480} INFO - Exporting env vars: AIRFLOW_CTX_DAG_OWNER='***' AIRFLOW_CTX_DAG_ID='dag_get_weather_data' AIRFLOW_CTX_TASK_ID='Variables.set_paths' AIRFLOW_CTX_EXECUTION_DATE='2024-10-14T20:00:00+00:00' AIRFLOW_CTX_TRY_NUMBER='1' AIRFLOW_CTX_DAG_RUN_ID='scheduled__2024-10-14T20:00:00+00:00'
[2024-10-14T21:22:22.277+0000] {crypto.py:82} WARNING - empty cryptography key - values will not be stored encrypted.
[2024-10-14T21:22:22.296+0000] {python.py:201} INFO - Done. Returned value was: None
[2024-10-14T21:22:22.305+0000] {taskinstance.py:1138} INFO - Marking task as SUCCESS. dag_id=dag_get_weather_data, task_id=Variables.set_paths, execution_date=20241014T200000, start_date=20241014T212222, end_date=20241014T212222
[2024-10-14T21:22:22.328+0000] {local_task_job_runner.py:234} INFO - Task exited with return code 0
[2024-10-14T21:22:22.352+0000] {taskinstance.py:3280} INFO - 1 downstream tasks scheduled from follow-on schedule check
[2024-10-14T21:51:20.719+0000] {taskinstance.py:1956} INFO - Dependencies all met for dep_context=non-requeueable deps ti=<TaskInstance: dag_get_weather_data.Variables.set_paths scheduled__2024-10-14T20:00:00+00:00 [queued]>
[2024-10-14T21:51:20.726+0000] {taskinstance.py:1956} INFO - Dependencies all met for dep_context=requeueable deps ti=<TaskInstance: dag_get_weather_data.Variables.set_paths scheduled__2024-10-14T20:00:00+00:00 [queued]>
[2024-10-14T21:51:20.727+0000] {taskinstance.py:2170} INFO - Starting attempt 1 of 2
[2024-10-14T21:51:20.737+0000] {taskinstance.py:2191} INFO - Executing <Task(_PythonDecoratedOperator): Variables.set_paths> on 2024-10-14 20:00:00+00:00
[2024-10-14T21:51:20.745+0000] {standard_task_runner.py:60} INFO - Started process 143 to run task
[2024-10-14T21:51:20.747+0000] {standard_task_runner.py:87} INFO - Running: ['***', 'tasks', 'run', 'dag_get_weather_data', 'Variables.set_paths', 'scheduled__2024-10-14T20:00:00+00:00', '--job-id', '4', '--raw', '--subdir', 'DAGS_FOLDER/dag_get_weather.py', '--cfg-path', '/tmp/tmpuzxtuv7d']
[2024-10-14T21:51:20.748+0000] {standard_task_runner.py:88} INFO - Job 4: Subtask Variables.set_paths
[2024-10-14T21:51:20.757+0000] {warnings.py:109} WARNING - /home/***/.local/lib/python3.8/site-packages/***/settings.py:194: DeprecationWarning: The sql_alchemy_conn option in [core] has been moved to the sql_alchemy_conn option in [database] - the old setting has been used, but please update your config.
  SQL_ALCHEMY_CONN = conf.get("database", "SQL_ALCHEMY_CONN")

[2024-10-14T21:51:20.780+0000] {task_command.py:423} INFO - Running <TaskInstance: dag_get_weather_data.Variables.set_paths scheduled__2024-10-14T20:00:00+00:00 [running]> on host fd92e3be397d
[2024-10-14T21:51:20.829+0000] {taskinstance.py:2480} INFO - Exporting env vars: AIRFLOW_CTX_DAG_OWNER='***' AIRFLOW_CTX_DAG_ID='dag_get_weather_data' AIRFLOW_CTX_TASK_ID='Variables.set_paths' AIRFLOW_CTX_EXECUTION_DATE='2024-10-14T20:00:00+00:00' AIRFLOW_CTX_TRY_NUMBER='1' AIRFLOW_CTX_DAG_RUN_ID='scheduled__2024-10-14T20:00:00+00:00'
[2024-10-14T21:51:20.834+0000] {crypto.py:82} WARNING - empty cryptography key - values will not be stored encrypted.
[2024-10-14T21:51:20.854+0000] {python.py:201} INFO - Done. Returned value was: None
[2024-10-14T21:51:20.860+0000] {taskinstance.py:1138} INFO - Marking task as SUCCESS. dag_id=dag_get_weather_data, task_id=Variables.set_paths, execution_date=20241014T200000, start_date=20241014T215120, end_date=20241014T215120
[2024-10-14T21:51:20.879+0000] {local_task_job_runner.py:234} INFO - Task exited with return code 0
[2024-10-14T21:51:20.901+0000] {taskinstance.py:3280} INFO - 1 downstream tasks scheduled from follow-on schedule check
[2024-10-14T21:59:24.817+0000] {taskinstance.py:1956} INFO - Dependencies all met for dep_context=non-requeueable deps ti=<TaskInstance: dag_get_weather_data.Variables.set_paths scheduled__2024-10-14T20:00:00+00:00 [queued]>
[2024-10-14T21:59:24.824+0000] {taskinstance.py:1956} INFO - Dependencies all met for dep_context=requeueable deps ti=<TaskInstance: dag_get_weather_data.Variables.set_paths scheduled__2024-10-14T20:00:00+00:00 [queued]>
[2024-10-14T21:59:24.824+0000] {taskinstance.py:2170} INFO - Starting attempt 1 of 2
[2024-10-14T21:59:24.833+0000] {taskinstance.py:2191} INFO - Executing <Task(_PythonDecoratedOperator): Variables.set_paths> on 2024-10-14 20:00:00+00:00
[2024-10-14T21:59:24.844+0000] {standard_task_runner.py:60} INFO - Started process 151 to run task
[2024-10-14T21:59:24.846+0000] {standard_task_runner.py:87} INFO - Running: ['***', 'tasks', 'run', 'dag_get_weather_data', 'Variables.set_paths', 'scheduled__2024-10-14T20:00:00+00:00', '--job-id', '4', '--raw', '--subdir', 'DAGS_FOLDER/dag_get_weather.py', '--cfg-path', '/tmp/tmpqghtmfpx']
[2024-10-14T21:59:24.847+0000] {standard_task_runner.py:88} INFO - Job 4: Subtask Variables.set_paths
[2024-10-14T21:59:24.857+0000] {warnings.py:109} WARNING - /home/***/.local/lib/python3.8/site-packages/***/settings.py:194: DeprecationWarning: The sql_alchemy_conn option in [core] has been moved to the sql_alchemy_conn option in [database] - the old setting has been used, but please update your config.
  SQL_ALCHEMY_CONN = conf.get("database", "SQL_ALCHEMY_CONN")

[2024-10-14T21:59:24.880+0000] {task_command.py:423} INFO - Running <TaskInstance: dag_get_weather_data.Variables.set_paths scheduled__2024-10-14T20:00:00+00:00 [running]> on host ee2b315f6b67
[2024-10-14T21:59:24.936+0000] {taskinstance.py:2480} INFO - Exporting env vars: AIRFLOW_CTX_DAG_OWNER='***' AIRFLOW_CTX_DAG_ID='dag_get_weather_data' AIRFLOW_CTX_TASK_ID='Variables.set_paths' AIRFLOW_CTX_EXECUTION_DATE='2024-10-14T20:00:00+00:00' AIRFLOW_CTX_TRY_NUMBER='1' AIRFLOW_CTX_DAG_RUN_ID='scheduled__2024-10-14T20:00:00+00:00'
[2024-10-14T21:59:24.941+0000] {crypto.py:82} WARNING - empty cryptography key - values will not be stored encrypted.
[2024-10-14T21:59:24.960+0000] {python.py:201} INFO - Done. Returned value was: None
[2024-10-14T21:59:24.967+0000] {taskinstance.py:1138} INFO - Marking task as SUCCESS. dag_id=dag_get_weather_data, task_id=Variables.set_paths, execution_date=20241014T200000, start_date=20241014T215924, end_date=20241014T215924
[2024-10-14T21:59:25.019+0000] {local_task_job_runner.py:234} INFO - Task exited with return code 0
[2024-10-14T21:59:25.041+0000] {taskinstance.py:3280} INFO - 1 downstream tasks scheduled from follow-on schedule check
