[2024-10-14T21:22:18.055+0000] {taskinstance.py:1956} INFO - Dependencies all met for dep_context=non-requeueable deps ti=<TaskInstance: dag_get_weather_data.Variables.set_cities scheduled__2024-10-14T20:00:00+00:00 [queued]>
[2024-10-14T21:22:18.064+0000] {taskinstance.py:1956} INFO - Dependencies all met for dep_context=requeueable deps ti=<TaskInstance: dag_get_weather_data.Variables.set_cities scheduled__2024-10-14T20:00:00+00:00 [queued]>
[2024-10-14T21:22:18.065+0000] {taskinstance.py:2170} INFO - Starting attempt 1 of 2
[2024-10-14T21:22:18.076+0000] {taskinstance.py:2191} INFO - Executing <Task(_PythonDecoratedOperator): Variables.set_cities> on 2024-10-14 20:00:00+00:00
[2024-10-14T21:22:18.087+0000] {standard_task_runner.py:60} INFO - Started process 202 to run task
[2024-10-14T21:22:18.092+0000] {standard_task_runner.py:87} INFO - Running: ['***', 'tasks', 'run', 'dag_get_weather_data', 'Variables.set_cities', 'scheduled__2024-10-14T20:00:00+00:00', '--job-id', '3', '--raw', '--subdir', 'DAGS_FOLDER/dag_get_weather.py', '--cfg-path', '/tmp/tmpp28v9nqd']
[2024-10-14T21:22:18.095+0000] {standard_task_runner.py:88} INFO - Job 3: Subtask Variables.set_cities
[2024-10-14T21:22:18.107+0000] {warnings.py:109} WARNING - /home/***/.local/lib/python3.8/site-packages/***/settings.py:194: DeprecationWarning: The sql_alchemy_conn option in [core] has been moved to the sql_alchemy_conn option in [database] - the old setting has been used, but please update your config.
  SQL_ALCHEMY_CONN = conf.get("database", "SQL_ALCHEMY_CONN")

[2024-10-14T21:22:18.133+0000] {task_command.py:423} INFO - Running <TaskInstance: dag_get_weather_data.Variables.set_cities scheduled__2024-10-14T20:00:00+00:00 [running]> on host cc88bfa9cc01
[2024-10-14T21:22:18.192+0000] {taskinstance.py:2480} INFO - Exporting env vars: AIRFLOW_CTX_DAG_OWNER='***' AIRFLOW_CTX_DAG_ID='dag_get_weather_data' AIRFLOW_CTX_TASK_ID='Variables.set_cities' AIRFLOW_CTX_EXECUTION_DATE='2024-10-14T20:00:00+00:00' AIRFLOW_CTX_TRY_NUMBER='1' AIRFLOW_CTX_DAG_RUN_ID='scheduled__2024-10-14T20:00:00+00:00'
[2024-10-14T21:22:18.198+0000] {crypto.py:82} WARNING - empty cryptography key - values will not be stored encrypted.
[2024-10-14T21:22:18.201+0000] {python.py:201} INFO - Done. Returned value was: None
[2024-10-14T21:22:18.208+0000] {taskinstance.py:1138} INFO - Marking task as SUCCESS. dag_id=dag_get_weather_data, task_id=Variables.set_cities, execution_date=20241014T200000, start_date=20241014T212218, end_date=20241014T212218
[2024-10-14T21:22:18.265+0000] {local_task_job_runner.py:234} INFO - Task exited with return code 0
[2024-10-14T21:22:18.289+0000] {taskinstance.py:3280} INFO - 1 downstream tasks scheduled from follow-on schedule check
[2024-10-14T21:51:17.411+0000] {taskinstance.py:1956} INFO - Dependencies all met for dep_context=non-requeueable deps ti=<TaskInstance: dag_get_weather_data.Variables.set_cities scheduled__2024-10-14T20:00:00+00:00 [queued]>
[2024-10-14T21:51:17.420+0000] {taskinstance.py:1956} INFO - Dependencies all met for dep_context=requeueable deps ti=<TaskInstance: dag_get_weather_data.Variables.set_cities scheduled__2024-10-14T20:00:00+00:00 [queued]>
[2024-10-14T21:51:17.420+0000] {taskinstance.py:2170} INFO - Starting attempt 1 of 2
[2024-10-14T21:51:17.429+0000] {taskinstance.py:2191} INFO - Executing <Task(_PythonDecoratedOperator): Variables.set_cities> on 2024-10-14 20:00:00+00:00
[2024-10-14T21:51:17.440+0000] {standard_task_runner.py:60} INFO - Started process 123 to run task
[2024-10-14T21:51:17.442+0000] {standard_task_runner.py:87} INFO - Running: ['***', 'tasks', 'run', 'dag_get_weather_data', 'Variables.set_cities', 'scheduled__2024-10-14T20:00:00+00:00', '--job-id', '2', '--raw', '--subdir', 'DAGS_FOLDER/dag_get_weather.py', '--cfg-path', '/tmp/tmparov__zm']
[2024-10-14T21:51:17.443+0000] {standard_task_runner.py:88} INFO - Job 2: Subtask Variables.set_cities
[2024-10-14T21:51:17.455+0000] {warnings.py:109} WARNING - /home/***/.local/lib/python3.8/site-packages/***/settings.py:194: DeprecationWarning: The sql_alchemy_conn option in [core] has been moved to the sql_alchemy_conn option in [database] - the old setting has been used, but please update your config.
  SQL_ALCHEMY_CONN = conf.get("database", "SQL_ALCHEMY_CONN")

[2024-10-14T21:51:17.488+0000] {task_command.py:423} INFO - Running <TaskInstance: dag_get_weather_data.Variables.set_cities scheduled__2024-10-14T20:00:00+00:00 [running]> on host fd92e3be397d
[2024-10-14T21:51:17.544+0000] {taskinstance.py:2480} INFO - Exporting env vars: AIRFLOW_CTX_DAG_OWNER='***' AIRFLOW_CTX_DAG_ID='dag_get_weather_data' AIRFLOW_CTX_TASK_ID='Variables.set_cities' AIRFLOW_CTX_EXECUTION_DATE='2024-10-14T20:00:00+00:00' AIRFLOW_CTX_TRY_NUMBER='1' AIRFLOW_CTX_DAG_RUN_ID='scheduled__2024-10-14T20:00:00+00:00'
[2024-10-14T21:51:17.553+0000] {crypto.py:82} WARNING - empty cryptography key - values will not be stored encrypted.
[2024-10-14T21:51:17.556+0000] {python.py:201} INFO - Done. Returned value was: None
[2024-10-14T21:51:17.562+0000] {taskinstance.py:1138} INFO - Marking task as SUCCESS. dag_id=dag_get_weather_data, task_id=Variables.set_cities, execution_date=20241014T200000, start_date=20241014T215117, end_date=20241014T215117
[2024-10-14T21:51:17.615+0000] {local_task_job_runner.py:234} INFO - Task exited with return code 0
[2024-10-14T21:51:17.655+0000] {taskinstance.py:3280} INFO - 1 downstream tasks scheduled from follow-on schedule check
[2024-10-14T21:59:20.680+0000] {taskinstance.py:1956} INFO - Dependencies all met for dep_context=non-requeueable deps ti=<TaskInstance: dag_get_weather_data.Variables.set_cities scheduled__2024-10-14T20:00:00+00:00 [queued]>
[2024-10-14T21:59:20.690+0000] {taskinstance.py:1956} INFO - Dependencies all met for dep_context=requeueable deps ti=<TaskInstance: dag_get_weather_data.Variables.set_cities scheduled__2024-10-14T20:00:00+00:00 [queued]>
[2024-10-14T21:59:20.690+0000] {taskinstance.py:2170} INFO - Starting attempt 1 of 2
[2024-10-14T21:59:20.698+0000] {taskinstance.py:2191} INFO - Executing <Task(_PythonDecoratedOperator): Variables.set_cities> on 2024-10-14 20:00:00+00:00
[2024-10-14T21:59:20.710+0000] {standard_task_runner.py:60} INFO - Started process 123 to run task
[2024-10-14T21:59:20.712+0000] {standard_task_runner.py:87} INFO - Running: ['***', 'tasks', 'run', 'dag_get_weather_data', 'Variables.set_cities', 'scheduled__2024-10-14T20:00:00+00:00', '--job-id', '2', '--raw', '--subdir', 'DAGS_FOLDER/dag_get_weather.py', '--cfg-path', '/tmp/tmp99n_jc3z']
[2024-10-14T21:59:20.713+0000] {standard_task_runner.py:88} INFO - Job 2: Subtask Variables.set_cities
[2024-10-14T21:59:20.726+0000] {warnings.py:109} WARNING - /home/***/.local/lib/python3.8/site-packages/***/settings.py:194: DeprecationWarning: The sql_alchemy_conn option in [core] has been moved to the sql_alchemy_conn option in [database] - the old setting has been used, but please update your config.
  SQL_ALCHEMY_CONN = conf.get("database", "SQL_ALCHEMY_CONN")

[2024-10-14T21:59:20.758+0000] {task_command.py:423} INFO - Running <TaskInstance: dag_get_weather_data.Variables.set_cities scheduled__2024-10-14T20:00:00+00:00 [running]> on host ee2b315f6b67
[2024-10-14T21:59:20.820+0000] {taskinstance.py:2480} INFO - Exporting env vars: AIRFLOW_CTX_DAG_OWNER='***' AIRFLOW_CTX_DAG_ID='dag_get_weather_data' AIRFLOW_CTX_TASK_ID='Variables.set_cities' AIRFLOW_CTX_EXECUTION_DATE='2024-10-14T20:00:00+00:00' AIRFLOW_CTX_TRY_NUMBER='1' AIRFLOW_CTX_DAG_RUN_ID='scheduled__2024-10-14T20:00:00+00:00'
[2024-10-14T21:59:20.828+0000] {crypto.py:82} WARNING - empty cryptography key - values will not be stored encrypted.
[2024-10-14T21:59:20.831+0000] {python.py:201} INFO - Done. Returned value was: None
[2024-10-14T21:59:20.844+0000] {taskinstance.py:1138} INFO - Marking task as SUCCESS. dag_id=dag_get_weather_data, task_id=Variables.set_cities, execution_date=20241014T200000, start_date=20241014T215920, end_date=20241014T215920
[2024-10-14T21:59:20.885+0000] {local_task_job_runner.py:234} INFO - Task exited with return code 0
[2024-10-14T21:59:20.928+0000] {taskinstance.py:3280} INFO - 1 downstream tasks scheduled from follow-on schedule check
